[0.073s] Invoking command in '/home/osawakousei/ros2_ws/src/cpp_server_client/build/cpp_server_client': CMAKE_PREFIX_PATH=${CMAKE_PREFIX_PATH}:/opt/ros/humble /usr/bin/cmake --build /home/osawakousei/ros2_ws/src/cpp_server_client/build/cpp_server_client -- -j8 -l8
[0.269s] [  5%] Built target cpp_server_client__cpp
[0.269s] [ 11%] Built target cpp_server_client__rosidl_generator_c
[0.314s] [ 11%] Built target ament_cmake_python_copy_cpp_server_client
[0.345s] [ 20%] Built target cpp_server_client__rosidl_typesupport_introspection_cpp
[0.350s] [ 28%] Built target cpp_server_client__rosidl_typesupport_introspection_c
[0.361s] [ 37%] Built target cpp_server_client__rosidl_typesupport_c
[0.363s] [ 45%] Built target cpp_server_client__rosidl_typesupport_fastrtps_c
[0.373s] [ 54%] Built target cpp_server_client__rosidl_typesupport_fastrtps_cpp
[0.406s] [ 62%] Built target cpp_server_client__rosidl_typesupport_cpp
[0.478s] [ 62%] Built target cpp_server_client
[0.508s] [ 68%] Built target practice_server_node
[0.525s] [ 74%] Built target practice_client_node
[0.563s] [ 77%] Built target cpp_server_client__py
[0.664s] [ 82%] Built target cpp_server_client__rosidl_generator_py
[0.759s] [ 88%] Built target cpp_server_client__rosidl_typesupport_fastrtps_c__pyext
[0.766s] [ 94%] Built target cpp_server_client__rosidl_typesupport_introspection_c__pyext
[0.771s] [100%] Built target cpp_server_client__rosidl_typesupport_c__pyext
[1.172s] running egg_info
[1.172s] writing cpp_server_client.egg-info/PKG-INFO
[1.173s] writing dependency_links to cpp_server_client.egg-info/dependency_links.txt
[1.173s] writing top-level names to cpp_server_client.egg-info/top_level.txt
[1.183s] reading manifest file 'cpp_server_client.egg-info/SOURCES.txt'
[1.184s] writing manifest file 'cpp_server_client.egg-info/SOURCES.txt'
[1.278s] [100%] Built target ament_cmake_python_build_cpp_server_client_egg
[1.332s] Invoked command in '/home/osawakousei/ros2_ws/src/cpp_server_client/build/cpp_server_client' returned '0': CMAKE_PREFIX_PATH=${CMAKE_PREFIX_PATH}:/opt/ros/humble /usr/bin/cmake --build /home/osawakousei/ros2_ws/src/cpp_server_client/build/cpp_server_client -- -j8 -l8
[2.006s] Invoking command in '/home/osawakousei/ros2_ws/src/cpp_server_client/build/cpp_server_client': CMAKE_PREFIX_PATH=${CMAKE_PREFIX_PATH}:/opt/ros/humble /usr/bin/cmake --install /home/osawakousei/ros2_ws/src/cpp_server_client/build/cpp_server_client
[2.042s] -- Install configuration: ""
[2.043s] -- Up-to-date: /home/osawakousei/ros2_ws/src/cpp_server_client/install/cpp_server_client/share/ament_index/resource_index/rosidl_interfaces/cpp_server_client
[2.043s] -- Up-to-date: /home/osawakousei/ros2_ws/src/cpp_server_client/install/cpp_server_client/include/cpp_server_client/cpp_server_client
[2.044s] -- Up-to-date: /home/osawakousei/ros2_ws/src/cpp_server_client/install/cpp_server_client/include/cpp_server_client/cpp_server_client/srv
[2.045s] -- Up-to-date: /home/osawakousei/ros2_ws/src/cpp_server_client/install/cpp_server_client/include/cpp_server_client/cpp_server_client/srv/practice_srv.h
[2.045s] -- Up-to-date: /home/osawakousei/ros2_ws/src/cpp_server_client/install/cpp_server_client/include/cpp_server_client/cpp_server_client/srv/detail
[2.045s] -- Up-to-date: /home/osawakousei/ros2_ws/src/cpp_server_client/install/cpp_server_client/include/cpp_server_client/cpp_server_client/srv/detail/practice_srv__struct.h
[2.045s] -- Up-to-date: /home/osawakousei/ros2_ws/src/cpp_server_client/install/cpp_server_client/include/cpp_server_client/cpp_server_client/srv/detail/practice_srv__functions.c
[2.046s] -- Up-to-date: /home/osawakousei/ros2_ws/src/cpp_server_client/install/cpp_server_client/include/cpp_server_client/cpp_server_client/srv/detail/practice_srv__functions.h
[2.047s] -- Up-to-date: /home/osawakousei/ros2_ws/src/cpp_server_client/install/cpp_server_client/include/cpp_server_client/cpp_server_client/srv/detail/practice_srv__type_support.h
[2.047s] -- Up-to-date: /home/osawakousei/ros2_ws/src/cpp_server_client/install/cpp_server_client/include/cpp_server_client/cpp_server_client/msg
[2.048s] -- Up-to-date: /home/osawakousei/ros2_ws/src/cpp_server_client/install/cpp_server_client/include/cpp_server_client/cpp_server_client/msg/rosidl_generator_c__visibility_control.h
[2.048s] -- Up-to-date: /home/osawakousei/ros2_ws/src/cpp_server_client/install/cpp_server_client/share/cpp_server_client/environment/library_path.sh
[2.048s] -- Up-to-date: /home/osawakousei/ros2_ws/src/cpp_server_client/install/cpp_server_client/share/cpp_server_client/environment/library_path.dsv
[2.049s] -- Up-to-date: /home/osawakousei/ros2_ws/src/cpp_server_client/install/cpp_server_client/lib/libcpp_server_client__rosidl_generator_c.so
[2.049s] -- Up-to-date: /home/osawakousei/ros2_ws/src/cpp_server_client/install/cpp_server_client/include/cpp_server_client/cpp_server_client
[2.049s] -- Up-to-date: /home/osawakousei/ros2_ws/src/cpp_server_client/install/cpp_server_client/include/cpp_server_client/cpp_server_client/srv
[2.050s] -- Up-to-date: /home/osawakousei/ros2_ws/src/cpp_server_client/install/cpp_server_client/include/cpp_server_client/cpp_server_client/srv/detail
[2.050s] -- Up-to-date: /home/osawakousei/ros2_ws/src/cpp_server_client/install/cpp_server_client/include/cpp_server_client/cpp_server_client/srv/detail/practice_srv__rosidl_typesupport_fastrtps_c.h
[2.051s] -- Up-to-date: /home/osawakousei/ros2_ws/src/cpp_server_client/install/cpp_server_client/include/cpp_server_client/cpp_server_client/msg
[2.052s] -- Up-to-date: /home/osawakousei/ros2_ws/src/cpp_server_client/install/cpp_server_client/include/cpp_server_client/cpp_server_client/msg/rosidl_typesupport_fastrtps_c__visibility_control.h
[2.053s] -- Up-to-date: /home/osawakousei/ros2_ws/src/cpp_server_client/install/cpp_server_client/lib/libcpp_server_client__rosidl_typesupport_fastrtps_c.so
[2.053s] -- Up-to-date: /home/osawakousei/ros2_ws/src/cpp_server_client/install/cpp_server_client/include/cpp_server_client/cpp_server_client
[2.053s] -- Up-to-date: /home/osawakousei/ros2_ws/src/cpp_server_client/install/cpp_server_client/include/cpp_server_client/cpp_server_client/srv
[2.053s] -- Up-to-date: /home/osawakousei/ros2_ws/src/cpp_server_client/install/cpp_server_client/include/cpp_server_client/cpp_server_client/srv/detail
[2.054s] -- Up-to-date: /home/osawakousei/ros2_ws/src/cpp_server_client/install/cpp_server_client/include/cpp_server_client/cpp_server_client/srv/detail/practice_srv__traits.hpp
[2.054s] -- Up-to-date: /home/osawakousei/ros2_ws/src/cpp_server_client/install/cpp_server_client/include/cpp_server_client/cpp_server_client/srv/detail/practice_srv__struct.hpp
[2.054s] -- Up-to-date: /home/osawakousei/ros2_ws/src/cpp_server_client/install/cpp_server_client/include/cpp_server_client/cpp_server_client/srv/detail/practice_srv__builder.hpp
[2.055s] -- Up-to-date: /home/osawakousei/ros2_ws/src/cpp_server_client/install/cpp_server_client/include/cpp_server_client/cpp_server_client/srv/practice_srv.hpp
[2.055s] -- Up-to-date: /home/osawakousei/ros2_ws/src/cpp_server_client/install/cpp_server_client/include/cpp_server_client/cpp_server_client
[2.056s] -- Up-to-date: /home/osawakousei/ros2_ws/src/cpp_server_client/install/cpp_server_client/include/cpp_server_client/cpp_server_client/srv
[2.057s] -- Up-to-date: /home/osawakousei/ros2_ws/src/cpp_server_client/install/cpp_server_client/include/cpp_server_client/cpp_server_client/srv/detail
[2.057s] -- Up-to-date: /home/osawakousei/ros2_ws/src/cpp_server_client/install/cpp_server_client/include/cpp_server_client/cpp_server_client/srv/detail/practice_srv__rosidl_typesupport_fastrtps_cpp.hpp
[2.058s] -- Up-to-date: /home/osawakousei/ros2_ws/src/cpp_server_client/install/cpp_server_client/include/cpp_server_client/cpp_server_client/srv/detail/dds_fastrtps
[2.058s] -- Up-to-date: /home/osawakousei/ros2_ws/src/cpp_server_client/install/cpp_server_client/include/cpp_server_client/cpp_server_client/msg
[2.058s] -- Up-to-date: /home/osawakousei/ros2_ws/src/cpp_server_client/install/cpp_server_client/include/cpp_server_client/cpp_server_client/msg/rosidl_typesupport_fastrtps_cpp__visibility_control.h
[2.059s] -- Up-to-date: /home/osawakousei/ros2_ws/src/cpp_server_client/install/cpp_server_client/lib/libcpp_server_client__rosidl_typesupport_fastrtps_cpp.so
[2.059s] -- Up-to-date: /home/osawakousei/ros2_ws/src/cpp_server_client/install/cpp_server_client/include/cpp_server_client/cpp_server_client
[2.060s] -- Up-to-date: /home/osawakousei/ros2_ws/src/cpp_server_client/install/cpp_server_client/include/cpp_server_client/cpp_server_client/srv
[2.061s] -- Up-to-date: /home/osawakousei/ros2_ws/src/cpp_server_client/install/cpp_server_client/include/cpp_server_client/cpp_server_client/srv/detail
[2.062s] -- Up-to-date: /home/osawakousei/ros2_ws/src/cpp_server_client/install/cpp_server_client/include/cpp_server_client/cpp_server_client/srv/detail/practice_srv__type_support.c
[2.062s] -- Up-to-date: /home/osawakousei/ros2_ws/src/cpp_server_client/install/cpp_server_client/include/cpp_server_client/cpp_server_client/srv/detail/practice_srv__rosidl_typesupport_introspection_c.h
[2.063s] -- Up-to-date: /home/osawakousei/ros2_ws/src/cpp_server_client/install/cpp_server_client/include/cpp_server_client/cpp_server_client/msg
[2.063s] -- Up-to-date: /home/osawakousei/ros2_ws/src/cpp_server_client/install/cpp_server_client/include/cpp_server_client/cpp_server_client/msg/rosidl_typesupport_introspection_c__visibility_control.h
[2.063s] -- Up-to-date: /home/osawakousei/ros2_ws/src/cpp_server_client/install/cpp_server_client/lib/libcpp_server_client__rosidl_typesupport_introspection_c.so
[2.064s] -- Up-to-date: /home/osawakousei/ros2_ws/src/cpp_server_client/install/cpp_server_client/lib/libcpp_server_client__rosidl_typesupport_c.so
[2.064s] -- Up-to-date: /home/osawakousei/ros2_ws/src/cpp_server_client/install/cpp_server_client/include/cpp_server_client/cpp_server_client
[2.064s] -- Up-to-date: /home/osawakousei/ros2_ws/src/cpp_server_client/install/cpp_server_client/include/cpp_server_client/cpp_server_client/srv
[2.065s] -- Up-to-date: /home/osawakousei/ros2_ws/src/cpp_server_client/install/cpp_server_client/include/cpp_server_client/cpp_server_client/srv/detail
[2.065s] -- Up-to-date: /home/osawakousei/ros2_ws/src/cpp_server_client/install/cpp_server_client/include/cpp_server_client/cpp_server_client/srv/detail/practice_srv__rosidl_typesupport_introspection_cpp.hpp
[2.065s] -- Up-to-date: /home/osawakousei/ros2_ws/src/cpp_server_client/install/cpp_server_client/include/cpp_server_client/cpp_server_client/srv/detail/practice_srv__type_support.cpp
[2.066s] -- Up-to-date: /home/osawakousei/ros2_ws/src/cpp_server_client/install/cpp_server_client/lib/libcpp_server_client__rosidl_typesupport_introspection_cpp.so
[2.067s] -- Up-to-date: /home/osawakousei/ros2_ws/src/cpp_server_client/install/cpp_server_client/lib/libcpp_server_client__rosidl_typesupport_cpp.so
[2.067s] -- Up-to-date: /home/osawakousei/ros2_ws/src/cpp_server_client/install/cpp_server_client/share/cpp_server_client/environment/pythonpath.sh
[2.067s] -- Up-to-date: /home/osawakousei/ros2_ws/src/cpp_server_client/install/cpp_server_client/share/cpp_server_client/environment/pythonpath.dsv
[2.068s] -- Up-to-date: /home/osawakousei/ros2_ws/src/cpp_server_client/install/cpp_server_client/local/lib/python3.10/dist-packages/cpp_server_client-0.0.0-py3.10.egg-info
[2.068s] -- Installing: /home/osawakousei/ros2_ws/src/cpp_server_client/install/cpp_server_client/local/lib/python3.10/dist-packages/cpp_server_client-0.0.0-py3.10.egg-info/top_level.txt
[2.069s] -- Installing: /home/osawakousei/ros2_ws/src/cpp_server_client/install/cpp_server_client/local/lib/python3.10/dist-packages/cpp_server_client-0.0.0-py3.10.egg-info/SOURCES.txt
[2.069s] -- Installing: /home/osawakousei/ros2_ws/src/cpp_server_client/install/cpp_server_client/local/lib/python3.10/dist-packages/cpp_server_client-0.0.0-py3.10.egg-info/dependency_links.txt
[2.070s] -- Installing: /home/osawakousei/ros2_ws/src/cpp_server_client/install/cpp_server_client/local/lib/python3.10/dist-packages/cpp_server_client-0.0.0-py3.10.egg-info/PKG-INFO
[2.071s] -- Up-to-date: /home/osawakousei/ros2_ws/src/cpp_server_client/install/cpp_server_client/local/lib/python3.10/dist-packages/cpp_server_client
[2.071s] -- Up-to-date: /home/osawakousei/ros2_ws/src/cpp_server_client/install/cpp_server_client/local/lib/python3.10/dist-packages/cpp_server_client/cpp_server_client_s__rosidl_typesupport_c.cpython-310-x86_64-linux-gnu.so
[2.072s] -- Up-to-date: /home/osawakousei/ros2_ws/src/cpp_server_client/install/cpp_server_client/local/lib/python3.10/dist-packages/cpp_server_client/_cpp_server_client_s.ep.rosidl_typesupport_c.c
[2.072s] -- Up-to-date: /home/osawakousei/ros2_ws/src/cpp_server_client/install/cpp_server_client/local/lib/python3.10/dist-packages/cpp_server_client/srv
[2.073s] -- Up-to-date: /home/osawakousei/ros2_ws/src/cpp_server_client/install/cpp_server_client/local/lib/python3.10/dist-packages/cpp_server_client/srv/_practice_srv.py
[2.073s] -- Up-to-date: /home/osawakousei/ros2_ws/src/cpp_server_client/install/cpp_server_client/local/lib/python3.10/dist-packages/cpp_server_client/srv/__init__.py
[2.073s] -- Up-to-date: /home/osawakousei/ros2_ws/src/cpp_server_client/install/cpp_server_client/local/lib/python3.10/dist-packages/cpp_server_client/srv/_practice_srv_s.c
[2.073s] -- Up-to-date: /home/osawakousei/ros2_ws/src/cpp_server_client/install/cpp_server_client/local/lib/python3.10/dist-packages/cpp_server_client/libcpp_server_client__rosidl_generator_py.so
[2.074s] -- Up-to-date: /home/osawakousei/ros2_ws/src/cpp_server_client/install/cpp_server_client/local/lib/python3.10/dist-packages/cpp_server_client/cpp_server_client_s__rosidl_typesupport_fastrtps_c.cpython-310-x86_64-linux-gnu.so
[2.074s] -- Up-to-date: /home/osawakousei/ros2_ws/src/cpp_server_client/install/cpp_server_client/local/lib/python3.10/dist-packages/cpp_server_client/cpp_server_client_s__rosidl_typesupport_introspection_c.cpython-310-x86_64-linux-gnu.so
[2.074s] -- Up-to-date: /home/osawakousei/ros2_ws/src/cpp_server_client/install/cpp_server_client/local/lib/python3.10/dist-packages/cpp_server_client/__init__.py
[2.075s] -- Up-to-date: /home/osawakousei/ros2_ws/src/cpp_server_client/install/cpp_server_client/local/lib/python3.10/dist-packages/cpp_server_client/_cpp_server_client_s.ep.rosidl_typesupport_introspection_c.c
[2.077s] -- Up-to-date: /home/osawakousei/ros2_ws/src/cpp_server_client/install/cpp_server_client/local/lib/python3.10/dist-packages/cpp_server_client/_cpp_server_client_s.ep.rosidl_typesupport_fastrtps_c.c
[2.195s] Listing '/home/osawakousei/ros2_ws/src/cpp_server_client/install/cpp_server_client/local/lib/python3.10/dist-packages/cpp_server_client'...
[2.195s] Listing '/home/osawakousei/ros2_ws/src/cpp_server_client/install/cpp_server_client/local/lib/python3.10/dist-packages/cpp_server_client/srv'...
[2.207s] -- Up-to-date: /home/osawakousei/ros2_ws/src/cpp_server_client/install/cpp_server_client/local/lib/python3.10/dist-packages/cpp_server_client/cpp_server_client_s__rosidl_typesupport_fastrtps_c.cpython-310-x86_64-linux-gnu.so
[2.208s] -- Up-to-date: /home/osawakousei/ros2_ws/src/cpp_server_client/install/cpp_server_client/local/lib/python3.10/dist-packages/cpp_server_client/cpp_server_client_s__rosidl_typesupport_introspection_c.cpython-310-x86_64-linux-gnu.so
[2.210s] -- Up-to-date: /home/osawakousei/ros2_ws/src/cpp_server_client/install/cpp_server_client/local/lib/python3.10/dist-packages/cpp_server_client/cpp_server_client_s__rosidl_typesupport_c.cpython-310-x86_64-linux-gnu.so
[2.212s] -- Up-to-date: /home/osawakousei/ros2_ws/src/cpp_server_client/install/cpp_server_client/lib/libcpp_server_client__rosidl_generator_py.so
[2.213s] -- Up-to-date: /home/osawakousei/ros2_ws/src/cpp_server_client/install/cpp_server_client/share/cpp_server_client/srv/PracticeSrv.idl
[2.214s] -- Up-to-date: /home/osawakousei/ros2_ws/src/cpp_server_client/install/cpp_server_client/share/cpp_server_client/srv/PracticeSrv.srv
[2.214s] -- Up-to-date: /home/osawakousei/ros2_ws/src/cpp_server_client/install/cpp_server_client/share/cpp_server_client/srv/PracticeSrv_Request.msg
[2.215s] -- Up-to-date: /home/osawakousei/ros2_ws/src/cpp_server_client/install/cpp_server_client/share/cpp_server_client/srv/PracticeSrv_Response.msg
[2.215s] -- Up-to-date: /home/osawakousei/ros2_ws/src/cpp_server_client/install/cpp_server_client/lib/cpp_server_client/practice_server_node
[2.217s] -- Up-to-date: /home/osawakousei/ros2_ws/src/cpp_server_client/install/cpp_server_client/lib/cpp_server_client/practice_client_node
[2.218s] -- Up-to-date: /home/osawakousei/ros2_ws/src/cpp_server_client/install/cpp_server_client/share/ament_index/resource_index/package_run_dependencies/cpp_server_client
[2.218s] -- Up-to-date: /home/osawakousei/ros2_ws/src/cpp_server_client/install/cpp_server_client/share/ament_index/resource_index/parent_prefix_path/cpp_server_client
[2.219s] -- Up-to-date: /home/osawakousei/ros2_ws/src/cpp_server_client/install/cpp_server_client/share/cpp_server_client/environment/ament_prefix_path.sh
[2.220s] -- Up-to-date: /home/osawakousei/ros2_ws/src/cpp_server_client/install/cpp_server_client/share/cpp_server_client/environment/ament_prefix_path.dsv
[2.221s] -- Up-to-date: /home/osawakousei/ros2_ws/src/cpp_server_client/install/cpp_server_client/share/cpp_server_client/environment/path.sh
[2.222s] -- Up-to-date: /home/osawakousei/ros2_ws/src/cpp_server_client/install/cpp_server_client/share/cpp_server_client/environment/path.dsv
[2.222s] -- Up-to-date: /home/osawakousei/ros2_ws/src/cpp_server_client/install/cpp_server_client/share/cpp_server_client/local_setup.bash
[2.223s] -- Up-to-date: /home/osawakousei/ros2_ws/src/cpp_server_client/install/cpp_server_client/share/cpp_server_client/local_setup.sh
[2.224s] -- Up-to-date: /home/osawakousei/ros2_ws/src/cpp_server_client/install/cpp_server_client/share/cpp_server_client/local_setup.zsh
[2.224s] -- Up-to-date: /home/osawakousei/ros2_ws/src/cpp_server_client/install/cpp_server_client/share/cpp_server_client/local_setup.dsv
[2.225s] -- Installing: /home/osawakousei/ros2_ws/src/cpp_server_client/install/cpp_server_client/share/cpp_server_client/package.dsv
[2.226s] -- Up-to-date: /home/osawakousei/ros2_ws/src/cpp_server_client/install/cpp_server_client/share/ament_index/resource_index/packages/cpp_server_client
[2.226s] -- Up-to-date: /home/osawakousei/ros2_ws/src/cpp_server_client/install/cpp_server_client/share/cpp_server_client/cmake/export_cpp_server_client__rosidl_generator_cExport.cmake
[2.227s] -- Up-to-date: /home/osawakousei/ros2_ws/src/cpp_server_client/install/cpp_server_client/share/cpp_server_client/cmake/export_cpp_server_client__rosidl_generator_cExport-noconfig.cmake
[2.228s] -- Up-to-date: /home/osawakousei/ros2_ws/src/cpp_server_client/install/cpp_server_client/share/cpp_server_client/cmake/export_cpp_server_client__rosidl_typesupport_fastrtps_cExport.cmake
[2.229s] -- Up-to-date: /home/osawakousei/ros2_ws/src/cpp_server_client/install/cpp_server_client/share/cpp_server_client/cmake/export_cpp_server_client__rosidl_typesupport_fastrtps_cExport-noconfig.cmake
[2.229s] -- Up-to-date: /home/osawakousei/ros2_ws/src/cpp_server_client/install/cpp_server_client/share/cpp_server_client/cmake/export_cpp_server_client__rosidl_generator_cppExport.cmake
[2.230s] -- Up-to-date: /home/osawakousei/ros2_ws/src/cpp_server_client/install/cpp_server_client/share/cpp_server_client/cmake/export_cpp_server_client__rosidl_typesupport_fastrtps_cppExport.cmake
[2.232s] -- Up-to-date: /home/osawakousei/ros2_ws/src/cpp_server_client/install/cpp_server_client/share/cpp_server_client/cmake/export_cpp_server_client__rosidl_typesupport_fastrtps_cppExport-noconfig.cmake
[2.233s] -- Up-to-date: /home/osawakousei/ros2_ws/src/cpp_server_client/install/cpp_server_client/share/cpp_server_client/cmake/cpp_server_client__rosidl_typesupport_introspection_cExport.cmake
[2.233s] -- Up-to-date: /home/osawakousei/ros2_ws/src/cpp_server_client/install/cpp_server_client/share/cpp_server_client/cmake/cpp_server_client__rosidl_typesupport_introspection_cExport-noconfig.cmake
[2.233s] -- Up-to-date: /home/osawakousei/ros2_ws/src/cpp_server_client/install/cpp_server_client/share/cpp_server_client/cmake/cpp_server_client__rosidl_typesupport_cExport.cmake
[2.233s] -- Up-to-date: /home/osawakousei/ros2_ws/src/cpp_server_client/install/cpp_server_client/share/cpp_server_client/cmake/cpp_server_client__rosidl_typesupport_cExport-noconfig.cmake
[2.234s] -- Up-to-date: /home/osawakousei/ros2_ws/src/cpp_server_client/install/cpp_server_client/share/cpp_server_client/cmake/cpp_server_client__rosidl_typesupport_introspection_cppExport.cmake
[2.234s] -- Up-to-date: /home/osawakousei/ros2_ws/src/cpp_server_client/install/cpp_server_client/share/cpp_server_client/cmake/cpp_server_client__rosidl_typesupport_introspection_cppExport-noconfig.cmake
[2.234s] -- Up-to-date: /home/osawakousei/ros2_ws/src/cpp_server_client/install/cpp_server_client/share/cpp_server_client/cmake/cpp_server_client__rosidl_typesupport_cppExport.cmake
[2.235s] -- Up-to-date: /home/osawakousei/ros2_ws/src/cpp_server_client/install/cpp_server_client/share/cpp_server_client/cmake/cpp_server_client__rosidl_typesupport_cppExport-noconfig.cmake
[2.235s] -- Up-to-date: /home/osawakousei/ros2_ws/src/cpp_server_client/install/cpp_server_client/share/cpp_server_client/cmake/export_cpp_server_client__rosidl_generator_pyExport.cmake
[2.235s] -- Up-to-date: /home/osawakousei/ros2_ws/src/cpp_server_client/install/cpp_server_client/share/cpp_server_client/cmake/export_cpp_server_client__rosidl_generator_pyExport-noconfig.cmake
[2.235s] -- Up-to-date: /home/osawakousei/ros2_ws/src/cpp_server_client/install/cpp_server_client/share/cpp_server_client/cmake/rosidl_cmake-extras.cmake
[2.236s] -- Up-to-date: /home/osawakousei/ros2_ws/src/cpp_server_client/install/cpp_server_client/share/cpp_server_client/cmake/ament_cmake_export_include_directories-extras.cmake
[2.236s] -- Up-to-date: /home/osawakousei/ros2_ws/src/cpp_server_client/install/cpp_server_client/share/cpp_server_client/cmake/ament_cmake_export_libraries-extras.cmake
[2.236s] -- Up-to-date: /home/osawakousei/ros2_ws/src/cpp_server_client/install/cpp_server_client/share/cpp_server_client/cmake/ament_cmake_export_targets-extras.cmake
[2.236s] -- Up-to-date: /home/osawakousei/ros2_ws/src/cpp_server_client/install/cpp_server_client/share/cpp_server_client/cmake/rosidl_cmake_export_typesupport_targets-extras.cmake
[2.237s] -- Up-to-date: /home/osawakousei/ros2_ws/src/cpp_server_client/install/cpp_server_client/share/cpp_server_client/cmake/ament_cmake_export_dependencies-extras.cmake
[2.238s] -- Up-to-date: /home/osawakousei/ros2_ws/src/cpp_server_client/install/cpp_server_client/share/cpp_server_client/cmake/rosidl_cmake_export_typesupport_libraries-extras.cmake
[2.241s] -- Up-to-date: /home/osawakousei/ros2_ws/src/cpp_server_client/install/cpp_server_client/share/cpp_server_client/cmake/cpp_server_clientConfig.cmake
[2.267s] -- Up-to-date: /home/osawakousei/ros2_ws/src/cpp_server_client/install/cpp_server_client/share/cpp_server_client/cmake/cpp_server_clientConfig-version.cmake
[2.268s] -- Up-to-date: /home/osawakousei/ros2_ws/src/cpp_server_client/install/cpp_server_client/share/cpp_server_client/package.xml
[2.268s] Invoked command in '/home/osawakousei/ros2_ws/src/cpp_server_client/build/cpp_server_client' returned '0': CMAKE_PREFIX_PATH=${CMAKE_PREFIX_PATH}:/opt/ros/humble /usr/bin/cmake --install /home/osawakousei/ros2_ws/src/cpp_server_client/build/cpp_server_client
