[0.729s] DEBUG:colcon:Command line arguments: ['/usr/bin/colcon', 'build']
[0.729s] DEBUG:colcon:Parsed command line arguments: Namespace(log_base=None, log_level=None, verb_name='build', build_base='build', install_base='install', merge_install=False, symlink_install=False, test_result_base=None, continue_on_error=False, executor='parallel', parallel_workers=8, event_handlers=None, ignore_user_meta=False, metas=['./colcon.meta'], base_paths=['.'], packages_ignore=None, packages_ignore_regex=None, paths=None, packages_up_to=None, packages_up_to_regex=None, packages_above=None, packages_above_and_dependencies=None, packages_above_depth=None, packages_select_by_dep=None, packages_skip_by_dep=None, packages_skip_up_to=None, packages_select_build_failed=False, packages_skip_build_finished=False, packages_select_test_failures=False, packages_skip_test_passed=False, packages_select=None, packages_skip=None, packages_select_regex=None, packages_skip_regex=None, packages_start=None, packages_end=None, allow_overriding=[], cmake_args=None, cmake_target=None, cmake_target_skip_unavailable=False, cmake_clean_cache=False, cmake_clean_first=False, cmake_force_configure=False, ament_cmake_args=None, catkin_cmake_args=None, catkin_skip_building_tests=False, verb_parser=<colcon_defaults.argument_parser.defaults.DefaultArgumentsDecorator object at 0x7fc3e5b90520>, verb_extension=<colcon_core.verb.build.BuildVerb object at 0x7fc3e632d180>, main=<bound method BuildVerb.main of <colcon_core.verb.build.BuildVerb object at 0x7fc3e632d180>>)
[0.800s] Level 1:colcon.colcon_core.package_discovery:discover_packages(colcon_meta) check parameters
[0.801s] Level 1:colcon.colcon_core.package_discovery:discover_packages(recursive) check parameters
[0.801s] Level 1:colcon.colcon_core.package_discovery:discover_packages(ignore) check parameters
[0.801s] Level 1:colcon.colcon_core.package_discovery:discover_packages(path) check parameters
[0.801s] Level 1:colcon.colcon_core.package_discovery:discover_packages(colcon_meta) discover
[0.801s] Level 1:colcon.colcon_core.package_discovery:discover_packages(recursive) discover
[0.801s] INFO:colcon.colcon_core.package_discovery:Crawling recursively for packages in '/home/osawakousei/ros2_ws/src/cpp_server_client'
[0.801s] Level 1:colcon.colcon_core.package_identification:_identify(.) by extensions ['ignore', 'ignore_ament_install']
[0.802s] Level 1:colcon.colcon_core.package_identification:_identify(.) by extension 'ignore'
[0.802s] Level 1:colcon.colcon_core.package_identification:_identify(.) by extension 'ignore_ament_install'
[0.802s] Level 1:colcon.colcon_core.package_identification:_identify(.) by extensions ['colcon_pkg']
[0.802s] Level 1:colcon.colcon_core.package_identification:_identify(.) by extension 'colcon_pkg'
[0.802s] Level 1:colcon.colcon_core.package_identification:_identify(.) by extensions ['colcon_meta']
[0.802s] Level 1:colcon.colcon_core.package_identification:_identify(.) by extension 'colcon_meta'
[0.802s] Level 1:colcon.colcon_core.package_identification:_identify(.) by extensions ['ros']
[0.802s] Level 1:colcon.colcon_core.package_identification:_identify(.) by extension 'ros'
[0.838s] DEBUG:colcon.colcon_core.package_identification:Package '.' with type 'ros.ament_cmake' and name 'cpp_server_client'
[0.838s] Level 1:colcon.colcon_core.package_discovery:discover_packages(recursive) using defaults
[0.838s] Level 1:colcon.colcon_core.package_discovery:discover_packages(ignore) discover
[0.838s] Level 1:colcon.colcon_core.package_discovery:discover_packages(ignore) using defaults
[0.838s] Level 1:colcon.colcon_core.package_discovery:discover_packages(path) discover
[0.838s] Level 1:colcon.colcon_core.package_discovery:discover_packages(path) using defaults
[0.891s] Level 1:colcon.colcon_core.package_discovery:discover_packages(prefix_path) check parameters
[0.891s] Level 1:colcon.colcon_core.package_discovery:discover_packages(prefix_path) discover
[0.900s] DEBUG:colcon.colcon_installed_package_information.package_discovery:Found 7 installed packages in /home/osawakousei/ros2_ws/install
[0.902s] DEBUG:colcon.colcon_installed_package_information.package_discovery:Found 1 installed packages in /home/osawakousei/ros2_ws/src/cpp_server_client/install
[0.905s] DEBUG:colcon.colcon_installed_package_information.package_discovery:Found 1 installed packages in /home/osawakousei/ros2_ws/src/cpp_topic_pubsub/install
[0.907s] DEBUG:colcon.colcon_installed_package_information.package_discovery:Found 1 installed packages in /home/osawakousei/ros2_ws/src/test_package/install
[0.909s] DEBUG:colcon.colcon_installed_package_information.package_discovery:Found 3 installed packages in /home/osawakousei/ros2_ws/uros_ws/install
[0.916s] DEBUG:colcon.colcon_installed_package_information.package_discovery:Found 329 installed packages in /opt/ros/humble
[0.919s] Level 1:colcon.colcon_core.package_discovery:discover_packages(prefix_path) using defaults
[1.086s] Level 5:colcon.colcon_core.verb:set package 'cpp_server_client' build argument 'cmake_args' from command line to 'None'
[1.087s] Level 5:colcon.colcon_core.verb:set package 'cpp_server_client' build argument 'cmake_target' from command line to 'None'
[1.087s] Level 5:colcon.colcon_core.verb:set package 'cpp_server_client' build argument 'cmake_target_skip_unavailable' from command line to 'False'
[1.087s] Level 5:colcon.colcon_core.verb:set package 'cpp_server_client' build argument 'cmake_clean_cache' from command line to 'False'
[1.087s] Level 5:colcon.colcon_core.verb:set package 'cpp_server_client' build argument 'cmake_clean_first' from command line to 'False'
[1.087s] Level 5:colcon.colcon_core.verb:set package 'cpp_server_client' build argument 'cmake_force_configure' from command line to 'False'
[1.087s] Level 5:colcon.colcon_core.verb:set package 'cpp_server_client' build argument 'ament_cmake_args' from command line to 'None'
[1.087s] Level 5:colcon.colcon_core.verb:set package 'cpp_server_client' build argument 'catkin_cmake_args' from command line to 'None'
[1.087s] Level 5:colcon.colcon_core.verb:set package 'cpp_server_client' build argument 'catkin_skip_building_tests' from command line to 'False'
[1.087s] DEBUG:colcon.colcon_core.verb:Building package 'cpp_server_client' with the following arguments: {'ament_cmake_args': None, 'build_base': '/home/osawakousei/ros2_ws/src/cpp_server_client/build/cpp_server_client', 'catkin_cmake_args': None, 'catkin_skip_building_tests': False, 'cmake_args': None, 'cmake_clean_cache': False, 'cmake_clean_first': False, 'cmake_force_configure': False, 'cmake_target': None, 'cmake_target_skip_unavailable': False, 'install_base': '/home/osawakousei/ros2_ws/src/cpp_server_client/install/cpp_server_client', 'merge_install': False, 'path': '/home/osawakousei/ros2_ws/src/cpp_server_client', 'symlink_install': False, 'test_result_base': None}
[1.089s] INFO:colcon.colcon_core.executor:Executing jobs using 'parallel' executor
[1.095s] DEBUG:colcon.colcon_parallel_executor.executor.parallel:run_until_complete
[1.096s] INFO:colcon.colcon_ros.task.ament_cmake.build:Building ROS package in '/home/osawakousei/ros2_ws/src/cpp_server_client' with build type 'ament_cmake'
[1.096s] INFO:colcon.colcon_cmake.task.cmake.build:Building CMake package in '/home/osawakousei/ros2_ws/src/cpp_server_client'
[1.107s] INFO:colcon.colcon_core.plugin_system:Skipping extension 'colcon_core.shell.bat': Not used on non-Windows systems
[1.107s] INFO:colcon.colcon_core.shell:Skip shell extension 'powershell' for command environment: Not usable outside of PowerShell
[1.107s] DEBUG:colcon.colcon_core.shell:Skip shell extension 'dsv' for command environment
[1.154s] DEBUG:colcon.colcon_core.event_handler.log_command:Invoking command in '/home/osawakousei/ros2_ws/src/cpp_server_client/build/cpp_server_client': CMAKE_PREFIX_PATH=${CMAKE_PREFIX_PATH}:/opt/ros/humble /usr/bin/cmake --build /home/osawakousei/ros2_ws/src/cpp_server_client/build/cpp_server_client -- -j8 -l8
[3.341s] DEBUG:colcon.colcon_core.event_handler.log_command:Invoked command in '/home/osawakousei/ros2_ws/src/cpp_server_client/build/cpp_server_client' returned '2': CMAKE_PREFIX_PATH=${CMAKE_PREFIX_PATH}:/opt/ros/humble /usr/bin/cmake --build /home/osawakousei/ros2_ws/src/cpp_server_client/build/cpp_server_client -- -j8 -l8
[3.681s] Level 1:colcon.colcon_core.environment:create_environment_scripts_only(cpp_server_client)
[3.691s] Level 1:colcon.colcon_core.environment:checking '/home/osawakousei/ros2_ws/src/cpp_server_client/install/cpp_server_client' for CMake module files
[3.693s] Level 1:colcon.colcon_core.environment:checking '/home/osawakousei/ros2_ws/src/cpp_server_client/install/cpp_server_client' for CMake config files
[3.694s] Level 1:colcon.colcon_core.shell:create_environment_hook('cpp_server_client', 'cmake_prefix_path')
[3.695s] INFO:colcon.colcon_core.shell:Creating environment hook '/home/osawakousei/ros2_ws/src/cpp_server_client/install/cpp_server_client/share/cpp_server_client/hook/cmake_prefix_path.ps1'
[3.696s] INFO:colcon.colcon_core.shell:Creating environment descriptor '/home/osawakousei/ros2_ws/src/cpp_server_client/install/cpp_server_client/share/cpp_server_client/hook/cmake_prefix_path.dsv'
[3.697s] INFO:colcon.colcon_core.shell:Creating environment hook '/home/osawakousei/ros2_ws/src/cpp_server_client/install/cpp_server_client/share/cpp_server_client/hook/cmake_prefix_path.sh'
[3.699s] Level 1:colcon.colcon_core.environment:checking '/home/osawakousei/ros2_ws/src/cpp_server_client/install/cpp_server_client/lib'
[3.699s] Level 1:colcon.colcon_core.shell:create_environment_hook('cpp_server_client', 'ld_library_path_lib')
[3.700s] INFO:colcon.colcon_core.shell:Creating environment hook '/home/osawakousei/ros2_ws/src/cpp_server_client/install/cpp_server_client/share/cpp_server_client/hook/ld_library_path_lib.ps1'
[3.701s] INFO:colcon.colcon_core.shell:Creating environment descriptor '/home/osawakousei/ros2_ws/src/cpp_server_client/install/cpp_server_client/share/cpp_server_client/hook/ld_library_path_lib.dsv'
[3.701s] INFO:colcon.colcon_core.shell:Creating environment hook '/home/osawakousei/ros2_ws/src/cpp_server_client/install/cpp_server_client/share/cpp_server_client/hook/ld_library_path_lib.sh'
[3.702s] Level 1:colcon.colcon_core.environment:checking '/home/osawakousei/ros2_ws/src/cpp_server_client/install/cpp_server_client/bin'
[3.702s] Level 1:colcon.colcon_core.environment:checking '/home/osawakousei/ros2_ws/src/cpp_server_client/install/cpp_server_client/lib/pkgconfig/cpp_server_client.pc'
[3.703s] Level 1:colcon.colcon_core.environment:checking '/home/osawakousei/ros2_ws/src/cpp_server_client/install/cpp_server_client/lib/python3.10/site-packages'
[3.703s] Level 1:colcon.colcon_core.environment:checking '/home/osawakousei/ros2_ws/src/cpp_server_client/install/cpp_server_client/bin'
[3.704s] INFO:colcon.colcon_core.shell:Creating package script '/home/osawakousei/ros2_ws/src/cpp_server_client/install/cpp_server_client/share/cpp_server_client/package.ps1'
[3.706s] INFO:colcon.colcon_core.shell:Creating package descriptor '/home/osawakousei/ros2_ws/src/cpp_server_client/install/cpp_server_client/share/cpp_server_client/package.dsv'
[3.707s] INFO:colcon.colcon_core.shell:Creating package script '/home/osawakousei/ros2_ws/src/cpp_server_client/install/cpp_server_client/share/cpp_server_client/package.sh'
[3.708s] INFO:colcon.colcon_core.shell:Creating package script '/home/osawakousei/ros2_ws/src/cpp_server_client/install/cpp_server_client/share/cpp_server_client/package.bash'
[3.710s] INFO:colcon.colcon_core.shell:Creating package script '/home/osawakousei/ros2_ws/src/cpp_server_client/install/cpp_server_client/share/cpp_server_client/package.zsh'
[3.711s] Level 1:colcon.colcon_core.environment:create_file_with_runtime_dependencies(/home/osawakousei/ros2_ws/src/cpp_server_client/install/cpp_server_client/share/colcon-core/packages/cpp_server_client)
[3.723s] DEBUG:colcon.colcon_parallel_executor.executor.parallel:closing loop
[3.723s] DEBUG:colcon.colcon_parallel_executor.executor.parallel:loop closed
[3.723s] DEBUG:colcon.colcon_parallel_executor.executor.parallel:run_until_complete finished with '2'
[3.724s] DEBUG:colcon.colcon_core.event_reactor:joining thread
[3.738s] INFO:colcon.colcon_core.plugin_system:Skipping extension 'colcon_notification.desktop_notification.terminal_notifier': Not used on non-Darwin systems
[3.739s] INFO:colcon.colcon_core.plugin_system:Skipping extension 'colcon_notification.desktop_notification.win32': Not used on non-Windows systems
[3.739s] INFO:colcon.colcon_notification.desktop_notification:Sending desktop notification using 'notify2'
[3.772s] DEBUG:colcon.colcon_core.event_reactor:joined thread
[3.775s] INFO:colcon.colcon_core.shell:Creating prefix script '/home/osawakousei/ros2_ws/src/cpp_server_client/install/local_setup.ps1'
[3.778s] INFO:colcon.colcon_core.shell:Creating prefix util module '/home/osawakousei/ros2_ws/src/cpp_server_client/install/_local_setup_util_ps1.py'
[3.781s] INFO:colcon.colcon_core.shell:Creating prefix chain script '/home/osawakousei/ros2_ws/src/cpp_server_client/install/setup.ps1'
[3.786s] INFO:colcon.colcon_core.shell:Creating prefix script '/home/osawakousei/ros2_ws/src/cpp_server_client/install/local_setup.sh'
[3.787s] INFO:colcon.colcon_core.shell:Creating prefix util module '/home/osawakousei/ros2_ws/src/cpp_server_client/install/_local_setup_util_sh.py'
[3.790s] INFO:colcon.colcon_core.shell:Creating prefix chain script '/home/osawakousei/ros2_ws/src/cpp_server_client/install/setup.sh'
[3.797s] INFO:colcon.colcon_core.shell:Creating prefix script '/home/osawakousei/ros2_ws/src/cpp_server_client/install/local_setup.bash'
[3.799s] INFO:colcon.colcon_core.shell:Creating prefix chain script '/home/osawakousei/ros2_ws/src/cpp_server_client/install/setup.bash'
[3.806s] INFO:colcon.colcon_core.shell:Creating prefix script '/home/osawakousei/ros2_ws/src/cpp_server_client/install/local_setup.zsh'
[3.807s] INFO:colcon.colcon_core.shell:Creating prefix chain script '/home/osawakousei/ros2_ws/src/cpp_server_client/install/setup.zsh'
