[0.112s] Invoking command in '/home/osawakousei/ros2_ws/src/build/cpp_topic_pubsub': CMAKE_PREFIX_PATH=${CMAKE_PREFIX_PATH}:/opt/ros/humble /usr/bin/cmake /home/osawakousei/ros2_ws/src/cpp_topic_pubsub -DCMAKE_INSTALL_PREFIX=/home/osawakousei/ros2_ws/src/install/cpp_topic_pubsub
[0.359s] -- The C compiler identification is GNU 11.4.0
[0.659s] -- The CXX compiler identification is GNU 11.4.0
[0.689s] -- Detecting C compiler ABI info
[1.078s] -- Detecting C compiler ABI info - done
[1.100s] -- Check for working C compiler: /usr/bin/cc - skipped
[1.100s] -- Detecting C compile features
[1.102s] -- Detecting C compile features - done
[1.114s] -- Detecting CXX compiler ABI info
[1.598s] -- Detecting CXX compiler ABI info - done
[1.622s] -- Check for working CXX compiler: /usr/bin/c++ - skipped
[1.623s] -- Detecting CXX compile features
[1.625s] -- Detecting CXX compile features - done
[1.633s] -- Found ament_cmake: 1.3.5 (/opt/ros/humble/share/ament_cmake/cmake)
[2.300s] -- Found Python3: /usr/bin/python3.10 (found version "3.10.12") found components: Interpreter 
[2.658s] -- Found rclcpp: 16.0.5 (/opt/ros/humble/share/rclcpp/cmake)
[2.873s] -- Found rosidl_generator_c: 3.1.5 (/opt/ros/humble/share/rosidl_generator_c/cmake)
[2.893s] -- Found rosidl_adapter: 3.1.5 (/opt/ros/humble/share/rosidl_adapter/cmake)
[2.929s] -- Found rosidl_generator_cpp: 3.1.5 (/opt/ros/humble/share/rosidl_generator_cpp/cmake)
[2.982s] -- Using all available rosidl_typesupport_c: rosidl_typesupport_fastrtps_c;rosidl_typesupport_introspection_c
[3.067s] -- Using all available rosidl_typesupport_cpp: rosidl_typesupport_fastrtps_cpp;rosidl_typesupport_introspection_cpp
[3.400s] -- Found rmw_implementation_cmake: 6.1.1 (/opt/ros/humble/share/rmw_implementation_cmake/cmake)
[3.408s] -- Found rmw_fastrtps_cpp: 6.2.3 (/opt/ros/humble/share/rmw_fastrtps_cpp/cmake)
[3.881s] -- Found OpenSSL: /usr/lib/x86_64-linux-gnu/libcrypto.so (found version "3.0.2")  
[3.982s] -- Found FastRTPS: /opt/ros/humble/include  
[4.165s] -- Using RMW implementation 'rmw_fastrtps_cpp' as default
[4.200s] -- Looking for pthread.h
[4.509s] -- Looking for pthread.h - found
[4.511s] -- Performing Test CMAKE_HAVE_LIBC_PTHREAD
[4.898s] -- Performing Test CMAKE_HAVE_LIBC_PTHREAD - Success
[4.903s] -- Found Threads: TRUE  
[5.565s] -- Found rosidl_default_generators: 1.2.0 (/opt/ros/humble/share/rosidl_default_generators/cmake)
[5.609s] [31mCMake Error at /opt/ros/humble/share/rosidl_cmake/cmake/rosidl_generate_interfaces.cmake:93 (message):
[5.610s]   rosidl_generate_interfaces() the passed file 'msg/PracticeMsg.msg' doesn't
[5.610s]   exist relative to the CMAKE_CURRENT_SOURCE_DIR
[5.610s]   '/home/osawakousei/ros2_ws/src/cpp_topic_pubsub'
[5.610s] Call Stack (most recent call first):
[5.611s]   CMakeLists.txt:15 (rosidl_generate_interfaces)
[5.611s] 
[5.611s] [0m
[5.612s] -- Configuring incomplete, errors occurred!
[5.612s] See also "/home/osawakousei/ros2_ws/src/build/cpp_topic_pubsub/CMakeFiles/CMakeOutput.log".
[5.638s] Invoked command in '/home/osawakousei/ros2_ws/src/build/cpp_topic_pubsub' returned '1': CMAKE_PREFIX_PATH=${CMAKE_PREFIX_PATH}:/opt/ros/humble /usr/bin/cmake /home/osawakousei/ros2_ws/src/cpp_topic_pubsub -DCMAKE_INSTALL_PREFIX=/home/osawakousei/ros2_ws/src/install/cpp_topic_pubsub
