[0.140s] Invoking command in '/home/osawakousei/ros2_ws/src/cpp_server_client/build/cpp_server_client': CMAKE_PREFIX_PATH=${CMAKE_PREFIX_PATH}:/opt/ros/humble /usr/bin/cmake --build /home/osawakousei/ros2_ws/src/cpp_server_client/build/cpp_server_client -- -j8 -l8
[0.464s] [  8%] Built target cpp_server_client__rosidl_generator_c
[0.478s] [ 11%] Built target cpp_server_client__cpp
[0.540s] [ 11%] Built target ament_cmake_python_copy_cpp_server_client
[0.611s] [ 20%] Built target cpp_server_client__rosidl_typesupport_introspection_c
[0.619s] [ 28%] Built target cpp_server_client__rosidl_typesupport_cpp
[0.634s] [ 40%] Built target cpp_server_client__rosidl_typesupport_c
[0.636s] [ 45%] Built target cpp_server_client__rosidl_typesupport_introspection_cpp
[0.638s] [ 54%] Built target cpp_server_client__rosidl_typesupport_fastrtps_c
[0.647s] [ 62%] Built target cpp_server_client__rosidl_typesupport_fastrtps_cpp
[0.771s] [ 62%] Built target cpp_server_client
[0.774s] [ 65%] [32mBuilding CXX object CMakeFiles/practice_server_node.dir/src/server_node.cpp.o[0m
[0.786s] [ 68%] [32mBuilding CXX object CMakeFiles/practice_client_node.dir/src/client_node.cpp.o[0m
[0.905s] [ 71%] Built target cpp_server_client__py
[1.042s] [ 77%] Built target cpp_server_client__rosidl_generator_py
[1.184s] [ 82%] Built target cpp_server_client__rosidl_typesupport_fastrtps_c__pyext
[1.219s] [ 94%] Built target cpp_server_client__rosidl_typesupport_c__pyext
[1.219s] [ 94%] Built target cpp_server_client__rosidl_typesupport_introspection_c__pyext
[1.583s] running egg_info
[1.586s] writing cpp_server_client.egg-info/PKG-INFO
[1.588s] writing dependency_links to cpp_server_client.egg-info/dependency_links.txt
[1.590s] writing top-level names to cpp_server_client.egg-info/top_level.txt
[1.598s] reading manifest file 'cpp_server_client.egg-info/SOURCES.txt'
[1.606s] writing manifest file 'cpp_server_client.egg-info/SOURCES.txt'
[1.689s] [ 94%] Built target ament_cmake_python_build_cpp_server_client_egg
[1.729s] [01m[K/home/osawakousei/ros2_ws/src/cpp_server_client/src/server_node.cpp:9:10:[m[K [01;31m[Kfatal error: [m[Kstd_msgs/std_msgs/msg/string.hpp: そのようなファイルやディレクトリはありません
[1.730s]     9 | #include [01;31m[K<std_msgs/std_msgs/msg/string.hpp>[m[K
[1.730s]       |          [01;31m[K^~~~~~~~~~~~~~~~~~~~~~~~~~~~~~~~~~[m[K
[1.730s] compilation terminated.
[1.739s] gmake[2]: *** [CMakeFiles/practice_server_node.dir/build.make:76: CMakeFiles/practice_server_node.dir/src/server_node.cpp.o] エラー 1
[1.739s] gmake[1]: *** [CMakeFiles/Makefile2:595: CMakeFiles/practice_server_node.dir/all] エラー 2
[1.739s] gmake[1]: *** 未完了のジョブを待っています....
[17.900s] [ 97%] [32m[1mLinking CXX executable practice_client_node[0m
[18.585s] [ 97%] Built target practice_client_node
[18.589s] gmake: *** [Makefile:146: all] エラー 2
[18.597s] Invoked command in '/home/osawakousei/ros2_ws/src/cpp_server_client/build/cpp_server_client' returned '2': CMAKE_PREFIX_PATH=${CMAKE_PREFIX_PATH}:/opt/ros/humble /usr/bin/cmake --build /home/osawakousei/ros2_ws/src/cpp_server_client/build/cpp_server_client -- -j8 -l8
