[0.077s] Invoking command in '/home/kousei/ros2_ws/src/build/cpp_server_client': CMAKE_PREFIX_PATH=/opt/ros/humble /usr/bin/cmake /home/kousei/ros2_ws/src/cpp_server_client -DCMAKE_INSTALL_PREFIX=/home/kousei/ros2_ws/src/install/cpp_server_client
[0.114s] -- The C compiler identification is GNU 11.4.0
[0.160s] -- The CXX compiler identification is GNU 11.4.0
[0.166s] -- Detecting C compiler ABI info
[0.208s] -- Detecting C compiler ABI info - done
[0.213s] -- Check for working C compiler: /usr/bin/cc - skipped
[0.214s] -- Detecting C compile features
[0.214s] -- Detecting C compile features - done
[0.216s] -- Detecting CXX compiler ABI info
[0.264s] -- Detecting CXX compiler ABI info - done
[0.272s] -- Check for working CXX compiler: /usr/bin/c++ - skipped
[0.272s] -- Detecting CXX compile features
[0.273s] -- Detecting CXX compile features - done
[0.275s] -- Found ament_cmake: 1.3.6 (/opt/ros/humble/share/ament_cmake/cmake)
[0.395s] -- Found Python3: /usr/bin/python3.10 (found version "3.10.12") found components: Interpreter 
[0.458s] -- Found rclcpp: 16.0.7 (/opt/ros/humble/share/rclcpp/cmake)
[0.496s] -- Found rosidl_generator_c: 3.1.5 (/opt/ros/humble/share/rosidl_generator_c/cmake)
[0.498s] -- Found rosidl_adapter: 3.1.5 (/opt/ros/humble/share/rosidl_adapter/cmake)
[0.503s] -- Found rosidl_generator_cpp: 3.1.5 (/opt/ros/humble/share/rosidl_generator_cpp/cmake)
[0.514s] -- Using all available rosidl_typesupport_c: rosidl_typesupport_fastrtps_c;rosidl_typesupport_introspection_c
[0.526s] -- Using all available rosidl_typesupport_cpp: rosidl_typesupport_fastrtps_cpp;rosidl_typesupport_introspection_cpp
[0.592s] -- Found rmw_implementation_cmake: 6.1.1 (/opt/ros/humble/share/rmw_implementation_cmake/cmake)
[0.594s] -- Found rmw_fastrtps_cpp: 6.2.5 (/opt/ros/humble/share/rmw_fastrtps_cpp/cmake)
[0.696s] -- Found OpenSSL: /usr/lib/x86_64-linux-gnu/libcrypto.so (found version "3.0.2")  
[0.716s] -- Found FastRTPS: /opt/ros/humble/include  
[0.747s] -- Using RMW implementation 'rmw_fastrtps_cpp' as default
[0.756s] -- Looking for pthread.h
[0.808s] -- Looking for pthread.h - found
[0.808s] -- Performing Test CMAKE_HAVE_LIBC_PTHREAD
[0.856s] -- Performing Test CMAKE_HAVE_LIBC_PTHREAD - Success
[0.857s] -- Found Threads: TRUE  
[0.974s] -- Found rosidl_default_generators: 1.2.0 (/opt/ros/humble/share/rosidl_default_generators/cmake)
[0.979s] -- Found ament_lint_auto: 0.12.9 (/opt/ros/humble/share/ament_lint_auto/cmake)
[1.148s] -- Found ament_cmake_ros: 0.10.0 (/opt/ros/humble/share/ament_cmake_ros/cmake)
[1.403s] -- Using all available rosidl_typesupport_c: rosidl_typesupport_fastrtps_c;rosidl_typesupport_introspection_c
[1.524s] -- Using all available rosidl_typesupport_cpp: rosidl_typesupport_fastrtps_cpp;rosidl_typesupport_introspection_cpp
[1.549s] -- Found PythonInterp: /usr/bin/python3 (found suitable version "3.10.12", minimum required is "3.6") 
[1.550s] -- Found python_cmake_module: 0.10.0 (/opt/ros/humble/share/python_cmake_module/cmake)
[1.578s] -- Found PythonLibs: /usr/lib/x86_64-linux-gnu/libpython3.10.so (found suitable version "3.10.12", minimum required is "3.5") 
[1.578s] -- Using PYTHON_EXECUTABLE: /usr/bin/python3
[1.578s] -- Using PYTHON_INCLUDE_DIRS: /usr/include/python3.10
[1.578s] -- Using PYTHON_LIBRARIES: /usr/lib/x86_64-linux-gnu/libpython3.10.so
[1.599s] -- Found PythonExtra: .so  
[1.664s] -- Added test 'cppcheck' to perform static code analysis on C / C++ code
[1.665s] -- Configured cppcheck include dirs: 
[1.665s] -- Configured cppcheck exclude dirs and/or files: 
[1.670s] -- Added test 'flake8' to check Python code syntax and style conventions
[1.680s] -- Added test 'lint_cmake' to check CMake code style
[1.685s] -- Added test 'pep257' to check Python code against some of the docstring style conventions in PEP 257
[1.722s] -- Added test 'uncrustify' to check C / C++ code style
[1.722s] -- Configured uncrustify additional arguments: 
[1.727s] -- Added test 'xmllint' to check XML markup files
[1.740s] -- Configuring done
[1.770s] -- Generating done
[1.771s] -- Build files have been written to: /home/kousei/ros2_ws/src/build/cpp_server_client
[1.784s] Invoked command in '/home/kousei/ros2_ws/src/build/cpp_server_client' returned '0': CMAKE_PREFIX_PATH=/opt/ros/humble /usr/bin/cmake /home/kousei/ros2_ws/src/cpp_server_client -DCMAKE_INSTALL_PREFIX=/home/kousei/ros2_ws/src/install/cpp_server_client
[1.785s] Invoking command in '/home/kousei/ros2_ws/src/build/cpp_server_client': CMAKE_PREFIX_PATH=/opt/ros/humble /usr/bin/cmake --build /home/kousei/ros2_ws/src/build/cpp_server_client -- -j16 -l16
[1.832s] [  2%] [34m[1mGenerating C code for ROS interfaces[0m
[1.847s] [  5%] [34m[1mGenerating C++ code for ROS interfaces[0m
[1.852s] [  5%] Built target ament_cmake_python_copy_cpp_server_client
[2.042s] running egg_info
[2.043s] creating cpp_server_client.egg-info
[2.043s] writing cpp_server_client.egg-info/PKG-INFO
[2.043s] writing dependency_links to cpp_server_client.egg-info/dependency_links.txt
[2.043s] writing top-level names to cpp_server_client.egg-info/top_level.txt
[2.043s] writing manifest file 'cpp_server_client.egg-info/SOURCES.txt'
[2.045s] reading manifest file 'cpp_server_client.egg-info/SOURCES.txt'
[2.045s] writing manifest file 'cpp_server_client.egg-info/SOURCES.txt'
[2.065s] [  5%] Built target ament_cmake_python_build_cpp_server_client_egg
[2.099s] [  8%] [32mBuilding C object CMakeFiles/cpp_server_client__rosidl_generator_c.dir/rosidl_generator_c/cpp_server_client/srv/detail/practice_srv__functions.c.o[0m
[2.154s] [  8%] Built target cpp_server_client__cpp
[2.156s] [ 11%] [32m[1mLinking C shared library libcpp_server_client__rosidl_generator_c.so[0m
[2.161s] [ 14%] [34m[1mGenerating C++ type support dispatch for ROS interfaces[0m
[2.163s] [ 20%] [34m[1mGenerating C++ introspection for ROS interfaces[0m
[2.163s] [ 20%] [34m[1mGenerating C++ type support for eProsima Fast-RTPS[0m
[2.186s] [ 20%] Built target cpp_server_client__rosidl_generator_c
[2.197s] [ 25%] [34m[1mGenerating C introspection for ROS interfaces[0m
[2.197s] [ 25%] [34m[1mGenerating C type support for eProsima Fast-RTPS[0m
[2.213s] [ 28%] [34m[1mGenerating C type support dispatch for ROS interfaces[0m
[2.369s] [ 31%] [32mBuilding CXX object CMakeFiles/cpp_server_client__rosidl_typesupport_cpp.dir/rosidl_typesupport_cpp/cpp_server_client/srv/practice_srv__type_support.cpp.o[0m
[2.470s] [ 34%] [32mBuilding CXX object CMakeFiles/cpp_server_client__rosidl_typesupport_fastrtps_c.dir/rosidl_typesupport_fastrtps_c/cpp_server_client/srv/detail/practice_srv__type_support_c.cpp.o[0m
[2.501s] [ 37%] [32mBuilding CXX object CMakeFiles/cpp_server_client__rosidl_typesupport_introspection_cpp.dir/rosidl_typesupport_introspection_cpp/cpp_server_client/srv/detail/practice_srv__type_support.cpp.o[0m
[2.512s] [ 40%] [32mBuilding CXX object CMakeFiles/cpp_server_client__rosidl_typesupport_fastrtps_cpp.dir/rosidl_typesupport_fastrtps_cpp/cpp_server_client/srv/detail/dds_fastrtps/practice_srv__type_support.cpp.o[0m
[2.518s] [ 42%] [32mBuilding CXX object CMakeFiles/cpp_server_client__rosidl_typesupport_c.dir/rosidl_typesupport_c/cpp_server_client/srv/practice_srv__type_support.cpp.o[0m
[2.552s] [ 45%] [32mBuilding C object CMakeFiles/cpp_server_client__rosidl_typesupport_introspection_c.dir/rosidl_typesupport_introspection_c/cpp_server_client/srv/detail/practice_srv__type_support.c.o[0m
[2.560s] [ 48%] [32m[1mLinking CXX shared library libcpp_server_client__rosidl_typesupport_c.so[0m
[2.603s] [ 51%] [32m[1mLinking C shared library libcpp_server_client__rosidl_typesupport_introspection_c.so[0m
[2.617s] [ 54%] [32m[1mLinking CXX shared library libcpp_server_client__rosidl_typesupport_cpp.so[0m
[2.627s] [ 54%] Built target cpp_server_client__rosidl_typesupport_c
[2.656s] [ 54%] Built target cpp_server_client__rosidl_typesupport_cpp
[2.664s] [ 54%] Built target cpp_server_client__rosidl_typesupport_introspection_c
[2.679s] [ 57%] [32mBuilding CXX object CMakeFiles/practice_server_node.dir/src/server_node.cpp.o[0m
[2.703s] [ 60%] [32mBuilding CXX object CMakeFiles/practice_client_node.dir/src/client_node.cpp.o[0m
[2.820s] [ 62%] [32m[1mLinking CXX shared library libcpp_server_client__rosidl_typesupport_fastrtps_c.so[0m
[2.912s] [ 62%] Built target cpp_server_client__rosidl_typesupport_fastrtps_c
[2.947s] [ 65%] [32m[1mLinking CXX shared library libcpp_server_client__rosidl_typesupport_fastrtps_cpp.so[0m
[2.981s] [ 68%] [32m[1mLinking CXX shared library libcpp_server_client__rosidl_typesupport_introspection_cpp.so[0m
[3.027s] [ 68%] Built target cpp_server_client__rosidl_typesupport_fastrtps_cpp
[3.048s] [ 68%] Built target cpp_server_client__rosidl_typesupport_introspection_cpp
[3.064s] [ 68%] Built target cpp_server_client
[3.086s] [ 71%] [34m[1mGenerating Python code for ROS interfaces[0m
[3.367s] [ 71%] Built target cpp_server_client__py
[3.380s] [ 74%] [32mBuilding C object CMakeFiles/cpp_server_client__rosidl_generator_py.dir/rosidl_generator_py/cpp_server_client/srv/_practice_srv_s.c.o[0m
[3.452s] [ 77%] [32m[1mLinking C shared library rosidl_generator_py/cpp_server_client/libcpp_server_client__rosidl_generator_py.so[0m
[3.481s] [ 77%] Built target cpp_server_client__rosidl_generator_py
[3.494s] [ 80%] [32mBuilding C object CMakeFiles/cpp_server_client__rosidl_typesupport_introspection_c__pyext.dir/rosidl_generator_py/cpp_server_client/_cpp_server_client_s.ep.rosidl_typesupport_introspection_c.c.o[0m
[3.495s] [ 82%] [32mBuilding C object CMakeFiles/cpp_server_client__rosidl_typesupport_fastrtps_c__pyext.dir/rosidl_generator_py/cpp_server_client/_cpp_server_client_s.ep.rosidl_typesupport_fastrtps_c.c.o[0m
[3.499s] [ 85%] [32mBuilding C object CMakeFiles/cpp_server_client__rosidl_typesupport_c__pyext.dir/rosidl_generator_py/cpp_server_client/_cpp_server_client_s.ep.rosidl_typesupport_c.c.o[0m
[3.555s] [ 88%] [32m[1mLinking C shared library rosidl_generator_py/cpp_server_client/cpp_server_client_s__rosidl_typesupport_introspection_c.cpython-310-x86_64-linux-gnu.so[0m
[3.558s] [ 91%] [32m[1mLinking C shared library rosidl_generator_py/cpp_server_client/cpp_server_client_s__rosidl_typesupport_fastrtps_c.cpython-310-x86_64-linux-gnu.so[0m
[3.566s] [ 94%] [32m[1mLinking C shared library rosidl_generator_py/cpp_server_client/cpp_server_client_s__rosidl_typesupport_c.cpython-310-x86_64-linux-gnu.so[0m
[3.578s] [ 94%] Built target cpp_server_client__rosidl_typesupport_introspection_c__pyext
[3.583s] [ 94%] Built target cpp_server_client__rosidl_typesupport_fastrtps_c__pyext
[3.589s] [ 94%] Built target cpp_server_client__rosidl_typesupport_c__pyext
[5.562s] [ 97%] [32m[1mLinking CXX executable practice_server_node[0m
[5.678s] [100%] [32m[1mLinking CXX executable practice_client_node[0m
[5.731s] [100%] Built target practice_server_node
[5.825s] [100%] Built target practice_client_node
[5.838s] Invoked command in '/home/kousei/ros2_ws/src/build/cpp_server_client' returned '0': CMAKE_PREFIX_PATH=/opt/ros/humble /usr/bin/cmake --build /home/kousei/ros2_ws/src/build/cpp_server_client -- -j16 -l16
[5.895s] Invoking command in '/home/kousei/ros2_ws/src/build/cpp_server_client': CMAKE_PREFIX_PATH=/opt/ros/humble /usr/bin/cmake --install /home/kousei/ros2_ws/src/build/cpp_server_client
[5.904s] -- Install configuration: ""
[5.904s] -- Installing: /home/kousei/ros2_ws/src/install/cpp_server_client/share/ament_index/resource_index/rosidl_interfaces/cpp_server_client
[5.904s] -- Installing: /home/kousei/ros2_ws/src/install/cpp_server_client/include/cpp_server_client/cpp_server_client
[5.904s] -- Installing: /home/kousei/ros2_ws/src/install/cpp_server_client/include/cpp_server_client/cpp_server_client/srv
[5.904s] -- Installing: /home/kousei/ros2_ws/src/install/cpp_server_client/include/cpp_server_client/cpp_server_client/srv/detail
[5.904s] -- Installing: /home/kousei/ros2_ws/src/install/cpp_server_client/include/cpp_server_client/cpp_server_client/srv/detail/practice_srv__functions.h
[5.905s] -- Installing: /home/kousei/ros2_ws/src/install/cpp_server_client/include/cpp_server_client/cpp_server_client/srv/detail/practice_srv__type_support.h
[5.905s] -- Installing: /home/kousei/ros2_ws/src/install/cpp_server_client/include/cpp_server_client/cpp_server_client/srv/detail/practice_srv__struct.h
[5.905s] -- Installing: /home/kousei/ros2_ws/src/install/cpp_server_client/include/cpp_server_client/cpp_server_client/srv/detail/practice_srv__functions.c
[5.905s] -- Installing: /home/kousei/ros2_ws/src/install/cpp_server_client/include/cpp_server_client/cpp_server_client/srv/practice_srv.h
[5.905s] -- Installing: /home/kousei/ros2_ws/src/install/cpp_server_client/include/cpp_server_client/cpp_server_client/msg
[5.905s] -- Installing: /home/kousei/ros2_ws/src/install/cpp_server_client/include/cpp_server_client/cpp_server_client/msg/rosidl_generator_c__visibility_control.h
[5.905s] -- Installing: /home/kousei/ros2_ws/src/install/cpp_server_client/share/cpp_server_client/environment/library_path.sh
[5.905s] -- Installing: /home/kousei/ros2_ws/src/install/cpp_server_client/share/cpp_server_client/environment/library_path.dsv
[5.906s] -- Installing: /home/kousei/ros2_ws/src/install/cpp_server_client/lib/libcpp_server_client__rosidl_generator_c.so
[5.906s] -- Set runtime path of "/home/kousei/ros2_ws/src/install/cpp_server_client/lib/libcpp_server_client__rosidl_generator_c.so" to ""
[5.906s] -- Up-to-date: /home/kousei/ros2_ws/src/install/cpp_server_client/include/cpp_server_client/cpp_server_client
[5.906s] -- Up-to-date: /home/kousei/ros2_ws/src/install/cpp_server_client/include/cpp_server_client/cpp_server_client/srv
[5.906s] -- Up-to-date: /home/kousei/ros2_ws/src/install/cpp_server_client/include/cpp_server_client/cpp_server_client/srv/detail
[5.906s] -- Installing: /home/kousei/ros2_ws/src/install/cpp_server_client/include/cpp_server_client/cpp_server_client/srv/detail/practice_srv__rosidl_typesupport_fastrtps_c.h
[5.906s] -- Up-to-date: /home/kousei/ros2_ws/src/install/cpp_server_client/include/cpp_server_client/cpp_server_client/msg
[5.907s] -- Installing: /home/kousei/ros2_ws/src/install/cpp_server_client/include/cpp_server_client/cpp_server_client/msg/rosidl_typesupport_fastrtps_c__visibility_control.h
[5.907s] -- Installing: /home/kousei/ros2_ws/src/install/cpp_server_client/lib/libcpp_server_client__rosidl_typesupport_fastrtps_c.so
[5.907s] -- Set runtime path of "/home/kousei/ros2_ws/src/install/cpp_server_client/lib/libcpp_server_client__rosidl_typesupport_fastrtps_c.so" to ""
[5.907s] -- Up-to-date: /home/kousei/ros2_ws/src/install/cpp_server_client/include/cpp_server_client/cpp_server_client
[5.907s] -- Up-to-date: /home/kousei/ros2_ws/src/install/cpp_server_client/include/cpp_server_client/cpp_server_client/srv
[5.907s] -- Installing: /home/kousei/ros2_ws/src/install/cpp_server_client/include/cpp_server_client/cpp_server_client/srv/practice_srv.hpp
[5.907s] -- Up-to-date: /home/kousei/ros2_ws/src/install/cpp_server_client/include/cpp_server_client/cpp_server_client/srv/detail
[5.907s] -- Installing: /home/kousei/ros2_ws/src/install/cpp_server_client/include/cpp_server_client/cpp_server_client/srv/detail/practice_srv__builder.hpp
[5.907s] -- Installing: /home/kousei/ros2_ws/src/install/cpp_server_client/include/cpp_server_client/cpp_server_client/srv/detail/practice_srv__struct.hpp
[5.907s] -- Installing: /home/kousei/ros2_ws/src/install/cpp_server_client/include/cpp_server_client/cpp_server_client/srv/detail/practice_srv__traits.hpp
[5.908s] -- Up-to-date: /home/kousei/ros2_ws/src/install/cpp_server_client/include/cpp_server_client/cpp_server_client
[5.908s] -- Up-to-date: /home/kousei/ros2_ws/src/install/cpp_server_client/include/cpp_server_client/cpp_server_client/srv
[5.908s] -- Up-to-date: /home/kousei/ros2_ws/src/install/cpp_server_client/include/cpp_server_client/cpp_server_client/srv/detail
[5.908s] -- Installing: /home/kousei/ros2_ws/src/install/cpp_server_client/include/cpp_server_client/cpp_server_client/srv/detail/dds_fastrtps
[5.908s] -- Installing: /home/kousei/ros2_ws/src/install/cpp_server_client/include/cpp_server_client/cpp_server_client/srv/detail/practice_srv__rosidl_typesupport_fastrtps_cpp.hpp
[5.908s] -- Up-to-date: /home/kousei/ros2_ws/src/install/cpp_server_client/include/cpp_server_client/cpp_server_client/msg
[5.908s] -- Installing: /home/kousei/ros2_ws/src/install/cpp_server_client/include/cpp_server_client/cpp_server_client/msg/rosidl_typesupport_fastrtps_cpp__visibility_control.h
[5.908s] -- Installing: /home/kousei/ros2_ws/src/install/cpp_server_client/lib/libcpp_server_client__rosidl_typesupport_fastrtps_cpp.so
[5.909s] -- Set runtime path of "/home/kousei/ros2_ws/src/install/cpp_server_client/lib/libcpp_server_client__rosidl_typesupport_fastrtps_cpp.so" to ""
[5.909s] -- Up-to-date: /home/kousei/ros2_ws/src/install/cpp_server_client/include/cpp_server_client/cpp_server_client
[5.909s] -- Up-to-date: /home/kousei/ros2_ws/src/install/cpp_server_client/include/cpp_server_client/cpp_server_client/srv
[5.909s] -- Up-to-date: /home/kousei/ros2_ws/src/install/cpp_server_client/include/cpp_server_client/cpp_server_client/srv/detail
[5.909s] -- Installing: /home/kousei/ros2_ws/src/install/cpp_server_client/include/cpp_server_client/cpp_server_client/srv/detail/practice_srv__rosidl_typesupport_introspection_c.h
[5.909s] -- Installing: /home/kousei/ros2_ws/src/install/cpp_server_client/include/cpp_server_client/cpp_server_client/srv/detail/practice_srv__type_support.c
[5.909s] -- Up-to-date: /home/kousei/ros2_ws/src/install/cpp_server_client/include/cpp_server_client/cpp_server_client/msg
[5.909s] -- Installing: /home/kousei/ros2_ws/src/install/cpp_server_client/include/cpp_server_client/cpp_server_client/msg/rosidl_typesupport_introspection_c__visibility_control.h
[5.909s] -- Installing: /home/kousei/ros2_ws/src/install/cpp_server_client/lib/libcpp_server_client__rosidl_typesupport_introspection_c.so
[5.910s] -- Set runtime path of "/home/kousei/ros2_ws/src/install/cpp_server_client/lib/libcpp_server_client__rosidl_typesupport_introspection_c.so" to ""
[5.910s] -- Installing: /home/kousei/ros2_ws/src/install/cpp_server_client/lib/libcpp_server_client__rosidl_typesupport_c.so
[5.910s] -- Set runtime path of "/home/kousei/ros2_ws/src/install/cpp_server_client/lib/libcpp_server_client__rosidl_typesupport_c.so" to ""
[5.910s] -- Up-to-date: /home/kousei/ros2_ws/src/install/cpp_server_client/include/cpp_server_client/cpp_server_client
[5.910s] -- Up-to-date: /home/kousei/ros2_ws/src/install/cpp_server_client/include/cpp_server_client/cpp_server_client/srv
[5.910s] -- Up-to-date: /home/kousei/ros2_ws/src/install/cpp_server_client/include/cpp_server_client/cpp_server_client/srv/detail
[5.910s] -- Installing: /home/kousei/ros2_ws/src/install/cpp_server_client/include/cpp_server_client/cpp_server_client/srv/detail/practice_srv__type_support.cpp
[5.910s] -- Installing: /home/kousei/ros2_ws/src/install/cpp_server_client/include/cpp_server_client/cpp_server_client/srv/detail/practice_srv__rosidl_typesupport_introspection_cpp.hpp
[5.910s] -- Installing: /home/kousei/ros2_ws/src/install/cpp_server_client/lib/libcpp_server_client__rosidl_typesupport_introspection_cpp.so
[5.911s] -- Set runtime path of "/home/kousei/ros2_ws/src/install/cpp_server_client/lib/libcpp_server_client__rosidl_typesupport_introspection_cpp.so" to ""
[5.911s] -- Installing: /home/kousei/ros2_ws/src/install/cpp_server_client/lib/libcpp_server_client__rosidl_typesupport_cpp.so
[5.911s] -- Set runtime path of "/home/kousei/ros2_ws/src/install/cpp_server_client/lib/libcpp_server_client__rosidl_typesupport_cpp.so" to ""
[5.911s] -- Installing: /home/kousei/ros2_ws/src/install/cpp_server_client/share/cpp_server_client/environment/pythonpath.sh
[5.911s] -- Installing: /home/kousei/ros2_ws/src/install/cpp_server_client/share/cpp_server_client/environment/pythonpath.dsv
[5.911s] -- Installing: /home/kousei/ros2_ws/src/install/cpp_server_client/local/lib/python3.10/dist-packages/cpp_server_client-0.0.0-py3.10.egg-info
[5.912s] -- Installing: /home/kousei/ros2_ws/src/install/cpp_server_client/local/lib/python3.10/dist-packages/cpp_server_client-0.0.0-py3.10.egg-info/dependency_links.txt
[5.912s] -- Installing: /home/kousei/ros2_ws/src/install/cpp_server_client/local/lib/python3.10/dist-packages/cpp_server_client-0.0.0-py3.10.egg-info/SOURCES.txt
[5.912s] -- Installing: /home/kousei/ros2_ws/src/install/cpp_server_client/local/lib/python3.10/dist-packages/cpp_server_client-0.0.0-py3.10.egg-info/top_level.txt
[5.912s] -- Installing: /home/kousei/ros2_ws/src/install/cpp_server_client/local/lib/python3.10/dist-packages/cpp_server_client-0.0.0-py3.10.egg-info/PKG-INFO
[5.912s] -- Installing: /home/kousei/ros2_ws/src/install/cpp_server_client/local/lib/python3.10/dist-packages/cpp_server_client
[5.912s] -- Installing: /home/kousei/ros2_ws/src/install/cpp_server_client/local/lib/python3.10/dist-packages/cpp_server_client/__init__.py
[5.912s] -- Installing: /home/kousei/ros2_ws/src/install/cpp_server_client/local/lib/python3.10/dist-packages/cpp_server_client/cpp_server_client_s__rosidl_typesupport_c.cpython-310-x86_64-linux-gnu.so
[5.912s] -- Installing: /home/kousei/ros2_ws/src/install/cpp_server_client/local/lib/python3.10/dist-packages/cpp_server_client/srv
[5.912s] -- Installing: /home/kousei/ros2_ws/src/install/cpp_server_client/local/lib/python3.10/dist-packages/cpp_server_client/srv/__init__.py
[5.913s] -- Installing: /home/kousei/ros2_ws/src/install/cpp_server_client/local/lib/python3.10/dist-packages/cpp_server_client/srv/_practice_srv.py
[5.913s] -- Installing: /home/kousei/ros2_ws/src/install/cpp_server_client/local/lib/python3.10/dist-packages/cpp_server_client/srv/_practice_srv_s.c
[5.913s] -- Installing: /home/kousei/ros2_ws/src/install/cpp_server_client/local/lib/python3.10/dist-packages/cpp_server_client/cpp_server_client_s__rosidl_typesupport_fastrtps_c.cpython-310-x86_64-linux-gnu.so
[5.913s] -- Installing: /home/kousei/ros2_ws/src/install/cpp_server_client/local/lib/python3.10/dist-packages/cpp_server_client/_cpp_server_client_s.ep.rosidl_typesupport_c.c
[5.913s] -- Installing: /home/kousei/ros2_ws/src/install/cpp_server_client/local/lib/python3.10/dist-packages/cpp_server_client/_cpp_server_client_s.ep.rosidl_typesupport_fastrtps_c.c
[5.913s] -- Installing: /home/kousei/ros2_ws/src/install/cpp_server_client/local/lib/python3.10/dist-packages/cpp_server_client/libcpp_server_client__rosidl_generator_py.so
[5.914s] -- Installing: /home/kousei/ros2_ws/src/install/cpp_server_client/local/lib/python3.10/dist-packages/cpp_server_client/cpp_server_client_s__rosidl_typesupport_introspection_c.cpython-310-x86_64-linux-gnu.so
[5.914s] -- Installing: /home/kousei/ros2_ws/src/install/cpp_server_client/local/lib/python3.10/dist-packages/cpp_server_client/_cpp_server_client_s.ep.rosidl_typesupport_introspection_c.c
[5.941s] Listing '/home/kousei/ros2_ws/src/install/cpp_server_client/local/lib/python3.10/dist-packages/cpp_server_client'...
[5.941s] Compiling '/home/kousei/ros2_ws/src/install/cpp_server_client/local/lib/python3.10/dist-packages/cpp_server_client/__init__.py'...
[5.941s] Listing '/home/kousei/ros2_ws/src/install/cpp_server_client/local/lib/python3.10/dist-packages/cpp_server_client/srv'...
[5.941s] Compiling '/home/kousei/ros2_ws/src/install/cpp_server_client/local/lib/python3.10/dist-packages/cpp_server_client/srv/__init__.py'...
[5.941s] Compiling '/home/kousei/ros2_ws/src/install/cpp_server_client/local/lib/python3.10/dist-packages/cpp_server_client/srv/_practice_srv.py'...
[5.946s] -- Installing: /home/kousei/ros2_ws/src/install/cpp_server_client/local/lib/python3.10/dist-packages/cpp_server_client/cpp_server_client_s__rosidl_typesupport_fastrtps_c.cpython-310-x86_64-linux-gnu.so
[5.946s] -- Set runtime path of "/home/kousei/ros2_ws/src/install/cpp_server_client/local/lib/python3.10/dist-packages/cpp_server_client/cpp_server_client_s__rosidl_typesupport_fastrtps_c.cpython-310-x86_64-linux-gnu.so" to ""
[5.946s] -- Installing: /home/kousei/ros2_ws/src/install/cpp_server_client/local/lib/python3.10/dist-packages/cpp_server_client/cpp_server_client_s__rosidl_typesupport_introspection_c.cpython-310-x86_64-linux-gnu.so
[5.946s] -- Set runtime path of "/home/kousei/ros2_ws/src/install/cpp_server_client/local/lib/python3.10/dist-packages/cpp_server_client/cpp_server_client_s__rosidl_typesupport_introspection_c.cpython-310-x86_64-linux-gnu.so" to ""
[5.946s] -- Installing: /home/kousei/ros2_ws/src/install/cpp_server_client/local/lib/python3.10/dist-packages/cpp_server_client/cpp_server_client_s__rosidl_typesupport_c.cpython-310-x86_64-linux-gnu.so
[5.946s] -- Set runtime path of "/home/kousei/ros2_ws/src/install/cpp_server_client/local/lib/python3.10/dist-packages/cpp_server_client/cpp_server_client_s__rosidl_typesupport_c.cpython-310-x86_64-linux-gnu.so" to ""
[5.947s] -- Installing: /home/kousei/ros2_ws/src/install/cpp_server_client/lib/libcpp_server_client__rosidl_generator_py.so
[5.947s] -- Set runtime path of "/home/kousei/ros2_ws/src/install/cpp_server_client/lib/libcpp_server_client__rosidl_generator_py.so" to ""
[5.947s] -- Installing: /home/kousei/ros2_ws/src/install/cpp_server_client/share/cpp_server_client/srv/PracticeSrv.idl
[5.947s] -- Installing: /home/kousei/ros2_ws/src/install/cpp_server_client/share/cpp_server_client/srv/PracticeSrv.srv
[5.947s] -- Installing: /home/kousei/ros2_ws/src/install/cpp_server_client/share/cpp_server_client/srv/PracticeSrv_Request.msg
[5.947s] -- Installing: /home/kousei/ros2_ws/src/install/cpp_server_client/share/cpp_server_client/srv/PracticeSrv_Response.msg
[5.947s] -- Installing: /home/kousei/ros2_ws/src/install/cpp_server_client/lib/cpp_server_client/practice_server_node
[5.948s] -- Set runtime path of "/home/kousei/ros2_ws/src/install/cpp_server_client/lib/cpp_server_client/practice_server_node" to ""
[5.948s] -- Installing: /home/kousei/ros2_ws/src/install/cpp_server_client/lib/cpp_server_client/practice_client_node
[5.949s] -- Set runtime path of "/home/kousei/ros2_ws/src/install/cpp_server_client/lib/cpp_server_client/practice_client_node" to ""
[5.949s] -- Installing: /home/kousei/ros2_ws/src/install/cpp_server_client/share/ament_index/resource_index/package_run_dependencies/cpp_server_client
[5.949s] -- Installing: /home/kousei/ros2_ws/src/install/cpp_server_client/share/ament_index/resource_index/parent_prefix_path/cpp_server_client
[5.950s] -- Installing: /home/kousei/ros2_ws/src/install/cpp_server_client/share/cpp_server_client/environment/ament_prefix_path.sh
[5.950s] -- Installing: /home/kousei/ros2_ws/src/install/cpp_server_client/share/cpp_server_client/environment/ament_prefix_path.dsv
[5.950s] -- Installing: /home/kousei/ros2_ws/src/install/cpp_server_client/share/cpp_server_client/environment/path.sh
[5.950s] -- Installing: /home/kousei/ros2_ws/src/install/cpp_server_client/share/cpp_server_client/environment/path.dsv
[5.950s] -- Installing: /home/kousei/ros2_ws/src/install/cpp_server_client/share/cpp_server_client/local_setup.bash
[5.950s] -- Installing: /home/kousei/ros2_ws/src/install/cpp_server_client/share/cpp_server_client/local_setup.sh
[5.950s] -- Installing: /home/kousei/ros2_ws/src/install/cpp_server_client/share/cpp_server_client/local_setup.zsh
[5.950s] -- Installing: /home/kousei/ros2_ws/src/install/cpp_server_client/share/cpp_server_client/local_setup.dsv
[5.950s] -- Installing: /home/kousei/ros2_ws/src/install/cpp_server_client/share/cpp_server_client/package.dsv
[5.951s] -- Installing: /home/kousei/ros2_ws/src/install/cpp_server_client/share/ament_index/resource_index/packages/cpp_server_client
[5.951s] -- Installing: /home/kousei/ros2_ws/src/install/cpp_server_client/share/cpp_server_client/cmake/export_cpp_server_client__rosidl_generator_cExport.cmake
[5.951s] -- Installing: /home/kousei/ros2_ws/src/install/cpp_server_client/share/cpp_server_client/cmake/export_cpp_server_client__rosidl_generator_cExport-noconfig.cmake
[5.951s] -- Installing: /home/kousei/ros2_ws/src/install/cpp_server_client/share/cpp_server_client/cmake/export_cpp_server_client__rosidl_typesupport_fastrtps_cExport.cmake
[5.951s] -- Installing: /home/kousei/ros2_ws/src/install/cpp_server_client/share/cpp_server_client/cmake/export_cpp_server_client__rosidl_typesupport_fastrtps_cExport-noconfig.cmake
[5.951s] -- Installing: /home/kousei/ros2_ws/src/install/cpp_server_client/share/cpp_server_client/cmake/export_cpp_server_client__rosidl_generator_cppExport.cmake
[5.951s] -- Installing: /home/kousei/ros2_ws/src/install/cpp_server_client/share/cpp_server_client/cmake/export_cpp_server_client__rosidl_typesupport_fastrtps_cppExport.cmake
[5.951s] -- Installing: /home/kousei/ros2_ws/src/install/cpp_server_client/share/cpp_server_client/cmake/export_cpp_server_client__rosidl_typesupport_fastrtps_cppExport-noconfig.cmake
[5.952s] -- Installing: /home/kousei/ros2_ws/src/install/cpp_server_client/share/cpp_server_client/cmake/cpp_server_client__rosidl_typesupport_introspection_cExport.cmake
[5.952s] -- Installing: /home/kousei/ros2_ws/src/install/cpp_server_client/share/cpp_server_client/cmake/cpp_server_client__rosidl_typesupport_introspection_cExport-noconfig.cmake
[5.952s] -- Installing: /home/kousei/ros2_ws/src/install/cpp_server_client/share/cpp_server_client/cmake/cpp_server_client__rosidl_typesupport_cExport.cmake
[5.952s] -- Installing: /home/kousei/ros2_ws/src/install/cpp_server_client/share/cpp_server_client/cmake/cpp_server_client__rosidl_typesupport_cExport-noconfig.cmake
[5.952s] -- Installing: /home/kousei/ros2_ws/src/install/cpp_server_client/share/cpp_server_client/cmake/cpp_server_client__rosidl_typesupport_introspection_cppExport.cmake
[5.952s] -- Installing: /home/kousei/ros2_ws/src/install/cpp_server_client/share/cpp_server_client/cmake/cpp_server_client__rosidl_typesupport_introspection_cppExport-noconfig.cmake
[5.952s] -- Installing: /home/kousei/ros2_ws/src/install/cpp_server_client/share/cpp_server_client/cmake/cpp_server_client__rosidl_typesupport_cppExport.cmake
[5.952s] -- Installing: /home/kousei/ros2_ws/src/install/cpp_server_client/share/cpp_server_client/cmake/cpp_server_client__rosidl_typesupport_cppExport-noconfig.cmake
[5.953s] -- Installing: /home/kousei/ros2_ws/src/install/cpp_server_client/share/cpp_server_client/cmake/export_cpp_server_client__rosidl_generator_pyExport.cmake
[5.953s] -- Installing: /home/kousei/ros2_ws/src/install/cpp_server_client/share/cpp_server_client/cmake/export_cpp_server_client__rosidl_generator_pyExport-noconfig.cmake
[5.953s] -- Installing: /home/kousei/ros2_ws/src/install/cpp_server_client/share/cpp_server_client/cmake/rosidl_cmake-extras.cmake
[5.953s] -- Installing: /home/kousei/ros2_ws/src/install/cpp_server_client/share/cpp_server_client/cmake/ament_cmake_export_include_directories-extras.cmake
[5.953s] -- Installing: /home/kousei/ros2_ws/src/install/cpp_server_client/share/cpp_server_client/cmake/ament_cmake_export_libraries-extras.cmake
[5.953s] -- Installing: /home/kousei/ros2_ws/src/install/cpp_server_client/share/cpp_server_client/cmake/ament_cmake_export_targets-extras.cmake
[5.953s] -- Installing: /home/kousei/ros2_ws/src/install/cpp_server_client/share/cpp_server_client/cmake/rosidl_cmake_export_typesupport_targets-extras.cmake
[5.954s] -- Installing: /home/kousei/ros2_ws/src/install/cpp_server_client/share/cpp_server_client/cmake/ament_cmake_export_dependencies-extras.cmake
[5.954s] -- Installing: /home/kousei/ros2_ws/src/install/cpp_server_client/share/cpp_server_client/cmake/rosidl_cmake_export_typesupport_libraries-extras.cmake
[5.954s] -- Installing: /home/kousei/ros2_ws/src/install/cpp_server_client/share/cpp_server_client/cmake/cpp_server_clientConfig.cmake
[5.954s] -- Installing: /home/kousei/ros2_ws/src/install/cpp_server_client/share/cpp_server_client/cmake/cpp_server_clientConfig-version.cmake
[5.954s] -- Installing: /home/kousei/ros2_ws/src/install/cpp_server_client/share/cpp_server_client/package.xml
[5.956s] Invoked command in '/home/kousei/ros2_ws/src/build/cpp_server_client' returned '0': CMAKE_PREFIX_PATH=/opt/ros/humble /usr/bin/cmake --install /home/kousei/ros2_ws/src/build/cpp_server_client
