[0.207s] Invoking command in '/home/osawakousei/ros2_ws/build/unique_identifier_msgs': AMENT_PREFIX_PATH=/home/osawakousei/ros2_ws/install/rosidl_default_generators:/home/osawakousei/ros2_ws/install/rosidl_generator_cs:/home/osawakousei/ros2_ws/install/rosidl_default_runtime:/home/osawakousei/ros2_ws/install/dotnet_cmake_module:/home/osawakousei/ros2_ws/install/ament_cmake_export_assemblies:${AMENT_PREFIX_PATH} CMAKE_PREFIX_PATH=/home/osawakousei/ros2_ws/install/rosidl_default_generators:/home/osawakousei/ros2_ws/install/rosidl_generator_cs:/home/osawakousei/ros2_ws/install/rosidl_default_runtime:/home/osawakousei/ros2_ws/install/dotnet_cmake_module:/home/osawakousei/ros2_ws/install/ament_cmake_export_assemblies:/home/osawakousei/ros2_ws/src/custom_message_unity/install/custom_message_unity:/home/osawakousei/ros2_ws/install/test_package:/home/osawakousei/ros2_ws/install/micro_ros_setup:/home/osawakousei/ros2_ws/install/micro_ros_agent:/home/osawakousei/ros2_ws/install/micro_ros_msgs:/home/osawakousei/ros2_ws/install/android_controll_test:/home/osawakousei/ros2_ws/install/custom_test_msgs:/home/osawakousei/ros2_ws/install/cpp_topic_pubsub:/home/osawakousei/ros2_ws/install/cpp_server_client:/home/osawakousei/ros2_ws/src/android_controll_test/install/custom_test_msgs:/home/osawakousei/ros2_ws/src/android_controll_test/install/android_controll_test:/home/osawakousei/ros2_ws/src/cpp_server_client/install/cpp_server_client:/home/osawakousei/ros2_ws/src/cpp_topic_pubsub/install/cpp_topic_pubsub:/home/osawakousei/ros2_ws/src/test_package/install/test_package:/home/osawakousei/ros2_ws/uros_ws/install/micro_ros_setup:/home/osawakousei/ros2_ws/uros_ws/install/micro_ros_agent:/home/osawakousei/ros2_ws/uros_ws/install/micro_ros_msgs:/home/osawakousei/ros2_ws/src/custom_test_msgs/install/custom_test_msgs:/opt/ros/humble PYTHONPATH=/home/osawakousei/ros2_ws/install/rosidl_generator_cs/local/lib/python3.10/dist-packages:${PYTHONPATH} /usr/bin/cmake /home/osawakousei/ros2_ws/ros2cs/src/ros2/unique_identifier_msgs -DCMAKE_INSTALL_PREFIX=/home/osawakousei/ros2_ws/install/unique_identifier_msgs
[0.470s] -- The C compiler identification is GNU 11.4.0
[0.908s] -- The CXX compiler identification is GNU 11.4.0
[0.946s] -- Detecting C compiler ABI info
[1.319s] -- Detecting C compiler ABI info - done
[1.342s] -- Check for working C compiler: /usr/bin/cc - skipped
[1.343s] -- Detecting C compile features
[1.345s] -- Detecting C compile features - done
[1.353s] -- Detecting CXX compiler ABI info
[1.732s] -- Detecting CXX compiler ABI info - done
[1.752s] -- Check for working CXX compiler: /usr/bin/c++ - skipped
[1.753s] -- Detecting CXX compile features
[1.754s] -- Detecting CXX compile features - done
[1.775s] -- Found ament_cmake: 1.3.5 (/opt/ros/humble/share/ament_cmake/cmake)
[2.467s] -- Found Python3: /usr/bin/python3.10 (found version "3.10.12") found components: Interpreter 
[2.952s] -- Found rosidl_default_generators: 1.2.0 (/home/osawakousei/ros2_ws/install/rosidl_default_generators/share/rosidl_default_generators/cmake)
[2.984s] -- Using all available rosidl_typesupport_c: rosidl_typesupport_fastrtps_c;rosidl_typesupport_introspection_c
[3.040s] -- Found rosidl_adapter: 3.1.5 (/opt/ros/humble/share/rosidl_adapter/cmake)
[3.278s] -- Using all available rosidl_typesupport_cpp: rosidl_typesupport_fastrtps_cpp;rosidl_typesupport_introspection_cpp
[3.466s] -- Found rmw_implementation_cmake: 6.1.1 (/opt/ros/humble/share/rmw_implementation_cmake/cmake)
[4.406s] -- Found ament_cmake_ros: 0.10.0 (/opt/ros/humble/share/ament_cmake_ros/cmake)
[5.143s] -- Using all available rosidl_typesupport_c: rosidl_typesupport_fastrtps_c;rosidl_typesupport_introspection_c
[5.988s] -- Using all available rosidl_typesupport_cpp: rosidl_typesupport_fastrtps_cpp;rosidl_typesupport_introspection_cpp
[5.996s] -- Found ament_cmake_export_assemblies: 0.0.0 (/home/osawakousei/ros2_ws/install/ament_cmake_export_assemblies/share/ament_cmake_export_assemblies/cmake)
[5.999s] -- Found dotnet_cmake_module: 0.0.0 (/home/osawakousei/ros2_ws/install/dotnet_cmake_module/share/dotnet_cmake_module/cmake)
[6.961s] -- Found DotNetCore: /usr/bin/dotnet  
[6.962s] -- Found .NET Core: 6.0.122
[6.963s] -- Using Framework: netstandard2.0
[6.963s] -- Using Framework: netstandard2.0
[6.963s] -- Using Runtime: linux-x64
[7.011s] [31mCMake Error at /home/osawakousei/ros2_ws/install/rosidl_generator_cs/share/rosidl_generator_cs/cmake/rosidl_generator_cs_generate_interfaces.cmake:21 (find_package):
[7.011s]   By not providing "Findros2cs_common.cmake" in CMAKE_MODULE_PATH this
[7.011s]   project has asked CMake to find a package configuration file provided by
[7.011s]   "ros2cs_common", but CMake did not find one.
[7.012s] 
[7.012s]   Could not find a package configuration file provided by "ros2cs_common"
[7.012s]   with any of the following names:
[7.012s] 
[7.013s]     ros2cs_commonConfig.cmake
[7.013s]     ros2cs_common-config.cmake
[7.013s] 
[7.014s]   Add the installation prefix of "ros2cs_common" to CMAKE_PREFIX_PATH or set
[7.014s]   "ros2cs_common_DIR" to a directory containing one of the above files.  If
[7.014s]   "ros2cs_common" provides a separate development package or SDK, be sure it
[7.014s]   has been installed.
[7.014s] Call Stack (most recent call first):
[7.015s]   /opt/ros/humble/share/ament_cmake_core/cmake/core/ament_execute_extensions.cmake:48 (include)
[7.015s]   /opt/ros/humble/share/rosidl_cmake/cmake/rosidl_generate_interfaces.cmake:286 (ament_execute_extensions)
[7.015s]   CMakeLists.txt:21 (rosidl_generate_interfaces)
[7.015s] 
[7.015s] [0m
[7.016s] -- Configuring incomplete, errors occurred!
[7.016s] See also "/home/osawakousei/ros2_ws/build/unique_identifier_msgs/CMakeFiles/CMakeOutput.log".
[7.049s] Invoked command in '/home/osawakousei/ros2_ws/build/unique_identifier_msgs' returned '1': AMENT_PREFIX_PATH=/home/osawakousei/ros2_ws/install/rosidl_default_generators:/home/osawakousei/ros2_ws/install/rosidl_generator_cs:/home/osawakousei/ros2_ws/install/rosidl_default_runtime:/home/osawakousei/ros2_ws/install/dotnet_cmake_module:/home/osawakousei/ros2_ws/install/ament_cmake_export_assemblies:${AMENT_PREFIX_PATH} CMAKE_PREFIX_PATH=/home/osawakousei/ros2_ws/install/rosidl_default_generators:/home/osawakousei/ros2_ws/install/rosidl_generator_cs:/home/osawakousei/ros2_ws/install/rosidl_default_runtime:/home/osawakousei/ros2_ws/install/dotnet_cmake_module:/home/osawakousei/ros2_ws/install/ament_cmake_export_assemblies:/home/osawakousei/ros2_ws/src/custom_message_unity/install/custom_message_unity:/home/osawakousei/ros2_ws/install/test_package:/home/osawakousei/ros2_ws/install/micro_ros_setup:/home/osawakousei/ros2_ws/install/micro_ros_agent:/home/osawakousei/ros2_ws/install/micro_ros_msgs:/home/osawakousei/ros2_ws/install/android_controll_test:/home/osawakousei/ros2_ws/install/custom_test_msgs:/home/osawakousei/ros2_ws/install/cpp_topic_pubsub:/home/osawakousei/ros2_ws/install/cpp_server_client:/home/osawakousei/ros2_ws/src/android_controll_test/install/custom_test_msgs:/home/osawakousei/ros2_ws/src/android_controll_test/install/android_controll_test:/home/osawakousei/ros2_ws/src/cpp_server_client/install/cpp_server_client:/home/osawakousei/ros2_ws/src/cpp_topic_pubsub/install/cpp_topic_pubsub:/home/osawakousei/ros2_ws/src/test_package/install/test_package:/home/osawakousei/ros2_ws/uros_ws/install/micro_ros_setup:/home/osawakousei/ros2_ws/uros_ws/install/micro_ros_agent:/home/osawakousei/ros2_ws/uros_ws/install/micro_ros_msgs:/home/osawakousei/ros2_ws/src/custom_test_msgs/install/custom_test_msgs:/opt/ros/humble PYTHONPATH=/home/osawakousei/ros2_ws/install/rosidl_generator_cs/local/lib/python3.10/dist-packages:${PYTHONPATH} /usr/bin/cmake /home/osawakousei/ros2_ws/ros2cs/src/ros2/unique_identifier_msgs -DCMAKE_INSTALL_PREFIX=/home/osawakousei/ros2_ws/install/unique_identifier_msgs
