-- The C compiler identification is GNU 11.4.0
-- The CXX compiler identification is GNU 11.4.0
-- Detecting C compiler ABI info
-- Detecting C compiler ABI info - done
-- Check for working C compiler: /usr/bin/cc - skipped
-- Detecting C compile features
-- Detecting C compile features - done
-- Detecting CXX compiler ABI info
-- Detecting CXX compiler ABI info - done
-- Check for working CXX compiler: /usr/bin/c++ - skipped
-- Detecting CXX compile features
-- Detecting CXX compile features - done
-- Found ament_cmake: 1.3.5 (/opt/ros/humble/share/ament_cmake/cmake)
-- Found Python3: /usr/bin/python3.10 (found version "3.10.12") found components: Interpreter 
-- Configuring incomplete, errors occurred!
See also "/home/osawakousei/ros2_ws/build/ros2cs_common/CMakeFiles/CMakeOutput.log".
[31mCMake Error at CMakeLists.txt:20 (find_package):
  By not providing "Findament_cmake_export_assemblies.cmake" in
  CMAKE_MODULE_PATH this project has asked CMake to find a package
  configuration file provided by "ament_cmake_export_assemblies", but CMake
  did not find one.

  Could not find a package configuration file provided by
  "ament_cmake_export_assemblies" with any of the following names:

    ament_cmake_export_assembliesConfig.cmake
    ament_cmake_export_assemblies-config.cmake

  Add the installation prefix of "ament_cmake_export_assemblies" to
  CMAKE_PREFIX_PATH or set "ament_cmake_export_assemblies_DIR" to a directory
  containing one of the above files.  If "ament_cmake_export_assemblies"
  provides a separate development package or SDK, be sure it has been
  installed.

[0m
