[0.305s] Invoking command in '/home/osawakousei/ros2_ws/build/ros2cs_common': CMAKE_PREFIX_PATH=${CMAKE_PREFIX_PATH}:/opt/ros/humble /usr/bin/cmake /home/osawakousei/ros2_ws/ros2cs/src/ros2cs/ros2cs_common -DCMAKE_INSTALL_PREFIX=/home/osawakousei/ros2_ws/install/ros2cs_common
[0.524s] -- The C compiler identification is GNU 11.4.0
[0.770s] -- The CXX compiler identification is GNU 11.4.0
[0.813s] -- Detecting C compiler ABI info
[1.450s] -- Detecting C compiler ABI info - done
[1.479s] -- Check for working C compiler: /usr/bin/cc - skipped
[1.479s] -- Detecting C compile features
[1.481s] -- Detecting C compile features - done
[1.550s] -- Detecting CXX compiler ABI info
[2.248s] -- Detecting CXX compiler ABI info - done
[2.269s] -- Check for working CXX compiler: /usr/bin/c++ - skipped
[2.270s] -- Detecting CXX compile features
[2.271s] -- Detecting CXX compile features - done
[2.292s] -- Found ament_cmake: 1.3.5 (/opt/ros/humble/share/ament_cmake/cmake)
[3.260s] -- Found Python3: /usr/bin/python3.10 (found version "3.10.12") found components: Interpreter 
[3.717s] -- Configuring incomplete, errors occurred!
[3.717s] See also "/home/osawakousei/ros2_ws/build/ros2cs_common/CMakeFiles/CMakeOutput.log".
[3.718s] [31mCMake Error at CMakeLists.txt:20 (find_package):
[3.718s]   By not providing "Findament_cmake_export_assemblies.cmake" in
[3.718s]   CMAKE_MODULE_PATH this project has asked CMake to find a package
[3.718s]   configuration file provided by "ament_cmake_export_assemblies", but CMake
[3.718s]   did not find one.
[3.719s] 
[3.719s]   Could not find a package configuration file provided by
[3.719s]   "ament_cmake_export_assemblies" with any of the following names:
[3.719s] 
[3.719s]     ament_cmake_export_assembliesConfig.cmake
[3.720s]     ament_cmake_export_assemblies-config.cmake
[3.720s] 
[3.720s]   Add the installation prefix of "ament_cmake_export_assemblies" to
[3.720s]   CMAKE_PREFIX_PATH or set "ament_cmake_export_assemblies_DIR" to a directory
[3.721s]   containing one of the above files.  If "ament_cmake_export_assemblies"
[3.721s]   provides a separate development package or SDK, be sure it has been
[3.721s]   installed.
[3.721s] 
[3.722s] [0m
[3.727s] Invoked command in '/home/osawakousei/ros2_ws/build/ros2cs_common' returned '1': CMAKE_PREFIX_PATH=${CMAKE_PREFIX_PATH}:/opt/ros/humble /usr/bin/cmake /home/osawakousei/ros2_ws/ros2cs/src/ros2cs/ros2cs_common -DCMAKE_INSTALL_PREFIX=/home/osawakousei/ros2_ws/install/ros2cs_common
