[  2%] Built target cpp_topic_pubsub__cpp
[ 11%] Built target cpp_topic_pubsub__rosidl_generator_c
[ 11%] Built target ament_cmake_python_copy_cpp_topic_pubsub
[ 20%] Built target cpp_topic_pubsub__rosidl_typesupport_cpp
[ 28%] Built target cpp_topic_pubsub__rosidl_typesupport_fastrtps_cpp
[ 37%] Built target cpp_topic_pubsub__rosidl_typesupport_introspection_cpp
[ 45%] Built target cpp_topic_pubsub__rosidl_typesupport_fastrtps_c
[ 54%] Built target cpp_topic_pubsub__rosidl_typesupport_introspection_c
[ 62%] Built target cpp_topic_pubsub__rosidl_typesupport_c
[ 68%] Built target practice_publisher_node
[ 74%] Built target practice_subscriber_node
[ 74%] Built target cpp_topic_pubsub
[ 77%] Built target cpp_topic_pubsub__py
[ 82%] Built target cpp_topic_pubsub__rosidl_generator_py
[ 88%] Built target cpp_topic_pubsub__rosidl_typesupport_introspection_c__pyext
[ 94%] Built target cpp_topic_pubsub__rosidl_typesupport_c__pyext
[100%] Built target cpp_topic_pubsub__rosidl_typesupport_fastrtps_c__pyext
running egg_info
writing cpp_topic_pubsub.egg-info/PKG-INFO
writing dependency_links to cpp_topic_pubsub.egg-info/dependency_links.txt
writing top-level names to cpp_topic_pubsub.egg-info/top_level.txt
reading manifest file 'cpp_topic_pubsub.egg-info/SOURCES.txt'
writing manifest file 'cpp_topic_pubsub.egg-info/SOURCES.txt'
[100%] Built target ament_cmake_python_build_cpp_topic_pubsub_egg
-- Install configuration: ""
-- Up-to-date: /home/osawakousei/ros2_ws/install/cpp_topic_pubsub/share/ament_index/resource_index/rosidl_interfaces/cpp_topic_pubsub
-- Up-to-date: /home/osawakousei/ros2_ws/install/cpp_topic_pubsub/include/cpp_topic_pubsub/cpp_topic_pubsub
-- Up-to-date: /home/osawakousei/ros2_ws/install/cpp_topic_pubsub/include/cpp_topic_pubsub/cpp_topic_pubsub/msg
-- Up-to-date: /home/osawakousei/ros2_ws/install/cpp_topic_pubsub/include/cpp_topic_pubsub/cpp_topic_pubsub/msg/practice_msg.h
-- Up-to-date: /home/osawakousei/ros2_ws/install/cpp_topic_pubsub/include/cpp_topic_pubsub/cpp_topic_pubsub/msg/rosidl_generator_c__visibility_control.h
-- Up-to-date: /home/osawakousei/ros2_ws/install/cpp_topic_pubsub/include/cpp_topic_pubsub/cpp_topic_pubsub/msg/detail
-- Up-to-date: /home/osawakousei/ros2_ws/install/cpp_topic_pubsub/include/cpp_topic_pubsub/cpp_topic_pubsub/msg/detail/practice_msg__struct.h
-- Up-to-date: /home/osawakousei/ros2_ws/install/cpp_topic_pubsub/include/cpp_topic_pubsub/cpp_topic_pubsub/msg/detail/practice_msg__functions.c
-- Up-to-date: /home/osawakousei/ros2_ws/install/cpp_topic_pubsub/include/cpp_topic_pubsub/cpp_topic_pubsub/msg/detail/practice_msg__type_support.h
-- Up-to-date: /home/osawakousei/ros2_ws/install/cpp_topic_pubsub/include/cpp_topic_pubsub/cpp_topic_pubsub/msg/detail/practice_msg__functions.h
-- Up-to-date: /home/osawakousei/ros2_ws/install/cpp_topic_pubsub/share/cpp_topic_pubsub/environment/library_path.sh
-- Installing: /home/osawakousei/ros2_ws/install/cpp_topic_pubsub/share/cpp_topic_pubsub/environment/library_path.dsv
-- Installing: /home/osawakousei/ros2_ws/install/cpp_topic_pubsub/lib/libcpp_topic_pubsub__rosidl_generator_c.so
-- Set runtime path of "/home/osawakousei/ros2_ws/install/cpp_topic_pubsub/lib/libcpp_topic_pubsub__rosidl_generator_c.so" to ""
-- Up-to-date: /home/osawakousei/ros2_ws/install/cpp_topic_pubsub/include/cpp_topic_pubsub/cpp_topic_pubsub
-- Up-to-date: /home/osawakousei/ros2_ws/install/cpp_topic_pubsub/include/cpp_topic_pubsub/cpp_topic_pubsub/msg
-- Up-to-date: /home/osawakousei/ros2_ws/install/cpp_topic_pubsub/include/cpp_topic_pubsub/cpp_topic_pubsub/msg/detail
-- Up-to-date: /home/osawakousei/ros2_ws/install/cpp_topic_pubsub/include/cpp_topic_pubsub/cpp_topic_pubsub/msg/detail/practice_msg__rosidl_typesupport_fastrtps_c.h
-- Up-to-date: /home/osawakousei/ros2_ws/install/cpp_topic_pubsub/include/cpp_topic_pubsub/cpp_topic_pubsub/msg/rosidl_typesupport_fastrtps_c__visibility_control.h
-- Installing: /home/osawakousei/ros2_ws/install/cpp_topic_pubsub/lib/libcpp_topic_pubsub__rosidl_typesupport_fastrtps_c.so
-- Set runtime path of "/home/osawakousei/ros2_ws/install/cpp_topic_pubsub/lib/libcpp_topic_pubsub__rosidl_typesupport_fastrtps_c.so" to ""
-- Up-to-date: /home/osawakousei/ros2_ws/install/cpp_topic_pubsub/include/cpp_topic_pubsub/cpp_topic_pubsub
-- Up-to-date: /home/osawakousei/ros2_ws/install/cpp_topic_pubsub/include/cpp_topic_pubsub/cpp_topic_pubsub/msg
-- Up-to-date: /home/osawakousei/ros2_ws/install/cpp_topic_pubsub/include/cpp_topic_pubsub/cpp_topic_pubsub/msg/practice_msg.hpp
-- Up-to-date: /home/osawakousei/ros2_ws/install/cpp_topic_pubsub/include/cpp_topic_pubsub/cpp_topic_pubsub/msg/detail
-- Up-to-date: /home/osawakousei/ros2_ws/install/cpp_topic_pubsub/include/cpp_topic_pubsub/cpp_topic_pubsub/msg/detail/practice_msg__traits.hpp
-- Up-to-date: /home/osawakousei/ros2_ws/install/cpp_topic_pubsub/include/cpp_topic_pubsub/cpp_topic_pubsub/msg/detail/practice_msg__struct.hpp
-- Up-to-date: /home/osawakousei/ros2_ws/install/cpp_topic_pubsub/include/cpp_topic_pubsub/cpp_topic_pubsub/msg/detail/practice_msg__builder.hpp
-- Up-to-date: /home/osawakousei/ros2_ws/install/cpp_topic_pubsub/include/cpp_topic_pubsub/cpp_topic_pubsub
-- Up-to-date: /home/osawakousei/ros2_ws/install/cpp_topic_pubsub/include/cpp_topic_pubsub/cpp_topic_pubsub/msg
-- Up-to-date: /home/osawakousei/ros2_ws/install/cpp_topic_pubsub/include/cpp_topic_pubsub/cpp_topic_pubsub/msg/rosidl_typesupport_fastrtps_cpp__visibility_control.h
-- Up-to-date: /home/osawakousei/ros2_ws/install/cpp_topic_pubsub/include/cpp_topic_pubsub/cpp_topic_pubsub/msg/detail
-- Up-to-date: /home/osawakousei/ros2_ws/install/cpp_topic_pubsub/include/cpp_topic_pubsub/cpp_topic_pubsub/msg/detail/dds_fastrtps
-- Up-to-date: /home/osawakousei/ros2_ws/install/cpp_topic_pubsub/include/cpp_topic_pubsub/cpp_topic_pubsub/msg/detail/practice_msg__rosidl_typesupport_fastrtps_cpp.hpp
-- Installing: /home/osawakousei/ros2_ws/install/cpp_topic_pubsub/lib/libcpp_topic_pubsub__rosidl_typesupport_fastrtps_cpp.so
-- Set runtime path of "/home/osawakousei/ros2_ws/install/cpp_topic_pubsub/lib/libcpp_topic_pubsub__rosidl_typesupport_fastrtps_cpp.so" to ""
-- Up-to-date: /home/osawakousei/ros2_ws/install/cpp_topic_pubsub/include/cpp_topic_pubsub/cpp_topic_pubsub
-- Up-to-date: /home/osawakousei/ros2_ws/install/cpp_topic_pubsub/include/cpp_topic_pubsub/cpp_topic_pubsub/msg
-- Up-to-date: /home/osawakousei/ros2_ws/install/cpp_topic_pubsub/include/cpp_topic_pubsub/cpp_topic_pubsub/msg/rosidl_typesupport_introspection_c__visibility_control.h
-- Up-to-date: /home/osawakousei/ros2_ws/install/cpp_topic_pubsub/include/cpp_topic_pubsub/cpp_topic_pubsub/msg/detail
-- Up-to-date: /home/osawakousei/ros2_ws/install/cpp_topic_pubsub/include/cpp_topic_pubsub/cpp_topic_pubsub/msg/detail/practice_msg__rosidl_typesupport_introspection_c.h
-- Up-to-date: /home/osawakousei/ros2_ws/install/cpp_topic_pubsub/include/cpp_topic_pubsub/cpp_topic_pubsub/msg/detail/practice_msg__type_support.c
-- Installing: /home/osawakousei/ros2_ws/install/cpp_topic_pubsub/lib/libcpp_topic_pubsub__rosidl_typesupport_introspection_c.so
-- Set runtime path of "/home/osawakousei/ros2_ws/install/cpp_topic_pubsub/lib/libcpp_topic_pubsub__rosidl_typesupport_introspection_c.so" to ""
-- Installing: /home/osawakousei/ros2_ws/install/cpp_topic_pubsub/lib/libcpp_topic_pubsub__rosidl_typesupport_c.so
-- Set runtime path of "/home/osawakousei/ros2_ws/install/cpp_topic_pubsub/lib/libcpp_topic_pubsub__rosidl_typesupport_c.so" to ""
-- Up-to-date: /home/osawakousei/ros2_ws/install/cpp_topic_pubsub/include/cpp_topic_pubsub/cpp_topic_pubsub
-- Up-to-date: /home/osawakousei/ros2_ws/install/cpp_topic_pubsub/include/cpp_topic_pubsub/cpp_topic_pubsub/msg
-- Up-to-date: /home/osawakousei/ros2_ws/install/cpp_topic_pubsub/include/cpp_topic_pubsub/cpp_topic_pubsub/msg/detail
-- Up-to-date: /home/osawakousei/ros2_ws/install/cpp_topic_pubsub/include/cpp_topic_pubsub/cpp_topic_pubsub/msg/detail/practice_msg__rosidl_typesupport_introspection_cpp.hpp
-- Up-to-date: /home/osawakousei/ros2_ws/install/cpp_topic_pubsub/include/cpp_topic_pubsub/cpp_topic_pubsub/msg/detail/practice_msg__type_support.cpp
-- Installing: /home/osawakousei/ros2_ws/install/cpp_topic_pubsub/lib/libcpp_topic_pubsub__rosidl_typesupport_introspection_cpp.so
-- Set runtime path of "/home/osawakousei/ros2_ws/install/cpp_topic_pubsub/lib/libcpp_topic_pubsub__rosidl_typesupport_introspection_cpp.so" to ""
-- Installing: /home/osawakousei/ros2_ws/install/cpp_topic_pubsub/lib/libcpp_topic_pubsub__rosidl_typesupport_cpp.so
-- Set runtime path of "/home/osawakousei/ros2_ws/install/cpp_topic_pubsub/lib/libcpp_topic_pubsub__rosidl_typesupport_cpp.so" to ""
-- Up-to-date: /home/osawakousei/ros2_ws/install/cpp_topic_pubsub/share/cpp_topic_pubsub/environment/pythonpath.sh
-- Installing: /home/osawakousei/ros2_ws/install/cpp_topic_pubsub/share/cpp_topic_pubsub/environment/pythonpath.dsv
-- Up-to-date: /home/osawakousei/ros2_ws/install/cpp_topic_pubsub/local/lib/python3.10/dist-packages/cpp_topic_pubsub-0.0.0-py3.10.egg-info
-- Installing: /home/osawakousei/ros2_ws/install/cpp_topic_pubsub/local/lib/python3.10/dist-packages/cpp_topic_pubsub-0.0.0-py3.10.egg-info/top_level.txt
-- Installing: /home/osawakousei/ros2_ws/install/cpp_topic_pubsub/local/lib/python3.10/dist-packages/cpp_topic_pubsub-0.0.0-py3.10.egg-info/SOURCES.txt
-- Installing: /home/osawakousei/ros2_ws/install/cpp_topic_pubsub/local/lib/python3.10/dist-packages/cpp_topic_pubsub-0.0.0-py3.10.egg-info/dependency_links.txt
-- Installing: /home/osawakousei/ros2_ws/install/cpp_topic_pubsub/local/lib/python3.10/dist-packages/cpp_topic_pubsub-0.0.0-py3.10.egg-info/PKG-INFO
-- Up-to-date: /home/osawakousei/ros2_ws/install/cpp_topic_pubsub/local/lib/python3.10/dist-packages/cpp_topic_pubsub
-- Up-to-date: /home/osawakousei/ros2_ws/install/cpp_topic_pubsub/local/lib/python3.10/dist-packages/cpp_topic_pubsub/_cpp_topic_pubsub_s.ep.rosidl_typesupport_fastrtps_c.c
-- Installing: /home/osawakousei/ros2_ws/install/cpp_topic_pubsub/local/lib/python3.10/dist-packages/cpp_topic_pubsub/cpp_topic_pubsub_s__rosidl_typesupport_c.cpython-310-x86_64-linux-gnu.so
-- Installing: /home/osawakousei/ros2_ws/install/cpp_topic_pubsub/local/lib/python3.10/dist-packages/cpp_topic_pubsub/cpp_topic_pubsub_s__rosidl_typesupport_fastrtps_c.cpython-310-x86_64-linux-gnu.so
-- Up-to-date: /home/osawakousei/ros2_ws/install/cpp_topic_pubsub/local/lib/python3.10/dist-packages/cpp_topic_pubsub/_cpp_topic_pubsub_s.ep.rosidl_typesupport_introspection_c.c
-- Installing: /home/osawakousei/ros2_ws/install/cpp_topic_pubsub/local/lib/python3.10/dist-packages/cpp_topic_pubsub/cpp_topic_pubsub_s__rosidl_typesupport_introspection_c.cpython-310-x86_64-linux-gnu.so
-- Installing: /home/osawakousei/ros2_ws/install/cpp_topic_pubsub/local/lib/python3.10/dist-packages/cpp_topic_pubsub/libcpp_topic_pubsub__rosidl_generator_py.so
-- Installing: /home/osawakousei/ros2_ws/install/cpp_topic_pubsub/local/lib/python3.10/dist-packages/cpp_topic_pubsub/__init__.py
-- Up-to-date: /home/osawakousei/ros2_ws/install/cpp_topic_pubsub/local/lib/python3.10/dist-packages/cpp_topic_pubsub/_cpp_topic_pubsub_s.ep.rosidl_typesupport_c.c
-- Up-to-date: /home/osawakousei/ros2_ws/install/cpp_topic_pubsub/local/lib/python3.10/dist-packages/cpp_topic_pubsub/msg
-- Up-to-date: /home/osawakousei/ros2_ws/install/cpp_topic_pubsub/local/lib/python3.10/dist-packages/cpp_topic_pubsub/msg/_practice_msg.py
-- Up-to-date: /home/osawakousei/ros2_ws/install/cpp_topic_pubsub/local/lib/python3.10/dist-packages/cpp_topic_pubsub/msg/__init__.py
-- Up-to-date: /home/osawakousei/ros2_ws/install/cpp_topic_pubsub/local/lib/python3.10/dist-packages/cpp_topic_pubsub/msg/_practice_msg_s.c
Listing '/home/osawakousei/ros2_ws/install/cpp_topic_pubsub/local/lib/python3.10/dist-packages/cpp_topic_pubsub'...
Compiling '/home/osawakousei/ros2_ws/install/cpp_topic_pubsub/local/lib/python3.10/dist-packages/cpp_topic_pubsub/__init__.py'...
Listing '/home/osawakousei/ros2_ws/install/cpp_topic_pubsub/local/lib/python3.10/dist-packages/cpp_topic_pubsub/msg'...
-- Installing: /home/osawakousei/ros2_ws/install/cpp_topic_pubsub/local/lib/python3.10/dist-packages/cpp_topic_pubsub/cpp_topic_pubsub_s__rosidl_typesupport_fastrtps_c.cpython-310-x86_64-linux-gnu.so
-- Set runtime path of "/home/osawakousei/ros2_ws/install/cpp_topic_pubsub/local/lib/python3.10/dist-packages/cpp_topic_pubsub/cpp_topic_pubsub_s__rosidl_typesupport_fastrtps_c.cpython-310-x86_64-linux-gnu.so" to ""
-- Installing: /home/osawakousei/ros2_ws/install/cpp_topic_pubsub/local/lib/python3.10/dist-packages/cpp_topic_pubsub/cpp_topic_pubsub_s__rosidl_typesupport_introspection_c.cpython-310-x86_64-linux-gnu.so
-- Set runtime path of "/home/osawakousei/ros2_ws/install/cpp_topic_pubsub/local/lib/python3.10/dist-packages/cpp_topic_pubsub/cpp_topic_pubsub_s__rosidl_typesupport_introspection_c.cpython-310-x86_64-linux-gnu.so" to ""
-- Installing: /home/osawakousei/ros2_ws/install/cpp_topic_pubsub/local/lib/python3.10/dist-packages/cpp_topic_pubsub/cpp_topic_pubsub_s__rosidl_typesupport_c.cpython-310-x86_64-linux-gnu.so
-- Set runtime path of "/home/osawakousei/ros2_ws/install/cpp_topic_pubsub/local/lib/python3.10/dist-packages/cpp_topic_pubsub/cpp_topic_pubsub_s__rosidl_typesupport_c.cpython-310-x86_64-linux-gnu.so" to ""
-- Installing: /home/osawakousei/ros2_ws/install/cpp_topic_pubsub/lib/libcpp_topic_pubsub__rosidl_generator_py.so
-- Set runtime path of "/home/osawakousei/ros2_ws/install/cpp_topic_pubsub/lib/libcpp_topic_pubsub__rosidl_generator_py.so" to ""
-- Up-to-date: /home/osawakousei/ros2_ws/install/cpp_topic_pubsub/share/cpp_topic_pubsub/msg/PracticeMsg.idl
-- Up-to-date: /home/osawakousei/ros2_ws/install/cpp_topic_pubsub/share/cpp_topic_pubsub/msg/PracticeMsg.msg
-- Installing: /home/osawakousei/ros2_ws/install/cpp_topic_pubsub/lib/cpp_topic_pubsub/practice_publisher_node
-- Set runtime path of "/home/osawakousei/ros2_ws/install/cpp_topic_pubsub/lib/cpp_topic_pubsub/practice_publisher_node" to ""
-- Installing: /home/osawakousei/ros2_ws/install/cpp_topic_pubsub/lib/cpp_topic_pubsub/practice_subscriber_node
-- Set runtime path of "/home/osawakousei/ros2_ws/install/cpp_topic_pubsub/lib/cpp_topic_pubsub/practice_subscriber_node" to ""
-- Up-to-date: /home/osawakousei/ros2_ws/install/cpp_topic_pubsub/share/ament_index/resource_index/package_run_dependencies/cpp_topic_pubsub
-- Installing: /home/osawakousei/ros2_ws/install/cpp_topic_pubsub/share/ament_index/resource_index/parent_prefix_path/cpp_topic_pubsub
-- Up-to-date: /home/osawakousei/ros2_ws/install/cpp_topic_pubsub/share/cpp_topic_pubsub/environment/ament_prefix_path.sh
-- Installing: /home/osawakousei/ros2_ws/install/cpp_topic_pubsub/share/cpp_topic_pubsub/environment/ament_prefix_path.dsv
-- Up-to-date: /home/osawakousei/ros2_ws/install/cpp_topic_pubsub/share/cpp_topic_pubsub/environment/path.sh
-- Installing: /home/osawakousei/ros2_ws/install/cpp_topic_pubsub/share/cpp_topic_pubsub/environment/path.dsv
-- Up-to-date: /home/osawakousei/ros2_ws/install/cpp_topic_pubsub/share/cpp_topic_pubsub/local_setup.bash
-- Up-to-date: /home/osawakousei/ros2_ws/install/cpp_topic_pubsub/share/cpp_topic_pubsub/local_setup.sh
-- Up-to-date: /home/osawakousei/ros2_ws/install/cpp_topic_pubsub/share/cpp_topic_pubsub/local_setup.zsh
-- Installing: /home/osawakousei/ros2_ws/install/cpp_topic_pubsub/share/cpp_topic_pubsub/local_setup.dsv
-- Installing: /home/osawakousei/ros2_ws/install/cpp_topic_pubsub/share/cpp_topic_pubsub/package.dsv
-- Up-to-date: /home/osawakousei/ros2_ws/install/cpp_topic_pubsub/share/ament_index/resource_index/packages/cpp_topic_pubsub
-- Up-to-date: /home/osawakousei/ros2_ws/install/cpp_topic_pubsub/share/cpp_topic_pubsub/cmake/export_cpp_topic_pubsub__rosidl_generator_cExport.cmake
-- Up-to-date: /home/osawakousei/ros2_ws/install/cpp_topic_pubsub/share/cpp_topic_pubsub/cmake/export_cpp_topic_pubsub__rosidl_generator_cExport-noconfig.cmake
-- Up-to-date: /home/osawakousei/ros2_ws/install/cpp_topic_pubsub/share/cpp_topic_pubsub/cmake/export_cpp_topic_pubsub__rosidl_typesupport_fastrtps_cExport.cmake
-- Up-to-date: /home/osawakousei/ros2_ws/install/cpp_topic_pubsub/share/cpp_topic_pubsub/cmake/export_cpp_topic_pubsub__rosidl_typesupport_fastrtps_cExport-noconfig.cmake
-- Up-to-date: /home/osawakousei/ros2_ws/install/cpp_topic_pubsub/share/cpp_topic_pubsub/cmake/export_cpp_topic_pubsub__rosidl_generator_cppExport.cmake
-- Up-to-date: /home/osawakousei/ros2_ws/install/cpp_topic_pubsub/share/cpp_topic_pubsub/cmake/export_cpp_topic_pubsub__rosidl_typesupport_fastrtps_cppExport.cmake
-- Up-to-date: /home/osawakousei/ros2_ws/install/cpp_topic_pubsub/share/cpp_topic_pubsub/cmake/export_cpp_topic_pubsub__rosidl_typesupport_fastrtps_cppExport-noconfig.cmake
-- Up-to-date: /home/osawakousei/ros2_ws/install/cpp_topic_pubsub/share/cpp_topic_pubsub/cmake/cpp_topic_pubsub__rosidl_typesupport_introspection_cExport.cmake
-- Up-to-date: /home/osawakousei/ros2_ws/install/cpp_topic_pubsub/share/cpp_topic_pubsub/cmake/cpp_topic_pubsub__rosidl_typesupport_introspection_cExport-noconfig.cmake
-- Up-to-date: /home/osawakousei/ros2_ws/install/cpp_topic_pubsub/share/cpp_topic_pubsub/cmake/cpp_topic_pubsub__rosidl_typesupport_cExport.cmake
-- Up-to-date: /home/osawakousei/ros2_ws/install/cpp_topic_pubsub/share/cpp_topic_pubsub/cmake/cpp_topic_pubsub__rosidl_typesupport_cExport-noconfig.cmake
-- Up-to-date: /home/osawakousei/ros2_ws/install/cpp_topic_pubsub/share/cpp_topic_pubsub/cmake/cpp_topic_pubsub__rosidl_typesupport_introspection_cppExport.cmake
-- Up-to-date: /home/osawakousei/ros2_ws/install/cpp_topic_pubsub/share/cpp_topic_pubsub/cmake/cpp_topic_pubsub__rosidl_typesupport_introspection_cppExport-noconfig.cmake
-- Up-to-date: /home/osawakousei/ros2_ws/install/cpp_topic_pubsub/share/cpp_topic_pubsub/cmake/cpp_topic_pubsub__rosidl_typesupport_cppExport.cmake
-- Up-to-date: /home/osawakousei/ros2_ws/install/cpp_topic_pubsub/share/cpp_topic_pubsub/cmake/cpp_topic_pubsub__rosidl_typesupport_cppExport-noconfig.cmake
-- Up-to-date: /home/osawakousei/ros2_ws/install/cpp_topic_pubsub/share/cpp_topic_pubsub/cmake/export_cpp_topic_pubsub__rosidl_generator_pyExport.cmake
-- Up-to-date: /home/osawakousei/ros2_ws/install/cpp_topic_pubsub/share/cpp_topic_pubsub/cmake/export_cpp_topic_pubsub__rosidl_generator_pyExport-noconfig.cmake
-- Up-to-date: /home/osawakousei/ros2_ws/install/cpp_topic_pubsub/share/cpp_topic_pubsub/cmake/rosidl_cmake-extras.cmake
-- Up-to-date: /home/osawakousei/ros2_ws/install/cpp_topic_pubsub/share/cpp_topic_pubsub/cmake/ament_cmake_export_include_directories-extras.cmake
-- Up-to-date: /home/osawakousei/ros2_ws/install/cpp_topic_pubsub/share/cpp_topic_pubsub/cmake/ament_cmake_export_libraries-extras.cmake
-- Up-to-date: /home/osawakousei/ros2_ws/install/cpp_topic_pubsub/share/cpp_topic_pubsub/cmake/ament_cmake_export_targets-extras.cmake
-- Up-to-date: /home/osawakousei/ros2_ws/install/cpp_topic_pubsub/share/cpp_topic_pubsub/cmake/rosidl_cmake_export_typesupport_targets-extras.cmake
-- Up-to-date: /home/osawakousei/ros2_ws/install/cpp_topic_pubsub/share/cpp_topic_pubsub/cmake/ament_cmake_export_dependencies-extras.cmake
-- Up-to-date: /home/osawakousei/ros2_ws/install/cpp_topic_pubsub/share/cpp_topic_pubsub/cmake/rosidl_cmake_export_typesupport_libraries-extras.cmake
-- Up-to-date: /home/osawakousei/ros2_ws/install/cpp_topic_pubsub/share/cpp_topic_pubsub/cmake/cpp_topic_pubsubConfig.cmake
-- Up-to-date: /home/osawakousei/ros2_ws/install/cpp_topic_pubsub/share/cpp_topic_pubsub/cmake/cpp_topic_pubsubConfig-version.cmake
-- Up-to-date: /home/osawakousei/ros2_ws/install/cpp_topic_pubsub/share/cpp_topic_pubsub/package.xml
