[0.407s] DEBUG:colcon:Command line arguments: ['/usr/bin/colcon', 'build']
[0.407s] DEBUG:colcon:Parsed command line arguments: Namespace(log_base=None, log_level=None, verb_name='build', build_base='build', install_base='install', merge_install=False, symlink_install=False, test_result_base=None, continue_on_error=False, executor='parallel', parallel_workers=16, event_handlers=None, ignore_user_meta=False, metas=['./colcon.meta'], base_paths=['.'], packages_ignore=None, packages_ignore_regex=None, paths=None, packages_up_to=None, packages_up_to_regex=None, packages_above=None, packages_above_and_dependencies=None, packages_above_depth=None, packages_select_by_dep=None, packages_skip_by_dep=None, packages_skip_up_to=None, packages_select_build_failed=False, packages_skip_build_finished=False, packages_select_test_failures=False, packages_skip_test_passed=False, packages_select=None, packages_skip=None, packages_select_regex=None, packages_skip_regex=None, packages_start=None, packages_end=None, allow_overriding=[], cmake_args=None, cmake_target=None, cmake_target_skip_unavailable=False, cmake_clean_cache=False, cmake_clean_first=False, cmake_force_configure=False, ament_cmake_args=None, catkin_cmake_args=None, catkin_skip_building_tests=False, verb_parser=<colcon_defaults.argument_parser.defaults.DefaultArgumentsDecorator object at 0x7f324269ea40>, verb_extension=<colcon_core.verb.build.BuildVerb object at 0x7f3242ac6fe0>, main=<bound method BuildVerb.main of <colcon_core.verb.build.BuildVerb object at 0x7f3242ac6fe0>>)
[0.429s] Level 1:colcon.colcon_core.package_discovery:discover_packages(colcon_meta) check parameters
[0.429s] Level 1:colcon.colcon_core.package_discovery:discover_packages(recursive) check parameters
[0.429s] Level 1:colcon.colcon_core.package_discovery:discover_packages(ignore) check parameters
[0.429s] Level 1:colcon.colcon_core.package_discovery:discover_packages(path) check parameters
[0.429s] Level 1:colcon.colcon_core.package_discovery:discover_packages(colcon_meta) discover
[0.429s] Level 1:colcon.colcon_core.package_discovery:discover_packages(recursive) discover
[0.429s] INFO:colcon.colcon_core.package_discovery:Crawling recursively for packages in '/home/kousei/ros2_ws/src'
[0.429s] Level 1:colcon.colcon_core.package_identification:_identify(.) by extensions ['ignore', 'ignore_ament_install']
[0.429s] Level 1:colcon.colcon_core.package_identification:_identify(.) by extension 'ignore'
[0.429s] Level 1:colcon.colcon_core.package_identification:_identify(.) by extension 'ignore_ament_install'
[0.429s] Level 1:colcon.colcon_core.package_identification:_identify(.) by extensions ['colcon_pkg']
[0.429s] Level 1:colcon.colcon_core.package_identification:_identify(.) by extension 'colcon_pkg'
[0.429s] Level 1:colcon.colcon_core.package_identification:_identify(.) by extensions ['colcon_meta']
[0.429s] Level 1:colcon.colcon_core.package_identification:_identify(.) by extension 'colcon_meta'
[0.429s] Level 1:colcon.colcon_core.package_identification:_identify(.) by extensions ['ros']
[0.429s] Level 1:colcon.colcon_core.package_identification:_identify(.) by extension 'ros'
[0.435s] Level 1:colcon.colcon_core.package_identification:_identify(.) by extensions ['cmake', 'python']
[0.435s] Level 1:colcon.colcon_core.package_identification:_identify(.) by extension 'cmake'
[0.435s] Level 1:colcon.colcon_core.package_identification:_identify(.) by extension 'python'
[0.435s] Level 1:colcon.colcon_core.package_identification:_identify(.) by extensions ['python_setup_py']
[0.435s] Level 1:colcon.colcon_core.package_identification:_identify(.) by extension 'python_setup_py'
[0.435s] Level 1:colcon.colcon_core.package_identification:_identify(android_controll_test) by extensions ['ignore', 'ignore_ament_install']
[0.435s] Level 1:colcon.colcon_core.package_identification:_identify(android_controll_test) by extension 'ignore'
[0.435s] Level 1:colcon.colcon_core.package_identification:_identify(android_controll_test) by extension 'ignore_ament_install'
[0.435s] Level 1:colcon.colcon_core.package_identification:_identify(android_controll_test) by extensions ['colcon_pkg']
[0.435s] Level 1:colcon.colcon_core.package_identification:_identify(android_controll_test) by extension 'colcon_pkg'
[0.435s] Level 1:colcon.colcon_core.package_identification:_identify(android_controll_test) by extensions ['colcon_meta']
[0.435s] Level 1:colcon.colcon_core.package_identification:_identify(android_controll_test) by extension 'colcon_meta'
[0.435s] Level 1:colcon.colcon_core.package_identification:_identify(android_controll_test) by extensions ['ros']
[0.435s] Level 1:colcon.colcon_core.package_identification:_identify(android_controll_test) by extension 'ros'
[0.437s] DEBUG:colcon.colcon_core.package_identification:Package 'android_controll_test' with type 'ros.ament_cmake' and name 'android_controll_test'
[0.437s] Level 1:colcon.colcon_core.package_identification:_identify(build) by extensions ['ignore', 'ignore_ament_install']
[0.437s] Level 1:colcon.colcon_core.package_identification:_identify(build) by extension 'ignore'
[0.437s] Level 1:colcon.colcon_core.package_identification:_identify(build) ignored
[0.437s] Level 1:colcon.colcon_core.package_identification:_identify(cpp_server_client) by extensions ['ignore', 'ignore_ament_install']
[0.437s] Level 1:colcon.colcon_core.package_identification:_identify(cpp_server_client) by extension 'ignore'
[0.437s] Level 1:colcon.colcon_core.package_identification:_identify(cpp_server_client) by extension 'ignore_ament_install'
[0.437s] Level 1:colcon.colcon_core.package_identification:_identify(cpp_server_client) by extensions ['colcon_pkg']
[0.437s] Level 1:colcon.colcon_core.package_identification:_identify(cpp_server_client) by extension 'colcon_pkg'
[0.437s] Level 1:colcon.colcon_core.package_identification:_identify(cpp_server_client) by extensions ['colcon_meta']
[0.437s] Level 1:colcon.colcon_core.package_identification:_identify(cpp_server_client) by extension 'colcon_meta'
[0.437s] Level 1:colcon.colcon_core.package_identification:_identify(cpp_server_client) by extensions ['ros']
[0.437s] Level 1:colcon.colcon_core.package_identification:_identify(cpp_server_client) by extension 'ros'
[0.437s] DEBUG:colcon.colcon_core.package_identification:Package 'cpp_server_client' with type 'ros.ament_cmake' and name 'cpp_server_client'
[0.437s] Level 1:colcon.colcon_core.package_identification:_identify(cpp_topic_pubsub) by extensions ['ignore', 'ignore_ament_install']
[0.437s] Level 1:colcon.colcon_core.package_identification:_identify(cpp_topic_pubsub) by extension 'ignore'
[0.437s] Level 1:colcon.colcon_core.package_identification:_identify(cpp_topic_pubsub) by extension 'ignore_ament_install'
[0.437s] Level 1:colcon.colcon_core.package_identification:_identify(cpp_topic_pubsub) by extensions ['colcon_pkg']
[0.437s] Level 1:colcon.colcon_core.package_identification:_identify(cpp_topic_pubsub) by extension 'colcon_pkg'
[0.438s] Level 1:colcon.colcon_core.package_identification:_identify(cpp_topic_pubsub) by extensions ['colcon_meta']
[0.438s] Level 1:colcon.colcon_core.package_identification:_identify(cpp_topic_pubsub) by extension 'colcon_meta'
[0.438s] Level 1:colcon.colcon_core.package_identification:_identify(cpp_topic_pubsub) by extensions ['ros']
[0.438s] Level 1:colcon.colcon_core.package_identification:_identify(cpp_topic_pubsub) by extension 'ros'
[0.438s] DEBUG:colcon.colcon_core.package_identification:Package 'cpp_topic_pubsub' with type 'ros.ament_cmake' and name 'cpp_topic_pubsub'
[0.438s] Level 1:colcon.colcon_core.package_identification:_identify(custom_message_unity) by extensions ['ignore', 'ignore_ament_install']
[0.438s] Level 1:colcon.colcon_core.package_identification:_identify(custom_message_unity) by extension 'ignore'
[0.438s] Level 1:colcon.colcon_core.package_identification:_identify(custom_message_unity) by extension 'ignore_ament_install'
[0.438s] Level 1:colcon.colcon_core.package_identification:_identify(custom_message_unity) by extensions ['colcon_pkg']
[0.438s] Level 1:colcon.colcon_core.package_identification:_identify(custom_message_unity) by extension 'colcon_pkg'
[0.438s] Level 1:colcon.colcon_core.package_identification:_identify(custom_message_unity) by extensions ['colcon_meta']
[0.438s] Level 1:colcon.colcon_core.package_identification:_identify(custom_message_unity) by extension 'colcon_meta'
[0.438s] Level 1:colcon.colcon_core.package_identification:_identify(custom_message_unity) by extensions ['ros']
[0.438s] Level 1:colcon.colcon_core.package_identification:_identify(custom_message_unity) by extension 'ros'
[0.438s] DEBUG:colcon.colcon_core.package_identification:Package 'custom_message_unity' with type 'ros.ament_cmake' and name 'custom_message_unity'
[0.438s] Level 1:colcon.colcon_core.package_identification:_identify(custom_test_msgs) by extensions ['ignore', 'ignore_ament_install']
[0.438s] Level 1:colcon.colcon_core.package_identification:_identify(custom_test_msgs) by extension 'ignore'
[0.438s] Level 1:colcon.colcon_core.package_identification:_identify(custom_test_msgs) by extension 'ignore_ament_install'
[0.438s] Level 1:colcon.colcon_core.package_identification:_identify(custom_test_msgs) by extensions ['colcon_pkg']
[0.438s] Level 1:colcon.colcon_core.package_identification:_identify(custom_test_msgs) by extension 'colcon_pkg'
[0.438s] Level 1:colcon.colcon_core.package_identification:_identify(custom_test_msgs) by extensions ['colcon_meta']
[0.438s] Level 1:colcon.colcon_core.package_identification:_identify(custom_test_msgs) by extension 'colcon_meta'
[0.438s] Level 1:colcon.colcon_core.package_identification:_identify(custom_test_msgs) by extensions ['ros']
[0.438s] Level 1:colcon.colcon_core.package_identification:_identify(custom_test_msgs) by extension 'ros'
[0.439s] DEBUG:colcon.colcon_core.package_identification:Package 'custom_test_msgs' with type 'ros.ament_cmake' and name 'custom_test_msgs'
[0.439s] Level 1:colcon.colcon_core.package_identification:_identify(ignition_lecture) by extensions ['ignore', 'ignore_ament_install']
[0.439s] Level 1:colcon.colcon_core.package_identification:_identify(ignition_lecture) by extension 'ignore'
[0.439s] Level 1:colcon.colcon_core.package_identification:_identify(ignition_lecture) by extension 'ignore_ament_install'
[0.439s] Level 1:colcon.colcon_core.package_identification:_identify(ignition_lecture) by extensions ['colcon_pkg']
[0.439s] Level 1:colcon.colcon_core.package_identification:_identify(ignition_lecture) by extension 'colcon_pkg'
[0.439s] Level 1:colcon.colcon_core.package_identification:_identify(ignition_lecture) by extensions ['colcon_meta']
[0.439s] Level 1:colcon.colcon_core.package_identification:_identify(ignition_lecture) by extension 'colcon_meta'
[0.439s] Level 1:colcon.colcon_core.package_identification:_identify(ignition_lecture) by extensions ['ros']
[0.439s] Level 1:colcon.colcon_core.package_identification:_identify(ignition_lecture) by extension 'ros'
[0.439s] DEBUG:colcon.colcon_core.package_identification:Package 'ignition_lecture' with type 'ros.ament_cmake' and name 'ignition_lecture'
[0.439s] Level 1:colcon.colcon_core.package_identification:_identify(install) by extensions ['ignore', 'ignore_ament_install']
[0.439s] Level 1:colcon.colcon_core.package_identification:_identify(install) by extension 'ignore'
[0.439s] Level 1:colcon.colcon_core.package_identification:_identify(install) ignored
[0.439s] Level 1:colcon.colcon_core.package_identification:_identify(log) by extensions ['ignore', 'ignore_ament_install']
[0.439s] Level 1:colcon.colcon_core.package_identification:_identify(log) by extension 'ignore'
[0.439s] Level 1:colcon.colcon_core.package_identification:_identify(log) ignored
[0.439s] Level 1:colcon.colcon_core.package_discovery:discover_packages(recursive) using defaults
[0.439s] Level 1:colcon.colcon_core.package_discovery:discover_packages(ignore) discover
[0.439s] Level 1:colcon.colcon_core.package_discovery:discover_packages(ignore) using defaults
[0.439s] Level 1:colcon.colcon_core.package_discovery:discover_packages(path) discover
[0.439s] Level 1:colcon.colcon_core.package_discovery:discover_packages(path) using defaults
[0.478s] Level 1:colcon.colcon_core.package_discovery:discover_packages(prefix_path) check parameters
[0.478s] Level 1:colcon.colcon_core.package_discovery:discover_packages(prefix_path) discover
[0.490s] DEBUG:colcon.colcon_installed_package_information.package_discovery:Found 301 installed packages in /opt/ros/humble
[0.491s] Level 1:colcon.colcon_core.package_discovery:discover_packages(prefix_path) using defaults
[0.536s] Level 5:colcon.colcon_core.verb:set package 'cpp_server_client' build argument 'cmake_args' from command line to 'None'
[0.536s] Level 5:colcon.colcon_core.verb:set package 'cpp_server_client' build argument 'cmake_target' from command line to 'None'
[0.536s] Level 5:colcon.colcon_core.verb:set package 'cpp_server_client' build argument 'cmake_target_skip_unavailable' from command line to 'False'
[0.536s] Level 5:colcon.colcon_core.verb:set package 'cpp_server_client' build argument 'cmake_clean_cache' from command line to 'False'
[0.536s] Level 5:colcon.colcon_core.verb:set package 'cpp_server_client' build argument 'cmake_clean_first' from command line to 'False'
[0.536s] Level 5:colcon.colcon_core.verb:set package 'cpp_server_client' build argument 'cmake_force_configure' from command line to 'False'
[0.536s] Level 5:colcon.colcon_core.verb:set package 'cpp_server_client' build argument 'ament_cmake_args' from command line to 'None'
[0.536s] Level 5:colcon.colcon_core.verb:set package 'cpp_server_client' build argument 'catkin_cmake_args' from command line to 'None'
[0.536s] Level 5:colcon.colcon_core.verb:set package 'cpp_server_client' build argument 'catkin_skip_building_tests' from command line to 'False'
[0.536s] DEBUG:colcon.colcon_core.verb:Building package 'cpp_server_client' with the following arguments: {'ament_cmake_args': None, 'build_base': '/home/kousei/ros2_ws/src/build/cpp_server_client', 'catkin_cmake_args': None, 'catkin_skip_building_tests': False, 'cmake_args': None, 'cmake_clean_cache': False, 'cmake_clean_first': False, 'cmake_force_configure': False, 'cmake_target': None, 'cmake_target_skip_unavailable': False, 'install_base': '/home/kousei/ros2_ws/src/install/cpp_server_client', 'merge_install': False, 'path': '/home/kousei/ros2_ws/src/cpp_server_client', 'symlink_install': False, 'test_result_base': None}
[0.542s] Level 5:colcon.colcon_core.verb:set package 'cpp_topic_pubsub' build argument 'cmake_args' from command line to 'None'
[0.542s] Level 5:colcon.colcon_core.verb:set package 'cpp_topic_pubsub' build argument 'cmake_target' from command line to 'None'
[0.542s] Level 5:colcon.colcon_core.verb:set package 'cpp_topic_pubsub' build argument 'cmake_target_skip_unavailable' from command line to 'False'
[0.542s] Level 5:colcon.colcon_core.verb:set package 'cpp_topic_pubsub' build argument 'cmake_clean_cache' from command line to 'False'
[0.542s] Level 5:colcon.colcon_core.verb:set package 'cpp_topic_pubsub' build argument 'cmake_clean_first' from command line to 'False'
[0.542s] Level 5:colcon.colcon_core.verb:set package 'cpp_topic_pubsub' build argument 'cmake_force_configure' from command line to 'False'
[0.542s] Level 5:colcon.colcon_core.verb:set package 'cpp_topic_pubsub' build argument 'ament_cmake_args' from command line to 'None'
[0.542s] Level 5:colcon.colcon_core.verb:set package 'cpp_topic_pubsub' build argument 'catkin_cmake_args' from command line to 'None'
[0.542s] Level 5:colcon.colcon_core.verb:set package 'cpp_topic_pubsub' build argument 'catkin_skip_building_tests' from command line to 'False'
[0.542s] DEBUG:colcon.colcon_core.verb:Building package 'cpp_topic_pubsub' with the following arguments: {'ament_cmake_args': None, 'build_base': '/home/kousei/ros2_ws/src/build/cpp_topic_pubsub', 'catkin_cmake_args': None, 'catkin_skip_building_tests': False, 'cmake_args': None, 'cmake_clean_cache': False, 'cmake_clean_first': False, 'cmake_force_configure': False, 'cmake_target': None, 'cmake_target_skip_unavailable': False, 'install_base': '/home/kousei/ros2_ws/src/install/cpp_topic_pubsub', 'merge_install': False, 'path': '/home/kousei/ros2_ws/src/cpp_topic_pubsub', 'symlink_install': False, 'test_result_base': None}
[0.548s] Level 5:colcon.colcon_core.verb:set package 'custom_message_unity' build argument 'cmake_args' from command line to 'None'
[0.548s] Level 5:colcon.colcon_core.verb:set package 'custom_message_unity' build argument 'cmake_target' from command line to 'None'
[0.548s] Level 5:colcon.colcon_core.verb:set package 'custom_message_unity' build argument 'cmake_target_skip_unavailable' from command line to 'False'
[0.548s] Level 5:colcon.colcon_core.verb:set package 'custom_message_unity' build argument 'cmake_clean_cache' from command line to 'False'
[0.548s] Level 5:colcon.colcon_core.verb:set package 'custom_message_unity' build argument 'cmake_clean_first' from command line to 'False'
[0.548s] Level 5:colcon.colcon_core.verb:set package 'custom_message_unity' build argument 'cmake_force_configure' from command line to 'False'
[0.548s] Level 5:colcon.colcon_core.verb:set package 'custom_message_unity' build argument 'ament_cmake_args' from command line to 'None'
[0.548s] Level 5:colcon.colcon_core.verb:set package 'custom_message_unity' build argument 'catkin_cmake_args' from command line to 'None'
[0.548s] Level 5:colcon.colcon_core.verb:set package 'custom_message_unity' build argument 'catkin_skip_building_tests' from command line to 'False'
[0.548s] DEBUG:colcon.colcon_core.verb:Building package 'custom_message_unity' with the following arguments: {'ament_cmake_args': None, 'build_base': '/home/kousei/ros2_ws/src/build/custom_message_unity', 'catkin_cmake_args': None, 'catkin_skip_building_tests': False, 'cmake_args': None, 'cmake_clean_cache': False, 'cmake_clean_first': False, 'cmake_force_configure': False, 'cmake_target': None, 'cmake_target_skip_unavailable': False, 'install_base': '/home/kousei/ros2_ws/src/install/custom_message_unity', 'merge_install': False, 'path': '/home/kousei/ros2_ws/src/custom_message_unity', 'symlink_install': False, 'test_result_base': None}
[0.553s] Level 5:colcon.colcon_core.verb:set package 'custom_test_msgs' build argument 'cmake_args' from command line to 'None'
[0.553s] Level 5:colcon.colcon_core.verb:set package 'custom_test_msgs' build argument 'cmake_target' from command line to 'None'
[0.553s] Level 5:colcon.colcon_core.verb:set package 'custom_test_msgs' build argument 'cmake_target_skip_unavailable' from command line to 'False'
[0.553s] Level 5:colcon.colcon_core.verb:set package 'custom_test_msgs' build argument 'cmake_clean_cache' from command line to 'False'
[0.553s] Level 5:colcon.colcon_core.verb:set package 'custom_test_msgs' build argument 'cmake_clean_first' from command line to 'False'
[0.553s] Level 5:colcon.colcon_core.verb:set package 'custom_test_msgs' build argument 'cmake_force_configure' from command line to 'False'
[0.553s] Level 5:colcon.colcon_core.verb:set package 'custom_test_msgs' build argument 'ament_cmake_args' from command line to 'None'
[0.553s] Level 5:colcon.colcon_core.verb:set package 'custom_test_msgs' build argument 'catkin_cmake_args' from command line to 'None'
[0.553s] Level 5:colcon.colcon_core.verb:set package 'custom_test_msgs' build argument 'catkin_skip_building_tests' from command line to 'False'
[0.553s] DEBUG:colcon.colcon_core.verb:Building package 'custom_test_msgs' with the following arguments: {'ament_cmake_args': None, 'build_base': '/home/kousei/ros2_ws/src/build/custom_test_msgs', 'catkin_cmake_args': None, 'catkin_skip_building_tests': False, 'cmake_args': None, 'cmake_clean_cache': False, 'cmake_clean_first': False, 'cmake_force_configure': False, 'cmake_target': None, 'cmake_target_skip_unavailable': False, 'install_base': '/home/kousei/ros2_ws/src/install/custom_test_msgs', 'merge_install': False, 'path': '/home/kousei/ros2_ws/src/custom_test_msgs', 'symlink_install': False, 'test_result_base': None}
[0.559s] Level 5:colcon.colcon_core.verb:set package 'ignition_lecture' build argument 'cmake_args' from command line to 'None'
[0.559s] Level 5:colcon.colcon_core.verb:set package 'ignition_lecture' build argument 'cmake_target' from command line to 'None'
[0.559s] Level 5:colcon.colcon_core.verb:set package 'ignition_lecture' build argument 'cmake_target_skip_unavailable' from command line to 'False'
[0.559s] Level 5:colcon.colcon_core.verb:set package 'ignition_lecture' build argument 'cmake_clean_cache' from command line to 'False'
[0.559s] Level 5:colcon.colcon_core.verb:set package 'ignition_lecture' build argument 'cmake_clean_first' from command line to 'False'
[0.559s] Level 5:colcon.colcon_core.verb:set package 'ignition_lecture' build argument 'cmake_force_configure' from command line to 'False'
[0.559s] Level 5:colcon.colcon_core.verb:set package 'ignition_lecture' build argument 'ament_cmake_args' from command line to 'None'
[0.559s] Level 5:colcon.colcon_core.verb:set package 'ignition_lecture' build argument 'catkin_cmake_args' from command line to 'None'
[0.559s] Level 5:colcon.colcon_core.verb:set package 'ignition_lecture' build argument 'catkin_skip_building_tests' from command line to 'False'
[0.559s] DEBUG:colcon.colcon_core.verb:Building package 'ignition_lecture' with the following arguments: {'ament_cmake_args': None, 'build_base': '/home/kousei/ros2_ws/src/build/ignition_lecture', 'catkin_cmake_args': None, 'catkin_skip_building_tests': False, 'cmake_args': None, 'cmake_clean_cache': False, 'cmake_clean_first': False, 'cmake_force_configure': False, 'cmake_target': None, 'cmake_target_skip_unavailable': False, 'install_base': '/home/kousei/ros2_ws/src/install/ignition_lecture', 'merge_install': False, 'path': '/home/kousei/ros2_ws/src/ignition_lecture', 'symlink_install': False, 'test_result_base': None}
[0.565s] Level 5:colcon.colcon_core.verb:set package 'android_controll_test' build argument 'cmake_args' from command line to 'None'
[0.565s] Level 5:colcon.colcon_core.verb:set package 'android_controll_test' build argument 'cmake_target' from command line to 'None'
[0.565s] Level 5:colcon.colcon_core.verb:set package 'android_controll_test' build argument 'cmake_target_skip_unavailable' from command line to 'False'
[0.565s] Level 5:colcon.colcon_core.verb:set package 'android_controll_test' build argument 'cmake_clean_cache' from command line to 'False'
[0.565s] Level 5:colcon.colcon_core.verb:set package 'android_controll_test' build argument 'cmake_clean_first' from command line to 'False'
[0.565s] Level 5:colcon.colcon_core.verb:set package 'android_controll_test' build argument 'cmake_force_configure' from command line to 'False'
[0.565s] Level 5:colcon.colcon_core.verb:set package 'android_controll_test' build argument 'ament_cmake_args' from command line to 'None'
[0.565s] Level 5:colcon.colcon_core.verb:set package 'android_controll_test' build argument 'catkin_cmake_args' from command line to 'None'
[0.565s] Level 5:colcon.colcon_core.verb:set package 'android_controll_test' build argument 'catkin_skip_building_tests' from command line to 'False'
[0.565s] DEBUG:colcon.colcon_core.verb:Building package 'android_controll_test' with the following arguments: {'ament_cmake_args': None, 'build_base': '/home/kousei/ros2_ws/src/build/android_controll_test', 'catkin_cmake_args': None, 'catkin_skip_building_tests': False, 'cmake_args': None, 'cmake_clean_cache': False, 'cmake_clean_first': False, 'cmake_force_configure': False, 'cmake_target': None, 'cmake_target_skip_unavailable': False, 'install_base': '/home/kousei/ros2_ws/src/install/android_controll_test', 'merge_install': False, 'path': '/home/kousei/ros2_ws/src/android_controll_test', 'symlink_install': False, 'test_result_base': None}
[0.571s] INFO:colcon.colcon_core.executor:Executing jobs using 'parallel' executor
[0.577s] DEBUG:colcon.colcon_parallel_executor.executor.parallel:run_until_complete
[0.578s] INFO:colcon.colcon_ros.task.ament_cmake.build:Building ROS package in '/home/kousei/ros2_ws/src/custom_message_unity' with build type 'ament_cmake'
[0.578s] INFO:colcon.colcon_cmake.task.cmake.build:Building CMake package in '/home/kousei/ros2_ws/src/custom_message_unity'
[0.584s] INFO:colcon.colcon_core.plugin_system:Skipping extension 'colcon_core.shell.bat': Not used on non-Windows systems
[0.585s] INFO:colcon.colcon_core.shell:Skip shell extension 'powershell' for command environment: Not usable outside of PowerShell
[0.585s] DEBUG:colcon.colcon_core.shell:Skip shell extension 'dsv' for command environment
[0.599s] INFO:colcon.colcon_ros.task.ament_cmake.build:Building ROS package in '/home/kousei/ros2_ws/src/custom_test_msgs' with build type 'ament_cmake'
[0.599s] INFO:colcon.colcon_cmake.task.cmake.build:Building CMake package in '/home/kousei/ros2_ws/src/custom_test_msgs'
[0.605s] INFO:colcon.colcon_core.shell:Skip shell extension 'powershell' for command environment: Not usable outside of PowerShell
[0.605s] DEBUG:colcon.colcon_core.shell:Skip shell extension 'dsv' for command environment
[0.618s] INFO:colcon.colcon_ros.task.ament_cmake.build:Building ROS package in '/home/kousei/ros2_ws/src/cpp_server_client' with build type 'ament_cmake'
[0.618s] INFO:colcon.colcon_cmake.task.cmake.build:Building CMake package in '/home/kousei/ros2_ws/src/cpp_server_client'
[0.624s] INFO:colcon.colcon_core.shell:Skip shell extension 'powershell' for command environment: Not usable outside of PowerShell
[0.624s] DEBUG:colcon.colcon_core.shell:Skip shell extension 'dsv' for command environment
[0.637s] INFO:colcon.colcon_ros.task.ament_cmake.build:Building ROS package in '/home/kousei/ros2_ws/src/cpp_topic_pubsub' with build type 'ament_cmake'
[0.637s] INFO:colcon.colcon_cmake.task.cmake.build:Building CMake package in '/home/kousei/ros2_ws/src/cpp_topic_pubsub'
[0.644s] INFO:colcon.colcon_core.shell:Skip shell extension 'powershell' for command environment: Not usable outside of PowerShell
[0.644s] DEBUG:colcon.colcon_core.shell:Skip shell extension 'dsv' for command environment
[0.665s] INFO:colcon.colcon_ros.task.ament_cmake.build:Building ROS package in '/home/kousei/ros2_ws/src/ignition_lecture' with build type 'ament_cmake'
[0.665s] INFO:colcon.colcon_cmake.task.cmake.build:Building CMake package in '/home/kousei/ros2_ws/src/ignition_lecture'
[0.672s] INFO:colcon.colcon_core.shell:Skip shell extension 'powershell' for command environment: Not usable outside of PowerShell
[0.672s] DEBUG:colcon.colcon_core.shell:Skip shell extension 'dsv' for command environment
[0.687s] DEBUG:colcon.colcon_core.event_handler.log_command:Invoking command in '/home/kousei/ros2_ws/src/build/custom_message_unity': CMAKE_PREFIX_PATH=/opt/ros/humble /usr/bin/cmake /home/kousei/ros2_ws/src/custom_message_unity -DCMAKE_INSTALL_PREFIX=/home/kousei/ros2_ws/src/install/custom_message_unity
[0.692s] DEBUG:colcon.colcon_core.event_handler.log_command:Invoking command in '/home/kousei/ros2_ws/src/build/custom_test_msgs': CMAKE_PREFIX_PATH=/opt/ros/humble /usr/bin/cmake /home/kousei/ros2_ws/src/custom_test_msgs -DCMAKE_INSTALL_PREFIX=/home/kousei/ros2_ws/src/install/custom_test_msgs
[0.695s] DEBUG:colcon.colcon_core.event_handler.log_command:Invoking command in '/home/kousei/ros2_ws/src/build/cpp_server_client': CMAKE_PREFIX_PATH=/opt/ros/humble /usr/bin/cmake /home/kousei/ros2_ws/src/cpp_server_client -DCMAKE_INSTALL_PREFIX=/home/kousei/ros2_ws/src/install/cpp_server_client
[0.697s] DEBUG:colcon.colcon_core.event_handler.log_command:Invoking command in '/home/kousei/ros2_ws/src/build/cpp_topic_pubsub': CMAKE_PREFIX_PATH=/opt/ros/humble /usr/bin/cmake /home/kousei/ros2_ws/src/cpp_topic_pubsub -DCMAKE_INSTALL_PREFIX=/home/kousei/ros2_ws/src/install/cpp_topic_pubsub
[0.699s] DEBUG:colcon.colcon_core.event_handler.log_command:Invoking command in '/home/kousei/ros2_ws/src/build/ignition_lecture': CMAKE_PREFIX_PATH=/opt/ros/humble /usr/bin/cmake /home/kousei/ros2_ws/src/ignition_lecture -DCMAKE_INSTALL_PREFIX=/home/kousei/ros2_ws/src/install/ignition_lecture
[1.129s] DEBUG:colcon.colcon_core.event_handler.log_command:Invoked command in '/home/kousei/ros2_ws/src/build/ignition_lecture' returned '0': CMAKE_PREFIX_PATH=/opt/ros/humble /usr/bin/cmake /home/kousei/ros2_ws/src/ignition_lecture -DCMAKE_INSTALL_PREFIX=/home/kousei/ros2_ws/src/install/ignition_lecture
[1.131s] DEBUG:colcon.colcon_core.event_handler.log_command:Invoking command in '/home/kousei/ros2_ws/src/build/ignition_lecture': CMAKE_PREFIX_PATH=/opt/ros/humble /usr/bin/cmake --build /home/kousei/ros2_ws/src/build/ignition_lecture -- -j16 -l16
[1.154s] DEBUG:colcon.colcon_core.event_handler.log_command:Invoked command in '/home/kousei/ros2_ws/src/build/ignition_lecture' returned '0': CMAKE_PREFIX_PATH=/opt/ros/humble /usr/bin/cmake --build /home/kousei/ros2_ws/src/build/ignition_lecture -- -j16 -l16
[1.172s] DEBUG:colcon.colcon_core.event_handler.log_command:Invoking command in '/home/kousei/ros2_ws/src/build/ignition_lecture': CMAKE_PREFIX_PATH=/opt/ros/humble /usr/bin/cmake --install /home/kousei/ros2_ws/src/build/ignition_lecture
[1.178s] Level 1:colcon.colcon_core.environment:create_environment_scripts_only(ignition_lecture)
[1.179s] DEBUG:colcon.colcon_core.event_handler.log_command:Invoked command in '/home/kousei/ros2_ws/src/build/ignition_lecture' returned '0': CMAKE_PREFIX_PATH=/opt/ros/humble /usr/bin/cmake --install /home/kousei/ros2_ws/src/build/ignition_lecture
[1.196s] Level 1:colcon.colcon_core.environment:checking '/home/kousei/ros2_ws/src/install/ignition_lecture' for CMake module files
[1.196s] Level 1:colcon.colcon_core.environment:checking '/home/kousei/ros2_ws/src/install/ignition_lecture' for CMake config files
[1.197s] Level 1:colcon.colcon_core.shell:create_environment_hook('ignition_lecture', 'cmake_prefix_path')
[1.204s] INFO:colcon.colcon_core.shell:Creating environment hook '/home/kousei/ros2_ws/src/install/ignition_lecture/share/ignition_lecture/hook/cmake_prefix_path.ps1'
[1.204s] INFO:colcon.colcon_core.shell:Creating environment descriptor '/home/kousei/ros2_ws/src/install/ignition_lecture/share/ignition_lecture/hook/cmake_prefix_path.dsv'
[1.204s] INFO:colcon.colcon_core.shell:Creating environment hook '/home/kousei/ros2_ws/src/install/ignition_lecture/share/ignition_lecture/hook/cmake_prefix_path.sh'
[1.205s] Level 1:colcon.colcon_core.environment:checking '/home/kousei/ros2_ws/src/install/ignition_lecture/bin'
[1.205s] Level 1:colcon.colcon_core.environment:checking '/home/kousei/ros2_ws/src/install/ignition_lecture/lib/pkgconfig/ignition_lecture.pc'
[1.205s] Level 1:colcon.colcon_core.environment:checking '/home/kousei/ros2_ws/src/install/ignition_lecture/lib/python3.10/site-packages'
[1.205s] Level 1:colcon.colcon_core.environment:checking '/home/kousei/ros2_ws/src/install/ignition_lecture/bin'
[1.216s] INFO:colcon.colcon_core.shell:Creating package script '/home/kousei/ros2_ws/src/install/ignition_lecture/share/ignition_lecture/package.ps1'
[1.217s] INFO:colcon.colcon_core.shell:Creating package descriptor '/home/kousei/ros2_ws/src/install/ignition_lecture/share/ignition_lecture/package.dsv'
[1.217s] INFO:colcon.colcon_core.shell:Creating package script '/home/kousei/ros2_ws/src/install/ignition_lecture/share/ignition_lecture/package.sh'
[1.217s] INFO:colcon.colcon_core.shell:Creating package script '/home/kousei/ros2_ws/src/install/ignition_lecture/share/ignition_lecture/package.bash'
[1.218s] INFO:colcon.colcon_core.shell:Creating package script '/home/kousei/ros2_ws/src/install/ignition_lecture/share/ignition_lecture/package.zsh'
[1.218s] Level 1:colcon.colcon_core.environment:create_file_with_runtime_dependencies(/home/kousei/ros2_ws/src/install/ignition_lecture/share/colcon-core/packages/ignition_lecture)
[1.239s] Level 1:colcon.colcon_core.environment:create_environment_scripts_only(ignition_lecture)
[1.246s] Level 1:colcon.colcon_core.environment:checking '/home/kousei/ros2_ws/src/install/ignition_lecture' for CMake module files
[1.247s] Level 1:colcon.colcon_core.environment:checking '/home/kousei/ros2_ws/src/install/ignition_lecture' for CMake config files
[1.247s] Level 1:colcon.colcon_core.shell:create_environment_hook('ignition_lecture', 'cmake_prefix_path')
[1.254s] INFO:colcon.colcon_core.shell:Creating environment hook '/home/kousei/ros2_ws/src/install/ignition_lecture/share/ignition_lecture/hook/cmake_prefix_path.ps1'
[1.255s] INFO:colcon.colcon_core.shell:Creating environment descriptor '/home/kousei/ros2_ws/src/install/ignition_lecture/share/ignition_lecture/hook/cmake_prefix_path.dsv'
[1.255s] INFO:colcon.colcon_core.shell:Creating environment hook '/home/kousei/ros2_ws/src/install/ignition_lecture/share/ignition_lecture/hook/cmake_prefix_path.sh'
[1.255s] Level 1:colcon.colcon_core.environment:checking '/home/kousei/ros2_ws/src/install/ignition_lecture/bin'
[1.255s] Level 1:colcon.colcon_core.environment:checking '/home/kousei/ros2_ws/src/install/ignition_lecture/lib/pkgconfig/ignition_lecture.pc'
[1.255s] Level 1:colcon.colcon_core.environment:checking '/home/kousei/ros2_ws/src/install/ignition_lecture/lib/python3.10/site-packages'
[1.256s] Level 1:colcon.colcon_core.environment:checking '/home/kousei/ros2_ws/src/install/ignition_lecture/bin'
[1.263s] INFO:colcon.colcon_core.shell:Creating package script '/home/kousei/ros2_ws/src/install/ignition_lecture/share/ignition_lecture/package.ps1'
[1.263s] INFO:colcon.colcon_core.shell:Creating package descriptor '/home/kousei/ros2_ws/src/install/ignition_lecture/share/ignition_lecture/package.dsv'
[1.263s] INFO:colcon.colcon_core.shell:Creating package script '/home/kousei/ros2_ws/src/install/ignition_lecture/share/ignition_lecture/package.sh'
[1.264s] INFO:colcon.colcon_core.shell:Creating package script '/home/kousei/ros2_ws/src/install/ignition_lecture/share/ignition_lecture/package.bash'
[1.264s] INFO:colcon.colcon_core.shell:Creating package script '/home/kousei/ros2_ws/src/install/ignition_lecture/share/ignition_lecture/package.zsh'
[1.264s] Level 1:colcon.colcon_core.environment:create_file_with_runtime_dependencies(/home/kousei/ros2_ws/src/install/ignition_lecture/share/colcon-core/packages/ignition_lecture)
[1.825s] DEBUG:colcon.colcon_core.event_handler.log_command:Invoked command in '/home/kousei/ros2_ws/src/build/custom_message_unity' returned '0': CMAKE_PREFIX_PATH=/opt/ros/humble /usr/bin/cmake /home/kousei/ros2_ws/src/custom_message_unity -DCMAKE_INSTALL_PREFIX=/home/kousei/ros2_ws/src/install/custom_message_unity
[1.827s] DEBUG:colcon.colcon_core.event_handler.log_command:Invoking command in '/home/kousei/ros2_ws/src/build/custom_message_unity': CMAKE_PREFIX_PATH=/opt/ros/humble /usr/bin/cmake --build /home/kousei/ros2_ws/src/build/custom_message_unity -- -j16 -l16
[1.830s] DEBUG:colcon.colcon_core.event_handler.log_command:Invoked command in '/home/kousei/ros2_ws/src/build/custom_test_msgs' returned '0': CMAKE_PREFIX_PATH=/opt/ros/humble /usr/bin/cmake /home/kousei/ros2_ws/src/custom_test_msgs -DCMAKE_INSTALL_PREFIX=/home/kousei/ros2_ws/src/install/custom_test_msgs
[1.831s] DEBUG:colcon.colcon_core.event_handler.log_command:Invoking command in '/home/kousei/ros2_ws/src/build/custom_test_msgs': CMAKE_PREFIX_PATH=/opt/ros/humble /usr/bin/cmake --build /home/kousei/ros2_ws/src/build/custom_test_msgs -- -j16 -l16
[2.402s] DEBUG:colcon.colcon_core.event_handler.log_command:Invoked command in '/home/kousei/ros2_ws/src/build/cpp_server_client' returned '0': CMAKE_PREFIX_PATH=/opt/ros/humble /usr/bin/cmake /home/kousei/ros2_ws/src/cpp_server_client -DCMAKE_INSTALL_PREFIX=/home/kousei/ros2_ws/src/install/cpp_server_client
[2.404s] DEBUG:colcon.colcon_core.event_handler.log_command:Invoking command in '/home/kousei/ros2_ws/src/build/cpp_server_client': CMAKE_PREFIX_PATH=/opt/ros/humble /usr/bin/cmake --build /home/kousei/ros2_ws/src/build/cpp_server_client -- -j16 -l16
[2.421s] DEBUG:colcon.colcon_core.event_handler.log_command:Invoked command in '/home/kousei/ros2_ws/src/build/cpp_topic_pubsub' returned '0': CMAKE_PREFIX_PATH=/opt/ros/humble /usr/bin/cmake /home/kousei/ros2_ws/src/cpp_topic_pubsub -DCMAKE_INSTALL_PREFIX=/home/kousei/ros2_ws/src/install/cpp_topic_pubsub
[2.422s] DEBUG:colcon.colcon_core.event_handler.log_command:Invoking command in '/home/kousei/ros2_ws/src/build/cpp_topic_pubsub': CMAKE_PREFIX_PATH=/opt/ros/humble /usr/bin/cmake --build /home/kousei/ros2_ws/src/build/cpp_topic_pubsub -- -j16 -l16
[3.772s] DEBUG:colcon.colcon_core.event_handler.log_command:Invoked command in '/home/kousei/ros2_ws/src/build/custom_message_unity' returned '0': CMAKE_PREFIX_PATH=/opt/ros/humble /usr/bin/cmake --build /home/kousei/ros2_ws/src/build/custom_message_unity -- -j16 -l16
[3.804s] DEBUG:colcon.colcon_core.event_handler.log_command:Invoked command in '/home/kousei/ros2_ws/src/build/custom_test_msgs' returned '0': CMAKE_PREFIX_PATH=/opt/ros/humble /usr/bin/cmake --build /home/kousei/ros2_ws/src/build/custom_test_msgs -- -j16 -l16
[3.812s] DEBUG:colcon.colcon_core.event_handler.log_command:Invoking command in '/home/kousei/ros2_ws/src/build/custom_message_unity': CMAKE_PREFIX_PATH=/opt/ros/humble /usr/bin/cmake --install /home/kousei/ros2_ws/src/build/custom_message_unity
[3.845s] DEBUG:colcon.colcon_core.event_handler.log_command:Invoking command in '/home/kousei/ros2_ws/src/build/custom_test_msgs': CMAKE_PREFIX_PATH=/opt/ros/humble /usr/bin/cmake --install /home/kousei/ros2_ws/src/build/custom_test_msgs
[3.866s] Level 1:colcon.colcon_core.environment:create_environment_scripts_only(custom_message_unity)
[3.867s] DEBUG:colcon.colcon_core.event_handler.log_command:Invoked command in '/home/kousei/ros2_ws/src/build/custom_message_unity' returned '0': CMAKE_PREFIX_PATH=/opt/ros/humble /usr/bin/cmake --install /home/kousei/ros2_ws/src/build/custom_message_unity
[3.875s] Level 1:colcon.colcon_core.environment:checking '/home/kousei/ros2_ws/src/install/custom_message_unity' for CMake module files
[3.876s] Level 1:colcon.colcon_core.environment:checking '/home/kousei/ros2_ws/src/install/custom_message_unity' for CMake config files
[3.876s] Level 1:colcon.colcon_core.shell:create_environment_hook('custom_message_unity', 'cmake_prefix_path')
[3.885s] INFO:colcon.colcon_core.shell:Creating environment hook '/home/kousei/ros2_ws/src/install/custom_message_unity/share/custom_message_unity/hook/cmake_prefix_path.ps1'
[3.885s] INFO:colcon.colcon_core.shell:Creating environment descriptor '/home/kousei/ros2_ws/src/install/custom_message_unity/share/custom_message_unity/hook/cmake_prefix_path.dsv'
[3.886s] INFO:colcon.colcon_core.shell:Creating environment hook '/home/kousei/ros2_ws/src/install/custom_message_unity/share/custom_message_unity/hook/cmake_prefix_path.sh'
[3.886s] Level 1:colcon.colcon_core.environment:checking '/home/kousei/ros2_ws/src/install/custom_message_unity/lib'
[3.886s] Level 1:colcon.colcon_core.shell:create_environment_hook('custom_message_unity', 'ld_library_path_lib')
[3.901s] INFO:colcon.colcon_core.shell:Creating environment hook '/home/kousei/ros2_ws/src/install/custom_message_unity/share/custom_message_unity/hook/ld_library_path_lib.ps1'
[3.901s] INFO:colcon.colcon_core.shell:Creating environment descriptor '/home/kousei/ros2_ws/src/install/custom_message_unity/share/custom_message_unity/hook/ld_library_path_lib.dsv'
[3.901s] INFO:colcon.colcon_core.shell:Creating environment hook '/home/kousei/ros2_ws/src/install/custom_message_unity/share/custom_message_unity/hook/ld_library_path_lib.sh'
[3.901s] Level 1:colcon.colcon_core.environment:checking '/home/kousei/ros2_ws/src/install/custom_message_unity/bin'
[3.902s] Level 1:colcon.colcon_core.environment:checking '/home/kousei/ros2_ws/src/install/custom_message_unity/lib/pkgconfig/custom_message_unity.pc'
[3.902s] Level 1:colcon.colcon_core.environment:checking '/home/kousei/ros2_ws/src/install/custom_message_unity/lib/python3.10/site-packages'
[3.902s] Level 1:colcon.colcon_core.environment:checking '/home/kousei/ros2_ws/src/install/custom_message_unity/bin'
[3.910s] INFO:colcon.colcon_core.shell:Creating package script '/home/kousei/ros2_ws/src/install/custom_message_unity/share/custom_message_unity/package.ps1'
[3.910s] INFO:colcon.colcon_core.shell:Creating package descriptor '/home/kousei/ros2_ws/src/install/custom_message_unity/share/custom_message_unity/package.dsv'
[3.911s] INFO:colcon.colcon_core.shell:Creating package script '/home/kousei/ros2_ws/src/install/custom_message_unity/share/custom_message_unity/package.sh'
[3.911s] INFO:colcon.colcon_core.shell:Creating package script '/home/kousei/ros2_ws/src/install/custom_message_unity/share/custom_message_unity/package.bash'
[3.911s] INFO:colcon.colcon_core.shell:Creating package script '/home/kousei/ros2_ws/src/install/custom_message_unity/share/custom_message_unity/package.zsh'
[3.911s] Level 1:colcon.colcon_core.environment:create_file_with_runtime_dependencies(/home/kousei/ros2_ws/src/install/custom_message_unity/share/colcon-core/packages/custom_message_unity)
[3.913s] Level 1:colcon.colcon_core.environment:create_environment_scripts_only(custom_test_msgs)
[3.914s] DEBUG:colcon.colcon_core.event_handler.log_command:Invoked command in '/home/kousei/ros2_ws/src/build/custom_test_msgs' returned '0': CMAKE_PREFIX_PATH=/opt/ros/humble /usr/bin/cmake --install /home/kousei/ros2_ws/src/build/custom_test_msgs
[3.922s] Level 1:colcon.colcon_core.environment:checking '/home/kousei/ros2_ws/src/install/custom_test_msgs' for CMake module files
[3.922s] Level 1:colcon.colcon_core.environment:checking '/home/kousei/ros2_ws/src/install/custom_test_msgs' for CMake config files
[3.923s] Level 1:colcon.colcon_core.shell:create_environment_hook('custom_test_msgs', 'cmake_prefix_path')
[3.931s] INFO:colcon.colcon_core.shell:Creating environment hook '/home/kousei/ros2_ws/src/install/custom_test_msgs/share/custom_test_msgs/hook/cmake_prefix_path.ps1'
[3.931s] INFO:colcon.colcon_core.shell:Creating environment descriptor '/home/kousei/ros2_ws/src/install/custom_test_msgs/share/custom_test_msgs/hook/cmake_prefix_path.dsv'
[3.931s] INFO:colcon.colcon_core.shell:Creating environment hook '/home/kousei/ros2_ws/src/install/custom_test_msgs/share/custom_test_msgs/hook/cmake_prefix_path.sh'
[3.932s] Level 1:colcon.colcon_core.environment:checking '/home/kousei/ros2_ws/src/install/custom_test_msgs/lib'
[3.932s] Level 1:colcon.colcon_core.shell:create_environment_hook('custom_test_msgs', 'ld_library_path_lib')
[3.940s] INFO:colcon.colcon_core.shell:Creating environment hook '/home/kousei/ros2_ws/src/install/custom_test_msgs/share/custom_test_msgs/hook/ld_library_path_lib.ps1'
[3.940s] INFO:colcon.colcon_core.shell:Creating environment descriptor '/home/kousei/ros2_ws/src/install/custom_test_msgs/share/custom_test_msgs/hook/ld_library_path_lib.dsv'
[3.940s] INFO:colcon.colcon_core.shell:Creating environment hook '/home/kousei/ros2_ws/src/install/custom_test_msgs/share/custom_test_msgs/hook/ld_library_path_lib.sh'
[3.941s] Level 1:colcon.colcon_core.environment:checking '/home/kousei/ros2_ws/src/install/custom_test_msgs/bin'
[3.941s] Level 1:colcon.colcon_core.environment:checking '/home/kousei/ros2_ws/src/install/custom_test_msgs/lib/pkgconfig/custom_test_msgs.pc'
[3.941s] Level 1:colcon.colcon_core.environment:checking '/home/kousei/ros2_ws/src/install/custom_test_msgs/lib/python3.10/site-packages'
[3.941s] Level 1:colcon.colcon_core.environment:checking '/home/kousei/ros2_ws/src/install/custom_test_msgs/bin'
[3.949s] INFO:colcon.colcon_core.shell:Creating package script '/home/kousei/ros2_ws/src/install/custom_test_msgs/share/custom_test_msgs/package.ps1'
[3.950s] INFO:colcon.colcon_core.shell:Creating package descriptor '/home/kousei/ros2_ws/src/install/custom_test_msgs/share/custom_test_msgs/package.dsv'
[3.950s] INFO:colcon.colcon_core.shell:Creating package script '/home/kousei/ros2_ws/src/install/custom_test_msgs/share/custom_test_msgs/package.sh'
[3.950s] INFO:colcon.colcon_core.shell:Creating package script '/home/kousei/ros2_ws/src/install/custom_test_msgs/share/custom_test_msgs/package.bash'
[3.950s] INFO:colcon.colcon_core.shell:Creating package script '/home/kousei/ros2_ws/src/install/custom_test_msgs/share/custom_test_msgs/package.zsh'
[3.950s] Level 1:colcon.colcon_core.environment:create_file_with_runtime_dependencies(/home/kousei/ros2_ws/src/install/custom_test_msgs/share/colcon-core/packages/custom_test_msgs)
[3.979s] Level 1:colcon.colcon_core.environment:create_environment_scripts_only(custom_message_unity)
[3.997s] Level 1:colcon.colcon_core.environment:checking '/home/kousei/ros2_ws/src/install/custom_message_unity' for CMake module files
[3.998s] Level 1:colcon.colcon_core.environment:checking '/home/kousei/ros2_ws/src/install/custom_message_unity' for CMake config files
[3.999s] Level 1:colcon.colcon_core.shell:create_environment_hook('custom_message_unity', 'cmake_prefix_path')
[4.013s] INFO:colcon.colcon_core.shell:Creating environment hook '/home/kousei/ros2_ws/src/install/custom_message_unity/share/custom_message_unity/hook/cmake_prefix_path.ps1'
[4.014s] INFO:colcon.colcon_core.shell:Creating environment descriptor '/home/kousei/ros2_ws/src/install/custom_message_unity/share/custom_message_unity/hook/cmake_prefix_path.dsv'
[4.014s] INFO:colcon.colcon_core.shell:Creating environment hook '/home/kousei/ros2_ws/src/install/custom_message_unity/share/custom_message_unity/hook/cmake_prefix_path.sh'
[4.015s] Level 1:colcon.colcon_core.environment:checking '/home/kousei/ros2_ws/src/install/custom_message_unity/lib'
[4.015s] Level 1:colcon.colcon_core.shell:create_environment_hook('custom_message_unity', 'ld_library_path_lib')
[4.024s] INFO:colcon.colcon_core.shell:Creating environment hook '/home/kousei/ros2_ws/src/install/custom_message_unity/share/custom_message_unity/hook/ld_library_path_lib.ps1'
[4.024s] INFO:colcon.colcon_core.shell:Creating environment descriptor '/home/kousei/ros2_ws/src/install/custom_message_unity/share/custom_message_unity/hook/ld_library_path_lib.dsv'
[4.024s] INFO:colcon.colcon_core.shell:Creating environment hook '/home/kousei/ros2_ws/src/install/custom_message_unity/share/custom_message_unity/hook/ld_library_path_lib.sh'
[4.024s] Level 1:colcon.colcon_core.environment:checking '/home/kousei/ros2_ws/src/install/custom_message_unity/bin'
[4.024s] Level 1:colcon.colcon_core.environment:checking '/home/kousei/ros2_ws/src/install/custom_message_unity/lib/pkgconfig/custom_message_unity.pc'
[4.025s] Level 1:colcon.colcon_core.environment:checking '/home/kousei/ros2_ws/src/install/custom_message_unity/lib/python3.10/site-packages'
[4.025s] Level 1:colcon.colcon_core.environment:checking '/home/kousei/ros2_ws/src/install/custom_message_unity/bin'
[4.033s] INFO:colcon.colcon_core.shell:Creating package script '/home/kousei/ros2_ws/src/install/custom_message_unity/share/custom_message_unity/package.ps1'
[4.033s] INFO:colcon.colcon_core.shell:Creating package descriptor '/home/kousei/ros2_ws/src/install/custom_message_unity/share/custom_message_unity/package.dsv'
[4.034s] INFO:colcon.colcon_core.shell:Creating package script '/home/kousei/ros2_ws/src/install/custom_message_unity/share/custom_message_unity/package.sh'
[4.034s] INFO:colcon.colcon_core.shell:Creating package script '/home/kousei/ros2_ws/src/install/custom_message_unity/share/custom_message_unity/package.bash'
[4.034s] INFO:colcon.colcon_core.shell:Creating package script '/home/kousei/ros2_ws/src/install/custom_message_unity/share/custom_message_unity/package.zsh'
[4.034s] Level 1:colcon.colcon_core.environment:create_file_with_runtime_dependencies(/home/kousei/ros2_ws/src/install/custom_message_unity/share/colcon-core/packages/custom_message_unity)
[4.043s] Level 1:colcon.colcon_core.environment:create_environment_scripts_only(custom_test_msgs)
[4.061s] Level 1:colcon.colcon_core.environment:checking '/home/kousei/ros2_ws/src/install/custom_test_msgs' for CMake module files
[4.061s] Level 1:colcon.colcon_core.environment:checking '/home/kousei/ros2_ws/src/install/custom_test_msgs' for CMake config files
[4.062s] Level 1:colcon.colcon_core.shell:create_environment_hook('custom_test_msgs', 'cmake_prefix_path')
[4.069s] INFO:colcon.colcon_core.shell:Creating environment hook '/home/kousei/ros2_ws/src/install/custom_test_msgs/share/custom_test_msgs/hook/cmake_prefix_path.ps1'
[4.070s] INFO:colcon.colcon_core.shell:Creating environment descriptor '/home/kousei/ros2_ws/src/install/custom_test_msgs/share/custom_test_msgs/hook/cmake_prefix_path.dsv'
[4.070s] INFO:colcon.colcon_core.shell:Creating environment hook '/home/kousei/ros2_ws/src/install/custom_test_msgs/share/custom_test_msgs/hook/cmake_prefix_path.sh'
[4.070s] Level 1:colcon.colcon_core.environment:checking '/home/kousei/ros2_ws/src/install/custom_test_msgs/lib'
[4.070s] Level 1:colcon.colcon_core.shell:create_environment_hook('custom_test_msgs', 'ld_library_path_lib')
[4.078s] INFO:colcon.colcon_core.shell:Creating environment hook '/home/kousei/ros2_ws/src/install/custom_test_msgs/share/custom_test_msgs/hook/ld_library_path_lib.ps1'
[4.079s] INFO:colcon.colcon_core.shell:Creating environment descriptor '/home/kousei/ros2_ws/src/install/custom_test_msgs/share/custom_test_msgs/hook/ld_library_path_lib.dsv'
[4.079s] INFO:colcon.colcon_core.shell:Creating environment hook '/home/kousei/ros2_ws/src/install/custom_test_msgs/share/custom_test_msgs/hook/ld_library_path_lib.sh'
[4.079s] Level 1:colcon.colcon_core.environment:checking '/home/kousei/ros2_ws/src/install/custom_test_msgs/bin'
[4.079s] Level 1:colcon.colcon_core.environment:checking '/home/kousei/ros2_ws/src/install/custom_test_msgs/lib/pkgconfig/custom_test_msgs.pc'
[4.079s] Level 1:colcon.colcon_core.environment:checking '/home/kousei/ros2_ws/src/install/custom_test_msgs/lib/python3.10/site-packages'
[4.079s] Level 1:colcon.colcon_core.environment:checking '/home/kousei/ros2_ws/src/install/custom_test_msgs/bin'
[4.088s] INFO:colcon.colcon_core.shell:Creating package script '/home/kousei/ros2_ws/src/install/custom_test_msgs/share/custom_test_msgs/package.ps1'
[4.088s] INFO:colcon.colcon_core.shell:Creating package descriptor '/home/kousei/ros2_ws/src/install/custom_test_msgs/share/custom_test_msgs/package.dsv'
[4.088s] INFO:colcon.colcon_core.shell:Creating package script '/home/kousei/ros2_ws/src/install/custom_test_msgs/share/custom_test_msgs/package.sh'
[4.089s] INFO:colcon.colcon_core.shell:Creating package script '/home/kousei/ros2_ws/src/install/custom_test_msgs/share/custom_test_msgs/package.bash'
[4.089s] INFO:colcon.colcon_core.shell:Creating package script '/home/kousei/ros2_ws/src/install/custom_test_msgs/share/custom_test_msgs/package.zsh'
[4.089s] Level 1:colcon.colcon_core.environment:create_file_with_runtime_dependencies(/home/kousei/ros2_ws/src/install/custom_test_msgs/share/colcon-core/packages/custom_test_msgs)
[4.089s] INFO:colcon.colcon_ros.task.ament_cmake.build:Building ROS package in '/home/kousei/ros2_ws/src/android_controll_test' with build type 'ament_cmake'
[4.089s] INFO:colcon.colcon_cmake.task.cmake.build:Building CMake package in '/home/kousei/ros2_ws/src/android_controll_test'
[4.098s] INFO:colcon.colcon_core.shell:Skip shell extension 'powershell' for command environment: Not usable outside of PowerShell
[4.098s] DEBUG:colcon.colcon_core.shell:Skip shell extension 'dsv' for command environment
[4.145s] DEBUG:colcon.colcon_core.event_handler.log_command:Invoking command in '/home/kousei/ros2_ws/src/build/android_controll_test': AMENT_PREFIX_PATH=/home/kousei/ros2_ws/src/install/custom_test_msgs:/home/kousei/ros2_ws/src/install/custom_message_unity:${AMENT_PREFIX_PATH} CMAKE_PREFIX_PATH=/home/kousei/ros2_ws/src/install/custom_test_msgs:/home/kousei/ros2_ws/src/install/custom_message_unity:/opt/ros/humble LD_LIBRARY_PATH=/home/kousei/ros2_ws/src/install/custom_test_msgs/lib:/home/kousei/ros2_ws/src/install/custom_message_unity/lib:${LD_LIBRARY_PATH} PYTHONPATH=/home/kousei/ros2_ws/src/install/custom_test_msgs/local/lib/python3.10/dist-packages:/home/kousei/ros2_ws/src/install/custom_message_unity/local/lib/python3.10/dist-packages:${PYTHONPATH} /usr/bin/cmake /home/kousei/ros2_ws/src/android_controll_test -DCMAKE_INSTALL_PREFIX=/home/kousei/ros2_ws/src/install/android_controll_test
[5.954s] DEBUG:colcon.colcon_core.event_handler.log_command:Invoked command in '/home/kousei/ros2_ws/src/build/android_controll_test' returned '0': AMENT_PREFIX_PATH=/home/kousei/ros2_ws/src/install/custom_test_msgs:/home/kousei/ros2_ws/src/install/custom_message_unity:${AMENT_PREFIX_PATH} CMAKE_PREFIX_PATH=/home/kousei/ros2_ws/src/install/custom_test_msgs:/home/kousei/ros2_ws/src/install/custom_message_unity:/opt/ros/humble LD_LIBRARY_PATH=/home/kousei/ros2_ws/src/install/custom_test_msgs/lib:/home/kousei/ros2_ws/src/install/custom_message_unity/lib:${LD_LIBRARY_PATH} PYTHONPATH=/home/kousei/ros2_ws/src/install/custom_test_msgs/local/lib/python3.10/dist-packages:/home/kousei/ros2_ws/src/install/custom_message_unity/local/lib/python3.10/dist-packages:${PYTHONPATH} /usr/bin/cmake /home/kousei/ros2_ws/src/android_controll_test -DCMAKE_INSTALL_PREFIX=/home/kousei/ros2_ws/src/install/android_controll_test
[5.954s] DEBUG:colcon.colcon_core.event_handler.log_command:Invoking command in '/home/kousei/ros2_ws/src/build/android_controll_test': AMENT_PREFIX_PATH=/home/kousei/ros2_ws/src/install/custom_test_msgs:/home/kousei/ros2_ws/src/install/custom_message_unity:${AMENT_PREFIX_PATH} CMAKE_PREFIX_PATH=/home/kousei/ros2_ws/src/install/custom_test_msgs:/home/kousei/ros2_ws/src/install/custom_message_unity:/opt/ros/humble LD_LIBRARY_PATH=/home/kousei/ros2_ws/src/install/custom_test_msgs/lib:/home/kousei/ros2_ws/src/install/custom_message_unity/lib:${LD_LIBRARY_PATH} PYTHONPATH=/home/kousei/ros2_ws/src/install/custom_test_msgs/local/lib/python3.10/dist-packages:/home/kousei/ros2_ws/src/install/custom_message_unity/local/lib/python3.10/dist-packages:${PYTHONPATH} /usr/bin/cmake --build /home/kousei/ros2_ws/src/build/android_controll_test -- -j16 -l16
[6.456s] DEBUG:colcon.colcon_core.event_handler.log_command:Invoked command in '/home/kousei/ros2_ws/src/build/cpp_server_client' returned '0': CMAKE_PREFIX_PATH=/opt/ros/humble /usr/bin/cmake --build /home/kousei/ros2_ws/src/build/cpp_server_client -- -j16 -l16
[6.514s] DEBUG:colcon.colcon_core.event_handler.log_command:Invoking command in '/home/kousei/ros2_ws/src/build/cpp_server_client': CMAKE_PREFIX_PATH=/opt/ros/humble /usr/bin/cmake --install /home/kousei/ros2_ws/src/build/cpp_server_client
[6.574s] Level 1:colcon.colcon_core.environment:create_environment_scripts_only(cpp_server_client)
[6.575s] DEBUG:colcon.colcon_core.event_handler.log_command:Invoked command in '/home/kousei/ros2_ws/src/build/cpp_server_client' returned '0': CMAKE_PREFIX_PATH=/opt/ros/humble /usr/bin/cmake --install /home/kousei/ros2_ws/src/build/cpp_server_client
[6.595s] Level 1:colcon.colcon_core.environment:checking '/home/kousei/ros2_ws/src/install/cpp_server_client' for CMake module files
[6.596s] Level 1:colcon.colcon_core.environment:checking '/home/kousei/ros2_ws/src/install/cpp_server_client' for CMake config files
[6.596s] Level 1:colcon.colcon_core.shell:create_environment_hook('cpp_server_client', 'cmake_prefix_path')
[6.610s] INFO:colcon.colcon_core.shell:Creating environment hook '/home/kousei/ros2_ws/src/install/cpp_server_client/share/cpp_server_client/hook/cmake_prefix_path.ps1'
[6.611s] INFO:colcon.colcon_core.shell:Creating environment descriptor '/home/kousei/ros2_ws/src/install/cpp_server_client/share/cpp_server_client/hook/cmake_prefix_path.dsv'
[6.611s] INFO:colcon.colcon_core.shell:Creating environment hook '/home/kousei/ros2_ws/src/install/cpp_server_client/share/cpp_server_client/hook/cmake_prefix_path.sh'
[6.611s] Level 1:colcon.colcon_core.environment:checking '/home/kousei/ros2_ws/src/install/cpp_server_client/lib'
[6.611s] Level 1:colcon.colcon_core.shell:create_environment_hook('cpp_server_client', 'ld_library_path_lib')
[6.624s] INFO:colcon.colcon_core.shell:Creating environment hook '/home/kousei/ros2_ws/src/install/cpp_server_client/share/cpp_server_client/hook/ld_library_path_lib.ps1'
[6.624s] INFO:colcon.colcon_core.shell:Creating environment descriptor '/home/kousei/ros2_ws/src/install/cpp_server_client/share/cpp_server_client/hook/ld_library_path_lib.dsv'
[6.624s] INFO:colcon.colcon_core.shell:Creating environment hook '/home/kousei/ros2_ws/src/install/cpp_server_client/share/cpp_server_client/hook/ld_library_path_lib.sh'
[6.624s] Level 1:colcon.colcon_core.environment:checking '/home/kousei/ros2_ws/src/install/cpp_server_client/bin'
[6.625s] Level 1:colcon.colcon_core.environment:checking '/home/kousei/ros2_ws/src/install/cpp_server_client/lib/pkgconfig/cpp_server_client.pc'
[6.625s] Level 1:colcon.colcon_core.environment:checking '/home/kousei/ros2_ws/src/install/cpp_server_client/lib/python3.10/site-packages'
[6.625s] Level 1:colcon.colcon_core.environment:checking '/home/kousei/ros2_ws/src/install/cpp_server_client/bin'
[6.635s] INFO:colcon.colcon_core.shell:Creating package script '/home/kousei/ros2_ws/src/install/cpp_server_client/share/cpp_server_client/package.ps1'
[6.636s] INFO:colcon.colcon_core.shell:Creating package descriptor '/home/kousei/ros2_ws/src/install/cpp_server_client/share/cpp_server_client/package.dsv'
[6.637s] INFO:colcon.colcon_core.shell:Creating package script '/home/kousei/ros2_ws/src/install/cpp_server_client/share/cpp_server_client/package.sh'
[6.637s] INFO:colcon.colcon_core.shell:Creating package script '/home/kousei/ros2_ws/src/install/cpp_server_client/share/cpp_server_client/package.bash'
[6.638s] INFO:colcon.colcon_core.shell:Creating package script '/home/kousei/ros2_ws/src/install/cpp_server_client/share/cpp_server_client/package.zsh'
[6.638s] Level 1:colcon.colcon_core.environment:create_file_with_runtime_dependencies(/home/kousei/ros2_ws/src/install/cpp_server_client/share/colcon-core/packages/cpp_server_client)
[6.705s] Level 1:colcon.colcon_core.environment:create_environment_scripts_only(cpp_server_client)
[6.720s] Level 1:colcon.colcon_core.environment:checking '/home/kousei/ros2_ws/src/install/cpp_server_client' for CMake module files
[6.721s] Level 1:colcon.colcon_core.environment:checking '/home/kousei/ros2_ws/src/install/cpp_server_client' for CMake config files
[6.722s] Level 1:colcon.colcon_core.shell:create_environment_hook('cpp_server_client', 'cmake_prefix_path')
[6.742s] INFO:colcon.colcon_core.shell:Creating environment hook '/home/kousei/ros2_ws/src/install/cpp_server_client/share/cpp_server_client/hook/cmake_prefix_path.ps1'
[6.743s] INFO:colcon.colcon_core.shell:Creating environment descriptor '/home/kousei/ros2_ws/src/install/cpp_server_client/share/cpp_server_client/hook/cmake_prefix_path.dsv'
[6.744s] INFO:colcon.colcon_core.shell:Creating environment hook '/home/kousei/ros2_ws/src/install/cpp_server_client/share/cpp_server_client/hook/cmake_prefix_path.sh'
[6.745s] Level 1:colcon.colcon_core.environment:checking '/home/kousei/ros2_ws/src/install/cpp_server_client/lib'
[6.745s] Level 1:colcon.colcon_core.shell:create_environment_hook('cpp_server_client', 'ld_library_path_lib')
[6.764s] INFO:colcon.colcon_core.shell:Creating environment hook '/home/kousei/ros2_ws/src/install/cpp_server_client/share/cpp_server_client/hook/ld_library_path_lib.ps1'
[6.765s] INFO:colcon.colcon_core.shell:Creating environment descriptor '/home/kousei/ros2_ws/src/install/cpp_server_client/share/cpp_server_client/hook/ld_library_path_lib.dsv'
[6.765s] INFO:colcon.colcon_core.shell:Creating environment hook '/home/kousei/ros2_ws/src/install/cpp_server_client/share/cpp_server_client/hook/ld_library_path_lib.sh'
[6.766s] Level 1:colcon.colcon_core.environment:checking '/home/kousei/ros2_ws/src/install/cpp_server_client/bin'
[6.766s] Level 1:colcon.colcon_core.environment:checking '/home/kousei/ros2_ws/src/install/cpp_server_client/lib/pkgconfig/cpp_server_client.pc'
[6.766s] Level 1:colcon.colcon_core.environment:checking '/home/kousei/ros2_ws/src/install/cpp_server_client/lib/python3.10/site-packages'
[6.766s] Level 1:colcon.colcon_core.environment:checking '/home/kousei/ros2_ws/src/install/cpp_server_client/bin'
[6.785s] INFO:colcon.colcon_core.shell:Creating package script '/home/kousei/ros2_ws/src/install/cpp_server_client/share/cpp_server_client/package.ps1'
[6.786s] INFO:colcon.colcon_core.shell:Creating package descriptor '/home/kousei/ros2_ws/src/install/cpp_server_client/share/cpp_server_client/package.dsv'
[6.786s] INFO:colcon.colcon_core.shell:Creating package script '/home/kousei/ros2_ws/src/install/cpp_server_client/share/cpp_server_client/package.sh'
[6.787s] INFO:colcon.colcon_core.shell:Creating package script '/home/kousei/ros2_ws/src/install/cpp_server_client/share/cpp_server_client/package.bash'
[6.788s] INFO:colcon.colcon_core.shell:Creating package script '/home/kousei/ros2_ws/src/install/cpp_server_client/share/cpp_server_client/package.zsh'
[6.788s] Level 1:colcon.colcon_core.environment:create_file_with_runtime_dependencies(/home/kousei/ros2_ws/src/install/cpp_server_client/share/colcon-core/packages/cpp_server_client)
[9.088s] DEBUG:colcon.colcon_core.event_handler.log_command:Invoked command in '/home/kousei/ros2_ws/src/build/cpp_topic_pubsub' returned '0': CMAKE_PREFIX_PATH=/opt/ros/humble /usr/bin/cmake --build /home/kousei/ros2_ws/src/build/cpp_topic_pubsub -- -j16 -l16
[9.123s] DEBUG:colcon.colcon_core.event_handler.log_command:Invoking command in '/home/kousei/ros2_ws/src/build/cpp_topic_pubsub': CMAKE_PREFIX_PATH=/opt/ros/humble /usr/bin/cmake --install /home/kousei/ros2_ws/src/build/cpp_topic_pubsub
[9.162s] Level 1:colcon.colcon_core.environment:create_environment_scripts_only(cpp_topic_pubsub)
[9.163s] DEBUG:colcon.colcon_core.event_handler.log_command:Invoked command in '/home/kousei/ros2_ws/src/build/cpp_topic_pubsub' returned '0': CMAKE_PREFIX_PATH=/opt/ros/humble /usr/bin/cmake --install /home/kousei/ros2_ws/src/build/cpp_topic_pubsub
[9.169s] Level 1:colcon.colcon_core.environment:checking '/home/kousei/ros2_ws/src/install/cpp_topic_pubsub' for CMake module files
[9.170s] Level 1:colcon.colcon_core.environment:checking '/home/kousei/ros2_ws/src/install/cpp_topic_pubsub' for CMake config files
[9.170s] Level 1:colcon.colcon_core.shell:create_environment_hook('cpp_topic_pubsub', 'cmake_prefix_path')
[9.176s] INFO:colcon.colcon_core.shell:Creating environment hook '/home/kousei/ros2_ws/src/install/cpp_topic_pubsub/share/cpp_topic_pubsub/hook/cmake_prefix_path.ps1'
[9.177s] INFO:colcon.colcon_core.shell:Creating environment descriptor '/home/kousei/ros2_ws/src/install/cpp_topic_pubsub/share/cpp_topic_pubsub/hook/cmake_prefix_path.dsv'
[9.177s] INFO:colcon.colcon_core.shell:Creating environment hook '/home/kousei/ros2_ws/src/install/cpp_topic_pubsub/share/cpp_topic_pubsub/hook/cmake_prefix_path.sh'
[9.177s] Level 1:colcon.colcon_core.environment:checking '/home/kousei/ros2_ws/src/install/cpp_topic_pubsub/lib'
[9.177s] Level 1:colcon.colcon_core.shell:create_environment_hook('cpp_topic_pubsub', 'ld_library_path_lib')
[9.183s] INFO:colcon.colcon_core.shell:Creating environment hook '/home/kousei/ros2_ws/src/install/cpp_topic_pubsub/share/cpp_topic_pubsub/hook/ld_library_path_lib.ps1'
[9.183s] INFO:colcon.colcon_core.shell:Creating environment descriptor '/home/kousei/ros2_ws/src/install/cpp_topic_pubsub/share/cpp_topic_pubsub/hook/ld_library_path_lib.dsv'
[9.184s] INFO:colcon.colcon_core.shell:Creating environment hook '/home/kousei/ros2_ws/src/install/cpp_topic_pubsub/share/cpp_topic_pubsub/hook/ld_library_path_lib.sh'
[9.184s] Level 1:colcon.colcon_core.environment:checking '/home/kousei/ros2_ws/src/install/cpp_topic_pubsub/bin'
[9.184s] Level 1:colcon.colcon_core.environment:checking '/home/kousei/ros2_ws/src/install/cpp_topic_pubsub/lib/pkgconfig/cpp_topic_pubsub.pc'
[9.184s] Level 1:colcon.colcon_core.environment:checking '/home/kousei/ros2_ws/src/install/cpp_topic_pubsub/lib/python3.10/site-packages'
[9.184s] Level 1:colcon.colcon_core.environment:checking '/home/kousei/ros2_ws/src/install/cpp_topic_pubsub/bin'
[9.191s] INFO:colcon.colcon_core.shell:Creating package script '/home/kousei/ros2_ws/src/install/cpp_topic_pubsub/share/cpp_topic_pubsub/package.ps1'
[9.191s] INFO:colcon.colcon_core.shell:Creating package descriptor '/home/kousei/ros2_ws/src/install/cpp_topic_pubsub/share/cpp_topic_pubsub/package.dsv'
[9.191s] INFO:colcon.colcon_core.shell:Creating package script '/home/kousei/ros2_ws/src/install/cpp_topic_pubsub/share/cpp_topic_pubsub/package.sh'
[9.191s] INFO:colcon.colcon_core.shell:Creating package script '/home/kousei/ros2_ws/src/install/cpp_topic_pubsub/share/cpp_topic_pubsub/package.bash'
[9.191s] INFO:colcon.colcon_core.shell:Creating package script '/home/kousei/ros2_ws/src/install/cpp_topic_pubsub/share/cpp_topic_pubsub/package.zsh'
[9.192s] Level 1:colcon.colcon_core.environment:create_file_with_runtime_dependencies(/home/kousei/ros2_ws/src/install/cpp_topic_pubsub/share/colcon-core/packages/cpp_topic_pubsub)
[9.232s] Level 1:colcon.colcon_core.environment:create_environment_scripts_only(cpp_topic_pubsub)
[9.238s] Level 1:colcon.colcon_core.environment:checking '/home/kousei/ros2_ws/src/install/cpp_topic_pubsub' for CMake module files
[9.239s] Level 1:colcon.colcon_core.environment:checking '/home/kousei/ros2_ws/src/install/cpp_topic_pubsub' for CMake config files
[9.239s] Level 1:colcon.colcon_core.shell:create_environment_hook('cpp_topic_pubsub', 'cmake_prefix_path')
[9.245s] INFO:colcon.colcon_core.shell:Creating environment hook '/home/kousei/ros2_ws/src/install/cpp_topic_pubsub/share/cpp_topic_pubsub/hook/cmake_prefix_path.ps1'
[9.246s] INFO:colcon.colcon_core.shell:Creating environment descriptor '/home/kousei/ros2_ws/src/install/cpp_topic_pubsub/share/cpp_topic_pubsub/hook/cmake_prefix_path.dsv'
[9.246s] INFO:colcon.colcon_core.shell:Creating environment hook '/home/kousei/ros2_ws/src/install/cpp_topic_pubsub/share/cpp_topic_pubsub/hook/cmake_prefix_path.sh'
[9.246s] Level 1:colcon.colcon_core.environment:checking '/home/kousei/ros2_ws/src/install/cpp_topic_pubsub/lib'
[9.246s] Level 1:colcon.colcon_core.shell:create_environment_hook('cpp_topic_pubsub', 'ld_library_path_lib')
[9.253s] INFO:colcon.colcon_core.shell:Creating environment hook '/home/kousei/ros2_ws/src/install/cpp_topic_pubsub/share/cpp_topic_pubsub/hook/ld_library_path_lib.ps1'
[9.253s] INFO:colcon.colcon_core.shell:Creating environment descriptor '/home/kousei/ros2_ws/src/install/cpp_topic_pubsub/share/cpp_topic_pubsub/hook/ld_library_path_lib.dsv'
[9.253s] INFO:colcon.colcon_core.shell:Creating environment hook '/home/kousei/ros2_ws/src/install/cpp_topic_pubsub/share/cpp_topic_pubsub/hook/ld_library_path_lib.sh'
[9.253s] Level 1:colcon.colcon_core.environment:checking '/home/kousei/ros2_ws/src/install/cpp_topic_pubsub/bin'
[9.253s] Level 1:colcon.colcon_core.environment:checking '/home/kousei/ros2_ws/src/install/cpp_topic_pubsub/lib/pkgconfig/cpp_topic_pubsub.pc'
[9.253s] Level 1:colcon.colcon_core.environment:checking '/home/kousei/ros2_ws/src/install/cpp_topic_pubsub/lib/python3.10/site-packages'
[9.254s] Level 1:colcon.colcon_core.environment:checking '/home/kousei/ros2_ws/src/install/cpp_topic_pubsub/bin'
[9.260s] INFO:colcon.colcon_core.shell:Creating package script '/home/kousei/ros2_ws/src/install/cpp_topic_pubsub/share/cpp_topic_pubsub/package.ps1'
[9.261s] INFO:colcon.colcon_core.shell:Creating package descriptor '/home/kousei/ros2_ws/src/install/cpp_topic_pubsub/share/cpp_topic_pubsub/package.dsv'
[9.261s] INFO:colcon.colcon_core.shell:Creating package script '/home/kousei/ros2_ws/src/install/cpp_topic_pubsub/share/cpp_topic_pubsub/package.sh'
[9.261s] INFO:colcon.colcon_core.shell:Creating package script '/home/kousei/ros2_ws/src/install/cpp_topic_pubsub/share/cpp_topic_pubsub/package.bash'
[9.261s] INFO:colcon.colcon_core.shell:Creating package script '/home/kousei/ros2_ws/src/install/cpp_topic_pubsub/share/cpp_topic_pubsub/package.zsh'
[9.261s] Level 1:colcon.colcon_core.environment:create_file_with_runtime_dependencies(/home/kousei/ros2_ws/src/install/cpp_topic_pubsub/share/colcon-core/packages/cpp_topic_pubsub)
[12.181s] DEBUG:colcon.colcon_core.event_handler.log_command:Invoked command in '/home/kousei/ros2_ws/src/build/android_controll_test' returned '0': AMENT_PREFIX_PATH=/home/kousei/ros2_ws/src/install/custom_test_msgs:/home/kousei/ros2_ws/src/install/custom_message_unity:${AMENT_PREFIX_PATH} CMAKE_PREFIX_PATH=/home/kousei/ros2_ws/src/install/custom_test_msgs:/home/kousei/ros2_ws/src/install/custom_message_unity:/opt/ros/humble LD_LIBRARY_PATH=/home/kousei/ros2_ws/src/install/custom_test_msgs/lib:/home/kousei/ros2_ws/src/install/custom_message_unity/lib:${LD_LIBRARY_PATH} PYTHONPATH=/home/kousei/ros2_ws/src/install/custom_test_msgs/local/lib/python3.10/dist-packages:/home/kousei/ros2_ws/src/install/custom_message_unity/local/lib/python3.10/dist-packages:${PYTHONPATH} /usr/bin/cmake --build /home/kousei/ros2_ws/src/build/android_controll_test -- -j16 -l16
[12.221s] DEBUG:colcon.colcon_core.event_handler.log_command:Invoking command in '/home/kousei/ros2_ws/src/build/android_controll_test': AMENT_PREFIX_PATH=/home/kousei/ros2_ws/src/install/custom_test_msgs:/home/kousei/ros2_ws/src/install/custom_message_unity:${AMENT_PREFIX_PATH} CMAKE_PREFIX_PATH=/home/kousei/ros2_ws/src/install/custom_test_msgs:/home/kousei/ros2_ws/src/install/custom_message_unity:/opt/ros/humble LD_LIBRARY_PATH=/home/kousei/ros2_ws/src/install/custom_test_msgs/lib:/home/kousei/ros2_ws/src/install/custom_message_unity/lib:${LD_LIBRARY_PATH} PYTHONPATH=/home/kousei/ros2_ws/src/install/custom_test_msgs/local/lib/python3.10/dist-packages:/home/kousei/ros2_ws/src/install/custom_message_unity/local/lib/python3.10/dist-packages:${PYTHONPATH} /usr/bin/cmake --install /home/kousei/ros2_ws/src/build/android_controll_test
[12.265s] Level 1:colcon.colcon_core.environment:create_environment_scripts_only(android_controll_test)
[12.265s] DEBUG:colcon.colcon_core.event_handler.log_command:Invoked command in '/home/kousei/ros2_ws/src/build/android_controll_test' returned '0': AMENT_PREFIX_PATH=/home/kousei/ros2_ws/src/install/custom_test_msgs:/home/kousei/ros2_ws/src/install/custom_message_unity:${AMENT_PREFIX_PATH} CMAKE_PREFIX_PATH=/home/kousei/ros2_ws/src/install/custom_test_msgs:/home/kousei/ros2_ws/src/install/custom_message_unity:/opt/ros/humble LD_LIBRARY_PATH=/home/kousei/ros2_ws/src/install/custom_test_msgs/lib:/home/kousei/ros2_ws/src/install/custom_message_unity/lib:${LD_LIBRARY_PATH} PYTHONPATH=/home/kousei/ros2_ws/src/install/custom_test_msgs/local/lib/python3.10/dist-packages:/home/kousei/ros2_ws/src/install/custom_message_unity/local/lib/python3.10/dist-packages:${PYTHONPATH} /usr/bin/cmake --install /home/kousei/ros2_ws/src/build/android_controll_test
[12.271s] Level 1:colcon.colcon_core.environment:checking '/home/kousei/ros2_ws/src/install/android_controll_test' for CMake module files
[12.272s] Level 1:colcon.colcon_core.environment:checking '/home/kousei/ros2_ws/src/install/android_controll_test' for CMake config files
[12.272s] Level 1:colcon.colcon_core.shell:create_environment_hook('android_controll_test', 'cmake_prefix_path')
[12.278s] INFO:colcon.colcon_core.shell:Creating environment hook '/home/kousei/ros2_ws/src/install/android_controll_test/share/android_controll_test/hook/cmake_prefix_path.ps1'
[12.278s] INFO:colcon.colcon_core.shell:Creating environment descriptor '/home/kousei/ros2_ws/src/install/android_controll_test/share/android_controll_test/hook/cmake_prefix_path.dsv'
[12.278s] INFO:colcon.colcon_core.shell:Creating environment hook '/home/kousei/ros2_ws/src/install/android_controll_test/share/android_controll_test/hook/cmake_prefix_path.sh'
[12.278s] Level 1:colcon.colcon_core.environment:checking '/home/kousei/ros2_ws/src/install/android_controll_test/lib'
[12.278s] Level 1:colcon.colcon_core.shell:create_environment_hook('android_controll_test', 'ld_library_path_lib')
[12.284s] INFO:colcon.colcon_core.shell:Creating environment hook '/home/kousei/ros2_ws/src/install/android_controll_test/share/android_controll_test/hook/ld_library_path_lib.ps1'
[12.284s] INFO:colcon.colcon_core.shell:Creating environment descriptor '/home/kousei/ros2_ws/src/install/android_controll_test/share/android_controll_test/hook/ld_library_path_lib.dsv'
[12.285s] INFO:colcon.colcon_core.shell:Creating environment hook '/home/kousei/ros2_ws/src/install/android_controll_test/share/android_controll_test/hook/ld_library_path_lib.sh'
[12.285s] Level 1:colcon.colcon_core.environment:checking '/home/kousei/ros2_ws/src/install/android_controll_test/bin'
[12.285s] Level 1:colcon.colcon_core.environment:checking '/home/kousei/ros2_ws/src/install/android_controll_test/lib/pkgconfig/android_controll_test.pc'
[12.285s] Level 1:colcon.colcon_core.environment:checking '/home/kousei/ros2_ws/src/install/android_controll_test/lib/python3.10/site-packages'
[12.285s] Level 1:colcon.colcon_core.environment:checking '/home/kousei/ros2_ws/src/install/android_controll_test/bin'
[12.291s] INFO:colcon.colcon_core.shell:Creating package script '/home/kousei/ros2_ws/src/install/android_controll_test/share/android_controll_test/package.ps1'
[12.292s] INFO:colcon.colcon_core.shell:Creating package descriptor '/home/kousei/ros2_ws/src/install/android_controll_test/share/android_controll_test/package.dsv'
[12.292s] INFO:colcon.colcon_core.shell:Creating package script '/home/kousei/ros2_ws/src/install/android_controll_test/share/android_controll_test/package.sh'
[12.292s] INFO:colcon.colcon_core.shell:Creating package script '/home/kousei/ros2_ws/src/install/android_controll_test/share/android_controll_test/package.bash'
[12.292s] INFO:colcon.colcon_core.shell:Creating package script '/home/kousei/ros2_ws/src/install/android_controll_test/share/android_controll_test/package.zsh'
[12.292s] Level 1:colcon.colcon_core.environment:create_file_with_runtime_dependencies(/home/kousei/ros2_ws/src/install/android_controll_test/share/colcon-core/packages/android_controll_test)
[12.338s] Level 1:colcon.colcon_core.environment:create_environment_scripts_only(android_controll_test)
[12.344s] Level 1:colcon.colcon_core.environment:checking '/home/kousei/ros2_ws/src/install/android_controll_test' for CMake module files
[12.345s] Level 1:colcon.colcon_core.environment:checking '/home/kousei/ros2_ws/src/install/android_controll_test' for CMake config files
[12.345s] Level 1:colcon.colcon_core.shell:create_environment_hook('android_controll_test', 'cmake_prefix_path')
[12.351s] INFO:colcon.colcon_core.shell:Creating environment hook '/home/kousei/ros2_ws/src/install/android_controll_test/share/android_controll_test/hook/cmake_prefix_path.ps1'
[12.352s] INFO:colcon.colcon_core.shell:Creating environment descriptor '/home/kousei/ros2_ws/src/install/android_controll_test/share/android_controll_test/hook/cmake_prefix_path.dsv'
[12.352s] INFO:colcon.colcon_core.shell:Creating environment hook '/home/kousei/ros2_ws/src/install/android_controll_test/share/android_controll_test/hook/cmake_prefix_path.sh'
[12.352s] Level 1:colcon.colcon_core.environment:checking '/home/kousei/ros2_ws/src/install/android_controll_test/lib'
[12.352s] Level 1:colcon.colcon_core.shell:create_environment_hook('android_controll_test', 'ld_library_path_lib')
[12.358s] INFO:colcon.colcon_core.shell:Creating environment hook '/home/kousei/ros2_ws/src/install/android_controll_test/share/android_controll_test/hook/ld_library_path_lib.ps1'
[12.359s] INFO:colcon.colcon_core.shell:Creating environment descriptor '/home/kousei/ros2_ws/src/install/android_controll_test/share/android_controll_test/hook/ld_library_path_lib.dsv'
[12.359s] INFO:colcon.colcon_core.shell:Creating environment hook '/home/kousei/ros2_ws/src/install/android_controll_test/share/android_controll_test/hook/ld_library_path_lib.sh'
[12.359s] Level 1:colcon.colcon_core.environment:checking '/home/kousei/ros2_ws/src/install/android_controll_test/bin'
[12.359s] Level 1:colcon.colcon_core.environment:checking '/home/kousei/ros2_ws/src/install/android_controll_test/lib/pkgconfig/android_controll_test.pc'
[12.359s] Level 1:colcon.colcon_core.environment:checking '/home/kousei/ros2_ws/src/install/android_controll_test/lib/python3.10/site-packages'
[12.359s] Level 1:colcon.colcon_core.environment:checking '/home/kousei/ros2_ws/src/install/android_controll_test/bin'
[12.366s] INFO:colcon.colcon_core.shell:Creating package script '/home/kousei/ros2_ws/src/install/android_controll_test/share/android_controll_test/package.ps1'
[12.366s] INFO:colcon.colcon_core.shell:Creating package descriptor '/home/kousei/ros2_ws/src/install/android_controll_test/share/android_controll_test/package.dsv'
[12.366s] INFO:colcon.colcon_core.shell:Creating package script '/home/kousei/ros2_ws/src/install/android_controll_test/share/android_controll_test/package.sh'
[12.367s] INFO:colcon.colcon_core.shell:Creating package script '/home/kousei/ros2_ws/src/install/android_controll_test/share/android_controll_test/package.bash'
[12.367s] INFO:colcon.colcon_core.shell:Creating package script '/home/kousei/ros2_ws/src/install/android_controll_test/share/android_controll_test/package.zsh'
[12.367s] Level 1:colcon.colcon_core.environment:create_file_with_runtime_dependencies(/home/kousei/ros2_ws/src/install/android_controll_test/share/colcon-core/packages/android_controll_test)
[12.367s] DEBUG:colcon.colcon_parallel_executor.executor.parallel:closing loop
[12.368s] DEBUG:colcon.colcon_parallel_executor.executor.parallel:loop closed
[12.368s] DEBUG:colcon.colcon_parallel_executor.executor.parallel:run_until_complete finished with '0'
[12.368s] DEBUG:colcon.colcon_core.event_reactor:joining thread
[12.377s] INFO:colcon.colcon_core.plugin_system:Skipping extension 'colcon_notification.desktop_notification.terminal_notifier': Not used on non-Darwin systems
[12.377s] INFO:colcon.colcon_core.plugin_system:Skipping extension 'colcon_notification.desktop_notification.win32': Not used on non-Windows systems
[12.377s] INFO:colcon.colcon_notification.desktop_notification:Sending desktop notification using 'notify2'
[12.387s] DEBUG:colcon.colcon_core.event_reactor:joined thread
[12.393s] INFO:colcon.colcon_core.shell:Creating prefix script '/home/kousei/ros2_ws/src/install/local_setup.ps1'
[12.393s] INFO:colcon.colcon_core.shell:Creating prefix util module '/home/kousei/ros2_ws/src/install/_local_setup_util_ps1.py'
[12.394s] INFO:colcon.colcon_core.shell:Creating prefix chain script '/home/kousei/ros2_ws/src/install/setup.ps1'
[12.401s] INFO:colcon.colcon_core.shell:Creating prefix script '/home/kousei/ros2_ws/src/install/local_setup.sh'
[12.401s] INFO:colcon.colcon_core.shell:Creating prefix util module '/home/kousei/ros2_ws/src/install/_local_setup_util_sh.py'
[12.401s] INFO:colcon.colcon_core.shell:Creating prefix chain script '/home/kousei/ros2_ws/src/install/setup.sh'
[12.407s] INFO:colcon.colcon_core.shell:Creating prefix script '/home/kousei/ros2_ws/src/install/local_setup.bash'
[12.407s] INFO:colcon.colcon_core.shell:Creating prefix chain script '/home/kousei/ros2_ws/src/install/setup.bash'
[12.414s] INFO:colcon.colcon_core.shell:Creating prefix script '/home/kousei/ros2_ws/src/install/local_setup.zsh'
[12.414s] INFO:colcon.colcon_core.shell:Creating prefix chain script '/home/kousei/ros2_ws/src/install/setup.zsh'
