[0.056s] Invoking command in '/home/osawakousei/ros2_ws/src/cpp_topic_pubsub/build/cpp_topic_pubsub': CMAKE_PREFIX_PATH=${CMAKE_PREFIX_PATH}:/opt/ros/humble /usr/bin/cmake /home/osawakousei/ros2_ws/src/cpp_topic_pubsub -DCMAKE_INSTALL_PREFIX=/home/osawakousei/ros2_ws/src/cpp_topic_pubsub/install/cpp_topic_pubsub
[0.091s] -- Found ament_cmake: 1.3.5 (/opt/ros/humble/share/ament_cmake/cmake)
[0.586s] -- Found rclcpp: 16.0.5 (/opt/ros/humble/share/rclcpp/cmake)
[0.784s] -- Found rosidl_generator_c: 3.1.5 (/opt/ros/humble/share/rosidl_generator_c/cmake)
[0.790s] -- Found rosidl_adapter: 3.1.5 (/opt/ros/humble/share/rosidl_adapter/cmake)
[0.809s] -- Found rosidl_generator_cpp: 3.1.5 (/opt/ros/humble/share/rosidl_generator_cpp/cmake)
[0.848s] -- Using all available rosidl_typesupport_c: rosidl_typesupport_fastrtps_c;rosidl_typesupport_introspection_c
[0.896s] -- Using all available rosidl_typesupport_cpp: rosidl_typesupport_fastrtps_cpp;rosidl_typesupport_introspection_cpp
[1.065s] -- Found rmw_implementation_cmake: 6.1.1 (/opt/ros/humble/share/rmw_implementation_cmake/cmake)
[1.071s] -- Found rmw_fastrtps_cpp: 6.2.3 (/opt/ros/humble/share/rmw_fastrtps_cpp/cmake)
[1.436s] -- Using RMW implementation 'rmw_fastrtps_cpp' as default
[1.952s] -- Found rosidl_default_generators: 1.2.0 (/opt/ros/humble/share/rosidl_default_generators/cmake)
[1.977s] -- Found ament_lint_auto: 0.12.7 (/opt/ros/humble/share/ament_lint_auto/cmake)
[2.783s] [31mCMake Error at /opt/ros/humble/share/rosidl_adapter/cmake/rosidl_adapt_interfaces.cmake:59 (message):
[2.783s]   execute_process(/usr/bin/python3.10 -m rosidl_adapter --package-name
[2.783s]   cpp_topic_pubsub --arguments-file
[2.783s]   /home/osawakousei/ros2_ws/src/cpp_topic_pubsub/build/cpp_topic_pubsub/rosidl_adapter__arguments__cpp_topic_pubsub.json
[2.784s]   --output-dir
[2.784s]   /home/osawakousei/ros2_ws/src/cpp_topic_pubsub/build/cpp_topic_pubsub/rosidl_adapter/cpp_topic_pubsub
[2.784s]   --output-file
[2.784s]   /home/osawakousei/ros2_ws/src/cpp_topic_pubsub/build/cpp_topic_pubsub/rosidl_adapter/cpp_topic_pubsub.idls)
[2.785s]   returned error code 1:
[2.785s] 
[2.785s]   Error processing ' string name' of 'cpp_topic_pubsub/PracticeMsg': 'string
[2.785s]   index out of range'
[2.786s] 
[2.786s]   Traceback (most recent call last):
[2.786s] 
[2.786s]     File "/usr/lib/python3.10/runpy.py", line 196, in _run_module_as_main
[2.786s]       return _run_code(code, main_globals, None,
[2.787s]     File "/usr/lib/python3.10/runpy.py", line 86, in _run_code
[2.787s]       exec(code, run_globals)
[2.787s]     File "/opt/ros/humble/local/lib/python3.10/dist-packages/rosidl_adapter/__main__.py", line 19, in <module>
[2.787s]       sys.exit(main())
[2.787s]     File "/opt/ros/humble/local/lib/python3.10/dist-packages/rosidl_adapter/main.py", line 53, in main
[2.788s]       abs_idl_file = convert_to_idl(
[2.788s]     File "/opt/ros/humble/local/lib/python3.10/dist-packages/rosidl_adapter/__init__.py", line 19, in convert_to_idl
[2.788s]       return convert_msg_to_idl(
[2.788s]     File "/opt/ros/humble/local/lib/python3.10/dist-packages/rosidl_adapter/msg/__init__.py", line 28, in convert_msg_to_idl
[2.788s]       msg = parse_message_string(package_name, input_file.stem, content)
[2.789s]     File "/opt/ros/humble/local/lib/python3.10/dist-packages/rosidl_adapter/parser.py", line 520, in parse_message_string
[2.789s]       Type(type_string, context_package_name=pkg_name),
[2.789s]     File "/opt/ros/humble/local/lib/python3.10/dist-packages/rosidl_adapter/parser.py", line 241, in __init__
[2.789s]       self.is_array = type_string[-1] == ']'
[2.790s] 
[2.790s]   IndexError: string index out of range
[2.790s] 
[2.790s] Call Stack (most recent call first):
[2.790s]   /opt/ros/humble/share/rosidl_cmake/cmake/rosidl_generate_interfaces.cmake:130 (rosidl_adapt_interfaces)
[2.791s]   CMakeLists.txt:31 (rosidl_generate_interfaces)
[2.791s] 
[2.791s] [0m
[2.791s] -- Configuring incomplete, errors occurred!
[2.792s] See also "/home/osawakousei/ros2_ws/src/cpp_topic_pubsub/build/cpp_topic_pubsub/CMakeFiles/CMakeOutput.log".
[2.810s] Invoked command in '/home/osawakousei/ros2_ws/src/cpp_topic_pubsub/build/cpp_topic_pubsub' returned '1': CMAKE_PREFIX_PATH=${CMAKE_PREFIX_PATH}:/opt/ros/humble /usr/bin/cmake /home/osawakousei/ros2_ws/src/cpp_topic_pubsub -DCMAKE_INSTALL_PREFIX=/home/osawakousei/ros2_ws/src/cpp_topic_pubsub/install/cpp_topic_pubsub
