[0.878s] DEBUG:colcon:Command line arguments: ['/usr/bin/colcon', 'build']
[0.879s] DEBUG:colcon:Parsed command line arguments: Namespace(log_base=None, log_level=None, verb_name='build', build_base='build', install_base='install', merge_install=False, symlink_install=False, test_result_base=None, continue_on_error=False, executor='parallel', parallel_workers=8, event_handlers=None, ignore_user_meta=False, metas=['./colcon.meta'], base_paths=['.'], packages_ignore=None, packages_ignore_regex=None, paths=None, packages_up_to=None, packages_up_to_regex=None, packages_above=None, packages_above_and_dependencies=None, packages_above_depth=None, packages_select_by_dep=None, packages_skip_by_dep=None, packages_skip_up_to=None, packages_select_build_failed=False, packages_skip_build_finished=False, packages_select_test_failures=False, packages_skip_test_passed=False, packages_select=None, packages_skip=None, packages_select_regex=None, packages_skip_regex=None, packages_start=None, packages_end=None, allow_overriding=[], cmake_args=None, cmake_target=None, cmake_target_skip_unavailable=False, cmake_clean_cache=False, cmake_clean_first=False, cmake_force_configure=False, ament_cmake_args=None, catkin_cmake_args=None, catkin_skip_building_tests=False, verb_parser=<colcon_defaults.argument_parser.defaults.DefaultArgumentsDecorator object at 0x7fdb41394550>, verb_extension=<colcon_core.verb.build.BuildVerb object at 0x7fdb41b36200>, main=<bound method BuildVerb.main of <colcon_core.verb.build.BuildVerb object at 0x7fdb41b36200>>)
[0.956s] Level 1:colcon.colcon_core.package_discovery:discover_packages(colcon_meta) check parameters
[0.956s] Level 1:colcon.colcon_core.package_discovery:discover_packages(recursive) check parameters
[0.957s] Level 1:colcon.colcon_core.package_discovery:discover_packages(ignore) check parameters
[0.957s] Level 1:colcon.colcon_core.package_discovery:discover_packages(path) check parameters
[0.957s] Level 1:colcon.colcon_core.package_discovery:discover_packages(colcon_meta) discover
[0.957s] Level 1:colcon.colcon_core.package_discovery:discover_packages(recursive) discover
[0.957s] INFO:colcon.colcon_core.package_discovery:Crawling recursively for packages in '/home/osawakousei/ros2_ws/src/cpp_topic_pubsub'
[0.957s] Level 1:colcon.colcon_core.package_identification:_identify(.) by extensions ['ignore', 'ignore_ament_install']
[0.957s] Level 1:colcon.colcon_core.package_identification:_identify(.) by extension 'ignore'
[0.958s] Level 1:colcon.colcon_core.package_identification:_identify(.) by extension 'ignore_ament_install'
[0.958s] Level 1:colcon.colcon_core.package_identification:_identify(.) by extensions ['colcon_pkg']
[0.958s] Level 1:colcon.colcon_core.package_identification:_identify(.) by extension 'colcon_pkg'
[0.958s] Level 1:colcon.colcon_core.package_identification:_identify(.) by extensions ['colcon_meta']
[0.958s] Level 1:colcon.colcon_core.package_identification:_identify(.) by extension 'colcon_meta'
[0.958s] Level 1:colcon.colcon_core.package_identification:_identify(.) by extensions ['ros']
[0.958s] Level 1:colcon.colcon_core.package_identification:_identify(.) by extension 'ros'
[1.015s] DEBUG:colcon.colcon_core.package_identification:Package '.' with type 'ros.ament_cmake' and name 'cpp_topic_pubsub'
[1.015s] Level 1:colcon.colcon_core.package_discovery:discover_packages(recursive) using defaults
[1.016s] Level 1:colcon.colcon_core.package_discovery:discover_packages(ignore) discover
[1.016s] Level 1:colcon.colcon_core.package_discovery:discover_packages(ignore) using defaults
[1.016s] Level 1:colcon.colcon_core.package_discovery:discover_packages(path) discover
[1.016s] Level 1:colcon.colcon_core.package_discovery:discover_packages(path) using defaults
[1.077s] Level 1:colcon.colcon_core.package_discovery:discover_packages(prefix_path) check parameters
[1.077s] Level 1:colcon.colcon_core.package_discovery:discover_packages(prefix_path) discover
[1.088s] DEBUG:colcon.colcon_installed_package_information.package_discovery:Found 1 installed packages in /home/osawakousei/ros2_ws/src/cpp_topic_pubsub/install
[1.090s] DEBUG:colcon.colcon_installed_package_information.package_discovery:Found 1 installed packages in /home/osawakousei/ros2_ws/src/test_package/install
[1.093s] DEBUG:colcon.colcon_installed_package_information.package_discovery:Found 3 installed packages in /home/osawakousei/ros2_ws/uros_ws/install
[1.097s] DEBUG:colcon.colcon_installed_package_information.package_discovery:Found 15 installed packages in /home/osawakousei/ros2_ws/install
[1.107s] DEBUG:colcon.colcon_installed_package_information.package_discovery:Found 329 installed packages in /opt/ros/humble
[1.114s] Level 1:colcon.colcon_core.package_discovery:discover_packages(prefix_path) using defaults
[1.315s] Level 5:colcon.colcon_core.verb:set package 'cpp_topic_pubsub' build argument 'cmake_args' from command line to 'None'
[1.315s] Level 5:colcon.colcon_core.verb:set package 'cpp_topic_pubsub' build argument 'cmake_target' from command line to 'None'
[1.315s] Level 5:colcon.colcon_core.verb:set package 'cpp_topic_pubsub' build argument 'cmake_target_skip_unavailable' from command line to 'False'
[1.315s] Level 5:colcon.colcon_core.verb:set package 'cpp_topic_pubsub' build argument 'cmake_clean_cache' from command line to 'False'
[1.315s] Level 5:colcon.colcon_core.verb:set package 'cpp_topic_pubsub' build argument 'cmake_clean_first' from command line to 'False'
[1.315s] Level 5:colcon.colcon_core.verb:set package 'cpp_topic_pubsub' build argument 'cmake_force_configure' from command line to 'False'
[1.315s] Level 5:colcon.colcon_core.verb:set package 'cpp_topic_pubsub' build argument 'ament_cmake_args' from command line to 'None'
[1.315s] Level 5:colcon.colcon_core.verb:set package 'cpp_topic_pubsub' build argument 'catkin_cmake_args' from command line to 'None'
[1.315s] Level 5:colcon.colcon_core.verb:set package 'cpp_topic_pubsub' build argument 'catkin_skip_building_tests' from command line to 'False'
[1.315s] DEBUG:colcon.colcon_core.verb:Building package 'cpp_topic_pubsub' with the following arguments: {'ament_cmake_args': None, 'build_base': '/home/osawakousei/ros2_ws/src/cpp_topic_pubsub/build/cpp_topic_pubsub', 'catkin_cmake_args': None, 'catkin_skip_building_tests': False, 'cmake_args': None, 'cmake_clean_cache': False, 'cmake_clean_first': False, 'cmake_force_configure': False, 'cmake_target': None, 'cmake_target_skip_unavailable': False, 'install_base': '/home/osawakousei/ros2_ws/src/cpp_topic_pubsub/install/cpp_topic_pubsub', 'merge_install': False, 'path': '/home/osawakousei/ros2_ws/src/cpp_topic_pubsub', 'symlink_install': False, 'test_result_base': None}
[1.317s] INFO:colcon.colcon_core.executor:Executing jobs using 'parallel' executor
[1.324s] DEBUG:colcon.colcon_parallel_executor.executor.parallel:run_until_complete
[1.325s] INFO:colcon.colcon_ros.task.ament_cmake.build:Building ROS package in '/home/osawakousei/ros2_ws/src/cpp_topic_pubsub' with build type 'ament_cmake'
[1.325s] INFO:colcon.colcon_cmake.task.cmake.build:Building CMake package in '/home/osawakousei/ros2_ws/src/cpp_topic_pubsub'
[1.336s] INFO:colcon.colcon_core.plugin_system:Skipping extension 'colcon_core.shell.bat': Not used on non-Windows systems
[1.337s] INFO:colcon.colcon_core.shell:Skip shell extension 'powershell' for command environment: Not usable outside of PowerShell
[1.337s] DEBUG:colcon.colcon_core.shell:Skip shell extension 'dsv' for command environment
[1.386s] DEBUG:colcon.colcon_core.event_handler.log_command:Invoking command in '/home/osawakousei/ros2_ws/src/cpp_topic_pubsub/build/cpp_topic_pubsub': CMAKE_PREFIX_PATH=${CMAKE_PREFIX_PATH}:/opt/ros/humble /usr/bin/cmake /home/osawakousei/ros2_ws/src/cpp_topic_pubsub -DCMAKE_INSTALL_PREFIX=/home/osawakousei/ros2_ws/src/cpp_topic_pubsub/install/cpp_topic_pubsub
[6.150s] DEBUG:colcon.colcon_core.event_handler.log_command:Invoked command in '/home/osawakousei/ros2_ws/src/cpp_topic_pubsub/build/cpp_topic_pubsub' returned '0': CMAKE_PREFIX_PATH=${CMAKE_PREFIX_PATH}:/opt/ros/humble /usr/bin/cmake /home/osawakousei/ros2_ws/src/cpp_topic_pubsub -DCMAKE_INSTALL_PREFIX=/home/osawakousei/ros2_ws/src/cpp_topic_pubsub/install/cpp_topic_pubsub
[6.156s] DEBUG:colcon.colcon_core.event_handler.log_command:Invoking command in '/home/osawakousei/ros2_ws/src/cpp_topic_pubsub/build/cpp_topic_pubsub': CMAKE_PREFIX_PATH=${CMAKE_PREFIX_PATH}:/opt/ros/humble /usr/bin/cmake --build /home/osawakousei/ros2_ws/src/cpp_topic_pubsub/build/cpp_topic_pubsub -- -j8 -l8
[23.387s] DEBUG:colcon.colcon_core.event_handler.log_command:Invoked command in '/home/osawakousei/ros2_ws/src/cpp_topic_pubsub/build/cpp_topic_pubsub' returned '2': CMAKE_PREFIX_PATH=${CMAKE_PREFIX_PATH}:/opt/ros/humble /usr/bin/cmake --build /home/osawakousei/ros2_ws/src/cpp_topic_pubsub/build/cpp_topic_pubsub -- -j8 -l8
[23.910s] Level 1:colcon.colcon_core.environment:create_environment_scripts_only(cpp_topic_pubsub)
[23.923s] Level 1:colcon.colcon_core.environment:checking '/home/osawakousei/ros2_ws/src/cpp_topic_pubsub/install/cpp_topic_pubsub' for CMake module files
[23.924s] Level 1:colcon.colcon_core.environment:checking '/home/osawakousei/ros2_ws/src/cpp_topic_pubsub/install/cpp_topic_pubsub' for CMake config files
[23.927s] Level 1:colcon.colcon_core.environment:checking '/home/osawakousei/ros2_ws/src/cpp_topic_pubsub/install/cpp_topic_pubsub/bin'
[23.927s] Level 1:colcon.colcon_core.environment:checking '/home/osawakousei/ros2_ws/src/cpp_topic_pubsub/install/cpp_topic_pubsub/lib/pkgconfig/cpp_topic_pubsub.pc'
[23.928s] Level 1:colcon.colcon_core.environment:checking '/home/osawakousei/ros2_ws/src/cpp_topic_pubsub/install/cpp_topic_pubsub/lib/python3.10/site-packages'
[23.929s] Level 1:colcon.colcon_core.environment:checking '/home/osawakousei/ros2_ws/src/cpp_topic_pubsub/install/cpp_topic_pubsub/bin'
[23.932s] INFO:colcon.colcon_core.shell:Creating package script '/home/osawakousei/ros2_ws/src/cpp_topic_pubsub/install/cpp_topic_pubsub/share/cpp_topic_pubsub/package.ps1'
[23.934s] INFO:colcon.colcon_core.shell:Creating package descriptor '/home/osawakousei/ros2_ws/src/cpp_topic_pubsub/install/cpp_topic_pubsub/share/cpp_topic_pubsub/package.dsv'
[23.936s] INFO:colcon.colcon_core.shell:Creating package script '/home/osawakousei/ros2_ws/src/cpp_topic_pubsub/install/cpp_topic_pubsub/share/cpp_topic_pubsub/package.sh'
[23.939s] INFO:colcon.colcon_core.shell:Creating package script '/home/osawakousei/ros2_ws/src/cpp_topic_pubsub/install/cpp_topic_pubsub/share/cpp_topic_pubsub/package.bash'
[23.941s] INFO:colcon.colcon_core.shell:Creating package script '/home/osawakousei/ros2_ws/src/cpp_topic_pubsub/install/cpp_topic_pubsub/share/cpp_topic_pubsub/package.zsh'
[23.943s] Level 1:colcon.colcon_core.environment:create_file_with_runtime_dependencies(/home/osawakousei/ros2_ws/src/cpp_topic_pubsub/install/cpp_topic_pubsub/share/colcon-core/packages/cpp_topic_pubsub)
[24.001s] DEBUG:colcon.colcon_parallel_executor.executor.parallel:closing loop
[24.002s] DEBUG:colcon.colcon_parallel_executor.executor.parallel:loop closed
[24.002s] DEBUG:colcon.colcon_parallel_executor.executor.parallel:run_until_complete finished with '2'
[24.002s] DEBUG:colcon.colcon_core.event_reactor:joining thread
[24.018s] INFO:colcon.colcon_core.plugin_system:Skipping extension 'colcon_notification.desktop_notification.terminal_notifier': Not used on non-Darwin systems
[24.019s] INFO:colcon.colcon_core.plugin_system:Skipping extension 'colcon_notification.desktop_notification.win32': Not used on non-Windows systems
[24.019s] INFO:colcon.colcon_notification.desktop_notification:Sending desktop notification using 'notify2'
[24.067s] DEBUG:colcon.colcon_core.event_reactor:joined thread
[24.070s] INFO:colcon.colcon_core.shell:Creating prefix script '/home/osawakousei/ros2_ws/src/cpp_topic_pubsub/install/local_setup.ps1'
[24.073s] INFO:colcon.colcon_core.shell:Creating prefix util module '/home/osawakousei/ros2_ws/src/cpp_topic_pubsub/install/_local_setup_util_ps1.py'
[24.076s] INFO:colcon.colcon_core.shell:Creating prefix chain script '/home/osawakousei/ros2_ws/src/cpp_topic_pubsub/install/setup.ps1'
[24.086s] INFO:colcon.colcon_core.shell:Creating prefix script '/home/osawakousei/ros2_ws/src/cpp_topic_pubsub/install/local_setup.sh'
[24.088s] INFO:colcon.colcon_core.shell:Creating prefix util module '/home/osawakousei/ros2_ws/src/cpp_topic_pubsub/install/_local_setup_util_sh.py'
[24.090s] INFO:colcon.colcon_core.shell:Creating prefix chain script '/home/osawakousei/ros2_ws/src/cpp_topic_pubsub/install/setup.sh'
[24.099s] INFO:colcon.colcon_core.shell:Creating prefix script '/home/osawakousei/ros2_ws/src/cpp_topic_pubsub/install/local_setup.bash'
[24.101s] INFO:colcon.colcon_core.shell:Creating prefix chain script '/home/osawakousei/ros2_ws/src/cpp_topic_pubsub/install/setup.bash'
[24.109s] INFO:colcon.colcon_core.shell:Creating prefix script '/home/osawakousei/ros2_ws/src/cpp_topic_pubsub/install/local_setup.zsh'
[24.111s] INFO:colcon.colcon_core.shell:Creating prefix chain script '/home/osawakousei/ros2_ws/src/cpp_topic_pubsub/install/setup.zsh'
