[0.288s] Invoking command in '/home/osawakousei/ros2_ws/build/micro_ros_msgs': CMAKE_PREFIX_PATH=${CMAKE_PREFIX_PATH}:/opt/ros/humble /usr/bin/cmake --build /home/osawakousei/ros2_ws/build/micro_ros_msgs -- -j8 -l8
[0.573s] [ 10%] Built target micro_ros_msgs__rosidl_generator_c
[0.587s] [ 12%] Built target micro_ros_msgs__cpp
[0.701s] [ 12%] Built target ament_cmake_python_copy_micro_ros_msgs
[0.810s] [ 23%] Built target micro_ros_msgs__rosidl_typesupport_c
[0.938s] [ 34%] Built target micro_ros_msgs__rosidl_typesupport_introspection_c
[1.037s] [ 44%] Built target micro_ros_msgs__rosidl_typesupport_fastrtps_cpp
[1.059s] [ 55%] Built target micro_ros_msgs__rosidl_typesupport_fastrtps_c
[1.175s] [ 65%] Built target micro_ros_msgs__rosidl_typesupport_introspection_cpp
[1.197s] [ 76%] Built target micro_ros_msgs__rosidl_typesupport_cpp
[1.602s] [ 76%] Built target micro_ros_msgs
[1.985s] [ 78%] Built target micro_ros_msgs__py
[2.360s] [ 87%] Built target micro_ros_msgs__rosidl_generator_py
[2.669s] [ 91%] Built target micro_ros_msgs__rosidl_typesupport_c__pyext
[2.679s] [ 95%] Built target micro_ros_msgs__rosidl_typesupport_fastrtps_c__pyext
[2.685s] [100%] Built target micro_ros_msgs__rosidl_typesupport_introspection_c__pyext
[2.916s] running egg_info
[2.920s] writing micro_ros_msgs.egg-info/PKG-INFO
[2.921s] writing dependency_links to micro_ros_msgs.egg-info/dependency_links.txt
[2.922s] writing top-level names to micro_ros_msgs.egg-info/top_level.txt
[2.929s] reading manifest file 'micro_ros_msgs.egg-info/SOURCES.txt'
[2.932s] writing manifest file 'micro_ros_msgs.egg-info/SOURCES.txt'
[3.058s] [100%] Built target ament_cmake_python_build_micro_ros_msgs_egg
[3.112s] Invoked command in '/home/osawakousei/ros2_ws/build/micro_ros_msgs' returned '0': CMAKE_PREFIX_PATH=${CMAKE_PREFIX_PATH}:/opt/ros/humble /usr/bin/cmake --build /home/osawakousei/ros2_ws/build/micro_ros_msgs -- -j8 -l8
[4.244s] Invoking command in '/home/osawakousei/ros2_ws/build/micro_ros_msgs': CMAKE_PREFIX_PATH=${CMAKE_PREFIX_PATH}:/opt/ros/humble /usr/bin/cmake --install /home/osawakousei/ros2_ws/build/micro_ros_msgs
[4.307s] -- Install configuration: ""
[4.315s] -- Up-to-date: /home/osawakousei/ros2_ws/install/micro_ros_msgs/share/ament_index/resource_index/rosidl_interfaces/micro_ros_msgs
[4.339s] -- Up-to-date: /home/osawakousei/ros2_ws/install/micro_ros_msgs/include/micro_ros_msgs/micro_ros_msgs
[4.339s] -- Up-to-date: /home/osawakousei/ros2_ws/install/micro_ros_msgs/include/micro_ros_msgs/micro_ros_msgs/msg
[4.339s] -- Up-to-date: /home/osawakousei/ros2_ws/install/micro_ros_msgs/include/micro_ros_msgs/micro_ros_msgs/msg/entity.h
[4.340s] -- Up-to-date: /home/osawakousei/ros2_ws/install/micro_ros_msgs/include/micro_ros_msgs/micro_ros_msgs/msg/rosidl_generator_c__visibility_control.h
[4.340s] -- Up-to-date: /home/osawakousei/ros2_ws/install/micro_ros_msgs/include/micro_ros_msgs/micro_ros_msgs/msg/graph.h
[4.340s] -- Up-to-date: /home/osawakousei/ros2_ws/install/micro_ros_msgs/include/micro_ros_msgs/micro_ros_msgs/msg/detail
[4.340s] -- Up-to-date: /home/osawakousei/ros2_ws/install/micro_ros_msgs/include/micro_ros_msgs/micro_ros_msgs/msg/detail/node__functions.h
[4.341s] -- Up-to-date: /home/osawakousei/ros2_ws/install/micro_ros_msgs/include/micro_ros_msgs/micro_ros_msgs/msg/detail/graph__functions.h
[4.341s] -- Up-to-date: /home/osawakousei/ros2_ws/install/micro_ros_msgs/include/micro_ros_msgs/micro_ros_msgs/msg/detail/entity__functions.c
[4.342s] -- Up-to-date: /home/osawakousei/ros2_ws/install/micro_ros_msgs/include/micro_ros_msgs/micro_ros_msgs/msg/detail/graph__functions.c
[4.342s] -- Up-to-date: /home/osawakousei/ros2_ws/install/micro_ros_msgs/include/micro_ros_msgs/micro_ros_msgs/msg/detail/node__functions.c
[4.342s] -- Up-to-date: /home/osawakousei/ros2_ws/install/micro_ros_msgs/include/micro_ros_msgs/micro_ros_msgs/msg/detail/entity__type_support.h
[4.345s] -- Up-to-date: /home/osawakousei/ros2_ws/install/micro_ros_msgs/include/micro_ros_msgs/micro_ros_msgs/msg/detail/node__type_support.h
[4.346s] -- Up-to-date: /home/osawakousei/ros2_ws/install/micro_ros_msgs/include/micro_ros_msgs/micro_ros_msgs/msg/detail/graph__struct.h
[4.347s] -- Up-to-date: /home/osawakousei/ros2_ws/install/micro_ros_msgs/include/micro_ros_msgs/micro_ros_msgs/msg/detail/graph__type_support.h
[4.348s] -- Up-to-date: /home/osawakousei/ros2_ws/install/micro_ros_msgs/include/micro_ros_msgs/micro_ros_msgs/msg/detail/node__struct.h
[4.348s] -- Up-to-date: /home/osawakousei/ros2_ws/install/micro_ros_msgs/include/micro_ros_msgs/micro_ros_msgs/msg/detail/entity__struct.h
[4.349s] -- Up-to-date: /home/osawakousei/ros2_ws/install/micro_ros_msgs/include/micro_ros_msgs/micro_ros_msgs/msg/detail/entity__functions.h
[4.350s] -- Up-to-date: /home/osawakousei/ros2_ws/install/micro_ros_msgs/include/micro_ros_msgs/micro_ros_msgs/msg/node.h
[4.351s] -- Up-to-date: /home/osawakousei/ros2_ws/install/micro_ros_msgs/share/micro_ros_msgs/environment/library_path.sh
[4.352s] -- Up-to-date: /home/osawakousei/ros2_ws/install/micro_ros_msgs/share/micro_ros_msgs/environment/library_path.dsv
[4.357s] -- Up-to-date: /home/osawakousei/ros2_ws/install/micro_ros_msgs/lib/libmicro_ros_msgs__rosidl_generator_c.so
[4.361s] -- Up-to-date: /home/osawakousei/ros2_ws/install/micro_ros_msgs/include/micro_ros_msgs/micro_ros_msgs
[4.363s] -- Up-to-date: /home/osawakousei/ros2_ws/install/micro_ros_msgs/include/micro_ros_msgs/micro_ros_msgs/msg
[4.364s] -- Up-to-date: /home/osawakousei/ros2_ws/install/micro_ros_msgs/include/micro_ros_msgs/micro_ros_msgs/msg/detail
[4.365s] -- Up-to-date: /home/osawakousei/ros2_ws/install/micro_ros_msgs/include/micro_ros_msgs/micro_ros_msgs/msg/detail/node__rosidl_typesupport_fastrtps_c.h
[4.368s] -- Up-to-date: /home/osawakousei/ros2_ws/install/micro_ros_msgs/include/micro_ros_msgs/micro_ros_msgs/msg/detail/graph__rosidl_typesupport_fastrtps_c.h
[4.368s] -- Up-to-date: /home/osawakousei/ros2_ws/install/micro_ros_msgs/include/micro_ros_msgs/micro_ros_msgs/msg/detail/entity__rosidl_typesupport_fastrtps_c.h
[4.369s] -- Up-to-date: /home/osawakousei/ros2_ws/install/micro_ros_msgs/include/micro_ros_msgs/micro_ros_msgs/msg/rosidl_typesupport_fastrtps_c__visibility_control.h
[4.372s] -- Up-to-date: /home/osawakousei/ros2_ws/install/micro_ros_msgs/lib/libmicro_ros_msgs__rosidl_typesupport_fastrtps_c.so
[4.372s] -- Up-to-date: /home/osawakousei/ros2_ws/install/micro_ros_msgs/include/micro_ros_msgs/micro_ros_msgs
[4.373s] -- Up-to-date: /home/osawakousei/ros2_ws/install/micro_ros_msgs/include/micro_ros_msgs/micro_ros_msgs/msg
[4.375s] -- Up-to-date: /home/osawakousei/ros2_ws/install/micro_ros_msgs/include/micro_ros_msgs/micro_ros_msgs/msg/rosidl_typesupport_introspection_c__visibility_control.h
[4.377s] -- Up-to-date: /home/osawakousei/ros2_ws/install/micro_ros_msgs/include/micro_ros_msgs/micro_ros_msgs/msg/detail
[4.377s] -- Up-to-date: /home/osawakousei/ros2_ws/install/micro_ros_msgs/include/micro_ros_msgs/micro_ros_msgs/msg/detail/entity__rosidl_typesupport_introspection_c.h
[4.377s] -- Up-to-date: /home/osawakousei/ros2_ws/install/micro_ros_msgs/include/micro_ros_msgs/micro_ros_msgs/msg/detail/node__type_support.c
[4.378s] -- Up-to-date: /home/osawakousei/ros2_ws/install/micro_ros_msgs/include/micro_ros_msgs/micro_ros_msgs/msg/detail/entity__type_support.c
[4.378s] -- Up-to-date: /home/osawakousei/ros2_ws/install/micro_ros_msgs/include/micro_ros_msgs/micro_ros_msgs/msg/detail/graph__rosidl_typesupport_introspection_c.h
[4.378s] -- Up-to-date: /home/osawakousei/ros2_ws/install/micro_ros_msgs/include/micro_ros_msgs/micro_ros_msgs/msg/detail/node__rosidl_typesupport_introspection_c.h
[4.378s] -- Up-to-date: /home/osawakousei/ros2_ws/install/micro_ros_msgs/include/micro_ros_msgs/micro_ros_msgs/msg/detail/graph__type_support.c
[4.379s] -- Up-to-date: /home/osawakousei/ros2_ws/install/micro_ros_msgs/lib/libmicro_ros_msgs__rosidl_typesupport_introspection_c.so
[4.388s] -- Up-to-date: /home/osawakousei/ros2_ws/install/micro_ros_msgs/lib/libmicro_ros_msgs__rosidl_typesupport_c.so
[4.389s] -- Up-to-date: /home/osawakousei/ros2_ws/install/micro_ros_msgs/include/micro_ros_msgs/micro_ros_msgs
[4.389s] -- Up-to-date: /home/osawakousei/ros2_ws/install/micro_ros_msgs/include/micro_ros_msgs/micro_ros_msgs/msg
[4.390s] -- Up-to-date: /home/osawakousei/ros2_ws/install/micro_ros_msgs/include/micro_ros_msgs/micro_ros_msgs/msg/graph.hpp
[4.392s] -- Up-to-date: /home/osawakousei/ros2_ws/install/micro_ros_msgs/include/micro_ros_msgs/micro_ros_msgs/msg/entity.hpp
[4.393s] -- Up-to-date: /home/osawakousei/ros2_ws/install/micro_ros_msgs/include/micro_ros_msgs/micro_ros_msgs/msg/detail
[4.394s] -- Up-to-date: /home/osawakousei/ros2_ws/install/micro_ros_msgs/include/micro_ros_msgs/micro_ros_msgs/msg/detail/entity__struct.hpp
[4.398s] -- Up-to-date: /home/osawakousei/ros2_ws/install/micro_ros_msgs/include/micro_ros_msgs/micro_ros_msgs/msg/detail/node__struct.hpp
[4.398s] -- Up-to-date: /home/osawakousei/ros2_ws/install/micro_ros_msgs/include/micro_ros_msgs/micro_ros_msgs/msg/detail/node__builder.hpp
[4.399s] -- Up-to-date: /home/osawakousei/ros2_ws/install/micro_ros_msgs/include/micro_ros_msgs/micro_ros_msgs/msg/detail/entity__traits.hpp
[4.399s] -- Up-to-date: /home/osawakousei/ros2_ws/install/micro_ros_msgs/include/micro_ros_msgs/micro_ros_msgs/msg/detail/graph__builder.hpp
[4.399s] -- Up-to-date: /home/osawakousei/ros2_ws/install/micro_ros_msgs/include/micro_ros_msgs/micro_ros_msgs/msg/detail/node__traits.hpp
[4.400s] -- Up-to-date: /home/osawakousei/ros2_ws/install/micro_ros_msgs/include/micro_ros_msgs/micro_ros_msgs/msg/detail/graph__struct.hpp
[4.400s] -- Up-to-date: /home/osawakousei/ros2_ws/install/micro_ros_msgs/include/micro_ros_msgs/micro_ros_msgs/msg/detail/graph__traits.hpp
[4.400s] -- Up-to-date: /home/osawakousei/ros2_ws/install/micro_ros_msgs/include/micro_ros_msgs/micro_ros_msgs/msg/detail/entity__builder.hpp
[4.401s] -- Up-to-date: /home/osawakousei/ros2_ws/install/micro_ros_msgs/include/micro_ros_msgs/micro_ros_msgs/msg/node.hpp
[4.401s] -- Up-to-date: /home/osawakousei/ros2_ws/install/micro_ros_msgs/include/micro_ros_msgs/micro_ros_msgs
[4.401s] -- Up-to-date: /home/osawakousei/ros2_ws/install/micro_ros_msgs/include/micro_ros_msgs/micro_ros_msgs/msg
[4.401s] -- Up-to-date: /home/osawakousei/ros2_ws/install/micro_ros_msgs/include/micro_ros_msgs/micro_ros_msgs/msg/rosidl_typesupport_fastrtps_cpp__visibility_control.h
[4.401s] -- Up-to-date: /home/osawakousei/ros2_ws/install/micro_ros_msgs/include/micro_ros_msgs/micro_ros_msgs/msg/detail
[4.402s] -- Up-to-date: /home/osawakousei/ros2_ws/install/micro_ros_msgs/include/micro_ros_msgs/micro_ros_msgs/msg/detail/node__rosidl_typesupport_fastrtps_cpp.hpp
[4.404s] -- Up-to-date: /home/osawakousei/ros2_ws/install/micro_ros_msgs/include/micro_ros_msgs/micro_ros_msgs/msg/detail/graph__rosidl_typesupport_fastrtps_cpp.hpp
[4.406s] -- Up-to-date: /home/osawakousei/ros2_ws/install/micro_ros_msgs/include/micro_ros_msgs/micro_ros_msgs/msg/detail/entity__rosidl_typesupport_fastrtps_cpp.hpp
[4.408s] -- Up-to-date: /home/osawakousei/ros2_ws/install/micro_ros_msgs/include/micro_ros_msgs/micro_ros_msgs/msg/detail/dds_fastrtps
[4.414s] -- Up-to-date: /home/osawakousei/ros2_ws/install/micro_ros_msgs/lib/libmicro_ros_msgs__rosidl_typesupport_fastrtps_cpp.so
[4.416s] -- Up-to-date: /home/osawakousei/ros2_ws/install/micro_ros_msgs/include/micro_ros_msgs/micro_ros_msgs
[4.418s] -- Up-to-date: /home/osawakousei/ros2_ws/install/micro_ros_msgs/include/micro_ros_msgs/micro_ros_msgs/msg
[4.418s] -- Up-to-date: /home/osawakousei/ros2_ws/install/micro_ros_msgs/include/micro_ros_msgs/micro_ros_msgs/msg/detail
[4.419s] -- Up-to-date: /home/osawakousei/ros2_ws/install/micro_ros_msgs/include/micro_ros_msgs/micro_ros_msgs/msg/detail/graph__type_support.cpp
[4.419s] -- Up-to-date: /home/osawakousei/ros2_ws/install/micro_ros_msgs/include/micro_ros_msgs/micro_ros_msgs/msg/detail/entity__rosidl_typesupport_introspection_cpp.hpp
[4.424s] -- Up-to-date: /home/osawakousei/ros2_ws/install/micro_ros_msgs/include/micro_ros_msgs/micro_ros_msgs/msg/detail/node__type_support.cpp
[4.425s] -- Up-to-date: /home/osawakousei/ros2_ws/install/micro_ros_msgs/include/micro_ros_msgs/micro_ros_msgs/msg/detail/graph__rosidl_typesupport_introspection_cpp.hpp
[4.425s] -- Up-to-date: /home/osawakousei/ros2_ws/install/micro_ros_msgs/include/micro_ros_msgs/micro_ros_msgs/msg/detail/node__rosidl_typesupport_introspection_cpp.hpp
[4.426s] -- Up-to-date: /home/osawakousei/ros2_ws/install/micro_ros_msgs/include/micro_ros_msgs/micro_ros_msgs/msg/detail/entity__type_support.cpp
[4.426s] -- Up-to-date: /home/osawakousei/ros2_ws/install/micro_ros_msgs/lib/libmicro_ros_msgs__rosidl_typesupport_introspection_cpp.so
[4.426s] -- Up-to-date: /home/osawakousei/ros2_ws/install/micro_ros_msgs/lib/libmicro_ros_msgs__rosidl_typesupport_cpp.so
[4.427s] -- Up-to-date: /home/osawakousei/ros2_ws/install/micro_ros_msgs/share/micro_ros_msgs/environment/pythonpath.sh
[4.427s] -- Up-to-date: /home/osawakousei/ros2_ws/install/micro_ros_msgs/share/micro_ros_msgs/environment/pythonpath.dsv
[4.427s] -- Up-to-date: /home/osawakousei/ros2_ws/install/micro_ros_msgs/local/lib/python3.10/dist-packages/micro_ros_msgs-3.0.0-py3.10.egg-info
[4.427s] -- Installing: /home/osawakousei/ros2_ws/install/micro_ros_msgs/local/lib/python3.10/dist-packages/micro_ros_msgs-3.0.0-py3.10.egg-info/top_level.txt
[4.428s] -- Installing: /home/osawakousei/ros2_ws/install/micro_ros_msgs/local/lib/python3.10/dist-packages/micro_ros_msgs-3.0.0-py3.10.egg-info/SOURCES.txt
[4.428s] -- Installing: /home/osawakousei/ros2_ws/install/micro_ros_msgs/local/lib/python3.10/dist-packages/micro_ros_msgs-3.0.0-py3.10.egg-info/dependency_links.txt
[4.428s] -- Installing: /home/osawakousei/ros2_ws/install/micro_ros_msgs/local/lib/python3.10/dist-packages/micro_ros_msgs-3.0.0-py3.10.egg-info/PKG-INFO
[4.429s] -- Up-to-date: /home/osawakousei/ros2_ws/install/micro_ros_msgs/local/lib/python3.10/dist-packages/micro_ros_msgs
[4.429s] -- Up-to-date: /home/osawakousei/ros2_ws/install/micro_ros_msgs/local/lib/python3.10/dist-packages/micro_ros_msgs/libmicro_ros_msgs__rosidl_generator_py.so
[4.429s] -- Up-to-date: /home/osawakousei/ros2_ws/install/micro_ros_msgs/local/lib/python3.10/dist-packages/micro_ros_msgs/_micro_ros_msgs_s.ep.rosidl_typesupport_introspection_c.c
[4.429s] -- Up-to-date: /home/osawakousei/ros2_ws/install/micro_ros_msgs/local/lib/python3.10/dist-packages/micro_ros_msgs/micro_ros_msgs_s__rosidl_typesupport_introspection_c.cpython-310-x86_64-linux-gnu.so
[4.430s] -- Up-to-date: /home/osawakousei/ros2_ws/install/micro_ros_msgs/local/lib/python3.10/dist-packages/micro_ros_msgs/micro_ros_msgs_s__rosidl_typesupport_fastrtps_c.cpython-310-x86_64-linux-gnu.so
[4.430s] -- Up-to-date: /home/osawakousei/ros2_ws/install/micro_ros_msgs/local/lib/python3.10/dist-packages/micro_ros_msgs/__init__.py
[4.430s] -- Up-to-date: /home/osawakousei/ros2_ws/install/micro_ros_msgs/local/lib/python3.10/dist-packages/micro_ros_msgs/_micro_ros_msgs_s.ep.rosidl_typesupport_c.c
[4.431s] -- Up-to-date: /home/osawakousei/ros2_ws/install/micro_ros_msgs/local/lib/python3.10/dist-packages/micro_ros_msgs/msg
[4.431s] -- Up-to-date: /home/osawakousei/ros2_ws/install/micro_ros_msgs/local/lib/python3.10/dist-packages/micro_ros_msgs/msg/_node.py
[4.431s] -- Up-to-date: /home/osawakousei/ros2_ws/install/micro_ros_msgs/local/lib/python3.10/dist-packages/micro_ros_msgs/msg/_node_s.c
[4.431s] -- Up-to-date: /home/osawakousei/ros2_ws/install/micro_ros_msgs/local/lib/python3.10/dist-packages/micro_ros_msgs/msg/_entity_s.c
[4.432s] -- Up-to-date: /home/osawakousei/ros2_ws/install/micro_ros_msgs/local/lib/python3.10/dist-packages/micro_ros_msgs/msg/_graph.py
[4.432s] -- Up-to-date: /home/osawakousei/ros2_ws/install/micro_ros_msgs/local/lib/python3.10/dist-packages/micro_ros_msgs/msg/_entity.py
[4.432s] -- Up-to-date: /home/osawakousei/ros2_ws/install/micro_ros_msgs/local/lib/python3.10/dist-packages/micro_ros_msgs/msg/__init__.py
[4.432s] -- Up-to-date: /home/osawakousei/ros2_ws/install/micro_ros_msgs/local/lib/python3.10/dist-packages/micro_ros_msgs/msg/_graph_s.c
[4.432s] -- Up-to-date: /home/osawakousei/ros2_ws/install/micro_ros_msgs/local/lib/python3.10/dist-packages/micro_ros_msgs/_micro_ros_msgs_s.ep.rosidl_typesupport_fastrtps_c.c
[4.433s] -- Up-to-date: /home/osawakousei/ros2_ws/install/micro_ros_msgs/local/lib/python3.10/dist-packages/micro_ros_msgs/micro_ros_msgs_s__rosidl_typesupport_c.cpython-310-x86_64-linux-gnu.so
[4.450s] Listing '/home/osawakousei/ros2_ws/install/micro_ros_msgs/local/lib/python3.10/dist-packages/micro_ros_msgs'...
[4.452s] Listing '/home/osawakousei/ros2_ws/install/micro_ros_msgs/local/lib/python3.10/dist-packages/micro_ros_msgs/msg'...
[4.481s] -- Up-to-date: /home/osawakousei/ros2_ws/install/micro_ros_msgs/local/lib/python3.10/dist-packages/micro_ros_msgs/micro_ros_msgs_s__rosidl_typesupport_fastrtps_c.cpython-310-x86_64-linux-gnu.so
[4.484s] -- Up-to-date: /home/osawakousei/ros2_ws/install/micro_ros_msgs/local/lib/python3.10/dist-packages/micro_ros_msgs/micro_ros_msgs_s__rosidl_typesupport_introspection_c.cpython-310-x86_64-linux-gnu.so
[4.485s] -- Up-to-date: /home/osawakousei/ros2_ws/install/micro_ros_msgs/local/lib/python3.10/dist-packages/micro_ros_msgs/micro_ros_msgs_s__rosidl_typesupport_c.cpython-310-x86_64-linux-gnu.so
[4.486s] -- Up-to-date: /home/osawakousei/ros2_ws/install/micro_ros_msgs/lib/libmicro_ros_msgs__rosidl_generator_py.so
[4.488s] -- Up-to-date: /home/osawakousei/ros2_ws/install/micro_ros_msgs/share/micro_ros_msgs/msg/Graph.idl
[4.491s] -- Up-to-date: /home/osawakousei/ros2_ws/install/micro_ros_msgs/share/micro_ros_msgs/msg/Node.idl
[4.491s] -- Up-to-date: /home/osawakousei/ros2_ws/install/micro_ros_msgs/share/micro_ros_msgs/msg/Entity.idl
[4.492s] -- Up-to-date: /home/osawakousei/ros2_ws/install/micro_ros_msgs/share/micro_ros_msgs/msg/Graph.msg
[4.492s] -- Up-to-date: /home/osawakousei/ros2_ws/install/micro_ros_msgs/share/micro_ros_msgs/msg/Node.msg
[4.493s] -- Up-to-date: /home/osawakousei/ros2_ws/install/micro_ros_msgs/share/micro_ros_msgs/msg/Entity.msg
[4.493s] -- Up-to-date: /home/osawakousei/ros2_ws/install/micro_ros_msgs/share/ament_index/resource_index/package_run_dependencies/micro_ros_msgs
[4.494s] -- Up-to-date: /home/osawakousei/ros2_ws/install/micro_ros_msgs/share/ament_index/resource_index/parent_prefix_path/micro_ros_msgs
[4.495s] -- Up-to-date: /home/osawakousei/ros2_ws/install/micro_ros_msgs/share/micro_ros_msgs/environment/ament_prefix_path.sh
[4.496s] -- Up-to-date: /home/osawakousei/ros2_ws/install/micro_ros_msgs/share/micro_ros_msgs/environment/ament_prefix_path.dsv
[4.497s] -- Up-to-date: /home/osawakousei/ros2_ws/install/micro_ros_msgs/share/micro_ros_msgs/environment/path.sh
[4.498s] -- Up-to-date: /home/osawakousei/ros2_ws/install/micro_ros_msgs/share/micro_ros_msgs/environment/path.dsv
[4.498s] -- Up-to-date: /home/osawakousei/ros2_ws/install/micro_ros_msgs/share/micro_ros_msgs/local_setup.bash
[4.498s] -- Up-to-date: /home/osawakousei/ros2_ws/install/micro_ros_msgs/share/micro_ros_msgs/local_setup.sh
[4.502s] -- Up-to-date: /home/osawakousei/ros2_ws/install/micro_ros_msgs/share/micro_ros_msgs/local_setup.zsh
[4.502s] -- Up-to-date: /home/osawakousei/ros2_ws/install/micro_ros_msgs/share/micro_ros_msgs/local_setup.dsv
[4.503s] -- Installing: /home/osawakousei/ros2_ws/install/micro_ros_msgs/share/micro_ros_msgs/package.dsv
[4.503s] -- Up-to-date: /home/osawakousei/ros2_ws/install/micro_ros_msgs/share/ament_index/resource_index/packages/micro_ros_msgs
[4.503s] -- Up-to-date: /home/osawakousei/ros2_ws/install/micro_ros_msgs/share/micro_ros_msgs/cmake/export_micro_ros_msgs__rosidl_generator_cExport.cmake
[4.504s] -- Up-to-date: /home/osawakousei/ros2_ws/install/micro_ros_msgs/share/micro_ros_msgs/cmake/export_micro_ros_msgs__rosidl_generator_cExport-noconfig.cmake
[4.504s] -- Up-to-date: /home/osawakousei/ros2_ws/install/micro_ros_msgs/share/micro_ros_msgs/cmake/export_micro_ros_msgs__rosidl_typesupport_fastrtps_cExport.cmake
[4.504s] -- Up-to-date: /home/osawakousei/ros2_ws/install/micro_ros_msgs/share/micro_ros_msgs/cmake/export_micro_ros_msgs__rosidl_typesupport_fastrtps_cExport-noconfig.cmake
[4.504s] -- Up-to-date: /home/osawakousei/ros2_ws/install/micro_ros_msgs/share/micro_ros_msgs/cmake/micro_ros_msgs__rosidl_typesupport_introspection_cExport.cmake
[4.505s] -- Up-to-date: /home/osawakousei/ros2_ws/install/micro_ros_msgs/share/micro_ros_msgs/cmake/micro_ros_msgs__rosidl_typesupport_introspection_cExport-noconfig.cmake
[4.505s] -- Up-to-date: /home/osawakousei/ros2_ws/install/micro_ros_msgs/share/micro_ros_msgs/cmake/micro_ros_msgs__rosidl_typesupport_cExport.cmake
[4.506s] -- Up-to-date: /home/osawakousei/ros2_ws/install/micro_ros_msgs/share/micro_ros_msgs/cmake/micro_ros_msgs__rosidl_typesupport_cExport-noconfig.cmake
[4.507s] -- Up-to-date: /home/osawakousei/ros2_ws/install/micro_ros_msgs/share/micro_ros_msgs/cmake/export_micro_ros_msgs__rosidl_generator_cppExport.cmake
[4.508s] -- Up-to-date: /home/osawakousei/ros2_ws/install/micro_ros_msgs/share/micro_ros_msgs/cmake/export_micro_ros_msgs__rosidl_typesupport_fastrtps_cppExport.cmake
[4.508s] -- Up-to-date: /home/osawakousei/ros2_ws/install/micro_ros_msgs/share/micro_ros_msgs/cmake/export_micro_ros_msgs__rosidl_typesupport_fastrtps_cppExport-noconfig.cmake
[4.508s] -- Up-to-date: /home/osawakousei/ros2_ws/install/micro_ros_msgs/share/micro_ros_msgs/cmake/micro_ros_msgs__rosidl_typesupport_introspection_cppExport.cmake
[4.509s] -- Up-to-date: /home/osawakousei/ros2_ws/install/micro_ros_msgs/share/micro_ros_msgs/cmake/micro_ros_msgs__rosidl_typesupport_introspection_cppExport-noconfig.cmake
[4.509s] -- Up-to-date: /home/osawakousei/ros2_ws/install/micro_ros_msgs/share/micro_ros_msgs/cmake/micro_ros_msgs__rosidl_typesupport_cppExport.cmake
[4.509s] -- Up-to-date: /home/osawakousei/ros2_ws/install/micro_ros_msgs/share/micro_ros_msgs/cmake/micro_ros_msgs__rosidl_typesupport_cppExport-noconfig.cmake
[4.509s] -- Up-to-date: /home/osawakousei/ros2_ws/install/micro_ros_msgs/share/micro_ros_msgs/cmake/export_micro_ros_msgs__rosidl_generator_pyExport.cmake
[4.510s] -- Up-to-date: /home/osawakousei/ros2_ws/install/micro_ros_msgs/share/micro_ros_msgs/cmake/export_micro_ros_msgs__rosidl_generator_pyExport-noconfig.cmake
[4.510s] -- Up-to-date: /home/osawakousei/ros2_ws/install/micro_ros_msgs/share/micro_ros_msgs/cmake/rosidl_cmake-extras.cmake
[4.514s] -- Up-to-date: /home/osawakousei/ros2_ws/install/micro_ros_msgs/share/micro_ros_msgs/cmake/ament_cmake_export_include_directories-extras.cmake
[4.515s] -- Up-to-date: /home/osawakousei/ros2_ws/install/micro_ros_msgs/share/micro_ros_msgs/cmake/ament_cmake_export_libraries-extras.cmake
[4.516s] -- Up-to-date: /home/osawakousei/ros2_ws/install/micro_ros_msgs/share/micro_ros_msgs/cmake/ament_cmake_export_targets-extras.cmake
[4.517s] -- Up-to-date: /home/osawakousei/ros2_ws/install/micro_ros_msgs/share/micro_ros_msgs/cmake/rosidl_cmake_export_typesupport_targets-extras.cmake
[4.522s] -- Up-to-date: /home/osawakousei/ros2_ws/install/micro_ros_msgs/share/micro_ros_msgs/cmake/ament_cmake_export_dependencies-extras.cmake
[4.532s] -- Up-to-date: /home/osawakousei/ros2_ws/install/micro_ros_msgs/share/micro_ros_msgs/cmake/rosidl_cmake_export_typesupport_libraries-extras.cmake
[4.532s] -- Up-to-date: /home/osawakousei/ros2_ws/install/micro_ros_msgs/share/micro_ros_msgs/cmake/micro_ros_msgsConfig.cmake
[4.533s] -- Up-to-date: /home/osawakousei/ros2_ws/install/micro_ros_msgs/share/micro_ros_msgs/cmake/micro_ros_msgsConfig-version.cmake
[4.533s] -- Up-to-date: /home/osawakousei/ros2_ws/install/micro_ros_msgs/share/micro_ros_msgs/package.xml
[4.533s] Invoked command in '/home/osawakousei/ros2_ws/build/micro_ros_msgs' returned '0': CMAKE_PREFIX_PATH=${CMAKE_PREFIX_PATH}:/opt/ros/humble /usr/bin/cmake --install /home/osawakousei/ros2_ws/build/micro_ros_msgs
