[0.231s] Invoking command in '/home/osawakousei/ros2_ws/build/ament_cmake_export_assemblies': CMAKE_PREFIX_PATH=${CMAKE_PREFIX_PATH}:/opt/ros/humble /usr/bin/cmake /home/osawakousei/ros2_ws/ros2cs/src/external/build_tools/ament_cmake_export_assemblies -DCMAKE_INSTALL_PREFIX=/home/osawakousei/ros2_ws/install/ament_cmake_export_assemblies
[0.534s] -- Found ament_cmake_core: 1.3.5 (/opt/ros/humble/share/ament_cmake_core/cmake)
[1.463s] -- Found Python3: /usr/bin/python3.10 (found version "3.10.12") found components: Interpreter 
[2.080s] -- Configuring done
[2.097s] -- Generating done
[2.102s] -- Build files have been written to: /home/osawakousei/ros2_ws/build/ament_cmake_export_assemblies
[2.108s] Invoked command in '/home/osawakousei/ros2_ws/build/ament_cmake_export_assemblies' returned '0': CMAKE_PREFIX_PATH=${CMAKE_PREFIX_PATH}:/opt/ros/humble /usr/bin/cmake /home/osawakousei/ros2_ws/ros2cs/src/external/build_tools/ament_cmake_export_assemblies -DCMAKE_INSTALL_PREFIX=/home/osawakousei/ros2_ws/install/ament_cmake_export_assemblies
[2.114s] Invoking command in '/home/osawakousei/ros2_ws/build/ament_cmake_export_assemblies': CMAKE_PREFIX_PATH=${CMAKE_PREFIX_PATH}:/opt/ros/humble /usr/bin/cmake --build /home/osawakousei/ros2_ws/build/ament_cmake_export_assemblies -- -j8 -l8
[2.280s] Invoked command in '/home/osawakousei/ros2_ws/build/ament_cmake_export_assemblies' returned '0': CMAKE_PREFIX_PATH=${CMAKE_PREFIX_PATH}:/opt/ros/humble /usr/bin/cmake --build /home/osawakousei/ros2_ws/build/ament_cmake_export_assemblies -- -j8 -l8
[2.422s] Invoking command in '/home/osawakousei/ros2_ws/build/ament_cmake_export_assemblies': CMAKE_PREFIX_PATH=${CMAKE_PREFIX_PATH}:/opt/ros/humble /usr/bin/cmake --install /home/osawakousei/ros2_ws/build/ament_cmake_export_assemblies
[2.456s] -- Install configuration: ""
[2.457s] -- Installing: /home/osawakousei/ros2_ws/install/ament_cmake_export_assemblies/share/ament_index/resource_index/package_run_dependencies/ament_cmake_export_assemblies
[2.458s] -- Installing: /home/osawakousei/ros2_ws/install/ament_cmake_export_assemblies/share/ament_index/resource_index/parent_prefix_path/ament_cmake_export_assemblies
[2.458s] -- Installing: /home/osawakousei/ros2_ws/install/ament_cmake_export_assemblies/share/ament_cmake_export_assemblies/environment/ament_prefix_path.sh
[2.459s] -- Installing: /home/osawakousei/ros2_ws/install/ament_cmake_export_assemblies/share/ament_cmake_export_assemblies/environment/ament_prefix_path.dsv
[2.460s] -- Installing: /home/osawakousei/ros2_ws/install/ament_cmake_export_assemblies/share/ament_cmake_export_assemblies/environment/path.sh
[2.461s] -- Installing: /home/osawakousei/ros2_ws/install/ament_cmake_export_assemblies/share/ament_cmake_export_assemblies/environment/path.dsv
[2.462s] -- Installing: /home/osawakousei/ros2_ws/install/ament_cmake_export_assemblies/share/ament_cmake_export_assemblies/local_setup.bash
[2.464s] -- Installing: /home/osawakousei/ros2_ws/install/ament_cmake_export_assemblies/share/ament_cmake_export_assemblies/local_setup.sh
[2.464s] -- Installing: /home/osawakousei/ros2_ws/install/ament_cmake_export_assemblies/share/ament_cmake_export_assemblies/local_setup.zsh
[2.464s] -- Installing: /home/osawakousei/ros2_ws/install/ament_cmake_export_assemblies/share/ament_cmake_export_assemblies/local_setup.dsv
[2.465s] -- Installing: /home/osawakousei/ros2_ws/install/ament_cmake_export_assemblies/share/ament_cmake_export_assemblies/package.dsv
[2.466s] -- Installing: /home/osawakousei/ros2_ws/install/ament_cmake_export_assemblies/share/ament_index/resource_index/packages/ament_cmake_export_assemblies
[2.467s] -- Installing: /home/osawakousei/ros2_ws/install/ament_cmake_export_assemblies/share/ament_cmake_export_assemblies/cmake/ament_cmake_export_assemblies-extras.cmake
[2.468s] -- Installing: /home/osawakousei/ros2_ws/install/ament_cmake_export_assemblies/share/ament_cmake_export_assemblies/cmake/ament_cmake_export_assembliesConfig.cmake
[2.468s] -- Installing: /home/osawakousei/ros2_ws/install/ament_cmake_export_assemblies/share/ament_cmake_export_assemblies/cmake/ament_cmake_export_assembliesConfig-version.cmake
[2.468s] -- Installing: /home/osawakousei/ros2_ws/install/ament_cmake_export_assemblies/share/ament_cmake_export_assemblies/package.xml
[2.469s] -- Up-to-date: /home/osawakousei/ros2_ws/install/ament_cmake_export_assemblies/share/ament_cmake_export_assemblies/cmake
[2.469s] -- Installing: /home/osawakousei/ros2_ws/install/ament_cmake_export_assemblies/share/ament_cmake_export_assemblies/cmake/ament_cmake_export_assemblies_package_hook.cmake
[2.471s] -- Installing: /home/osawakousei/ros2_ws/install/ament_cmake_export_assemblies/share/ament_cmake_export_assemblies/cmake/ament_export_assemblies.cmake
[2.473s] -- Installing: /home/osawakousei/ros2_ws/install/ament_cmake_export_assemblies/share/ament_cmake_export_assemblies/cmake/ament_cmake_export_assemblies-extras.cmake.in
[2.485s] Invoked command in '/home/osawakousei/ros2_ws/build/ament_cmake_export_assemblies' returned '0': CMAKE_PREFIX_PATH=${CMAKE_PREFIX_PATH}:/opt/ros/humble /usr/bin/cmake --install /home/osawakousei/ros2_ws/build/ament_cmake_export_assemblies
