[  2%] Built target cpp_server_client__cpp
[ 11%] Built target cpp_server_client__rosidl_generator_c
[ 11%] Built target ament_cmake_python_copy_cpp_server_client
[ 20%] Built target cpp_server_client__rosidl_typesupport_fastrtps_cpp
[ 28%] Built target cpp_server_client__rosidl_typesupport_cpp
[ 37%] Built target cpp_server_client__rosidl_typesupport_introspection_c
[ 45%] Built target cpp_server_client__rosidl_typesupport_fastrtps_c
[ 54%] Built target cpp_server_client__rosidl_typesupport_introspection_cpp
[ 62%] Built target cpp_server_client__rosidl_typesupport_c
[ 68%] Built target practice_server_node
[ 74%] Built target practice_client_node
[ 74%] Built target cpp_server_client
[ 77%] Built target cpp_server_client__py
[ 82%] Built target cpp_server_client__rosidl_generator_py
[ 88%] Built target cpp_server_client__rosidl_typesupport_fastrtps_c__pyext
[ 94%] Built target cpp_server_client__rosidl_typesupport_introspection_c__pyext
[100%] Built target cpp_server_client__rosidl_typesupport_c__pyext
running egg_info
writing cpp_server_client.egg-info/PKG-INFO
writing dependency_links to cpp_server_client.egg-info/dependency_links.txt
writing top-level names to cpp_server_client.egg-info/top_level.txt
reading manifest file 'cpp_server_client.egg-info/SOURCES.txt'
writing manifest file 'cpp_server_client.egg-info/SOURCES.txt'
[100%] Built target ament_cmake_python_build_cpp_server_client_egg
-- Install configuration: ""
-- Up-to-date: /home/osawakousei/ros2_ws/install/cpp_server_client/share/ament_index/resource_index/rosidl_interfaces/cpp_server_client
-- Up-to-date: /home/osawakousei/ros2_ws/install/cpp_server_client/include/cpp_server_client/cpp_server_client
-- Up-to-date: /home/osawakousei/ros2_ws/install/cpp_server_client/include/cpp_server_client/cpp_server_client/srv
-- Up-to-date: /home/osawakousei/ros2_ws/install/cpp_server_client/include/cpp_server_client/cpp_server_client/srv/practice_srv.h
-- Up-to-date: /home/osawakousei/ros2_ws/install/cpp_server_client/include/cpp_server_client/cpp_server_client/srv/detail
-- Up-to-date: /home/osawakousei/ros2_ws/install/cpp_server_client/include/cpp_server_client/cpp_server_client/srv/detail/practice_srv__struct.h
-- Up-to-date: /home/osawakousei/ros2_ws/install/cpp_server_client/include/cpp_server_client/cpp_server_client/srv/detail/practice_srv__functions.c
-- Up-to-date: /home/osawakousei/ros2_ws/install/cpp_server_client/include/cpp_server_client/cpp_server_client/srv/detail/practice_srv__functions.h
-- Up-to-date: /home/osawakousei/ros2_ws/install/cpp_server_client/include/cpp_server_client/cpp_server_client/srv/detail/practice_srv__type_support.h
-- Up-to-date: /home/osawakousei/ros2_ws/install/cpp_server_client/include/cpp_server_client/cpp_server_client/msg
-- Up-to-date: /home/osawakousei/ros2_ws/install/cpp_server_client/include/cpp_server_client/cpp_server_client/msg/rosidl_generator_c__visibility_control.h
-- Up-to-date: /home/osawakousei/ros2_ws/install/cpp_server_client/share/cpp_server_client/environment/library_path.sh
-- Up-to-date: /home/osawakousei/ros2_ws/install/cpp_server_client/share/cpp_server_client/environment/library_path.dsv
-- Installing: /home/osawakousei/ros2_ws/install/cpp_server_client/lib/libcpp_server_client__rosidl_generator_c.so
-- Set runtime path of "/home/osawakousei/ros2_ws/install/cpp_server_client/lib/libcpp_server_client__rosidl_generator_c.so" to ""
-- Up-to-date: /home/osawakousei/ros2_ws/install/cpp_server_client/include/cpp_server_client/cpp_server_client
-- Up-to-date: /home/osawakousei/ros2_ws/install/cpp_server_client/include/cpp_server_client/cpp_server_client/srv
-- Up-to-date: /home/osawakousei/ros2_ws/install/cpp_server_client/include/cpp_server_client/cpp_server_client/srv/detail
-- Up-to-date: /home/osawakousei/ros2_ws/install/cpp_server_client/include/cpp_server_client/cpp_server_client/srv/detail/practice_srv__rosidl_typesupport_fastrtps_c.h
-- Up-to-date: /home/osawakousei/ros2_ws/install/cpp_server_client/include/cpp_server_client/cpp_server_client/msg
-- Up-to-date: /home/osawakousei/ros2_ws/install/cpp_server_client/include/cpp_server_client/cpp_server_client/msg/rosidl_typesupport_fastrtps_c__visibility_control.h
-- Installing: /home/osawakousei/ros2_ws/install/cpp_server_client/lib/libcpp_server_client__rosidl_typesupport_fastrtps_c.so
-- Set runtime path of "/home/osawakousei/ros2_ws/install/cpp_server_client/lib/libcpp_server_client__rosidl_typesupport_fastrtps_c.so" to ""
-- Up-to-date: /home/osawakousei/ros2_ws/install/cpp_server_client/include/cpp_server_client/cpp_server_client
-- Up-to-date: /home/osawakousei/ros2_ws/install/cpp_server_client/include/cpp_server_client/cpp_server_client/srv
-- Up-to-date: /home/osawakousei/ros2_ws/install/cpp_server_client/include/cpp_server_client/cpp_server_client/srv/detail
-- Up-to-date: /home/osawakousei/ros2_ws/install/cpp_server_client/include/cpp_server_client/cpp_server_client/srv/detail/practice_srv__traits.hpp
-- Up-to-date: /home/osawakousei/ros2_ws/install/cpp_server_client/include/cpp_server_client/cpp_server_client/srv/detail/practice_srv__struct.hpp
-- Up-to-date: /home/osawakousei/ros2_ws/install/cpp_server_client/include/cpp_server_client/cpp_server_client/srv/detail/practice_srv__builder.hpp
-- Up-to-date: /home/osawakousei/ros2_ws/install/cpp_server_client/include/cpp_server_client/cpp_server_client/srv/practice_srv.hpp
-- Up-to-date: /home/osawakousei/ros2_ws/install/cpp_server_client/include/cpp_server_client/cpp_server_client
-- Up-to-date: /home/osawakousei/ros2_ws/install/cpp_server_client/include/cpp_server_client/cpp_server_client/srv
-- Up-to-date: /home/osawakousei/ros2_ws/install/cpp_server_client/include/cpp_server_client/cpp_server_client/srv/detail
-- Up-to-date: /home/osawakousei/ros2_ws/install/cpp_server_client/include/cpp_server_client/cpp_server_client/srv/detail/practice_srv__rosidl_typesupport_fastrtps_cpp.hpp
-- Up-to-date: /home/osawakousei/ros2_ws/install/cpp_server_client/include/cpp_server_client/cpp_server_client/srv/detail/dds_fastrtps
-- Up-to-date: /home/osawakousei/ros2_ws/install/cpp_server_client/include/cpp_server_client/cpp_server_client/msg
-- Up-to-date: /home/osawakousei/ros2_ws/install/cpp_server_client/include/cpp_server_client/cpp_server_client/msg/rosidl_typesupport_fastrtps_cpp__visibility_control.h
-- Installing: /home/osawakousei/ros2_ws/install/cpp_server_client/lib/libcpp_server_client__rosidl_typesupport_fastrtps_cpp.so
-- Set runtime path of "/home/osawakousei/ros2_ws/install/cpp_server_client/lib/libcpp_server_client__rosidl_typesupport_fastrtps_cpp.so" to ""
-- Up-to-date: /home/osawakousei/ros2_ws/install/cpp_server_client/include/cpp_server_client/cpp_server_client
-- Up-to-date: /home/osawakousei/ros2_ws/install/cpp_server_client/include/cpp_server_client/cpp_server_client/srv
-- Up-to-date: /home/osawakousei/ros2_ws/install/cpp_server_client/include/cpp_server_client/cpp_server_client/srv/detail
-- Up-to-date: /home/osawakousei/ros2_ws/install/cpp_server_client/include/cpp_server_client/cpp_server_client/srv/detail/practice_srv__type_support.c
-- Up-to-date: /home/osawakousei/ros2_ws/install/cpp_server_client/include/cpp_server_client/cpp_server_client/srv/detail/practice_srv__rosidl_typesupport_introspection_c.h
-- Up-to-date: /home/osawakousei/ros2_ws/install/cpp_server_client/include/cpp_server_client/cpp_server_client/msg
-- Up-to-date: /home/osawakousei/ros2_ws/install/cpp_server_client/include/cpp_server_client/cpp_server_client/msg/rosidl_typesupport_introspection_c__visibility_control.h
-- Installing: /home/osawakousei/ros2_ws/install/cpp_server_client/lib/libcpp_server_client__rosidl_typesupport_introspection_c.so
-- Set runtime path of "/home/osawakousei/ros2_ws/install/cpp_server_client/lib/libcpp_server_client__rosidl_typesupport_introspection_c.so" to ""
-- Installing: /home/osawakousei/ros2_ws/install/cpp_server_client/lib/libcpp_server_client__rosidl_typesupport_c.so
-- Set runtime path of "/home/osawakousei/ros2_ws/install/cpp_server_client/lib/libcpp_server_client__rosidl_typesupport_c.so" to ""
-- Up-to-date: /home/osawakousei/ros2_ws/install/cpp_server_client/include/cpp_server_client/cpp_server_client
-- Up-to-date: /home/osawakousei/ros2_ws/install/cpp_server_client/include/cpp_server_client/cpp_server_client/srv
-- Up-to-date: /home/osawakousei/ros2_ws/install/cpp_server_client/include/cpp_server_client/cpp_server_client/srv/detail
-- Up-to-date: /home/osawakousei/ros2_ws/install/cpp_server_client/include/cpp_server_client/cpp_server_client/srv/detail/practice_srv__rosidl_typesupport_introspection_cpp.hpp
-- Up-to-date: /home/osawakousei/ros2_ws/install/cpp_server_client/include/cpp_server_client/cpp_server_client/srv/detail/practice_srv__type_support.cpp
-- Installing: /home/osawakousei/ros2_ws/install/cpp_server_client/lib/libcpp_server_client__rosidl_typesupport_introspection_cpp.so
-- Set runtime path of "/home/osawakousei/ros2_ws/install/cpp_server_client/lib/libcpp_server_client__rosidl_typesupport_introspection_cpp.so" to ""
-- Installing: /home/osawakousei/ros2_ws/install/cpp_server_client/lib/libcpp_server_client__rosidl_typesupport_cpp.so
-- Set runtime path of "/home/osawakousei/ros2_ws/install/cpp_server_client/lib/libcpp_server_client__rosidl_typesupport_cpp.so" to ""
-- Up-to-date: /home/osawakousei/ros2_ws/install/cpp_server_client/share/cpp_server_client/environment/pythonpath.sh
-- Up-to-date: /home/osawakousei/ros2_ws/install/cpp_server_client/share/cpp_server_client/environment/pythonpath.dsv
-- Up-to-date: /home/osawakousei/ros2_ws/install/cpp_server_client/local/lib/python3.10/dist-packages/cpp_server_client-0.0.0-py3.10.egg-info
-- Installing: /home/osawakousei/ros2_ws/install/cpp_server_client/local/lib/python3.10/dist-packages/cpp_server_client-0.0.0-py3.10.egg-info/top_level.txt
-- Installing: /home/osawakousei/ros2_ws/install/cpp_server_client/local/lib/python3.10/dist-packages/cpp_server_client-0.0.0-py3.10.egg-info/SOURCES.txt
-- Installing: /home/osawakousei/ros2_ws/install/cpp_server_client/local/lib/python3.10/dist-packages/cpp_server_client-0.0.0-py3.10.egg-info/dependency_links.txt
-- Installing: /home/osawakousei/ros2_ws/install/cpp_server_client/local/lib/python3.10/dist-packages/cpp_server_client-0.0.0-py3.10.egg-info/PKG-INFO
-- Up-to-date: /home/osawakousei/ros2_ws/install/cpp_server_client/local/lib/python3.10/dist-packages/cpp_server_client
-- Installing: /home/osawakousei/ros2_ws/install/cpp_server_client/local/lib/python3.10/dist-packages/cpp_server_client/cpp_server_client_s__rosidl_typesupport_c.cpython-310-x86_64-linux-gnu.so
-- Up-to-date: /home/osawakousei/ros2_ws/install/cpp_server_client/local/lib/python3.10/dist-packages/cpp_server_client/_cpp_server_client_s.ep.rosidl_typesupport_c.c
-- Up-to-date: /home/osawakousei/ros2_ws/install/cpp_server_client/local/lib/python3.10/dist-packages/cpp_server_client/srv
-- Up-to-date: /home/osawakousei/ros2_ws/install/cpp_server_client/local/lib/python3.10/dist-packages/cpp_server_client/srv/_practice_srv.py
-- Up-to-date: /home/osawakousei/ros2_ws/install/cpp_server_client/local/lib/python3.10/dist-packages/cpp_server_client/srv/__init__.py
-- Up-to-date: /home/osawakousei/ros2_ws/install/cpp_server_client/local/lib/python3.10/dist-packages/cpp_server_client/srv/_practice_srv_s.c
-- Installing: /home/osawakousei/ros2_ws/install/cpp_server_client/local/lib/python3.10/dist-packages/cpp_server_client/libcpp_server_client__rosidl_generator_py.so
-- Installing: /home/osawakousei/ros2_ws/install/cpp_server_client/local/lib/python3.10/dist-packages/cpp_server_client/cpp_server_client_s__rosidl_typesupport_fastrtps_c.cpython-310-x86_64-linux-gnu.so
-- Installing: /home/osawakousei/ros2_ws/install/cpp_server_client/local/lib/python3.10/dist-packages/cpp_server_client/cpp_server_client_s__rosidl_typesupport_introspection_c.cpython-310-x86_64-linux-gnu.so
-- Up-to-date: /home/osawakousei/ros2_ws/install/cpp_server_client/local/lib/python3.10/dist-packages/cpp_server_client/__init__.py
-- Up-to-date: /home/osawakousei/ros2_ws/install/cpp_server_client/local/lib/python3.10/dist-packages/cpp_server_client/_cpp_server_client_s.ep.rosidl_typesupport_introspection_c.c
-- Up-to-date: /home/osawakousei/ros2_ws/install/cpp_server_client/local/lib/python3.10/dist-packages/cpp_server_client/_cpp_server_client_s.ep.rosidl_typesupport_fastrtps_c.c
Listing '/home/osawakousei/ros2_ws/install/cpp_server_client/local/lib/python3.10/dist-packages/cpp_server_client'...
Listing '/home/osawakousei/ros2_ws/install/cpp_server_client/local/lib/python3.10/dist-packages/cpp_server_client/srv'...
-- Installing: /home/osawakousei/ros2_ws/install/cpp_server_client/local/lib/python3.10/dist-packages/cpp_server_client/cpp_server_client_s__rosidl_typesupport_fastrtps_c.cpython-310-x86_64-linux-gnu.so
-- Set runtime path of "/home/osawakousei/ros2_ws/install/cpp_server_client/local/lib/python3.10/dist-packages/cpp_server_client/cpp_server_client_s__rosidl_typesupport_fastrtps_c.cpython-310-x86_64-linux-gnu.so" to ""
-- Installing: /home/osawakousei/ros2_ws/install/cpp_server_client/local/lib/python3.10/dist-packages/cpp_server_client/cpp_server_client_s__rosidl_typesupport_introspection_c.cpython-310-x86_64-linux-gnu.so
-- Set runtime path of "/home/osawakousei/ros2_ws/install/cpp_server_client/local/lib/python3.10/dist-packages/cpp_server_client/cpp_server_client_s__rosidl_typesupport_introspection_c.cpython-310-x86_64-linux-gnu.so" to ""
-- Installing: /home/osawakousei/ros2_ws/install/cpp_server_client/local/lib/python3.10/dist-packages/cpp_server_client/cpp_server_client_s__rosidl_typesupport_c.cpython-310-x86_64-linux-gnu.so
-- Set runtime path of "/home/osawakousei/ros2_ws/install/cpp_server_client/local/lib/python3.10/dist-packages/cpp_server_client/cpp_server_client_s__rosidl_typesupport_c.cpython-310-x86_64-linux-gnu.so" to ""
-- Installing: /home/osawakousei/ros2_ws/install/cpp_server_client/lib/libcpp_server_client__rosidl_generator_py.so
-- Set runtime path of "/home/osawakousei/ros2_ws/install/cpp_server_client/lib/libcpp_server_client__rosidl_generator_py.so" to ""
-- Up-to-date: /home/osawakousei/ros2_ws/install/cpp_server_client/share/cpp_server_client/srv/PracticeSrv.idl
-- Up-to-date: /home/osawakousei/ros2_ws/install/cpp_server_client/share/cpp_server_client/srv/PracticeSrv.srv
-- Up-to-date: /home/osawakousei/ros2_ws/install/cpp_server_client/share/cpp_server_client/srv/PracticeSrv_Request.msg
-- Up-to-date: /home/osawakousei/ros2_ws/install/cpp_server_client/share/cpp_server_client/srv/PracticeSrv_Response.msg
-- Installing: /home/osawakousei/ros2_ws/install/cpp_server_client/lib/cpp_server_client/practice_server_node
-- Set runtime path of "/home/osawakousei/ros2_ws/install/cpp_server_client/lib/cpp_server_client/practice_server_node" to ""
-- Installing: /home/osawakousei/ros2_ws/install/cpp_server_client/lib/cpp_server_client/practice_client_node
-- Set runtime path of "/home/osawakousei/ros2_ws/install/cpp_server_client/lib/cpp_server_client/practice_client_node" to ""
-- Up-to-date: /home/osawakousei/ros2_ws/install/cpp_server_client/share/ament_index/resource_index/package_run_dependencies/cpp_server_client
-- Up-to-date: /home/osawakousei/ros2_ws/install/cpp_server_client/share/ament_index/resource_index/parent_prefix_path/cpp_server_client
-- Up-to-date: /home/osawakousei/ros2_ws/install/cpp_server_client/share/cpp_server_client/environment/ament_prefix_path.sh
-- Up-to-date: /home/osawakousei/ros2_ws/install/cpp_server_client/share/cpp_server_client/environment/ament_prefix_path.dsv
-- Up-to-date: /home/osawakousei/ros2_ws/install/cpp_server_client/share/cpp_server_client/environment/path.sh
-- Up-to-date: /home/osawakousei/ros2_ws/install/cpp_server_client/share/cpp_server_client/environment/path.dsv
-- Up-to-date: /home/osawakousei/ros2_ws/install/cpp_server_client/share/cpp_server_client/local_setup.bash
-- Up-to-date: /home/osawakousei/ros2_ws/install/cpp_server_client/share/cpp_server_client/local_setup.sh
-- Up-to-date: /home/osawakousei/ros2_ws/install/cpp_server_client/share/cpp_server_client/local_setup.zsh
-- Up-to-date: /home/osawakousei/ros2_ws/install/cpp_server_client/share/cpp_server_client/local_setup.dsv
-- Installing: /home/osawakousei/ros2_ws/install/cpp_server_client/share/cpp_server_client/package.dsv
-- Up-to-date: /home/osawakousei/ros2_ws/install/cpp_server_client/share/ament_index/resource_index/packages/cpp_server_client
-- Up-to-date: /home/osawakousei/ros2_ws/install/cpp_server_client/share/cpp_server_client/cmake/export_cpp_server_client__rosidl_generator_cExport.cmake
-- Up-to-date: /home/osawakousei/ros2_ws/install/cpp_server_client/share/cpp_server_client/cmake/export_cpp_server_client__rosidl_generator_cExport-noconfig.cmake
-- Up-to-date: /home/osawakousei/ros2_ws/install/cpp_server_client/share/cpp_server_client/cmake/export_cpp_server_client__rosidl_typesupport_fastrtps_cExport.cmake
-- Up-to-date: /home/osawakousei/ros2_ws/install/cpp_server_client/share/cpp_server_client/cmake/export_cpp_server_client__rosidl_typesupport_fastrtps_cExport-noconfig.cmake
-- Up-to-date: /home/osawakousei/ros2_ws/install/cpp_server_client/share/cpp_server_client/cmake/export_cpp_server_client__rosidl_generator_cppExport.cmake
-- Up-to-date: /home/osawakousei/ros2_ws/install/cpp_server_client/share/cpp_server_client/cmake/export_cpp_server_client__rosidl_typesupport_fastrtps_cppExport.cmake
-- Up-to-date: /home/osawakousei/ros2_ws/install/cpp_server_client/share/cpp_server_client/cmake/export_cpp_server_client__rosidl_typesupport_fastrtps_cppExport-noconfig.cmake
-- Up-to-date: /home/osawakousei/ros2_ws/install/cpp_server_client/share/cpp_server_client/cmake/cpp_server_client__rosidl_typesupport_introspection_cExport.cmake
-- Up-to-date: /home/osawakousei/ros2_ws/install/cpp_server_client/share/cpp_server_client/cmake/cpp_server_client__rosidl_typesupport_introspection_cExport-noconfig.cmake
-- Up-to-date: /home/osawakousei/ros2_ws/install/cpp_server_client/share/cpp_server_client/cmake/cpp_server_client__rosidl_typesupport_cExport.cmake
-- Up-to-date: /home/osawakousei/ros2_ws/install/cpp_server_client/share/cpp_server_client/cmake/cpp_server_client__rosidl_typesupport_cExport-noconfig.cmake
-- Up-to-date: /home/osawakousei/ros2_ws/install/cpp_server_client/share/cpp_server_client/cmake/cpp_server_client__rosidl_typesupport_introspection_cppExport.cmake
-- Up-to-date: /home/osawakousei/ros2_ws/install/cpp_server_client/share/cpp_server_client/cmake/cpp_server_client__rosidl_typesupport_introspection_cppExport-noconfig.cmake
-- Up-to-date: /home/osawakousei/ros2_ws/install/cpp_server_client/share/cpp_server_client/cmake/cpp_server_client__rosidl_typesupport_cppExport.cmake
-- Up-to-date: /home/osawakousei/ros2_ws/install/cpp_server_client/share/cpp_server_client/cmake/cpp_server_client__rosidl_typesupport_cppExport-noconfig.cmake
-- Up-to-date: /home/osawakousei/ros2_ws/install/cpp_server_client/share/cpp_server_client/cmake/export_cpp_server_client__rosidl_generator_pyExport.cmake
-- Up-to-date: /home/osawakousei/ros2_ws/install/cpp_server_client/share/cpp_server_client/cmake/export_cpp_server_client__rosidl_generator_pyExport-noconfig.cmake
-- Up-to-date: /home/osawakousei/ros2_ws/install/cpp_server_client/share/cpp_server_client/cmake/rosidl_cmake-extras.cmake
-- Up-to-date: /home/osawakousei/ros2_ws/install/cpp_server_client/share/cpp_server_client/cmake/ament_cmake_export_include_directories-extras.cmake
-- Up-to-date: /home/osawakousei/ros2_ws/install/cpp_server_client/share/cpp_server_client/cmake/ament_cmake_export_libraries-extras.cmake
-- Up-to-date: /home/osawakousei/ros2_ws/install/cpp_server_client/share/cpp_server_client/cmake/ament_cmake_export_targets-extras.cmake
-- Up-to-date: /home/osawakousei/ros2_ws/install/cpp_server_client/share/cpp_server_client/cmake/rosidl_cmake_export_typesupport_targets-extras.cmake
-- Up-to-date: /home/osawakousei/ros2_ws/install/cpp_server_client/share/cpp_server_client/cmake/ament_cmake_export_dependencies-extras.cmake
-- Up-to-date: /home/osawakousei/ros2_ws/install/cpp_server_client/share/cpp_server_client/cmake/rosidl_cmake_export_typesupport_libraries-extras.cmake
-- Up-to-date: /home/osawakousei/ros2_ws/install/cpp_server_client/share/cpp_server_client/cmake/cpp_server_clientConfig.cmake
-- Up-to-date: /home/osawakousei/ros2_ws/install/cpp_server_client/share/cpp_server_client/cmake/cpp_server_clientConfig-version.cmake
-- Up-to-date: /home/osawakousei/ros2_ws/install/cpp_server_client/share/cpp_server_client/package.xml
