[4.444s] Invoking command in '/home/osawakousei/ros2_ws/build/cpp_topic_pubsub': CMAKE_PREFIX_PATH=${CMAKE_PREFIX_PATH}:/opt/ros/humble /usr/bin/cmake --build /home/osawakousei/ros2_ws/build/cpp_topic_pubsub -- -j12 -l12
[6.236s] [  8%] Built target cpp_topic_pubsub__rosidl_generator_c
[6.683s] [ 11%] Built target cpp_topic_pubsub__cpp
[7.345s] [ 11%] Built target ament_cmake_python_copy_cpp_topic_pubsub
[8.118s] [ 20%] Built target cpp_topic_pubsub__rosidl_typesupport_fastrtps_c
[8.368s] [ 28%] Built target cpp_topic_pubsub__rosidl_typesupport_introspection_c
[8.402s] [ 37%] Built target cpp_topic_pubsub__rosidl_typesupport_c
[8.674s] [ 45%] Built target cpp_topic_pubsub__rosidl_typesupport_introspection_cpp
[8.876s] [ 54%] Built target cpp_topic_pubsub__rosidl_typesupport_cpp
[8.918s] [ 62%] Built target cpp_topic_pubsub__rosidl_typesupport_fastrtps_cpp
[10.700s] [ 62%] Built target cpp_topic_pubsub
[10.701s] [ 68%] Built target practice_subscriber_node
[10.777s] [ 74%] Built target practice_publisher_node
[11.575s] [ 77%] Built target cpp_topic_pubsub__py
[12.749s] [ 82%] Built target cpp_topic_pubsub__rosidl_generator_py
[14.118s] [ 88%] Built target cpp_topic_pubsub__rosidl_typesupport_fastrtps_c__pyext
[14.398s] [ 94%] Built target cpp_topic_pubsub__rosidl_typesupport_c__pyext
[14.427s] [100%] Built target cpp_topic_pubsub__rosidl_typesupport_introspection_c__pyext
[14.517s] running egg_info
[14.524s] writing cpp_topic_pubsub.egg-info/PKG-INFO
[14.527s] writing dependency_links to cpp_topic_pubsub.egg-info/dependency_links.txt
[14.528s] writing top-level names to cpp_topic_pubsub.egg-info/top_level.txt
[14.537s] reading manifest file 'cpp_topic_pubsub.egg-info/SOURCES.txt'
[14.597s] writing manifest file 'cpp_topic_pubsub.egg-info/SOURCES.txt'
[14.898s] [100%] Built target ament_cmake_python_build_cpp_topic_pubsub_egg
[15.816s] Invoked command in '/home/osawakousei/ros2_ws/build/cpp_topic_pubsub' returned '0': CMAKE_PREFIX_PATH=${CMAKE_PREFIX_PATH}:/opt/ros/humble /usr/bin/cmake --build /home/osawakousei/ros2_ws/build/cpp_topic_pubsub -- -j12 -l12
[19.137s] Invoking command in '/home/osawakousei/ros2_ws/build/cpp_topic_pubsub': CMAKE_PREFIX_PATH=${CMAKE_PREFIX_PATH}:/opt/ros/humble /usr/bin/cmake --install /home/osawakousei/ros2_ws/build/cpp_topic_pubsub
[19.326s] -- Install configuration: ""
[19.327s] -- Up-to-date: /home/osawakousei/ros2_ws/install/cpp_topic_pubsub/share/ament_index/resource_index/rosidl_interfaces/cpp_topic_pubsub
[19.328s] -- Up-to-date: /home/osawakousei/ros2_ws/install/cpp_topic_pubsub/include/cpp_topic_pubsub/cpp_topic_pubsub
[19.329s] -- Up-to-date: /home/osawakousei/ros2_ws/install/cpp_topic_pubsub/include/cpp_topic_pubsub/cpp_topic_pubsub/msg
[19.353s] -- Up-to-date: /home/osawakousei/ros2_ws/install/cpp_topic_pubsub/include/cpp_topic_pubsub/cpp_topic_pubsub/msg/practice_msg.h
[19.354s] -- Up-to-date: /home/osawakousei/ros2_ws/install/cpp_topic_pubsub/include/cpp_topic_pubsub/cpp_topic_pubsub/msg/rosidl_generator_c__visibility_control.h
[19.355s] -- Up-to-date: /home/osawakousei/ros2_ws/install/cpp_topic_pubsub/include/cpp_topic_pubsub/cpp_topic_pubsub/msg/detail
[19.356s] -- Up-to-date: /home/osawakousei/ros2_ws/install/cpp_topic_pubsub/include/cpp_topic_pubsub/cpp_topic_pubsub/msg/detail/practice_msg__struct.h
[19.356s] -- Up-to-date: /home/osawakousei/ros2_ws/install/cpp_topic_pubsub/include/cpp_topic_pubsub/cpp_topic_pubsub/msg/detail/practice_msg__functions.c
[19.357s] -- Up-to-date: /home/osawakousei/ros2_ws/install/cpp_topic_pubsub/include/cpp_topic_pubsub/cpp_topic_pubsub/msg/detail/practice_msg__type_support.h
[19.358s] -- Up-to-date: /home/osawakousei/ros2_ws/install/cpp_topic_pubsub/include/cpp_topic_pubsub/cpp_topic_pubsub/msg/detail/practice_msg__functions.h
[19.358s] -- Up-to-date: /home/osawakousei/ros2_ws/install/cpp_topic_pubsub/share/cpp_topic_pubsub/environment/library_path.sh
[19.359s] -- Up-to-date: /home/osawakousei/ros2_ws/install/cpp_topic_pubsub/share/cpp_topic_pubsub/environment/library_path.dsv
[19.389s] -- Up-to-date: /home/osawakousei/ros2_ws/install/cpp_topic_pubsub/lib/libcpp_topic_pubsub__rosidl_generator_c.so
[19.402s] -- Up-to-date: /home/osawakousei/ros2_ws/install/cpp_topic_pubsub/include/cpp_topic_pubsub/cpp_topic_pubsub
[19.404s] -- Up-to-date: /home/osawakousei/ros2_ws/install/cpp_topic_pubsub/include/cpp_topic_pubsub/cpp_topic_pubsub/msg
[19.405s] -- Up-to-date: /home/osawakousei/ros2_ws/install/cpp_topic_pubsub/include/cpp_topic_pubsub/cpp_topic_pubsub/msg/detail
[19.415s] -- Up-to-date: /home/osawakousei/ros2_ws/install/cpp_topic_pubsub/include/cpp_topic_pubsub/cpp_topic_pubsub/msg/detail/practice_msg__rosidl_typesupport_fastrtps_c.h
[19.420s] -- Up-to-date: /home/osawakousei/ros2_ws/install/cpp_topic_pubsub/include/cpp_topic_pubsub/cpp_topic_pubsub/msg/rosidl_typesupport_fastrtps_c__visibility_control.h
[19.426s] -- Up-to-date: /home/osawakousei/ros2_ws/install/cpp_topic_pubsub/lib/libcpp_topic_pubsub__rosidl_typesupport_fastrtps_c.so
[19.437s] -- Up-to-date: /home/osawakousei/ros2_ws/install/cpp_topic_pubsub/include/cpp_topic_pubsub/cpp_topic_pubsub
[19.452s] -- Up-to-date: /home/osawakousei/ros2_ws/install/cpp_topic_pubsub/include/cpp_topic_pubsub/cpp_topic_pubsub/msg
[19.453s] -- Up-to-date: /home/osawakousei/ros2_ws/install/cpp_topic_pubsub/include/cpp_topic_pubsub/cpp_topic_pubsub/msg/practice_msg.hpp
[19.454s] -- Up-to-date: /home/osawakousei/ros2_ws/install/cpp_topic_pubsub/include/cpp_topic_pubsub/cpp_topic_pubsub/msg/detail
[19.454s] -- Up-to-date: /home/osawakousei/ros2_ws/install/cpp_topic_pubsub/include/cpp_topic_pubsub/cpp_topic_pubsub/msg/detail/practice_msg__traits.hpp
[19.455s] -- Up-to-date: /home/osawakousei/ros2_ws/install/cpp_topic_pubsub/include/cpp_topic_pubsub/cpp_topic_pubsub/msg/detail/practice_msg__struct.hpp
[19.456s] -- Up-to-date: /home/osawakousei/ros2_ws/install/cpp_topic_pubsub/include/cpp_topic_pubsub/cpp_topic_pubsub/msg/detail/practice_msg__builder.hpp
[19.458s] -- Up-to-date: /home/osawakousei/ros2_ws/install/cpp_topic_pubsub/include/cpp_topic_pubsub/cpp_topic_pubsub
[19.460s] -- Up-to-date: /home/osawakousei/ros2_ws/install/cpp_topic_pubsub/include/cpp_topic_pubsub/cpp_topic_pubsub/msg
[19.461s] -- Up-to-date: /home/osawakousei/ros2_ws/install/cpp_topic_pubsub/include/cpp_topic_pubsub/cpp_topic_pubsub/msg/rosidl_typesupport_fastrtps_cpp__visibility_control.h
[19.463s] -- Up-to-date: /home/osawakousei/ros2_ws/install/cpp_topic_pubsub/include/cpp_topic_pubsub/cpp_topic_pubsub/msg/detail
[19.464s] -- Up-to-date: /home/osawakousei/ros2_ws/install/cpp_topic_pubsub/include/cpp_topic_pubsub/cpp_topic_pubsub/msg/detail/dds_fastrtps
[19.484s] -- Up-to-date: /home/osawakousei/ros2_ws/install/cpp_topic_pubsub/include/cpp_topic_pubsub/cpp_topic_pubsub/msg/detail/practice_msg__rosidl_typesupport_fastrtps_cpp.hpp
[19.486s] -- Up-to-date: /home/osawakousei/ros2_ws/install/cpp_topic_pubsub/lib/libcpp_topic_pubsub__rosidl_typesupport_fastrtps_cpp.so
[19.504s] -- Up-to-date: /home/osawakousei/ros2_ws/install/cpp_topic_pubsub/include/cpp_topic_pubsub/cpp_topic_pubsub
[19.506s] -- Up-to-date: /home/osawakousei/ros2_ws/install/cpp_topic_pubsub/include/cpp_topic_pubsub/cpp_topic_pubsub/msg
[19.507s] -- Up-to-date: /home/osawakousei/ros2_ws/install/cpp_topic_pubsub/include/cpp_topic_pubsub/cpp_topic_pubsub/msg/rosidl_typesupport_introspection_c__visibility_control.h
[19.508s] -- Up-to-date: /home/osawakousei/ros2_ws/install/cpp_topic_pubsub/include/cpp_topic_pubsub/cpp_topic_pubsub/msg/detail
[19.513s] -- Up-to-date: /home/osawakousei/ros2_ws/install/cpp_topic_pubsub/include/cpp_topic_pubsub/cpp_topic_pubsub/msg/detail/practice_msg__rosidl_typesupport_introspection_c.h
[19.514s] -- Up-to-date: /home/osawakousei/ros2_ws/install/cpp_topic_pubsub/include/cpp_topic_pubsub/cpp_topic_pubsub/msg/detail/practice_msg__type_support.c
[19.514s] -- Up-to-date: /home/osawakousei/ros2_ws/install/cpp_topic_pubsub/lib/libcpp_topic_pubsub__rosidl_typesupport_introspection_c.so
[19.552s] -- Up-to-date: /home/osawakousei/ros2_ws/install/cpp_topic_pubsub/lib/libcpp_topic_pubsub__rosidl_typesupport_c.so
[19.552s] -- Up-to-date: /home/osawakousei/ros2_ws/install/cpp_topic_pubsub/include/cpp_topic_pubsub/cpp_topic_pubsub
[19.553s] -- Up-to-date: /home/osawakousei/ros2_ws/install/cpp_topic_pubsub/include/cpp_topic_pubsub/cpp_topic_pubsub/msg
[19.582s] -- Up-to-date: /home/osawakousei/ros2_ws/install/cpp_topic_pubsub/include/cpp_topic_pubsub/cpp_topic_pubsub/msg/detail
[19.587s] -- Up-to-date: /home/osawakousei/ros2_ws/install/cpp_topic_pubsub/include/cpp_topic_pubsub/cpp_topic_pubsub/msg/detail/practice_msg__rosidl_typesupport_introspection_cpp.hpp
[19.588s] -- Up-to-date: /home/osawakousei/ros2_ws/install/cpp_topic_pubsub/include/cpp_topic_pubsub/cpp_topic_pubsub/msg/detail/practice_msg__type_support.cpp
[19.589s] -- Up-to-date: /home/osawakousei/ros2_ws/install/cpp_topic_pubsub/lib/libcpp_topic_pubsub__rosidl_typesupport_introspection_cpp.so
[19.597s] -- Up-to-date: /home/osawakousei/ros2_ws/install/cpp_topic_pubsub/lib/libcpp_topic_pubsub__rosidl_typesupport_cpp.so
[19.615s] -- Up-to-date: /home/osawakousei/ros2_ws/install/cpp_topic_pubsub/share/cpp_topic_pubsub/environment/pythonpath.sh
[19.616s] -- Up-to-date: /home/osawakousei/ros2_ws/install/cpp_topic_pubsub/share/cpp_topic_pubsub/environment/pythonpath.dsv
[19.616s] -- Up-to-date: /home/osawakousei/ros2_ws/install/cpp_topic_pubsub/local/lib/python3.10/dist-packages/cpp_topic_pubsub-0.0.0-py3.10.egg-info
[19.617s] -- Installing: /home/osawakousei/ros2_ws/install/cpp_topic_pubsub/local/lib/python3.10/dist-packages/cpp_topic_pubsub-0.0.0-py3.10.egg-info/top_level.txt
[19.618s] -- Installing: /home/osawakousei/ros2_ws/install/cpp_topic_pubsub/local/lib/python3.10/dist-packages/cpp_topic_pubsub-0.0.0-py3.10.egg-info/SOURCES.txt
[19.619s] -- Installing: /home/osawakousei/ros2_ws/install/cpp_topic_pubsub/local/lib/python3.10/dist-packages/cpp_topic_pubsub-0.0.0-py3.10.egg-info/dependency_links.txt
[19.619s] -- Installing: /home/osawakousei/ros2_ws/install/cpp_topic_pubsub/local/lib/python3.10/dist-packages/cpp_topic_pubsub-0.0.0-py3.10.egg-info/PKG-INFO
[19.620s] -- Up-to-date: /home/osawakousei/ros2_ws/install/cpp_topic_pubsub/local/lib/python3.10/dist-packages/cpp_topic_pubsub
[19.648s] -- Up-to-date: /home/osawakousei/ros2_ws/install/cpp_topic_pubsub/local/lib/python3.10/dist-packages/cpp_topic_pubsub/_cpp_topic_pubsub_s.ep.rosidl_typesupport_fastrtps_c.c
[19.648s] -- Up-to-date: /home/osawakousei/ros2_ws/install/cpp_topic_pubsub/local/lib/python3.10/dist-packages/cpp_topic_pubsub/cpp_topic_pubsub_s__rosidl_typesupport_c.cpython-310-x86_64-linux-gnu.so
[19.649s] -- Up-to-date: /home/osawakousei/ros2_ws/install/cpp_topic_pubsub/local/lib/python3.10/dist-packages/cpp_topic_pubsub/cpp_topic_pubsub_s__rosidl_typesupport_fastrtps_c.cpython-310-x86_64-linux-gnu.so
[19.650s] -- Up-to-date: /home/osawakousei/ros2_ws/install/cpp_topic_pubsub/local/lib/python3.10/dist-packages/cpp_topic_pubsub/_cpp_topic_pubsub_s.ep.rosidl_typesupport_introspection_c.c
[19.650s] -- Up-to-date: /home/osawakousei/ros2_ws/install/cpp_topic_pubsub/local/lib/python3.10/dist-packages/cpp_topic_pubsub/cpp_topic_pubsub_s__rosidl_typesupport_introspection_c.cpython-310-x86_64-linux-gnu.so
[19.651s] -- Up-to-date: /home/osawakousei/ros2_ws/install/cpp_topic_pubsub/local/lib/python3.10/dist-packages/cpp_topic_pubsub/libcpp_topic_pubsub__rosidl_generator_py.so
[19.652s] -- Up-to-date: /home/osawakousei/ros2_ws/install/cpp_topic_pubsub/local/lib/python3.10/dist-packages/cpp_topic_pubsub/__init__.py
[19.653s] -- Up-to-date: /home/osawakousei/ros2_ws/install/cpp_topic_pubsub/local/lib/python3.10/dist-packages/cpp_topic_pubsub/_cpp_topic_pubsub_s.ep.rosidl_typesupport_c.c
[19.653s] -- Up-to-date: /home/osawakousei/ros2_ws/install/cpp_topic_pubsub/local/lib/python3.10/dist-packages/cpp_topic_pubsub/msg
[19.654s] -- Up-to-date: /home/osawakousei/ros2_ws/install/cpp_topic_pubsub/local/lib/python3.10/dist-packages/cpp_topic_pubsub/msg/_practice_msg.py
[19.655s] -- Up-to-date: /home/osawakousei/ros2_ws/install/cpp_topic_pubsub/local/lib/python3.10/dist-packages/cpp_topic_pubsub/msg/__init__.py
[19.656s] -- Up-to-date: /home/osawakousei/ros2_ws/install/cpp_topic_pubsub/local/lib/python3.10/dist-packages/cpp_topic_pubsub/msg/_practice_msg_s.c
[20.005s] Listing '/home/osawakousei/ros2_ws/install/cpp_topic_pubsub/local/lib/python3.10/dist-packages/cpp_topic_pubsub'...
[20.005s] Listing '/home/osawakousei/ros2_ws/install/cpp_topic_pubsub/local/lib/python3.10/dist-packages/cpp_topic_pubsub/msg'...
[20.025s] -- Up-to-date: /home/osawakousei/ros2_ws/install/cpp_topic_pubsub/local/lib/python3.10/dist-packages/cpp_topic_pubsub/cpp_topic_pubsub_s__rosidl_typesupport_fastrtps_c.cpython-310-x86_64-linux-gnu.so
[20.104s] -- Up-to-date: /home/osawakousei/ros2_ws/install/cpp_topic_pubsub/local/lib/python3.10/dist-packages/cpp_topic_pubsub/cpp_topic_pubsub_s__rosidl_typesupport_introspection_c.cpython-310-x86_64-linux-gnu.so
[20.120s] -- Up-to-date: /home/osawakousei/ros2_ws/install/cpp_topic_pubsub/local/lib/python3.10/dist-packages/cpp_topic_pubsub/cpp_topic_pubsub_s__rosidl_typesupport_c.cpython-310-x86_64-linux-gnu.so
[20.121s] -- Up-to-date: /home/osawakousei/ros2_ws/install/cpp_topic_pubsub/lib/libcpp_topic_pubsub__rosidl_generator_py.so
[20.121s] -- Up-to-date: /home/osawakousei/ros2_ws/install/cpp_topic_pubsub/share/cpp_topic_pubsub/msg/PracticeMsg.idl
[20.122s] -- Up-to-date: /home/osawakousei/ros2_ws/install/cpp_topic_pubsub/share/cpp_topic_pubsub/msg/PracticeMsg.msg
[20.123s] -- Up-to-date: /home/osawakousei/ros2_ws/install/cpp_topic_pubsub/lib/cpp_topic_pubsub/practice_publisher_node
[20.125s] -- Up-to-date: /home/osawakousei/ros2_ws/install/cpp_topic_pubsub/lib/cpp_topic_pubsub/practice_subscriber_node
[20.141s] -- Up-to-date: /home/osawakousei/ros2_ws/install/cpp_topic_pubsub/share/ament_index/resource_index/package_run_dependencies/cpp_topic_pubsub
[20.142s] -- Up-to-date: /home/osawakousei/ros2_ws/install/cpp_topic_pubsub/share/ament_index/resource_index/parent_prefix_path/cpp_topic_pubsub
[20.143s] -- Up-to-date: /home/osawakousei/ros2_ws/install/cpp_topic_pubsub/share/cpp_topic_pubsub/environment/ament_prefix_path.sh
[20.145s] -- Up-to-date: /home/osawakousei/ros2_ws/install/cpp_topic_pubsub/share/cpp_topic_pubsub/environment/ament_prefix_path.dsv
[20.145s] -- Up-to-date: /home/osawakousei/ros2_ws/install/cpp_topic_pubsub/share/cpp_topic_pubsub/environment/path.sh
[20.146s] -- Up-to-date: /home/osawakousei/ros2_ws/install/cpp_topic_pubsub/share/cpp_topic_pubsub/environment/path.dsv
[20.147s] -- Up-to-date: /home/osawakousei/ros2_ws/install/cpp_topic_pubsub/share/cpp_topic_pubsub/local_setup.bash
[20.148s] -- Up-to-date: /home/osawakousei/ros2_ws/install/cpp_topic_pubsub/share/cpp_topic_pubsub/local_setup.sh
[20.148s] -- Up-to-date: /home/osawakousei/ros2_ws/install/cpp_topic_pubsub/share/cpp_topic_pubsub/local_setup.zsh
[20.149s] -- Up-to-date: /home/osawakousei/ros2_ws/install/cpp_topic_pubsub/share/cpp_topic_pubsub/local_setup.dsv
[20.150s] -- Installing: /home/osawakousei/ros2_ws/install/cpp_topic_pubsub/share/cpp_topic_pubsub/package.dsv
[20.150s] -- Up-to-date: /home/osawakousei/ros2_ws/install/cpp_topic_pubsub/share/ament_index/resource_index/packages/cpp_topic_pubsub
[20.156s] -- Up-to-date: /home/osawakousei/ros2_ws/install/cpp_topic_pubsub/share/cpp_topic_pubsub/cmake/export_cpp_topic_pubsub__rosidl_generator_cExport.cmake
[20.160s] -- Up-to-date: /home/osawakousei/ros2_ws/install/cpp_topic_pubsub/share/cpp_topic_pubsub/cmake/export_cpp_topic_pubsub__rosidl_generator_cExport-noconfig.cmake
[20.161s] -- Up-to-date: /home/osawakousei/ros2_ws/install/cpp_topic_pubsub/share/cpp_topic_pubsub/cmake/export_cpp_topic_pubsub__rosidl_typesupport_fastrtps_cExport.cmake
[20.161s] -- Up-to-date: /home/osawakousei/ros2_ws/install/cpp_topic_pubsub/share/cpp_topic_pubsub/cmake/export_cpp_topic_pubsub__rosidl_typesupport_fastrtps_cExport-noconfig.cmake
[20.162s] -- Up-to-date: /home/osawakousei/ros2_ws/install/cpp_topic_pubsub/share/cpp_topic_pubsub/cmake/export_cpp_topic_pubsub__rosidl_generator_cppExport.cmake
[20.167s] -- Up-to-date: /home/osawakousei/ros2_ws/install/cpp_topic_pubsub/share/cpp_topic_pubsub/cmake/export_cpp_topic_pubsub__rosidl_typesupport_fastrtps_cppExport.cmake
[20.172s] -- Up-to-date: /home/osawakousei/ros2_ws/install/cpp_topic_pubsub/share/cpp_topic_pubsub/cmake/export_cpp_topic_pubsub__rosidl_typesupport_fastrtps_cppExport-noconfig.cmake
[20.173s] -- Up-to-date: /home/osawakousei/ros2_ws/install/cpp_topic_pubsub/share/cpp_topic_pubsub/cmake/cpp_topic_pubsub__rosidl_typesupport_introspection_cExport.cmake
[20.173s] -- Up-to-date: /home/osawakousei/ros2_ws/install/cpp_topic_pubsub/share/cpp_topic_pubsub/cmake/cpp_topic_pubsub__rosidl_typesupport_introspection_cExport-noconfig.cmake
[20.174s] -- Up-to-date: /home/osawakousei/ros2_ws/install/cpp_topic_pubsub/share/cpp_topic_pubsub/cmake/cpp_topic_pubsub__rosidl_typesupport_cExport.cmake
[20.175s] -- Up-to-date: /home/osawakousei/ros2_ws/install/cpp_topic_pubsub/share/cpp_topic_pubsub/cmake/cpp_topic_pubsub__rosidl_typesupport_cExport-noconfig.cmake
[20.176s] -- Up-to-date: /home/osawakousei/ros2_ws/install/cpp_topic_pubsub/share/cpp_topic_pubsub/cmake/cpp_topic_pubsub__rosidl_typesupport_introspection_cppExport.cmake
[20.179s] -- Up-to-date: /home/osawakousei/ros2_ws/install/cpp_topic_pubsub/share/cpp_topic_pubsub/cmake/cpp_topic_pubsub__rosidl_typesupport_introspection_cppExport-noconfig.cmake
[20.180s] -- Up-to-date: /home/osawakousei/ros2_ws/install/cpp_topic_pubsub/share/cpp_topic_pubsub/cmake/cpp_topic_pubsub__rosidl_typesupport_cppExport.cmake
[20.181s] -- Up-to-date: /home/osawakousei/ros2_ws/install/cpp_topic_pubsub/share/cpp_topic_pubsub/cmake/cpp_topic_pubsub__rosidl_typesupport_cppExport-noconfig.cmake
[20.183s] -- Up-to-date: /home/osawakousei/ros2_ws/install/cpp_topic_pubsub/share/cpp_topic_pubsub/cmake/export_cpp_topic_pubsub__rosidl_generator_pyExport.cmake
[20.184s] -- Up-to-date: /home/osawakousei/ros2_ws/install/cpp_topic_pubsub/share/cpp_topic_pubsub/cmake/export_cpp_topic_pubsub__rosidl_generator_pyExport-noconfig.cmake
[20.184s] -- Up-to-date: /home/osawakousei/ros2_ws/install/cpp_topic_pubsub/share/cpp_topic_pubsub/cmake/rosidl_cmake-extras.cmake
[20.195s] -- Up-to-date: /home/osawakousei/ros2_ws/install/cpp_topic_pubsub/share/cpp_topic_pubsub/cmake/ament_cmake_export_include_directories-extras.cmake
[20.197s] -- Up-to-date: /home/osawakousei/ros2_ws/install/cpp_topic_pubsub/share/cpp_topic_pubsub/cmake/ament_cmake_export_libraries-extras.cmake
[20.202s] -- Up-to-date: /home/osawakousei/ros2_ws/install/cpp_topic_pubsub/share/cpp_topic_pubsub/cmake/ament_cmake_export_targets-extras.cmake
[20.205s] -- Up-to-date: /home/osawakousei/ros2_ws/install/cpp_topic_pubsub/share/cpp_topic_pubsub/cmake/rosidl_cmake_export_typesupport_targets-extras.cmake
[20.206s] -- Up-to-date: /home/osawakousei/ros2_ws/install/cpp_topic_pubsub/share/cpp_topic_pubsub/cmake/ament_cmake_export_dependencies-extras.cmake
[20.206s] -- Up-to-date: /home/osawakousei/ros2_ws/install/cpp_topic_pubsub/share/cpp_topic_pubsub/cmake/rosidl_cmake_export_typesupport_libraries-extras.cmake
[20.207s] -- Up-to-date: /home/osawakousei/ros2_ws/install/cpp_topic_pubsub/share/cpp_topic_pubsub/cmake/cpp_topic_pubsubConfig.cmake
[20.238s] -- Up-to-date: /home/osawakousei/ros2_ws/install/cpp_topic_pubsub/share/cpp_topic_pubsub/cmake/cpp_topic_pubsubConfig-version.cmake
[20.241s] -- Up-to-date: /home/osawakousei/ros2_ws/install/cpp_topic_pubsub/share/cpp_topic_pubsub/package.xml
[21.772s] Invoked command in '/home/osawakousei/ros2_ws/build/cpp_topic_pubsub' returned '0': CMAKE_PREFIX_PATH=${CMAKE_PREFIX_PATH}:/opt/ros/humble /usr/bin/cmake --install /home/osawakousei/ros2_ws/build/cpp_topic_pubsub
