[0.058s] Invoking command in '/home/osawakousei/ros2_ws/src/custom_message_unity/build/custom_message_unity': CMAKE_PREFIX_PATH=${CMAKE_PREFIX_PATH}:/opt/ros/humble /usr/bin/cmake --build /home/osawakousei/ros2_ws/src/custom_message_unity/build/custom_message_unity -- -j8 -l8
[0.145s] -- Found ament_cmake: 1.3.5 (/opt/ros/humble/share/ament_cmake/cmake)
[0.605s] -- Found rclcpp: 16.0.6 (/opt/ros/humble/share/rclcpp/cmake)
[0.924s] -- Found rosidl_generator_c: 3.1.5 (/opt/ros/humble/share/rosidl_generator_c/cmake)
[0.971s] -- Found rosidl_adapter: 3.1.5 (/opt/ros/humble/share/rosidl_adapter/cmake)
[1.044s] -- Found rosidl_generator_cpp: 3.1.5 (/opt/ros/humble/share/rosidl_generator_cpp/cmake)
[1.159s] -- Using all available rosidl_typesupport_c: rosidl_typesupport_fastrtps_c;rosidl_typesupport_introspection_c
[1.288s] -- Using all available rosidl_typesupport_cpp: rosidl_typesupport_fastrtps_cpp;rosidl_typesupport_introspection_cpp
[1.685s] -- Found rmw_implementation_cmake: 6.1.1 (/opt/ros/humble/share/rmw_implementation_cmake/cmake)
[1.715s] -- Found rmw_fastrtps_cpp: 6.2.4 (/opt/ros/humble/share/rmw_fastrtps_cpp/cmake)
[2.353s] -- Found OpenSSL: /usr/lib/x86_64-linux-gnu/libcrypto.so (found version "3.0.2")  
[2.459s] -- Found FastRTPS: /opt/ros/humble/include  
[2.620s] -- Using RMW implementation 'rmw_fastrtps_cpp' as default
[2.741s] -- Looking for pthread.h
[3.191s] -- Looking for pthread.h - found
[3.191s] -- Performing Test CMAKE_HAVE_LIBC_PTHREAD
[3.507s] -- Performing Test CMAKE_HAVE_LIBC_PTHREAD - Success
[3.508s] -- Found Threads: TRUE  
[4.277s] -- Found rosidl_default_generators: 1.2.0 (/opt/ros/humble/share/rosidl_default_generators/cmake)
[4.344s] -- Found ament_lint_auto: 0.12.8 (/opt/ros/humble/share/ament_lint_auto/cmake)
[5.262s] [31mCMake Error at /opt/ros/humble/share/rosidl_adapter/cmake/rosidl_adapt_interfaces.cmake:59 (message):
[5.262s]   execute_process(/usr/bin/python3.10 -m rosidl_adapter --package-name
[5.262s]   custom_message_unity --arguments-file
[5.262s]   /home/osawakousei/ros2_ws/src/custom_message_unity/build/custom_message_unity/rosidl_adapter__arguments__custom_message_unity.json
[5.262s]   --output-dir
[5.263s]   /home/osawakousei/ros2_ws/src/custom_message_unity/build/custom_message_unity/rosidl_adapter/custom_message_unity
[5.263s]   --output-file
[5.263s]   /home/osawakousei/ros2_ws/src/custom_message_unity/build/custom_message_unity/rosidl_adapter/custom_message_unity.idls)
[5.264s]   returned error code 1:
[5.264s] 
[5.264s]   Error processing 'float f1' of 'custom_message_unity/CustomUnity': ''float'
[5.264s]   is an invalid message name.  It should have the pattern
[5.264s]   '^[A-Z][A-Za-z0-9]*$''
[5.265s] 
[5.265s]   Traceback (most recent call last):
[5.265s] 
[5.265s]     File "/usr/lib/python3.10/runpy.py", line 196, in _run_module_as_main
[5.266s]       return _run_code(code, main_globals, None,
[5.266s]     File "/usr/lib/python3.10/runpy.py", line 86, in _run_code
[5.266s]       exec(code, run_globals)
[5.266s]     File "/opt/ros/humble/local/lib/python3.10/dist-packages/rosidl_adapter/__main__.py", line 19, in <module>
[5.266s]       sys.exit(main())
[5.267s]     File "/opt/ros/humble/local/lib/python3.10/dist-packages/rosidl_adapter/main.py", line 53, in main
[5.267s]       abs_idl_file = convert_to_idl(
[5.267s]     File "/opt/ros/humble/local/lib/python3.10/dist-packages/rosidl_adapter/__init__.py", line 19, in convert_to_idl
[5.267s]       return convert_msg_to_idl(
[5.267s]     File "/opt/ros/humble/local/lib/python3.10/dist-packages/rosidl_adapter/msg/__init__.py", line 28, in convert_msg_to_idl
[5.268s]       msg = parse_message_string(package_name, input_file.stem, content)
[5.268s]     File "/opt/ros/humble/local/lib/python3.10/dist-packages/rosidl_adapter/parser.py", line 520, in parse_message_string
[5.268s]       Type(type_string, context_package_name=pkg_name),
[5.268s]     File "/opt/ros/humble/local/lib/python3.10/dist-packages/rosidl_adapter/parser.py", line 277, in __init__
[5.269s]       super(Type, self).__init__(
[5.269s]     File "/opt/ros/humble/local/lib/python3.10/dist-packages/rosidl_adapter/parser.py", line 205, in __init__
[5.269s]       raise InvalidResourceName(
[5.269s] 
[5.269s]   rosidl_adapter.parser.InvalidResourceName: 'float' is an invalid message
[5.270s]   name.  It should have the pattern '^[A-Z][A-Za-z0-9]*$'
[5.270s] 
[5.270s] Call Stack (most recent call first):
[5.270s]   /opt/ros/humble/share/rosidl_cmake/cmake/rosidl_generate_interfaces.cmake:130 (rosidl_adapt_interfaces)
[5.270s]   CMakeLists.txt:31 (rosidl_generate_interfaces)
[5.271s] 
[5.271s] [0m
[5.271s] -- Configuring incomplete, errors occurred!
[5.271s] See also "/home/osawakousei/ros2_ws/src/custom_message_unity/build/custom_message_unity/CMakeFiles/CMakeOutput.log".
[5.285s] gmake: *** [Makefile:226: cmake_check_build_system] エラー 1
[5.295s] Invoked command in '/home/osawakousei/ros2_ws/src/custom_message_unity/build/custom_message_unity' returned '2': CMAKE_PREFIX_PATH=${CMAKE_PREFIX_PATH}:/opt/ros/humble /usr/bin/cmake --build /home/osawakousei/ros2_ws/src/custom_message_unity/build/custom_message_unity -- -j8 -l8
