[0.307s] Invoking command in '/home/osawakousei/ros2_ws/build/micro_ros_msgs': CMAKE_PREFIX_PATH=${CMAKE_PREFIX_PATH}:/opt/ros/humble /usr/bin/cmake --build /home/osawakousei/ros2_ws/build/micro_ros_msgs -- -j8 -l8
[0.546s] [ 10%] Built target micro_ros_msgs__rosidl_generator_c
[0.565s] [ 12%] Built target micro_ros_msgs__cpp
[0.738s] [ 12%] Built target ament_cmake_python_copy_micro_ros_msgs
[0.798s] [ 23%] Built target micro_ros_msgs__rosidl_typesupport_fastrtps_c
[0.816s] [ 34%] Built target micro_ros_msgs__rosidl_typesupport_c
[0.864s] [ 44%] Built target micro_ros_msgs__rosidl_typesupport_introspection_c
[0.955s] [ 55%] Built target micro_ros_msgs__rosidl_typesupport_fastrtps_cpp
[0.967s] [ 65%] Built target micro_ros_msgs__rosidl_typesupport_cpp
[0.989s] [ 76%] Built target micro_ros_msgs__rosidl_typesupport_introspection_cpp
[1.521s] [ 76%] Built target micro_ros_msgs
[1.822s] [ 78%] Built target micro_ros_msgs__py
[2.136s] [ 87%] Built target micro_ros_msgs__rosidl_generator_py
[2.425s] [ 91%] Built target micro_ros_msgs__rosidl_typesupport_fastrtps_c__pyext
[2.427s] [ 95%] Built target micro_ros_msgs__rosidl_typesupport_c__pyext
[2.436s] [100%] Built target micro_ros_msgs__rosidl_typesupport_introspection_c__pyext
[2.877s] running egg_info
[2.880s] writing micro_ros_msgs.egg-info/PKG-INFO
[2.884s] writing dependency_links to micro_ros_msgs.egg-info/dependency_links.txt
[2.887s] writing top-level names to micro_ros_msgs.egg-info/top_level.txt
[2.895s] reading manifest file 'micro_ros_msgs.egg-info/SOURCES.txt'
[2.898s] writing manifest file 'micro_ros_msgs.egg-info/SOURCES.txt'
[3.044s] [100%] Built target ament_cmake_python_build_micro_ros_msgs_egg
[3.096s] Invoked command in '/home/osawakousei/ros2_ws/build/micro_ros_msgs' returned '0': CMAKE_PREFIX_PATH=${CMAKE_PREFIX_PATH}:/opt/ros/humble /usr/bin/cmake --build /home/osawakousei/ros2_ws/build/micro_ros_msgs -- -j8 -l8
