[0.416s] DEBUG:colcon:Command line arguments: ['/usr/bin/colcon', 'build']
[0.416s] DEBUG:colcon:Parsed command line arguments: Namespace(log_base=None, log_level=None, verb_name='build', build_base='build', install_base='install', merge_install=False, symlink_install=False, test_result_base=None, continue_on_error=False, executor='parallel', parallel_workers=16, event_handlers=None, ignore_user_meta=False, metas=['./colcon.meta'], base_paths=['.'], packages_ignore=None, packages_ignore_regex=None, paths=None, packages_up_to=None, packages_up_to_regex=None, packages_above=None, packages_above_and_dependencies=None, packages_above_depth=None, packages_select_by_dep=None, packages_skip_by_dep=None, packages_skip_up_to=None, packages_select_build_failed=False, packages_skip_build_finished=False, packages_select_test_failures=False, packages_skip_test_passed=False, packages_select=None, packages_skip=None, packages_select_regex=None, packages_skip_regex=None, packages_start=None, packages_end=None, allow_overriding=[], cmake_args=None, cmake_target=None, cmake_target_skip_unavailable=False, cmake_clean_cache=False, cmake_clean_first=False, cmake_force_configure=False, ament_cmake_args=None, catkin_cmake_args=None, catkin_skip_building_tests=False, verb_parser=<colcon_defaults.argument_parser.defaults.DefaultArgumentsDecorator object at 0x7f6e9286e890>, verb_extension=<colcon_core.verb.build.BuildVerb object at 0x7f6e92cbeb60>, main=<bound method BuildVerb.main of <colcon_core.verb.build.BuildVerb object at 0x7f6e92cbeb60>>)
[0.439s] Level 1:colcon.colcon_core.package_discovery:discover_packages(colcon_meta) check parameters
[0.439s] Level 1:colcon.colcon_core.package_discovery:discover_packages(recursive) check parameters
[0.439s] Level 1:colcon.colcon_core.package_discovery:discover_packages(ignore) check parameters
[0.439s] Level 1:colcon.colcon_core.package_discovery:discover_packages(path) check parameters
[0.439s] Level 1:colcon.colcon_core.package_discovery:discover_packages(colcon_meta) discover
[0.439s] Level 1:colcon.colcon_core.package_discovery:discover_packages(recursive) discover
[0.439s] INFO:colcon.colcon_core.package_discovery:Crawling recursively for packages in '/home/kousei/ros2_ws'
[0.440s] Level 1:colcon.colcon_core.package_identification:_identify(.) by extensions ['ignore', 'ignore_ament_install']
[0.440s] Level 1:colcon.colcon_core.package_identification:_identify(.) by extension 'ignore'
[0.440s] Level 1:colcon.colcon_core.package_identification:_identify(.) by extension 'ignore_ament_install'
[0.440s] Level 1:colcon.colcon_core.package_identification:_identify(.) by extensions ['colcon_pkg']
[0.440s] Level 1:colcon.colcon_core.package_identification:_identify(.) by extension 'colcon_pkg'
[0.440s] Level 1:colcon.colcon_core.package_identification:_identify(.) by extensions ['colcon_meta']
[0.440s] Level 1:colcon.colcon_core.package_identification:_identify(.) by extension 'colcon_meta'
[0.440s] Level 1:colcon.colcon_core.package_identification:_identify(.) by extensions ['ros']
[0.440s] Level 1:colcon.colcon_core.package_identification:_identify(.) by extension 'ros'
[0.446s] Level 1:colcon.colcon_core.package_identification:_identify(.) by extensions ['cmake', 'python']
[0.446s] Level 1:colcon.colcon_core.package_identification:_identify(.) by extension 'cmake'
[0.446s] Level 1:colcon.colcon_core.package_identification:_identify(.) by extension 'python'
[0.446s] Level 1:colcon.colcon_core.package_identification:_identify(.) by extensions ['python_setup_py']
[0.446s] Level 1:colcon.colcon_core.package_identification:_identify(.) by extension 'python_setup_py'
[0.446s] Level 1:colcon.colcon_core.package_identification:_identify(build) by extensions ['ignore', 'ignore_ament_install']
[0.446s] Level 1:colcon.colcon_core.package_identification:_identify(build) by extension 'ignore'
[0.446s] Level 1:colcon.colcon_core.package_identification:_identify(build) ignored
[0.446s] Level 1:colcon.colcon_core.package_identification:_identify(install) by extensions ['ignore', 'ignore_ament_install']
[0.447s] Level 1:colcon.colcon_core.package_identification:_identify(install) by extension 'ignore'
[0.447s] Level 1:colcon.colcon_core.package_identification:_identify(install) ignored
[0.447s] Level 1:colcon.colcon_core.package_identification:_identify(log) by extensions ['ignore', 'ignore_ament_install']
[0.447s] Level 1:colcon.colcon_core.package_identification:_identify(log) by extension 'ignore'
[0.447s] Level 1:colcon.colcon_core.package_identification:_identify(log) ignored
[0.447s] Level 1:colcon.colcon_core.package_identification:_identify(src) by extensions ['ignore', 'ignore_ament_install']
[0.447s] Level 1:colcon.colcon_core.package_identification:_identify(src) by extension 'ignore'
[0.447s] Level 1:colcon.colcon_core.package_identification:_identify(src) by extension 'ignore_ament_install'
[0.447s] Level 1:colcon.colcon_core.package_identification:_identify(src) by extensions ['colcon_pkg']
[0.447s] Level 1:colcon.colcon_core.package_identification:_identify(src) by extension 'colcon_pkg'
[0.447s] Level 1:colcon.colcon_core.package_identification:_identify(src) by extensions ['colcon_meta']
[0.447s] Level 1:colcon.colcon_core.package_identification:_identify(src) by extension 'colcon_meta'
[0.447s] Level 1:colcon.colcon_core.package_identification:_identify(src) by extensions ['ros']
[0.447s] Level 1:colcon.colcon_core.package_identification:_identify(src) by extension 'ros'
[0.447s] Level 1:colcon.colcon_core.package_identification:_identify(src) by extensions ['cmake', 'python']
[0.447s] Level 1:colcon.colcon_core.package_identification:_identify(src) by extension 'cmake'
[0.447s] Level 1:colcon.colcon_core.package_identification:_identify(src) by extension 'python'
[0.447s] Level 1:colcon.colcon_core.package_identification:_identify(src) by extensions ['python_setup_py']
[0.447s] Level 1:colcon.colcon_core.package_identification:_identify(src) by extension 'python_setup_py'
[0.447s] Level 1:colcon.colcon_core.package_identification:_identify(src/android_controll_test) by extensions ['ignore', 'ignore_ament_install']
[0.447s] Level 1:colcon.colcon_core.package_identification:_identify(src/android_controll_test) by extension 'ignore'
[0.447s] Level 1:colcon.colcon_core.package_identification:_identify(src/android_controll_test) by extension 'ignore_ament_install'
[0.447s] Level 1:colcon.colcon_core.package_identification:_identify(src/android_controll_test) by extensions ['colcon_pkg']
[0.447s] Level 1:colcon.colcon_core.package_identification:_identify(src/android_controll_test) by extension 'colcon_pkg'
[0.447s] Level 1:colcon.colcon_core.package_identification:_identify(src/android_controll_test) by extensions ['colcon_meta']
[0.447s] Level 1:colcon.colcon_core.package_identification:_identify(src/android_controll_test) by extension 'colcon_meta'
[0.447s] Level 1:colcon.colcon_core.package_identification:_identify(src/android_controll_test) by extensions ['ros']
[0.447s] Level 1:colcon.colcon_core.package_identification:_identify(src/android_controll_test) by extension 'ros'
[0.450s] DEBUG:colcon.colcon_core.package_identification:Package 'src/android_controll_test' with type 'ros.ament_cmake' and name 'android_controll_test'
[0.450s] Level 1:colcon.colcon_core.package_identification:_identify(src/build) by extensions ['ignore', 'ignore_ament_install']
[0.450s] Level 1:colcon.colcon_core.package_identification:_identify(src/build) by extension 'ignore'
[0.450s] Level 1:colcon.colcon_core.package_identification:_identify(src/build) ignored
[0.451s] Level 1:colcon.colcon_core.package_identification:_identify(src/cpp_server_client) by extensions ['ignore', 'ignore_ament_install']
[0.451s] Level 1:colcon.colcon_core.package_identification:_identify(src/cpp_server_client) by extension 'ignore'
[0.451s] Level 1:colcon.colcon_core.package_identification:_identify(src/cpp_server_client) by extension 'ignore_ament_install'
[0.451s] Level 1:colcon.colcon_core.package_identification:_identify(src/cpp_server_client) by extensions ['colcon_pkg']
[0.451s] Level 1:colcon.colcon_core.package_identification:_identify(src/cpp_server_client) by extension 'colcon_pkg'
[0.451s] Level 1:colcon.colcon_core.package_identification:_identify(src/cpp_server_client) by extensions ['colcon_meta']
[0.451s] Level 1:colcon.colcon_core.package_identification:_identify(src/cpp_server_client) by extension 'colcon_meta'
[0.451s] Level 1:colcon.colcon_core.package_identification:_identify(src/cpp_server_client) by extensions ['ros']
[0.451s] Level 1:colcon.colcon_core.package_identification:_identify(src/cpp_server_client) by extension 'ros'
[0.452s] DEBUG:colcon.colcon_core.package_identification:Package 'src/cpp_server_client' with type 'ros.ament_cmake' and name 'cpp_server_client'
[0.452s] Level 1:colcon.colcon_core.package_identification:_identify(src/cpp_topic_pubsub) by extensions ['ignore', 'ignore_ament_install']
[0.452s] Level 1:colcon.colcon_core.package_identification:_identify(src/cpp_topic_pubsub) by extension 'ignore'
[0.452s] Level 1:colcon.colcon_core.package_identification:_identify(src/cpp_topic_pubsub) by extension 'ignore_ament_install'
[0.452s] Level 1:colcon.colcon_core.package_identification:_identify(src/cpp_topic_pubsub) by extensions ['colcon_pkg']
[0.452s] Level 1:colcon.colcon_core.package_identification:_identify(src/cpp_topic_pubsub) by extension 'colcon_pkg'
[0.452s] Level 1:colcon.colcon_core.package_identification:_identify(src/cpp_topic_pubsub) by extensions ['colcon_meta']
[0.452s] Level 1:colcon.colcon_core.package_identification:_identify(src/cpp_topic_pubsub) by extension 'colcon_meta'
[0.452s] Level 1:colcon.colcon_core.package_identification:_identify(src/cpp_topic_pubsub) by extensions ['ros']
[0.452s] Level 1:colcon.colcon_core.package_identification:_identify(src/cpp_topic_pubsub) by extension 'ros'
[0.453s] DEBUG:colcon.colcon_core.package_identification:Package 'src/cpp_topic_pubsub' with type 'ros.ament_cmake' and name 'cpp_topic_pubsub'
[0.453s] Level 1:colcon.colcon_core.package_identification:_identify(src/custom_message_unity) by extensions ['ignore', 'ignore_ament_install']
[0.453s] Level 1:colcon.colcon_core.package_identification:_identify(src/custom_message_unity) by extension 'ignore'
[0.453s] Level 1:colcon.colcon_core.package_identification:_identify(src/custom_message_unity) by extension 'ignore_ament_install'
[0.453s] Level 1:colcon.colcon_core.package_identification:_identify(src/custom_message_unity) by extensions ['colcon_pkg']
[0.453s] Level 1:colcon.colcon_core.package_identification:_identify(src/custom_message_unity) by extension 'colcon_pkg'
[0.453s] Level 1:colcon.colcon_core.package_identification:_identify(src/custom_message_unity) by extensions ['colcon_meta']
[0.453s] Level 1:colcon.colcon_core.package_identification:_identify(src/custom_message_unity) by extension 'colcon_meta'
[0.453s] Level 1:colcon.colcon_core.package_identification:_identify(src/custom_message_unity) by extensions ['ros']
[0.453s] Level 1:colcon.colcon_core.package_identification:_identify(src/custom_message_unity) by extension 'ros'
[0.454s] DEBUG:colcon.colcon_core.package_identification:Package 'src/custom_message_unity' with type 'ros.ament_cmake' and name 'custom_message_unity'
[0.454s] Level 1:colcon.colcon_core.package_identification:_identify(src/custom_test_msgs) by extensions ['ignore', 'ignore_ament_install']
[0.454s] Level 1:colcon.colcon_core.package_identification:_identify(src/custom_test_msgs) by extension 'ignore'
[0.454s] Level 1:colcon.colcon_core.package_identification:_identify(src/custom_test_msgs) by extension 'ignore_ament_install'
[0.454s] Level 1:colcon.colcon_core.package_identification:_identify(src/custom_test_msgs) by extensions ['colcon_pkg']
[0.454s] Level 1:colcon.colcon_core.package_identification:_identify(src/custom_test_msgs) by extension 'colcon_pkg'
[0.454s] Level 1:colcon.colcon_core.package_identification:_identify(src/custom_test_msgs) by extensions ['colcon_meta']
[0.454s] Level 1:colcon.colcon_core.package_identification:_identify(src/custom_test_msgs) by extension 'colcon_meta'
[0.454s] Level 1:colcon.colcon_core.package_identification:_identify(src/custom_test_msgs) by extensions ['ros']
[0.454s] Level 1:colcon.colcon_core.package_identification:_identify(src/custom_test_msgs) by extension 'ros'
[0.455s] DEBUG:colcon.colcon_core.package_identification:Package 'src/custom_test_msgs' with type 'ros.ament_cmake' and name 'custom_test_msgs'
[0.455s] Level 1:colcon.colcon_core.package_identification:_identify(src/install) by extensions ['ignore', 'ignore_ament_install']
[0.455s] Level 1:colcon.colcon_core.package_identification:_identify(src/install) by extension 'ignore'
[0.455s] Level 1:colcon.colcon_core.package_identification:_identify(src/install) ignored
[0.455s] Level 1:colcon.colcon_core.package_identification:_identify(src/log) by extensions ['ignore', 'ignore_ament_install']
[0.455s] Level 1:colcon.colcon_core.package_identification:_identify(src/log) by extension 'ignore'
[0.455s] Level 1:colcon.colcon_core.package_identification:_identify(src/log) ignored
[0.455s] Level 1:colcon.colcon_core.package_identification:_identify(src/test_package) by extensions ['ignore', 'ignore_ament_install']
[0.455s] Level 1:colcon.colcon_core.package_identification:_identify(src/test_package) by extension 'ignore'
[0.455s] Level 1:colcon.colcon_core.package_identification:_identify(src/test_package) by extension 'ignore_ament_install'
[0.455s] Level 1:colcon.colcon_core.package_identification:_identify(src/test_package) by extensions ['colcon_pkg']
[0.455s] Level 1:colcon.colcon_core.package_identification:_identify(src/test_package) by extension 'colcon_pkg'
[0.455s] Level 1:colcon.colcon_core.package_identification:_identify(src/test_package) by extensions ['colcon_meta']
[0.455s] Level 1:colcon.colcon_core.package_identification:_identify(src/test_package) by extension 'colcon_meta'
[0.455s] Level 1:colcon.colcon_core.package_identification:_identify(src/test_package) by extensions ['ros']
[0.455s] Level 1:colcon.colcon_core.package_identification:_identify(src/test_package) by extension 'ros'
[0.456s] DEBUG:colcon.colcon_core.package_identification:Package 'src/test_package' with type 'ros.ament_cmake' and name 'test_package'
[0.456s] Level 1:colcon.colcon_core.package_identification:_identify(uros_ws) by extensions ['ignore', 'ignore_ament_install']
[0.456s] Level 1:colcon.colcon_core.package_identification:_identify(uros_ws) by extension 'ignore'
[0.456s] Level 1:colcon.colcon_core.package_identification:_identify(uros_ws) by extension 'ignore_ament_install'
[0.456s] Level 1:colcon.colcon_core.package_identification:_identify(uros_ws) by extensions ['colcon_pkg']
[0.456s] Level 1:colcon.colcon_core.package_identification:_identify(uros_ws) by extension 'colcon_pkg'
[0.456s] Level 1:colcon.colcon_core.package_identification:_identify(uros_ws) by extensions ['colcon_meta']
[0.456s] Level 1:colcon.colcon_core.package_identification:_identify(uros_ws) by extension 'colcon_meta'
[0.456s] Level 1:colcon.colcon_core.package_identification:_identify(uros_ws) by extensions ['ros']
[0.456s] Level 1:colcon.colcon_core.package_identification:_identify(uros_ws) by extension 'ros'
[0.456s] Level 1:colcon.colcon_core.package_identification:_identify(uros_ws) by extensions ['cmake', 'python']
[0.456s] Level 1:colcon.colcon_core.package_identification:_identify(uros_ws) by extension 'cmake'
[0.456s] Level 1:colcon.colcon_core.package_identification:_identify(uros_ws) by extension 'python'
[0.456s] Level 1:colcon.colcon_core.package_identification:_identify(uros_ws) by extensions ['python_setup_py']
[0.456s] Level 1:colcon.colcon_core.package_identification:_identify(uros_ws) by extension 'python_setup_py'
[0.456s] Level 1:colcon.colcon_core.package_identification:_identify(uros_ws/build) by extensions ['ignore', 'ignore_ament_install']
[0.456s] Level 1:colcon.colcon_core.package_identification:_identify(uros_ws/build) by extension 'ignore'
[0.456s] Level 1:colcon.colcon_core.package_identification:_identify(uros_ws/build) ignored
[0.457s] Level 1:colcon.colcon_core.package_identification:_identify(uros_ws/install) by extensions ['ignore', 'ignore_ament_install']
[0.457s] Level 1:colcon.colcon_core.package_identification:_identify(uros_ws/install) by extension 'ignore'
[0.457s] Level 1:colcon.colcon_core.package_identification:_identify(uros_ws/install) ignored
[0.457s] Level 1:colcon.colcon_core.package_identification:_identify(uros_ws/log) by extensions ['ignore', 'ignore_ament_install']
[0.457s] Level 1:colcon.colcon_core.package_identification:_identify(uros_ws/log) by extension 'ignore'
[0.457s] Level 1:colcon.colcon_core.package_identification:_identify(uros_ws/log) ignored
[0.457s] Level 1:colcon.colcon_core.package_identification:_identify(uros_ws/src) by extensions ['ignore', 'ignore_ament_install']
[0.457s] Level 1:colcon.colcon_core.package_identification:_identify(uros_ws/src) by extension 'ignore'
[0.457s] Level 1:colcon.colcon_core.package_identification:_identify(uros_ws/src) by extension 'ignore_ament_install'
[0.457s] Level 1:colcon.colcon_core.package_identification:_identify(uros_ws/src) by extensions ['colcon_pkg']
[0.457s] Level 1:colcon.colcon_core.package_identification:_identify(uros_ws/src) by extension 'colcon_pkg'
[0.457s] Level 1:colcon.colcon_core.package_identification:_identify(uros_ws/src) by extensions ['colcon_meta']
[0.457s] Level 1:colcon.colcon_core.package_identification:_identify(uros_ws/src) by extension 'colcon_meta'
[0.457s] Level 1:colcon.colcon_core.package_identification:_identify(uros_ws/src) by extensions ['ros']
[0.457s] Level 1:colcon.colcon_core.package_identification:_identify(uros_ws/src) by extension 'ros'
[0.457s] Level 1:colcon.colcon_core.package_identification:_identify(uros_ws/src) by extensions ['cmake', 'python']
[0.457s] Level 1:colcon.colcon_core.package_identification:_identify(uros_ws/src) by extension 'cmake'
[0.457s] Level 1:colcon.colcon_core.package_identification:_identify(uros_ws/src) by extension 'python'
[0.457s] Level 1:colcon.colcon_core.package_identification:_identify(uros_ws/src) by extensions ['python_setup_py']
[0.457s] Level 1:colcon.colcon_core.package_identification:_identify(uros_ws/src) by extension 'python_setup_py'
[0.458s] Level 1:colcon.colcon_core.package_identification:_identify(uros_ws/src/micro_ros_setup) by extensions ['ignore', 'ignore_ament_install']
[0.458s] Level 1:colcon.colcon_core.package_identification:_identify(uros_ws/src/micro_ros_setup) by extension 'ignore'
[0.458s] Level 1:colcon.colcon_core.package_identification:_identify(uros_ws/src/micro_ros_setup) by extension 'ignore_ament_install'
[0.458s] Level 1:colcon.colcon_core.package_identification:_identify(uros_ws/src/micro_ros_setup) by extensions ['colcon_pkg']
[0.458s] Level 1:colcon.colcon_core.package_identification:_identify(uros_ws/src/micro_ros_setup) by extension 'colcon_pkg'
[0.458s] Level 1:colcon.colcon_core.package_identification:_identify(uros_ws/src/micro_ros_setup) by extensions ['colcon_meta']
[0.458s] Level 1:colcon.colcon_core.package_identification:_identify(uros_ws/src/micro_ros_setup) by extension 'colcon_meta'
[0.458s] Level 1:colcon.colcon_core.package_identification:_identify(uros_ws/src/micro_ros_setup) by extensions ['ros']
[0.458s] Level 1:colcon.colcon_core.package_identification:_identify(uros_ws/src/micro_ros_setup) by extension 'ros'
[0.458s] Level 1:colcon.colcon_core.package_identification:_identify(uros_ws/src/micro_ros_setup) by extensions ['cmake', 'python']
[0.458s] Level 1:colcon.colcon_core.package_identification:_identify(uros_ws/src/micro_ros_setup) by extension 'cmake'
[0.458s] Level 1:colcon.colcon_core.package_identification:_identify(uros_ws/src/micro_ros_setup) by extension 'python'
[0.458s] Level 1:colcon.colcon_core.package_identification:_identify(uros_ws/src/micro_ros_setup) by extensions ['python_setup_py']
[0.458s] Level 1:colcon.colcon_core.package_identification:_identify(uros_ws/src/micro_ros_setup) by extension 'python_setup_py'
[0.458s] Level 1:colcon.colcon_core.package_identification:_identify(uros_ws/src/uros) by extensions ['ignore', 'ignore_ament_install']
[0.458s] Level 1:colcon.colcon_core.package_identification:_identify(uros_ws/src/uros) by extension 'ignore'
[0.458s] Level 1:colcon.colcon_core.package_identification:_identify(uros_ws/src/uros) by extension 'ignore_ament_install'
[0.458s] Level 1:colcon.colcon_core.package_identification:_identify(uros_ws/src/uros) by extensions ['colcon_pkg']
[0.458s] Level 1:colcon.colcon_core.package_identification:_identify(uros_ws/src/uros) by extension 'colcon_pkg'
[0.458s] Level 1:colcon.colcon_core.package_identification:_identify(uros_ws/src/uros) by extensions ['colcon_meta']
[0.458s] Level 1:colcon.colcon_core.package_identification:_identify(uros_ws/src/uros) by extension 'colcon_meta'
[0.458s] Level 1:colcon.colcon_core.package_identification:_identify(uros_ws/src/uros) by extensions ['ros']
[0.458s] Level 1:colcon.colcon_core.package_identification:_identify(uros_ws/src/uros) by extension 'ros'
[0.458s] Level 1:colcon.colcon_core.package_identification:_identify(uros_ws/src/uros) by extensions ['cmake', 'python']
[0.458s] Level 1:colcon.colcon_core.package_identification:_identify(uros_ws/src/uros) by extension 'cmake'
[0.458s] Level 1:colcon.colcon_core.package_identification:_identify(uros_ws/src/uros) by extension 'python'
[0.458s] Level 1:colcon.colcon_core.package_identification:_identify(uros_ws/src/uros) by extensions ['python_setup_py']
[0.458s] Level 1:colcon.colcon_core.package_identification:_identify(uros_ws/src/uros) by extension 'python_setup_py'
[0.458s] Level 1:colcon.colcon_core.package_identification:_identify(uros_ws/src/uros/micro-ROS-Agent) by extensions ['ignore', 'ignore_ament_install']
[0.458s] Level 1:colcon.colcon_core.package_identification:_identify(uros_ws/src/uros/micro-ROS-Agent) by extension 'ignore'
[0.458s] Level 1:colcon.colcon_core.package_identification:_identify(uros_ws/src/uros/micro-ROS-Agent) by extension 'ignore_ament_install'
[0.458s] Level 1:colcon.colcon_core.package_identification:_identify(uros_ws/src/uros/micro-ROS-Agent) by extensions ['colcon_pkg']
[0.458s] Level 1:colcon.colcon_core.package_identification:_identify(uros_ws/src/uros/micro-ROS-Agent) by extension 'colcon_pkg'
[0.458s] Level 1:colcon.colcon_core.package_identification:_identify(uros_ws/src/uros/micro-ROS-Agent) by extensions ['colcon_meta']
[0.458s] Level 1:colcon.colcon_core.package_identification:_identify(uros_ws/src/uros/micro-ROS-Agent) by extension 'colcon_meta'
[0.458s] Level 1:colcon.colcon_core.package_identification:_identify(uros_ws/src/uros/micro-ROS-Agent) by extensions ['ros']
[0.458s] Level 1:colcon.colcon_core.package_identification:_identify(uros_ws/src/uros/micro-ROS-Agent) by extension 'ros'
[0.459s] Level 1:colcon.colcon_core.package_identification:_identify(uros_ws/src/uros/micro-ROS-Agent) by extensions ['cmake', 'python']
[0.459s] Level 1:colcon.colcon_core.package_identification:_identify(uros_ws/src/uros/micro-ROS-Agent) by extension 'cmake'
[0.459s] Level 1:colcon.colcon_core.package_identification:_identify(uros_ws/src/uros/micro-ROS-Agent) by extension 'python'
[0.459s] Level 1:colcon.colcon_core.package_identification:_identify(uros_ws/src/uros/micro-ROS-Agent) by extensions ['python_setup_py']
[0.459s] Level 1:colcon.colcon_core.package_identification:_identify(uros_ws/src/uros/micro-ROS-Agent) by extension 'python_setup_py'
[0.459s] Level 1:colcon.colcon_core.package_identification:_identify(uros_ws/src/uros/micro_ros_msgs) by extensions ['ignore', 'ignore_ament_install']
[0.459s] Level 1:colcon.colcon_core.package_identification:_identify(uros_ws/src/uros/micro_ros_msgs) by extension 'ignore'
[0.459s] Level 1:colcon.colcon_core.package_identification:_identify(uros_ws/src/uros/micro_ros_msgs) by extension 'ignore_ament_install'
[0.459s] Level 1:colcon.colcon_core.package_identification:_identify(uros_ws/src/uros/micro_ros_msgs) by extensions ['colcon_pkg']
[0.459s] Level 1:colcon.colcon_core.package_identification:_identify(uros_ws/src/uros/micro_ros_msgs) by extension 'colcon_pkg'
[0.459s] Level 1:colcon.colcon_core.package_identification:_identify(uros_ws/src/uros/micro_ros_msgs) by extensions ['colcon_meta']
[0.459s] Level 1:colcon.colcon_core.package_identification:_identify(uros_ws/src/uros/micro_ros_msgs) by extension 'colcon_meta'
[0.459s] Level 1:colcon.colcon_core.package_identification:_identify(uros_ws/src/uros/micro_ros_msgs) by extensions ['ros']
[0.459s] Level 1:colcon.colcon_core.package_identification:_identify(uros_ws/src/uros/micro_ros_msgs) by extension 'ros'
[0.459s] Level 1:colcon.colcon_core.package_identification:_identify(uros_ws/src/uros/micro_ros_msgs) by extensions ['cmake', 'python']
[0.459s] Level 1:colcon.colcon_core.package_identification:_identify(uros_ws/src/uros/micro_ros_msgs) by extension 'cmake'
[0.459s] Level 1:colcon.colcon_core.package_identification:_identify(uros_ws/src/uros/micro_ros_msgs) by extension 'python'
[0.459s] Level 1:colcon.colcon_core.package_identification:_identify(uros_ws/src/uros/micro_ros_msgs) by extensions ['python_setup_py']
[0.459s] Level 1:colcon.colcon_core.package_identification:_identify(uros_ws/src/uros/micro_ros_msgs) by extension 'python_setup_py'
[0.459s] Level 1:colcon.colcon_core.package_discovery:discover_packages(recursive) using defaults
[0.459s] Level 1:colcon.colcon_core.package_discovery:discover_packages(ignore) discover
[0.459s] Level 1:colcon.colcon_core.package_discovery:discover_packages(ignore) using defaults
[0.459s] Level 1:colcon.colcon_core.package_discovery:discover_packages(path) discover
[0.459s] Level 1:colcon.colcon_core.package_discovery:discover_packages(path) using defaults
[0.500s] Level 1:colcon.colcon_core.package_discovery:discover_packages(prefix_path) check parameters
[0.500s] Level 1:colcon.colcon_core.package_discovery:discover_packages(prefix_path) discover
[0.512s] DEBUG:colcon.colcon_installed_package_information.package_discovery:Found 283 installed packages in /opt/ros/humble
[0.513s] Level 1:colcon.colcon_core.package_discovery:discover_packages(prefix_path) using defaults
[0.557s] Level 5:colcon.colcon_core.verb:set package 'cpp_server_client' build argument 'cmake_args' from command line to 'None'
[0.557s] Level 5:colcon.colcon_core.verb:set package 'cpp_server_client' build argument 'cmake_target' from command line to 'None'
[0.557s] Level 5:colcon.colcon_core.verb:set package 'cpp_server_client' build argument 'cmake_target_skip_unavailable' from command line to 'False'
[0.557s] Level 5:colcon.colcon_core.verb:set package 'cpp_server_client' build argument 'cmake_clean_cache' from command line to 'False'
[0.557s] Level 5:colcon.colcon_core.verb:set package 'cpp_server_client' build argument 'cmake_clean_first' from command line to 'False'
[0.557s] Level 5:colcon.colcon_core.verb:set package 'cpp_server_client' build argument 'cmake_force_configure' from command line to 'False'
[0.557s] Level 5:colcon.colcon_core.verb:set package 'cpp_server_client' build argument 'ament_cmake_args' from command line to 'None'
[0.557s] Level 5:colcon.colcon_core.verb:set package 'cpp_server_client' build argument 'catkin_cmake_args' from command line to 'None'
[0.557s] Level 5:colcon.colcon_core.verb:set package 'cpp_server_client' build argument 'catkin_skip_building_tests' from command line to 'False'
[0.557s] DEBUG:colcon.colcon_core.verb:Building package 'cpp_server_client' with the following arguments: {'ament_cmake_args': None, 'build_base': '/home/kousei/ros2_ws/build/cpp_server_client', 'catkin_cmake_args': None, 'catkin_skip_building_tests': False, 'cmake_args': None, 'cmake_clean_cache': False, 'cmake_clean_first': False, 'cmake_force_configure': False, 'cmake_target': None, 'cmake_target_skip_unavailable': False, 'install_base': '/home/kousei/ros2_ws/install/cpp_server_client', 'merge_install': False, 'path': '/home/kousei/ros2_ws/src/cpp_server_client', 'symlink_install': False, 'test_result_base': None}
[0.563s] Level 5:colcon.colcon_core.verb:set package 'cpp_topic_pubsub' build argument 'cmake_args' from command line to 'None'
[0.563s] Level 5:colcon.colcon_core.verb:set package 'cpp_topic_pubsub' build argument 'cmake_target' from command line to 'None'
[0.563s] Level 5:colcon.colcon_core.verb:set package 'cpp_topic_pubsub' build argument 'cmake_target_skip_unavailable' from command line to 'False'
[0.563s] Level 5:colcon.colcon_core.verb:set package 'cpp_topic_pubsub' build argument 'cmake_clean_cache' from command line to 'False'
[0.563s] Level 5:colcon.colcon_core.verb:set package 'cpp_topic_pubsub' build argument 'cmake_clean_first' from command line to 'False'
[0.563s] Level 5:colcon.colcon_core.verb:set package 'cpp_topic_pubsub' build argument 'cmake_force_configure' from command line to 'False'
[0.563s] Level 5:colcon.colcon_core.verb:set package 'cpp_topic_pubsub' build argument 'ament_cmake_args' from command line to 'None'
[0.563s] Level 5:colcon.colcon_core.verb:set package 'cpp_topic_pubsub' build argument 'catkin_cmake_args' from command line to 'None'
[0.563s] Level 5:colcon.colcon_core.verb:set package 'cpp_topic_pubsub' build argument 'catkin_skip_building_tests' from command line to 'False'
[0.563s] DEBUG:colcon.colcon_core.verb:Building package 'cpp_topic_pubsub' with the following arguments: {'ament_cmake_args': None, 'build_base': '/home/kousei/ros2_ws/build/cpp_topic_pubsub', 'catkin_cmake_args': None, 'catkin_skip_building_tests': False, 'cmake_args': None, 'cmake_clean_cache': False, 'cmake_clean_first': False, 'cmake_force_configure': False, 'cmake_target': None, 'cmake_target_skip_unavailable': False, 'install_base': '/home/kousei/ros2_ws/install/cpp_topic_pubsub', 'merge_install': False, 'path': '/home/kousei/ros2_ws/src/cpp_topic_pubsub', 'symlink_install': False, 'test_result_base': None}
[0.569s] Level 5:colcon.colcon_core.verb:set package 'custom_message_unity' build argument 'cmake_args' from command line to 'None'
[0.569s] Level 5:colcon.colcon_core.verb:set package 'custom_message_unity' build argument 'cmake_target' from command line to 'None'
[0.569s] Level 5:colcon.colcon_core.verb:set package 'custom_message_unity' build argument 'cmake_target_skip_unavailable' from command line to 'False'
[0.569s] Level 5:colcon.colcon_core.verb:set package 'custom_message_unity' build argument 'cmake_clean_cache' from command line to 'False'
[0.569s] Level 5:colcon.colcon_core.verb:set package 'custom_message_unity' build argument 'cmake_clean_first' from command line to 'False'
[0.569s] Level 5:colcon.colcon_core.verb:set package 'custom_message_unity' build argument 'cmake_force_configure' from command line to 'False'
[0.569s] Level 5:colcon.colcon_core.verb:set package 'custom_message_unity' build argument 'ament_cmake_args' from command line to 'None'
[0.569s] Level 5:colcon.colcon_core.verb:set package 'custom_message_unity' build argument 'catkin_cmake_args' from command line to 'None'
[0.569s] Level 5:colcon.colcon_core.verb:set package 'custom_message_unity' build argument 'catkin_skip_building_tests' from command line to 'False'
[0.569s] DEBUG:colcon.colcon_core.verb:Building package 'custom_message_unity' with the following arguments: {'ament_cmake_args': None, 'build_base': '/home/kousei/ros2_ws/build/custom_message_unity', 'catkin_cmake_args': None, 'catkin_skip_building_tests': False, 'cmake_args': None, 'cmake_clean_cache': False, 'cmake_clean_first': False, 'cmake_force_configure': False, 'cmake_target': None, 'cmake_target_skip_unavailable': False, 'install_base': '/home/kousei/ros2_ws/install/custom_message_unity', 'merge_install': False, 'path': '/home/kousei/ros2_ws/src/custom_message_unity', 'symlink_install': False, 'test_result_base': None}
[0.575s] Level 5:colcon.colcon_core.verb:set package 'custom_test_msgs' build argument 'cmake_args' from command line to 'None'
[0.575s] Level 5:colcon.colcon_core.verb:set package 'custom_test_msgs' build argument 'cmake_target' from command line to 'None'
[0.575s] Level 5:colcon.colcon_core.verb:set package 'custom_test_msgs' build argument 'cmake_target_skip_unavailable' from command line to 'False'
[0.575s] Level 5:colcon.colcon_core.verb:set package 'custom_test_msgs' build argument 'cmake_clean_cache' from command line to 'False'
[0.575s] Level 5:colcon.colcon_core.verb:set package 'custom_test_msgs' build argument 'cmake_clean_first' from command line to 'False'
[0.575s] Level 5:colcon.colcon_core.verb:set package 'custom_test_msgs' build argument 'cmake_force_configure' from command line to 'False'
[0.575s] Level 5:colcon.colcon_core.verb:set package 'custom_test_msgs' build argument 'ament_cmake_args' from command line to 'None'
[0.575s] Level 5:colcon.colcon_core.verb:set package 'custom_test_msgs' build argument 'catkin_cmake_args' from command line to 'None'
[0.575s] Level 5:colcon.colcon_core.verb:set package 'custom_test_msgs' build argument 'catkin_skip_building_tests' from command line to 'False'
[0.575s] DEBUG:colcon.colcon_core.verb:Building package 'custom_test_msgs' with the following arguments: {'ament_cmake_args': None, 'build_base': '/home/kousei/ros2_ws/build/custom_test_msgs', 'catkin_cmake_args': None, 'catkin_skip_building_tests': False, 'cmake_args': None, 'cmake_clean_cache': False, 'cmake_clean_first': False, 'cmake_force_configure': False, 'cmake_target': None, 'cmake_target_skip_unavailable': False, 'install_base': '/home/kousei/ros2_ws/install/custom_test_msgs', 'merge_install': False, 'path': '/home/kousei/ros2_ws/src/custom_test_msgs', 'symlink_install': False, 'test_result_base': None}
[0.580s] Level 5:colcon.colcon_core.verb:set package 'test_package' build argument 'cmake_args' from command line to 'None'
[0.580s] Level 5:colcon.colcon_core.verb:set package 'test_package' build argument 'cmake_target' from command line to 'None'
[0.580s] Level 5:colcon.colcon_core.verb:set package 'test_package' build argument 'cmake_target_skip_unavailable' from command line to 'False'
[0.580s] Level 5:colcon.colcon_core.verb:set package 'test_package' build argument 'cmake_clean_cache' from command line to 'False'
[0.580s] Level 5:colcon.colcon_core.verb:set package 'test_package' build argument 'cmake_clean_first' from command line to 'False'
[0.580s] Level 5:colcon.colcon_core.verb:set package 'test_package' build argument 'cmake_force_configure' from command line to 'False'
[0.580s] Level 5:colcon.colcon_core.verb:set package 'test_package' build argument 'ament_cmake_args' from command line to 'None'
[0.580s] Level 5:colcon.colcon_core.verb:set package 'test_package' build argument 'catkin_cmake_args' from command line to 'None'
[0.580s] Level 5:colcon.colcon_core.verb:set package 'test_package' build argument 'catkin_skip_building_tests' from command line to 'False'
[0.580s] DEBUG:colcon.colcon_core.verb:Building package 'test_package' with the following arguments: {'ament_cmake_args': None, 'build_base': '/home/kousei/ros2_ws/build/test_package', 'catkin_cmake_args': None, 'catkin_skip_building_tests': False, 'cmake_args': None, 'cmake_clean_cache': False, 'cmake_clean_first': False, 'cmake_force_configure': False, 'cmake_target': None, 'cmake_target_skip_unavailable': False, 'install_base': '/home/kousei/ros2_ws/install/test_package', 'merge_install': False, 'path': '/home/kousei/ros2_ws/src/test_package', 'symlink_install': False, 'test_result_base': None}
[0.586s] Level 5:colcon.colcon_core.verb:set package 'android_controll_test' build argument 'cmake_args' from command line to 'None'
[0.586s] Level 5:colcon.colcon_core.verb:set package 'android_controll_test' build argument 'cmake_target' from command line to 'None'
[0.586s] Level 5:colcon.colcon_core.verb:set package 'android_controll_test' build argument 'cmake_target_skip_unavailable' from command line to 'False'
[0.586s] Level 5:colcon.colcon_core.verb:set package 'android_controll_test' build argument 'cmake_clean_cache' from command line to 'False'
[0.586s] Level 5:colcon.colcon_core.verb:set package 'android_controll_test' build argument 'cmake_clean_first' from command line to 'False'
[0.586s] Level 5:colcon.colcon_core.verb:set package 'android_controll_test' build argument 'cmake_force_configure' from command line to 'False'
[0.586s] Level 5:colcon.colcon_core.verb:set package 'android_controll_test' build argument 'ament_cmake_args' from command line to 'None'
[0.586s] Level 5:colcon.colcon_core.verb:set package 'android_controll_test' build argument 'catkin_cmake_args' from command line to 'None'
[0.586s] Level 5:colcon.colcon_core.verb:set package 'android_controll_test' build argument 'catkin_skip_building_tests' from command line to 'False'
[0.586s] DEBUG:colcon.colcon_core.verb:Building package 'android_controll_test' with the following arguments: {'ament_cmake_args': None, 'build_base': '/home/kousei/ros2_ws/build/android_controll_test', 'catkin_cmake_args': None, 'catkin_skip_building_tests': False, 'cmake_args': None, 'cmake_clean_cache': False, 'cmake_clean_first': False, 'cmake_force_configure': False, 'cmake_target': None, 'cmake_target_skip_unavailable': False, 'install_base': '/home/kousei/ros2_ws/install/android_controll_test', 'merge_install': False, 'path': '/home/kousei/ros2_ws/src/android_controll_test', 'symlink_install': False, 'test_result_base': None}
[0.592s] INFO:colcon.colcon_core.executor:Executing jobs using 'parallel' executor
[0.598s] DEBUG:colcon.colcon_parallel_executor.executor.parallel:run_until_complete
[0.598s] INFO:colcon.colcon_ros.task.ament_cmake.build:Building ROS package in '/home/kousei/ros2_ws/src/custom_message_unity' with build type 'ament_cmake'
[0.598s] INFO:colcon.colcon_cmake.task.cmake.build:Building CMake package in '/home/kousei/ros2_ws/src/custom_message_unity'
[0.605s] INFO:colcon.colcon_core.plugin_system:Skipping extension 'colcon_core.shell.bat': Not used on non-Windows systems
[0.605s] INFO:colcon.colcon_core.shell:Skip shell extension 'powershell' for command environment: Not usable outside of PowerShell
[0.605s] DEBUG:colcon.colcon_core.shell:Skip shell extension 'dsv' for command environment
[0.618s] INFO:colcon.colcon_ros.task.ament_cmake.build:Building ROS package in '/home/kousei/ros2_ws/src/custom_test_msgs' with build type 'ament_cmake'
[0.618s] INFO:colcon.colcon_cmake.task.cmake.build:Building CMake package in '/home/kousei/ros2_ws/src/custom_test_msgs'
[0.624s] INFO:colcon.colcon_core.shell:Skip shell extension 'powershell' for command environment: Not usable outside of PowerShell
[0.624s] DEBUG:colcon.colcon_core.shell:Skip shell extension 'dsv' for command environment
[0.637s] INFO:colcon.colcon_ros.task.ament_cmake.build:Building ROS package in '/home/kousei/ros2_ws/src/cpp_server_client' with build type 'ament_cmake'
[0.637s] INFO:colcon.colcon_cmake.task.cmake.build:Building CMake package in '/home/kousei/ros2_ws/src/cpp_server_client'
[0.643s] INFO:colcon.colcon_core.shell:Skip shell extension 'powershell' for command environment: Not usable outside of PowerShell
[0.643s] DEBUG:colcon.colcon_core.shell:Skip shell extension 'dsv' for command environment
[0.656s] INFO:colcon.colcon_ros.task.ament_cmake.build:Building ROS package in '/home/kousei/ros2_ws/src/cpp_topic_pubsub' with build type 'ament_cmake'
[0.657s] INFO:colcon.colcon_cmake.task.cmake.build:Building CMake package in '/home/kousei/ros2_ws/src/cpp_topic_pubsub'
[0.663s] INFO:colcon.colcon_core.shell:Skip shell extension 'powershell' for command environment: Not usable outside of PowerShell
[0.663s] DEBUG:colcon.colcon_core.shell:Skip shell extension 'dsv' for command environment
[0.675s] INFO:colcon.colcon_ros.task.ament_cmake.build:Building ROS package in '/home/kousei/ros2_ws/src/test_package' with build type 'ament_cmake'
[0.675s] INFO:colcon.colcon_cmake.task.cmake.build:Building CMake package in '/home/kousei/ros2_ws/src/test_package'
[0.681s] INFO:colcon.colcon_core.shell:Skip shell extension 'powershell' for command environment: Not usable outside of PowerShell
[0.681s] DEBUG:colcon.colcon_core.shell:Skip shell extension 'dsv' for command environment
[0.695s] DEBUG:colcon.colcon_core.event_handler.log_command:Invoking command in '/home/kousei/ros2_ws/build/custom_message_unity': CMAKE_PREFIX_PATH=/opt/ros/humble /usr/bin/cmake /home/kousei/ros2_ws/src/custom_message_unity -DCMAKE_INSTALL_PREFIX=/home/kousei/ros2_ws/install/custom_message_unity
[0.700s] DEBUG:colcon.colcon_core.event_handler.log_command:Invoking command in '/home/kousei/ros2_ws/build/custom_test_msgs': CMAKE_PREFIX_PATH=/opt/ros/humble /usr/bin/cmake /home/kousei/ros2_ws/src/custom_test_msgs -DCMAKE_INSTALL_PREFIX=/home/kousei/ros2_ws/install/custom_test_msgs
[0.702s] DEBUG:colcon.colcon_core.event_handler.log_command:Invoking command in '/home/kousei/ros2_ws/build/cpp_server_client': CMAKE_PREFIX_PATH=/opt/ros/humble /usr/bin/cmake /home/kousei/ros2_ws/src/cpp_server_client -DCMAKE_INSTALL_PREFIX=/home/kousei/ros2_ws/install/cpp_server_client
[0.705s] DEBUG:colcon.colcon_core.event_handler.log_command:Invoking command in '/home/kousei/ros2_ws/build/cpp_topic_pubsub': CMAKE_PREFIX_PATH=/opt/ros/humble /usr/bin/cmake /home/kousei/ros2_ws/src/cpp_topic_pubsub -DCMAKE_INSTALL_PREFIX=/home/kousei/ros2_ws/install/cpp_topic_pubsub
[0.706s] DEBUG:colcon.colcon_core.event_handler.log_command:Invoking command in '/home/kousei/ros2_ws/build/test_package': CMAKE_PREFIX_PATH=/opt/ros/humble /usr/bin/cmake /home/kousei/ros2_ws/src/test_package -DCMAKE_INSTALL_PREFIX=/home/kousei/ros2_ws/install/test_package
[1.187s] DEBUG:colcon.colcon_core.event_handler.log_command:Invoked command in '/home/kousei/ros2_ws/build/test_package' returned '0': CMAKE_PREFIX_PATH=/opt/ros/humble /usr/bin/cmake /home/kousei/ros2_ws/src/test_package -DCMAKE_INSTALL_PREFIX=/home/kousei/ros2_ws/install/test_package
[1.189s] DEBUG:colcon.colcon_core.event_handler.log_command:Invoking command in '/home/kousei/ros2_ws/build/test_package': CMAKE_PREFIX_PATH=/opt/ros/humble /usr/bin/cmake --build /home/kousei/ros2_ws/build/test_package -- -j16 -l16
[1.219s] DEBUG:colcon.colcon_core.event_handler.log_command:Invoked command in '/home/kousei/ros2_ws/build/test_package' returned '0': CMAKE_PREFIX_PATH=/opt/ros/humble /usr/bin/cmake --build /home/kousei/ros2_ws/build/test_package -- -j16 -l16
[1.238s] DEBUG:colcon.colcon_core.event_handler.log_command:Invoking command in '/home/kousei/ros2_ws/build/test_package': CMAKE_PREFIX_PATH=/opt/ros/humble /usr/bin/cmake --install /home/kousei/ros2_ws/build/test_package
[1.246s] Level 1:colcon.colcon_core.environment:create_environment_scripts_only(test_package)
[1.246s] DEBUG:colcon.colcon_core.event_handler.log_command:Invoked command in '/home/kousei/ros2_ws/build/test_package' returned '0': CMAKE_PREFIX_PATH=/opt/ros/humble /usr/bin/cmake --install /home/kousei/ros2_ws/build/test_package
[1.256s] Level 1:colcon.colcon_core.environment:checking '/home/kousei/ros2_ws/install/test_package' for CMake module files
[1.256s] Level 1:colcon.colcon_core.environment:checking '/home/kousei/ros2_ws/install/test_package' for CMake config files
[1.257s] Level 1:colcon.colcon_core.shell:create_environment_hook('test_package', 'cmake_prefix_path')
[1.263s] INFO:colcon.colcon_core.shell:Creating environment hook '/home/kousei/ros2_ws/install/test_package/share/test_package/hook/cmake_prefix_path.ps1'
[1.264s] INFO:colcon.colcon_core.shell:Creating environment descriptor '/home/kousei/ros2_ws/install/test_package/share/test_package/hook/cmake_prefix_path.dsv'
[1.264s] INFO:colcon.colcon_core.shell:Creating environment hook '/home/kousei/ros2_ws/install/test_package/share/test_package/hook/cmake_prefix_path.sh'
[1.264s] Level 1:colcon.colcon_core.environment:checking '/home/kousei/ros2_ws/install/test_package/bin'
[1.264s] Level 1:colcon.colcon_core.environment:checking '/home/kousei/ros2_ws/install/test_package/lib/pkgconfig/test_package.pc'
[1.265s] Level 1:colcon.colcon_core.environment:checking '/home/kousei/ros2_ws/install/test_package/lib/python3.10/site-packages'
[1.265s] Level 1:colcon.colcon_core.environment:checking '/home/kousei/ros2_ws/install/test_package/bin'
[1.272s] INFO:colcon.colcon_core.shell:Creating package script '/home/kousei/ros2_ws/install/test_package/share/test_package/package.ps1'
[1.273s] INFO:colcon.colcon_core.shell:Creating package descriptor '/home/kousei/ros2_ws/install/test_package/share/test_package/package.dsv'
[1.273s] INFO:colcon.colcon_core.shell:Creating package script '/home/kousei/ros2_ws/install/test_package/share/test_package/package.sh'
[1.273s] INFO:colcon.colcon_core.shell:Creating package script '/home/kousei/ros2_ws/install/test_package/share/test_package/package.bash'
[1.274s] INFO:colcon.colcon_core.shell:Creating package script '/home/kousei/ros2_ws/install/test_package/share/test_package/package.zsh'
[1.274s] Level 1:colcon.colcon_core.environment:create_file_with_runtime_dependencies(/home/kousei/ros2_ws/install/test_package/share/colcon-core/packages/test_package)
[1.295s] Level 1:colcon.colcon_core.environment:create_environment_scripts_only(test_package)
[1.303s] Level 1:colcon.colcon_core.environment:checking '/home/kousei/ros2_ws/install/test_package' for CMake module files
[1.303s] Level 1:colcon.colcon_core.environment:checking '/home/kousei/ros2_ws/install/test_package' for CMake config files
[1.303s] Level 1:colcon.colcon_core.shell:create_environment_hook('test_package', 'cmake_prefix_path')
[1.319s] INFO:colcon.colcon_core.shell:Creating environment hook '/home/kousei/ros2_ws/install/test_package/share/test_package/hook/cmake_prefix_path.ps1'
[1.319s] INFO:colcon.colcon_core.shell:Creating environment descriptor '/home/kousei/ros2_ws/install/test_package/share/test_package/hook/cmake_prefix_path.dsv'
[1.319s] INFO:colcon.colcon_core.shell:Creating environment hook '/home/kousei/ros2_ws/install/test_package/share/test_package/hook/cmake_prefix_path.sh'
[1.320s] Level 1:colcon.colcon_core.environment:checking '/home/kousei/ros2_ws/install/test_package/bin'
[1.320s] Level 1:colcon.colcon_core.environment:checking '/home/kousei/ros2_ws/install/test_package/lib/pkgconfig/test_package.pc'
[1.320s] Level 1:colcon.colcon_core.environment:checking '/home/kousei/ros2_ws/install/test_package/lib/python3.10/site-packages'
[1.320s] Level 1:colcon.colcon_core.environment:checking '/home/kousei/ros2_ws/install/test_package/bin'
[1.328s] INFO:colcon.colcon_core.shell:Creating package script '/home/kousei/ros2_ws/install/test_package/share/test_package/package.ps1'
[1.328s] INFO:colcon.colcon_core.shell:Creating package descriptor '/home/kousei/ros2_ws/install/test_package/share/test_package/package.dsv'
[1.329s] INFO:colcon.colcon_core.shell:Creating package script '/home/kousei/ros2_ws/install/test_package/share/test_package/package.sh'
[1.329s] INFO:colcon.colcon_core.shell:Creating package script '/home/kousei/ros2_ws/install/test_package/share/test_package/package.bash'
[1.329s] INFO:colcon.colcon_core.shell:Creating package script '/home/kousei/ros2_ws/install/test_package/share/test_package/package.zsh'
[1.329s] Level 1:colcon.colcon_core.environment:create_file_with_runtime_dependencies(/home/kousei/ros2_ws/install/test_package/share/colcon-core/packages/test_package)
[1.783s] DEBUG:colcon.colcon_core.event_handler.log_command:Invoked command in '/home/kousei/ros2_ws/build/custom_test_msgs' returned '0': CMAKE_PREFIX_PATH=/opt/ros/humble /usr/bin/cmake /home/kousei/ros2_ws/src/custom_test_msgs -DCMAKE_INSTALL_PREFIX=/home/kousei/ros2_ws/install/custom_test_msgs
[1.784s] DEBUG:colcon.colcon_core.event_handler.log_command:Invoking command in '/home/kousei/ros2_ws/build/custom_test_msgs': CMAKE_PREFIX_PATH=/opt/ros/humble /usr/bin/cmake --build /home/kousei/ros2_ws/build/custom_test_msgs -- -j16 -l16
[1.792s] DEBUG:colcon.colcon_core.event_handler.log_command:Invoked command in '/home/kousei/ros2_ws/build/custom_message_unity' returned '0': CMAKE_PREFIX_PATH=/opt/ros/humble /usr/bin/cmake /home/kousei/ros2_ws/src/custom_message_unity -DCMAKE_INSTALL_PREFIX=/home/kousei/ros2_ws/install/custom_message_unity
[1.793s] DEBUG:colcon.colcon_core.event_handler.log_command:Invoking command in '/home/kousei/ros2_ws/build/custom_message_unity': CMAKE_PREFIX_PATH=/opt/ros/humble /usr/bin/cmake --build /home/kousei/ros2_ws/build/custom_message_unity -- -j16 -l16
[2.441s] DEBUG:colcon.colcon_core.event_handler.log_command:Invoked command in '/home/kousei/ros2_ws/build/cpp_topic_pubsub' returned '0': CMAKE_PREFIX_PATH=/opt/ros/humble /usr/bin/cmake /home/kousei/ros2_ws/src/cpp_topic_pubsub -DCMAKE_INSTALL_PREFIX=/home/kousei/ros2_ws/install/cpp_topic_pubsub
[2.443s] DEBUG:colcon.colcon_core.event_handler.log_command:Invoking command in '/home/kousei/ros2_ws/build/cpp_topic_pubsub': CMAKE_PREFIX_PATH=/opt/ros/humble /usr/bin/cmake --build /home/kousei/ros2_ws/build/cpp_topic_pubsub -- -j16 -l16
[2.452s] DEBUG:colcon.colcon_core.event_handler.log_command:Invoked command in '/home/kousei/ros2_ws/build/cpp_server_client' returned '0': CMAKE_PREFIX_PATH=/opt/ros/humble /usr/bin/cmake /home/kousei/ros2_ws/src/cpp_server_client -DCMAKE_INSTALL_PREFIX=/home/kousei/ros2_ws/install/cpp_server_client
[2.453s] DEBUG:colcon.colcon_core.event_handler.log_command:Invoking command in '/home/kousei/ros2_ws/build/cpp_server_client': CMAKE_PREFIX_PATH=/opt/ros/humble /usr/bin/cmake --build /home/kousei/ros2_ws/build/cpp_server_client -- -j16 -l16
[3.759s] DEBUG:colcon.colcon_core.event_handler.log_command:Invoked command in '/home/kousei/ros2_ws/build/custom_test_msgs' returned '0': CMAKE_PREFIX_PATH=/opt/ros/humble /usr/bin/cmake --build /home/kousei/ros2_ws/build/custom_test_msgs -- -j16 -l16
[3.816s] DEBUG:colcon.colcon_core.event_handler.log_command:Invoking command in '/home/kousei/ros2_ws/build/custom_test_msgs': CMAKE_PREFIX_PATH=/opt/ros/humble /usr/bin/cmake --install /home/kousei/ros2_ws/build/custom_test_msgs
[3.896s] Level 1:colcon.colcon_core.environment:create_environment_scripts_only(custom_test_msgs)
[3.898s] DEBUG:colcon.colcon_core.event_handler.log_command:Invoked command in '/home/kousei/ros2_ws/build/custom_test_msgs' returned '0': CMAKE_PREFIX_PATH=/opt/ros/humble /usr/bin/cmake --install /home/kousei/ros2_ws/build/custom_test_msgs
[3.916s] Level 1:colcon.colcon_core.environment:checking '/home/kousei/ros2_ws/install/custom_test_msgs' for CMake module files
[3.917s] Level 1:colcon.colcon_core.environment:checking '/home/kousei/ros2_ws/install/custom_test_msgs' for CMake config files
[3.917s] Level 1:colcon.colcon_core.shell:create_environment_hook('custom_test_msgs', 'cmake_prefix_path')
[3.935s] INFO:colcon.colcon_core.shell:Creating environment hook '/home/kousei/ros2_ws/install/custom_test_msgs/share/custom_test_msgs/hook/cmake_prefix_path.ps1'
[3.936s] INFO:colcon.colcon_core.shell:Creating environment descriptor '/home/kousei/ros2_ws/install/custom_test_msgs/share/custom_test_msgs/hook/cmake_prefix_path.dsv'
[3.936s] INFO:colcon.colcon_core.shell:Creating environment hook '/home/kousei/ros2_ws/install/custom_test_msgs/share/custom_test_msgs/hook/cmake_prefix_path.sh'
[3.936s] Level 1:colcon.colcon_core.environment:checking '/home/kousei/ros2_ws/install/custom_test_msgs/lib'
[3.937s] Level 1:colcon.colcon_core.shell:create_environment_hook('custom_test_msgs', 'ld_library_path_lib')
[3.947s] INFO:colcon.colcon_core.shell:Creating environment hook '/home/kousei/ros2_ws/install/custom_test_msgs/share/custom_test_msgs/hook/ld_library_path_lib.ps1'
[3.947s] INFO:colcon.colcon_core.shell:Creating environment descriptor '/home/kousei/ros2_ws/install/custom_test_msgs/share/custom_test_msgs/hook/ld_library_path_lib.dsv'
[3.947s] INFO:colcon.colcon_core.shell:Creating environment hook '/home/kousei/ros2_ws/install/custom_test_msgs/share/custom_test_msgs/hook/ld_library_path_lib.sh'
[3.947s] Level 1:colcon.colcon_core.environment:checking '/home/kousei/ros2_ws/install/custom_test_msgs/bin'
[3.948s] Level 1:colcon.colcon_core.environment:checking '/home/kousei/ros2_ws/install/custom_test_msgs/lib/pkgconfig/custom_test_msgs.pc'
[3.948s] Level 1:colcon.colcon_core.environment:checking '/home/kousei/ros2_ws/install/custom_test_msgs/lib/python3.10/site-packages'
[3.948s] Level 1:colcon.colcon_core.environment:checking '/home/kousei/ros2_ws/install/custom_test_msgs/bin'
[3.957s] INFO:colcon.colcon_core.shell:Creating package script '/home/kousei/ros2_ws/install/custom_test_msgs/share/custom_test_msgs/package.ps1'
[3.958s] INFO:colcon.colcon_core.shell:Creating package descriptor '/home/kousei/ros2_ws/install/custom_test_msgs/share/custom_test_msgs/package.dsv'
[3.958s] INFO:colcon.colcon_core.shell:Creating package script '/home/kousei/ros2_ws/install/custom_test_msgs/share/custom_test_msgs/package.sh'
[3.958s] INFO:colcon.colcon_core.shell:Creating package script '/home/kousei/ros2_ws/install/custom_test_msgs/share/custom_test_msgs/package.bash'
[3.959s] INFO:colcon.colcon_core.shell:Creating package script '/home/kousei/ros2_ws/install/custom_test_msgs/share/custom_test_msgs/package.zsh'
[3.959s] Level 1:colcon.colcon_core.environment:create_file_with_runtime_dependencies(/home/kousei/ros2_ws/install/custom_test_msgs/share/colcon-core/packages/custom_test_msgs)
[3.962s] DEBUG:colcon.colcon_core.event_handler.log_command:Invoked command in '/home/kousei/ros2_ws/build/custom_message_unity' returned '0': CMAKE_PREFIX_PATH=/opt/ros/humble /usr/bin/cmake --build /home/kousei/ros2_ws/build/custom_message_unity -- -j16 -l16
[4.021s] Level 1:colcon.colcon_core.environment:create_environment_scripts_only(custom_test_msgs)
[4.039s] Level 1:colcon.colcon_core.environment:checking '/home/kousei/ros2_ws/install/custom_test_msgs' for CMake module files
[4.040s] Level 1:colcon.colcon_core.environment:checking '/home/kousei/ros2_ws/install/custom_test_msgs' for CMake config files
[4.040s] Level 1:colcon.colcon_core.shell:create_environment_hook('custom_test_msgs', 'cmake_prefix_path')
[4.058s] INFO:colcon.colcon_core.shell:Creating environment hook '/home/kousei/ros2_ws/install/custom_test_msgs/share/custom_test_msgs/hook/cmake_prefix_path.ps1'
[4.058s] INFO:colcon.colcon_core.shell:Creating environment descriptor '/home/kousei/ros2_ws/install/custom_test_msgs/share/custom_test_msgs/hook/cmake_prefix_path.dsv'
[4.058s] INFO:colcon.colcon_core.shell:Creating environment hook '/home/kousei/ros2_ws/install/custom_test_msgs/share/custom_test_msgs/hook/cmake_prefix_path.sh'
[4.059s] Level 1:colcon.colcon_core.environment:checking '/home/kousei/ros2_ws/install/custom_test_msgs/lib'
[4.059s] Level 1:colcon.colcon_core.shell:create_environment_hook('custom_test_msgs', 'ld_library_path_lib')
[4.075s] INFO:colcon.colcon_core.shell:Creating environment hook '/home/kousei/ros2_ws/install/custom_test_msgs/share/custom_test_msgs/hook/ld_library_path_lib.ps1'
[4.076s] INFO:colcon.colcon_core.shell:Creating environment descriptor '/home/kousei/ros2_ws/install/custom_test_msgs/share/custom_test_msgs/hook/ld_library_path_lib.dsv'
[4.076s] INFO:colcon.colcon_core.shell:Creating environment hook '/home/kousei/ros2_ws/install/custom_test_msgs/share/custom_test_msgs/hook/ld_library_path_lib.sh'
[4.076s] Level 1:colcon.colcon_core.environment:checking '/home/kousei/ros2_ws/install/custom_test_msgs/bin'
[4.076s] Level 1:colcon.colcon_core.environment:checking '/home/kousei/ros2_ws/install/custom_test_msgs/lib/pkgconfig/custom_test_msgs.pc'
[4.077s] Level 1:colcon.colcon_core.environment:checking '/home/kousei/ros2_ws/install/custom_test_msgs/lib/python3.10/site-packages'
[4.077s] Level 1:colcon.colcon_core.environment:checking '/home/kousei/ros2_ws/install/custom_test_msgs/bin'
[4.093s] INFO:colcon.colcon_core.shell:Creating package script '/home/kousei/ros2_ws/install/custom_test_msgs/share/custom_test_msgs/package.ps1'
[4.094s] INFO:colcon.colcon_core.shell:Creating package descriptor '/home/kousei/ros2_ws/install/custom_test_msgs/share/custom_test_msgs/package.dsv'
[4.094s] INFO:colcon.colcon_core.shell:Creating package script '/home/kousei/ros2_ws/install/custom_test_msgs/share/custom_test_msgs/package.sh'
[4.095s] INFO:colcon.colcon_core.shell:Creating package script '/home/kousei/ros2_ws/install/custom_test_msgs/share/custom_test_msgs/package.bash'
[4.095s] INFO:colcon.colcon_core.shell:Creating package script '/home/kousei/ros2_ws/install/custom_test_msgs/share/custom_test_msgs/package.zsh'
[4.095s] Level 1:colcon.colcon_core.environment:create_file_with_runtime_dependencies(/home/kousei/ros2_ws/install/custom_test_msgs/share/colcon-core/packages/custom_test_msgs)
[4.098s] DEBUG:colcon.colcon_core.event_handler.log_command:Invoking command in '/home/kousei/ros2_ws/build/custom_message_unity': CMAKE_PREFIX_PATH=/opt/ros/humble /usr/bin/cmake --install /home/kousei/ros2_ws/build/custom_message_unity
[4.162s] Level 1:colcon.colcon_core.environment:create_environment_scripts_only(custom_message_unity)
[4.163s] DEBUG:colcon.colcon_core.event_handler.log_command:Invoked command in '/home/kousei/ros2_ws/build/custom_message_unity' returned '0': CMAKE_PREFIX_PATH=/opt/ros/humble /usr/bin/cmake --install /home/kousei/ros2_ws/build/custom_message_unity
[4.181s] Level 1:colcon.colcon_core.environment:checking '/home/kousei/ros2_ws/install/custom_message_unity' for CMake module files
[4.182s] Level 1:colcon.colcon_core.environment:checking '/home/kousei/ros2_ws/install/custom_message_unity' for CMake config files
[4.183s] Level 1:colcon.colcon_core.shell:create_environment_hook('custom_message_unity', 'cmake_prefix_path')
[4.200s] INFO:colcon.colcon_core.shell:Creating environment hook '/home/kousei/ros2_ws/install/custom_message_unity/share/custom_message_unity/hook/cmake_prefix_path.ps1'
[4.201s] INFO:colcon.colcon_core.shell:Creating environment descriptor '/home/kousei/ros2_ws/install/custom_message_unity/share/custom_message_unity/hook/cmake_prefix_path.dsv'
[4.201s] INFO:colcon.colcon_core.shell:Creating environment hook '/home/kousei/ros2_ws/install/custom_message_unity/share/custom_message_unity/hook/cmake_prefix_path.sh'
[4.202s] Level 1:colcon.colcon_core.environment:checking '/home/kousei/ros2_ws/install/custom_message_unity/lib'
[4.202s] Level 1:colcon.colcon_core.shell:create_environment_hook('custom_message_unity', 'ld_library_path_lib')
[4.220s] INFO:colcon.colcon_core.shell:Creating environment hook '/home/kousei/ros2_ws/install/custom_message_unity/share/custom_message_unity/hook/ld_library_path_lib.ps1'
[4.221s] INFO:colcon.colcon_core.shell:Creating environment descriptor '/home/kousei/ros2_ws/install/custom_message_unity/share/custom_message_unity/hook/ld_library_path_lib.dsv'
[4.221s] INFO:colcon.colcon_core.shell:Creating environment hook '/home/kousei/ros2_ws/install/custom_message_unity/share/custom_message_unity/hook/ld_library_path_lib.sh'
[4.222s] Level 1:colcon.colcon_core.environment:checking '/home/kousei/ros2_ws/install/custom_message_unity/bin'
[4.222s] Level 1:colcon.colcon_core.environment:checking '/home/kousei/ros2_ws/install/custom_message_unity/lib/pkgconfig/custom_message_unity.pc'
[4.222s] Level 1:colcon.colcon_core.environment:checking '/home/kousei/ros2_ws/install/custom_message_unity/lib/python3.10/site-packages'
[4.222s] Level 1:colcon.colcon_core.environment:checking '/home/kousei/ros2_ws/install/custom_message_unity/bin'
[4.241s] INFO:colcon.colcon_core.shell:Creating package script '/home/kousei/ros2_ws/install/custom_message_unity/share/custom_message_unity/package.ps1'
[4.242s] INFO:colcon.colcon_core.shell:Creating package descriptor '/home/kousei/ros2_ws/install/custom_message_unity/share/custom_message_unity/package.dsv'
[4.242s] INFO:colcon.colcon_core.shell:Creating package script '/home/kousei/ros2_ws/install/custom_message_unity/share/custom_message_unity/package.sh'
[4.243s] INFO:colcon.colcon_core.shell:Creating package script '/home/kousei/ros2_ws/install/custom_message_unity/share/custom_message_unity/package.bash'
[4.243s] INFO:colcon.colcon_core.shell:Creating package script '/home/kousei/ros2_ws/install/custom_message_unity/share/custom_message_unity/package.zsh'
[4.244s] Level 1:colcon.colcon_core.environment:create_file_with_runtime_dependencies(/home/kousei/ros2_ws/install/custom_message_unity/share/colcon-core/packages/custom_message_unity)
[4.308s] Level 1:colcon.colcon_core.environment:create_environment_scripts_only(custom_message_unity)
[4.322s] Level 1:colcon.colcon_core.environment:checking '/home/kousei/ros2_ws/install/custom_message_unity' for CMake module files
[4.322s] Level 1:colcon.colcon_core.environment:checking '/home/kousei/ros2_ws/install/custom_message_unity' for CMake config files
[4.322s] Level 1:colcon.colcon_core.shell:create_environment_hook('custom_message_unity', 'cmake_prefix_path')
[4.330s] INFO:colcon.colcon_core.shell:Creating environment hook '/home/kousei/ros2_ws/install/custom_message_unity/share/custom_message_unity/hook/cmake_prefix_path.ps1'
[4.330s] INFO:colcon.colcon_core.shell:Creating environment descriptor '/home/kousei/ros2_ws/install/custom_message_unity/share/custom_message_unity/hook/cmake_prefix_path.dsv'
[4.330s] INFO:colcon.colcon_core.shell:Creating environment hook '/home/kousei/ros2_ws/install/custom_message_unity/share/custom_message_unity/hook/cmake_prefix_path.sh'
[4.331s] Level 1:colcon.colcon_core.environment:checking '/home/kousei/ros2_ws/install/custom_message_unity/lib'
[4.331s] Level 1:colcon.colcon_core.shell:create_environment_hook('custom_message_unity', 'ld_library_path_lib')
[4.339s] INFO:colcon.colcon_core.shell:Creating environment hook '/home/kousei/ros2_ws/install/custom_message_unity/share/custom_message_unity/hook/ld_library_path_lib.ps1'
[4.340s] INFO:colcon.colcon_core.shell:Creating environment descriptor '/home/kousei/ros2_ws/install/custom_message_unity/share/custom_message_unity/hook/ld_library_path_lib.dsv'
[4.340s] INFO:colcon.colcon_core.shell:Creating environment hook '/home/kousei/ros2_ws/install/custom_message_unity/share/custom_message_unity/hook/ld_library_path_lib.sh'
[4.340s] Level 1:colcon.colcon_core.environment:checking '/home/kousei/ros2_ws/install/custom_message_unity/bin'
[4.340s] Level 1:colcon.colcon_core.environment:checking '/home/kousei/ros2_ws/install/custom_message_unity/lib/pkgconfig/custom_message_unity.pc'
[4.340s] Level 1:colcon.colcon_core.environment:checking '/home/kousei/ros2_ws/install/custom_message_unity/lib/python3.10/site-packages'
[4.340s] Level 1:colcon.colcon_core.environment:checking '/home/kousei/ros2_ws/install/custom_message_unity/bin'
[4.348s] INFO:colcon.colcon_core.shell:Creating package script '/home/kousei/ros2_ws/install/custom_message_unity/share/custom_message_unity/package.ps1'
[4.349s] INFO:colcon.colcon_core.shell:Creating package descriptor '/home/kousei/ros2_ws/install/custom_message_unity/share/custom_message_unity/package.dsv'
[4.349s] INFO:colcon.colcon_core.shell:Creating package script '/home/kousei/ros2_ws/install/custom_message_unity/share/custom_message_unity/package.sh'
[4.349s] INFO:colcon.colcon_core.shell:Creating package script '/home/kousei/ros2_ws/install/custom_message_unity/share/custom_message_unity/package.bash'
[4.350s] INFO:colcon.colcon_core.shell:Creating package script '/home/kousei/ros2_ws/install/custom_message_unity/share/custom_message_unity/package.zsh'
[4.350s] Level 1:colcon.colcon_core.environment:create_file_with_runtime_dependencies(/home/kousei/ros2_ws/install/custom_message_unity/share/colcon-core/packages/custom_message_unity)
[4.350s] INFO:colcon.colcon_ros.task.ament_cmake.build:Building ROS package in '/home/kousei/ros2_ws/src/android_controll_test' with build type 'ament_cmake'
[4.350s] INFO:colcon.colcon_cmake.task.cmake.build:Building CMake package in '/home/kousei/ros2_ws/src/android_controll_test'
[4.359s] INFO:colcon.colcon_core.shell:Skip shell extension 'powershell' for command environment: Not usable outside of PowerShell
[4.359s] DEBUG:colcon.colcon_core.shell:Skip shell extension 'dsv' for command environment
[4.382s] DEBUG:colcon.colcon_core.event_handler.log_command:Invoking command in '/home/kousei/ros2_ws/build/android_controll_test': AMENT_PREFIX_PATH=/home/kousei/ros2_ws/install/custom_test_msgs:/home/kousei/ros2_ws/install/custom_message_unity:${AMENT_PREFIX_PATH} CMAKE_PREFIX_PATH=/home/kousei/ros2_ws/install/custom_test_msgs:/home/kousei/ros2_ws/install/custom_message_unity:/opt/ros/humble LD_LIBRARY_PATH=/home/kousei/ros2_ws/install/custom_test_msgs/lib:/home/kousei/ros2_ws/install/custom_message_unity/lib:${LD_LIBRARY_PATH} PYTHONPATH=/home/kousei/ros2_ws/install/custom_test_msgs/local/lib/python3.10/dist-packages:/home/kousei/ros2_ws/install/custom_message_unity/local/lib/python3.10/dist-packages:${PYTHONPATH} /usr/bin/cmake /home/kousei/ros2_ws/src/android_controll_test -DCMAKE_INSTALL_PREFIX=/home/kousei/ros2_ws/install/android_controll_test
[6.394s] DEBUG:colcon.colcon_core.event_handler.log_command:Invoked command in '/home/kousei/ros2_ws/build/cpp_server_client' returned '0': CMAKE_PREFIX_PATH=/opt/ros/humble /usr/bin/cmake --build /home/kousei/ros2_ws/build/cpp_server_client -- -j16 -l16
[6.426s] DEBUG:colcon.colcon_core.event_handler.log_command:Invoking command in '/home/kousei/ros2_ws/build/cpp_server_client': CMAKE_PREFIX_PATH=/opt/ros/humble /usr/bin/cmake --install /home/kousei/ros2_ws/build/cpp_server_client
[6.440s] DEBUG:colcon.colcon_core.event_handler.log_command:Invoked command in '/home/kousei/ros2_ws/build/android_controll_test' returned '0': AMENT_PREFIX_PATH=/home/kousei/ros2_ws/install/custom_test_msgs:/home/kousei/ros2_ws/install/custom_message_unity:${AMENT_PREFIX_PATH} CMAKE_PREFIX_PATH=/home/kousei/ros2_ws/install/custom_test_msgs:/home/kousei/ros2_ws/install/custom_message_unity:/opt/ros/humble LD_LIBRARY_PATH=/home/kousei/ros2_ws/install/custom_test_msgs/lib:/home/kousei/ros2_ws/install/custom_message_unity/lib:${LD_LIBRARY_PATH} PYTHONPATH=/home/kousei/ros2_ws/install/custom_test_msgs/local/lib/python3.10/dist-packages:/home/kousei/ros2_ws/install/custom_message_unity/local/lib/python3.10/dist-packages:${PYTHONPATH} /usr/bin/cmake /home/kousei/ros2_ws/src/android_controll_test -DCMAKE_INSTALL_PREFIX=/home/kousei/ros2_ws/install/android_controll_test
[6.442s] DEBUG:colcon.colcon_core.event_handler.log_command:Invoking command in '/home/kousei/ros2_ws/build/android_controll_test': AMENT_PREFIX_PATH=/home/kousei/ros2_ws/install/custom_test_msgs:/home/kousei/ros2_ws/install/custom_message_unity:${AMENT_PREFIX_PATH} CMAKE_PREFIX_PATH=/home/kousei/ros2_ws/install/custom_test_msgs:/home/kousei/ros2_ws/install/custom_message_unity:/opt/ros/humble LD_LIBRARY_PATH=/home/kousei/ros2_ws/install/custom_test_msgs/lib:/home/kousei/ros2_ws/install/custom_message_unity/lib:${LD_LIBRARY_PATH} PYTHONPATH=/home/kousei/ros2_ws/install/custom_test_msgs/local/lib/python3.10/dist-packages:/home/kousei/ros2_ws/install/custom_message_unity/local/lib/python3.10/dist-packages:${PYTHONPATH} /usr/bin/cmake --build /home/kousei/ros2_ws/build/android_controll_test -- -j16 -l16
[6.473s] Level 1:colcon.colcon_core.environment:create_environment_scripts_only(cpp_server_client)
[6.474s] DEBUG:colcon.colcon_core.event_handler.log_command:Invoked command in '/home/kousei/ros2_ws/build/cpp_server_client' returned '0': CMAKE_PREFIX_PATH=/opt/ros/humble /usr/bin/cmake --install /home/kousei/ros2_ws/build/cpp_server_client
[6.489s] Level 1:colcon.colcon_core.environment:checking '/home/kousei/ros2_ws/install/cpp_server_client' for CMake module files
[6.490s] Level 1:colcon.colcon_core.environment:checking '/home/kousei/ros2_ws/install/cpp_server_client' for CMake config files
[6.491s] Level 1:colcon.colcon_core.shell:create_environment_hook('cpp_server_client', 'cmake_prefix_path')
[6.506s] INFO:colcon.colcon_core.shell:Creating environment hook '/home/kousei/ros2_ws/install/cpp_server_client/share/cpp_server_client/hook/cmake_prefix_path.ps1'
[6.507s] INFO:colcon.colcon_core.shell:Creating environment descriptor '/home/kousei/ros2_ws/install/cpp_server_client/share/cpp_server_client/hook/cmake_prefix_path.dsv'
[6.507s] INFO:colcon.colcon_core.shell:Creating environment hook '/home/kousei/ros2_ws/install/cpp_server_client/share/cpp_server_client/hook/cmake_prefix_path.sh'
[6.508s] Level 1:colcon.colcon_core.environment:checking '/home/kousei/ros2_ws/install/cpp_server_client/lib'
[6.508s] Level 1:colcon.colcon_core.shell:create_environment_hook('cpp_server_client', 'ld_library_path_lib')
[6.523s] INFO:colcon.colcon_core.shell:Creating environment hook '/home/kousei/ros2_ws/install/cpp_server_client/share/cpp_server_client/hook/ld_library_path_lib.ps1'
[6.524s] INFO:colcon.colcon_core.shell:Creating environment descriptor '/home/kousei/ros2_ws/install/cpp_server_client/share/cpp_server_client/hook/ld_library_path_lib.dsv'
[6.524s] INFO:colcon.colcon_core.shell:Creating environment hook '/home/kousei/ros2_ws/install/cpp_server_client/share/cpp_server_client/hook/ld_library_path_lib.sh'
[6.524s] Level 1:colcon.colcon_core.environment:checking '/home/kousei/ros2_ws/install/cpp_server_client/bin'
[6.525s] Level 1:colcon.colcon_core.environment:checking '/home/kousei/ros2_ws/install/cpp_server_client/lib/pkgconfig/cpp_server_client.pc'
[6.525s] Level 1:colcon.colcon_core.environment:checking '/home/kousei/ros2_ws/install/cpp_server_client/lib/python3.10/site-packages'
[6.525s] Level 1:colcon.colcon_core.environment:checking '/home/kousei/ros2_ws/install/cpp_server_client/bin'
[6.541s] INFO:colcon.colcon_core.shell:Creating package script '/home/kousei/ros2_ws/install/cpp_server_client/share/cpp_server_client/package.ps1'
[6.541s] INFO:colcon.colcon_core.shell:Creating package descriptor '/home/kousei/ros2_ws/install/cpp_server_client/share/cpp_server_client/package.dsv'
[6.542s] INFO:colcon.colcon_core.shell:Creating package script '/home/kousei/ros2_ws/install/cpp_server_client/share/cpp_server_client/package.sh'
[6.542s] INFO:colcon.colcon_core.shell:Creating package script '/home/kousei/ros2_ws/install/cpp_server_client/share/cpp_server_client/package.bash'
[6.542s] INFO:colcon.colcon_core.shell:Creating package script '/home/kousei/ros2_ws/install/cpp_server_client/share/cpp_server_client/package.zsh'
[6.543s] Level 1:colcon.colcon_core.environment:create_file_with_runtime_dependencies(/home/kousei/ros2_ws/install/cpp_server_client/share/colcon-core/packages/cpp_server_client)
[6.610s] Level 1:colcon.colcon_core.environment:create_environment_scripts_only(cpp_server_client)
[6.625s] Level 1:colcon.colcon_core.environment:checking '/home/kousei/ros2_ws/install/cpp_server_client' for CMake module files
[6.626s] Level 1:colcon.colcon_core.environment:checking '/home/kousei/ros2_ws/install/cpp_server_client' for CMake config files
[6.626s] Level 1:colcon.colcon_core.shell:create_environment_hook('cpp_server_client', 'cmake_prefix_path')
[6.641s] INFO:colcon.colcon_core.shell:Creating environment hook '/home/kousei/ros2_ws/install/cpp_server_client/share/cpp_server_client/hook/cmake_prefix_path.ps1'
[6.642s] INFO:colcon.colcon_core.shell:Creating environment descriptor '/home/kousei/ros2_ws/install/cpp_server_client/share/cpp_server_client/hook/cmake_prefix_path.dsv'
[6.642s] INFO:colcon.colcon_core.shell:Creating environment hook '/home/kousei/ros2_ws/install/cpp_server_client/share/cpp_server_client/hook/cmake_prefix_path.sh'
[6.643s] Level 1:colcon.colcon_core.environment:checking '/home/kousei/ros2_ws/install/cpp_server_client/lib'
[6.643s] Level 1:colcon.colcon_core.shell:create_environment_hook('cpp_server_client', 'ld_library_path_lib')
[6.658s] INFO:colcon.colcon_core.shell:Creating environment hook '/home/kousei/ros2_ws/install/cpp_server_client/share/cpp_server_client/hook/ld_library_path_lib.ps1'
[6.658s] INFO:colcon.colcon_core.shell:Creating environment descriptor '/home/kousei/ros2_ws/install/cpp_server_client/share/cpp_server_client/hook/ld_library_path_lib.dsv'
[6.659s] INFO:colcon.colcon_core.shell:Creating environment hook '/home/kousei/ros2_ws/install/cpp_server_client/share/cpp_server_client/hook/ld_library_path_lib.sh'
[6.659s] Level 1:colcon.colcon_core.environment:checking '/home/kousei/ros2_ws/install/cpp_server_client/bin'
[6.659s] Level 1:colcon.colcon_core.environment:checking '/home/kousei/ros2_ws/install/cpp_server_client/lib/pkgconfig/cpp_server_client.pc'
[6.659s] Level 1:colcon.colcon_core.environment:checking '/home/kousei/ros2_ws/install/cpp_server_client/lib/python3.10/site-packages'
[6.659s] Level 1:colcon.colcon_core.environment:checking '/home/kousei/ros2_ws/install/cpp_server_client/bin'
[6.676s] INFO:colcon.colcon_core.shell:Creating package script '/home/kousei/ros2_ws/install/cpp_server_client/share/cpp_server_client/package.ps1'
[6.677s] INFO:colcon.colcon_core.shell:Creating package descriptor '/home/kousei/ros2_ws/install/cpp_server_client/share/cpp_server_client/package.dsv'
[6.678s] INFO:colcon.colcon_core.shell:Creating package script '/home/kousei/ros2_ws/install/cpp_server_client/share/cpp_server_client/package.sh'
[6.678s] INFO:colcon.colcon_core.shell:Creating package script '/home/kousei/ros2_ws/install/cpp_server_client/share/cpp_server_client/package.bash'
[6.679s] INFO:colcon.colcon_core.shell:Creating package script '/home/kousei/ros2_ws/install/cpp_server_client/share/cpp_server_client/package.zsh'
[6.679s] Level 1:colcon.colcon_core.environment:create_file_with_runtime_dependencies(/home/kousei/ros2_ws/install/cpp_server_client/share/colcon-core/packages/cpp_server_client)
[9.456s] DEBUG:colcon.colcon_core.event_handler.log_command:Invoked command in '/home/kousei/ros2_ws/build/cpp_topic_pubsub' returned '0': CMAKE_PREFIX_PATH=/opt/ros/humble /usr/bin/cmake --build /home/kousei/ros2_ws/build/cpp_topic_pubsub -- -j16 -l16
[9.485s] DEBUG:colcon.colcon_core.event_handler.log_command:Invoking command in '/home/kousei/ros2_ws/build/cpp_topic_pubsub': CMAKE_PREFIX_PATH=/opt/ros/humble /usr/bin/cmake --install /home/kousei/ros2_ws/build/cpp_topic_pubsub
[9.521s] Level 1:colcon.colcon_core.environment:create_environment_scripts_only(cpp_topic_pubsub)
[9.521s] DEBUG:colcon.colcon_core.event_handler.log_command:Invoked command in '/home/kousei/ros2_ws/build/cpp_topic_pubsub' returned '0': CMAKE_PREFIX_PATH=/opt/ros/humble /usr/bin/cmake --install /home/kousei/ros2_ws/build/cpp_topic_pubsub
[9.527s] Level 1:colcon.colcon_core.environment:checking '/home/kousei/ros2_ws/install/cpp_topic_pubsub' for CMake module files
[9.527s] Level 1:colcon.colcon_core.environment:checking '/home/kousei/ros2_ws/install/cpp_topic_pubsub' for CMake config files
[9.528s] Level 1:colcon.colcon_core.shell:create_environment_hook('cpp_topic_pubsub', 'cmake_prefix_path')
[9.533s] INFO:colcon.colcon_core.shell:Creating environment hook '/home/kousei/ros2_ws/install/cpp_topic_pubsub/share/cpp_topic_pubsub/hook/cmake_prefix_path.ps1'
[9.533s] INFO:colcon.colcon_core.shell:Creating environment descriptor '/home/kousei/ros2_ws/install/cpp_topic_pubsub/share/cpp_topic_pubsub/hook/cmake_prefix_path.dsv'
[9.534s] INFO:colcon.colcon_core.shell:Creating environment hook '/home/kousei/ros2_ws/install/cpp_topic_pubsub/share/cpp_topic_pubsub/hook/cmake_prefix_path.sh'
[9.534s] Level 1:colcon.colcon_core.environment:checking '/home/kousei/ros2_ws/install/cpp_topic_pubsub/lib'
[9.534s] Level 1:colcon.colcon_core.shell:create_environment_hook('cpp_topic_pubsub', 'ld_library_path_lib')
[9.540s] INFO:colcon.colcon_core.shell:Creating environment hook '/home/kousei/ros2_ws/install/cpp_topic_pubsub/share/cpp_topic_pubsub/hook/ld_library_path_lib.ps1'
[9.540s] INFO:colcon.colcon_core.shell:Creating environment descriptor '/home/kousei/ros2_ws/install/cpp_topic_pubsub/share/cpp_topic_pubsub/hook/ld_library_path_lib.dsv'
[9.541s] INFO:colcon.colcon_core.shell:Creating environment hook '/home/kousei/ros2_ws/install/cpp_topic_pubsub/share/cpp_topic_pubsub/hook/ld_library_path_lib.sh'
[9.541s] Level 1:colcon.colcon_core.environment:checking '/home/kousei/ros2_ws/install/cpp_topic_pubsub/bin'
[9.541s] Level 1:colcon.colcon_core.environment:checking '/home/kousei/ros2_ws/install/cpp_topic_pubsub/lib/pkgconfig/cpp_topic_pubsub.pc'
[9.541s] Level 1:colcon.colcon_core.environment:checking '/home/kousei/ros2_ws/install/cpp_topic_pubsub/lib/python3.10/site-packages'
[9.541s] Level 1:colcon.colcon_core.environment:checking '/home/kousei/ros2_ws/install/cpp_topic_pubsub/bin'
[9.547s] INFO:colcon.colcon_core.shell:Creating package script '/home/kousei/ros2_ws/install/cpp_topic_pubsub/share/cpp_topic_pubsub/package.ps1'
[9.547s] INFO:colcon.colcon_core.shell:Creating package descriptor '/home/kousei/ros2_ws/install/cpp_topic_pubsub/share/cpp_topic_pubsub/package.dsv'
[9.548s] INFO:colcon.colcon_core.shell:Creating package script '/home/kousei/ros2_ws/install/cpp_topic_pubsub/share/cpp_topic_pubsub/package.sh'
[9.548s] INFO:colcon.colcon_core.shell:Creating package script '/home/kousei/ros2_ws/install/cpp_topic_pubsub/share/cpp_topic_pubsub/package.bash'
[9.548s] INFO:colcon.colcon_core.shell:Creating package script '/home/kousei/ros2_ws/install/cpp_topic_pubsub/share/cpp_topic_pubsub/package.zsh'
[9.548s] Level 1:colcon.colcon_core.environment:create_file_with_runtime_dependencies(/home/kousei/ros2_ws/install/cpp_topic_pubsub/share/colcon-core/packages/cpp_topic_pubsub)
[9.585s] Level 1:colcon.colcon_core.environment:create_environment_scripts_only(cpp_topic_pubsub)
[9.591s] Level 1:colcon.colcon_core.environment:checking '/home/kousei/ros2_ws/install/cpp_topic_pubsub' for CMake module files
[9.591s] Level 1:colcon.colcon_core.environment:checking '/home/kousei/ros2_ws/install/cpp_topic_pubsub' for CMake config files
[9.592s] Level 1:colcon.colcon_core.shell:create_environment_hook('cpp_topic_pubsub', 'cmake_prefix_path')
[9.598s] INFO:colcon.colcon_core.shell:Creating environment hook '/home/kousei/ros2_ws/install/cpp_topic_pubsub/share/cpp_topic_pubsub/hook/cmake_prefix_path.ps1'
[9.598s] INFO:colcon.colcon_core.shell:Creating environment descriptor '/home/kousei/ros2_ws/install/cpp_topic_pubsub/share/cpp_topic_pubsub/hook/cmake_prefix_path.dsv'
[9.598s] INFO:colcon.colcon_core.shell:Creating environment hook '/home/kousei/ros2_ws/install/cpp_topic_pubsub/share/cpp_topic_pubsub/hook/cmake_prefix_path.sh'
[9.598s] Level 1:colcon.colcon_core.environment:checking '/home/kousei/ros2_ws/install/cpp_topic_pubsub/lib'
[9.598s] Level 1:colcon.colcon_core.shell:create_environment_hook('cpp_topic_pubsub', 'ld_library_path_lib')
[9.605s] INFO:colcon.colcon_core.shell:Creating environment hook '/home/kousei/ros2_ws/install/cpp_topic_pubsub/share/cpp_topic_pubsub/hook/ld_library_path_lib.ps1'
[9.605s] INFO:colcon.colcon_core.shell:Creating environment descriptor '/home/kousei/ros2_ws/install/cpp_topic_pubsub/share/cpp_topic_pubsub/hook/ld_library_path_lib.dsv'
[9.605s] INFO:colcon.colcon_core.shell:Creating environment hook '/home/kousei/ros2_ws/install/cpp_topic_pubsub/share/cpp_topic_pubsub/hook/ld_library_path_lib.sh'
[9.605s] Level 1:colcon.colcon_core.environment:checking '/home/kousei/ros2_ws/install/cpp_topic_pubsub/bin'
[9.605s] Level 1:colcon.colcon_core.environment:checking '/home/kousei/ros2_ws/install/cpp_topic_pubsub/lib/pkgconfig/cpp_topic_pubsub.pc'
[9.606s] Level 1:colcon.colcon_core.environment:checking '/home/kousei/ros2_ws/install/cpp_topic_pubsub/lib/python3.10/site-packages'
[9.606s] Level 1:colcon.colcon_core.environment:checking '/home/kousei/ros2_ws/install/cpp_topic_pubsub/bin'
[9.612s] INFO:colcon.colcon_core.shell:Creating package script '/home/kousei/ros2_ws/install/cpp_topic_pubsub/share/cpp_topic_pubsub/package.ps1'
[9.613s] INFO:colcon.colcon_core.shell:Creating package descriptor '/home/kousei/ros2_ws/install/cpp_topic_pubsub/share/cpp_topic_pubsub/package.dsv'
[9.613s] INFO:colcon.colcon_core.shell:Creating package script '/home/kousei/ros2_ws/install/cpp_topic_pubsub/share/cpp_topic_pubsub/package.sh'
[9.613s] INFO:colcon.colcon_core.shell:Creating package script '/home/kousei/ros2_ws/install/cpp_topic_pubsub/share/cpp_topic_pubsub/package.bash'
[9.614s] INFO:colcon.colcon_core.shell:Creating package script '/home/kousei/ros2_ws/install/cpp_topic_pubsub/share/cpp_topic_pubsub/package.zsh'
[9.614s] Level 1:colcon.colcon_core.environment:create_file_with_runtime_dependencies(/home/kousei/ros2_ws/install/cpp_topic_pubsub/share/colcon-core/packages/cpp_topic_pubsub)
[12.358s] DEBUG:colcon.colcon_core.event_handler.log_command:Invoked command in '/home/kousei/ros2_ws/build/android_controll_test' returned '0': AMENT_PREFIX_PATH=/home/kousei/ros2_ws/install/custom_test_msgs:/home/kousei/ros2_ws/install/custom_message_unity:${AMENT_PREFIX_PATH} CMAKE_PREFIX_PATH=/home/kousei/ros2_ws/install/custom_test_msgs:/home/kousei/ros2_ws/install/custom_message_unity:/opt/ros/humble LD_LIBRARY_PATH=/home/kousei/ros2_ws/install/custom_test_msgs/lib:/home/kousei/ros2_ws/install/custom_message_unity/lib:${LD_LIBRARY_PATH} PYTHONPATH=/home/kousei/ros2_ws/install/custom_test_msgs/local/lib/python3.10/dist-packages:/home/kousei/ros2_ws/install/custom_message_unity/local/lib/python3.10/dist-packages:${PYTHONPATH} /usr/bin/cmake --build /home/kousei/ros2_ws/build/android_controll_test -- -j16 -l16
[12.394s] DEBUG:colcon.colcon_core.event_handler.log_command:Invoking command in '/home/kousei/ros2_ws/build/android_controll_test': AMENT_PREFIX_PATH=/home/kousei/ros2_ws/install/custom_test_msgs:/home/kousei/ros2_ws/install/custom_message_unity:${AMENT_PREFIX_PATH} CMAKE_PREFIX_PATH=/home/kousei/ros2_ws/install/custom_test_msgs:/home/kousei/ros2_ws/install/custom_message_unity:/opt/ros/humble LD_LIBRARY_PATH=/home/kousei/ros2_ws/install/custom_test_msgs/lib:/home/kousei/ros2_ws/install/custom_message_unity/lib:${LD_LIBRARY_PATH} PYTHONPATH=/home/kousei/ros2_ws/install/custom_test_msgs/local/lib/python3.10/dist-packages:/home/kousei/ros2_ws/install/custom_message_unity/local/lib/python3.10/dist-packages:${PYTHONPATH} /usr/bin/cmake --install /home/kousei/ros2_ws/build/android_controll_test
[12.432s] Level 1:colcon.colcon_core.environment:create_environment_scripts_only(android_controll_test)
[12.432s] DEBUG:colcon.colcon_core.event_handler.log_command:Invoked command in '/home/kousei/ros2_ws/build/android_controll_test' returned '0': AMENT_PREFIX_PATH=/home/kousei/ros2_ws/install/custom_test_msgs:/home/kousei/ros2_ws/install/custom_message_unity:${AMENT_PREFIX_PATH} CMAKE_PREFIX_PATH=/home/kousei/ros2_ws/install/custom_test_msgs:/home/kousei/ros2_ws/install/custom_message_unity:/opt/ros/humble LD_LIBRARY_PATH=/home/kousei/ros2_ws/install/custom_test_msgs/lib:/home/kousei/ros2_ws/install/custom_message_unity/lib:${LD_LIBRARY_PATH} PYTHONPATH=/home/kousei/ros2_ws/install/custom_test_msgs/local/lib/python3.10/dist-packages:/home/kousei/ros2_ws/install/custom_message_unity/local/lib/python3.10/dist-packages:${PYTHONPATH} /usr/bin/cmake --install /home/kousei/ros2_ws/build/android_controll_test
[12.439s] Level 1:colcon.colcon_core.environment:checking '/home/kousei/ros2_ws/install/android_controll_test' for CMake module files
[12.439s] Level 1:colcon.colcon_core.environment:checking '/home/kousei/ros2_ws/install/android_controll_test' for CMake config files
[12.439s] Level 1:colcon.colcon_core.shell:create_environment_hook('android_controll_test', 'cmake_prefix_path')
[12.445s] INFO:colcon.colcon_core.shell:Creating environment hook '/home/kousei/ros2_ws/install/android_controll_test/share/android_controll_test/hook/cmake_prefix_path.ps1'
[12.445s] INFO:colcon.colcon_core.shell:Creating environment descriptor '/home/kousei/ros2_ws/install/android_controll_test/share/android_controll_test/hook/cmake_prefix_path.dsv'
[12.445s] INFO:colcon.colcon_core.shell:Creating environment hook '/home/kousei/ros2_ws/install/android_controll_test/share/android_controll_test/hook/cmake_prefix_path.sh'
[12.445s] Level 1:colcon.colcon_core.environment:checking '/home/kousei/ros2_ws/install/android_controll_test/lib'
[12.445s] Level 1:colcon.colcon_core.shell:create_environment_hook('android_controll_test', 'ld_library_path_lib')
[12.451s] INFO:colcon.colcon_core.shell:Creating environment hook '/home/kousei/ros2_ws/install/android_controll_test/share/android_controll_test/hook/ld_library_path_lib.ps1'
[12.451s] INFO:colcon.colcon_core.shell:Creating environment descriptor '/home/kousei/ros2_ws/install/android_controll_test/share/android_controll_test/hook/ld_library_path_lib.dsv'
[12.451s] INFO:colcon.colcon_core.shell:Creating environment hook '/home/kousei/ros2_ws/install/android_controll_test/share/android_controll_test/hook/ld_library_path_lib.sh'
[12.451s] Level 1:colcon.colcon_core.environment:checking '/home/kousei/ros2_ws/install/android_controll_test/bin'
[12.452s] Level 1:colcon.colcon_core.environment:checking '/home/kousei/ros2_ws/install/android_controll_test/lib/pkgconfig/android_controll_test.pc'
[12.452s] Level 1:colcon.colcon_core.environment:checking '/home/kousei/ros2_ws/install/android_controll_test/lib/python3.10/site-packages'
[12.452s] Level 1:colcon.colcon_core.environment:checking '/home/kousei/ros2_ws/install/android_controll_test/bin'
[12.458s] INFO:colcon.colcon_core.shell:Creating package script '/home/kousei/ros2_ws/install/android_controll_test/share/android_controll_test/package.ps1'
[12.458s] INFO:colcon.colcon_core.shell:Creating package descriptor '/home/kousei/ros2_ws/install/android_controll_test/share/android_controll_test/package.dsv'
[12.459s] INFO:colcon.colcon_core.shell:Creating package script '/home/kousei/ros2_ws/install/android_controll_test/share/android_controll_test/package.sh'
[12.459s] INFO:colcon.colcon_core.shell:Creating package script '/home/kousei/ros2_ws/install/android_controll_test/share/android_controll_test/package.bash'
[12.459s] INFO:colcon.colcon_core.shell:Creating package script '/home/kousei/ros2_ws/install/android_controll_test/share/android_controll_test/package.zsh'
[12.459s] Level 1:colcon.colcon_core.environment:create_file_with_runtime_dependencies(/home/kousei/ros2_ws/install/android_controll_test/share/colcon-core/packages/android_controll_test)
[12.501s] Level 1:colcon.colcon_core.environment:create_environment_scripts_only(android_controll_test)
[12.506s] Level 1:colcon.colcon_core.environment:checking '/home/kousei/ros2_ws/install/android_controll_test' for CMake module files
[12.506s] Level 1:colcon.colcon_core.environment:checking '/home/kousei/ros2_ws/install/android_controll_test' for CMake config files
[12.506s] Level 1:colcon.colcon_core.shell:create_environment_hook('android_controll_test', 'cmake_prefix_path')
[12.512s] INFO:colcon.colcon_core.shell:Creating environment hook '/home/kousei/ros2_ws/install/android_controll_test/share/android_controll_test/hook/cmake_prefix_path.ps1'
[12.512s] INFO:colcon.colcon_core.shell:Creating environment descriptor '/home/kousei/ros2_ws/install/android_controll_test/share/android_controll_test/hook/cmake_prefix_path.dsv'
[12.512s] INFO:colcon.colcon_core.shell:Creating environment hook '/home/kousei/ros2_ws/install/android_controll_test/share/android_controll_test/hook/cmake_prefix_path.sh'
[12.512s] Level 1:colcon.colcon_core.environment:checking '/home/kousei/ros2_ws/install/android_controll_test/lib'
[12.513s] Level 1:colcon.colcon_core.shell:create_environment_hook('android_controll_test', 'ld_library_path_lib')
[12.518s] INFO:colcon.colcon_core.shell:Creating environment hook '/home/kousei/ros2_ws/install/android_controll_test/share/android_controll_test/hook/ld_library_path_lib.ps1'
[12.519s] INFO:colcon.colcon_core.shell:Creating environment descriptor '/home/kousei/ros2_ws/install/android_controll_test/share/android_controll_test/hook/ld_library_path_lib.dsv'
[12.519s] INFO:colcon.colcon_core.shell:Creating environment hook '/home/kousei/ros2_ws/install/android_controll_test/share/android_controll_test/hook/ld_library_path_lib.sh'
[12.519s] Level 1:colcon.colcon_core.environment:checking '/home/kousei/ros2_ws/install/android_controll_test/bin'
[12.519s] Level 1:colcon.colcon_core.environment:checking '/home/kousei/ros2_ws/install/android_controll_test/lib/pkgconfig/android_controll_test.pc'
[12.519s] Level 1:colcon.colcon_core.environment:checking '/home/kousei/ros2_ws/install/android_controll_test/lib/python3.10/site-packages'
[12.519s] Level 1:colcon.colcon_core.environment:checking '/home/kousei/ros2_ws/install/android_controll_test/bin'
[12.525s] INFO:colcon.colcon_core.shell:Creating package script '/home/kousei/ros2_ws/install/android_controll_test/share/android_controll_test/package.ps1'
[12.526s] INFO:colcon.colcon_core.shell:Creating package descriptor '/home/kousei/ros2_ws/install/android_controll_test/share/android_controll_test/package.dsv'
[12.526s] INFO:colcon.colcon_core.shell:Creating package script '/home/kousei/ros2_ws/install/android_controll_test/share/android_controll_test/package.sh'
[12.526s] INFO:colcon.colcon_core.shell:Creating package script '/home/kousei/ros2_ws/install/android_controll_test/share/android_controll_test/package.bash'
[12.526s] INFO:colcon.colcon_core.shell:Creating package script '/home/kousei/ros2_ws/install/android_controll_test/share/android_controll_test/package.zsh'
[12.526s] Level 1:colcon.colcon_core.environment:create_file_with_runtime_dependencies(/home/kousei/ros2_ws/install/android_controll_test/share/colcon-core/packages/android_controll_test)
[12.527s] DEBUG:colcon.colcon_parallel_executor.executor.parallel:closing loop
[12.527s] DEBUG:colcon.colcon_parallel_executor.executor.parallel:loop closed
[12.527s] DEBUG:colcon.colcon_parallel_executor.executor.parallel:run_until_complete finished with '0'
[12.527s] DEBUG:colcon.colcon_core.event_reactor:joining thread
[12.536s] INFO:colcon.colcon_core.plugin_system:Skipping extension 'colcon_notification.desktop_notification.terminal_notifier': Not used on non-Darwin systems
[12.536s] INFO:colcon.colcon_core.plugin_system:Skipping extension 'colcon_notification.desktop_notification.win32': Not used on non-Windows systems
[12.536s] INFO:colcon.colcon_notification.desktop_notification:Sending desktop notification using 'notify2'
[12.553s] DEBUG:colcon.colcon_core.event_reactor:joined thread
[12.558s] INFO:colcon.colcon_core.shell:Creating prefix script '/home/kousei/ros2_ws/install/local_setup.ps1'
[12.559s] INFO:colcon.colcon_core.shell:Creating prefix util module '/home/kousei/ros2_ws/install/_local_setup_util_ps1.py'
[12.559s] INFO:colcon.colcon_core.shell:Creating prefix chain script '/home/kousei/ros2_ws/install/setup.ps1'
[12.565s] INFO:colcon.colcon_core.shell:Creating prefix script '/home/kousei/ros2_ws/install/local_setup.sh'
[12.566s] INFO:colcon.colcon_core.shell:Creating prefix util module '/home/kousei/ros2_ws/install/_local_setup_util_sh.py'
[12.566s] INFO:colcon.colcon_core.shell:Creating prefix chain script '/home/kousei/ros2_ws/install/setup.sh'
[12.573s] INFO:colcon.colcon_core.shell:Creating prefix script '/home/kousei/ros2_ws/install/local_setup.bash'
[12.573s] INFO:colcon.colcon_core.shell:Creating prefix chain script '/home/kousei/ros2_ws/install/setup.bash'
[12.580s] INFO:colcon.colcon_core.shell:Creating prefix script '/home/kousei/ros2_ws/install/local_setup.zsh'
[12.580s] INFO:colcon.colcon_core.shell:Creating prefix chain script '/home/kousei/ros2_ws/install/setup.zsh'
