[0.049s] Invoking command in '/home/kousei/ros2_ws/build/cpp_topic_pubsub': CMAKE_PREFIX_PATH=/opt/ros/humble /usr/bin/cmake --build /home/kousei/ros2_ws/build/cpp_topic_pubsub -- -j16 -l16
[0.064s] -- Found ament_cmake: 1.3.6 (/opt/ros/humble/share/ament_cmake/cmake)
[0.164s] -- Found rclcpp: 16.0.7 (/opt/ros/humble/share/rclcpp/cmake)
[0.183s] -- Found rosidl_generator_c: 3.1.5 (/opt/ros/humble/share/rosidl_generator_c/cmake)
[0.185s] -- Found rosidl_adapter: 3.1.5 (/opt/ros/humble/share/rosidl_adapter/cmake)
[0.188s] -- Found rosidl_generator_cpp: 3.1.5 (/opt/ros/humble/share/rosidl_generator_cpp/cmake)
[0.196s] -- Using all available rosidl_typesupport_c: rosidl_typesupport_fastrtps_c;rosidl_typesupport_introspection_c
[0.205s] -- Using all available rosidl_typesupport_cpp: rosidl_typesupport_fastrtps_cpp;rosidl_typesupport_introspection_cpp
[0.243s] -- Found rmw_implementation_cmake: 6.1.1 (/opt/ros/humble/share/rmw_implementation_cmake/cmake)
[0.244s] -- Found rmw_fastrtps_cpp: 6.2.5 (/opt/ros/humble/share/rmw_fastrtps_cpp/cmake)
[0.329s] -- Using RMW implementation 'rmw_fastrtps_cpp' as default
[0.460s] -- Found rosidl_default_generators: 1.2.0 (/opt/ros/humble/share/rosidl_default_generators/cmake)
[0.464s] -- Found ament_lint_auto: 0.12.9 (/opt/ros/humble/share/ament_lint_auto/cmake)
[0.625s] -- Found ament_cmake_ros: 0.10.0 (/opt/ros/humble/share/ament_cmake_ros/cmake)
[0.823s] -- Using all available rosidl_typesupport_c: rosidl_typesupport_fastrtps_c;rosidl_typesupport_introspection_c
[0.951s] -- Using all available rosidl_typesupport_cpp: rosidl_typesupport_fastrtps_cpp;rosidl_typesupport_introspection_cpp
[0.980s] -- Found python_cmake_module: 0.10.0 (/opt/ros/humble/share/python_cmake_module/cmake)
[1.006s] -- Using PYTHON_EXECUTABLE: /usr/bin/python3
[1.006s] -- Using PYTHON_INCLUDE_DIRS: /usr/include/python3.10
[1.006s] -- Using PYTHON_LIBRARIES: /usr/lib/x86_64-linux-gnu/libpython3.10.so
[1.071s] -- Added test 'cppcheck' to perform static code analysis on C / C++ code
[1.071s] -- Configured cppcheck include dirs: 
[1.072s] -- Configured cppcheck exclude dirs and/or files: 
[1.078s] -- Added test 'flake8' to check Python code syntax and style conventions
[1.090s] -- Added test 'lint_cmake' to check CMake code style
[1.096s] -- Added test 'pep257' to check Python code against some of the docstring style conventions in PEP 257
[1.142s] -- Added test 'uncrustify' to check C / C++ code style
[1.142s] -- Configured uncrustify additional arguments: 
[1.149s] -- Added test 'xmllint' to check XML markup files
[1.154s] -- Configuring done
[1.192s] -- Generating done
[1.196s] -- Build files have been written to: /home/kousei/ros2_ws/build/cpp_topic_pubsub
[1.224s] [35m[1mConsolidate compiler generated dependencies of target cpp_topic_pubsub__rosidl_generator_c[0m
[1.230s] [  2%] Built target cpp_topic_pubsub__cpp
[1.237s] [  5%] [32mBuilding C object CMakeFiles/cpp_topic_pubsub__rosidl_generator_c.dir/rosidl_generator_c/cpp_topic_pubsub/msg/detail/practice_msg__functions.c.o[0m
[1.242s] [35m[1mConsolidate compiler generated dependencies of target cpp_topic_pubsub__rosidl_typesupport_introspection_cpp[0m
[1.242s] [35m[1mConsolidate compiler generated dependencies of target cpp_topic_pubsub__rosidl_typesupport_cpp[0m
[1.242s] [35m[1mConsolidate compiler generated dependencies of target cpp_topic_pubsub__rosidl_typesupport_fastrtps_cpp[0m
[1.244s] [  5%] Built target ament_cmake_python_copy_cpp_topic_pubsub
[1.252s] [ 11%] [32mBuilding CXX object CMakeFiles/cpp_topic_pubsub__rosidl_typesupport_fastrtps_cpp.dir/rosidl_typesupport_fastrtps_cpp/cpp_topic_pubsub/msg/detail/dds_fastrtps/practice_msg__type_support.cpp.o[0m
[1.252s] [ 11%] [32mBuilding CXX object CMakeFiles/cpp_topic_pubsub__rosidl_typesupport_cpp.dir/rosidl_typesupport_cpp/cpp_topic_pubsub/msg/practice_msg__type_support.cpp.o[0m
[1.254s] [ 14%] [32mBuilding CXX object CMakeFiles/cpp_topic_pubsub__rosidl_typesupport_introspection_cpp.dir/rosidl_typesupport_introspection_cpp/cpp_topic_pubsub/msg/detail/practice_msg__type_support.cpp.o[0m
[1.288s] [ 17%] [32m[1mLinking C shared library libcpp_topic_pubsub__rosidl_generator_c.so[0m
[1.323s] [ 20%] Built target cpp_topic_pubsub__rosidl_generator_c
[1.333s] [35m[1mConsolidate compiler generated dependencies of target cpp_topic_pubsub__rosidl_typesupport_introspection_c[0m
[1.341s] [35m[1mConsolidate compiler generated dependencies of target cpp_topic_pubsub__rosidl_typesupport_c[0m
[1.342s] [35m[1mConsolidate compiler generated dependencies of target cpp_topic_pubsub__rosidl_typesupport_fastrtps_c[0m
[1.356s] [ 22%] [32mBuilding C object CMakeFiles/cpp_topic_pubsub__rosidl_typesupport_introspection_c.dir/rosidl_typesupport_introspection_c/cpp_topic_pubsub/msg/detail/practice_msg__type_support.c.o[0m
[1.356s] [ 25%] [32mBuilding CXX object CMakeFiles/cpp_topic_pubsub__rosidl_typesupport_c.dir/rosidl_typesupport_c/cpp_topic_pubsub/msg/practice_msg__type_support.cpp.o[0m
[1.361s] [ 28%] [32mBuilding CXX object CMakeFiles/cpp_topic_pubsub__rosidl_typesupport_fastrtps_c.dir/rosidl_typesupport_fastrtps_c/cpp_topic_pubsub/msg/detail/practice_msg__type_support_c.cpp.o[0m
[1.399s] [ 31%] [32m[1mLinking CXX shared library libcpp_topic_pubsub__rosidl_typesupport_c.so[0m
[1.414s] [ 34%] [32m[1mLinking C shared library libcpp_topic_pubsub__rosidl_typesupport_introspection_c.so[0m
[1.452s] [ 37%] Built target cpp_topic_pubsub__rosidl_typesupport_c
[1.463s] [ 40%] Built target cpp_topic_pubsub__rosidl_typesupport_introspection_c
[1.497s] [ 42%] [32m[1mLinking CXX shared library libcpp_topic_pubsub__rosidl_typesupport_cpp.so[0m
[1.528s] [ 45%] Built target cpp_topic_pubsub__rosidl_typesupport_cpp
[1.538s] [35m[1mConsolidate compiler generated dependencies of target practice_publisher_node[0m
[1.539s] [35m[1mConsolidate compiler generated dependencies of target practice_subscriber_node[0m
[1.543s] running egg_info
[1.543s] writing cpp_topic_pubsub.egg-info/PKG-INFO
[1.544s] writing dependency_links to cpp_topic_pubsub.egg-info/dependency_links.txt
[1.544s] writing top-level names to cpp_topic_pubsub.egg-info/top_level.txt
[1.546s] reading manifest file 'cpp_topic_pubsub.egg-info/SOURCES.txt'
[1.547s] writing manifest file 'cpp_topic_pubsub.egg-info/SOURCES.txt'
[1.561s] [ 48%] [32mBuilding CXX object CMakeFiles/practice_subscriber_node.dir/src/subscriber_node.cpp.o[0m
[1.563s] [ 51%] [32mBuilding CXX object CMakeFiles/practice_publisher_node.dir/src/publisher_node.cpp.o[0m
[1.580s] [ 51%] Built target ament_cmake_python_build_cpp_topic_pubsub_egg
[1.591s] [ 54%] [32m[1mLinking CXX shared library libcpp_topic_pubsub__rosidl_typesupport_fastrtps_cpp.so[0m
[1.705s] [ 57%] Built target cpp_topic_pubsub__rosidl_typesupport_fastrtps_cpp
[1.720s] [ 60%] [32m[1mLinking CXX shared library libcpp_topic_pubsub__rosidl_typesupport_introspection_cpp.so[0m
[1.777s] [ 62%] [32m[1mLinking CXX shared library libcpp_topic_pubsub__rosidl_typesupport_fastrtps_c.so[0m
[1.796s] [ 65%] Built target cpp_topic_pubsub__rosidl_typesupport_introspection_cpp
[1.858s] [ 68%] Built target cpp_topic_pubsub__rosidl_typesupport_fastrtps_c
[1.875s] [ 68%] Built target cpp_topic_pubsub
[1.890s] [ 71%] Built target cpp_topic_pubsub__py
[1.896s] [35m[1mConsolidate compiler generated dependencies of target cpp_topic_pubsub__rosidl_generator_py[0m
[1.905s] [ 74%] [32mBuilding C object CMakeFiles/cpp_topic_pubsub__rosidl_generator_py.dir/rosidl_generator_py/cpp_topic_pubsub/msg/_practice_msg_s.c.o[0m
[1.994s] [ 77%] [32m[1mLinking C shared library rosidl_generator_py/cpp_topic_pubsub/libcpp_topic_pubsub__rosidl_generator_py.so[0m
[2.018s] [ 77%] Built target cpp_topic_pubsub__rosidl_generator_py
[2.024s] [35m[1mConsolidate compiler generated dependencies of target cpp_topic_pubsub__rosidl_typesupport_fastrtps_c__pyext[0m
[2.028s] [35m[1mConsolidate compiler generated dependencies of target cpp_topic_pubsub__rosidl_typesupport_introspection_c__pyext[0m
[2.028s] [35m[1mConsolidate compiler generated dependencies of target cpp_topic_pubsub__rosidl_typesupport_c__pyext[0m
[2.033s] [ 80%] [32mBuilding C object CMakeFiles/cpp_topic_pubsub__rosidl_typesupport_fastrtps_c__pyext.dir/rosidl_generator_py/cpp_topic_pubsub/_cpp_topic_pubsub_s.ep.rosidl_typesupport_fastrtps_c.c.o[0m
[2.041s] [ 85%] [32mBuilding C object CMakeFiles/cpp_topic_pubsub__rosidl_typesupport_c__pyext.dir/rosidl_generator_py/cpp_topic_pubsub/_cpp_topic_pubsub_s.ep.rosidl_typesupport_c.c.o[0m
[2.041s] [ 85%] [32mBuilding C object CMakeFiles/cpp_topic_pubsub__rosidl_typesupport_introspection_c__pyext.dir/rosidl_generator_py/cpp_topic_pubsub/_cpp_topic_pubsub_s.ep.rosidl_typesupport_introspection_c.c.o[0m
[2.097s] [ 88%] [32m[1mLinking C shared library rosidl_generator_py/cpp_topic_pubsub/cpp_topic_pubsub_s__rosidl_typesupport_fastrtps_c.cpython-310-x86_64-linux-gnu.so[0m
[2.122s] [ 91%] [32m[1mLinking C shared library rosidl_generator_py/cpp_topic_pubsub/cpp_topic_pubsub_s__rosidl_typesupport_c.cpython-310-x86_64-linux-gnu.so[0m
[2.134s] [ 91%] Built target cpp_topic_pubsub__rosidl_typesupport_fastrtps_c__pyext
[2.142s] [ 94%] [32m[1mLinking C shared library rosidl_generator_py/cpp_topic_pubsub/cpp_topic_pubsub_s__rosidl_typesupport_introspection_c.cpython-310-x86_64-linux-gnu.so[0m
[2.146s] [ 94%] Built target cpp_topic_pubsub__rosidl_typesupport_c__pyext
[2.168s] [ 94%] Built target cpp_topic_pubsub__rosidl_typesupport_introspection_c__pyext
[4.933s] [ 97%] [32m[1mLinking CXX executable practice_publisher_node[0m
[5.043s] [ 97%] Built target practice_publisher_node
[7.254s] [100%] [32m[1mLinking CXX executable practice_subscriber_node[0m
[7.471s] [100%] Built target practice_subscriber_node
[7.479s] Invoked command in '/home/kousei/ros2_ws/build/cpp_topic_pubsub' returned '0': CMAKE_PREFIX_PATH=/opt/ros/humble /usr/bin/cmake --build /home/kousei/ros2_ws/build/cpp_topic_pubsub -- -j16 -l16
[7.517s] Invoking command in '/home/kousei/ros2_ws/build/cpp_topic_pubsub': CMAKE_PREFIX_PATH=/opt/ros/humble /usr/bin/cmake --install /home/kousei/ros2_ws/build/cpp_topic_pubsub
[7.521s] -- Install configuration: ""
[7.521s] -- Up-to-date: /home/kousei/ros2_ws/install/cpp_topic_pubsub/share/ament_index/resource_index/rosidl_interfaces/cpp_topic_pubsub
[7.521s] -- Up-to-date: /home/kousei/ros2_ws/install/cpp_topic_pubsub/include/cpp_topic_pubsub/cpp_topic_pubsub
[7.521s] -- Up-to-date: /home/kousei/ros2_ws/install/cpp_topic_pubsub/include/cpp_topic_pubsub/cpp_topic_pubsub/msg
[7.521s] -- Up-to-date: /home/kousei/ros2_ws/install/cpp_topic_pubsub/include/cpp_topic_pubsub/cpp_topic_pubsub/msg/practice_msg.h
[7.521s] -- Up-to-date: /home/kousei/ros2_ws/install/cpp_topic_pubsub/include/cpp_topic_pubsub/cpp_topic_pubsub/msg/rosidl_generator_c__visibility_control.h
[7.521s] -- Up-to-date: /home/kousei/ros2_ws/install/cpp_topic_pubsub/include/cpp_topic_pubsub/cpp_topic_pubsub/msg/detail
[7.521s] -- Up-to-date: /home/kousei/ros2_ws/install/cpp_topic_pubsub/include/cpp_topic_pubsub/cpp_topic_pubsub/msg/detail/practice_msg__functions.h
[7.521s] -- Up-to-date: /home/kousei/ros2_ws/install/cpp_topic_pubsub/include/cpp_topic_pubsub/cpp_topic_pubsub/msg/detail/practice_msg__struct.h
[7.521s] -- Up-to-date: /home/kousei/ros2_ws/install/cpp_topic_pubsub/include/cpp_topic_pubsub/cpp_topic_pubsub/msg/detail/practice_msg__functions.c
[7.521s] -- Up-to-date: /home/kousei/ros2_ws/install/cpp_topic_pubsub/include/cpp_topic_pubsub/cpp_topic_pubsub/msg/detail/practice_msg__type_support.h
[7.521s] -- Installing: /home/kousei/ros2_ws/install/cpp_topic_pubsub/share/cpp_topic_pubsub/environment/library_path.sh
[7.521s] -- Installing: /home/kousei/ros2_ws/install/cpp_topic_pubsub/share/cpp_topic_pubsub/environment/library_path.dsv
[7.521s] -- Installing: /home/kousei/ros2_ws/install/cpp_topic_pubsub/lib/libcpp_topic_pubsub__rosidl_generator_c.so
[7.522s] -- Set runtime path of "/home/kousei/ros2_ws/install/cpp_topic_pubsub/lib/libcpp_topic_pubsub__rosidl_generator_c.so" to ""
[7.522s] -- Up-to-date: /home/kousei/ros2_ws/install/cpp_topic_pubsub/include/cpp_topic_pubsub/cpp_topic_pubsub
[7.522s] -- Up-to-date: /home/kousei/ros2_ws/install/cpp_topic_pubsub/include/cpp_topic_pubsub/cpp_topic_pubsub/msg
[7.522s] -- Up-to-date: /home/kousei/ros2_ws/install/cpp_topic_pubsub/include/cpp_topic_pubsub/cpp_topic_pubsub/msg/detail
[7.522s] -- Up-to-date: /home/kousei/ros2_ws/install/cpp_topic_pubsub/include/cpp_topic_pubsub/cpp_topic_pubsub/msg/detail/practice_msg__rosidl_typesupport_fastrtps_c.h
[7.522s] -- Up-to-date: /home/kousei/ros2_ws/install/cpp_topic_pubsub/include/cpp_topic_pubsub/cpp_topic_pubsub/msg/rosidl_typesupport_fastrtps_c__visibility_control.h
[7.522s] -- Installing: /home/kousei/ros2_ws/install/cpp_topic_pubsub/lib/libcpp_topic_pubsub__rosidl_typesupport_fastrtps_c.so
[7.522s] -- Set runtime path of "/home/kousei/ros2_ws/install/cpp_topic_pubsub/lib/libcpp_topic_pubsub__rosidl_typesupport_fastrtps_c.so" to ""
[7.522s] -- Up-to-date: /home/kousei/ros2_ws/install/cpp_topic_pubsub/include/cpp_topic_pubsub/cpp_topic_pubsub
[7.522s] -- Up-to-date: /home/kousei/ros2_ws/install/cpp_topic_pubsub/include/cpp_topic_pubsub/cpp_topic_pubsub/msg
[7.522s] -- Up-to-date: /home/kousei/ros2_ws/install/cpp_topic_pubsub/include/cpp_topic_pubsub/cpp_topic_pubsub/msg/practice_msg.hpp
[7.522s] -- Up-to-date: /home/kousei/ros2_ws/install/cpp_topic_pubsub/include/cpp_topic_pubsub/cpp_topic_pubsub/msg/detail
[7.522s] -- Up-to-date: /home/kousei/ros2_ws/install/cpp_topic_pubsub/include/cpp_topic_pubsub/cpp_topic_pubsub/msg/detail/practice_msg__traits.hpp
[7.522s] -- Up-to-date: /home/kousei/ros2_ws/install/cpp_topic_pubsub/include/cpp_topic_pubsub/cpp_topic_pubsub/msg/detail/practice_msg__struct.hpp
[7.522s] -- Up-to-date: /home/kousei/ros2_ws/install/cpp_topic_pubsub/include/cpp_topic_pubsub/cpp_topic_pubsub/msg/detail/practice_msg__builder.hpp
[7.522s] -- Up-to-date: /home/kousei/ros2_ws/install/cpp_topic_pubsub/include/cpp_topic_pubsub/cpp_topic_pubsub
[7.522s] -- Up-to-date: /home/kousei/ros2_ws/install/cpp_topic_pubsub/include/cpp_topic_pubsub/cpp_topic_pubsub/msg
[7.522s] -- Up-to-date: /home/kousei/ros2_ws/install/cpp_topic_pubsub/include/cpp_topic_pubsub/cpp_topic_pubsub/msg/detail
[7.522s] -- Up-to-date: /home/kousei/ros2_ws/install/cpp_topic_pubsub/include/cpp_topic_pubsub/cpp_topic_pubsub/msg/detail/practice_msg__rosidl_typesupport_fastrtps_cpp.hpp
[7.522s] -- Installing: /home/kousei/ros2_ws/install/cpp_topic_pubsub/include/cpp_topic_pubsub/cpp_topic_pubsub/msg/detail/dds_fastrtps
[7.522s] -- Up-to-date: /home/kousei/ros2_ws/install/cpp_topic_pubsub/include/cpp_topic_pubsub/cpp_topic_pubsub/msg/rosidl_typesupport_fastrtps_cpp__visibility_control.h
[7.522s] -- Installing: /home/kousei/ros2_ws/install/cpp_topic_pubsub/lib/libcpp_topic_pubsub__rosidl_typesupport_fastrtps_cpp.so
[7.522s] -- Set runtime path of "/home/kousei/ros2_ws/install/cpp_topic_pubsub/lib/libcpp_topic_pubsub__rosidl_typesupport_fastrtps_cpp.so" to ""
[7.522s] -- Up-to-date: /home/kousei/ros2_ws/install/cpp_topic_pubsub/include/cpp_topic_pubsub/cpp_topic_pubsub
[7.523s] -- Up-to-date: /home/kousei/ros2_ws/install/cpp_topic_pubsub/include/cpp_topic_pubsub/cpp_topic_pubsub/msg
[7.523s] -- Up-to-date: /home/kousei/ros2_ws/install/cpp_topic_pubsub/include/cpp_topic_pubsub/cpp_topic_pubsub/msg/detail
[7.523s] -- Up-to-date: /home/kousei/ros2_ws/install/cpp_topic_pubsub/include/cpp_topic_pubsub/cpp_topic_pubsub/msg/detail/practice_msg__type_support.c
[7.523s] -- Up-to-date: /home/kousei/ros2_ws/install/cpp_topic_pubsub/include/cpp_topic_pubsub/cpp_topic_pubsub/msg/detail/practice_msg__rosidl_typesupport_introspection_c.h
[7.523s] -- Up-to-date: /home/kousei/ros2_ws/install/cpp_topic_pubsub/include/cpp_topic_pubsub/cpp_topic_pubsub/msg/rosidl_typesupport_introspection_c__visibility_control.h
[7.523s] -- Installing: /home/kousei/ros2_ws/install/cpp_topic_pubsub/lib/libcpp_topic_pubsub__rosidl_typesupport_introspection_c.so
[7.523s] -- Set runtime path of "/home/kousei/ros2_ws/install/cpp_topic_pubsub/lib/libcpp_topic_pubsub__rosidl_typesupport_introspection_c.so" to ""
[7.523s] -- Installing: /home/kousei/ros2_ws/install/cpp_topic_pubsub/lib/libcpp_topic_pubsub__rosidl_typesupport_c.so
[7.523s] -- Set runtime path of "/home/kousei/ros2_ws/install/cpp_topic_pubsub/lib/libcpp_topic_pubsub__rosidl_typesupport_c.so" to ""
[7.523s] -- Up-to-date: /home/kousei/ros2_ws/install/cpp_topic_pubsub/include/cpp_topic_pubsub/cpp_topic_pubsub
[7.523s] -- Up-to-date: /home/kousei/ros2_ws/install/cpp_topic_pubsub/include/cpp_topic_pubsub/cpp_topic_pubsub/msg
[7.523s] -- Up-to-date: /home/kousei/ros2_ws/install/cpp_topic_pubsub/include/cpp_topic_pubsub/cpp_topic_pubsub/msg/detail
[7.523s] -- Up-to-date: /home/kousei/ros2_ws/install/cpp_topic_pubsub/include/cpp_topic_pubsub/cpp_topic_pubsub/msg/detail/practice_msg__rosidl_typesupport_introspection_cpp.hpp
[7.523s] -- Up-to-date: /home/kousei/ros2_ws/install/cpp_topic_pubsub/include/cpp_topic_pubsub/cpp_topic_pubsub/msg/detail/practice_msg__type_support.cpp
[7.523s] -- Installing: /home/kousei/ros2_ws/install/cpp_topic_pubsub/lib/libcpp_topic_pubsub__rosidl_typesupport_introspection_cpp.so
[7.523s] -- Set runtime path of "/home/kousei/ros2_ws/install/cpp_topic_pubsub/lib/libcpp_topic_pubsub__rosidl_typesupport_introspection_cpp.so" to ""
[7.523s] -- Installing: /home/kousei/ros2_ws/install/cpp_topic_pubsub/lib/libcpp_topic_pubsub__rosidl_typesupport_cpp.so
[7.523s] -- Set runtime path of "/home/kousei/ros2_ws/install/cpp_topic_pubsub/lib/libcpp_topic_pubsub__rosidl_typesupport_cpp.so" to ""
[7.523s] -- Up-to-date: /home/kousei/ros2_ws/install/cpp_topic_pubsub/share/cpp_topic_pubsub/environment/pythonpath.sh
[7.523s] -- Installing: /home/kousei/ros2_ws/install/cpp_topic_pubsub/share/cpp_topic_pubsub/environment/pythonpath.dsv
[7.524s] -- Up-to-date: /home/kousei/ros2_ws/install/cpp_topic_pubsub/local/lib/python3.10/dist-packages/cpp_topic_pubsub-0.0.0-py3.10.egg-info
[7.524s] -- Installing: /home/kousei/ros2_ws/install/cpp_topic_pubsub/local/lib/python3.10/dist-packages/cpp_topic_pubsub-0.0.0-py3.10.egg-info/dependency_links.txt
[7.524s] -- Installing: /home/kousei/ros2_ws/install/cpp_topic_pubsub/local/lib/python3.10/dist-packages/cpp_topic_pubsub-0.0.0-py3.10.egg-info/SOURCES.txt
[7.524s] -- Installing: /home/kousei/ros2_ws/install/cpp_topic_pubsub/local/lib/python3.10/dist-packages/cpp_topic_pubsub-0.0.0-py3.10.egg-info/top_level.txt
[7.524s] -- Installing: /home/kousei/ros2_ws/install/cpp_topic_pubsub/local/lib/python3.10/dist-packages/cpp_topic_pubsub-0.0.0-py3.10.egg-info/PKG-INFO
[7.524s] -- Up-to-date: /home/kousei/ros2_ws/install/cpp_topic_pubsub/local/lib/python3.10/dist-packages/cpp_topic_pubsub
[7.524s] -- Installing: /home/kousei/ros2_ws/install/cpp_topic_pubsub/local/lib/python3.10/dist-packages/cpp_topic_pubsub/__init__.py
[7.524s] -- Up-to-date: /home/kousei/ros2_ws/install/cpp_topic_pubsub/local/lib/python3.10/dist-packages/cpp_topic_pubsub/_cpp_topic_pubsub_s.ep.rosidl_typesupport_c.c
[7.524s] -- Up-to-date: /home/kousei/ros2_ws/install/cpp_topic_pubsub/local/lib/python3.10/dist-packages/cpp_topic_pubsub/_cpp_topic_pubsub_s.ep.rosidl_typesupport_fastrtps_c.c
[7.524s] -- Installing: /home/kousei/ros2_ws/install/cpp_topic_pubsub/local/lib/python3.10/dist-packages/cpp_topic_pubsub/cpp_topic_pubsub_s__rosidl_typesupport_c.cpython-310-x86_64-linux-gnu.so
[7.524s] -- Installing: /home/kousei/ros2_ws/install/cpp_topic_pubsub/local/lib/python3.10/dist-packages/cpp_topic_pubsub/libcpp_topic_pubsub__rosidl_generator_py.so
[7.524s] -- Up-to-date: /home/kousei/ros2_ws/install/cpp_topic_pubsub/local/lib/python3.10/dist-packages/cpp_topic_pubsub/_cpp_topic_pubsub_s.ep.rosidl_typesupport_introspection_c.c
[7.524s] -- Up-to-date: /home/kousei/ros2_ws/install/cpp_topic_pubsub/local/lib/python3.10/dist-packages/cpp_topic_pubsub/msg
[7.524s] -- Up-to-date: /home/kousei/ros2_ws/install/cpp_topic_pubsub/local/lib/python3.10/dist-packages/cpp_topic_pubsub/msg/__init__.py
[7.524s] -- Up-to-date: /home/kousei/ros2_ws/install/cpp_topic_pubsub/local/lib/python3.10/dist-packages/cpp_topic_pubsub/msg/_practice_msg.py
[7.524s] -- Up-to-date: /home/kousei/ros2_ws/install/cpp_topic_pubsub/local/lib/python3.10/dist-packages/cpp_topic_pubsub/msg/_practice_msg_s.c
[7.524s] -- Installing: /home/kousei/ros2_ws/install/cpp_topic_pubsub/local/lib/python3.10/dist-packages/cpp_topic_pubsub/cpp_topic_pubsub_s__rosidl_typesupport_fastrtps_c.cpython-310-x86_64-linux-gnu.so
[7.524s] -- Installing: /home/kousei/ros2_ws/install/cpp_topic_pubsub/local/lib/python3.10/dist-packages/cpp_topic_pubsub/cpp_topic_pubsub_s__rosidl_typesupport_introspection_c.cpython-310-x86_64-linux-gnu.so
[7.546s] Listing '/home/kousei/ros2_ws/install/cpp_topic_pubsub/local/lib/python3.10/dist-packages/cpp_topic_pubsub'...
[7.546s] Compiling '/home/kousei/ros2_ws/install/cpp_topic_pubsub/local/lib/python3.10/dist-packages/cpp_topic_pubsub/__init__.py'...
[7.546s] Listing '/home/kousei/ros2_ws/install/cpp_topic_pubsub/local/lib/python3.10/dist-packages/cpp_topic_pubsub/msg'...
[7.546s] Compiling '/home/kousei/ros2_ws/install/cpp_topic_pubsub/local/lib/python3.10/dist-packages/cpp_topic_pubsub/msg/__init__.py'...
[7.546s] Compiling '/home/kousei/ros2_ws/install/cpp_topic_pubsub/local/lib/python3.10/dist-packages/cpp_topic_pubsub/msg/_practice_msg.py'...
[7.549s] -- Installing: /home/kousei/ros2_ws/install/cpp_topic_pubsub/local/lib/python3.10/dist-packages/cpp_topic_pubsub/cpp_topic_pubsub_s__rosidl_typesupport_fastrtps_c.cpython-310-x86_64-linux-gnu.so
[7.549s] -- Set runtime path of "/home/kousei/ros2_ws/install/cpp_topic_pubsub/local/lib/python3.10/dist-packages/cpp_topic_pubsub/cpp_topic_pubsub_s__rosidl_typesupport_fastrtps_c.cpython-310-x86_64-linux-gnu.so" to ""
[7.549s] -- Installing: /home/kousei/ros2_ws/install/cpp_topic_pubsub/local/lib/python3.10/dist-packages/cpp_topic_pubsub/cpp_topic_pubsub_s__rosidl_typesupport_introspection_c.cpython-310-x86_64-linux-gnu.so
[7.549s] -- Set runtime path of "/home/kousei/ros2_ws/install/cpp_topic_pubsub/local/lib/python3.10/dist-packages/cpp_topic_pubsub/cpp_topic_pubsub_s__rosidl_typesupport_introspection_c.cpython-310-x86_64-linux-gnu.so" to ""
[7.549s] -- Installing: /home/kousei/ros2_ws/install/cpp_topic_pubsub/local/lib/python3.10/dist-packages/cpp_topic_pubsub/cpp_topic_pubsub_s__rosidl_typesupport_c.cpython-310-x86_64-linux-gnu.so
[7.549s] -- Set runtime path of "/home/kousei/ros2_ws/install/cpp_topic_pubsub/local/lib/python3.10/dist-packages/cpp_topic_pubsub/cpp_topic_pubsub_s__rosidl_typesupport_c.cpython-310-x86_64-linux-gnu.so" to ""
[7.549s] -- Installing: /home/kousei/ros2_ws/install/cpp_topic_pubsub/lib/libcpp_topic_pubsub__rosidl_generator_py.so
[7.550s] -- Set runtime path of "/home/kousei/ros2_ws/install/cpp_topic_pubsub/lib/libcpp_topic_pubsub__rosidl_generator_py.so" to ""
[7.550s] -- Up-to-date: /home/kousei/ros2_ws/install/cpp_topic_pubsub/share/cpp_topic_pubsub/msg/PracticeMsg.idl
[7.550s] -- Installing: /home/kousei/ros2_ws/install/cpp_topic_pubsub/share/cpp_topic_pubsub/msg/PracticeMsg.msg
[7.550s] -- Installing: /home/kousei/ros2_ws/install/cpp_topic_pubsub/lib/cpp_topic_pubsub/practice_publisher_node
[7.550s] -- Set runtime path of "/home/kousei/ros2_ws/install/cpp_topic_pubsub/lib/cpp_topic_pubsub/practice_publisher_node" to ""
[7.550s] -- Installing: /home/kousei/ros2_ws/install/cpp_topic_pubsub/lib/cpp_topic_pubsub/practice_subscriber_node
[7.552s] -- Set runtime path of "/home/kousei/ros2_ws/install/cpp_topic_pubsub/lib/cpp_topic_pubsub/practice_subscriber_node" to ""
[7.552s] -- Up-to-date: /home/kousei/ros2_ws/install/cpp_topic_pubsub/share/ament_index/resource_index/package_run_dependencies/cpp_topic_pubsub
[7.552s] -- Up-to-date: /home/kousei/ros2_ws/install/cpp_topic_pubsub/share/ament_index/resource_index/parent_prefix_path/cpp_topic_pubsub
[7.552s] -- Installing: /home/kousei/ros2_ws/install/cpp_topic_pubsub/share/cpp_topic_pubsub/environment/ament_prefix_path.sh
[7.553s] -- Installing: /home/kousei/ros2_ws/install/cpp_topic_pubsub/share/cpp_topic_pubsub/environment/ament_prefix_path.dsv
[7.553s] -- Installing: /home/kousei/ros2_ws/install/cpp_topic_pubsub/share/cpp_topic_pubsub/environment/path.sh
[7.553s] -- Installing: /home/kousei/ros2_ws/install/cpp_topic_pubsub/share/cpp_topic_pubsub/environment/path.dsv
[7.553s] -- Up-to-date: /home/kousei/ros2_ws/install/cpp_topic_pubsub/share/cpp_topic_pubsub/local_setup.bash
[7.553s] -- Up-to-date: /home/kousei/ros2_ws/install/cpp_topic_pubsub/share/cpp_topic_pubsub/local_setup.sh
[7.553s] -- Up-to-date: /home/kousei/ros2_ws/install/cpp_topic_pubsub/share/cpp_topic_pubsub/local_setup.zsh
[7.553s] -- Installing: /home/kousei/ros2_ws/install/cpp_topic_pubsub/share/cpp_topic_pubsub/local_setup.dsv
[7.553s] -- Installing: /home/kousei/ros2_ws/install/cpp_topic_pubsub/share/cpp_topic_pubsub/package.dsv
[7.553s] -- Up-to-date: /home/kousei/ros2_ws/install/cpp_topic_pubsub/share/ament_index/resource_index/packages/cpp_topic_pubsub
[7.553s] -- Up-to-date: /home/kousei/ros2_ws/install/cpp_topic_pubsub/share/cpp_topic_pubsub/cmake/export_cpp_topic_pubsub__rosidl_generator_cExport.cmake
[7.553s] -- Up-to-date: /home/kousei/ros2_ws/install/cpp_topic_pubsub/share/cpp_topic_pubsub/cmake/export_cpp_topic_pubsub__rosidl_generator_cExport-noconfig.cmake
[7.553s] -- Up-to-date: /home/kousei/ros2_ws/install/cpp_topic_pubsub/share/cpp_topic_pubsub/cmake/export_cpp_topic_pubsub__rosidl_typesupport_fastrtps_cExport.cmake
[7.553s] -- Up-to-date: /home/kousei/ros2_ws/install/cpp_topic_pubsub/share/cpp_topic_pubsub/cmake/export_cpp_topic_pubsub__rosidl_typesupport_fastrtps_cExport-noconfig.cmake
[7.553s] -- Up-to-date: /home/kousei/ros2_ws/install/cpp_topic_pubsub/share/cpp_topic_pubsub/cmake/export_cpp_topic_pubsub__rosidl_generator_cppExport.cmake
[7.553s] -- Up-to-date: /home/kousei/ros2_ws/install/cpp_topic_pubsub/share/cpp_topic_pubsub/cmake/export_cpp_topic_pubsub__rosidl_typesupport_fastrtps_cppExport.cmake
[7.553s] -- Up-to-date: /home/kousei/ros2_ws/install/cpp_topic_pubsub/share/cpp_topic_pubsub/cmake/export_cpp_topic_pubsub__rosidl_typesupport_fastrtps_cppExport-noconfig.cmake
[7.553s] -- Up-to-date: /home/kousei/ros2_ws/install/cpp_topic_pubsub/share/cpp_topic_pubsub/cmake/cpp_topic_pubsub__rosidl_typesupport_introspection_cExport.cmake
[7.553s] -- Up-to-date: /home/kousei/ros2_ws/install/cpp_topic_pubsub/share/cpp_topic_pubsub/cmake/cpp_topic_pubsub__rosidl_typesupport_introspection_cExport-noconfig.cmake
[7.553s] -- Up-to-date: /home/kousei/ros2_ws/install/cpp_topic_pubsub/share/cpp_topic_pubsub/cmake/cpp_topic_pubsub__rosidl_typesupport_cExport.cmake
[7.553s] -- Up-to-date: /home/kousei/ros2_ws/install/cpp_topic_pubsub/share/cpp_topic_pubsub/cmake/cpp_topic_pubsub__rosidl_typesupport_cExport-noconfig.cmake
[7.553s] -- Up-to-date: /home/kousei/ros2_ws/install/cpp_topic_pubsub/share/cpp_topic_pubsub/cmake/cpp_topic_pubsub__rosidl_typesupport_introspection_cppExport.cmake
[7.553s] -- Up-to-date: /home/kousei/ros2_ws/install/cpp_topic_pubsub/share/cpp_topic_pubsub/cmake/cpp_topic_pubsub__rosidl_typesupport_introspection_cppExport-noconfig.cmake
[7.554s] -- Up-to-date: /home/kousei/ros2_ws/install/cpp_topic_pubsub/share/cpp_topic_pubsub/cmake/cpp_topic_pubsub__rosidl_typesupport_cppExport.cmake
[7.554s] -- Up-to-date: /home/kousei/ros2_ws/install/cpp_topic_pubsub/share/cpp_topic_pubsub/cmake/cpp_topic_pubsub__rosidl_typesupport_cppExport-noconfig.cmake
[7.554s] -- Up-to-date: /home/kousei/ros2_ws/install/cpp_topic_pubsub/share/cpp_topic_pubsub/cmake/export_cpp_topic_pubsub__rosidl_generator_pyExport.cmake
[7.554s] -- Up-to-date: /home/kousei/ros2_ws/install/cpp_topic_pubsub/share/cpp_topic_pubsub/cmake/export_cpp_topic_pubsub__rosidl_generator_pyExport-noconfig.cmake
[7.554s] -- Up-to-date: /home/kousei/ros2_ws/install/cpp_topic_pubsub/share/cpp_topic_pubsub/cmake/rosidl_cmake-extras.cmake
[7.554s] -- Up-to-date: /home/kousei/ros2_ws/install/cpp_topic_pubsub/share/cpp_topic_pubsub/cmake/ament_cmake_export_include_directories-extras.cmake
[7.554s] -- Up-to-date: /home/kousei/ros2_ws/install/cpp_topic_pubsub/share/cpp_topic_pubsub/cmake/ament_cmake_export_libraries-extras.cmake
[7.554s] -- Up-to-date: /home/kousei/ros2_ws/install/cpp_topic_pubsub/share/cpp_topic_pubsub/cmake/ament_cmake_export_targets-extras.cmake
[7.554s] -- Up-to-date: /home/kousei/ros2_ws/install/cpp_topic_pubsub/share/cpp_topic_pubsub/cmake/rosidl_cmake_export_typesupport_targets-extras.cmake
[7.554s] -- Up-to-date: /home/kousei/ros2_ws/install/cpp_topic_pubsub/share/cpp_topic_pubsub/cmake/ament_cmake_export_dependencies-extras.cmake
[7.554s] -- Up-to-date: /home/kousei/ros2_ws/install/cpp_topic_pubsub/share/cpp_topic_pubsub/cmake/rosidl_cmake_export_typesupport_libraries-extras.cmake
[7.554s] -- Up-to-date: /home/kousei/ros2_ws/install/cpp_topic_pubsub/share/cpp_topic_pubsub/cmake/cpp_topic_pubsubConfig.cmake
[7.554s] -- Up-to-date: /home/kousei/ros2_ws/install/cpp_topic_pubsub/share/cpp_topic_pubsub/cmake/cpp_topic_pubsubConfig-version.cmake
[7.555s] -- Installing: /home/kousei/ros2_ws/install/cpp_topic_pubsub/share/cpp_topic_pubsub/package.xml
[7.556s] Invoked command in '/home/kousei/ros2_ws/build/cpp_topic_pubsub' returned '0': CMAKE_PREFIX_PATH=/opt/ros/humble /usr/bin/cmake --install /home/kousei/ros2_ws/build/cpp_topic_pubsub
