-- Found ament_cmake: 1.3.5 (/opt/ros/humble/share/ament_cmake/cmake)
-- Found rclcpp: 16.0.5 (/opt/ros/humble/share/rclcpp/cmake)
-- Found rosidl_generator_c: 3.1.5 (/opt/ros/humble/share/rosidl_generator_c/cmake)
-- Found rosidl_adapter: 3.1.5 (/opt/ros/humble/share/rosidl_adapter/cmake)
-- Found rosidl_generator_cpp: 3.1.5 (/opt/ros/humble/share/rosidl_generator_cpp/cmake)
-- Using all available rosidl_typesupport_c: rosidl_typesupport_fastrtps_c;rosidl_typesupport_introspection_c
-- Using all available rosidl_typesupport_cpp: rosidl_typesupport_fastrtps_cpp;rosidl_typesupport_introspection_cpp
-- Found rmw_implementation_cmake: 6.1.1 (/opt/ros/humble/share/rmw_implementation_cmake/cmake)
-- Found rmw_fastrtps_cpp: 6.2.3 (/opt/ros/humble/share/rmw_fastrtps_cpp/cmake)
-- Using RMW implementation 'rmw_fastrtps_cpp' as default
-- Found rosidl_default_generators: 1.2.0 (/opt/ros/humble/share/rosidl_default_generators/cmake)
-- Found ament_lint_auto: 0.12.7 (/opt/ros/humble/share/ament_lint_auto/cmake)
-- Found ament_cmake_ros: 0.10.0 (/opt/ros/humble/share/ament_cmake_ros/cmake)
-- Using all available rosidl_typesupport_c: rosidl_typesupport_fastrtps_c;rosidl_typesupport_introspection_c
-- Using all available rosidl_typesupport_cpp: rosidl_typesupport_fastrtps_cpp;rosidl_typesupport_introspection_cpp
-- Found python_cmake_module: 0.10.0 (/opt/ros/humble/share/python_cmake_module/cmake)
-- Using PYTHON_EXECUTABLE: /usr/bin/python3
-- Using PYTHON_INCLUDE_DIRS: /usr/include/python3.10
-- Using PYTHON_LIBRARIES: /usr/lib/x86_64-linux-gnu/libpython3.10.so
-- Added test 'cppcheck' to perform static code analysis on C / C++ code
-- Configured cppcheck include dirs: $<BUILD_INTERFACE:/home/osawakousei/ros2_ws/src/cpp_server_client/build/cpp_server_client/rosidl_generator_c>;$<BUILD_INTERFACE:/home/osawakousei/ros2_ws/src/cpp_server_client/build/cpp_server_client/rosidl_typesupport_fastrtps_c>;$<BUILD_INTERFACE:/home/osawakousei/ros2_ws/src/cpp_server_client/build/cpp_server_client/rosidl_generator_cpp>;$<BUILD_INTERFACE:/home/osawakousei/ros2_ws/src/cpp_server_client/build/cpp_server_client/rosidl_typesupport_fastrtps_cpp>;$<BUILD_INTERFACE:/home/osawakousei/ros2_ws/src/cpp_server_client/build/cpp_server_client/rosidl_typesupport_introspection_c>;$<BUILD_INTERFACE:/home/osawakousei/ros2_ws/src/cpp_server_client/build/cpp_server_client/rosidl_typesupport_introspection_cpp>;/home/osawakousei/ros2_ws/src/cpp_server_client/build/cpp_server_client/rosidl_generator_c;/home/osawakousei/ros2_ws/src/cpp_server_client/build/cpp_server_client/rosidl_generator_py
-- Configured cppcheck exclude dirs and/or files: 
-- Added test 'flake8' to check Python code syntax and style conventions
-- Added test 'lint_cmake' to check CMake code style
-- Added test 'pep257' to check Python code against some of the docstring style conventions in PEP 257
-- Added test 'uncrustify' to check C / C++ code style
-- Configured uncrustify additional arguments: 
-- Added test 'xmllint' to check XML markup files
-- Configuring done
-- Generating done
-- Build files have been written to: /home/osawakousei/ros2_ws/src/cpp_server_client/build/cpp_server_client
[  2%] [34m[1mGenerating C code for ROS interfaces[0m
[  5%] [34m[1mGenerating C++ code for ROS interfaces[0m
[  5%] Built target ament_cmake_python_copy_cpp_server_client
[35m[1mConsolidate compiler generated dependencies of target cpp_server_client__rosidl_generator_c[0m
[  8%] [32mBuilding C object CMakeFiles/cpp_server_client__rosidl_generator_c.dir/rosidl_generator_c/cpp_server_client/srv/detail/practice_srv__functions.c.o[0m
[  8%] Built target cpp_server_client__cpp
[ 11%] [34m[1mGenerating C++ type support dispatch for ROS interfaces[0m
[ 14%] [34m[1mGenerating C++ introspection for ROS interfaces[0m
[ 17%] [34m[1mGenerating C++ type support for eProsima Fast-RTPS[0m
running egg_info
writing cpp_server_client.egg-info/PKG-INFO
writing dependency_links to cpp_server_client.egg-info/dependency_links.txt
writing top-level names to cpp_server_client.egg-info/top_level.txt
reading manifest file 'cpp_server_client.egg-info/SOURCES.txt'
writing manifest file 'cpp_server_client.egg-info/SOURCES.txt'
[ 17%] Built target ament_cmake_python_build_cpp_server_client_egg
[ 20%] [32m[1mLinking C shared library libcpp_server_client__rosidl_generator_c.so[0m
[ 20%] Built target cpp_server_client__rosidl_generator_c
[ 28%] [34m[1mGenerating C introspection for ROS interfaces[0m
[ 28%] [34m[1mGenerating C type support dispatch for ROS interfaces[0m
[ 28%] [34m[1mGenerating C type support for eProsima Fast-RTPS[0m
[35m[1mConsolidate compiler generated dependencies of target cpp_server_client__rosidl_typesupport_cpp[0m
[ 31%] [32mBuilding CXX object CMakeFiles/cpp_server_client__rosidl_typesupport_cpp.dir/rosidl_typesupport_cpp/cpp_server_client/srv/practice_srv__type_support.cpp.o[0m
[35m[1mConsolidate compiler generated dependencies of target cpp_server_client__rosidl_typesupport_introspection_cpp[0m
[ 34%] [32mBuilding CXX object CMakeFiles/cpp_server_client__rosidl_typesupport_introspection_cpp.dir/rosidl_typesupport_introspection_cpp/cpp_server_client/srv/detail/practice_srv__type_support.cpp.o[0m
[35m[1mConsolidate compiler generated dependencies of target cpp_server_client__rosidl_typesupport_fastrtps_cpp[0m
[ 37%] [32mBuilding CXX object CMakeFiles/cpp_server_client__rosidl_typesupport_fastrtps_cpp.dir/rosidl_typesupport_fastrtps_cpp/cpp_server_client/srv/detail/dds_fastrtps/practice_srv__type_support.cpp.o[0m
[35m[1mConsolidate compiler generated dependencies of target cpp_server_client__rosidl_typesupport_c[0m
[ 40%] [32mBuilding CXX object CMakeFiles/cpp_server_client__rosidl_typesupport_c.dir/rosidl_typesupport_c/cpp_server_client/srv/practice_srv__type_support.cpp.o[0m
[35m[1mConsolidate compiler generated dependencies of target cpp_server_client__rosidl_typesupport_introspection_c[0m
[35m[1mConsolidate compiler generated dependencies of target cpp_server_client__rosidl_typesupport_fastrtps_c[0m
[ 42%] [32mBuilding C object CMakeFiles/cpp_server_client__rosidl_typesupport_introspection_c.dir/rosidl_typesupport_introspection_c/cpp_server_client/srv/detail/practice_srv__type_support.c.o[0m
[ 45%] [32mBuilding CXX object CMakeFiles/cpp_server_client__rosidl_typesupport_fastrtps_c.dir/rosidl_typesupport_fastrtps_c/cpp_server_client/srv/detail/practice_srv__type_support_c.cpp.o[0m
[ 48%] [32m[1mLinking CXX shared library libcpp_server_client__rosidl_typesupport_c.so[0m
[ 51%] [32m[1mLinking C shared library libcpp_server_client__rosidl_typesupport_introspection_c.so[0m
[ 51%] Built target cpp_server_client__rosidl_typesupport_c
[ 51%] Built target cpp_server_client__rosidl_typesupport_introspection_c
[ 54%] [32m[1mLinking CXX shared library libcpp_server_client__rosidl_typesupport_cpp.so[0m
[ 54%] Built target cpp_server_client__rosidl_typesupport_cpp
[35m[1mConsolidate compiler generated dependencies of target practice_server_node[0m
[35m[1mConsolidate compiler generated dependencies of target practice_client_node[0m
[ 57%] [32mBuilding CXX object CMakeFiles/practice_client_node.dir/src/client_node.cpp.o[0m
[ 60%] [32mBuilding CXX object CMakeFiles/practice_server_node.dir/src/server_node.cpp.o[0m
[ 62%] [32m[1mLinking CXX shared library libcpp_server_client__rosidl_typesupport_fastrtps_cpp.so[0m
[ 65%] [32m[1mLinking CXX shared library libcpp_server_client__rosidl_typesupport_fastrtps_c.so[0m
[ 68%] [32m[1mLinking CXX shared library libcpp_server_client__rosidl_typesupport_introspection_cpp.so[0m
[ 68%] Built target cpp_server_client__rosidl_typesupport_introspection_cpp
[ 68%] Built target cpp_server_client__rosidl_typesupport_fastrtps_cpp
[ 68%] Built target cpp_server_client__rosidl_typesupport_fastrtps_c
[ 68%] Built target cpp_server_client
[ 71%] [34m[1mGenerating Python code for ROS interfaces[0m
[ 71%] Built target cpp_server_client__py
[35m[1mConsolidate compiler generated dependencies of target cpp_server_client__rosidl_generator_py[0m
[ 74%] [32mBuilding C object CMakeFiles/cpp_server_client__rosidl_generator_py.dir/rosidl_generator_py/cpp_server_client/srv/_practice_srv_s.c.o[0m
[ 77%] [32m[1mLinking C shared library rosidl_generator_py/cpp_server_client/libcpp_server_client__rosidl_generator_py.so[0m
[ 77%] Built target cpp_server_client__rosidl_generator_py
[35m[1mConsolidate compiler generated dependencies of target cpp_server_client__rosidl_typesupport_fastrtps_c__pyext[0m
[35m[1mConsolidate compiler generated dependencies of target cpp_server_client__rosidl_typesupport_introspection_c__pyext[0m
[35m[1mConsolidate compiler generated dependencies of target cpp_server_client__rosidl_typesupport_c__pyext[0m
[ 80%] [32mBuilding C object CMakeFiles/cpp_server_client__rosidl_typesupport_fastrtps_c__pyext.dir/rosidl_generator_py/cpp_server_client/_cpp_server_client_s.ep.rosidl_typesupport_fastrtps_c.c.o[0m
[ 82%] [32mBuilding C object CMakeFiles/cpp_server_client__rosidl_typesupport_introspection_c__pyext.dir/rosidl_generator_py/cpp_server_client/_cpp_server_client_s.ep.rosidl_typesupport_introspection_c.c.o[0m
[ 85%] [32mBuilding C object CMakeFiles/cpp_server_client__rosidl_typesupport_c__pyext.dir/rosidl_generator_py/cpp_server_client/_cpp_server_client_s.ep.rosidl_typesupport_c.c.o[0m
[ 88%] [32m[1mLinking C shared library rosidl_generator_py/cpp_server_client/cpp_server_client_s__rosidl_typesupport_fastrtps_c.cpython-310-x86_64-linux-gnu.so[0m
[ 91%] [32m[1mLinking C shared library rosidl_generator_py/cpp_server_client/cpp_server_client_s__rosidl_typesupport_introspection_c.cpython-310-x86_64-linux-gnu.so[0m
[ 94%] [32m[1mLinking C shared library rosidl_generator_py/cpp_server_client/cpp_server_client_s__rosidl_typesupport_c.cpython-310-x86_64-linux-gnu.so[0m
[ 94%] Built target cpp_server_client__rosidl_typesupport_fastrtps_c__pyext
[ 94%] Built target cpp_server_client__rosidl_typesupport_introspection_c__pyext
[ 94%] Built target cpp_server_client__rosidl_typesupport_c__pyext
[01m[K/home/osawakousei/ros2_ws/src/cpp_server_client/src/server_node.cpp:[m[K In function ‘[01m[Kvoid accumulate_sum_callback(std::shared_ptr<cpp_server_client::srv::PracticeSrv_Request_<std::allocator<void> > >, std::shared_ptr<cpp_server_client::srv::PracticeSrv_Response_<std::allocator<void> > >)[m[K’:
[01m[K/home/osawakousei/ros2_ws/src/cpp_server_client/src/server_node.cpp:12:57:[m[K [01;31m[Kerror: [m[K‘[01m[Kusing element_type = struct cpp_server_client::srv::PracticeSrv_Request_<std::allocator<void> >[m[K’ {aka ‘[01m[Kstruct cpp_server_client::srv::PracticeSrv_Request_<std::allocator<void> >[m[K’} has no member named ‘[01m[Knum_vector[m[K’
   12 |     response->cumulative_sum = std::accumulate(request->[01;31m[Knum_vector[m[K.begin(), request->num_vector.end(), (long)0);
      |                                                         [01;31m[K^~~~~~~~~~[m[K
[01m[K/home/osawakousei/ros2_ws/src/cpp_server_client/src/server_node.cpp:12:86:[m[K [01;31m[Kerror: [m[K‘[01m[Kusing element_type = struct cpp_server_client::srv::PracticeSrv_Request_<std::allocator<void> >[m[K’ {aka ‘[01m[Kstruct cpp_server_client::srv::PracticeSrv_Request_<std::allocator<void> >[m[K’} has no member named ‘[01m[Knum_vector[m[K’
   12 |     response->cumulative_sum = std::accumulate(request->num_vector.begin(), request->[01;31m[Knum_vector[m[K.end(), (long)0);
      |                                                                                      [01;31m[K^~~~~~~~~~[m[K
[01m[K/home/osawakousei/ros2_ws/src/cpp_server_client/src/server_node.cpp:15:28:[m[K [01;31m[Kerror: [m[K‘[01m[Kusing element_type = struct cpp_server_client::srv::PracticeSrv_Request_<std::allocator<void> >[m[K’ {aka ‘[01m[Kstruct cpp_server_client::srv::PracticeSrv_Request_<std::allocator<void> >[m[K’} has no member named ‘[01m[Knum_vector[m[K’
   15 |     std::for_each(request->[01;31m[Knum_vector[m[K.begin(), request->num_vector.end(), [](const auto& tmp){
      |                            [01;31m[K^~~~~~~~~~[m[K
[01m[K/home/osawakousei/ros2_ws/src/cpp_server_client/src/server_node.cpp:15:57:[m[K [01;31m[Kerror: [m[K‘[01m[Kusing element_type = struct cpp_server_client::srv::PracticeSrv_Request_<std::allocator<void> >[m[K’ {aka ‘[01m[Kstruct cpp_server_client::srv::PracticeSrv_Request_<std::allocator<void> >[m[K’} has no member named ‘[01m[Knum_vector[m[K’
   15 |     std::for_each(request->num_vector.begin(), request->[01;31m[Knum_vector[m[K.end(), [](const auto& tmp){
      |                                                         [01;31m[K^~~~~~~~~~[m[K
[01m[K/home/osawakousei/ros2_ws/src/cpp_server_client/src/client_node.cpp:[m[K In function ‘[01m[Kint main(int, char**)[m[K’:
[01m[K/home/osawakousei/ros2_ws/src/cpp_server_client/src/client_node.cpp:29:84:[m[K [01;31m[Kerror: [m[K‘[01m[Kusing element_type = struct cpp_server_client::srv::PracticeSrv_Request_<std::allocator<void> >[m[K’ {aka ‘[01m[Kstruct cpp_server_client::srv::PracticeSrv_Request_<std::allocator<void> >[m[K’} has no member named ‘[01m[Knum_vector[m[K’
   29 |     std::transform(input_vec.begin(), input_vec.end(), std::back_inserter(request->[01;31m[Knum_vector[m[K),
      |                                                                                    [01;31m[K^~~~~~~~~~[m[K
gmake[2]: *** [CMakeFiles/practice_server_node.dir/build.make:76: CMakeFiles/practice_server_node.dir/src/server_node.cpp.o] エラー 1
gmake[1]: *** [CMakeFiles/Makefile2:595: CMakeFiles/practice_server_node.dir/all] エラー 2
gmake[1]: *** 未完了のジョブを待っています....
gmake[2]: *** [CMakeFiles/practice_client_node.dir/build.make:76: CMakeFiles/practice_client_node.dir/src/client_node.cpp.o] エラー 1
gmake[1]: *** [CMakeFiles/Makefile2:622: CMakeFiles/practice_client_node.dir/all] エラー 2
gmake: *** [Makefile:146: all] エラー 2
