[0.224s] Invoking command in '/home/osawakousei/ros2_ws/build/cpp_topic_pubsub': CMAKE_PREFIX_PATH=${CMAKE_PREFIX_PATH}:/opt/ros/humble /usr/bin/cmake --build /home/osawakousei/ros2_ws/build/cpp_topic_pubsub -- -j8 -l8
[0.526s] [  2%] Built target cpp_topic_pubsub__cpp
[0.651s] [ 11%] Built target cpp_topic_pubsub__rosidl_generator_c
[0.791s] [ 11%] Built target ament_cmake_python_copy_cpp_topic_pubsub
[0.949s] [ 20%] Built target cpp_topic_pubsub__rosidl_typesupport_cpp
[1.020s] [ 28%] Built target cpp_topic_pubsub__rosidl_typesupport_fastrtps_cpp
[1.022s] [ 37%] Built target cpp_topic_pubsub__rosidl_typesupport_introspection_cpp
[1.156s] [ 45%] Built target cpp_topic_pubsub__rosidl_typesupport_fastrtps_c
[1.205s] [ 54%] Built target cpp_topic_pubsub__rosidl_typesupport_introspection_c
[1.211s] [ 62%] Built target cpp_topic_pubsub__rosidl_typesupport_c
[1.444s] [ 68%] Built target practice_publisher_node
[1.493s] [ 74%] Built target practice_subscriber_node
[1.551s] [ 74%] Built target cpp_topic_pubsub
[1.826s] [ 77%] Built target cpp_topic_pubsub__py
[2.090s] [ 82%] Built target cpp_topic_pubsub__rosidl_generator_py
[2.389s] [ 88%] Built target cpp_topic_pubsub__rosidl_typesupport_fastrtps_c__pyext
[2.458s] [ 94%] Built target cpp_topic_pubsub__rosidl_typesupport_introspection_c__pyext
[2.484s] [100%] Built target cpp_topic_pubsub__rosidl_typesupport_c__pyext
[3.048s] running egg_info
[3.049s] writing cpp_topic_pubsub.egg-info/PKG-INFO
[3.050s] writing dependency_links to cpp_topic_pubsub.egg-info/dependency_links.txt
[3.050s] writing top-level names to cpp_topic_pubsub.egg-info/top_level.txt
[3.061s] reading manifest file 'cpp_topic_pubsub.egg-info/SOURCES.txt'
[3.061s] writing manifest file 'cpp_topic_pubsub.egg-info/SOURCES.txt'
[3.160s] [100%] Built target ament_cmake_python_build_cpp_topic_pubsub_egg
[3.210s] Invoked command in '/home/osawakousei/ros2_ws/build/cpp_topic_pubsub' returned '0': CMAKE_PREFIX_PATH=${CMAKE_PREFIX_PATH}:/opt/ros/humble /usr/bin/cmake --build /home/osawakousei/ros2_ws/build/cpp_topic_pubsub -- -j8 -l8
[3.939s] Invoking command in '/home/osawakousei/ros2_ws/build/cpp_topic_pubsub': CMAKE_PREFIX_PATH=${CMAKE_PREFIX_PATH}:/opt/ros/humble /usr/bin/cmake --install /home/osawakousei/ros2_ws/build/cpp_topic_pubsub
[3.983s] -- Install configuration: ""
[3.985s] -- Up-to-date: /home/osawakousei/ros2_ws/install/cpp_topic_pubsub/share/ament_index/resource_index/rosidl_interfaces/cpp_topic_pubsub
[3.985s] -- Up-to-date: /home/osawakousei/ros2_ws/install/cpp_topic_pubsub/include/cpp_topic_pubsub/cpp_topic_pubsub
[3.986s] -- Up-to-date: /home/osawakousei/ros2_ws/install/cpp_topic_pubsub/include/cpp_topic_pubsub/cpp_topic_pubsub/msg
[3.987s] -- Up-to-date: /home/osawakousei/ros2_ws/install/cpp_topic_pubsub/include/cpp_topic_pubsub/cpp_topic_pubsub/msg/practice_msg.h
[3.988s] -- Up-to-date: /home/osawakousei/ros2_ws/install/cpp_topic_pubsub/include/cpp_topic_pubsub/cpp_topic_pubsub/msg/rosidl_generator_c__visibility_control.h
[3.988s] -- Up-to-date: /home/osawakousei/ros2_ws/install/cpp_topic_pubsub/include/cpp_topic_pubsub/cpp_topic_pubsub/msg/detail
[3.988s] -- Up-to-date: /home/osawakousei/ros2_ws/install/cpp_topic_pubsub/include/cpp_topic_pubsub/cpp_topic_pubsub/msg/detail/practice_msg__struct.h
[3.989s] -- Up-to-date: /home/osawakousei/ros2_ws/install/cpp_topic_pubsub/include/cpp_topic_pubsub/cpp_topic_pubsub/msg/detail/practice_msg__functions.c
[3.996s] -- Up-to-date: /home/osawakousei/ros2_ws/install/cpp_topic_pubsub/include/cpp_topic_pubsub/cpp_topic_pubsub/msg/detail/practice_msg__type_support.h
[3.997s] -- Up-to-date: /home/osawakousei/ros2_ws/install/cpp_topic_pubsub/include/cpp_topic_pubsub/cpp_topic_pubsub/msg/detail/practice_msg__functions.h
[3.997s] -- Up-to-date: /home/osawakousei/ros2_ws/install/cpp_topic_pubsub/share/cpp_topic_pubsub/environment/library_path.sh
[3.997s] -- Up-to-date: /home/osawakousei/ros2_ws/install/cpp_topic_pubsub/share/cpp_topic_pubsub/environment/library_path.dsv
[3.997s] -- Up-to-date: /home/osawakousei/ros2_ws/install/cpp_topic_pubsub/lib/libcpp_topic_pubsub__rosidl_generator_c.so
[3.998s] -- Up-to-date: /home/osawakousei/ros2_ws/install/cpp_topic_pubsub/include/cpp_topic_pubsub/cpp_topic_pubsub
[3.999s] -- Up-to-date: /home/osawakousei/ros2_ws/install/cpp_topic_pubsub/include/cpp_topic_pubsub/cpp_topic_pubsub/msg
[3.999s] -- Up-to-date: /home/osawakousei/ros2_ws/install/cpp_topic_pubsub/include/cpp_topic_pubsub/cpp_topic_pubsub/msg/detail
[3.999s] -- Up-to-date: /home/osawakousei/ros2_ws/install/cpp_topic_pubsub/include/cpp_topic_pubsub/cpp_topic_pubsub/msg/detail/practice_msg__rosidl_typesupport_fastrtps_c.h
[3.999s] -- Up-to-date: /home/osawakousei/ros2_ws/install/cpp_topic_pubsub/include/cpp_topic_pubsub/cpp_topic_pubsub/msg/rosidl_typesupport_fastrtps_c__visibility_control.h
[4.000s] -- Up-to-date: /home/osawakousei/ros2_ws/install/cpp_topic_pubsub/lib/libcpp_topic_pubsub__rosidl_typesupport_fastrtps_c.so
[4.000s] -- Up-to-date: /home/osawakousei/ros2_ws/install/cpp_topic_pubsub/include/cpp_topic_pubsub/cpp_topic_pubsub
[4.000s] -- Up-to-date: /home/osawakousei/ros2_ws/install/cpp_topic_pubsub/include/cpp_topic_pubsub/cpp_topic_pubsub/msg
[4.001s] -- Up-to-date: /home/osawakousei/ros2_ws/install/cpp_topic_pubsub/include/cpp_topic_pubsub/cpp_topic_pubsub/msg/practice_msg.hpp
[4.001s] -- Up-to-date: /home/osawakousei/ros2_ws/install/cpp_topic_pubsub/include/cpp_topic_pubsub/cpp_topic_pubsub/msg/detail
[4.001s] -- Up-to-date: /home/osawakousei/ros2_ws/install/cpp_topic_pubsub/include/cpp_topic_pubsub/cpp_topic_pubsub/msg/detail/practice_msg__traits.hpp
[4.002s] -- Up-to-date: /home/osawakousei/ros2_ws/install/cpp_topic_pubsub/include/cpp_topic_pubsub/cpp_topic_pubsub/msg/detail/practice_msg__struct.hpp
[4.002s] -- Up-to-date: /home/osawakousei/ros2_ws/install/cpp_topic_pubsub/include/cpp_topic_pubsub/cpp_topic_pubsub/msg/detail/practice_msg__builder.hpp
[4.002s] -- Up-to-date: /home/osawakousei/ros2_ws/install/cpp_topic_pubsub/include/cpp_topic_pubsub/cpp_topic_pubsub
[4.002s] -- Up-to-date: /home/osawakousei/ros2_ws/install/cpp_topic_pubsub/include/cpp_topic_pubsub/cpp_topic_pubsub/msg
[4.003s] -- Up-to-date: /home/osawakousei/ros2_ws/install/cpp_topic_pubsub/include/cpp_topic_pubsub/cpp_topic_pubsub/msg/rosidl_typesupport_fastrtps_cpp__visibility_control.h
[4.003s] -- Up-to-date: /home/osawakousei/ros2_ws/install/cpp_topic_pubsub/include/cpp_topic_pubsub/cpp_topic_pubsub/msg/detail
[4.004s] -- Up-to-date: /home/osawakousei/ros2_ws/install/cpp_topic_pubsub/include/cpp_topic_pubsub/cpp_topic_pubsub/msg/detail/dds_fastrtps
[4.004s] -- Up-to-date: /home/osawakousei/ros2_ws/install/cpp_topic_pubsub/include/cpp_topic_pubsub/cpp_topic_pubsub/msg/detail/practice_msg__rosidl_typesupport_fastrtps_cpp.hpp
[4.004s] -- Up-to-date: /home/osawakousei/ros2_ws/install/cpp_topic_pubsub/lib/libcpp_topic_pubsub__rosidl_typesupport_fastrtps_cpp.so
[4.005s] -- Up-to-date: /home/osawakousei/ros2_ws/install/cpp_topic_pubsub/include/cpp_topic_pubsub/cpp_topic_pubsub
[4.005s] -- Up-to-date: /home/osawakousei/ros2_ws/install/cpp_topic_pubsub/include/cpp_topic_pubsub/cpp_topic_pubsub/msg
[4.005s] -- Up-to-date: /home/osawakousei/ros2_ws/install/cpp_topic_pubsub/include/cpp_topic_pubsub/cpp_topic_pubsub/msg/rosidl_typesupport_introspection_c__visibility_control.h
[4.006s] -- Up-to-date: /home/osawakousei/ros2_ws/install/cpp_topic_pubsub/include/cpp_topic_pubsub/cpp_topic_pubsub/msg/detail
[4.006s] -- Up-to-date: /home/osawakousei/ros2_ws/install/cpp_topic_pubsub/include/cpp_topic_pubsub/cpp_topic_pubsub/msg/detail/practice_msg__rosidl_typesupport_introspection_c.h
[4.007s] -- Up-to-date: /home/osawakousei/ros2_ws/install/cpp_topic_pubsub/include/cpp_topic_pubsub/cpp_topic_pubsub/msg/detail/practice_msg__type_support.c
[4.007s] -- Up-to-date: /home/osawakousei/ros2_ws/install/cpp_topic_pubsub/lib/libcpp_topic_pubsub__rosidl_typesupport_introspection_c.so
[4.007s] -- Up-to-date: /home/osawakousei/ros2_ws/install/cpp_topic_pubsub/lib/libcpp_topic_pubsub__rosidl_typesupport_c.so
[4.009s] -- Up-to-date: /home/osawakousei/ros2_ws/install/cpp_topic_pubsub/include/cpp_topic_pubsub/cpp_topic_pubsub
[4.010s] -- Up-to-date: /home/osawakousei/ros2_ws/install/cpp_topic_pubsub/include/cpp_topic_pubsub/cpp_topic_pubsub/msg
[4.010s] -- Up-to-date: /home/osawakousei/ros2_ws/install/cpp_topic_pubsub/include/cpp_topic_pubsub/cpp_topic_pubsub/msg/detail
[4.010s] -- Up-to-date: /home/osawakousei/ros2_ws/install/cpp_topic_pubsub/include/cpp_topic_pubsub/cpp_topic_pubsub/msg/detail/practice_msg__rosidl_typesupport_introspection_cpp.hpp
[4.010s] -- Up-to-date: /home/osawakousei/ros2_ws/install/cpp_topic_pubsub/include/cpp_topic_pubsub/cpp_topic_pubsub/msg/detail/practice_msg__type_support.cpp
[4.011s] -- Up-to-date: /home/osawakousei/ros2_ws/install/cpp_topic_pubsub/lib/libcpp_topic_pubsub__rosidl_typesupport_introspection_cpp.so
[4.011s] -- Up-to-date: /home/osawakousei/ros2_ws/install/cpp_topic_pubsub/lib/libcpp_topic_pubsub__rosidl_typesupport_cpp.so
[4.011s] -- Up-to-date: /home/osawakousei/ros2_ws/install/cpp_topic_pubsub/share/cpp_topic_pubsub/environment/pythonpath.sh
[4.011s] -- Up-to-date: /home/osawakousei/ros2_ws/install/cpp_topic_pubsub/share/cpp_topic_pubsub/environment/pythonpath.dsv
[4.011s] -- Up-to-date: /home/osawakousei/ros2_ws/install/cpp_topic_pubsub/local/lib/python3.10/dist-packages/cpp_topic_pubsub-0.0.0-py3.10.egg-info
[4.012s] -- Installing: /home/osawakousei/ros2_ws/install/cpp_topic_pubsub/local/lib/python3.10/dist-packages/cpp_topic_pubsub-0.0.0-py3.10.egg-info/top_level.txt
[4.012s] -- Installing: /home/osawakousei/ros2_ws/install/cpp_topic_pubsub/local/lib/python3.10/dist-packages/cpp_topic_pubsub-0.0.0-py3.10.egg-info/SOURCES.txt
[4.012s] -- Installing: /home/osawakousei/ros2_ws/install/cpp_topic_pubsub/local/lib/python3.10/dist-packages/cpp_topic_pubsub-0.0.0-py3.10.egg-info/dependency_links.txt
[4.012s] -- Installing: /home/osawakousei/ros2_ws/install/cpp_topic_pubsub/local/lib/python3.10/dist-packages/cpp_topic_pubsub-0.0.0-py3.10.egg-info/PKG-INFO
[4.013s] -- Up-to-date: /home/osawakousei/ros2_ws/install/cpp_topic_pubsub/local/lib/python3.10/dist-packages/cpp_topic_pubsub
[4.013s] -- Up-to-date: /home/osawakousei/ros2_ws/install/cpp_topic_pubsub/local/lib/python3.10/dist-packages/cpp_topic_pubsub/_cpp_topic_pubsub_s.ep.rosidl_typesupport_fastrtps_c.c
[4.013s] -- Up-to-date: /home/osawakousei/ros2_ws/install/cpp_topic_pubsub/local/lib/python3.10/dist-packages/cpp_topic_pubsub/cpp_topic_pubsub_s__rosidl_typesupport_c.cpython-310-x86_64-linux-gnu.so
[4.013s] -- Up-to-date: /home/osawakousei/ros2_ws/install/cpp_topic_pubsub/local/lib/python3.10/dist-packages/cpp_topic_pubsub/cpp_topic_pubsub_s__rosidl_typesupport_fastrtps_c.cpython-310-x86_64-linux-gnu.so
[4.014s] -- Up-to-date: /home/osawakousei/ros2_ws/install/cpp_topic_pubsub/local/lib/python3.10/dist-packages/cpp_topic_pubsub/_cpp_topic_pubsub_s.ep.rosidl_typesupport_introspection_c.c
[4.014s] -- Up-to-date: /home/osawakousei/ros2_ws/install/cpp_topic_pubsub/local/lib/python3.10/dist-packages/cpp_topic_pubsub/cpp_topic_pubsub_s__rosidl_typesupport_introspection_c.cpython-310-x86_64-linux-gnu.so
[4.014s] -- Up-to-date: /home/osawakousei/ros2_ws/install/cpp_topic_pubsub/local/lib/python3.10/dist-packages/cpp_topic_pubsub/libcpp_topic_pubsub__rosidl_generator_py.so
[4.014s] -- Up-to-date: /home/osawakousei/ros2_ws/install/cpp_topic_pubsub/local/lib/python3.10/dist-packages/cpp_topic_pubsub/__init__.py
[4.014s] -- Up-to-date: /home/osawakousei/ros2_ws/install/cpp_topic_pubsub/local/lib/python3.10/dist-packages/cpp_topic_pubsub/_cpp_topic_pubsub_s.ep.rosidl_typesupport_c.c
[4.015s] -- Up-to-date: /home/osawakousei/ros2_ws/install/cpp_topic_pubsub/local/lib/python3.10/dist-packages/cpp_topic_pubsub/msg
[4.015s] -- Up-to-date: /home/osawakousei/ros2_ws/install/cpp_topic_pubsub/local/lib/python3.10/dist-packages/cpp_topic_pubsub/msg/_practice_msg.py
[4.015s] -- Up-to-date: /home/osawakousei/ros2_ws/install/cpp_topic_pubsub/local/lib/python3.10/dist-packages/cpp_topic_pubsub/msg/__init__.py
[4.015s] -- Up-to-date: /home/osawakousei/ros2_ws/install/cpp_topic_pubsub/local/lib/python3.10/dist-packages/cpp_topic_pubsub/msg/_practice_msg_s.c
[4.149s] Listing '/home/osawakousei/ros2_ws/install/cpp_topic_pubsub/local/lib/python3.10/dist-packages/cpp_topic_pubsub'...
[4.150s] Listing '/home/osawakousei/ros2_ws/install/cpp_topic_pubsub/local/lib/python3.10/dist-packages/cpp_topic_pubsub/msg'...
[4.159s] -- Up-to-date: /home/osawakousei/ros2_ws/install/cpp_topic_pubsub/local/lib/python3.10/dist-packages/cpp_topic_pubsub/cpp_topic_pubsub_s__rosidl_typesupport_fastrtps_c.cpython-310-x86_64-linux-gnu.so
[4.160s] -- Up-to-date: /home/osawakousei/ros2_ws/install/cpp_topic_pubsub/local/lib/python3.10/dist-packages/cpp_topic_pubsub/cpp_topic_pubsub_s__rosidl_typesupport_introspection_c.cpython-310-x86_64-linux-gnu.so
[4.162s] -- Up-to-date: /home/osawakousei/ros2_ws/install/cpp_topic_pubsub/local/lib/python3.10/dist-packages/cpp_topic_pubsub/cpp_topic_pubsub_s__rosidl_typesupport_c.cpython-310-x86_64-linux-gnu.so
[4.163s] -- Up-to-date: /home/osawakousei/ros2_ws/install/cpp_topic_pubsub/lib/libcpp_topic_pubsub__rosidl_generator_py.so
[4.166s] -- Up-to-date: /home/osawakousei/ros2_ws/install/cpp_topic_pubsub/share/cpp_topic_pubsub/msg/PracticeMsg.idl
[4.166s] -- Up-to-date: /home/osawakousei/ros2_ws/install/cpp_topic_pubsub/share/cpp_topic_pubsub/msg/PracticeMsg.msg
[4.167s] -- Up-to-date: /home/osawakousei/ros2_ws/install/cpp_topic_pubsub/lib/cpp_topic_pubsub/practice_publisher_node
[4.175s] -- Up-to-date: /home/osawakousei/ros2_ws/install/cpp_topic_pubsub/lib/cpp_topic_pubsub/practice_subscriber_node
[4.176s] -- Up-to-date: /home/osawakousei/ros2_ws/install/cpp_topic_pubsub/share/ament_index/resource_index/package_run_dependencies/cpp_topic_pubsub
[4.179s] -- Up-to-date: /home/osawakousei/ros2_ws/install/cpp_topic_pubsub/share/ament_index/resource_index/parent_prefix_path/cpp_topic_pubsub
[4.183s] -- Up-to-date: /home/osawakousei/ros2_ws/install/cpp_topic_pubsub/share/cpp_topic_pubsub/environment/ament_prefix_path.sh
[4.183s] -- Up-to-date: /home/osawakousei/ros2_ws/install/cpp_topic_pubsub/share/cpp_topic_pubsub/environment/ament_prefix_path.dsv
[4.187s] -- Up-to-date: /home/osawakousei/ros2_ws/install/cpp_topic_pubsub/share/cpp_topic_pubsub/environment/path.sh
[4.190s] -- Up-to-date: /home/osawakousei/ros2_ws/install/cpp_topic_pubsub/share/cpp_topic_pubsub/environment/path.dsv
[4.193s] -- Up-to-date: /home/osawakousei/ros2_ws/install/cpp_topic_pubsub/share/cpp_topic_pubsub/local_setup.bash
[4.195s] -- Up-to-date: /home/osawakousei/ros2_ws/install/cpp_topic_pubsub/share/cpp_topic_pubsub/local_setup.sh
[4.199s] -- Up-to-date: /home/osawakousei/ros2_ws/install/cpp_topic_pubsub/share/cpp_topic_pubsub/local_setup.zsh
[4.206s] -- Up-to-date: /home/osawakousei/ros2_ws/install/cpp_topic_pubsub/share/cpp_topic_pubsub/local_setup.dsv
[4.209s] -- Installing: /home/osawakousei/ros2_ws/install/cpp_topic_pubsub/share/cpp_topic_pubsub/package.dsv
[4.210s] -- Up-to-date: /home/osawakousei/ros2_ws/install/cpp_topic_pubsub/share/ament_index/resource_index/packages/cpp_topic_pubsub
[4.210s] -- Up-to-date: /home/osawakousei/ros2_ws/install/cpp_topic_pubsub/share/cpp_topic_pubsub/cmake/export_cpp_topic_pubsub__rosidl_generator_cExport.cmake
[4.215s] -- Up-to-date: /home/osawakousei/ros2_ws/install/cpp_topic_pubsub/share/cpp_topic_pubsub/cmake/export_cpp_topic_pubsub__rosidl_generator_cExport-noconfig.cmake
[4.219s] -- Up-to-date: /home/osawakousei/ros2_ws/install/cpp_topic_pubsub/share/cpp_topic_pubsub/cmake/export_cpp_topic_pubsub__rosidl_typesupport_fastrtps_cExport.cmake
[4.224s] -- Up-to-date: /home/osawakousei/ros2_ws/install/cpp_topic_pubsub/share/cpp_topic_pubsub/cmake/export_cpp_topic_pubsub__rosidl_typesupport_fastrtps_cExport-noconfig.cmake
[4.228s] -- Up-to-date: /home/osawakousei/ros2_ws/install/cpp_topic_pubsub/share/cpp_topic_pubsub/cmake/export_cpp_topic_pubsub__rosidl_generator_cppExport.cmake
[4.228s] -- Up-to-date: /home/osawakousei/ros2_ws/install/cpp_topic_pubsub/share/cpp_topic_pubsub/cmake/export_cpp_topic_pubsub__rosidl_typesupport_fastrtps_cppExport.cmake
[4.229s] -- Up-to-date: /home/osawakousei/ros2_ws/install/cpp_topic_pubsub/share/cpp_topic_pubsub/cmake/export_cpp_topic_pubsub__rosidl_typesupport_fastrtps_cppExport-noconfig.cmake
[4.244s] -- Up-to-date: /home/osawakousei/ros2_ws/install/cpp_topic_pubsub/share/cpp_topic_pubsub/cmake/cpp_topic_pubsub__rosidl_typesupport_introspection_cExport.cmake
[4.245s] -- Up-to-date: /home/osawakousei/ros2_ws/install/cpp_topic_pubsub/share/cpp_topic_pubsub/cmake/cpp_topic_pubsub__rosidl_typesupport_introspection_cExport-noconfig.cmake
[4.246s] -- Up-to-date: /home/osawakousei/ros2_ws/install/cpp_topic_pubsub/share/cpp_topic_pubsub/cmake/cpp_topic_pubsub__rosidl_typesupport_cExport.cmake
[4.249s] -- Up-to-date: /home/osawakousei/ros2_ws/install/cpp_topic_pubsub/share/cpp_topic_pubsub/cmake/cpp_topic_pubsub__rosidl_typesupport_cExport-noconfig.cmake
[4.249s] -- Up-to-date: /home/osawakousei/ros2_ws/install/cpp_topic_pubsub/share/cpp_topic_pubsub/cmake/cpp_topic_pubsub__rosidl_typesupport_introspection_cppExport.cmake
[4.250s] -- Up-to-date: /home/osawakousei/ros2_ws/install/cpp_topic_pubsub/share/cpp_topic_pubsub/cmake/cpp_topic_pubsub__rosidl_typesupport_introspection_cppExport-noconfig.cmake
[4.251s] -- Up-to-date: /home/osawakousei/ros2_ws/install/cpp_topic_pubsub/share/cpp_topic_pubsub/cmake/cpp_topic_pubsub__rosidl_typesupport_cppExport.cmake
[4.251s] -- Up-to-date: /home/osawakousei/ros2_ws/install/cpp_topic_pubsub/share/cpp_topic_pubsub/cmake/cpp_topic_pubsub__rosidl_typesupport_cppExport-noconfig.cmake
[4.251s] -- Up-to-date: /home/osawakousei/ros2_ws/install/cpp_topic_pubsub/share/cpp_topic_pubsub/cmake/export_cpp_topic_pubsub__rosidl_generator_pyExport.cmake
[4.252s] -- Up-to-date: /home/osawakousei/ros2_ws/install/cpp_topic_pubsub/share/cpp_topic_pubsub/cmake/export_cpp_topic_pubsub__rosidl_generator_pyExport-noconfig.cmake
[4.252s] -- Up-to-date: /home/osawakousei/ros2_ws/install/cpp_topic_pubsub/share/cpp_topic_pubsub/cmake/rosidl_cmake-extras.cmake
[4.269s] -- Up-to-date: /home/osawakousei/ros2_ws/install/cpp_topic_pubsub/share/cpp_topic_pubsub/cmake/ament_cmake_export_include_directories-extras.cmake
[4.269s] -- Up-to-date: /home/osawakousei/ros2_ws/install/cpp_topic_pubsub/share/cpp_topic_pubsub/cmake/ament_cmake_export_libraries-extras.cmake
[4.272s] -- Up-to-date: /home/osawakousei/ros2_ws/install/cpp_topic_pubsub/share/cpp_topic_pubsub/cmake/ament_cmake_export_targets-extras.cmake
[4.273s] -- Up-to-date: /home/osawakousei/ros2_ws/install/cpp_topic_pubsub/share/cpp_topic_pubsub/cmake/rosidl_cmake_export_typesupport_targets-extras.cmake
[4.274s] -- Up-to-date: /home/osawakousei/ros2_ws/install/cpp_topic_pubsub/share/cpp_topic_pubsub/cmake/ament_cmake_export_dependencies-extras.cmake
[4.275s] -- Up-to-date: /home/osawakousei/ros2_ws/install/cpp_topic_pubsub/share/cpp_topic_pubsub/cmake/rosidl_cmake_export_typesupport_libraries-extras.cmake
[4.276s] -- Up-to-date: /home/osawakousei/ros2_ws/install/cpp_topic_pubsub/share/cpp_topic_pubsub/cmake/cpp_topic_pubsubConfig.cmake
[4.277s] -- Up-to-date: /home/osawakousei/ros2_ws/install/cpp_topic_pubsub/share/cpp_topic_pubsub/cmake/cpp_topic_pubsubConfig-version.cmake
[4.277s] -- Up-to-date: /home/osawakousei/ros2_ws/install/cpp_topic_pubsub/share/cpp_topic_pubsub/package.xml
[4.323s] Invoked command in '/home/osawakousei/ros2_ws/build/cpp_topic_pubsub' returned '0': CMAKE_PREFIX_PATH=${CMAKE_PREFIX_PATH}:/opt/ros/humble /usr/bin/cmake --install /home/osawakousei/ros2_ws/build/cpp_topic_pubsub
