[0.034s] Invoking command in '/home/kousei/ros2_ws/src/build/ignition_lecture': CMAKE_PREFIX_PATH=/opt/ros/humble /usr/bin/cmake /home/kousei/ros2_ws/src/ignition_lecture -DCMAKE_INSTALL_PREFIX=/home/kousei/ros2_ws/src/install/ignition_lecture
[0.071s] -- The C compiler identification is GNU 11.4.0
[0.105s] -- The CXX compiler identification is GNU 11.4.0
[0.109s] -- Detecting C compiler ABI info
[0.151s] -- Detecting C compiler ABI info - done
[0.158s] -- Check for working C compiler: /usr/bin/cc - skipped
[0.159s] -- Detecting C compile features
[0.159s] -- Detecting C compile features - done
[0.162s] -- Detecting CXX compiler ABI info
[0.214s] -- Detecting CXX compiler ABI info - done
[0.222s] -- Check for working CXX compiler: /usr/bin/c++ - skipped
[0.223s] -- Detecting CXX compile features
[0.223s] -- Detecting CXX compile features - done
[0.225s] -- Found ament_cmake: 1.3.6 (/opt/ros/humble/share/ament_cmake/cmake)
[0.343s] -- Found Python3: /usr/bin/python3.10 (found version "3.10.12") found components: Interpreter 
[0.400s] -- Found ament_lint_auto: 0.12.9 (/opt/ros/humble/share/ament_lint_auto/cmake)
[0.454s] -- Added test 'flake8' to check Python code syntax and style conventions
[0.454s] -- Added test 'lint_cmake' to check CMake code style
[0.455s] -- Added test 'pep257' to check Python code against some of the docstring style conventions in PEP 257
[0.456s] -- Added test 'xmllint' to check XML markup files
[0.457s] -- Configuring done
[0.460s] -- Generating done
[0.460s] -- Build files have been written to: /home/kousei/ros2_ws/src/build/ignition_lecture
[0.464s] Invoked command in '/home/kousei/ros2_ws/src/build/ignition_lecture' returned '0': CMAKE_PREFIX_PATH=/opt/ros/humble /usr/bin/cmake /home/kousei/ros2_ws/src/ignition_lecture -DCMAKE_INSTALL_PREFIX=/home/kousei/ros2_ws/src/install/ignition_lecture
[0.466s] Invoking command in '/home/kousei/ros2_ws/src/build/ignition_lecture': CMAKE_PREFIX_PATH=/opt/ros/humble /usr/bin/cmake --build /home/kousei/ros2_ws/src/build/ignition_lecture -- -j16 -l16
[0.488s] Invoked command in '/home/kousei/ros2_ws/src/build/ignition_lecture' returned '0': CMAKE_PREFIX_PATH=/opt/ros/humble /usr/bin/cmake --build /home/kousei/ros2_ws/src/build/ignition_lecture -- -j16 -l16
[0.507s] Invoking command in '/home/kousei/ros2_ws/src/build/ignition_lecture': CMAKE_PREFIX_PATH=/opt/ros/humble /usr/bin/cmake --install /home/kousei/ros2_ws/src/build/ignition_lecture
[0.511s] -- Install configuration: ""
[0.511s] -- Installing: /home/kousei/ros2_ws/src/install/ignition_lecture/share/ignition_lecture/environment/ignition_lecture.dsv
[0.511s] -- Installing: /home/kousei/ros2_ws/src/install/ignition_lecture/share/ament_index/resource_index/package_run_dependencies/ignition_lecture
[0.511s] -- Installing: /home/kousei/ros2_ws/src/install/ignition_lecture/share/ament_index/resource_index/parent_prefix_path/ignition_lecture
[0.511s] -- Installing: /home/kousei/ros2_ws/src/install/ignition_lecture/share/ignition_lecture/environment/ament_prefix_path.sh
[0.511s] -- Installing: /home/kousei/ros2_ws/src/install/ignition_lecture/share/ignition_lecture/environment/ament_prefix_path.dsv
[0.511s] -- Installing: /home/kousei/ros2_ws/src/install/ignition_lecture/share/ignition_lecture/environment/path.sh
[0.511s] -- Installing: /home/kousei/ros2_ws/src/install/ignition_lecture/share/ignition_lecture/environment/path.dsv
[0.511s] -- Installing: /home/kousei/ros2_ws/src/install/ignition_lecture/share/ignition_lecture/local_setup.bash
[0.512s] -- Installing: /home/kousei/ros2_ws/src/install/ignition_lecture/share/ignition_lecture/local_setup.sh
[0.512s] -- Installing: /home/kousei/ros2_ws/src/install/ignition_lecture/share/ignition_lecture/local_setup.zsh
[0.512s] -- Installing: /home/kousei/ros2_ws/src/install/ignition_lecture/share/ignition_lecture/local_setup.dsv
[0.512s] -- Installing: /home/kousei/ros2_ws/src/install/ignition_lecture/share/ignition_lecture/package.dsv
[0.512s] -- Installing: /home/kousei/ros2_ws/src/install/ignition_lecture/share/ament_index/resource_index/packages/ignition_lecture
[0.512s] -- Installing: /home/kousei/ros2_ws/src/install/ignition_lecture/share/ignition_lecture/cmake/ignition_lectureConfig.cmake
[0.512s] -- Installing: /home/kousei/ros2_ws/src/install/ignition_lecture/share/ignition_lecture/cmake/ignition_lectureConfig-version.cmake
[0.512s] -- Installing: /home/kousei/ros2_ws/src/install/ignition_lecture/share/ignition_lecture/package.xml
[0.513s] Invoked command in '/home/kousei/ros2_ws/src/build/ignition_lecture' returned '0': CMAKE_PREFIX_PATH=/opt/ros/humble /usr/bin/cmake --install /home/kousei/ros2_ws/src/build/ignition_lecture
