[0.047s] Invoking command in '/root/ros2_ws/build/cpp_topic_pubsub': /usr/bin/cmake /root/ros2_ws/src/cpp_topic_pubsub -DCMAKE_INSTALL_PREFIX=/root/ros2_ws/install/cpp_topic_pubsub
[0.103s] -- The C compiler identification is GNU 11.4.0
[0.160s] -- The CXX compiler identification is GNU 11.4.0
[0.166s] -- Detecting C compiler ABI info
[0.224s] -- Detecting C compiler ABI info - done
[0.230s] -- Check for working C compiler: /usr/bin/cc - skipped
[0.230s] -- Detecting C compile features
[0.231s] -- Detecting C compile features - done
[0.234s] -- Detecting CXX compiler ABI info
[0.300s] -- Detecting CXX compiler ABI info - done
[0.325s] -- Check for working CXX compiler: /usr/bin/c++ - skipped
[0.325s] -- Detecting CXX compile features
[0.325s] -- Detecting CXX compile features - done
[0.330s] CMake Error at CMakeLists.txt:9 (find_package):
[0.330s]   By not providing "Findament_cmake.cmake" in CMAKE_MODULE_PATH this project
[0.330s]   has asked CMake to find a package configuration file provided by
[0.330s]   "ament_cmake", but CMake did not find one.
[0.331s] 
[0.331s]   Could not find a package configuration file provided by "ament_cmake" with
[0.331s]   any of the following names:
[0.331s] 
[0.331s]     ament_cmakeConfig.cmake
[0.331s]     ament_cmake-config.cmake
[0.331s] 
[0.331s]   Add the installation prefix of "ament_cmake" to CMAKE_PREFIX_PATH or set
[0.332s]   "ament_cmake_DIR" to a directory containing one of the above files.  If
[0.332s]   "ament_cmake" provides a separate development package or SDK, be sure it
[0.332s]   has been installed.
[0.332s] 
[0.332s] 
[0.336s] -- Configuring incomplete, errors occurred!
[0.336s] See also "/root/ros2_ws/build/cpp_topic_pubsub/CMakeFiles/CMakeOutput.log".
[0.357s] Invoked command in '/root/ros2_ws/build/cpp_topic_pubsub' returned '1': /usr/bin/cmake /root/ros2_ws/src/cpp_topic_pubsub -DCMAKE_INSTALL_PREFIX=/root/ros2_ws/install/cpp_topic_pubsub
