[0.108s] Invoking command in '/home/osawakousei/ros2_ws/src/cpp_server_client/build/cpp_server_client': CMAKE_PREFIX_PATH=${CMAKE_PREFIX_PATH}:/opt/ros/humble /usr/bin/cmake --build /home/osawakousei/ros2_ws/src/cpp_server_client/build/cpp_server_client -- -j8 -l8
[0.432s] [  8%] Built target cpp_server_client__rosidl_generator_c
[0.474s] [ 11%] Built target cpp_server_client__cpp
[0.490s] [ 11%] Built target ament_cmake_python_copy_cpp_server_client
[0.617s] [ 20%] Built target cpp_server_client__rosidl_typesupport_fastrtps_c
[0.633s] [ 28%] Built target cpp_server_client__rosidl_typesupport_introspection_c
[0.641s] [ 37%] Built target cpp_server_client__rosidl_typesupport_c
[0.649s] [ 45%] Built target cpp_server_client__rosidl_typesupport_cpp
[0.675s] [ 54%] Built target cpp_server_client__rosidl_typesupport_introspection_cpp
[0.683s] [ 62%] Built target cpp_server_client__rosidl_typesupport_fastrtps_cpp
[0.733s] [35m[1mConsolidate compiler generated dependencies of target practice_client_node[0m
[0.803s] [ 62%] Built target cpp_server_client
[0.836s] [ 65%] [32mBuilding CXX object CMakeFiles/practice_server_node.dir/src/server_node.cpp.o[0m
[0.856s] [ 71%] Built target practice_client_node
[0.937s] [ 74%] Built target cpp_server_client__py
[1.062s] [ 80%] Built target cpp_server_client__rosidl_generator_py
[1.186s] [ 85%] Built target cpp_server_client__rosidl_typesupport_fastrtps_c__pyext
[1.198s] [ 91%] Built target cpp_server_client__rosidl_typesupport_c__pyext
[1.228s] [ 97%] Built target cpp_server_client__rosidl_typesupport_introspection_c__pyext
[1.621s] running egg_info
[1.623s] writing cpp_server_client.egg-info/PKG-INFO
[1.624s] writing dependency_links to cpp_server_client.egg-info/dependency_links.txt
[1.625s] writing top-level names to cpp_server_client.egg-info/top_level.txt
[1.633s] reading manifest file 'cpp_server_client.egg-info/SOURCES.txt'
[1.635s] writing manifest file 'cpp_server_client.egg-info/SOURCES.txt'
[1.723s] [ 97%] Built target ament_cmake_python_build_cpp_server_client_egg
[14.254s] [100%] [32m[1mLinking CXX executable practice_server_node[0m
[14.838s] [100%] Built target practice_server_node
[14.886s] Invoked command in '/home/osawakousei/ros2_ws/src/cpp_server_client/build/cpp_server_client' returned '0': CMAKE_PREFIX_PATH=${CMAKE_PREFIX_PATH}:/opt/ros/humble /usr/bin/cmake --build /home/osawakousei/ros2_ws/src/cpp_server_client/build/cpp_server_client -- -j8 -l8
[15.551s] Invoking command in '/home/osawakousei/ros2_ws/src/cpp_server_client/build/cpp_server_client': CMAKE_PREFIX_PATH=${CMAKE_PREFIX_PATH}:/opt/ros/humble /usr/bin/cmake --install /home/osawakousei/ros2_ws/src/cpp_server_client/build/cpp_server_client
[15.589s] -- Install configuration: ""
[15.593s] -- Up-to-date: /home/osawakousei/ros2_ws/src/cpp_server_client/install/cpp_server_client/share/ament_index/resource_index/rosidl_interfaces/cpp_server_client
[15.599s] -- Up-to-date: /home/osawakousei/ros2_ws/src/cpp_server_client/install/cpp_server_client/include/cpp_server_client/cpp_server_client
[15.599s] -- Up-to-date: /home/osawakousei/ros2_ws/src/cpp_server_client/install/cpp_server_client/include/cpp_server_client/cpp_server_client/srv
[15.599s] -- Up-to-date: /home/osawakousei/ros2_ws/src/cpp_server_client/install/cpp_server_client/include/cpp_server_client/cpp_server_client/srv/practice_srv.h
[15.600s] -- Up-to-date: /home/osawakousei/ros2_ws/src/cpp_server_client/install/cpp_server_client/include/cpp_server_client/cpp_server_client/srv/detail
[15.600s] -- Up-to-date: /home/osawakousei/ros2_ws/src/cpp_server_client/install/cpp_server_client/include/cpp_server_client/cpp_server_client/srv/detail/practice_srv__struct.h
[15.600s] -- Up-to-date: /home/osawakousei/ros2_ws/src/cpp_server_client/install/cpp_server_client/include/cpp_server_client/cpp_server_client/srv/detail/practice_srv__functions.c
[15.600s] -- Up-to-date: /home/osawakousei/ros2_ws/src/cpp_server_client/install/cpp_server_client/include/cpp_server_client/cpp_server_client/srv/detail/practice_srv__functions.h
[15.601s] -- Up-to-date: /home/osawakousei/ros2_ws/src/cpp_server_client/install/cpp_server_client/include/cpp_server_client/cpp_server_client/srv/detail/practice_srv__type_support.h
[15.601s] -- Up-to-date: /home/osawakousei/ros2_ws/src/cpp_server_client/install/cpp_server_client/include/cpp_server_client/cpp_server_client/msg
[15.601s] -- Up-to-date: /home/osawakousei/ros2_ws/src/cpp_server_client/install/cpp_server_client/include/cpp_server_client/cpp_server_client/msg/rosidl_generator_c__visibility_control.h
[15.601s] -- Up-to-date: /home/osawakousei/ros2_ws/src/cpp_server_client/install/cpp_server_client/share/cpp_server_client/environment/library_path.sh
[15.602s] -- Up-to-date: /home/osawakousei/ros2_ws/src/cpp_server_client/install/cpp_server_client/share/cpp_server_client/environment/library_path.dsv
[15.608s] -- Up-to-date: /home/osawakousei/ros2_ws/src/cpp_server_client/install/cpp_server_client/lib/libcpp_server_client__rosidl_generator_c.so
[15.609s] -- Up-to-date: /home/osawakousei/ros2_ws/src/cpp_server_client/install/cpp_server_client/include/cpp_server_client/cpp_server_client
[15.610s] -- Up-to-date: /home/osawakousei/ros2_ws/src/cpp_server_client/install/cpp_server_client/include/cpp_server_client/cpp_server_client/srv
[15.611s] -- Up-to-date: /home/osawakousei/ros2_ws/src/cpp_server_client/install/cpp_server_client/include/cpp_server_client/cpp_server_client/srv/detail
[15.611s] -- Up-to-date: /home/osawakousei/ros2_ws/src/cpp_server_client/install/cpp_server_client/include/cpp_server_client/cpp_server_client/srv/detail/practice_srv__rosidl_typesupport_fastrtps_c.h
[15.611s] -- Up-to-date: /home/osawakousei/ros2_ws/src/cpp_server_client/install/cpp_server_client/include/cpp_server_client/cpp_server_client/msg
[15.612s] -- Up-to-date: /home/osawakousei/ros2_ws/src/cpp_server_client/install/cpp_server_client/include/cpp_server_client/cpp_server_client/msg/rosidl_typesupport_fastrtps_c__visibility_control.h
[15.618s] -- Up-to-date: /home/osawakousei/ros2_ws/src/cpp_server_client/install/cpp_server_client/lib/libcpp_server_client__rosidl_typesupport_fastrtps_c.so
[15.620s] -- Up-to-date: /home/osawakousei/ros2_ws/src/cpp_server_client/install/cpp_server_client/include/cpp_server_client/cpp_server_client
[15.620s] -- Up-to-date: /home/osawakousei/ros2_ws/src/cpp_server_client/install/cpp_server_client/include/cpp_server_client/cpp_server_client/srv
[15.621s] -- Up-to-date: /home/osawakousei/ros2_ws/src/cpp_server_client/install/cpp_server_client/include/cpp_server_client/cpp_server_client/srv/detail
[15.621s] -- Up-to-date: /home/osawakousei/ros2_ws/src/cpp_server_client/install/cpp_server_client/include/cpp_server_client/cpp_server_client/srv/detail/practice_srv__traits.hpp
[15.622s] -- Up-to-date: /home/osawakousei/ros2_ws/src/cpp_server_client/install/cpp_server_client/include/cpp_server_client/cpp_server_client/srv/detail/practice_srv__struct.hpp
[15.623s] -- Up-to-date: /home/osawakousei/ros2_ws/src/cpp_server_client/install/cpp_server_client/include/cpp_server_client/cpp_server_client/srv/detail/practice_srv__builder.hpp
[15.623s] -- Up-to-date: /home/osawakousei/ros2_ws/src/cpp_server_client/install/cpp_server_client/include/cpp_server_client/cpp_server_client/srv/practice_srv.hpp
[15.624s] -- Up-to-date: /home/osawakousei/ros2_ws/src/cpp_server_client/install/cpp_server_client/include/cpp_server_client/cpp_server_client
[15.625s] -- Up-to-date: /home/osawakousei/ros2_ws/src/cpp_server_client/install/cpp_server_client/include/cpp_server_client/cpp_server_client/srv
[15.626s] -- Up-to-date: /home/osawakousei/ros2_ws/src/cpp_server_client/install/cpp_server_client/include/cpp_server_client/cpp_server_client/srv/detail
[15.627s] -- Up-to-date: /home/osawakousei/ros2_ws/src/cpp_server_client/install/cpp_server_client/include/cpp_server_client/cpp_server_client/srv/detail/practice_srv__rosidl_typesupport_fastrtps_cpp.hpp
[15.627s] -- Up-to-date: /home/osawakousei/ros2_ws/src/cpp_server_client/install/cpp_server_client/include/cpp_server_client/cpp_server_client/srv/detail/dds_fastrtps
[15.627s] -- Up-to-date: /home/osawakousei/ros2_ws/src/cpp_server_client/install/cpp_server_client/include/cpp_server_client/cpp_server_client/msg
[15.628s] -- Up-to-date: /home/osawakousei/ros2_ws/src/cpp_server_client/install/cpp_server_client/include/cpp_server_client/cpp_server_client/msg/rosidl_typesupport_fastrtps_cpp__visibility_control.h
[15.634s] -- Up-to-date: /home/osawakousei/ros2_ws/src/cpp_server_client/install/cpp_server_client/lib/libcpp_server_client__rosidl_typesupport_fastrtps_cpp.so
[15.636s] -- Up-to-date: /home/osawakousei/ros2_ws/src/cpp_server_client/install/cpp_server_client/include/cpp_server_client/cpp_server_client
[15.636s] -- Up-to-date: /home/osawakousei/ros2_ws/src/cpp_server_client/install/cpp_server_client/include/cpp_server_client/cpp_server_client/srv
[15.637s] -- Up-to-date: /home/osawakousei/ros2_ws/src/cpp_server_client/install/cpp_server_client/include/cpp_server_client/cpp_server_client/srv/detail
[15.638s] -- Up-to-date: /home/osawakousei/ros2_ws/src/cpp_server_client/install/cpp_server_client/include/cpp_server_client/cpp_server_client/srv/detail/practice_srv__type_support.c
[15.639s] -- Up-to-date: /home/osawakousei/ros2_ws/src/cpp_server_client/install/cpp_server_client/include/cpp_server_client/cpp_server_client/srv/detail/practice_srv__rosidl_typesupport_introspection_c.h
[15.639s] -- Up-to-date: /home/osawakousei/ros2_ws/src/cpp_server_client/install/cpp_server_client/include/cpp_server_client/cpp_server_client/msg
[15.640s] -- Up-to-date: /home/osawakousei/ros2_ws/src/cpp_server_client/install/cpp_server_client/include/cpp_server_client/cpp_server_client/msg/rosidl_typesupport_introspection_c__visibility_control.h
[15.646s] -- Up-to-date: /home/osawakousei/ros2_ws/src/cpp_server_client/install/cpp_server_client/lib/libcpp_server_client__rosidl_typesupport_introspection_c.so
[15.652s] -- Up-to-date: /home/osawakousei/ros2_ws/src/cpp_server_client/install/cpp_server_client/lib/libcpp_server_client__rosidl_typesupport_c.so
[15.653s] -- Up-to-date: /home/osawakousei/ros2_ws/src/cpp_server_client/install/cpp_server_client/include/cpp_server_client/cpp_server_client
[15.654s] -- Up-to-date: /home/osawakousei/ros2_ws/src/cpp_server_client/install/cpp_server_client/include/cpp_server_client/cpp_server_client/srv
[15.655s] -- Up-to-date: /home/osawakousei/ros2_ws/src/cpp_server_client/install/cpp_server_client/include/cpp_server_client/cpp_server_client/srv/detail
[15.656s] -- Up-to-date: /home/osawakousei/ros2_ws/src/cpp_server_client/install/cpp_server_client/include/cpp_server_client/cpp_server_client/srv/detail/practice_srv__rosidl_typesupport_introspection_cpp.hpp
[15.656s] -- Up-to-date: /home/osawakousei/ros2_ws/src/cpp_server_client/install/cpp_server_client/include/cpp_server_client/cpp_server_client/srv/detail/practice_srv__type_support.cpp
[15.665s] -- Up-to-date: /home/osawakousei/ros2_ws/src/cpp_server_client/install/cpp_server_client/lib/libcpp_server_client__rosidl_typesupport_introspection_cpp.so
[15.672s] -- Up-to-date: /home/osawakousei/ros2_ws/src/cpp_server_client/install/cpp_server_client/lib/libcpp_server_client__rosidl_typesupport_cpp.so
[15.673s] -- Up-to-date: /home/osawakousei/ros2_ws/src/cpp_server_client/install/cpp_server_client/share/cpp_server_client/environment/pythonpath.sh
[15.675s] -- Up-to-date: /home/osawakousei/ros2_ws/src/cpp_server_client/install/cpp_server_client/share/cpp_server_client/environment/pythonpath.dsv
[15.676s] -- Up-to-date: /home/osawakousei/ros2_ws/src/cpp_server_client/install/cpp_server_client/local/lib/python3.10/dist-packages/cpp_server_client-0.0.0-py3.10.egg-info
[15.677s] -- Installing: /home/osawakousei/ros2_ws/src/cpp_server_client/install/cpp_server_client/local/lib/python3.10/dist-packages/cpp_server_client-0.0.0-py3.10.egg-info/top_level.txt
[15.679s] -- Installing: /home/osawakousei/ros2_ws/src/cpp_server_client/install/cpp_server_client/local/lib/python3.10/dist-packages/cpp_server_client-0.0.0-py3.10.egg-info/SOURCES.txt
[15.680s] -- Installing: /home/osawakousei/ros2_ws/src/cpp_server_client/install/cpp_server_client/local/lib/python3.10/dist-packages/cpp_server_client-0.0.0-py3.10.egg-info/dependency_links.txt
[15.681s] -- Installing: /home/osawakousei/ros2_ws/src/cpp_server_client/install/cpp_server_client/local/lib/python3.10/dist-packages/cpp_server_client-0.0.0-py3.10.egg-info/PKG-INFO
[15.682s] -- Up-to-date: /home/osawakousei/ros2_ws/src/cpp_server_client/install/cpp_server_client/local/lib/python3.10/dist-packages/cpp_server_client
[15.683s] -- Up-to-date: /home/osawakousei/ros2_ws/src/cpp_server_client/install/cpp_server_client/local/lib/python3.10/dist-packages/cpp_server_client/cpp_server_client_s__rosidl_typesupport_c.cpython-310-x86_64-linux-gnu.so
[15.684s] -- Up-to-date: /home/osawakousei/ros2_ws/src/cpp_server_client/install/cpp_server_client/local/lib/python3.10/dist-packages/cpp_server_client/_cpp_server_client_s.ep.rosidl_typesupport_c.c
[15.684s] -- Up-to-date: /home/osawakousei/ros2_ws/src/cpp_server_client/install/cpp_server_client/local/lib/python3.10/dist-packages/cpp_server_client/srv
[15.685s] -- Up-to-date: /home/osawakousei/ros2_ws/src/cpp_server_client/install/cpp_server_client/local/lib/python3.10/dist-packages/cpp_server_client/srv/_practice_srv.py
[15.686s] -- Up-to-date: /home/osawakousei/ros2_ws/src/cpp_server_client/install/cpp_server_client/local/lib/python3.10/dist-packages/cpp_server_client/srv/__init__.py
[15.686s] -- Up-to-date: /home/osawakousei/ros2_ws/src/cpp_server_client/install/cpp_server_client/local/lib/python3.10/dist-packages/cpp_server_client/srv/_practice_srv_s.c
[15.687s] -- Up-to-date: /home/osawakousei/ros2_ws/src/cpp_server_client/install/cpp_server_client/local/lib/python3.10/dist-packages/cpp_server_client/libcpp_server_client__rosidl_generator_py.so
[15.688s] -- Up-to-date: /home/osawakousei/ros2_ws/src/cpp_server_client/install/cpp_server_client/local/lib/python3.10/dist-packages/cpp_server_client/cpp_server_client_s__rosidl_typesupport_fastrtps_c.cpython-310-x86_64-linux-gnu.so
[15.688s] -- Up-to-date: /home/osawakousei/ros2_ws/src/cpp_server_client/install/cpp_server_client/local/lib/python3.10/dist-packages/cpp_server_client/cpp_server_client_s__rosidl_typesupport_introspection_c.cpython-310-x86_64-linux-gnu.so
[15.689s] -- Up-to-date: /home/osawakousei/ros2_ws/src/cpp_server_client/install/cpp_server_client/local/lib/python3.10/dist-packages/cpp_server_client/__init__.py
[15.693s] -- Up-to-date: /home/osawakousei/ros2_ws/src/cpp_server_client/install/cpp_server_client/local/lib/python3.10/dist-packages/cpp_server_client/_cpp_server_client_s.ep.rosidl_typesupport_introspection_c.c
[15.694s] -- Up-to-date: /home/osawakousei/ros2_ws/src/cpp_server_client/install/cpp_server_client/local/lib/python3.10/dist-packages/cpp_server_client/_cpp_server_client_s.ep.rosidl_typesupport_fastrtps_c.c
[15.829s] Listing '/home/osawakousei/ros2_ws/src/cpp_server_client/install/cpp_server_client/local/lib/python3.10/dist-packages/cpp_server_client'...
[15.830s] Listing '/home/osawakousei/ros2_ws/src/cpp_server_client/install/cpp_server_client/local/lib/python3.10/dist-packages/cpp_server_client/srv'...
[15.846s] -- Up-to-date: /home/osawakousei/ros2_ws/src/cpp_server_client/install/cpp_server_client/local/lib/python3.10/dist-packages/cpp_server_client/cpp_server_client_s__rosidl_typesupport_fastrtps_c.cpython-310-x86_64-linux-gnu.so
[15.853s] -- Up-to-date: /home/osawakousei/ros2_ws/src/cpp_server_client/install/cpp_server_client/local/lib/python3.10/dist-packages/cpp_server_client/cpp_server_client_s__rosidl_typesupport_introspection_c.cpython-310-x86_64-linux-gnu.so
[15.860s] -- Up-to-date: /home/osawakousei/ros2_ws/src/cpp_server_client/install/cpp_server_client/local/lib/python3.10/dist-packages/cpp_server_client/cpp_server_client_s__rosidl_typesupport_c.cpython-310-x86_64-linux-gnu.so
[15.867s] -- Up-to-date: /home/osawakousei/ros2_ws/src/cpp_server_client/install/cpp_server_client/lib/libcpp_server_client__rosidl_generator_py.so
[15.869s] -- Up-to-date: /home/osawakousei/ros2_ws/src/cpp_server_client/install/cpp_server_client/share/cpp_server_client/srv/PracticeSrv.idl
[15.869s] -- Up-to-date: /home/osawakousei/ros2_ws/src/cpp_server_client/install/cpp_server_client/share/cpp_server_client/srv/PracticeSrv.srv
[15.870s] -- Up-to-date: /home/osawakousei/ros2_ws/src/cpp_server_client/install/cpp_server_client/share/cpp_server_client/srv/PracticeSrv_Request.msg
[15.871s] -- Up-to-date: /home/osawakousei/ros2_ws/src/cpp_server_client/install/cpp_server_client/share/cpp_server_client/srv/PracticeSrv_Response.msg
[15.880s] -- Installing: /home/osawakousei/ros2_ws/src/cpp_server_client/install/cpp_server_client/lib/cpp_server_client/practice_server_node
[15.886s] -- Set runtime path of "/home/osawakousei/ros2_ws/src/cpp_server_client/install/cpp_server_client/lib/cpp_server_client/practice_server_node" to ""
[15.894s] -- Installing: /home/osawakousei/ros2_ws/src/cpp_server_client/install/cpp_server_client/lib/cpp_server_client/practice_client_node
[15.903s] -- Set runtime path of "/home/osawakousei/ros2_ws/src/cpp_server_client/install/cpp_server_client/lib/cpp_server_client/practice_client_node" to ""
[15.904s] -- Up-to-date: /home/osawakousei/ros2_ws/src/cpp_server_client/install/cpp_server_client/share/ament_index/resource_index/package_run_dependencies/cpp_server_client
[15.906s] -- Up-to-date: /home/osawakousei/ros2_ws/src/cpp_server_client/install/cpp_server_client/share/ament_index/resource_index/parent_prefix_path/cpp_server_client
[15.907s] -- Up-to-date: /home/osawakousei/ros2_ws/src/cpp_server_client/install/cpp_server_client/share/cpp_server_client/environment/ament_prefix_path.sh
[15.908s] -- Up-to-date: /home/osawakousei/ros2_ws/src/cpp_server_client/install/cpp_server_client/share/cpp_server_client/environment/ament_prefix_path.dsv
[15.909s] -- Up-to-date: /home/osawakousei/ros2_ws/src/cpp_server_client/install/cpp_server_client/share/cpp_server_client/environment/path.sh
[15.910s] -- Up-to-date: /home/osawakousei/ros2_ws/src/cpp_server_client/install/cpp_server_client/share/cpp_server_client/environment/path.dsv
[15.911s] -- Up-to-date: /home/osawakousei/ros2_ws/src/cpp_server_client/install/cpp_server_client/share/cpp_server_client/local_setup.bash
[15.912s] -- Up-to-date: /home/osawakousei/ros2_ws/src/cpp_server_client/install/cpp_server_client/share/cpp_server_client/local_setup.sh
[15.913s] -- Up-to-date: /home/osawakousei/ros2_ws/src/cpp_server_client/install/cpp_server_client/share/cpp_server_client/local_setup.zsh
[15.914s] -- Up-to-date: /home/osawakousei/ros2_ws/src/cpp_server_client/install/cpp_server_client/share/cpp_server_client/local_setup.dsv
[15.915s] -- Installing: /home/osawakousei/ros2_ws/src/cpp_server_client/install/cpp_server_client/share/cpp_server_client/package.dsv
[15.921s] -- Up-to-date: /home/osawakousei/ros2_ws/src/cpp_server_client/install/cpp_server_client/share/ament_index/resource_index/packages/cpp_server_client
[15.925s] -- Up-to-date: /home/osawakousei/ros2_ws/src/cpp_server_client/install/cpp_server_client/share/cpp_server_client/cmake/export_cpp_server_client__rosidl_generator_cExport.cmake
[15.927s] -- Up-to-date: /home/osawakousei/ros2_ws/src/cpp_server_client/install/cpp_server_client/share/cpp_server_client/cmake/export_cpp_server_client__rosidl_generator_cExport-noconfig.cmake
[15.933s] -- Up-to-date: /home/osawakousei/ros2_ws/src/cpp_server_client/install/cpp_server_client/share/cpp_server_client/cmake/export_cpp_server_client__rosidl_typesupport_fastrtps_cExport.cmake
[15.934s] -- Up-to-date: /home/osawakousei/ros2_ws/src/cpp_server_client/install/cpp_server_client/share/cpp_server_client/cmake/export_cpp_server_client__rosidl_typesupport_fastrtps_cExport-noconfig.cmake
[15.940s] -- Up-to-date: /home/osawakousei/ros2_ws/src/cpp_server_client/install/cpp_server_client/share/cpp_server_client/cmake/export_cpp_server_client__rosidl_generator_cppExport.cmake
[15.945s] -- Up-to-date: /home/osawakousei/ros2_ws/src/cpp_server_client/install/cpp_server_client/share/cpp_server_client/cmake/export_cpp_server_client__rosidl_typesupport_fastrtps_cppExport.cmake
[15.947s] -- Up-to-date: /home/osawakousei/ros2_ws/src/cpp_server_client/install/cpp_server_client/share/cpp_server_client/cmake/export_cpp_server_client__rosidl_typesupport_fastrtps_cppExport-noconfig.cmake
[15.952s] -- Up-to-date: /home/osawakousei/ros2_ws/src/cpp_server_client/install/cpp_server_client/share/cpp_server_client/cmake/cpp_server_client__rosidl_typesupport_introspection_cExport.cmake
[15.953s] -- Up-to-date: /home/osawakousei/ros2_ws/src/cpp_server_client/install/cpp_server_client/share/cpp_server_client/cmake/cpp_server_client__rosidl_typesupport_introspection_cExport-noconfig.cmake
[15.957s] -- Up-to-date: /home/osawakousei/ros2_ws/src/cpp_server_client/install/cpp_server_client/share/cpp_server_client/cmake/cpp_server_client__rosidl_typesupport_cExport.cmake
[15.958s] -- Up-to-date: /home/osawakousei/ros2_ws/src/cpp_server_client/install/cpp_server_client/share/cpp_server_client/cmake/cpp_server_client__rosidl_typesupport_cExport-noconfig.cmake
[15.962s] -- Up-to-date: /home/osawakousei/ros2_ws/src/cpp_server_client/install/cpp_server_client/share/cpp_server_client/cmake/cpp_server_client__rosidl_typesupport_introspection_cppExport.cmake
[15.963s] -- Up-to-date: /home/osawakousei/ros2_ws/src/cpp_server_client/install/cpp_server_client/share/cpp_server_client/cmake/cpp_server_client__rosidl_typesupport_introspection_cppExport-noconfig.cmake
[15.970s] -- Up-to-date: /home/osawakousei/ros2_ws/src/cpp_server_client/install/cpp_server_client/share/cpp_server_client/cmake/cpp_server_client__rosidl_typesupport_cppExport.cmake
[15.971s] -- Up-to-date: /home/osawakousei/ros2_ws/src/cpp_server_client/install/cpp_server_client/share/cpp_server_client/cmake/cpp_server_client__rosidl_typesupport_cppExport-noconfig.cmake
[15.977s] -- Up-to-date: /home/osawakousei/ros2_ws/src/cpp_server_client/install/cpp_server_client/share/cpp_server_client/cmake/export_cpp_server_client__rosidl_generator_pyExport.cmake
[15.978s] -- Up-to-date: /home/osawakousei/ros2_ws/src/cpp_server_client/install/cpp_server_client/share/cpp_server_client/cmake/export_cpp_server_client__rosidl_generator_pyExport-noconfig.cmake
[15.979s] -- Up-to-date: /home/osawakousei/ros2_ws/src/cpp_server_client/install/cpp_server_client/share/cpp_server_client/cmake/rosidl_cmake-extras.cmake
[15.979s] -- Up-to-date: /home/osawakousei/ros2_ws/src/cpp_server_client/install/cpp_server_client/share/cpp_server_client/cmake/ament_cmake_export_include_directories-extras.cmake
[15.980s] -- Up-to-date: /home/osawakousei/ros2_ws/src/cpp_server_client/install/cpp_server_client/share/cpp_server_client/cmake/ament_cmake_export_libraries-extras.cmake
[15.981s] -- Up-to-date: /home/osawakousei/ros2_ws/src/cpp_server_client/install/cpp_server_client/share/cpp_server_client/cmake/ament_cmake_export_targets-extras.cmake
[15.982s] -- Up-to-date: /home/osawakousei/ros2_ws/src/cpp_server_client/install/cpp_server_client/share/cpp_server_client/cmake/rosidl_cmake_export_typesupport_targets-extras.cmake
[15.983s] -- Up-to-date: /home/osawakousei/ros2_ws/src/cpp_server_client/install/cpp_server_client/share/cpp_server_client/cmake/ament_cmake_export_dependencies-extras.cmake
[15.984s] -- Up-to-date: /home/osawakousei/ros2_ws/src/cpp_server_client/install/cpp_server_client/share/cpp_server_client/cmake/rosidl_cmake_export_typesupport_libraries-extras.cmake
[15.985s] -- Up-to-date: /home/osawakousei/ros2_ws/src/cpp_server_client/install/cpp_server_client/share/cpp_server_client/cmake/cpp_server_clientConfig.cmake
[15.986s] -- Up-to-date: /home/osawakousei/ros2_ws/src/cpp_server_client/install/cpp_server_client/share/cpp_server_client/cmake/cpp_server_clientConfig-version.cmake
[15.987s] -- Up-to-date: /home/osawakousei/ros2_ws/src/cpp_server_client/install/cpp_server_client/share/cpp_server_client/package.xml
[15.998s] Invoked command in '/home/osawakousei/ros2_ws/src/cpp_server_client/build/cpp_server_client' returned '0': CMAKE_PREFIX_PATH=${CMAKE_PREFIX_PATH}:/opt/ros/humble /usr/bin/cmake --install /home/osawakousei/ros2_ws/src/cpp_server_client/build/cpp_server_client
