[0.111s] Invoking command in '/home/osawakousei/ros2_ws/src/cpp_topic_pubsub/build/cpp_topic_pubsub': CMAKE_PREFIX_PATH=${CMAKE_PREFIX_PATH}:/opt/ros/humble /usr/bin/cmake /home/osawakousei/ros2_ws/src/cpp_topic_pubsub -DCMAKE_INSTALL_PREFIX=/home/osawakousei/ros2_ws/src/cpp_topic_pubsub/install/cpp_topic_pubsub
[0.281s] -- The C compiler identification is GNU 11.4.0
[0.491s] -- The CXX compiler identification is GNU 11.4.0
[0.511s] -- Detecting C compiler ABI info
[0.791s] -- Detecting C compiler ABI info - done
[0.807s] -- Check for working C compiler: /usr/bin/cc - skipped
[0.807s] -- Detecting C compile features
[0.809s] -- Detecting C compile features - done
[0.817s] -- Detecting CXX compiler ABI info
[1.075s] -- Detecting CXX compiler ABI info - done
[1.089s] -- Check for working CXX compiler: /usr/bin/c++ - skipped
[1.090s] -- Detecting CXX compile features
[1.091s] -- Detecting CXX compile features - done
[1.103s] -- Found ament_cmake: 1.3.5 (/opt/ros/humble/share/ament_cmake/cmake)
[1.634s] -- Found Python3: /usr/bin/python3.10 (found version "3.10.12") found components: Interpreter 
[1.975s] -- Found rclcpp: 16.0.5 (/opt/ros/humble/share/rclcpp/cmake)
[2.150s] -- Found rosidl_generator_c: 3.1.5 (/opt/ros/humble/share/rosidl_generator_c/cmake)
[2.175s] -- Found rosidl_adapter: 3.1.5 (/opt/ros/humble/share/rosidl_adapter/cmake)
[2.208s] -- Found rosidl_generator_cpp: 3.1.5 (/opt/ros/humble/share/rosidl_generator_cpp/cmake)
[2.256s] -- Using all available rosidl_typesupport_c: rosidl_typesupport_fastrtps_c;rosidl_typesupport_introspection_c
[2.327s] -- Using all available rosidl_typesupport_cpp: rosidl_typesupport_fastrtps_cpp;rosidl_typesupport_introspection_cpp
[2.598s] -- Found rmw_implementation_cmake: 6.1.1 (/opt/ros/humble/share/rmw_implementation_cmake/cmake)
[2.613s] -- Found rmw_fastrtps_cpp: 6.2.3 (/opt/ros/humble/share/rmw_fastrtps_cpp/cmake)
[3.076s] -- Found OpenSSL: /usr/lib/x86_64-linux-gnu/libcrypto.so (found version "3.0.2")  
[3.169s] -- Found FastRTPS: /opt/ros/humble/include  
[3.329s] -- Using RMW implementation 'rmw_fastrtps_cpp' as default
[3.388s] -- Looking for pthread.h
[3.684s] -- Looking for pthread.h - found
[3.684s] -- Performing Test CMAKE_HAVE_LIBC_PTHREAD
[3.986s] -- Performing Test CMAKE_HAVE_LIBC_PTHREAD - Success
[3.994s] -- Found Threads: TRUE  
[4.551s] -- Found rosidl_default_generators: 1.2.0 (/opt/ros/humble/share/rosidl_default_generators/cmake)
[4.607s] -- Found ament_lint_auto: 0.12.7 (/opt/ros/humble/share/ament_lint_auto/cmake)
[5.437s] [31mCMake Error at /opt/ros/humble/share/rosidl_adapter/cmake/rosidl_adapt_interfaces.cmake:59 (message):
[5.437s]   execute_process(/usr/bin/python3.10 -m rosidl_adapter --package-name
[5.437s]   cpp_topic_pubsub --arguments-file
[5.438s]   /home/osawakousei/ros2_ws/src/cpp_topic_pubsub/build/cpp_topic_pubsub/rosidl_adapter__arguments__cpp_topic_pubsub.json
[5.438s]   --output-dir
[5.438s]   /home/osawakousei/ros2_ws/src/cpp_topic_pubsub/build/cpp_topic_pubsub/rosidl_adapter/cpp_topic_pubsub
[5.438s]   --output-file
[5.439s]   /home/osawakousei/ros2_ws/src/cpp_topic_pubsub/build/cpp_topic_pubsub/rosidl_adapter/cpp_topic_pubsub.idls)
[5.439s]   returned error code 1:
[5.439s] 
[5.439s]   Error processing ' string name' of 'cpp_topic_pubsub/PracticeMsg': 'string
[5.440s]   index out of range'
[5.440s] 
[5.440s]   Traceback (most recent call last):
[5.440s] 
[5.440s]     File "/usr/lib/python3.10/runpy.py", line 196, in _run_module_as_main
[5.440s]       return _run_code(code, main_globals, None,
[5.441s]     File "/usr/lib/python3.10/runpy.py", line 86, in _run_code
[5.441s]       exec(code, run_globals)
[5.441s]     File "/opt/ros/humble/local/lib/python3.10/dist-packages/rosidl_adapter/__main__.py", line 19, in <module>
[5.441s]       sys.exit(main())
[5.441s]     File "/opt/ros/humble/local/lib/python3.10/dist-packages/rosidl_adapter/main.py", line 53, in main
[5.441s]       abs_idl_file = convert_to_idl(
[5.442s]     File "/opt/ros/humble/local/lib/python3.10/dist-packages/rosidl_adapter/__init__.py", line 19, in convert_to_idl
[5.442s]       return convert_msg_to_idl(
[5.442s]     File "/opt/ros/humble/local/lib/python3.10/dist-packages/rosidl_adapter/msg/__init__.py", line 28, in convert_msg_to_idl
[5.442s]       msg = parse_message_string(package_name, input_file.stem, content)
[5.443s]     File "/opt/ros/humble/local/lib/python3.10/dist-packages/rosidl_adapter/parser.py", line 520, in parse_message_string
[5.443s]       Type(type_string, context_package_name=pkg_name),
[5.443s]     File "/opt/ros/humble/local/lib/python3.10/dist-packages/rosidl_adapter/parser.py", line 241, in __init__
[5.443s]       self.is_array = type_string[-1] == ']'
[5.443s] 
[5.443s]   IndexError: string index out of range
[5.443s] 
[5.444s] Call Stack (most recent call first):
[5.444s]   /opt/ros/humble/share/rosidl_cmake/cmake/rosidl_generate_interfaces.cmake:130 (rosidl_adapt_interfaces)
[5.444s]   CMakeLists.txt:31 (rosidl_generate_interfaces)
[5.444s] 
[5.444s] [0m
[5.445s] -- Configuring incomplete, errors occurred!
[5.445s] See also "/home/osawakousei/ros2_ws/src/cpp_topic_pubsub/build/cpp_topic_pubsub/CMakeFiles/CMakeOutput.log".
[5.467s] Invoked command in '/home/osawakousei/ros2_ws/src/cpp_topic_pubsub/build/cpp_topic_pubsub' returned '1': CMAKE_PREFIX_PATH=${CMAKE_PREFIX_PATH}:/opt/ros/humble /usr/bin/cmake /home/osawakousei/ros2_ws/src/cpp_topic_pubsub -DCMAKE_INSTALL_PREFIX=/home/osawakousei/ros2_ws/src/cpp_topic_pubsub/install/cpp_topic_pubsub
