[0.052s] Invoking command in '/home/osawakousei/ros2_ws/src/custom_message_unity/build/custom_message_unity': CMAKE_PREFIX_PATH=${CMAKE_PREFIX_PATH}:/opt/ros/humble /usr/bin/cmake --build /home/osawakousei/ros2_ws/src/custom_message_unity/build/custom_message_unity -- -j8 -l8
[0.307s] [35m[1mConsolidate compiler generated dependencies of target custom_message_unity__rosidl_generator_c[0m
[0.353s] [  3%] Built target custom_message_unity__cpp
[0.418s] [35m[1mConsolidate compiler generated dependencies of target custom_message_unity__rosidl_typesupport_introspection_cpp[0m
[0.428s] [35m[1mConsolidate compiler generated dependencies of target custom_message_unity__rosidl_typesupport_fastrtps_cpp[0m
[0.435s] [35m[1mConsolidate compiler generated dependencies of target custom_message_unity__rosidl_typesupport_cpp[0m
[0.450s] [  3%] Built target ament_cmake_python_copy_custom_message_unity
[0.457s] [ 12%] Built target custom_message_unity__rosidl_generator_c
[0.509s] [ 22%] Built target custom_message_unity__rosidl_typesupport_introspection_cpp
[0.511s] [ 32%] Built target custom_message_unity__rosidl_typesupport_cpp
[0.515s] [ 41%] Built target custom_message_unity__rosidl_typesupport_fastrtps_cpp
[0.527s] [35m[1mConsolidate compiler generated dependencies of target custom_message_unity__rosidl_typesupport_fastrtps_c[0m
[0.530s] [35m[1mConsolidate compiler generated dependencies of target custom_message_unity__rosidl_typesupport_introspection_c[0m
[0.539s] [35m[1mConsolidate compiler generated dependencies of target custom_message_unity__rosidl_typesupport_c[0m
[0.587s] [ 51%] Built target custom_message_unity__rosidl_typesupport_introspection_c
[0.594s] [ 70%] Built target custom_message_unity__rosidl_typesupport_fastrtps_c
[0.595s] [ 70%] Built target custom_message_unity__rosidl_typesupport_c
[0.712s] [ 70%] Built target custom_message_unity
[0.816s] [ 74%] Built target custom_message_unity__py
[0.867s] [35m[1mConsolidate compiler generated dependencies of target custom_message_unity__rosidl_generator_py[0m
[0.938s] [ 80%] Built target custom_message_unity__rosidl_generator_py
[0.999s] [35m[1mConsolidate compiler generated dependencies of target custom_message_unity__rosidl_typesupport_fastrtps_c__pyext[0m
[0.999s] [35m[1mConsolidate compiler generated dependencies of target custom_message_unity__rosidl_typesupport_introspection_c__pyext[0m
[1.002s] [35m[1mConsolidate compiler generated dependencies of target custom_message_unity__rosidl_typesupport_c__pyext[0m
[1.061s] [ 87%] Built target custom_message_unity__rosidl_typesupport_fastrtps_c__pyext
[1.067s] [ 93%] Built target custom_message_unity__rosidl_typesupport_c__pyext
[1.084s] [100%] Built target custom_message_unity__rosidl_typesupport_introspection_c__pyext
[1.471s] running egg_info
[1.476s] writing custom_message_unity.egg-info/PKG-INFO
[1.478s] writing dependency_links to custom_message_unity.egg-info/dependency_links.txt
[1.478s] writing top-level names to custom_message_unity.egg-info/top_level.txt
[1.490s] reading manifest file 'custom_message_unity.egg-info/SOURCES.txt'
[1.491s] writing manifest file 'custom_message_unity.egg-info/SOURCES.txt'
[1.592s] [100%] Built target ament_cmake_python_build_custom_message_unity_egg
[1.644s] Invoked command in '/home/osawakousei/ros2_ws/src/custom_message_unity/build/custom_message_unity' returned '0': CMAKE_PREFIX_PATH=${CMAKE_PREFIX_PATH}:/opt/ros/humble /usr/bin/cmake --build /home/osawakousei/ros2_ws/src/custom_message_unity/build/custom_message_unity -- -j8 -l8
[2.252s] Invoking command in '/home/osawakousei/ros2_ws/src/custom_message_unity/build/custom_message_unity': CMAKE_PREFIX_PATH=${CMAKE_PREFIX_PATH}:/opt/ros/humble /usr/bin/cmake --install /home/osawakousei/ros2_ws/src/custom_message_unity/build/custom_message_unity
[2.289s] -- Install configuration: ""
[2.289s] -- Up-to-date: /home/osawakousei/ros2_ws/src/custom_message_unity/install/custom_message_unity/share/ament_index/resource_index/rosidl_interfaces/custom_message_unity
[2.290s] -- Up-to-date: /home/osawakousei/ros2_ws/src/custom_message_unity/install/custom_message_unity/include/custom_message_unity/custom_message_unity
[2.290s] -- Up-to-date: /home/osawakousei/ros2_ws/src/custom_message_unity/install/custom_message_unity/include/custom_message_unity/custom_message_unity/msg
[2.290s] -- Up-to-date: /home/osawakousei/ros2_ws/src/custom_message_unity/install/custom_message_unity/include/custom_message_unity/custom_message_unity/msg/rosidl_generator_c__visibility_control.h
[2.290s] -- Up-to-date: /home/osawakousei/ros2_ws/src/custom_message_unity/install/custom_message_unity/include/custom_message_unity/custom_message_unity/msg/detail
[2.291s] -- Up-to-date: /home/osawakousei/ros2_ws/src/custom_message_unity/install/custom_message_unity/include/custom_message_unity/custom_message_unity/msg/detail/custom_unity__struct.h
[2.292s] -- Up-to-date: /home/osawakousei/ros2_ws/src/custom_message_unity/install/custom_message_unity/include/custom_message_unity/custom_message_unity/msg/detail/custom_unity__type_support.h
[2.292s] -- Up-to-date: /home/osawakousei/ros2_ws/src/custom_message_unity/install/custom_message_unity/include/custom_message_unity/custom_message_unity/msg/detail/custom_unity__functions.c
[2.292s] -- Up-to-date: /home/osawakousei/ros2_ws/src/custom_message_unity/install/custom_message_unity/include/custom_message_unity/custom_message_unity/msg/detail/custom_unity__functions.h
[2.292s] -- Up-to-date: /home/osawakousei/ros2_ws/src/custom_message_unity/install/custom_message_unity/include/custom_message_unity/custom_message_unity/msg/custom_unity.h
[2.293s] -- Up-to-date: /home/osawakousei/ros2_ws/src/custom_message_unity/install/custom_message_unity/share/custom_message_unity/environment/library_path.sh
[2.293s] -- Up-to-date: /home/osawakousei/ros2_ws/src/custom_message_unity/install/custom_message_unity/share/custom_message_unity/environment/library_path.dsv
[2.293s] -- Up-to-date: /home/osawakousei/ros2_ws/src/custom_message_unity/install/custom_message_unity/lib/libcustom_message_unity__rosidl_generator_c.so
[2.293s] -- Up-to-date: /home/osawakousei/ros2_ws/src/custom_message_unity/install/custom_message_unity/include/custom_message_unity/custom_message_unity
[2.294s] -- Up-to-date: /home/osawakousei/ros2_ws/src/custom_message_unity/install/custom_message_unity/include/custom_message_unity/custom_message_unity/msg
[2.294s] -- Up-to-date: /home/osawakousei/ros2_ws/src/custom_message_unity/install/custom_message_unity/include/custom_message_unity/custom_message_unity/msg/detail
[2.294s] -- Up-to-date: /home/osawakousei/ros2_ws/src/custom_message_unity/install/custom_message_unity/include/custom_message_unity/custom_message_unity/msg/detail/custom_unity__rosidl_typesupport_fastrtps_c.h
[2.295s] -- Up-to-date: /home/osawakousei/ros2_ws/src/custom_message_unity/install/custom_message_unity/include/custom_message_unity/custom_message_unity/msg/rosidl_typesupport_fastrtps_c__visibility_control.h
[2.295s] -- Up-to-date: /home/osawakousei/ros2_ws/src/custom_message_unity/install/custom_message_unity/lib/libcustom_message_unity__rosidl_typesupport_fastrtps_c.so
[2.296s] -- Up-to-date: /home/osawakousei/ros2_ws/src/custom_message_unity/install/custom_message_unity/include/custom_message_unity/custom_message_unity
[2.296s] -- Up-to-date: /home/osawakousei/ros2_ws/src/custom_message_unity/install/custom_message_unity/include/custom_message_unity/custom_message_unity/msg
[2.296s] -- Up-to-date: /home/osawakousei/ros2_ws/src/custom_message_unity/install/custom_message_unity/include/custom_message_unity/custom_message_unity/msg/custom_unity.hpp
[2.296s] -- Up-to-date: /home/osawakousei/ros2_ws/src/custom_message_unity/install/custom_message_unity/include/custom_message_unity/custom_message_unity/msg/detail
[2.297s] -- Up-to-date: /home/osawakousei/ros2_ws/src/custom_message_unity/install/custom_message_unity/include/custom_message_unity/custom_message_unity/msg/detail/custom_unity__builder.hpp
[2.297s] -- Up-to-date: /home/osawakousei/ros2_ws/src/custom_message_unity/install/custom_message_unity/include/custom_message_unity/custom_message_unity/msg/detail/custom_unity__struct.hpp
[2.297s] -- Up-to-date: /home/osawakousei/ros2_ws/src/custom_message_unity/install/custom_message_unity/include/custom_message_unity/custom_message_unity/msg/detail/custom_unity__traits.hpp
[2.297s] -- Up-to-date: /home/osawakousei/ros2_ws/src/custom_message_unity/install/custom_message_unity/include/custom_message_unity/custom_message_unity
[2.297s] -- Up-to-date: /home/osawakousei/ros2_ws/src/custom_message_unity/install/custom_message_unity/include/custom_message_unity/custom_message_unity/msg
[2.298s] -- Up-to-date: /home/osawakousei/ros2_ws/src/custom_message_unity/install/custom_message_unity/include/custom_message_unity/custom_message_unity/msg/rosidl_typesupport_fastrtps_cpp__visibility_control.h
[2.298s] -- Up-to-date: /home/osawakousei/ros2_ws/src/custom_message_unity/install/custom_message_unity/include/custom_message_unity/custom_message_unity/msg/detail
[2.299s] -- Up-to-date: /home/osawakousei/ros2_ws/src/custom_message_unity/install/custom_message_unity/include/custom_message_unity/custom_message_unity/msg/detail/custom_unity__rosidl_typesupport_fastrtps_cpp.hpp
[2.299s] -- Up-to-date: /home/osawakousei/ros2_ws/src/custom_message_unity/install/custom_message_unity/include/custom_message_unity/custom_message_unity/msg/detail/dds_fastrtps
[2.300s] -- Up-to-date: /home/osawakousei/ros2_ws/src/custom_message_unity/install/custom_message_unity/lib/libcustom_message_unity__rosidl_typesupport_fastrtps_cpp.so
[2.300s] -- Up-to-date: /home/osawakousei/ros2_ws/src/custom_message_unity/install/custom_message_unity/include/custom_message_unity/custom_message_unity
[2.301s] -- Up-to-date: /home/osawakousei/ros2_ws/src/custom_message_unity/install/custom_message_unity/include/custom_message_unity/custom_message_unity/msg
[2.301s] -- Up-to-date: /home/osawakousei/ros2_ws/src/custom_message_unity/install/custom_message_unity/include/custom_message_unity/custom_message_unity/msg/rosidl_typesupport_introspection_c__visibility_control.h
[2.301s] -- Up-to-date: /home/osawakousei/ros2_ws/src/custom_message_unity/install/custom_message_unity/include/custom_message_unity/custom_message_unity/msg/detail
[2.301s] -- Up-to-date: /home/osawakousei/ros2_ws/src/custom_message_unity/install/custom_message_unity/include/custom_message_unity/custom_message_unity/msg/detail/custom_unity__rosidl_typesupport_introspection_c.h
[2.302s] -- Up-to-date: /home/osawakousei/ros2_ws/src/custom_message_unity/install/custom_message_unity/include/custom_message_unity/custom_message_unity/msg/detail/custom_unity__type_support.c
[2.302s] -- Up-to-date: /home/osawakousei/ros2_ws/src/custom_message_unity/install/custom_message_unity/lib/libcustom_message_unity__rosidl_typesupport_introspection_c.so
[2.309s] -- Up-to-date: /home/osawakousei/ros2_ws/src/custom_message_unity/install/custom_message_unity/lib/libcustom_message_unity__rosidl_typesupport_c.so
[2.309s] -- Up-to-date: /home/osawakousei/ros2_ws/src/custom_message_unity/install/custom_message_unity/include/custom_message_unity/custom_message_unity
[2.310s] -- Up-to-date: /home/osawakousei/ros2_ws/src/custom_message_unity/install/custom_message_unity/include/custom_message_unity/custom_message_unity/msg
[2.310s] -- Up-to-date: /home/osawakousei/ros2_ws/src/custom_message_unity/install/custom_message_unity/include/custom_message_unity/custom_message_unity/msg/detail
[2.311s] -- Up-to-date: /home/osawakousei/ros2_ws/src/custom_message_unity/install/custom_message_unity/include/custom_message_unity/custom_message_unity/msg/detail/custom_unity__rosidl_typesupport_introspection_cpp.hpp
[2.311s] -- Up-to-date: /home/osawakousei/ros2_ws/src/custom_message_unity/install/custom_message_unity/include/custom_message_unity/custom_message_unity/msg/detail/custom_unity__type_support.cpp
[2.312s] -- Up-to-date: /home/osawakousei/ros2_ws/src/custom_message_unity/install/custom_message_unity/lib/libcustom_message_unity__rosidl_typesupport_introspection_cpp.so
[2.312s] -- Up-to-date: /home/osawakousei/ros2_ws/src/custom_message_unity/install/custom_message_unity/lib/libcustom_message_unity__rosidl_typesupport_cpp.so
[2.312s] -- Up-to-date: /home/osawakousei/ros2_ws/src/custom_message_unity/install/custom_message_unity/share/custom_message_unity/environment/pythonpath.sh
[2.312s] -- Up-to-date: /home/osawakousei/ros2_ws/src/custom_message_unity/install/custom_message_unity/share/custom_message_unity/environment/pythonpath.dsv
[2.312s] -- Up-to-date: /home/osawakousei/ros2_ws/src/custom_message_unity/install/custom_message_unity/local/lib/python3.10/dist-packages/custom_message_unity-0.0.0-py3.10.egg-info
[2.313s] -- Installing: /home/osawakousei/ros2_ws/src/custom_message_unity/install/custom_message_unity/local/lib/python3.10/dist-packages/custom_message_unity-0.0.0-py3.10.egg-info/top_level.txt
[2.313s] -- Installing: /home/osawakousei/ros2_ws/src/custom_message_unity/install/custom_message_unity/local/lib/python3.10/dist-packages/custom_message_unity-0.0.0-py3.10.egg-info/SOURCES.txt
[2.313s] -- Installing: /home/osawakousei/ros2_ws/src/custom_message_unity/install/custom_message_unity/local/lib/python3.10/dist-packages/custom_message_unity-0.0.0-py3.10.egg-info/dependency_links.txt
[2.314s] -- Installing: /home/osawakousei/ros2_ws/src/custom_message_unity/install/custom_message_unity/local/lib/python3.10/dist-packages/custom_message_unity-0.0.0-py3.10.egg-info/PKG-INFO
[2.314s] -- Up-to-date: /home/osawakousei/ros2_ws/src/custom_message_unity/install/custom_message_unity/local/lib/python3.10/dist-packages/custom_message_unity
[2.314s] -- Up-to-date: /home/osawakousei/ros2_ws/src/custom_message_unity/install/custom_message_unity/local/lib/python3.10/dist-packages/custom_message_unity/_custom_message_unity_s.ep.rosidl_typesupport_fastrtps_c.c
[2.315s] -- Up-to-date: /home/osawakousei/ros2_ws/src/custom_message_unity/install/custom_message_unity/local/lib/python3.10/dist-packages/custom_message_unity/custom_message_unity_s__rosidl_typesupport_fastrtps_c.cpython-310-x86_64-linux-gnu.so
[2.315s] -- Up-to-date: /home/osawakousei/ros2_ws/src/custom_message_unity/install/custom_message_unity/local/lib/python3.10/dist-packages/custom_message_unity/custom_message_unity_s__rosidl_typesupport_introspection_c.cpython-310-x86_64-linux-gnu.so
[2.315s] -- Up-to-date: /home/osawakousei/ros2_ws/src/custom_message_unity/install/custom_message_unity/local/lib/python3.10/dist-packages/custom_message_unity/_custom_message_unity_s.ep.rosidl_typesupport_c.c
[2.316s] -- Up-to-date: /home/osawakousei/ros2_ws/src/custom_message_unity/install/custom_message_unity/local/lib/python3.10/dist-packages/custom_message_unity/_custom_message_unity_s.ep.rosidl_typesupport_introspection_c.c
[2.316s] -- Up-to-date: /home/osawakousei/ros2_ws/src/custom_message_unity/install/custom_message_unity/local/lib/python3.10/dist-packages/custom_message_unity/__init__.py
[2.316s] -- Up-to-date: /home/osawakousei/ros2_ws/src/custom_message_unity/install/custom_message_unity/local/lib/python3.10/dist-packages/custom_message_unity/libcustom_message_unity__rosidl_generator_py.so
[2.317s] -- Up-to-date: /home/osawakousei/ros2_ws/src/custom_message_unity/install/custom_message_unity/local/lib/python3.10/dist-packages/custom_message_unity/msg
[2.317s] -- Up-to-date: /home/osawakousei/ros2_ws/src/custom_message_unity/install/custom_message_unity/local/lib/python3.10/dist-packages/custom_message_unity/msg/_custom_unity_s.c
[2.317s] -- Up-to-date: /home/osawakousei/ros2_ws/src/custom_message_unity/install/custom_message_unity/local/lib/python3.10/dist-packages/custom_message_unity/msg/_custom_unity.py
[2.317s] -- Up-to-date: /home/osawakousei/ros2_ws/src/custom_message_unity/install/custom_message_unity/local/lib/python3.10/dist-packages/custom_message_unity/msg/__init__.py
[2.317s] -- Up-to-date: /home/osawakousei/ros2_ws/src/custom_message_unity/install/custom_message_unity/local/lib/python3.10/dist-packages/custom_message_unity/custom_message_unity_s__rosidl_typesupport_c.cpython-310-x86_64-linux-gnu.so
[2.447s] Listing '/home/osawakousei/ros2_ws/src/custom_message_unity/install/custom_message_unity/local/lib/python3.10/dist-packages/custom_message_unity'...
[2.448s] Listing '/home/osawakousei/ros2_ws/src/custom_message_unity/install/custom_message_unity/local/lib/python3.10/dist-packages/custom_message_unity/msg'...
[2.459s] -- Up-to-date: /home/osawakousei/ros2_ws/src/custom_message_unity/install/custom_message_unity/local/lib/python3.10/dist-packages/custom_message_unity/custom_message_unity_s__rosidl_typesupport_fastrtps_c.cpython-310-x86_64-linux-gnu.so
[2.461s] -- Up-to-date: /home/osawakousei/ros2_ws/src/custom_message_unity/install/custom_message_unity/local/lib/python3.10/dist-packages/custom_message_unity/custom_message_unity_s__rosidl_typesupport_introspection_c.cpython-310-x86_64-linux-gnu.so
[2.463s] -- Up-to-date: /home/osawakousei/ros2_ws/src/custom_message_unity/install/custom_message_unity/local/lib/python3.10/dist-packages/custom_message_unity/custom_message_unity_s__rosidl_typesupport_c.cpython-310-x86_64-linux-gnu.so
[2.465s] -- Up-to-date: /home/osawakousei/ros2_ws/src/custom_message_unity/install/custom_message_unity/lib/libcustom_message_unity__rosidl_generator_py.so
[2.470s] -- Up-to-date: /home/osawakousei/ros2_ws/src/custom_message_unity/install/custom_message_unity/share/custom_message_unity/msg/CustomUnity.idl
[2.470s] -- Up-to-date: /home/osawakousei/ros2_ws/src/custom_message_unity/install/custom_message_unity/share/custom_message_unity/msg/CustomUnity.msg
[2.471s] -- Up-to-date: /home/osawakousei/ros2_ws/src/custom_message_unity/install/custom_message_unity/share/ament_index/resource_index/package_run_dependencies/custom_message_unity
[2.471s] -- Up-to-date: /home/osawakousei/ros2_ws/src/custom_message_unity/install/custom_message_unity/share/ament_index/resource_index/parent_prefix_path/custom_message_unity
[2.472s] -- Up-to-date: /home/osawakousei/ros2_ws/src/custom_message_unity/install/custom_message_unity/share/custom_message_unity/environment/ament_prefix_path.sh
[2.476s] -- Up-to-date: /home/osawakousei/ros2_ws/src/custom_message_unity/install/custom_message_unity/share/custom_message_unity/environment/ament_prefix_path.dsv
[2.476s] -- Up-to-date: /home/osawakousei/ros2_ws/src/custom_message_unity/install/custom_message_unity/share/custom_message_unity/environment/path.sh
[2.477s] -- Up-to-date: /home/osawakousei/ros2_ws/src/custom_message_unity/install/custom_message_unity/share/custom_message_unity/environment/path.dsv
[2.477s] -- Up-to-date: /home/osawakousei/ros2_ws/src/custom_message_unity/install/custom_message_unity/share/custom_message_unity/local_setup.bash
[2.477s] -- Up-to-date: /home/osawakousei/ros2_ws/src/custom_message_unity/install/custom_message_unity/share/custom_message_unity/local_setup.sh
[2.477s] -- Up-to-date: /home/osawakousei/ros2_ws/src/custom_message_unity/install/custom_message_unity/share/custom_message_unity/local_setup.zsh
[2.477s] -- Up-to-date: /home/osawakousei/ros2_ws/src/custom_message_unity/install/custom_message_unity/share/custom_message_unity/local_setup.dsv
[2.478s] -- Installing: /home/osawakousei/ros2_ws/src/custom_message_unity/install/custom_message_unity/share/custom_message_unity/package.dsv
[2.478s] -- Up-to-date: /home/osawakousei/ros2_ws/src/custom_message_unity/install/custom_message_unity/share/ament_index/resource_index/packages/custom_message_unity
[2.478s] -- Up-to-date: /home/osawakousei/ros2_ws/src/custom_message_unity/install/custom_message_unity/share/custom_message_unity/cmake/export_custom_message_unity__rosidl_generator_cExport.cmake
[2.478s] -- Up-to-date: /home/osawakousei/ros2_ws/src/custom_message_unity/install/custom_message_unity/share/custom_message_unity/cmake/export_custom_message_unity__rosidl_generator_cExport-noconfig.cmake
[2.478s] -- Up-to-date: /home/osawakousei/ros2_ws/src/custom_message_unity/install/custom_message_unity/share/custom_message_unity/cmake/export_custom_message_unity__rosidl_typesupport_fastrtps_cExport.cmake
[2.479s] -- Up-to-date: /home/osawakousei/ros2_ws/src/custom_message_unity/install/custom_message_unity/share/custom_message_unity/cmake/export_custom_message_unity__rosidl_typesupport_fastrtps_cExport-noconfig.cmake
[2.479s] -- Up-to-date: /home/osawakousei/ros2_ws/src/custom_message_unity/install/custom_message_unity/share/custom_message_unity/cmake/export_custom_message_unity__rosidl_generator_cppExport.cmake
[2.480s] -- Up-to-date: /home/osawakousei/ros2_ws/src/custom_message_unity/install/custom_message_unity/share/custom_message_unity/cmake/export_custom_message_unity__rosidl_typesupport_fastrtps_cppExport.cmake
[2.480s] -- Up-to-date: /home/osawakousei/ros2_ws/src/custom_message_unity/install/custom_message_unity/share/custom_message_unity/cmake/export_custom_message_unity__rosidl_typesupport_fastrtps_cppExport-noconfig.cmake
[2.481s] -- Up-to-date: /home/osawakousei/ros2_ws/src/custom_message_unity/install/custom_message_unity/share/custom_message_unity/cmake/custom_message_unity__rosidl_typesupport_introspection_cExport.cmake
[2.482s] -- Up-to-date: /home/osawakousei/ros2_ws/src/custom_message_unity/install/custom_message_unity/share/custom_message_unity/cmake/custom_message_unity__rosidl_typesupport_introspection_cExport-noconfig.cmake
[2.482s] -- Up-to-date: /home/osawakousei/ros2_ws/src/custom_message_unity/install/custom_message_unity/share/custom_message_unity/cmake/custom_message_unity__rosidl_typesupport_cExport.cmake
[2.483s] -- Up-to-date: /home/osawakousei/ros2_ws/src/custom_message_unity/install/custom_message_unity/share/custom_message_unity/cmake/custom_message_unity__rosidl_typesupport_cExport-noconfig.cmake
[2.483s] -- Up-to-date: /home/osawakousei/ros2_ws/src/custom_message_unity/install/custom_message_unity/share/custom_message_unity/cmake/custom_message_unity__rosidl_typesupport_introspection_cppExport.cmake
[2.483s] -- Up-to-date: /home/osawakousei/ros2_ws/src/custom_message_unity/install/custom_message_unity/share/custom_message_unity/cmake/custom_message_unity__rosidl_typesupport_introspection_cppExport-noconfig.cmake
[2.484s] -- Up-to-date: /home/osawakousei/ros2_ws/src/custom_message_unity/install/custom_message_unity/share/custom_message_unity/cmake/custom_message_unity__rosidl_typesupport_cppExport.cmake
[2.484s] -- Up-to-date: /home/osawakousei/ros2_ws/src/custom_message_unity/install/custom_message_unity/share/custom_message_unity/cmake/custom_message_unity__rosidl_typesupport_cppExport-noconfig.cmake
[2.484s] -- Up-to-date: /home/osawakousei/ros2_ws/src/custom_message_unity/install/custom_message_unity/share/custom_message_unity/cmake/export_custom_message_unity__rosidl_generator_pyExport.cmake
[2.488s] -- Up-to-date: /home/osawakousei/ros2_ws/src/custom_message_unity/install/custom_message_unity/share/custom_message_unity/cmake/export_custom_message_unity__rosidl_generator_pyExport-noconfig.cmake
[2.489s] -- Up-to-date: /home/osawakousei/ros2_ws/src/custom_message_unity/install/custom_message_unity/share/custom_message_unity/cmake/rosidl_cmake-extras.cmake
[2.489s] -- Up-to-date: /home/osawakousei/ros2_ws/src/custom_message_unity/install/custom_message_unity/share/custom_message_unity/cmake/ament_cmake_export_include_directories-extras.cmake
[2.489s] -- Up-to-date: /home/osawakousei/ros2_ws/src/custom_message_unity/install/custom_message_unity/share/custom_message_unity/cmake/ament_cmake_export_libraries-extras.cmake
[2.489s] -- Up-to-date: /home/osawakousei/ros2_ws/src/custom_message_unity/install/custom_message_unity/share/custom_message_unity/cmake/ament_cmake_export_targets-extras.cmake
[2.489s] -- Up-to-date: /home/osawakousei/ros2_ws/src/custom_message_unity/install/custom_message_unity/share/custom_message_unity/cmake/rosidl_cmake_export_typesupport_targets-extras.cmake
[2.490s] -- Up-to-date: /home/osawakousei/ros2_ws/src/custom_message_unity/install/custom_message_unity/share/custom_message_unity/cmake/ament_cmake_export_dependencies-extras.cmake
[2.490s] -- Up-to-date: /home/osawakousei/ros2_ws/src/custom_message_unity/install/custom_message_unity/share/custom_message_unity/cmake/rosidl_cmake_export_typesupport_libraries-extras.cmake
[2.491s] -- Up-to-date: /home/osawakousei/ros2_ws/src/custom_message_unity/install/custom_message_unity/share/custom_message_unity/cmake/custom_message_unityConfig.cmake
[2.494s] -- Up-to-date: /home/osawakousei/ros2_ws/src/custom_message_unity/install/custom_message_unity/share/custom_message_unity/cmake/custom_message_unityConfig-version.cmake
[2.494s] -- Up-to-date: /home/osawakousei/ros2_ws/src/custom_message_unity/install/custom_message_unity/share/custom_message_unity/package.xml
[2.500s] Invoked command in '/home/osawakousei/ros2_ws/src/custom_message_unity/build/custom_message_unity' returned '0': CMAKE_PREFIX_PATH=${CMAKE_PREFIX_PATH}:/opt/ros/humble /usr/bin/cmake --install /home/osawakousei/ros2_ws/src/custom_message_unity/build/custom_message_unity
