[0.614s] Invoking command in '/home/osawakousei/ros2_ws/src/custom_message_unity/build/custom_message_unity': CMAKE_PREFIX_PATH=${CMAKE_PREFIX_PATH}:/opt/ros/humble /usr/bin/cmake --build /home/osawakousei/ros2_ws/src/custom_message_unity/build/custom_message_unity -- -j12 -l12
[1.259s] [  3%] Built target custom_message_unity__cpp
[1.284s] [ 12%] Built target custom_message_unity__rosidl_generator_c
[1.312s] [ 12%] Built target ament_cmake_python_copy_custom_message_unity
[1.432s] [ 22%] Built target custom_message_unity__rosidl_typesupport_c
[1.437s] [ 35%] Built target custom_message_unity__rosidl_typesupport_introspection_c
[1.437s] [ 41%] Built target custom_message_unity__rosidl_typesupport_cpp
[1.439s] [ 61%] Built target custom_message_unity__rosidl_typesupport_introspection_cpp
[1.439s] [ 61%] Built target custom_message_unity__rosidl_typesupport_fastrtps_cpp
[1.442s] [ 70%] Built target custom_message_unity__rosidl_typesupport_fastrtps_c
[1.551s] [ 70%] Built target custom_message_unity
[1.664s] [ 74%] Built target custom_message_unity__py
[1.814s] [ 80%] Built target custom_message_unity__rosidl_generator_py
[1.939s] [ 93%] Built target custom_message_unity__rosidl_typesupport_fastrtps_c__pyext
[1.939s] [ 93%] Built target custom_message_unity__rosidl_typesupport_introspection_c__pyext
[1.940s] [100%] Built target custom_message_unity__rosidl_typesupport_c__pyext
[2.200s] running egg_info
[2.201s] writing custom_message_unity.egg-info/PKG-INFO
[2.203s] writing dependency_links to custom_message_unity.egg-info/dependency_links.txt
[2.205s] writing top-level names to custom_message_unity.egg-info/top_level.txt
[2.217s] reading manifest file 'custom_message_unity.egg-info/SOURCES.txt'
[2.220s] writing manifest file 'custom_message_unity.egg-info/SOURCES.txt'
[2.299s] [100%] Built target ament_cmake_python_build_custom_message_unity_egg
[2.343s] Invoked command in '/home/osawakousei/ros2_ws/src/custom_message_unity/build/custom_message_unity' returned '0': CMAKE_PREFIX_PATH=${CMAKE_PREFIX_PATH}:/opt/ros/humble /usr/bin/cmake --build /home/osawakousei/ros2_ws/src/custom_message_unity/build/custom_message_unity -- -j12 -l12
[2.912s] Invoking command in '/home/osawakousei/ros2_ws/src/custom_message_unity/build/custom_message_unity': CMAKE_PREFIX_PATH=${CMAKE_PREFIX_PATH}:/opt/ros/humble /usr/bin/cmake --install /home/osawakousei/ros2_ws/src/custom_message_unity/build/custom_message_unity
[2.950s] -- Install configuration: ""
[2.954s] -- Up-to-date: /home/osawakousei/ros2_ws/src/custom_message_unity/install/custom_message_unity/share/ament_index/resource_index/rosidl_interfaces/custom_message_unity
[2.957s] -- Up-to-date: /home/osawakousei/ros2_ws/src/custom_message_unity/install/custom_message_unity/include/custom_message_unity/custom_message_unity
[2.959s] -- Up-to-date: /home/osawakousei/ros2_ws/src/custom_message_unity/install/custom_message_unity/include/custom_message_unity/custom_message_unity/msg
[2.960s] -- Up-to-date: /home/osawakousei/ros2_ws/src/custom_message_unity/install/custom_message_unity/include/custom_message_unity/custom_message_unity/msg/rosidl_generator_c__visibility_control.h
[2.960s] -- Up-to-date: /home/osawakousei/ros2_ws/src/custom_message_unity/install/custom_message_unity/include/custom_message_unity/custom_message_unity/msg/detail
[2.964s] -- Up-to-date: /home/osawakousei/ros2_ws/src/custom_message_unity/install/custom_message_unity/include/custom_message_unity/custom_message_unity/msg/detail/custom_unity__struct.h
[2.964s] -- Up-to-date: /home/osawakousei/ros2_ws/src/custom_message_unity/install/custom_message_unity/include/custom_message_unity/custom_message_unity/msg/detail/custom_unity__type_support.h
[2.965s] -- Up-to-date: /home/osawakousei/ros2_ws/src/custom_message_unity/install/custom_message_unity/include/custom_message_unity/custom_message_unity/msg/detail/custom_unity__functions.c
[2.966s] -- Up-to-date: /home/osawakousei/ros2_ws/src/custom_message_unity/install/custom_message_unity/include/custom_message_unity/custom_message_unity/msg/detail/custom_unity__functions.h
[2.967s] -- Up-to-date: /home/osawakousei/ros2_ws/src/custom_message_unity/install/custom_message_unity/include/custom_message_unity/custom_message_unity/msg/custom_unity.h
[2.967s] -- Up-to-date: /home/osawakousei/ros2_ws/src/custom_message_unity/install/custom_message_unity/share/custom_message_unity/environment/library_path.sh
[2.967s] -- Up-to-date: /home/osawakousei/ros2_ws/src/custom_message_unity/install/custom_message_unity/share/custom_message_unity/environment/library_path.dsv
[2.971s] -- Up-to-date: /home/osawakousei/ros2_ws/src/custom_message_unity/install/custom_message_unity/lib/libcustom_message_unity__rosidl_generator_c.so
[2.972s] -- Up-to-date: /home/osawakousei/ros2_ws/src/custom_message_unity/install/custom_message_unity/include/custom_message_unity/custom_message_unity
[2.973s] -- Up-to-date: /home/osawakousei/ros2_ws/src/custom_message_unity/install/custom_message_unity/include/custom_message_unity/custom_message_unity/msg
[2.973s] -- Up-to-date: /home/osawakousei/ros2_ws/src/custom_message_unity/install/custom_message_unity/include/custom_message_unity/custom_message_unity/msg/detail
[2.974s] -- Up-to-date: /home/osawakousei/ros2_ws/src/custom_message_unity/install/custom_message_unity/include/custom_message_unity/custom_message_unity/msg/detail/custom_unity__rosidl_typesupport_fastrtps_c.h
[2.974s] -- Up-to-date: /home/osawakousei/ros2_ws/src/custom_message_unity/install/custom_message_unity/include/custom_message_unity/custom_message_unity/msg/rosidl_typesupport_fastrtps_c__visibility_control.h
[2.977s] -- Up-to-date: /home/osawakousei/ros2_ws/src/custom_message_unity/install/custom_message_unity/lib/libcustom_message_unity__rosidl_typesupport_fastrtps_c.so
[2.978s] -- Up-to-date: /home/osawakousei/ros2_ws/src/custom_message_unity/install/custom_message_unity/include/custom_message_unity/custom_message_unity
[2.978s] -- Up-to-date: /home/osawakousei/ros2_ws/src/custom_message_unity/install/custom_message_unity/include/custom_message_unity/custom_message_unity/msg
[2.980s] -- Up-to-date: /home/osawakousei/ros2_ws/src/custom_message_unity/install/custom_message_unity/include/custom_message_unity/custom_message_unity/msg/custom_unity.hpp
[2.981s] -- Up-to-date: /home/osawakousei/ros2_ws/src/custom_message_unity/install/custom_message_unity/include/custom_message_unity/custom_message_unity/msg/detail
[2.981s] -- Up-to-date: /home/osawakousei/ros2_ws/src/custom_message_unity/install/custom_message_unity/include/custom_message_unity/custom_message_unity/msg/detail/custom_unity__builder.hpp
[2.982s] -- Up-to-date: /home/osawakousei/ros2_ws/src/custom_message_unity/install/custom_message_unity/include/custom_message_unity/custom_message_unity/msg/detail/custom_unity__struct.hpp
[2.982s] -- Up-to-date: /home/osawakousei/ros2_ws/src/custom_message_unity/install/custom_message_unity/include/custom_message_unity/custom_message_unity/msg/detail/custom_unity__traits.hpp
[2.982s] -- Up-to-date: /home/osawakousei/ros2_ws/src/custom_message_unity/install/custom_message_unity/include/custom_message_unity/custom_message_unity
[2.982s] -- Up-to-date: /home/osawakousei/ros2_ws/src/custom_message_unity/install/custom_message_unity/include/custom_message_unity/custom_message_unity/msg
[2.983s] -- Up-to-date: /home/osawakousei/ros2_ws/src/custom_message_unity/install/custom_message_unity/include/custom_message_unity/custom_message_unity/msg/rosidl_typesupport_fastrtps_cpp__visibility_control.h
[2.983s] -- Up-to-date: /home/osawakousei/ros2_ws/src/custom_message_unity/install/custom_message_unity/include/custom_message_unity/custom_message_unity/msg/detail
[2.983s] -- Up-to-date: /home/osawakousei/ros2_ws/src/custom_message_unity/install/custom_message_unity/include/custom_message_unity/custom_message_unity/msg/detail/custom_unity__rosidl_typesupport_fastrtps_cpp.hpp
[2.984s] -- Up-to-date: /home/osawakousei/ros2_ws/src/custom_message_unity/install/custom_message_unity/include/custom_message_unity/custom_message_unity/msg/detail/dds_fastrtps
[2.988s] -- Up-to-date: /home/osawakousei/ros2_ws/src/custom_message_unity/install/custom_message_unity/lib/libcustom_message_unity__rosidl_typesupport_fastrtps_cpp.so
[2.989s] -- Up-to-date: /home/osawakousei/ros2_ws/src/custom_message_unity/install/custom_message_unity/include/custom_message_unity/custom_message_unity
[2.990s] -- Up-to-date: /home/osawakousei/ros2_ws/src/custom_message_unity/install/custom_message_unity/include/custom_message_unity/custom_message_unity/msg
[2.990s] -- Up-to-date: /home/osawakousei/ros2_ws/src/custom_message_unity/install/custom_message_unity/include/custom_message_unity/custom_message_unity/msg/rosidl_typesupport_introspection_c__visibility_control.h
[2.990s] -- Up-to-date: /home/osawakousei/ros2_ws/src/custom_message_unity/install/custom_message_unity/include/custom_message_unity/custom_message_unity/msg/detail
[2.991s] -- Up-to-date: /home/osawakousei/ros2_ws/src/custom_message_unity/install/custom_message_unity/include/custom_message_unity/custom_message_unity/msg/detail/custom_unity__rosidl_typesupport_introspection_c.h
[2.991s] -- Up-to-date: /home/osawakousei/ros2_ws/src/custom_message_unity/install/custom_message_unity/include/custom_message_unity/custom_message_unity/msg/detail/custom_unity__type_support.c
[2.994s] -- Up-to-date: /home/osawakousei/ros2_ws/src/custom_message_unity/install/custom_message_unity/lib/libcustom_message_unity__rosidl_typesupport_introspection_c.so
[2.997s] -- Up-to-date: /home/osawakousei/ros2_ws/src/custom_message_unity/install/custom_message_unity/lib/libcustom_message_unity__rosidl_typesupport_c.so
[2.998s] -- Up-to-date: /home/osawakousei/ros2_ws/src/custom_message_unity/install/custom_message_unity/include/custom_message_unity/custom_message_unity
[2.999s] -- Up-to-date: /home/osawakousei/ros2_ws/src/custom_message_unity/install/custom_message_unity/include/custom_message_unity/custom_message_unity/msg
[3.000s] -- Up-to-date: /home/osawakousei/ros2_ws/src/custom_message_unity/install/custom_message_unity/include/custom_message_unity/custom_message_unity/msg/detail
[3.000s] -- Up-to-date: /home/osawakousei/ros2_ws/src/custom_message_unity/install/custom_message_unity/include/custom_message_unity/custom_message_unity/msg/detail/custom_unity__rosidl_typesupport_introspection_cpp.hpp
[3.000s] -- Up-to-date: /home/osawakousei/ros2_ws/src/custom_message_unity/install/custom_message_unity/include/custom_message_unity/custom_message_unity/msg/detail/custom_unity__type_support.cpp
[3.003s] -- Up-to-date: /home/osawakousei/ros2_ws/src/custom_message_unity/install/custom_message_unity/lib/libcustom_message_unity__rosidl_typesupport_introspection_cpp.so
[3.008s] -- Up-to-date: /home/osawakousei/ros2_ws/src/custom_message_unity/install/custom_message_unity/lib/libcustom_message_unity__rosidl_typesupport_cpp.so
[3.009s] -- Up-to-date: /home/osawakousei/ros2_ws/src/custom_message_unity/install/custom_message_unity/share/custom_message_unity/environment/pythonpath.sh
[3.010s] -- Up-to-date: /home/osawakousei/ros2_ws/src/custom_message_unity/install/custom_message_unity/share/custom_message_unity/environment/pythonpath.dsv
[3.010s] -- Up-to-date: /home/osawakousei/ros2_ws/src/custom_message_unity/install/custom_message_unity/local/lib/python3.10/dist-packages/custom_message_unity-0.0.0-py3.10.egg-info
[3.011s] -- Installing: /home/osawakousei/ros2_ws/src/custom_message_unity/install/custom_message_unity/local/lib/python3.10/dist-packages/custom_message_unity-0.0.0-py3.10.egg-info/top_level.txt
[3.012s] -- Installing: /home/osawakousei/ros2_ws/src/custom_message_unity/install/custom_message_unity/local/lib/python3.10/dist-packages/custom_message_unity-0.0.0-py3.10.egg-info/SOURCES.txt
[3.012s] -- Installing: /home/osawakousei/ros2_ws/src/custom_message_unity/install/custom_message_unity/local/lib/python3.10/dist-packages/custom_message_unity-0.0.0-py3.10.egg-info/dependency_links.txt
[3.012s] -- Installing: /home/osawakousei/ros2_ws/src/custom_message_unity/install/custom_message_unity/local/lib/python3.10/dist-packages/custom_message_unity-0.0.0-py3.10.egg-info/PKG-INFO
[3.012s] -- Up-to-date: /home/osawakousei/ros2_ws/src/custom_message_unity/install/custom_message_unity/local/lib/python3.10/dist-packages/custom_message_unity
[3.014s] -- Up-to-date: /home/osawakousei/ros2_ws/src/custom_message_unity/install/custom_message_unity/local/lib/python3.10/dist-packages/custom_message_unity/_custom_message_unity_s.ep.rosidl_typesupport_fastrtps_c.c
[3.015s] -- Up-to-date: /home/osawakousei/ros2_ws/src/custom_message_unity/install/custom_message_unity/local/lib/python3.10/dist-packages/custom_message_unity/custom_message_unity_s__rosidl_typesupport_fastrtps_c.cpython-310-x86_64-linux-gnu.so
[3.016s] -- Up-to-date: /home/osawakousei/ros2_ws/src/custom_message_unity/install/custom_message_unity/local/lib/python3.10/dist-packages/custom_message_unity/custom_message_unity_s__rosidl_typesupport_introspection_c.cpython-310-x86_64-linux-gnu.so
[3.016s] -- Up-to-date: /home/osawakousei/ros2_ws/src/custom_message_unity/install/custom_message_unity/local/lib/python3.10/dist-packages/custom_message_unity/_custom_message_unity_s.ep.rosidl_typesupport_c.c
[3.016s] -- Up-to-date: /home/osawakousei/ros2_ws/src/custom_message_unity/install/custom_message_unity/local/lib/python3.10/dist-packages/custom_message_unity/_custom_message_unity_s.ep.rosidl_typesupport_introspection_c.c
[3.017s] -- Up-to-date: /home/osawakousei/ros2_ws/src/custom_message_unity/install/custom_message_unity/local/lib/python3.10/dist-packages/custom_message_unity/__init__.py
[3.018s] -- Up-to-date: /home/osawakousei/ros2_ws/src/custom_message_unity/install/custom_message_unity/local/lib/python3.10/dist-packages/custom_message_unity/libcustom_message_unity__rosidl_generator_py.so
[3.018s] -- Up-to-date: /home/osawakousei/ros2_ws/src/custom_message_unity/install/custom_message_unity/local/lib/python3.10/dist-packages/custom_message_unity/msg
[3.018s] -- Up-to-date: /home/osawakousei/ros2_ws/src/custom_message_unity/install/custom_message_unity/local/lib/python3.10/dist-packages/custom_message_unity/msg/_custom_unity_s.c
[3.019s] -- Up-to-date: /home/osawakousei/ros2_ws/src/custom_message_unity/install/custom_message_unity/local/lib/python3.10/dist-packages/custom_message_unity/msg/_custom_unity.py
[3.019s] -- Up-to-date: /home/osawakousei/ros2_ws/src/custom_message_unity/install/custom_message_unity/local/lib/python3.10/dist-packages/custom_message_unity/msg/__init__.py
[3.019s] -- Up-to-date: /home/osawakousei/ros2_ws/src/custom_message_unity/install/custom_message_unity/local/lib/python3.10/dist-packages/custom_message_unity/custom_message_unity_s__rosidl_typesupport_c.cpython-310-x86_64-linux-gnu.so
[3.147s] Listing '/home/osawakousei/ros2_ws/src/custom_message_unity/install/custom_message_unity/local/lib/python3.10/dist-packages/custom_message_unity'...
[3.148s] Listing '/home/osawakousei/ros2_ws/src/custom_message_unity/install/custom_message_unity/local/lib/python3.10/dist-packages/custom_message_unity/msg'...
[3.162s] -- Up-to-date: /home/osawakousei/ros2_ws/src/custom_message_unity/install/custom_message_unity/local/lib/python3.10/dist-packages/custom_message_unity/custom_message_unity_s__rosidl_typesupport_fastrtps_c.cpython-310-x86_64-linux-gnu.so
[3.167s] -- Up-to-date: /home/osawakousei/ros2_ws/src/custom_message_unity/install/custom_message_unity/local/lib/python3.10/dist-packages/custom_message_unity/custom_message_unity_s__rosidl_typesupport_introspection_c.cpython-310-x86_64-linux-gnu.so
[3.172s] -- Up-to-date: /home/osawakousei/ros2_ws/src/custom_message_unity/install/custom_message_unity/local/lib/python3.10/dist-packages/custom_message_unity/custom_message_unity_s__rosidl_typesupport_c.cpython-310-x86_64-linux-gnu.so
[3.176s] -- Up-to-date: /home/osawakousei/ros2_ws/src/custom_message_unity/install/custom_message_unity/lib/libcustom_message_unity__rosidl_generator_py.so
[3.179s] -- Up-to-date: /home/osawakousei/ros2_ws/src/custom_message_unity/install/custom_message_unity/share/custom_message_unity/msg/CustomUnity.idl
[3.179s] -- Up-to-date: /home/osawakousei/ros2_ws/src/custom_message_unity/install/custom_message_unity/share/custom_message_unity/msg/CustomUnity.msg
[3.179s] -- Up-to-date: /home/osawakousei/ros2_ws/src/custom_message_unity/install/custom_message_unity/share/ament_index/resource_index/package_run_dependencies/custom_message_unity
[3.181s] -- Up-to-date: /home/osawakousei/ros2_ws/src/custom_message_unity/install/custom_message_unity/share/ament_index/resource_index/parent_prefix_path/custom_message_unity
[3.182s] -- Up-to-date: /home/osawakousei/ros2_ws/src/custom_message_unity/install/custom_message_unity/share/custom_message_unity/environment/ament_prefix_path.sh
[3.183s] -- Up-to-date: /home/osawakousei/ros2_ws/src/custom_message_unity/install/custom_message_unity/share/custom_message_unity/environment/ament_prefix_path.dsv
[3.183s] -- Up-to-date: /home/osawakousei/ros2_ws/src/custom_message_unity/install/custom_message_unity/share/custom_message_unity/environment/path.sh
[3.183s] -- Up-to-date: /home/osawakousei/ros2_ws/src/custom_message_unity/install/custom_message_unity/share/custom_message_unity/environment/path.dsv
[3.184s] -- Up-to-date: /home/osawakousei/ros2_ws/src/custom_message_unity/install/custom_message_unity/share/custom_message_unity/local_setup.bash
[3.184s] -- Up-to-date: /home/osawakousei/ros2_ws/src/custom_message_unity/install/custom_message_unity/share/custom_message_unity/local_setup.sh
[3.184s] -- Up-to-date: /home/osawakousei/ros2_ws/src/custom_message_unity/install/custom_message_unity/share/custom_message_unity/local_setup.zsh
[3.185s] -- Up-to-date: /home/osawakousei/ros2_ws/src/custom_message_unity/install/custom_message_unity/share/custom_message_unity/local_setup.dsv
[3.185s] -- Installing: /home/osawakousei/ros2_ws/src/custom_message_unity/install/custom_message_unity/share/custom_message_unity/package.dsv
[3.187s] -- Up-to-date: /home/osawakousei/ros2_ws/src/custom_message_unity/install/custom_message_unity/share/ament_index/resource_index/packages/custom_message_unity
[3.197s] -- Up-to-date: /home/osawakousei/ros2_ws/src/custom_message_unity/install/custom_message_unity/share/custom_message_unity/cmake/export_custom_message_unity__rosidl_generator_cExport.cmake
[3.197s] -- Up-to-date: /home/osawakousei/ros2_ws/src/custom_message_unity/install/custom_message_unity/share/custom_message_unity/cmake/export_custom_message_unity__rosidl_generator_cExport-noconfig.cmake
[3.200s] -- Up-to-date: /home/osawakousei/ros2_ws/src/custom_message_unity/install/custom_message_unity/share/custom_message_unity/cmake/export_custom_message_unity__rosidl_typesupport_fastrtps_cExport.cmake
[3.200s] -- Up-to-date: /home/osawakousei/ros2_ws/src/custom_message_unity/install/custom_message_unity/share/custom_message_unity/cmake/export_custom_message_unity__rosidl_typesupport_fastrtps_cExport-noconfig.cmake
[3.204s] -- Up-to-date: /home/osawakousei/ros2_ws/src/custom_message_unity/install/custom_message_unity/share/custom_message_unity/cmake/export_custom_message_unity__rosidl_generator_cppExport.cmake
[3.207s] -- Up-to-date: /home/osawakousei/ros2_ws/src/custom_message_unity/install/custom_message_unity/share/custom_message_unity/cmake/export_custom_message_unity__rosidl_typesupport_fastrtps_cppExport.cmake
[3.207s] -- Up-to-date: /home/osawakousei/ros2_ws/src/custom_message_unity/install/custom_message_unity/share/custom_message_unity/cmake/export_custom_message_unity__rosidl_typesupport_fastrtps_cppExport-noconfig.cmake
[3.211s] -- Up-to-date: /home/osawakousei/ros2_ws/src/custom_message_unity/install/custom_message_unity/share/custom_message_unity/cmake/custom_message_unity__rosidl_typesupport_introspection_cExport.cmake
[3.211s] -- Up-to-date: /home/osawakousei/ros2_ws/src/custom_message_unity/install/custom_message_unity/share/custom_message_unity/cmake/custom_message_unity__rosidl_typesupport_introspection_cExport-noconfig.cmake
[3.215s] -- Up-to-date: /home/osawakousei/ros2_ws/src/custom_message_unity/install/custom_message_unity/share/custom_message_unity/cmake/custom_message_unity__rosidl_typesupport_cExport.cmake
[3.215s] -- Up-to-date: /home/osawakousei/ros2_ws/src/custom_message_unity/install/custom_message_unity/share/custom_message_unity/cmake/custom_message_unity__rosidl_typesupport_cExport-noconfig.cmake
[3.218s] -- Up-to-date: /home/osawakousei/ros2_ws/src/custom_message_unity/install/custom_message_unity/share/custom_message_unity/cmake/custom_message_unity__rosidl_typesupport_introspection_cppExport.cmake
[3.218s] -- Up-to-date: /home/osawakousei/ros2_ws/src/custom_message_unity/install/custom_message_unity/share/custom_message_unity/cmake/custom_message_unity__rosidl_typesupport_introspection_cppExport-noconfig.cmake
[3.222s] -- Up-to-date: /home/osawakousei/ros2_ws/src/custom_message_unity/install/custom_message_unity/share/custom_message_unity/cmake/custom_message_unity__rosidl_typesupport_cppExport.cmake
[3.222s] -- Up-to-date: /home/osawakousei/ros2_ws/src/custom_message_unity/install/custom_message_unity/share/custom_message_unity/cmake/custom_message_unity__rosidl_typesupport_cppExport-noconfig.cmake
[3.225s] -- Up-to-date: /home/osawakousei/ros2_ws/src/custom_message_unity/install/custom_message_unity/share/custom_message_unity/cmake/export_custom_message_unity__rosidl_generator_pyExport.cmake
[3.226s] -- Up-to-date: /home/osawakousei/ros2_ws/src/custom_message_unity/install/custom_message_unity/share/custom_message_unity/cmake/export_custom_message_unity__rosidl_generator_pyExport-noconfig.cmake
[3.227s] -- Up-to-date: /home/osawakousei/ros2_ws/src/custom_message_unity/install/custom_message_unity/share/custom_message_unity/cmake/rosidl_cmake-extras.cmake
[3.228s] -- Up-to-date: /home/osawakousei/ros2_ws/src/custom_message_unity/install/custom_message_unity/share/custom_message_unity/cmake/ament_cmake_export_include_directories-extras.cmake
[3.228s] -- Up-to-date: /home/osawakousei/ros2_ws/src/custom_message_unity/install/custom_message_unity/share/custom_message_unity/cmake/ament_cmake_export_libraries-extras.cmake
[3.228s] -- Up-to-date: /home/osawakousei/ros2_ws/src/custom_message_unity/install/custom_message_unity/share/custom_message_unity/cmake/ament_cmake_export_targets-extras.cmake
[3.229s] -- Up-to-date: /home/osawakousei/ros2_ws/src/custom_message_unity/install/custom_message_unity/share/custom_message_unity/cmake/rosidl_cmake_export_typesupport_targets-extras.cmake
[3.229s] -- Up-to-date: /home/osawakousei/ros2_ws/src/custom_message_unity/install/custom_message_unity/share/custom_message_unity/cmake/ament_cmake_export_dependencies-extras.cmake
[3.229s] -- Up-to-date: /home/osawakousei/ros2_ws/src/custom_message_unity/install/custom_message_unity/share/custom_message_unity/cmake/rosidl_cmake_export_typesupport_libraries-extras.cmake
[3.230s] -- Up-to-date: /home/osawakousei/ros2_ws/src/custom_message_unity/install/custom_message_unity/share/custom_message_unity/cmake/custom_message_unityConfig.cmake
[3.230s] -- Up-to-date: /home/osawakousei/ros2_ws/src/custom_message_unity/install/custom_message_unity/share/custom_message_unity/cmake/custom_message_unityConfig-version.cmake
[3.230s] -- Up-to-date: /home/osawakousei/ros2_ws/src/custom_message_unity/install/custom_message_unity/share/custom_message_unity/package.xml
[3.238s] Invoked command in '/home/osawakousei/ros2_ws/src/custom_message_unity/build/custom_message_unity' returned '0': CMAKE_PREFIX_PATH=${CMAKE_PREFIX_PATH}:/opt/ros/humble /usr/bin/cmake --install /home/osawakousei/ros2_ws/src/custom_message_unity/build/custom_message_unity
