[0.302s] Invoking command in '/home/osawakousei/ros2_ws/build/micro_ros_msgs': CMAKE_PREFIX_PATH=${CMAKE_PREFIX_PATH}:/opt/ros/humble /usr/bin/cmake --build /home/osawakousei/ros2_ws/build/micro_ros_msgs -- -j8 -l8
[0.639s] [  2%] Built target micro_ros_msgs__cpp
[0.673s] [ 12%] Built target micro_ros_msgs__rosidl_generator_c
[0.820s] [ 12%] Built target ament_cmake_python_copy_micro_ros_msgs
[1.084s] [ 23%] Built target micro_ros_msgs__rosidl_typesupport_fastrtps_cpp
[1.101s] [ 34%] Built target micro_ros_msgs__rosidl_typesupport_cpp
[1.120s] [ 44%] Built target micro_ros_msgs__rosidl_typesupport_fastrtps_c
[1.137s] [ 55%] Built target micro_ros_msgs__rosidl_typesupport_c
[1.225s] [ 65%] Built target micro_ros_msgs__rosidl_typesupport_introspection_c
[1.255s] [ 76%] Built target micro_ros_msgs__rosidl_typesupport_introspection_cpp
[1.547s] [ 76%] Built target micro_ros_msgs
[1.808s] [ 78%] Built target micro_ros_msgs__py
[2.042s] [ 87%] Built target micro_ros_msgs__rosidl_generator_py
[2.334s] [ 91%] Built target micro_ros_msgs__rosidl_typesupport_fastrtps_c__pyext
[2.343s] [ 95%] Built target micro_ros_msgs__rosidl_typesupport_introspection_c__pyext
[2.372s] [100%] Built target micro_ros_msgs__rosidl_typesupport_c__pyext
[2.649s] running egg_info
[2.650s] writing micro_ros_msgs.egg-info/PKG-INFO
[2.652s] writing dependency_links to micro_ros_msgs.egg-info/dependency_links.txt
[2.652s] writing top-level names to micro_ros_msgs.egg-info/top_level.txt
[2.659s] reading manifest file 'micro_ros_msgs.egg-info/SOURCES.txt'
[2.662s] writing manifest file 'micro_ros_msgs.egg-info/SOURCES.txt'
[2.744s] [100%] Built target ament_cmake_python_build_micro_ros_msgs_egg
[2.794s] Invoked command in '/home/osawakousei/ros2_ws/build/micro_ros_msgs' returned '0': CMAKE_PREFIX_PATH=${CMAKE_PREFIX_PATH}:/opt/ros/humble /usr/bin/cmake --build /home/osawakousei/ros2_ws/build/micro_ros_msgs -- -j8 -l8
[3.759s] Invoking command in '/home/osawakousei/ros2_ws/build/micro_ros_msgs': CMAKE_PREFIX_PATH=${CMAKE_PREFIX_PATH}:/opt/ros/humble /usr/bin/cmake --install /home/osawakousei/ros2_ws/build/micro_ros_msgs
[3.816s] -- Install configuration: ""
[3.816s] -- Up-to-date: /home/osawakousei/ros2_ws/install/micro_ros_msgs/share/ament_index/resource_index/rosidl_interfaces/micro_ros_msgs
[3.818s] -- Up-to-date: /home/osawakousei/ros2_ws/install/micro_ros_msgs/include/micro_ros_msgs/micro_ros_msgs
[3.819s] -- Up-to-date: /home/osawakousei/ros2_ws/install/micro_ros_msgs/include/micro_ros_msgs/micro_ros_msgs/msg
[3.820s] -- Up-to-date: /home/osawakousei/ros2_ws/install/micro_ros_msgs/include/micro_ros_msgs/micro_ros_msgs/msg/entity.h
[3.820s] -- Up-to-date: /home/osawakousei/ros2_ws/install/micro_ros_msgs/include/micro_ros_msgs/micro_ros_msgs/msg/rosidl_generator_c__visibility_control.h
[3.821s] -- Up-to-date: /home/osawakousei/ros2_ws/install/micro_ros_msgs/include/micro_ros_msgs/micro_ros_msgs/msg/graph.h
[3.822s] -- Up-to-date: /home/osawakousei/ros2_ws/install/micro_ros_msgs/include/micro_ros_msgs/micro_ros_msgs/msg/detail
[3.823s] -- Up-to-date: /home/osawakousei/ros2_ws/install/micro_ros_msgs/include/micro_ros_msgs/micro_ros_msgs/msg/detail/node__functions.h
[3.823s] -- Up-to-date: /home/osawakousei/ros2_ws/install/micro_ros_msgs/include/micro_ros_msgs/micro_ros_msgs/msg/detail/graph__functions.h
[3.824s] -- Up-to-date: /home/osawakousei/ros2_ws/install/micro_ros_msgs/include/micro_ros_msgs/micro_ros_msgs/msg/detail/entity__functions.c
[3.825s] -- Up-to-date: /home/osawakousei/ros2_ws/install/micro_ros_msgs/include/micro_ros_msgs/micro_ros_msgs/msg/detail/graph__functions.c
[3.825s] -- Up-to-date: /home/osawakousei/ros2_ws/install/micro_ros_msgs/include/micro_ros_msgs/micro_ros_msgs/msg/detail/node__functions.c
[3.826s] -- Up-to-date: /home/osawakousei/ros2_ws/install/micro_ros_msgs/include/micro_ros_msgs/micro_ros_msgs/msg/detail/entity__type_support.h
[3.840s] -- Up-to-date: /home/osawakousei/ros2_ws/install/micro_ros_msgs/include/micro_ros_msgs/micro_ros_msgs/msg/detail/node__type_support.h
[3.841s] -- Up-to-date: /home/osawakousei/ros2_ws/install/micro_ros_msgs/include/micro_ros_msgs/micro_ros_msgs/msg/detail/graph__struct.h
[3.841s] -- Up-to-date: /home/osawakousei/ros2_ws/install/micro_ros_msgs/include/micro_ros_msgs/micro_ros_msgs/msg/detail/graph__type_support.h
[3.842s] -- Up-to-date: /home/osawakousei/ros2_ws/install/micro_ros_msgs/include/micro_ros_msgs/micro_ros_msgs/msg/detail/node__struct.h
[3.843s] -- Up-to-date: /home/osawakousei/ros2_ws/install/micro_ros_msgs/include/micro_ros_msgs/micro_ros_msgs/msg/detail/entity__struct.h
[3.846s] -- Up-to-date: /home/osawakousei/ros2_ws/install/micro_ros_msgs/include/micro_ros_msgs/micro_ros_msgs/msg/detail/entity__functions.h
[3.846s] -- Up-to-date: /home/osawakousei/ros2_ws/install/micro_ros_msgs/include/micro_ros_msgs/micro_ros_msgs/msg/node.h
[3.847s] -- Up-to-date: /home/osawakousei/ros2_ws/install/micro_ros_msgs/share/micro_ros_msgs/environment/library_path.sh
[3.847s] -- Up-to-date: /home/osawakousei/ros2_ws/install/micro_ros_msgs/share/micro_ros_msgs/environment/library_path.dsv
[3.847s] -- Up-to-date: /home/osawakousei/ros2_ws/install/micro_ros_msgs/lib/libmicro_ros_msgs__rosidl_generator_c.so
[3.848s] -- Up-to-date: /home/osawakousei/ros2_ws/install/micro_ros_msgs/include/micro_ros_msgs/micro_ros_msgs
[3.848s] -- Up-to-date: /home/osawakousei/ros2_ws/install/micro_ros_msgs/include/micro_ros_msgs/micro_ros_msgs/msg
[3.850s] -- Up-to-date: /home/osawakousei/ros2_ws/install/micro_ros_msgs/include/micro_ros_msgs/micro_ros_msgs/msg/detail
[3.850s] -- Up-to-date: /home/osawakousei/ros2_ws/install/micro_ros_msgs/include/micro_ros_msgs/micro_ros_msgs/msg/detail/node__rosidl_typesupport_fastrtps_c.h
[3.854s] -- Up-to-date: /home/osawakousei/ros2_ws/install/micro_ros_msgs/include/micro_ros_msgs/micro_ros_msgs/msg/detail/graph__rosidl_typesupport_fastrtps_c.h
[3.855s] -- Up-to-date: /home/osawakousei/ros2_ws/install/micro_ros_msgs/include/micro_ros_msgs/micro_ros_msgs/msg/detail/entity__rosidl_typesupport_fastrtps_c.h
[3.856s] -- Up-to-date: /home/osawakousei/ros2_ws/install/micro_ros_msgs/include/micro_ros_msgs/micro_ros_msgs/msg/rosidl_typesupport_fastrtps_c__visibility_control.h
[3.856s] -- Up-to-date: /home/osawakousei/ros2_ws/install/micro_ros_msgs/lib/libmicro_ros_msgs__rosidl_typesupport_fastrtps_c.so
[3.857s] -- Up-to-date: /home/osawakousei/ros2_ws/install/micro_ros_msgs/include/micro_ros_msgs/micro_ros_msgs
[3.857s] -- Up-to-date: /home/osawakousei/ros2_ws/install/micro_ros_msgs/include/micro_ros_msgs/micro_ros_msgs/msg
[3.858s] -- Up-to-date: /home/osawakousei/ros2_ws/install/micro_ros_msgs/include/micro_ros_msgs/micro_ros_msgs/msg/rosidl_typesupport_introspection_c__visibility_control.h
[3.859s] -- Up-to-date: /home/osawakousei/ros2_ws/install/micro_ros_msgs/include/micro_ros_msgs/micro_ros_msgs/msg/detail
[3.859s] -- Up-to-date: /home/osawakousei/ros2_ws/install/micro_ros_msgs/include/micro_ros_msgs/micro_ros_msgs/msg/detail/entity__rosidl_typesupport_introspection_c.h
[3.860s] -- Up-to-date: /home/osawakousei/ros2_ws/install/micro_ros_msgs/include/micro_ros_msgs/micro_ros_msgs/msg/detail/node__type_support.c
[3.861s] -- Up-to-date: /home/osawakousei/ros2_ws/install/micro_ros_msgs/include/micro_ros_msgs/micro_ros_msgs/msg/detail/entity__type_support.c
[3.861s] -- Up-to-date: /home/osawakousei/ros2_ws/install/micro_ros_msgs/include/micro_ros_msgs/micro_ros_msgs/msg/detail/graph__rosidl_typesupport_introspection_c.h
[3.862s] -- Up-to-date: /home/osawakousei/ros2_ws/install/micro_ros_msgs/include/micro_ros_msgs/micro_ros_msgs/msg/detail/node__rosidl_typesupport_introspection_c.h
[3.863s] -- Up-to-date: /home/osawakousei/ros2_ws/install/micro_ros_msgs/include/micro_ros_msgs/micro_ros_msgs/msg/detail/graph__type_support.c
[3.864s] -- Up-to-date: /home/osawakousei/ros2_ws/install/micro_ros_msgs/lib/libmicro_ros_msgs__rosidl_typesupport_introspection_c.so
[3.865s] -- Up-to-date: /home/osawakousei/ros2_ws/install/micro_ros_msgs/lib/libmicro_ros_msgs__rosidl_typesupport_c.so
[3.865s] -- Up-to-date: /home/osawakousei/ros2_ws/install/micro_ros_msgs/include/micro_ros_msgs/micro_ros_msgs
[3.866s] -- Up-to-date: /home/osawakousei/ros2_ws/install/micro_ros_msgs/include/micro_ros_msgs/micro_ros_msgs/msg
[3.867s] -- Up-to-date: /home/osawakousei/ros2_ws/install/micro_ros_msgs/include/micro_ros_msgs/micro_ros_msgs/msg/graph.hpp
[3.867s] -- Up-to-date: /home/osawakousei/ros2_ws/install/micro_ros_msgs/include/micro_ros_msgs/micro_ros_msgs/msg/entity.hpp
[3.868s] -- Up-to-date: /home/osawakousei/ros2_ws/install/micro_ros_msgs/include/micro_ros_msgs/micro_ros_msgs/msg/detail
[3.869s] -- Up-to-date: /home/osawakousei/ros2_ws/install/micro_ros_msgs/include/micro_ros_msgs/micro_ros_msgs/msg/detail/entity__struct.hpp
[3.869s] -- Up-to-date: /home/osawakousei/ros2_ws/install/micro_ros_msgs/include/micro_ros_msgs/micro_ros_msgs/msg/detail/node__struct.hpp
[3.870s] -- Up-to-date: /home/osawakousei/ros2_ws/install/micro_ros_msgs/include/micro_ros_msgs/micro_ros_msgs/msg/detail/node__builder.hpp
[3.870s] -- Up-to-date: /home/osawakousei/ros2_ws/install/micro_ros_msgs/include/micro_ros_msgs/micro_ros_msgs/msg/detail/entity__traits.hpp
[3.871s] -- Up-to-date: /home/osawakousei/ros2_ws/install/micro_ros_msgs/include/micro_ros_msgs/micro_ros_msgs/msg/detail/graph__builder.hpp
[3.871s] -- Up-to-date: /home/osawakousei/ros2_ws/install/micro_ros_msgs/include/micro_ros_msgs/micro_ros_msgs/msg/detail/node__traits.hpp
[3.873s] -- Up-to-date: /home/osawakousei/ros2_ws/install/micro_ros_msgs/include/micro_ros_msgs/micro_ros_msgs/msg/detail/graph__struct.hpp
[3.874s] -- Up-to-date: /home/osawakousei/ros2_ws/install/micro_ros_msgs/include/micro_ros_msgs/micro_ros_msgs/msg/detail/graph__traits.hpp
[3.874s] -- Up-to-date: /home/osawakousei/ros2_ws/install/micro_ros_msgs/include/micro_ros_msgs/micro_ros_msgs/msg/detail/entity__builder.hpp
[3.875s] -- Up-to-date: /home/osawakousei/ros2_ws/install/micro_ros_msgs/include/micro_ros_msgs/micro_ros_msgs/msg/node.hpp
[3.875s] -- Up-to-date: /home/osawakousei/ros2_ws/install/micro_ros_msgs/include/micro_ros_msgs/micro_ros_msgs
[3.876s] -- Up-to-date: /home/osawakousei/ros2_ws/install/micro_ros_msgs/include/micro_ros_msgs/micro_ros_msgs/msg
[3.877s] -- Up-to-date: /home/osawakousei/ros2_ws/install/micro_ros_msgs/include/micro_ros_msgs/micro_ros_msgs/msg/rosidl_typesupport_fastrtps_cpp__visibility_control.h
[3.878s] -- Up-to-date: /home/osawakousei/ros2_ws/install/micro_ros_msgs/include/micro_ros_msgs/micro_ros_msgs/msg/detail
[3.878s] -- Up-to-date: /home/osawakousei/ros2_ws/install/micro_ros_msgs/include/micro_ros_msgs/micro_ros_msgs/msg/detail/node__rosidl_typesupport_fastrtps_cpp.hpp
[3.883s] -- Up-to-date: /home/osawakousei/ros2_ws/install/micro_ros_msgs/include/micro_ros_msgs/micro_ros_msgs/msg/detail/graph__rosidl_typesupport_fastrtps_cpp.hpp
[3.884s] -- Up-to-date: /home/osawakousei/ros2_ws/install/micro_ros_msgs/include/micro_ros_msgs/micro_ros_msgs/msg/detail/entity__rosidl_typesupport_fastrtps_cpp.hpp
[3.884s] -- Up-to-date: /home/osawakousei/ros2_ws/install/micro_ros_msgs/include/micro_ros_msgs/micro_ros_msgs/msg/detail/dds_fastrtps
[3.885s] -- Up-to-date: /home/osawakousei/ros2_ws/install/micro_ros_msgs/lib/libmicro_ros_msgs__rosidl_typesupport_fastrtps_cpp.so
[3.886s] -- Up-to-date: /home/osawakousei/ros2_ws/install/micro_ros_msgs/include/micro_ros_msgs/micro_ros_msgs
[3.886s] -- Up-to-date: /home/osawakousei/ros2_ws/install/micro_ros_msgs/include/micro_ros_msgs/micro_ros_msgs/msg
[3.887s] -- Up-to-date: /home/osawakousei/ros2_ws/install/micro_ros_msgs/include/micro_ros_msgs/micro_ros_msgs/msg/detail
[3.887s] -- Up-to-date: /home/osawakousei/ros2_ws/install/micro_ros_msgs/include/micro_ros_msgs/micro_ros_msgs/msg/detail/graph__type_support.cpp
[3.888s] -- Up-to-date: /home/osawakousei/ros2_ws/install/micro_ros_msgs/include/micro_ros_msgs/micro_ros_msgs/msg/detail/entity__rosidl_typesupport_introspection_cpp.hpp
[3.888s] -- Up-to-date: /home/osawakousei/ros2_ws/install/micro_ros_msgs/include/micro_ros_msgs/micro_ros_msgs/msg/detail/node__type_support.cpp
[3.889s] -- Up-to-date: /home/osawakousei/ros2_ws/install/micro_ros_msgs/include/micro_ros_msgs/micro_ros_msgs/msg/detail/graph__rosidl_typesupport_introspection_cpp.hpp
[3.890s] -- Up-to-date: /home/osawakousei/ros2_ws/install/micro_ros_msgs/include/micro_ros_msgs/micro_ros_msgs/msg/detail/node__rosidl_typesupport_introspection_cpp.hpp
[3.890s] -- Up-to-date: /home/osawakousei/ros2_ws/install/micro_ros_msgs/include/micro_ros_msgs/micro_ros_msgs/msg/detail/entity__type_support.cpp
[3.891s] -- Up-to-date: /home/osawakousei/ros2_ws/install/micro_ros_msgs/lib/libmicro_ros_msgs__rosidl_typesupport_introspection_cpp.so
[3.891s] -- Up-to-date: /home/osawakousei/ros2_ws/install/micro_ros_msgs/lib/libmicro_ros_msgs__rosidl_typesupport_cpp.so
[3.892s] -- Up-to-date: /home/osawakousei/ros2_ws/install/micro_ros_msgs/share/micro_ros_msgs/environment/pythonpath.sh
[3.893s] -- Up-to-date: /home/osawakousei/ros2_ws/install/micro_ros_msgs/share/micro_ros_msgs/environment/pythonpath.dsv
[3.893s] -- Up-to-date: /home/osawakousei/ros2_ws/install/micro_ros_msgs/local/lib/python3.10/dist-packages/micro_ros_msgs-3.0.0-py3.10.egg-info
[3.894s] -- Installing: /home/osawakousei/ros2_ws/install/micro_ros_msgs/local/lib/python3.10/dist-packages/micro_ros_msgs-3.0.0-py3.10.egg-info/top_level.txt
[3.894s] -- Installing: /home/osawakousei/ros2_ws/install/micro_ros_msgs/local/lib/python3.10/dist-packages/micro_ros_msgs-3.0.0-py3.10.egg-info/SOURCES.txt
[3.895s] -- Installing: /home/osawakousei/ros2_ws/install/micro_ros_msgs/local/lib/python3.10/dist-packages/micro_ros_msgs-3.0.0-py3.10.egg-info/dependency_links.txt
[3.896s] -- Installing: /home/osawakousei/ros2_ws/install/micro_ros_msgs/local/lib/python3.10/dist-packages/micro_ros_msgs-3.0.0-py3.10.egg-info/PKG-INFO
[3.897s] -- Up-to-date: /home/osawakousei/ros2_ws/install/micro_ros_msgs/local/lib/python3.10/dist-packages/micro_ros_msgs
[3.898s] -- Up-to-date: /home/osawakousei/ros2_ws/install/micro_ros_msgs/local/lib/python3.10/dist-packages/micro_ros_msgs/libmicro_ros_msgs__rosidl_generator_py.so
[3.899s] -- Up-to-date: /home/osawakousei/ros2_ws/install/micro_ros_msgs/local/lib/python3.10/dist-packages/micro_ros_msgs/_micro_ros_msgs_s.ep.rosidl_typesupport_introspection_c.c
[3.899s] -- Up-to-date: /home/osawakousei/ros2_ws/install/micro_ros_msgs/local/lib/python3.10/dist-packages/micro_ros_msgs/micro_ros_msgs_s__rosidl_typesupport_introspection_c.cpython-310-x86_64-linux-gnu.so
[3.900s] -- Up-to-date: /home/osawakousei/ros2_ws/install/micro_ros_msgs/local/lib/python3.10/dist-packages/micro_ros_msgs/micro_ros_msgs_s__rosidl_typesupport_fastrtps_c.cpython-310-x86_64-linux-gnu.so
[3.901s] -- Up-to-date: /home/osawakousei/ros2_ws/install/micro_ros_msgs/local/lib/python3.10/dist-packages/micro_ros_msgs/__init__.py
[3.901s] -- Up-to-date: /home/osawakousei/ros2_ws/install/micro_ros_msgs/local/lib/python3.10/dist-packages/micro_ros_msgs/_micro_ros_msgs_s.ep.rosidl_typesupport_c.c
[3.902s] -- Up-to-date: /home/osawakousei/ros2_ws/install/micro_ros_msgs/local/lib/python3.10/dist-packages/micro_ros_msgs/msg
[3.903s] -- Up-to-date: /home/osawakousei/ros2_ws/install/micro_ros_msgs/local/lib/python3.10/dist-packages/micro_ros_msgs/msg/_node.py
[3.903s] -- Up-to-date: /home/osawakousei/ros2_ws/install/micro_ros_msgs/local/lib/python3.10/dist-packages/micro_ros_msgs/msg/_node_s.c
[3.904s] -- Up-to-date: /home/osawakousei/ros2_ws/install/micro_ros_msgs/local/lib/python3.10/dist-packages/micro_ros_msgs/msg/_entity_s.c
[3.905s] -- Up-to-date: /home/osawakousei/ros2_ws/install/micro_ros_msgs/local/lib/python3.10/dist-packages/micro_ros_msgs/msg/_graph.py
[3.905s] -- Up-to-date: /home/osawakousei/ros2_ws/install/micro_ros_msgs/local/lib/python3.10/dist-packages/micro_ros_msgs/msg/_entity.py
[3.906s] -- Up-to-date: /home/osawakousei/ros2_ws/install/micro_ros_msgs/local/lib/python3.10/dist-packages/micro_ros_msgs/msg/__init__.py
[3.907s] -- Up-to-date: /home/osawakousei/ros2_ws/install/micro_ros_msgs/local/lib/python3.10/dist-packages/micro_ros_msgs/msg/_graph_s.c
[3.907s] -- Up-to-date: /home/osawakousei/ros2_ws/install/micro_ros_msgs/local/lib/python3.10/dist-packages/micro_ros_msgs/_micro_ros_msgs_s.ep.rosidl_typesupport_fastrtps_c.c
[3.908s] -- Up-to-date: /home/osawakousei/ros2_ws/install/micro_ros_msgs/local/lib/python3.10/dist-packages/micro_ros_msgs/micro_ros_msgs_s__rosidl_typesupport_c.cpython-310-x86_64-linux-gnu.so
[3.929s] Listing '/home/osawakousei/ros2_ws/install/micro_ros_msgs/local/lib/python3.10/dist-packages/micro_ros_msgs'...
[3.931s] Listing '/home/osawakousei/ros2_ws/install/micro_ros_msgs/local/lib/python3.10/dist-packages/micro_ros_msgs/msg'...
[3.939s] -- Up-to-date: /home/osawakousei/ros2_ws/install/micro_ros_msgs/local/lib/python3.10/dist-packages/micro_ros_msgs/micro_ros_msgs_s__rosidl_typesupport_fastrtps_c.cpython-310-x86_64-linux-gnu.so
[3.942s] -- Up-to-date: /home/osawakousei/ros2_ws/install/micro_ros_msgs/local/lib/python3.10/dist-packages/micro_ros_msgs/micro_ros_msgs_s__rosidl_typesupport_introspection_c.cpython-310-x86_64-linux-gnu.so
[3.943s] -- Up-to-date: /home/osawakousei/ros2_ws/install/micro_ros_msgs/local/lib/python3.10/dist-packages/micro_ros_msgs/micro_ros_msgs_s__rosidl_typesupport_c.cpython-310-x86_64-linux-gnu.so
[3.944s] -- Up-to-date: /home/osawakousei/ros2_ws/install/micro_ros_msgs/lib/libmicro_ros_msgs__rosidl_generator_py.so
[3.952s] -- Up-to-date: /home/osawakousei/ros2_ws/install/micro_ros_msgs/share/micro_ros_msgs/msg/Graph.idl
[3.952s] -- Up-to-date: /home/osawakousei/ros2_ws/install/micro_ros_msgs/share/micro_ros_msgs/msg/Node.idl
[3.955s] -- Up-to-date: /home/osawakousei/ros2_ws/install/micro_ros_msgs/share/micro_ros_msgs/msg/Entity.idl
[3.955s] -- Up-to-date: /home/osawakousei/ros2_ws/install/micro_ros_msgs/share/micro_ros_msgs/msg/Graph.msg
[3.956s] -- Up-to-date: /home/osawakousei/ros2_ws/install/micro_ros_msgs/share/micro_ros_msgs/msg/Node.msg
[3.957s] -- Up-to-date: /home/osawakousei/ros2_ws/install/micro_ros_msgs/share/micro_ros_msgs/msg/Entity.msg
[3.958s] -- Up-to-date: /home/osawakousei/ros2_ws/install/micro_ros_msgs/share/ament_index/resource_index/package_run_dependencies/micro_ros_msgs
[3.958s] -- Up-to-date: /home/osawakousei/ros2_ws/install/micro_ros_msgs/share/ament_index/resource_index/parent_prefix_path/micro_ros_msgs
[3.959s] -- Up-to-date: /home/osawakousei/ros2_ws/install/micro_ros_msgs/share/micro_ros_msgs/environment/ament_prefix_path.sh
[3.960s] -- Up-to-date: /home/osawakousei/ros2_ws/install/micro_ros_msgs/share/micro_ros_msgs/environment/ament_prefix_path.dsv
[3.960s] -- Up-to-date: /home/osawakousei/ros2_ws/install/micro_ros_msgs/share/micro_ros_msgs/environment/path.sh
[3.960s] -- Up-to-date: /home/osawakousei/ros2_ws/install/micro_ros_msgs/share/micro_ros_msgs/environment/path.dsv
[3.963s] -- Up-to-date: /home/osawakousei/ros2_ws/install/micro_ros_msgs/share/micro_ros_msgs/local_setup.bash
[3.963s] -- Up-to-date: /home/osawakousei/ros2_ws/install/micro_ros_msgs/share/micro_ros_msgs/local_setup.sh
[3.964s] -- Up-to-date: /home/osawakousei/ros2_ws/install/micro_ros_msgs/share/micro_ros_msgs/local_setup.zsh
[3.964s] -- Up-to-date: /home/osawakousei/ros2_ws/install/micro_ros_msgs/share/micro_ros_msgs/local_setup.dsv
[3.965s] -- Installing: /home/osawakousei/ros2_ws/install/micro_ros_msgs/share/micro_ros_msgs/package.dsv
[3.965s] -- Up-to-date: /home/osawakousei/ros2_ws/install/micro_ros_msgs/share/ament_index/resource_index/packages/micro_ros_msgs
[3.966s] -- Up-to-date: /home/osawakousei/ros2_ws/install/micro_ros_msgs/share/micro_ros_msgs/cmake/export_micro_ros_msgs__rosidl_generator_cExport.cmake
[3.966s] -- Up-to-date: /home/osawakousei/ros2_ws/install/micro_ros_msgs/share/micro_ros_msgs/cmake/export_micro_ros_msgs__rosidl_generator_cExport-noconfig.cmake
[3.967s] -- Up-to-date: /home/osawakousei/ros2_ws/install/micro_ros_msgs/share/micro_ros_msgs/cmake/export_micro_ros_msgs__rosidl_typesupport_fastrtps_cExport.cmake
[3.968s] -- Up-to-date: /home/osawakousei/ros2_ws/install/micro_ros_msgs/share/micro_ros_msgs/cmake/export_micro_ros_msgs__rosidl_typesupport_fastrtps_cExport-noconfig.cmake
[3.968s] -- Up-to-date: /home/osawakousei/ros2_ws/install/micro_ros_msgs/share/micro_ros_msgs/cmake/micro_ros_msgs__rosidl_typesupport_introspection_cExport.cmake
[3.969s] -- Up-to-date: /home/osawakousei/ros2_ws/install/micro_ros_msgs/share/micro_ros_msgs/cmake/micro_ros_msgs__rosidl_typesupport_introspection_cExport-noconfig.cmake
[3.970s] -- Up-to-date: /home/osawakousei/ros2_ws/install/micro_ros_msgs/share/micro_ros_msgs/cmake/micro_ros_msgs__rosidl_typesupport_cExport.cmake
[3.970s] -- Up-to-date: /home/osawakousei/ros2_ws/install/micro_ros_msgs/share/micro_ros_msgs/cmake/micro_ros_msgs__rosidl_typesupport_cExport-noconfig.cmake
[3.971s] -- Up-to-date: /home/osawakousei/ros2_ws/install/micro_ros_msgs/share/micro_ros_msgs/cmake/export_micro_ros_msgs__rosidl_generator_cppExport.cmake
[3.971s] -- Up-to-date: /home/osawakousei/ros2_ws/install/micro_ros_msgs/share/micro_ros_msgs/cmake/export_micro_ros_msgs__rosidl_typesupport_fastrtps_cppExport.cmake
[3.972s] -- Up-to-date: /home/osawakousei/ros2_ws/install/micro_ros_msgs/share/micro_ros_msgs/cmake/export_micro_ros_msgs__rosidl_typesupport_fastrtps_cppExport-noconfig.cmake
[3.972s] -- Up-to-date: /home/osawakousei/ros2_ws/install/micro_ros_msgs/share/micro_ros_msgs/cmake/micro_ros_msgs__rosidl_typesupport_introspection_cppExport.cmake
[3.973s] -- Up-to-date: /home/osawakousei/ros2_ws/install/micro_ros_msgs/share/micro_ros_msgs/cmake/micro_ros_msgs__rosidl_typesupport_introspection_cppExport-noconfig.cmake
[3.974s] -- Up-to-date: /home/osawakousei/ros2_ws/install/micro_ros_msgs/share/micro_ros_msgs/cmake/micro_ros_msgs__rosidl_typesupport_cppExport.cmake
[3.974s] -- Up-to-date: /home/osawakousei/ros2_ws/install/micro_ros_msgs/share/micro_ros_msgs/cmake/micro_ros_msgs__rosidl_typesupport_cppExport-noconfig.cmake
[3.975s] -- Up-to-date: /home/osawakousei/ros2_ws/install/micro_ros_msgs/share/micro_ros_msgs/cmake/export_micro_ros_msgs__rosidl_generator_pyExport.cmake
[3.976s] -- Up-to-date: /home/osawakousei/ros2_ws/install/micro_ros_msgs/share/micro_ros_msgs/cmake/export_micro_ros_msgs__rosidl_generator_pyExport-noconfig.cmake
[3.976s] -- Up-to-date: /home/osawakousei/ros2_ws/install/micro_ros_msgs/share/micro_ros_msgs/cmake/rosidl_cmake-extras.cmake
[3.977s] -- Up-to-date: /home/osawakousei/ros2_ws/install/micro_ros_msgs/share/micro_ros_msgs/cmake/ament_cmake_export_include_directories-extras.cmake
[3.977s] -- Up-to-date: /home/osawakousei/ros2_ws/install/micro_ros_msgs/share/micro_ros_msgs/cmake/ament_cmake_export_libraries-extras.cmake
[3.978s] -- Up-to-date: /home/osawakousei/ros2_ws/install/micro_ros_msgs/share/micro_ros_msgs/cmake/ament_cmake_export_targets-extras.cmake
[3.979s] -- Up-to-date: /home/osawakousei/ros2_ws/install/micro_ros_msgs/share/micro_ros_msgs/cmake/rosidl_cmake_export_typesupport_targets-extras.cmake
[3.979s] -- Up-to-date: /home/osawakousei/ros2_ws/install/micro_ros_msgs/share/micro_ros_msgs/cmake/ament_cmake_export_dependencies-extras.cmake
[3.980s] -- Up-to-date: /home/osawakousei/ros2_ws/install/micro_ros_msgs/share/micro_ros_msgs/cmake/rosidl_cmake_export_typesupport_libraries-extras.cmake
[3.980s] -- Up-to-date: /home/osawakousei/ros2_ws/install/micro_ros_msgs/share/micro_ros_msgs/cmake/micro_ros_msgsConfig.cmake
[3.981s] -- Up-to-date: /home/osawakousei/ros2_ws/install/micro_ros_msgs/share/micro_ros_msgs/cmake/micro_ros_msgsConfig-version.cmake
[3.982s] -- Up-to-date: /home/osawakousei/ros2_ws/install/micro_ros_msgs/share/micro_ros_msgs/package.xml
[4.031s] Invoked command in '/home/osawakousei/ros2_ws/build/micro_ros_msgs' returned '0': CMAKE_PREFIX_PATH=${CMAKE_PREFIX_PATH}:/opt/ros/humble /usr/bin/cmake --install /home/osawakousei/ros2_ws/build/micro_ros_msgs
