[0.036s] Invoking command in '/home/kousei/ros2_ws/src/build/ignition_lecture': CMAKE_PREFIX_PATH=/opt/ros/humble /usr/bin/cmake --build /home/kousei/ros2_ws/src/build/ignition_lecture -- -j16 -l16
[0.057s] -- Found ament_cmake: 1.3.6 (/opt/ros/humble/share/ament_cmake/cmake)
[0.205s] -- Found ament_lint_auto: 0.12.9 (/opt/ros/humble/share/ament_lint_auto/cmake)
[0.253s] -- Added test 'flake8' to check Python code syntax and style conventions
[0.253s] -- Added test 'lint_cmake' to check CMake code style
[0.253s] -- Added test 'pep257' to check Python code against some of the docstring style conventions in PEP 257
[0.254s] -- Added test 'xmllint' to check XML markup files
[0.255s] -- Configuring done
[0.256s] -- Generating done
[0.257s] -- Build files have been written to: /home/kousei/ros2_ws/src/build/ignition_lecture
[0.272s] Invoked command in '/home/kousei/ros2_ws/src/build/ignition_lecture' returned '0': CMAKE_PREFIX_PATH=/opt/ros/humble /usr/bin/cmake --build /home/kousei/ros2_ws/src/build/ignition_lecture -- -j16 -l16
[0.294s] Invoking command in '/home/kousei/ros2_ws/src/build/ignition_lecture': CMAKE_PREFIX_PATH=/opt/ros/humble /usr/bin/cmake --install /home/kousei/ros2_ws/src/build/ignition_lecture
[0.298s] -- Install configuration: ""
[0.298s] -- Up-to-date: /home/kousei/ros2_ws/src/install/ignition_lecture/share/ignition_lecture/environment/ignition_lecture.dsv
[0.298s] -- Up-to-date: /home/kousei/ros2_ws/src/install/ignition_lecture/share/ament_index/resource_index/package_run_dependencies/ignition_lecture
[0.299s] -- Up-to-date: /home/kousei/ros2_ws/src/install/ignition_lecture/share/ament_index/resource_index/parent_prefix_path/ignition_lecture
[0.299s] -- Up-to-date: /home/kousei/ros2_ws/src/install/ignition_lecture/share/ignition_lecture/environment/ament_prefix_path.sh
[0.299s] -- Installing: /home/kousei/ros2_ws/src/install/ignition_lecture/share/ignition_lecture/environment/ament_prefix_path.dsv
[0.299s] -- Up-to-date: /home/kousei/ros2_ws/src/install/ignition_lecture/share/ignition_lecture/environment/path.sh
[0.299s] -- Installing: /home/kousei/ros2_ws/src/install/ignition_lecture/share/ignition_lecture/environment/path.dsv
[0.299s] -- Up-to-date: /home/kousei/ros2_ws/src/install/ignition_lecture/share/ignition_lecture/local_setup.bash
[0.299s] -- Up-to-date: /home/kousei/ros2_ws/src/install/ignition_lecture/share/ignition_lecture/local_setup.sh
[0.299s] -- Up-to-date: /home/kousei/ros2_ws/src/install/ignition_lecture/share/ignition_lecture/local_setup.zsh
[0.299s] -- Installing: /home/kousei/ros2_ws/src/install/ignition_lecture/share/ignition_lecture/local_setup.dsv
[0.299s] -- Installing: /home/kousei/ros2_ws/src/install/ignition_lecture/share/ignition_lecture/package.dsv
[0.299s] -- Up-to-date: /home/kousei/ros2_ws/src/install/ignition_lecture/share/ament_index/resource_index/packages/ignition_lecture
[0.300s] -- Up-to-date: /home/kousei/ros2_ws/src/install/ignition_lecture/share/ignition_lecture/cmake/ignition_lectureConfig.cmake
[0.300s] -- Up-to-date: /home/kousei/ros2_ws/src/install/ignition_lecture/share/ignition_lecture/cmake/ignition_lectureConfig-version.cmake
[0.300s] -- Up-to-date: /home/kousei/ros2_ws/src/install/ignition_lecture/share/ignition_lecture/package.xml
[0.301s] Invoked command in '/home/kousei/ros2_ws/src/build/ignition_lecture' returned '0': CMAKE_PREFIX_PATH=/opt/ros/humble /usr/bin/cmake --install /home/kousei/ros2_ws/src/build/ignition_lecture
