[0.293s] Invoking command in '/home/osawakousei/ros2_ws/build/micro_ros_msgs': CMAKE_PREFIX_PATH=${CMAKE_PREFIX_PATH}:/opt/ros/humble /usr/bin/cmake --build /home/osawakousei/ros2_ws/build/micro_ros_msgs -- -j8 -l8
[0.607s] [ 10%] Built target micro_ros_msgs__rosidl_generator_c
[0.609s] [ 12%] Built target micro_ros_msgs__cpp
[0.776s] [ 12%] Built target ament_cmake_python_copy_micro_ros_msgs
[1.023s] [ 23%] Built target micro_ros_msgs__rosidl_typesupport_c
[1.044s] [ 34%] Built target micro_ros_msgs__rosidl_typesupport_fastrtps_c
[1.051s] [ 44%] Built target micro_ros_msgs__rosidl_typesupport_introspection_c
[1.398s] [ 55%] Built target micro_ros_msgs__rosidl_typesupport_introspection_cpp
[1.467s] [ 65%] Built target micro_ros_msgs__rosidl_typesupport_fastrtps_cpp
[1.525s] [ 76%] Built target micro_ros_msgs__rosidl_typesupport_cpp
[1.928s] [ 76%] Built target micro_ros_msgs
[2.180s] [ 78%] Built target micro_ros_msgs__py
[2.520s] [ 87%] Built target micro_ros_msgs__rosidl_generator_py
[2.785s] [ 91%] Built target micro_ros_msgs__rosidl_typesupport_fastrtps_c__pyext
[2.807s] [ 95%] Built target micro_ros_msgs__rosidl_typesupport_c__pyext
[2.874s] [100%] Built target micro_ros_msgs__rosidl_typesupport_introspection_c__pyext
[3.090s] running egg_info
[3.092s] writing micro_ros_msgs.egg-info/PKG-INFO
[3.093s] writing dependency_links to micro_ros_msgs.egg-info/dependency_links.txt
[3.094s] writing top-level names to micro_ros_msgs.egg-info/top_level.txt
[3.102s] reading manifest file 'micro_ros_msgs.egg-info/SOURCES.txt'
[3.105s] writing manifest file 'micro_ros_msgs.egg-info/SOURCES.txt'
[3.217s] [100%] Built target ament_cmake_python_build_micro_ros_msgs_egg
[3.269s] Invoked command in '/home/osawakousei/ros2_ws/build/micro_ros_msgs' returned '0': CMAKE_PREFIX_PATH=${CMAKE_PREFIX_PATH}:/opt/ros/humble /usr/bin/cmake --build /home/osawakousei/ros2_ws/build/micro_ros_msgs -- -j8 -l8
