[  2%] [32m[1mLinking C shared library libcpp_server_client__rosidl_generator_c.so[0m
[  5%] Built target cpp_server_client__cpp
[  5%] Built target ament_cmake_python_copy_cpp_server_client
[  8%] [32m[1mLinking CXX shared library libcpp_server_client__rosidl_typesupport_cpp.so[0m
[ 14%] Built target cpp_server_client__rosidl_generator_c
[ 17%] [32m[1mLinking CXX shared library libcpp_server_client__rosidl_typesupport_fastrtps_cpp.so[0m
[ 20%] [32m[1mLinking CXX shared library libcpp_server_client__rosidl_typesupport_introspection_cpp.so[0m
[ 22%] [32m[1mLinking CXX shared library libcpp_server_client__rosidl_typesupport_fastrtps_c.so[0m
[ 25%] [32m[1mLinking C shared library libcpp_server_client__rosidl_typesupport_introspection_c.so[0m
[ 28%] [32m[1mLinking CXX shared library libcpp_server_client__rosidl_typesupport_c.so[0m
[ 34%] Built target cpp_server_client__rosidl_typesupport_cpp
[ 40%] Built target cpp_server_client__rosidl_typesupport_introspection_cpp
[ 45%] Built target cpp_server_client__rosidl_typesupport_introspection_c
[ 51%] Built target cpp_server_client__rosidl_typesupport_c
[ 54%] [32m[1mLinking CXX executable practice_client_node[0m
[ 57%] [32m[1mLinking CXX executable practice_server_node[0m
[ 62%] Built target cpp_server_client__rosidl_typesupport_fastrtps_c
[ 68%] Built target cpp_server_client__rosidl_typesupport_fastrtps_cpp
[ 68%] Built target cpp_server_client
[ 71%] Built target cpp_server_client__py
[ 74%] [32m[1mLinking C shared library rosidl_generator_py/cpp_server_client/libcpp_server_client__rosidl_generator_py.so[0m
running egg_info
writing cpp_server_client.egg-info/PKG-INFO
writing dependency_links to cpp_server_client.egg-info/dependency_links.txt
writing top-level names to cpp_server_client.egg-info/top_level.txt
reading manifest file 'cpp_server_client.egg-info/SOURCES.txt'
[ 77%] Built target practice_server_node
writing manifest file 'cpp_server_client.egg-info/SOURCES.txt'
[ 80%] Built target practice_client_node
[ 82%] Built target cpp_server_client__rosidl_generator_py
[ 82%] Built target ament_cmake_python_build_cpp_server_client_egg
[ 85%] [32m[1mLinking C shared library rosidl_generator_py/cpp_server_client/cpp_server_client_s__rosidl_typesupport_fastrtps_c.cpython-310-x86_64-linux-gnu.so[0m
[ 88%] [32m[1mLinking C shared library rosidl_generator_py/cpp_server_client/cpp_server_client_s__rosidl_typesupport_introspection_c.cpython-310-x86_64-linux-gnu.so[0m
[ 91%] [32m[1mLinking C shared library rosidl_generator_py/cpp_server_client/cpp_server_client_s__rosidl_typesupport_c.cpython-310-x86_64-linux-gnu.so[0m
[ 94%] Built target cpp_server_client__rosidl_typesupport_fastrtps_c__pyext
[ 97%] Built target cpp_server_client__rosidl_typesupport_introspection_c__pyext
[100%] Built target cpp_server_client__rosidl_typesupport_c__pyext
