[0.190s] Invoking command in '/home/osawakousei/ros2_ws/build/cpp_server_client': CMAKE_PREFIX_PATH=${CMAKE_PREFIX_PATH}:/opt/ros/humble /usr/bin/cmake --build /home/osawakousei/ros2_ws/build/cpp_server_client -- -j8 -l8
[0.514s] [  2%] [32m[1mLinking C shared library libcpp_server_client__rosidl_generator_c.so[0m
[0.538s] [  5%] Built target cpp_server_client__cpp
[0.616s] [  5%] Built target ament_cmake_python_copy_cpp_server_client
[0.771s] [  8%] [32m[1mLinking CXX shared library libcpp_server_client__rosidl_typesupport_cpp.so[0m
[0.817s] [ 14%] Built target cpp_server_client__rosidl_generator_c
[0.827s] [ 17%] [32m[1mLinking CXX shared library libcpp_server_client__rosidl_typesupport_fastrtps_cpp.so[0m
[0.830s] [ 20%] [32m[1mLinking CXX shared library libcpp_server_client__rosidl_typesupport_introspection_cpp.so[0m
[1.086s] [ 22%] [32m[1mLinking CXX shared library libcpp_server_client__rosidl_typesupport_fastrtps_c.so[0m
[1.181s] [ 25%] [32m[1mLinking C shared library libcpp_server_client__rosidl_typesupport_introspection_c.so[0m
[1.187s] [ 28%] [32m[1mLinking CXX shared library libcpp_server_client__rosidl_typesupport_c.so[0m
[1.334s] [ 34%] Built target cpp_server_client__rosidl_typesupport_cpp
[1.407s] [ 40%] Built target cpp_server_client__rosidl_typesupport_introspection_cpp
[1.445s] [ 45%] Built target cpp_server_client__rosidl_typesupport_introspection_c
[1.631s] [ 51%] Built target cpp_server_client__rosidl_typesupport_c
[1.636s] [ 54%] [32m[1mLinking CXX executable practice_client_node[0m
[1.647s] [ 57%] [32m[1mLinking CXX executable practice_server_node[0m
[1.722s] [ 62%] Built target cpp_server_client__rosidl_typesupport_fastrtps_c
[1.726s] [ 68%] Built target cpp_server_client__rosidl_typesupport_fastrtps_cpp
[1.943s] [ 68%] Built target cpp_server_client
[2.113s] [ 71%] Built target cpp_server_client__py
[2.351s] [ 74%] [32m[1mLinking C shared library rosidl_generator_py/cpp_server_client/libcpp_server_client__rosidl_generator_py.so[0m
[2.497s] running egg_info
[2.498s] writing cpp_server_client.egg-info/PKG-INFO
[2.500s] writing dependency_links to cpp_server_client.egg-info/dependency_links.txt
[2.500s] writing top-level names to cpp_server_client.egg-info/top_level.txt
[2.508s] reading manifest file 'cpp_server_client.egg-info/SOURCES.txt'
[2.512s] [ 77%] Built target practice_server_node
[2.537s] writing manifest file 'cpp_server_client.egg-info/SOURCES.txt'
[2.552s] [ 80%] Built target practice_client_node
[2.594s] [ 82%] Built target cpp_server_client__rosidl_generator_py
[2.614s] [ 82%] Built target ament_cmake_python_build_cpp_server_client_egg
[2.741s] [ 85%] [32m[1mLinking C shared library rosidl_generator_py/cpp_server_client/cpp_server_client_s__rosidl_typesupport_fastrtps_c.cpython-310-x86_64-linux-gnu.so[0m
[2.766s] [ 88%] [32m[1mLinking C shared library rosidl_generator_py/cpp_server_client/cpp_server_client_s__rosidl_typesupport_introspection_c.cpython-310-x86_64-linux-gnu.so[0m
[2.778s] [ 91%] [32m[1mLinking C shared library rosidl_generator_py/cpp_server_client/cpp_server_client_s__rosidl_typesupport_c.cpython-310-x86_64-linux-gnu.so[0m
[3.034s] [ 94%] Built target cpp_server_client__rosidl_typesupport_fastrtps_c__pyext
[3.063s] [ 97%] Built target cpp_server_client__rosidl_typesupport_introspection_c__pyext
[3.098s] [100%] Built target cpp_server_client__rosidl_typesupport_c__pyext
[3.129s] Invoked command in '/home/osawakousei/ros2_ws/build/cpp_server_client' returned '0': CMAKE_PREFIX_PATH=${CMAKE_PREFIX_PATH}:/opt/ros/humble /usr/bin/cmake --build /home/osawakousei/ros2_ws/build/cpp_server_client -- -j8 -l8
