[0.945s] DEBUG:colcon:Command line arguments: ['/usr/bin/colcon', 'build']
[0.946s] DEBUG:colcon:Parsed command line arguments: Namespace(log_base=None, log_level=None, verb_name='build', build_base='build', install_base='install', merge_install=False, symlink_install=False, test_result_base=None, continue_on_error=False, executor='parallel', parallel_workers=8, event_handlers=None, ignore_user_meta=False, metas=['./colcon.meta'], base_paths=['.'], packages_ignore=None, packages_ignore_regex=None, paths=None, packages_up_to=None, packages_up_to_regex=None, packages_above=None, packages_above_and_dependencies=None, packages_above_depth=None, packages_select_by_dep=None, packages_skip_by_dep=None, packages_skip_up_to=None, packages_select_build_failed=False, packages_skip_build_finished=False, packages_select_test_failures=False, packages_skip_test_passed=False, packages_select=None, packages_skip=None, packages_select_regex=None, packages_skip_regex=None, packages_start=None, packages_end=None, allow_overriding=[], cmake_args=None, cmake_target=None, cmake_target_skip_unavailable=False, cmake_clean_cache=False, cmake_clean_first=False, cmake_force_configure=False, ament_cmake_args=None, catkin_cmake_args=None, catkin_skip_building_tests=False, verb_parser=<colcon_defaults.argument_parser.defaults.DefaultArgumentsDecorator object at 0x7fdc7c7ccfa0>, verb_extension=<colcon_core.verb.build.BuildVerb object at 0x7fdc7c7cca30>, main=<bound method BuildVerb.main of <colcon_core.verb.build.BuildVerb object at 0x7fdc7c7cca30>>)
[1.014s] Level 1:colcon.colcon_core.package_discovery:discover_packages(colcon_meta) check parameters
[1.015s] Level 1:colcon.colcon_core.package_discovery:discover_packages(recursive) check parameters
[1.015s] Level 1:colcon.colcon_core.package_discovery:discover_packages(ignore) check parameters
[1.015s] Level 1:colcon.colcon_core.package_discovery:discover_packages(path) check parameters
[1.015s] Level 1:colcon.colcon_core.package_discovery:discover_packages(colcon_meta) discover
[1.016s] Level 1:colcon.colcon_core.package_discovery:discover_packages(recursive) discover
[1.016s] INFO:colcon.colcon_core.package_discovery:Crawling recursively for packages in '/home/osawakousei/ros2_ws/src/cpp_server_client'
[1.016s] Level 1:colcon.colcon_core.package_identification:_identify(.) by extensions ['ignore', 'ignore_ament_install']
[1.017s] Level 1:colcon.colcon_core.package_identification:_identify(.) by extension 'ignore'
[1.017s] Level 1:colcon.colcon_core.package_identification:_identify(.) by extension 'ignore_ament_install'
[1.017s] Level 1:colcon.colcon_core.package_identification:_identify(.) by extensions ['colcon_pkg']
[1.017s] Level 1:colcon.colcon_core.package_identification:_identify(.) by extension 'colcon_pkg'
[1.018s] Level 1:colcon.colcon_core.package_identification:_identify(.) by extensions ['colcon_meta']
[1.018s] Level 1:colcon.colcon_core.package_identification:_identify(.) by extension 'colcon_meta'
[1.018s] Level 1:colcon.colcon_core.package_identification:_identify(.) by extensions ['ros']
[1.018s] Level 1:colcon.colcon_core.package_identification:_identify(.) by extension 'ros'
[1.063s] DEBUG:colcon.colcon_core.package_identification:Package '.' with type 'ros.ament_cmake' and name 'cpp_server_client'
[1.063s] Level 1:colcon.colcon_core.package_discovery:discover_packages(recursive) using defaults
[1.063s] Level 1:colcon.colcon_core.package_discovery:discover_packages(ignore) discover
[1.063s] Level 1:colcon.colcon_core.package_discovery:discover_packages(ignore) using defaults
[1.064s] Level 1:colcon.colcon_core.package_discovery:discover_packages(path) discover
[1.064s] Level 1:colcon.colcon_core.package_discovery:discover_packages(path) using defaults
[1.130s] Level 1:colcon.colcon_core.package_discovery:discover_packages(prefix_path) check parameters
[1.130s] Level 1:colcon.colcon_core.package_discovery:discover_packages(prefix_path) discover
[1.140s] DEBUG:colcon.colcon_installed_package_information.package_discovery:Found 1 installed packages in /home/osawakousei/ros2_ws/src/cpp_server_client/install
[1.143s] DEBUG:colcon.colcon_installed_package_information.package_discovery:Found 2 installed packages in /home/osawakousei/ros2_ws/src/android_controll_test/install
[1.147s] DEBUG:colcon.colcon_installed_package_information.package_discovery:Found 7 installed packages in /home/osawakousei/ros2_ws/install
[1.151s] DEBUG:colcon.colcon_installed_package_information.package_discovery:Found 1 installed packages in /home/osawakousei/ros2_ws/src/cpp_topic_pubsub/install
[1.154s] DEBUG:colcon.colcon_installed_package_information.package_discovery:Found 1 installed packages in /home/osawakousei/ros2_ws/src/test_package/install
[1.157s] DEBUG:colcon.colcon_installed_package_information.package_discovery:Found 3 installed packages in /home/osawakousei/ros2_ws/uros_ws/install
[1.161s] DEBUG:colcon.colcon_installed_package_information.package_discovery:Found 1 installed packages in /home/osawakousei/ros2_ws/src/custom_test_msgs/install
[1.169s] DEBUG:colcon.colcon_installed_package_information.package_discovery:Found 329 installed packages in /opt/ros/humble
[1.175s] Level 1:colcon.colcon_core.package_discovery:discover_packages(prefix_path) using defaults
[1.364s] Level 5:colcon.colcon_core.verb:set package 'cpp_server_client' build argument 'cmake_args' from command line to 'None'
[1.364s] Level 5:colcon.colcon_core.verb:set package 'cpp_server_client' build argument 'cmake_target' from command line to 'None'
[1.364s] Level 5:colcon.colcon_core.verb:set package 'cpp_server_client' build argument 'cmake_target_skip_unavailable' from command line to 'False'
[1.364s] Level 5:colcon.colcon_core.verb:set package 'cpp_server_client' build argument 'cmake_clean_cache' from command line to 'False'
[1.364s] Level 5:colcon.colcon_core.verb:set package 'cpp_server_client' build argument 'cmake_clean_first' from command line to 'False'
[1.364s] Level 5:colcon.colcon_core.verb:set package 'cpp_server_client' build argument 'cmake_force_configure' from command line to 'False'
[1.364s] Level 5:colcon.colcon_core.verb:set package 'cpp_server_client' build argument 'ament_cmake_args' from command line to 'None'
[1.364s] Level 5:colcon.colcon_core.verb:set package 'cpp_server_client' build argument 'catkin_cmake_args' from command line to 'None'
[1.364s] Level 5:colcon.colcon_core.verb:set package 'cpp_server_client' build argument 'catkin_skip_building_tests' from command line to 'False'
[1.365s] DEBUG:colcon.colcon_core.verb:Building package 'cpp_server_client' with the following arguments: {'ament_cmake_args': None, 'build_base': '/home/osawakousei/ros2_ws/src/cpp_server_client/build/cpp_server_client', 'catkin_cmake_args': None, 'catkin_skip_building_tests': False, 'cmake_args': None, 'cmake_clean_cache': False, 'cmake_clean_first': False, 'cmake_force_configure': False, 'cmake_target': None, 'cmake_target_skip_unavailable': False, 'install_base': '/home/osawakousei/ros2_ws/src/cpp_server_client/install/cpp_server_client', 'merge_install': False, 'path': '/home/osawakousei/ros2_ws/src/cpp_server_client', 'symlink_install': False, 'test_result_base': None}
[1.366s] INFO:colcon.colcon_core.executor:Executing jobs using 'parallel' executor
[1.373s] DEBUG:colcon.colcon_parallel_executor.executor.parallel:run_until_complete
[1.373s] INFO:colcon.colcon_ros.task.ament_cmake.build:Building ROS package in '/home/osawakousei/ros2_ws/src/cpp_server_client' with build type 'ament_cmake'
[1.374s] INFO:colcon.colcon_cmake.task.cmake.build:Building CMake package in '/home/osawakousei/ros2_ws/src/cpp_server_client'
[1.388s] INFO:colcon.colcon_core.plugin_system:Skipping extension 'colcon_core.shell.bat': Not used on non-Windows systems
[1.389s] INFO:colcon.colcon_core.shell:Skip shell extension 'powershell' for command environment: Not usable outside of PowerShell
[1.389s] DEBUG:colcon.colcon_core.shell:Skip shell extension 'dsv' for command environment
[1.453s] DEBUG:colcon.colcon_core.event_handler.log_command:Invoking command in '/home/osawakousei/ros2_ws/src/cpp_server_client/build/cpp_server_client': CMAKE_PREFIX_PATH=${CMAKE_PREFIX_PATH}:/opt/ros/humble /usr/bin/cmake --build /home/osawakousei/ros2_ws/src/cpp_server_client/build/cpp_server_client -- -j8 -l8
[2.711s] DEBUG:colcon.colcon_core.event_handler.log_command:Invoked command in '/home/osawakousei/ros2_ws/src/cpp_server_client/build/cpp_server_client' returned '0': CMAKE_PREFIX_PATH=${CMAKE_PREFIX_PATH}:/opt/ros/humble /usr/bin/cmake --build /home/osawakousei/ros2_ws/src/cpp_server_client/build/cpp_server_client -- -j8 -l8
[3.385s] DEBUG:colcon.colcon_core.event_handler.log_command:Invoking command in '/home/osawakousei/ros2_ws/src/cpp_server_client/build/cpp_server_client': CMAKE_PREFIX_PATH=${CMAKE_PREFIX_PATH}:/opt/ros/humble /usr/bin/cmake --install /home/osawakousei/ros2_ws/src/cpp_server_client/build/cpp_server_client
[3.620s] Level 1:colcon.colcon_core.environment:create_environment_scripts_only(cpp_server_client)
[3.635s] Level 1:colcon.colcon_core.environment:checking '/home/osawakousei/ros2_ws/src/cpp_server_client/install/cpp_server_client' for CMake module files
[3.638s] Level 1:colcon.colcon_core.environment:checking '/home/osawakousei/ros2_ws/src/cpp_server_client/install/cpp_server_client' for CMake config files
[3.640s] Level 1:colcon.colcon_core.shell:create_environment_hook('cpp_server_client', 'cmake_prefix_path')
[3.644s] INFO:colcon.colcon_core.shell:Creating environment hook '/home/osawakousei/ros2_ws/src/cpp_server_client/install/cpp_server_client/share/cpp_server_client/hook/cmake_prefix_path.ps1'
[3.648s] DEBUG:colcon.colcon_core.event_handler.log_command:Invoked command in '/home/osawakousei/ros2_ws/src/cpp_server_client/build/cpp_server_client' returned '0': CMAKE_PREFIX_PATH=${CMAKE_PREFIX_PATH}:/opt/ros/humble /usr/bin/cmake --install /home/osawakousei/ros2_ws/src/cpp_server_client/build/cpp_server_client
[3.648s] INFO:colcon.colcon_core.shell:Creating environment descriptor '/home/osawakousei/ros2_ws/src/cpp_server_client/install/cpp_server_client/share/cpp_server_client/hook/cmake_prefix_path.dsv'
[3.650s] INFO:colcon.colcon_core.shell:Creating environment hook '/home/osawakousei/ros2_ws/src/cpp_server_client/install/cpp_server_client/share/cpp_server_client/hook/cmake_prefix_path.sh'
[3.653s] Level 1:colcon.colcon_core.environment:checking '/home/osawakousei/ros2_ws/src/cpp_server_client/install/cpp_server_client/lib'
[3.654s] Level 1:colcon.colcon_core.shell:create_environment_hook('cpp_server_client', 'ld_library_path_lib')
[3.658s] INFO:colcon.colcon_core.shell:Creating environment hook '/home/osawakousei/ros2_ws/src/cpp_server_client/install/cpp_server_client/share/cpp_server_client/hook/ld_library_path_lib.ps1'
[3.660s] INFO:colcon.colcon_core.shell:Creating environment descriptor '/home/osawakousei/ros2_ws/src/cpp_server_client/install/cpp_server_client/share/cpp_server_client/hook/ld_library_path_lib.dsv'
[3.662s] INFO:colcon.colcon_core.shell:Creating environment hook '/home/osawakousei/ros2_ws/src/cpp_server_client/install/cpp_server_client/share/cpp_server_client/hook/ld_library_path_lib.sh'
[3.664s] Level 1:colcon.colcon_core.environment:checking '/home/osawakousei/ros2_ws/src/cpp_server_client/install/cpp_server_client/bin'
[3.664s] Level 1:colcon.colcon_core.environment:checking '/home/osawakousei/ros2_ws/src/cpp_server_client/install/cpp_server_client/lib/pkgconfig/cpp_server_client.pc'
[3.665s] Level 1:colcon.colcon_core.environment:checking '/home/osawakousei/ros2_ws/src/cpp_server_client/install/cpp_server_client/lib/python3.10/site-packages'
[3.666s] Level 1:colcon.colcon_core.environment:checking '/home/osawakousei/ros2_ws/src/cpp_server_client/install/cpp_server_client/bin'
[3.670s] INFO:colcon.colcon_core.shell:Creating package script '/home/osawakousei/ros2_ws/src/cpp_server_client/install/cpp_server_client/share/cpp_server_client/package.ps1'
[3.673s] INFO:colcon.colcon_core.shell:Creating package descriptor '/home/osawakousei/ros2_ws/src/cpp_server_client/install/cpp_server_client/share/cpp_server_client/package.dsv'
[3.675s] INFO:colcon.colcon_core.shell:Creating package script '/home/osawakousei/ros2_ws/src/cpp_server_client/install/cpp_server_client/share/cpp_server_client/package.sh'
[3.678s] INFO:colcon.colcon_core.shell:Creating package script '/home/osawakousei/ros2_ws/src/cpp_server_client/install/cpp_server_client/share/cpp_server_client/package.bash'
[3.680s] INFO:colcon.colcon_core.shell:Creating package script '/home/osawakousei/ros2_ws/src/cpp_server_client/install/cpp_server_client/share/cpp_server_client/package.zsh'
[3.683s] Level 1:colcon.colcon_core.environment:create_file_with_runtime_dependencies(/home/osawakousei/ros2_ws/src/cpp_server_client/install/cpp_server_client/share/colcon-core/packages/cpp_server_client)
[4.290s] Level 1:colcon.colcon_core.environment:create_environment_scripts_only(cpp_server_client)
[4.296s] Level 1:colcon.colcon_core.environment:checking '/home/osawakousei/ros2_ws/src/cpp_server_client/install/cpp_server_client' for CMake module files
[4.300s] Level 1:colcon.colcon_core.environment:checking '/home/osawakousei/ros2_ws/src/cpp_server_client/install/cpp_server_client' for CMake config files
[4.302s] Level 1:colcon.colcon_core.shell:create_environment_hook('cpp_server_client', 'cmake_prefix_path')
[4.305s] INFO:colcon.colcon_core.shell:Creating environment hook '/home/osawakousei/ros2_ws/src/cpp_server_client/install/cpp_server_client/share/cpp_server_client/hook/cmake_prefix_path.ps1'
[4.307s] INFO:colcon.colcon_core.shell:Creating environment descriptor '/home/osawakousei/ros2_ws/src/cpp_server_client/install/cpp_server_client/share/cpp_server_client/hook/cmake_prefix_path.dsv'
[4.309s] INFO:colcon.colcon_core.shell:Creating environment hook '/home/osawakousei/ros2_ws/src/cpp_server_client/install/cpp_server_client/share/cpp_server_client/hook/cmake_prefix_path.sh'
[4.312s] Level 1:colcon.colcon_core.environment:checking '/home/osawakousei/ros2_ws/src/cpp_server_client/install/cpp_server_client/lib'
[4.312s] Level 1:colcon.colcon_core.shell:create_environment_hook('cpp_server_client', 'ld_library_path_lib')
[4.316s] INFO:colcon.colcon_core.shell:Creating environment hook '/home/osawakousei/ros2_ws/src/cpp_server_client/install/cpp_server_client/share/cpp_server_client/hook/ld_library_path_lib.ps1'
[4.318s] INFO:colcon.colcon_core.shell:Creating environment descriptor '/home/osawakousei/ros2_ws/src/cpp_server_client/install/cpp_server_client/share/cpp_server_client/hook/ld_library_path_lib.dsv'
[4.320s] INFO:colcon.colcon_core.shell:Creating environment hook '/home/osawakousei/ros2_ws/src/cpp_server_client/install/cpp_server_client/share/cpp_server_client/hook/ld_library_path_lib.sh'
[4.322s] Level 1:colcon.colcon_core.environment:checking '/home/osawakousei/ros2_ws/src/cpp_server_client/install/cpp_server_client/bin'
[4.322s] Level 1:colcon.colcon_core.environment:checking '/home/osawakousei/ros2_ws/src/cpp_server_client/install/cpp_server_client/lib/pkgconfig/cpp_server_client.pc'
[4.323s] Level 1:colcon.colcon_core.environment:checking '/home/osawakousei/ros2_ws/src/cpp_server_client/install/cpp_server_client/lib/python3.10/site-packages'
[4.324s] Level 1:colcon.colcon_core.environment:checking '/home/osawakousei/ros2_ws/src/cpp_server_client/install/cpp_server_client/bin'
[4.328s] INFO:colcon.colcon_core.shell:Creating package script '/home/osawakousei/ros2_ws/src/cpp_server_client/install/cpp_server_client/share/cpp_server_client/package.ps1'
[4.331s] INFO:colcon.colcon_core.shell:Creating package descriptor '/home/osawakousei/ros2_ws/src/cpp_server_client/install/cpp_server_client/share/cpp_server_client/package.dsv'
[4.335s] INFO:colcon.colcon_core.shell:Creating package script '/home/osawakousei/ros2_ws/src/cpp_server_client/install/cpp_server_client/share/cpp_server_client/package.sh'
[4.337s] INFO:colcon.colcon_core.shell:Creating package script '/home/osawakousei/ros2_ws/src/cpp_server_client/install/cpp_server_client/share/cpp_server_client/package.bash'
[4.339s] INFO:colcon.colcon_core.shell:Creating package script '/home/osawakousei/ros2_ws/src/cpp_server_client/install/cpp_server_client/share/cpp_server_client/package.zsh'
[4.342s] Level 1:colcon.colcon_core.environment:create_file_with_runtime_dependencies(/home/osawakousei/ros2_ws/src/cpp_server_client/install/cpp_server_client/share/colcon-core/packages/cpp_server_client)
[4.345s] DEBUG:colcon.colcon_parallel_executor.executor.parallel:closing loop
[4.347s] DEBUG:colcon.colcon_parallel_executor.executor.parallel:loop closed
[4.347s] DEBUG:colcon.colcon_parallel_executor.executor.parallel:run_until_complete finished with '0'
[4.347s] DEBUG:colcon.colcon_core.event_reactor:joining thread
[4.365s] INFO:colcon.colcon_core.plugin_system:Skipping extension 'colcon_notification.desktop_notification.terminal_notifier': Not used on non-Darwin systems
[4.366s] INFO:colcon.colcon_core.plugin_system:Skipping extension 'colcon_notification.desktop_notification.win32': Not used on non-Windows systems
[4.366s] INFO:colcon.colcon_notification.desktop_notification:Sending desktop notification using 'notify2'
[4.409s] DEBUG:colcon.colcon_core.event_reactor:joined thread
[4.418s] INFO:colcon.colcon_core.shell:Creating prefix script '/home/osawakousei/ros2_ws/src/cpp_server_client/install/local_setup.ps1'
[4.421s] INFO:colcon.colcon_core.shell:Creating prefix util module '/home/osawakousei/ros2_ws/src/cpp_server_client/install/_local_setup_util_ps1.py'
[4.426s] INFO:colcon.colcon_core.shell:Creating prefix chain script '/home/osawakousei/ros2_ws/src/cpp_server_client/install/setup.ps1'
[4.434s] INFO:colcon.colcon_core.shell:Creating prefix script '/home/osawakousei/ros2_ws/src/cpp_server_client/install/local_setup.sh'
[4.437s] INFO:colcon.colcon_core.shell:Creating prefix util module '/home/osawakousei/ros2_ws/src/cpp_server_client/install/_local_setup_util_sh.py'
[4.441s] INFO:colcon.colcon_core.shell:Creating prefix chain script '/home/osawakousei/ros2_ws/src/cpp_server_client/install/setup.sh'
[4.449s] INFO:colcon.colcon_core.shell:Creating prefix script '/home/osawakousei/ros2_ws/src/cpp_server_client/install/local_setup.bash'
[4.452s] INFO:colcon.colcon_core.shell:Creating prefix chain script '/home/osawakousei/ros2_ws/src/cpp_server_client/install/setup.bash'
[4.459s] INFO:colcon.colcon_core.shell:Creating prefix script '/home/osawakousei/ros2_ws/src/cpp_server_client/install/local_setup.zsh'
[4.460s] INFO:colcon.colcon_core.shell:Creating prefix chain script '/home/osawakousei/ros2_ws/src/cpp_server_client/install/setup.zsh'
