[0.181s] Invoking command in '/home/osawakousei/ros2_ws/build/micro_ros_setup': CMAKE_PREFIX_PATH=${CMAKE_PREFIX_PATH}:/opt/ros/humble /usr/bin/cmake --build /home/osawakousei/ros2_ws/build/micro_ros_setup -- -j8 -l8
[0.330s] Invoked command in '/home/osawakousei/ros2_ws/build/micro_ros_setup' returned '0': CMAKE_PREFIX_PATH=${CMAKE_PREFIX_PATH}:/opt/ros/humble /usr/bin/cmake --build /home/osawakousei/ros2_ws/build/micro_ros_setup -- -j8 -l8
[1.227s] Invoking command in '/home/osawakousei/ros2_ws/build/micro_ros_setup': CMAKE_PREFIX_PATH=${CMAKE_PREFIX_PATH}:/opt/ros/humble /usr/bin/cmake --install /home/osawakousei/ros2_ws/build/micro_ros_setup
[1.374s] -- Install configuration: ""
[1.376s] -- Up-to-date: /home/osawakousei/ros2_ws/install/micro_ros_setup/share/ament_index/resource_index/package_run_dependencies/micro_ros_setup
[1.376s] -- Up-to-date: /home/osawakousei/ros2_ws/install/micro_ros_setup/share/ament_index/resource_index/parent_prefix_path/micro_ros_setup
[1.377s] -- Up-to-date: /home/osawakousei/ros2_ws/install/micro_ros_setup/share/micro_ros_setup/environment/ament_prefix_path.sh
[1.377s] -- Up-to-date: /home/osawakousei/ros2_ws/install/micro_ros_setup/share/micro_ros_setup/environment/ament_prefix_path.dsv
[1.377s] -- Up-to-date: /home/osawakousei/ros2_ws/install/micro_ros_setup/share/micro_ros_setup/environment/path.sh
[1.378s] -- Up-to-date: /home/osawakousei/ros2_ws/install/micro_ros_setup/share/micro_ros_setup/environment/path.dsv
[1.378s] -- Up-to-date: /home/osawakousei/ros2_ws/install/micro_ros_setup/share/micro_ros_setup/local_setup.bash
[1.378s] -- Up-to-date: /home/osawakousei/ros2_ws/install/micro_ros_setup/share/micro_ros_setup/local_setup.sh
[1.379s] -- Up-to-date: /home/osawakousei/ros2_ws/install/micro_ros_setup/share/micro_ros_setup/local_setup.zsh
[1.379s] -- Up-to-date: /home/osawakousei/ros2_ws/install/micro_ros_setup/share/micro_ros_setup/local_setup.dsv
[1.379s] -- Installing: /home/osawakousei/ros2_ws/install/micro_ros_setup/share/micro_ros_setup/package.dsv
[1.380s] -- Up-to-date: /home/osawakousei/ros2_ws/install/micro_ros_setup/share/ament_index/resource_index/packages/micro_ros_setup
[1.380s] -- Up-to-date: /home/osawakousei/ros2_ws/install/micro_ros_setup/share/micro_ros_setup/cmake/micro_ros_setupConfig.cmake
[1.380s] -- Up-to-date: /home/osawakousei/ros2_ws/install/micro_ros_setup/share/micro_ros_setup/cmake/micro_ros_setupConfig-version.cmake
[1.380s] -- Up-to-date: /home/osawakousei/ros2_ws/install/micro_ros_setup/share/micro_ros_setup/package.xml
[1.381s] -- Up-to-date: /home/osawakousei/ros2_ws/install/micro_ros_setup/./config
[1.381s] -- Up-to-date: /home/osawakousei/ros2_ws/install/micro_ros_setup/./config/host
[1.381s] -- Up-to-date: /home/osawakousei/ros2_ws/install/micro_ros_setup/./config/host/generic
[1.381s] -- Up-to-date: /home/osawakousei/ros2_ws/install/micro_ros_setup/./config/host/generic/package.xml
[1.382s] -- Up-to-date: /home/osawakousei/ros2_ws/install/micro_ros_setup/./config/host/generic/create.sh
[1.382s] -- Up-to-date: /home/osawakousei/ros2_ws/install/micro_ros_setup/./config/host/generic/client_host_packages.repos
[1.382s] -- Up-to-date: /home/osawakousei/ros2_ws/install/micro_ros_setup/./config/host/generic/client-host-colcon.meta
[1.382s] -- Up-to-date: /home/osawakousei/ros2_ws/install/micro_ros_setup/./config/host/generic/flash.sh
[1.383s] -- Up-to-date: /home/osawakousei/ros2_ws/install/micro_ros_setup/./config/host/generic/build.sh
[1.383s] -- Up-to-date: /home/osawakousei/ros2_ws/install/micro_ros_setup/./config/host/dev_uros_packages.repos
[1.383s] -- Up-to-date: /home/osawakousei/ros2_ws/install/micro_ros_setup/./config/host/dev_ros2_packages.txt
[1.384s] -- Up-to-date: /home/osawakousei/ros2_ws/install/micro_ros_setup/./config/host/client_ros2_packages.txt
[1.384s] -- Up-to-date: /home/osawakousei/ros2_ws/install/micro_ros_setup/./config/freertos
[1.384s] -- Up-to-date: /home/osawakousei/ros2_ws/install/micro_ros_setup/./config/freertos/esp32
[1.384s] -- Up-to-date: /home/osawakousei/ros2_ws/install/micro_ros_setup/./config/freertos/esp32/configure.sh
[1.385s] -- Up-to-date: /home/osawakousei/ros2_ws/install/micro_ros_setup/./config/freertos/esp32/client-colcon.meta
[1.385s] -- Up-to-date: /home/osawakousei/ros2_ws/install/micro_ros_setup/./config/freertos/esp32/package.xml
[1.385s] -- Up-to-date: /home/osawakousei/ros2_ws/install/micro_ros_setup/./config/freertos/esp32/create.sh
[1.385s] -- Up-to-date: /home/osawakousei/ros2_ws/install/micro_ros_setup/./config/freertos/esp32/board.repos
[1.386s] -- Up-to-date: /home/osawakousei/ros2_ws/install/micro_ros_setup/./config/freertos/esp32/flash.sh
[1.386s] -- Up-to-date: /home/osawakousei/ros2_ws/install/micro_ros_setup/./config/freertos/esp32/README.md
[1.386s] -- Up-to-date: /home/osawakousei/ros2_ws/install/micro_ros_setup/./config/freertos/esp32/client_uros_packages.repos
[1.386s] -- Up-to-date: /home/osawakousei/ros2_ws/install/micro_ros_setup/./config/freertos/esp32/build.sh
[1.387s] -- Up-to-date: /home/osawakousei/ros2_ws/install/micro_ros_setup/./config/freertos/olimex-stm32-e407
[1.387s] -- Up-to-date: /home/osawakousei/ros2_ws/install/micro_ros_setup/./config/freertos/olimex-stm32-e407/configure.sh
[1.387s] -- Up-to-date: /home/osawakousei/ros2_ws/install/micro_ros_setup/./config/freertos/olimex-stm32-e407/client-colcon.meta
[1.387s] -- Up-to-date: /home/osawakousei/ros2_ws/install/micro_ros_setup/./config/freertos/olimex-stm32-e407/package.xml
[1.388s] -- Up-to-date: /home/osawakousei/ros2_ws/install/micro_ros_setup/./config/freertos/olimex-stm32-e407/create.sh
[1.388s] -- Up-to-date: /home/osawakousei/ros2_ws/install/micro_ros_setup/./config/freertos/olimex-stm32-e407/board.repos
[1.395s] -- Up-to-date: /home/osawakousei/ros2_ws/install/micro_ros_setup/./config/freertos/olimex-stm32-e407/flash.sh
[1.396s] -- Up-to-date: /home/osawakousei/ros2_ws/install/micro_ros_setup/./config/freertos/olimex-stm32-e407/client_uros_packages.repos
[1.396s] -- Up-to-date: /home/osawakousei/ros2_ws/install/micro_ros_setup/./config/freertos/olimex-stm32-e407/build.sh
[1.396s] -- Up-to-date: /home/osawakousei/ros2_ws/install/micro_ros_setup/./config/freertos/list_apps.sh
[1.397s] -- Up-to-date: /home/osawakousei/ros2_ws/install/micro_ros_setup/./config/freertos/dev_uros_packages.repos
[1.397s] -- Up-to-date: /home/osawakousei/ros2_ws/install/micro_ros_setup/./config/freertos/nucleo_f746zg
[1.397s] -- Up-to-date: /home/osawakousei/ros2_ws/install/micro_ros_setup/./config/freertos/nucleo_f746zg/configure.sh
[1.397s] -- Up-to-date: /home/osawakousei/ros2_ws/install/micro_ros_setup/./config/freertos/nucleo_f746zg/client-colcon.meta
[1.398s] -- Up-to-date: /home/osawakousei/ros2_ws/install/micro_ros_setup/./config/freertos/nucleo_f746zg/package.xml
[1.398s] -- Up-to-date: /home/osawakousei/ros2_ws/install/micro_ros_setup/./config/freertos/nucleo_f746zg/create.sh
[1.398s] -- Up-to-date: /home/osawakousei/ros2_ws/install/micro_ros_setup/./config/freertos/nucleo_f746zg/board.repos
[1.399s] -- Up-to-date: /home/osawakousei/ros2_ws/install/micro_ros_setup/./config/freertos/nucleo_f746zg/flash.sh
[1.399s] -- Up-to-date: /home/osawakousei/ros2_ws/install/micro_ros_setup/./config/freertos/nucleo_f746zg/client_uros_packages.repos
[1.399s] -- Up-to-date: /home/osawakousei/ros2_ws/install/micro_ros_setup/./config/freertos/nucleo_f746zg/build.sh
[1.400s] -- Up-to-date: /home/osawakousei/ros2_ws/install/micro_ros_setup/./config/freertos/crazyflie21
[1.400s] -- Up-to-date: /home/osawakousei/ros2_ws/install/micro_ros_setup/./config/freertos/crazyflie21/configure.sh
[1.400s] -- Up-to-date: /home/osawakousei/ros2_ws/install/micro_ros_setup/./config/freertos/crazyflie21/client-colcon.meta
[1.415s] -- Up-to-date: /home/osawakousei/ros2_ws/install/micro_ros_setup/./config/freertos/crazyflie21/package.xml
[1.422s] -- Up-to-date: /home/osawakousei/ros2_ws/install/micro_ros_setup/./config/freertos/crazyflie21/create.sh
[1.430s] -- Up-to-date: /home/osawakousei/ros2_ws/install/micro_ros_setup/./config/freertos/crazyflie21/board.repos
[1.433s] -- Up-to-date: /home/osawakousei/ros2_ws/install/micro_ros_setup/./config/freertos/crazyflie21/flash.sh
[1.433s] -- Up-to-date: /home/osawakousei/ros2_ws/install/micro_ros_setup/./config/freertos/crazyflie21/client_uros_packages.repos
[1.433s] -- Up-to-date: /home/osawakousei/ros2_ws/install/micro_ros_setup/./config/freertos/crazyflie21/build.sh
[1.434s] -- Up-to-date: /home/osawakousei/ros2_ws/install/micro_ros_setup/./config/freertos/nucleo_f767zi
[1.434s] -- Up-to-date: /home/osawakousei/ros2_ws/install/micro_ros_setup/./config/freertos/nucleo_f767zi/configure.sh
[1.434s] -- Up-to-date: /home/osawakousei/ros2_ws/install/micro_ros_setup/./config/freertos/nucleo_f767zi/client-colcon.meta
[1.435s] -- Up-to-date: /home/osawakousei/ros2_ws/install/micro_ros_setup/./config/freertos/nucleo_f767zi/package.xml
[1.435s] -- Up-to-date: /home/osawakousei/ros2_ws/install/micro_ros_setup/./config/freertos/nucleo_f767zi/create.sh
[1.469s] -- Up-to-date: /home/osawakousei/ros2_ws/install/micro_ros_setup/./config/freertos/nucleo_f767zi/board.repos
[1.470s] -- Up-to-date: /home/osawakousei/ros2_ws/install/micro_ros_setup/./config/freertos/nucleo_f767zi/flash.sh
[1.471s] -- Up-to-date: /home/osawakousei/ros2_ws/install/micro_ros_setup/./config/freertos/nucleo_f767zi/client_uros_packages.repos
[1.471s] -- Up-to-date: /home/osawakousei/ros2_ws/install/micro_ros_setup/./config/freertos/nucleo_f767zi/build.sh
[1.472s] -- Up-to-date: /home/osawakousei/ros2_ws/install/micro_ros_setup/./config/freertos/nucleo_f446ze
[1.472s] -- Up-to-date: /home/osawakousei/ros2_ws/install/micro_ros_setup/./config/freertos/nucleo_f446ze/configure.sh
[1.474s] -- Up-to-date: /home/osawakousei/ros2_ws/install/micro_ros_setup/./config/freertos/nucleo_f446ze/client-colcon.meta
[1.474s] -- Up-to-date: /home/osawakousei/ros2_ws/install/micro_ros_setup/./config/freertos/nucleo_f446ze/package.xml
[1.475s] -- Up-to-date: /home/osawakousei/ros2_ws/install/micro_ros_setup/./config/freertos/nucleo_f446ze/create.sh
[1.475s] -- Up-to-date: /home/osawakousei/ros2_ws/install/micro_ros_setup/./config/freertos/nucleo_f446ze/board.repos
[1.475s] -- Up-to-date: /home/osawakousei/ros2_ws/install/micro_ros_setup/./config/freertos/nucleo_f446ze/flash.sh
[1.476s] -- Up-to-date: /home/osawakousei/ros2_ws/install/micro_ros_setup/./config/freertos/nucleo_f446ze/client_uros_packages.repos
[1.476s] -- Up-to-date: /home/osawakousei/ros2_ws/install/micro_ros_setup/./config/freertos/nucleo_f446ze/build.sh
[1.476s] -- Up-to-date: /home/osawakousei/ros2_ws/install/micro_ros_setup/./config/freertos/dev_ros2_packages.txt
[1.476s] -- Up-to-date: /home/osawakousei/ros2_ws/install/micro_ros_setup/./config/freertos/nucleo_f446re
[1.477s] -- Up-to-date: /home/osawakousei/ros2_ws/install/micro_ros_setup/./config/freertos/nucleo_f446re/configure.sh
[1.477s] -- Up-to-date: /home/osawakousei/ros2_ws/install/micro_ros_setup/./config/freertos/nucleo_f446re/client-colcon.meta
[1.477s] -- Up-to-date: /home/osawakousei/ros2_ws/install/micro_ros_setup/./config/freertos/nucleo_f446re/package.xml
[1.477s] -- Up-to-date: /home/osawakousei/ros2_ws/install/micro_ros_setup/./config/freertos/nucleo_f446re/create.sh
[1.478s] -- Up-to-date: /home/osawakousei/ros2_ws/install/micro_ros_setup/./config/freertos/nucleo_f446re/board.repos
[1.478s] -- Up-to-date: /home/osawakousei/ros2_ws/install/micro_ros_setup/./config/freertos/nucleo_f446re/flash.sh
[1.478s] -- Up-to-date: /home/osawakousei/ros2_ws/install/micro_ros_setup/./config/freertos/nucleo_f446re/client_uros_packages.repos
[1.478s] -- Up-to-date: /home/osawakousei/ros2_ws/install/micro_ros_setup/./config/freertos/nucleo_f446re/build.sh
[1.479s] -- Up-to-date: /home/osawakousei/ros2_ws/install/micro_ros_setup/./config/android
[1.479s] -- Up-to-date: /home/osawakousei/ros2_ws/install/micro_ros_setup/./config/android/generic
[1.479s] -- Up-to-date: /home/osawakousei/ros2_ws/install/micro_ros_setup/./config/android/generic/client-colcon.meta
[1.479s] -- Up-to-date: /home/osawakousei/ros2_ws/install/micro_ros_setup/./config/android/generic/package.xml
[1.480s] -- Up-to-date: /home/osawakousei/ros2_ws/install/micro_ros_setup/./config/android/generic/create.sh
[1.480s] -- Up-to-date: /home/osawakousei/ros2_ws/install/micro_ros_setup/./config/android/generic/flash.sh
[1.480s] -- Up-to-date: /home/osawakousei/ros2_ws/install/micro_ros_setup/./config/android/generic/client_uros_packages.repos
[1.481s] -- Up-to-date: /home/osawakousei/ros2_ws/install/micro_ros_setup/./config/android/generic/build.sh
[1.481s] -- Up-to-date: /home/osawakousei/ros2_ws/install/micro_ros_setup/./config/android/dev_uros_packages.repos
[1.481s] -- Up-to-date: /home/osawakousei/ros2_ws/install/micro_ros_setup/./config/android/dev_ros2_packages.txt
[1.481s] -- Up-to-date: /home/osawakousei/ros2_ws/install/micro_ros_setup/./config/utils.sh
[1.482s] -- Up-to-date: /home/osawakousei/ros2_ws/install/micro_ros_setup/./config/agent_uros_packages.repos
[1.482s] -- Up-to-date: /home/osawakousei/ros2_ws/install/micro_ros_setup/./config/raspbian
[1.482s] -- Up-to-date: /home/osawakousei/ros2_ws/install/micro_ros_setup/./config/raspbian/generic
[1.482s] -- Up-to-date: /home/osawakousei/ros2_ws/install/micro_ros_setup/./config/raspbian/generic/configure.sh
[1.516s] -- Up-to-date: /home/osawakousei/ros2_ws/install/micro_ros_setup/./config/raspbian/generic/client-colcon.meta
[1.516s] -- Up-to-date: /home/osawakousei/ros2_ws/install/micro_ros_setup/./config/raspbian/generic/create.sh
[1.517s] -- Up-to-date: /home/osawakousei/ros2_ws/install/micro_ros_setup/./config/raspbian/generic/flash.sh
[1.517s] -- Up-to-date: /home/osawakousei/ros2_ws/install/micro_ros_setup/./config/raspbian/generic/supported_platforms
[1.517s] -- Up-to-date: /home/osawakousei/ros2_ws/install/micro_ros_setup/./config/raspbian/generic/client_uros_packages.repos
[1.518s] -- Up-to-date: /home/osawakousei/ros2_ws/install/micro_ros_setup/./config/raspbian/generic/build.sh
[1.518s] -- Up-to-date: /home/osawakousei/ros2_ws/install/micro_ros_setup/./config/raspbian/dev_uros_packages.repos
[1.518s] -- Up-to-date: /home/osawakousei/ros2_ws/install/micro_ros_setup/./config/raspbian/dev_ros2_packages.txt
[1.527s] -- Up-to-date: /home/osawakousei/ros2_ws/install/micro_ros_setup/./config/zephyr
[1.528s] -- Up-to-date: /home/osawakousei/ros2_ws/install/micro_ros_setup/./config/zephyr/list_apps.sh
[1.528s] -- Up-to-date: /home/osawakousei/ros2_ws/install/micro_ros_setup/./config/zephyr/generic
[1.528s] -- Up-to-date: /home/osawakousei/ros2_ws/install/micro_ros_setup/./config/zephyr/generic/configure.sh
[1.528s] -- Up-to-date: /home/osawakousei/ros2_ws/install/micro_ros_setup/./config/zephyr/generic/client-colcon.meta
[1.529s] -- Up-to-date: /home/osawakousei/ros2_ws/install/micro_ros_setup/./config/zephyr/generic/package.xml
[1.529s] -- Up-to-date: /home/osawakousei/ros2_ws/install/micro_ros_setup/./config/zephyr/generic/create.sh
[1.529s] -- Up-to-date: /home/osawakousei/ros2_ws/install/micro_ros_setup/./config/zephyr/generic/board.repos
[1.529s] -- Up-to-date: /home/osawakousei/ros2_ws/install/micro_ros_setup/./config/zephyr/generic/flash.sh
[1.530s] -- Up-to-date: /home/osawakousei/ros2_ws/install/micro_ros_setup/./config/zephyr/generic/supported_platforms
[1.530s] -- Up-to-date: /home/osawakousei/ros2_ws/install/micro_ros_setup/./config/zephyr/generic/client_uros_packages.repos
[1.530s] -- Up-to-date: /home/osawakousei/ros2_ws/install/micro_ros_setup/./config/zephyr/generic/build.sh
[1.530s] -- Up-to-date: /home/osawakousei/ros2_ws/install/micro_ros_setup/./config/zephyr/dev_uros_packages.repos
[1.531s] -- Up-to-date: /home/osawakousei/ros2_ws/install/micro_ros_setup/./config/zephyr/dev_ros2_packages.txt
[1.531s] -- Up-to-date: /home/osawakousei/ros2_ws/install/micro_ros_setup/./config/mbed
[1.531s] -- Up-to-date: /home/osawakousei/ros2_ws/install/micro_ros_setup/./config/mbed/list_apps.sh
[1.531s] -- Up-to-date: /home/osawakousei/ros2_ws/install/micro_ros_setup/./config/mbed/generic
[1.532s] -- Up-to-date: /home/osawakousei/ros2_ws/install/micro_ros_setup/./config/mbed/generic/package.xml
[1.532s] -- Up-to-date: /home/osawakousei/ros2_ws/install/micro_ros_setup/./config/mbed/generic/create.sh
[1.532s] -- Up-to-date: /home/osawakousei/ros2_ws/install/micro_ros_setup/./config/mbed/generic/board.repos
[1.533s] -- Up-to-date: /home/osawakousei/ros2_ws/install/micro_ros_setup/./config/mbed/generic/flash.sh
[1.533s] -- Up-to-date: /home/osawakousei/ros2_ws/install/micro_ros_setup/./config/mbed/generic/supported_platforms
[1.533s] -- Up-to-date: /home/osawakousei/ros2_ws/install/micro_ros_setup/./config/mbed/generic/client_uros_packages.repos
[1.533s] -- Up-to-date: /home/osawakousei/ros2_ws/install/micro_ros_setup/./config/mbed/generic/build.sh
[1.534s] -- Up-to-date: /home/osawakousei/ros2_ws/install/micro_ros_setup/./config/mbed/dev_uros_packages.repos
[1.534s] -- Up-to-date: /home/osawakousei/ros2_ws/install/micro_ros_setup/./config/mbed/dev_ros2_packages.txt
[1.534s] -- Up-to-date: /home/osawakousei/ros2_ws/install/micro_ros_setup/./config/renesas_ra
[1.534s] -- Up-to-date: /home/osawakousei/ros2_ws/install/micro_ros_setup/./config/renesas_ra/list_apps.sh
[1.535s] -- Up-to-date: /home/osawakousei/ros2_ws/install/micro_ros_setup/./config/renesas_ra/dev_uros_packages.repos
[1.535s] -- Up-to-date: /home/osawakousei/ros2_ws/install/micro_ros_setup/./config/renesas_ra/dev_ros2_packages.txt
[1.535s] -- Up-to-date: /home/osawakousei/ros2_ws/install/micro_ros_setup/./config/renesas_ra/ra6m5
[1.535s] -- Up-to-date: /home/osawakousei/ros2_ws/install/micro_ros_setup/./config/renesas_ra/ra6m5/configure.sh
[1.536s] -- Up-to-date: /home/osawakousei/ros2_ws/install/micro_ros_setup/./config/renesas_ra/ra6m5/client-colcon.meta
[1.536s] -- Up-to-date: /home/osawakousei/ros2_ws/install/micro_ros_setup/./config/renesas_ra/ra6m5/create.sh
[1.536s] -- Up-to-date: /home/osawakousei/ros2_ws/install/micro_ros_setup/./config/renesas_ra/ra6m5/board.repos
[1.536s] -- Up-to-date: /home/osawakousei/ros2_ws/install/micro_ros_setup/./config/renesas_ra/ra6m5/flash.sh
[1.537s] -- Up-to-date: /home/osawakousei/ros2_ws/install/micro_ros_setup/./config/renesas_ra/ra6m5/client_uros_packages.repos
[1.537s] -- Up-to-date: /home/osawakousei/ros2_ws/install/micro_ros_setup/./config/renesas_ra/ra6m5/build.sh
[1.537s] -- Up-to-date: /home/osawakousei/ros2_ws/install/micro_ros_setup/./config/agent_ros2_packages.txt
[1.537s] -- Up-to-date: /home/osawakousei/ros2_ws/install/micro_ros_setup/./config/client_uros_packages.repos
[1.538s] -- Up-to-date: /home/osawakousei/ros2_ws/install/micro_ros_setup/./config/client_ros2_packages.txt
[1.538s] -- Up-to-date: /home/osawakousei/ros2_ws/install/micro_ros_setup/./config/generate_lib
[1.538s] -- Up-to-date: /home/osawakousei/ros2_ws/install/micro_ros_setup/./config/generate_lib/generic
[1.539s] -- Up-to-date: /home/osawakousei/ros2_ws/install/micro_ros_setup/./config/generate_lib/generic/client-colcon.meta
[1.559s] -- Up-to-date: /home/osawakousei/ros2_ws/install/micro_ros_setup/./config/generate_lib/generic/package.xml
[1.559s] -- Up-to-date: /home/osawakousei/ros2_ws/install/micro_ros_setup/./config/generate_lib/generic/create.sh
[1.560s] -- Up-to-date: /home/osawakousei/ros2_ws/install/micro_ros_setup/./config/generate_lib/generic/demo_toolchain.cmake
[1.560s] -- Up-to-date: /home/osawakousei/ros2_ws/install/micro_ros_setup/./config/generate_lib/generic/flash.sh
[1.561s] -- Up-to-date: /home/osawakousei/ros2_ws/install/micro_ros_setup/./config/generate_lib/generic/client_uros_packages.repos
[1.561s] -- Up-to-date: /home/osawakousei/ros2_ws/install/micro_ros_setup/./config/generate_lib/generic/build.sh
[1.561s] -- Up-to-date: /home/osawakousei/ros2_ws/install/micro_ros_setup/./config/generate_lib/dev_uros_packages.repos
[1.562s] -- Up-to-date: /home/osawakousei/ros2_ws/install/micro_ros_setup/./config/generate_lib/dev_ros2_packages.txt
[1.583s] -- Up-to-date: /home/osawakousei/ros2_ws/install/micro_ros_setup/lib/micro_ros_setup/create_ws.sh
[1.584s] -- Up-to-date: /home/osawakousei/ros2_ws/install/micro_ros_setup/lib/micro_ros_setup/create_agent_ws.sh
[1.585s] -- Up-to-date: /home/osawakousei/ros2_ws/install/micro_ros_setup/lib/micro_ros_setup/create_firmware_ws.sh
[1.585s] -- Up-to-date: /home/osawakousei/ros2_ws/install/micro_ros_setup/lib/micro_ros_setup/configure_firmware.sh
[1.585s] -- Up-to-date: /home/osawakousei/ros2_ws/install/micro_ros_setup/lib/micro_ros_setup/flash_firmware.sh
[1.585s] -- Up-to-date: /home/osawakousei/ros2_ws/install/micro_ros_setup/lib/micro_ros_setup/build_firmware.sh
[1.586s] -- Up-to-date: /home/osawakousei/ros2_ws/install/micro_ros_setup/lib/micro_ros_setup/build_agent.sh
[1.586s] -- Up-to-date: /home/osawakousei/ros2_ws/install/micro_ros_setup/lib/micro_ros_setup/yaml_filter.py
[1.586s] -- Up-to-date: /home/osawakousei/ros2_ws/install/micro_ros_setup/lib/micro_ros_setup/clean_env.sh
[1.587s] -- Up-to-date: /home/osawakousei/ros2_ws/install/micro_ros_setup/lib/micro_ros_setup/component
[1.588s] Invoked command in '/home/osawakousei/ros2_ws/build/micro_ros_setup' returned '0': CMAKE_PREFIX_PATH=${CMAKE_PREFIX_PATH}:/opt/ros/humble /usr/bin/cmake --install /home/osawakousei/ros2_ws/build/micro_ros_setup
