[0.267s] Invoking command in '/home/osawakousei/ros2_ws/build/cpp_server_client': CMAKE_PREFIX_PATH=${CMAKE_PREFIX_PATH}:/opt/ros/humble /usr/bin/cmake --build /home/osawakousei/ros2_ws/build/cpp_server_client -- -j8 -l8
[0.572s] [  2%] Built target cpp_server_client__cpp
[0.600s] [ 11%] Built target cpp_server_client__rosidl_generator_c
[0.816s] [ 11%] Built target ament_cmake_python_copy_cpp_server_client
[1.024s] [ 20%] Built target cpp_server_client__rosidl_typesupport_fastrtps_cpp
[1.154s] [ 28%] Built target cpp_server_client__rosidl_typesupport_cpp
[1.169s] [ 37%] Built target cpp_server_client__rosidl_typesupport_fastrtps_c
[1.207s] [ 45%] Built target cpp_server_client__rosidl_typesupport_introspection_c
[1.242s] [ 57%] Built target cpp_server_client__rosidl_typesupport_introspection_cpp
[1.252s] [ 62%] Built target cpp_server_client__rosidl_typesupport_c
[1.700s] [ 68%] Built target practice_server_node
[1.709s] [ 68%] Built target cpp_server_client
[1.710s] [ 74%] Built target practice_client_node
[1.797s] [ 77%] Built target cpp_server_client__py
[2.075s] [ 82%] Built target cpp_server_client__rosidl_generator_py
[2.385s] [ 88%] Built target cpp_server_client__rosidl_typesupport_fastrtps_c__pyext
[2.443s] [ 94%] Built target cpp_server_client__rosidl_typesupport_c__pyext
[2.445s] [100%] Built target cpp_server_client__rosidl_typesupport_introspection_c__pyext
[3.037s] running egg_info
[3.087s] writing cpp_server_client.egg-info/PKG-INFO
[3.094s] writing dependency_links to cpp_server_client.egg-info/dependency_links.txt
[3.094s] writing top-level names to cpp_server_client.egg-info/top_level.txt
[3.094s] reading manifest file 'cpp_server_client.egg-info/SOURCES.txt'
[3.095s] writing manifest file 'cpp_server_client.egg-info/SOURCES.txt'
[3.140s] [100%] Built target ament_cmake_python_build_cpp_server_client_egg
[3.189s] Invoked command in '/home/osawakousei/ros2_ws/build/cpp_server_client' returned '0': CMAKE_PREFIX_PATH=${CMAKE_PREFIX_PATH}:/opt/ros/humble /usr/bin/cmake --build /home/osawakousei/ros2_ws/build/cpp_server_client -- -j8 -l8
[3.872s] Invoking command in '/home/osawakousei/ros2_ws/build/cpp_server_client': CMAKE_PREFIX_PATH=${CMAKE_PREFIX_PATH}:/opt/ros/humble /usr/bin/cmake --install /home/osawakousei/ros2_ws/build/cpp_server_client
[3.921s] -- Install configuration: ""
[3.925s] -- Up-to-date: /home/osawakousei/ros2_ws/install/cpp_server_client/share/ament_index/resource_index/rosidl_interfaces/cpp_server_client
[3.925s] -- Up-to-date: /home/osawakousei/ros2_ws/install/cpp_server_client/include/cpp_server_client/cpp_server_client
[3.926s] -- Up-to-date: /home/osawakousei/ros2_ws/install/cpp_server_client/include/cpp_server_client/cpp_server_client/srv
[3.926s] -- Up-to-date: /home/osawakousei/ros2_ws/install/cpp_server_client/include/cpp_server_client/cpp_server_client/srv/practice_srv.h
[3.929s] -- Up-to-date: /home/osawakousei/ros2_ws/install/cpp_server_client/include/cpp_server_client/cpp_server_client/srv/detail
[3.929s] -- Up-to-date: /home/osawakousei/ros2_ws/install/cpp_server_client/include/cpp_server_client/cpp_server_client/srv/detail/practice_srv__struct.h
[3.929s] -- Up-to-date: /home/osawakousei/ros2_ws/install/cpp_server_client/include/cpp_server_client/cpp_server_client/srv/detail/practice_srv__functions.c
[3.930s] -- Up-to-date: /home/osawakousei/ros2_ws/install/cpp_server_client/include/cpp_server_client/cpp_server_client/srv/detail/practice_srv__functions.h
[3.930s] -- Up-to-date: /home/osawakousei/ros2_ws/install/cpp_server_client/include/cpp_server_client/cpp_server_client/srv/detail/practice_srv__type_support.h
[3.930s] -- Up-to-date: /home/osawakousei/ros2_ws/install/cpp_server_client/include/cpp_server_client/cpp_server_client/msg
[3.930s] -- Up-to-date: /home/osawakousei/ros2_ws/install/cpp_server_client/include/cpp_server_client/cpp_server_client/msg/rosidl_generator_c__visibility_control.h
[3.931s] -- Up-to-date: /home/osawakousei/ros2_ws/install/cpp_server_client/share/cpp_server_client/environment/library_path.sh
[3.931s] -- Up-to-date: /home/osawakousei/ros2_ws/install/cpp_server_client/share/cpp_server_client/environment/library_path.dsv
[3.931s] -- Up-to-date: /home/osawakousei/ros2_ws/install/cpp_server_client/lib/libcpp_server_client__rosidl_generator_c.so
[3.933s] -- Up-to-date: /home/osawakousei/ros2_ws/install/cpp_server_client/include/cpp_server_client/cpp_server_client
[3.941s] -- Up-to-date: /home/osawakousei/ros2_ws/install/cpp_server_client/include/cpp_server_client/cpp_server_client/srv
[3.942s] -- Up-to-date: /home/osawakousei/ros2_ws/install/cpp_server_client/include/cpp_server_client/cpp_server_client/srv/detail
[3.942s] -- Up-to-date: /home/osawakousei/ros2_ws/install/cpp_server_client/include/cpp_server_client/cpp_server_client/srv/detail/practice_srv__rosidl_typesupport_fastrtps_c.h
[3.943s] -- Up-to-date: /home/osawakousei/ros2_ws/install/cpp_server_client/include/cpp_server_client/cpp_server_client/msg
[3.944s] -- Up-to-date: /home/osawakousei/ros2_ws/install/cpp_server_client/include/cpp_server_client/cpp_server_client/msg/rosidl_typesupport_fastrtps_c__visibility_control.h
[3.945s] -- Up-to-date: /home/osawakousei/ros2_ws/install/cpp_server_client/lib/libcpp_server_client__rosidl_typesupport_fastrtps_c.so
[3.945s] -- Up-to-date: /home/osawakousei/ros2_ws/install/cpp_server_client/include/cpp_server_client/cpp_server_client
[3.945s] -- Up-to-date: /home/osawakousei/ros2_ws/install/cpp_server_client/include/cpp_server_client/cpp_server_client/srv
[3.946s] -- Up-to-date: /home/osawakousei/ros2_ws/install/cpp_server_client/include/cpp_server_client/cpp_server_client/srv/detail
[3.946s] -- Up-to-date: /home/osawakousei/ros2_ws/install/cpp_server_client/include/cpp_server_client/cpp_server_client/srv/detail/practice_srv__traits.hpp
[3.947s] -- Up-to-date: /home/osawakousei/ros2_ws/install/cpp_server_client/include/cpp_server_client/cpp_server_client/srv/detail/practice_srv__struct.hpp
[3.947s] -- Up-to-date: /home/osawakousei/ros2_ws/install/cpp_server_client/include/cpp_server_client/cpp_server_client/srv/detail/practice_srv__builder.hpp
[3.947s] -- Up-to-date: /home/osawakousei/ros2_ws/install/cpp_server_client/include/cpp_server_client/cpp_server_client/srv/practice_srv.hpp
[3.948s] -- Up-to-date: /home/osawakousei/ros2_ws/install/cpp_server_client/include/cpp_server_client/cpp_server_client
[3.948s] -- Up-to-date: /home/osawakousei/ros2_ws/install/cpp_server_client/include/cpp_server_client/cpp_server_client/srv
[3.948s] -- Up-to-date: /home/osawakousei/ros2_ws/install/cpp_server_client/include/cpp_server_client/cpp_server_client/srv/detail
[3.949s] -- Up-to-date: /home/osawakousei/ros2_ws/install/cpp_server_client/include/cpp_server_client/cpp_server_client/srv/detail/practice_srv__rosidl_typesupport_fastrtps_cpp.hpp
[3.949s] -- Up-to-date: /home/osawakousei/ros2_ws/install/cpp_server_client/include/cpp_server_client/cpp_server_client/srv/detail/dds_fastrtps
[3.950s] -- Up-to-date: /home/osawakousei/ros2_ws/install/cpp_server_client/include/cpp_server_client/cpp_server_client/msg
[3.950s] -- Up-to-date: /home/osawakousei/ros2_ws/install/cpp_server_client/include/cpp_server_client/cpp_server_client/msg/rosidl_typesupport_fastrtps_cpp__visibility_control.h
[3.951s] -- Up-to-date: /home/osawakousei/ros2_ws/install/cpp_server_client/lib/libcpp_server_client__rosidl_typesupport_fastrtps_cpp.so
[3.951s] -- Up-to-date: /home/osawakousei/ros2_ws/install/cpp_server_client/include/cpp_server_client/cpp_server_client
[3.952s] -- Up-to-date: /home/osawakousei/ros2_ws/install/cpp_server_client/include/cpp_server_client/cpp_server_client/srv
[3.952s] -- Up-to-date: /home/osawakousei/ros2_ws/install/cpp_server_client/include/cpp_server_client/cpp_server_client/srv/detail
[3.952s] -- Up-to-date: /home/osawakousei/ros2_ws/install/cpp_server_client/include/cpp_server_client/cpp_server_client/srv/detail/practice_srv__type_support.c
[3.952s] -- Up-to-date: /home/osawakousei/ros2_ws/install/cpp_server_client/include/cpp_server_client/cpp_server_client/srv/detail/practice_srv__rosidl_typesupport_introspection_c.h
[3.958s] -- Up-to-date: /home/osawakousei/ros2_ws/install/cpp_server_client/include/cpp_server_client/cpp_server_client/msg
[3.965s] -- Up-to-date: /home/osawakousei/ros2_ws/install/cpp_server_client/include/cpp_server_client/cpp_server_client/msg/rosidl_typesupport_introspection_c__visibility_control.h
[3.979s] -- Up-to-date: /home/osawakousei/ros2_ws/install/cpp_server_client/lib/libcpp_server_client__rosidl_typesupport_introspection_c.so
[3.982s] -- Up-to-date: /home/osawakousei/ros2_ws/install/cpp_server_client/lib/libcpp_server_client__rosidl_typesupport_c.so
[3.982s] -- Up-to-date: /home/osawakousei/ros2_ws/install/cpp_server_client/include/cpp_server_client/cpp_server_client
[3.982s] -- Up-to-date: /home/osawakousei/ros2_ws/install/cpp_server_client/include/cpp_server_client/cpp_server_client/srv
[3.982s] -- Up-to-date: /home/osawakousei/ros2_ws/install/cpp_server_client/include/cpp_server_client/cpp_server_client/srv/detail
[3.983s] -- Up-to-date: /home/osawakousei/ros2_ws/install/cpp_server_client/include/cpp_server_client/cpp_server_client/srv/detail/practice_srv__rosidl_typesupport_introspection_cpp.hpp
[3.983s] -- Up-to-date: /home/osawakousei/ros2_ws/install/cpp_server_client/include/cpp_server_client/cpp_server_client/srv/detail/practice_srv__type_support.cpp
[3.993s] -- Up-to-date: /home/osawakousei/ros2_ws/install/cpp_server_client/lib/libcpp_server_client__rosidl_typesupport_introspection_cpp.so
[3.994s] -- Up-to-date: /home/osawakousei/ros2_ws/install/cpp_server_client/lib/libcpp_server_client__rosidl_typesupport_cpp.so
[3.995s] -- Up-to-date: /home/osawakousei/ros2_ws/install/cpp_server_client/share/cpp_server_client/environment/pythonpath.sh
[3.996s] -- Up-to-date: /home/osawakousei/ros2_ws/install/cpp_server_client/share/cpp_server_client/environment/pythonpath.dsv
[3.996s] -- Up-to-date: /home/osawakousei/ros2_ws/install/cpp_server_client/local/lib/python3.10/dist-packages/cpp_server_client-0.0.0-py3.10.egg-info
[3.996s] -- Installing: /home/osawakousei/ros2_ws/install/cpp_server_client/local/lib/python3.10/dist-packages/cpp_server_client-0.0.0-py3.10.egg-info/top_level.txt
[3.997s] -- Installing: /home/osawakousei/ros2_ws/install/cpp_server_client/local/lib/python3.10/dist-packages/cpp_server_client-0.0.0-py3.10.egg-info/SOURCES.txt
[3.997s] -- Installing: /home/osawakousei/ros2_ws/install/cpp_server_client/local/lib/python3.10/dist-packages/cpp_server_client-0.0.0-py3.10.egg-info/dependency_links.txt
[3.998s] -- Installing: /home/osawakousei/ros2_ws/install/cpp_server_client/local/lib/python3.10/dist-packages/cpp_server_client-0.0.0-py3.10.egg-info/PKG-INFO
[3.999s] -- Up-to-date: /home/osawakousei/ros2_ws/install/cpp_server_client/local/lib/python3.10/dist-packages/cpp_server_client
[4.000s] -- Up-to-date: /home/osawakousei/ros2_ws/install/cpp_server_client/local/lib/python3.10/dist-packages/cpp_server_client/cpp_server_client_s__rosidl_typesupport_c.cpython-310-x86_64-linux-gnu.so
[4.000s] -- Up-to-date: /home/osawakousei/ros2_ws/install/cpp_server_client/local/lib/python3.10/dist-packages/cpp_server_client/_cpp_server_client_s.ep.rosidl_typesupport_c.c
[4.002s] -- Up-to-date: /home/osawakousei/ros2_ws/install/cpp_server_client/local/lib/python3.10/dist-packages/cpp_server_client/srv
[4.002s] -- Up-to-date: /home/osawakousei/ros2_ws/install/cpp_server_client/local/lib/python3.10/dist-packages/cpp_server_client/srv/_practice_srv.py
[4.003s] -- Up-to-date: /home/osawakousei/ros2_ws/install/cpp_server_client/local/lib/python3.10/dist-packages/cpp_server_client/srv/__init__.py
[4.003s] -- Up-to-date: /home/osawakousei/ros2_ws/install/cpp_server_client/local/lib/python3.10/dist-packages/cpp_server_client/srv/_practice_srv_s.c
[4.004s] -- Up-to-date: /home/osawakousei/ros2_ws/install/cpp_server_client/local/lib/python3.10/dist-packages/cpp_server_client/libcpp_server_client__rosidl_generator_py.so
[4.004s] -- Up-to-date: /home/osawakousei/ros2_ws/install/cpp_server_client/local/lib/python3.10/dist-packages/cpp_server_client/cpp_server_client_s__rosidl_typesupport_fastrtps_c.cpython-310-x86_64-linux-gnu.so
[4.005s] -- Up-to-date: /home/osawakousei/ros2_ws/install/cpp_server_client/local/lib/python3.10/dist-packages/cpp_server_client/cpp_server_client_s__rosidl_typesupport_introspection_c.cpython-310-x86_64-linux-gnu.so
[4.006s] -- Up-to-date: /home/osawakousei/ros2_ws/install/cpp_server_client/local/lib/python3.10/dist-packages/cpp_server_client/__init__.py
[4.006s] -- Up-to-date: /home/osawakousei/ros2_ws/install/cpp_server_client/local/lib/python3.10/dist-packages/cpp_server_client/_cpp_server_client_s.ep.rosidl_typesupport_introspection_c.c
[4.006s] -- Up-to-date: /home/osawakousei/ros2_ws/install/cpp_server_client/local/lib/python3.10/dist-packages/cpp_server_client/_cpp_server_client_s.ep.rosidl_typesupport_fastrtps_c.c
[4.128s] Listing '/home/osawakousei/ros2_ws/install/cpp_server_client/local/lib/python3.10/dist-packages/cpp_server_client'...
[4.128s] Listing '/home/osawakousei/ros2_ws/install/cpp_server_client/local/lib/python3.10/dist-packages/cpp_server_client/srv'...
[4.147s] -- Up-to-date: /home/osawakousei/ros2_ws/install/cpp_server_client/local/lib/python3.10/dist-packages/cpp_server_client/cpp_server_client_s__rosidl_typesupport_fastrtps_c.cpython-310-x86_64-linux-gnu.so
[4.153s] -- Up-to-date: /home/osawakousei/ros2_ws/install/cpp_server_client/local/lib/python3.10/dist-packages/cpp_server_client/cpp_server_client_s__rosidl_typesupport_introspection_c.cpython-310-x86_64-linux-gnu.so
[4.158s] -- Up-to-date: /home/osawakousei/ros2_ws/install/cpp_server_client/local/lib/python3.10/dist-packages/cpp_server_client/cpp_server_client_s__rosidl_typesupport_c.cpython-310-x86_64-linux-gnu.so
[4.172s] -- Up-to-date: /home/osawakousei/ros2_ws/install/cpp_server_client/lib/libcpp_server_client__rosidl_generator_py.so
[4.173s] -- Up-to-date: /home/osawakousei/ros2_ws/install/cpp_server_client/share/cpp_server_client/srv/PracticeSrv.idl
[4.173s] -- Up-to-date: /home/osawakousei/ros2_ws/install/cpp_server_client/share/cpp_server_client/srv/PracticeSrv.srv
[4.174s] -- Up-to-date: /home/osawakousei/ros2_ws/install/cpp_server_client/share/cpp_server_client/srv/PracticeSrv_Request.msg
[4.174s] -- Up-to-date: /home/osawakousei/ros2_ws/install/cpp_server_client/share/cpp_server_client/srv/PracticeSrv_Response.msg
[4.174s] -- Up-to-date: /home/osawakousei/ros2_ws/install/cpp_server_client/lib/cpp_server_client/practice_server_node
[4.190s] -- Up-to-date: /home/osawakousei/ros2_ws/install/cpp_server_client/lib/cpp_server_client/practice_client_node
[4.191s] -- Up-to-date: /home/osawakousei/ros2_ws/install/cpp_server_client/share/ament_index/resource_index/package_run_dependencies/cpp_server_client
[4.191s] -- Up-to-date: /home/osawakousei/ros2_ws/install/cpp_server_client/share/ament_index/resource_index/parent_prefix_path/cpp_server_client
[4.192s] -- Up-to-date: /home/osawakousei/ros2_ws/install/cpp_server_client/share/cpp_server_client/environment/ament_prefix_path.sh
[4.193s] -- Up-to-date: /home/osawakousei/ros2_ws/install/cpp_server_client/share/cpp_server_client/environment/ament_prefix_path.dsv
[4.193s] -- Up-to-date: /home/osawakousei/ros2_ws/install/cpp_server_client/share/cpp_server_client/environment/path.sh
[4.194s] -- Up-to-date: /home/osawakousei/ros2_ws/install/cpp_server_client/share/cpp_server_client/environment/path.dsv
[4.194s] -- Up-to-date: /home/osawakousei/ros2_ws/install/cpp_server_client/share/cpp_server_client/local_setup.bash
[4.194s] -- Up-to-date: /home/osawakousei/ros2_ws/install/cpp_server_client/share/cpp_server_client/local_setup.sh
[4.194s] -- Up-to-date: /home/osawakousei/ros2_ws/install/cpp_server_client/share/cpp_server_client/local_setup.zsh
[4.208s] -- Up-to-date: /home/osawakousei/ros2_ws/install/cpp_server_client/share/cpp_server_client/local_setup.dsv
[4.210s] -- Installing: /home/osawakousei/ros2_ws/install/cpp_server_client/share/cpp_server_client/package.dsv
[4.210s] -- Up-to-date: /home/osawakousei/ros2_ws/install/cpp_server_client/share/ament_index/resource_index/packages/cpp_server_client
[4.218s] -- Up-to-date: /home/osawakousei/ros2_ws/install/cpp_server_client/share/cpp_server_client/cmake/export_cpp_server_client__rosidl_generator_cExport.cmake
[4.218s] -- Up-to-date: /home/osawakousei/ros2_ws/install/cpp_server_client/share/cpp_server_client/cmake/export_cpp_server_client__rosidl_generator_cExport-noconfig.cmake
[4.219s] -- Up-to-date: /home/osawakousei/ros2_ws/install/cpp_server_client/share/cpp_server_client/cmake/export_cpp_server_client__rosidl_typesupport_fastrtps_cExport.cmake
[4.219s] -- Up-to-date: /home/osawakousei/ros2_ws/install/cpp_server_client/share/cpp_server_client/cmake/export_cpp_server_client__rosidl_typesupport_fastrtps_cExport-noconfig.cmake
[4.219s] -- Up-to-date: /home/osawakousei/ros2_ws/install/cpp_server_client/share/cpp_server_client/cmake/export_cpp_server_client__rosidl_generator_cppExport.cmake
[4.219s] -- Up-to-date: /home/osawakousei/ros2_ws/install/cpp_server_client/share/cpp_server_client/cmake/export_cpp_server_client__rosidl_typesupport_fastrtps_cppExport.cmake
[4.220s] -- Up-to-date: /home/osawakousei/ros2_ws/install/cpp_server_client/share/cpp_server_client/cmake/export_cpp_server_client__rosidl_typesupport_fastrtps_cppExport-noconfig.cmake
[4.220s] -- Up-to-date: /home/osawakousei/ros2_ws/install/cpp_server_client/share/cpp_server_client/cmake/cpp_server_client__rosidl_typesupport_introspection_cExport.cmake
[4.221s] -- Up-to-date: /home/osawakousei/ros2_ws/install/cpp_server_client/share/cpp_server_client/cmake/cpp_server_client__rosidl_typesupport_introspection_cExport-noconfig.cmake
[4.224s] -- Up-to-date: /home/osawakousei/ros2_ws/install/cpp_server_client/share/cpp_server_client/cmake/cpp_server_client__rosidl_typesupport_cExport.cmake
[4.224s] -- Up-to-date: /home/osawakousei/ros2_ws/install/cpp_server_client/share/cpp_server_client/cmake/cpp_server_client__rosidl_typesupport_cExport-noconfig.cmake
[4.226s] -- Up-to-date: /home/osawakousei/ros2_ws/install/cpp_server_client/share/cpp_server_client/cmake/cpp_server_client__rosidl_typesupport_introspection_cppExport.cmake
[4.226s] -- Up-to-date: /home/osawakousei/ros2_ws/install/cpp_server_client/share/cpp_server_client/cmake/cpp_server_client__rosidl_typesupport_introspection_cppExport-noconfig.cmake
[4.227s] -- Up-to-date: /home/osawakousei/ros2_ws/install/cpp_server_client/share/cpp_server_client/cmake/cpp_server_client__rosidl_typesupport_cppExport.cmake
[4.227s] -- Up-to-date: /home/osawakousei/ros2_ws/install/cpp_server_client/share/cpp_server_client/cmake/cpp_server_client__rosidl_typesupport_cppExport-noconfig.cmake
[4.227s] -- Up-to-date: /home/osawakousei/ros2_ws/install/cpp_server_client/share/cpp_server_client/cmake/export_cpp_server_client__rosidl_generator_pyExport.cmake
[4.228s] -- Up-to-date: /home/osawakousei/ros2_ws/install/cpp_server_client/share/cpp_server_client/cmake/export_cpp_server_client__rosidl_generator_pyExport-noconfig.cmake
[4.228s] -- Up-to-date: /home/osawakousei/ros2_ws/install/cpp_server_client/share/cpp_server_client/cmake/rosidl_cmake-extras.cmake
[4.228s] -- Up-to-date: /home/osawakousei/ros2_ws/install/cpp_server_client/share/cpp_server_client/cmake/ament_cmake_export_include_directories-extras.cmake
[4.229s] -- Up-to-date: /home/osawakousei/ros2_ws/install/cpp_server_client/share/cpp_server_client/cmake/ament_cmake_export_libraries-extras.cmake
[4.229s] -- Up-to-date: /home/osawakousei/ros2_ws/install/cpp_server_client/share/cpp_server_client/cmake/ament_cmake_export_targets-extras.cmake
[4.229s] -- Up-to-date: /home/osawakousei/ros2_ws/install/cpp_server_client/share/cpp_server_client/cmake/rosidl_cmake_export_typesupport_targets-extras.cmake
[4.229s] -- Up-to-date: /home/osawakousei/ros2_ws/install/cpp_server_client/share/cpp_server_client/cmake/ament_cmake_export_dependencies-extras.cmake
[4.230s] -- Up-to-date: /home/osawakousei/ros2_ws/install/cpp_server_client/share/cpp_server_client/cmake/rosidl_cmake_export_typesupport_libraries-extras.cmake
[4.230s] -- Up-to-date: /home/osawakousei/ros2_ws/install/cpp_server_client/share/cpp_server_client/cmake/cpp_server_clientConfig.cmake
[4.230s] -- Up-to-date: /home/osawakousei/ros2_ws/install/cpp_server_client/share/cpp_server_client/cmake/cpp_server_clientConfig-version.cmake
[4.231s] -- Up-to-date: /home/osawakousei/ros2_ws/install/cpp_server_client/share/cpp_server_client/package.xml
[4.279s] Invoked command in '/home/osawakousei/ros2_ws/build/cpp_server_client' returned '0': CMAKE_PREFIX_PATH=${CMAKE_PREFIX_PATH}:/opt/ros/humble /usr/bin/cmake --install /home/osawakousei/ros2_ws/build/cpp_server_client
