[0.146s] Invoking command in '/root/ros2_ws/build/cpp_server_client': CMAKE_PREFIX_PATH=/opt/ros/humble /usr/bin/cmake /root/ros2_ws/src/cpp_server_client -DCMAKE_INSTALL_PREFIX=/root/ros2_ws/install/cpp_server_client
[0.436s] -- The C compiler identification is GNU 11.4.0
[0.625s] -- The CXX compiler identification is GNU 11.4.0
[0.638s] -- Detecting C compiler ABI info
[0.712s] -- Detecting C compiler ABI info - done
[0.718s] -- Check for working C compiler: /usr/bin/cc - skipped
[0.719s] -- Detecting C compile features
[0.719s] -- Detecting C compile features - done
[0.722s] -- Detecting CXX compiler ABI info
[0.794s] -- Detecting CXX compiler ABI info - done
[0.800s] -- Check for working CXX compiler: /usr/bin/c++ - skipped
[0.801s] -- Detecting CXX compile features
[0.801s] -- Detecting CXX compile features - done
[0.811s] -- Found ament_cmake: 1.3.5 (/opt/ros/humble/share/ament_cmake/cmake)
[0.991s] -- Found Python3: /usr/bin/python3.10 (found version "3.10.12") found components: Interpreter 
[1.108s] -- Found rclcpp: 16.0.6 (/opt/ros/humble/share/rclcpp/cmake)
[1.174s] -- Found rosidl_generator_c: 3.1.5 (/opt/ros/humble/share/rosidl_generator_c/cmake)
[1.178s] -- Found rosidl_adapter: 3.1.5 (/opt/ros/humble/share/rosidl_adapter/cmake)
[1.186s] -- Found rosidl_generator_cpp: 3.1.5 (/opt/ros/humble/share/rosidl_generator_cpp/cmake)
[1.206s] -- Using all available rosidl_typesupport_c: rosidl_typesupport_fastrtps_c;rosidl_typesupport_introspection_c
[1.224s] -- Using all available rosidl_typesupport_cpp: rosidl_typesupport_fastrtps_cpp;rosidl_typesupport_introspection_cpp
[1.325s] -- Found rmw_implementation_cmake: 6.1.1 (/opt/ros/humble/share/rmw_implementation_cmake/cmake)
[1.344s] -- Found rmw_fastrtps_cpp: 6.2.4 (/opt/ros/humble/share/rmw_fastrtps_cpp/cmake)
[1.466s] -- Found OpenSSL: /usr/lib/x86_64-linux-gnu/libcrypto.so (found version "3.0.2")  
[1.497s] -- Found FastRTPS: /opt/ros/humble/include  
[1.544s] -- Using RMW implementation 'rmw_fastrtps_cpp' as default
[1.560s] -- Looking for pthread.h
[1.629s] -- Looking for pthread.h - found
[1.630s] -- Performing Test CMAKE_HAVE_LIBC_PTHREAD
[1.693s] -- Performing Test CMAKE_HAVE_LIBC_PTHREAD - Success
[1.694s] -- Found Threads: TRUE  
[1.889s] -- Found rosidl_default_generators: 1.2.0 (/opt/ros/humble/share/rosidl_default_generators/cmake)
[1.897s] -- Found ament_lint_auto: 0.12.8 (/opt/ros/humble/share/ament_lint_auto/cmake)
[2.142s] -- Found ament_cmake_ros: 0.10.0 (/opt/ros/humble/share/ament_cmake_ros/cmake)
[2.484s] -- Using all available rosidl_typesupport_c: rosidl_typesupport_fastrtps_c;rosidl_typesupport_introspection_c
[2.605s] -- Using all available rosidl_typesupport_cpp: rosidl_typesupport_fastrtps_cpp;rosidl_typesupport_introspection_cpp
[2.629s] -- Found PythonInterp: /usr/bin/python3 (found suitable version "3.10.12", minimum required is "3.6") 
[2.631s] -- Found python_cmake_module: 0.10.0 (/opt/ros/humble/share/python_cmake_module/cmake)
[2.657s] -- Found PythonLibs: /usr/lib/x86_64-linux-gnu/libpython3.10.so (found suitable version "3.10.12", minimum required is "3.5") 
[2.657s] -- Using PYTHON_EXECUTABLE: /usr/bin/python3
[2.657s] -- Using PYTHON_INCLUDE_DIRS: /usr/include/python3.10
[2.657s] -- Using PYTHON_LIBRARIES: /usr/lib/x86_64-linux-gnu/libpython3.10.so
[2.680s] -- Found PythonExtra: .so  
[2.793s] -- Added test 'cppcheck' to perform static code analysis on C / C++ code
[2.793s] -- Configured cppcheck include dirs: 
[2.794s] -- Configured cppcheck exclude dirs and/or files: 
[2.802s] -- Added test 'flake8' to check Python code syntax and style conventions
[2.822s] -- Added test 'lint_cmake' to check CMake code style
[2.832s] -- Added test 'pep257' to check Python code against some of the docstring style conventions in PEP 257
[2.901s] -- Added test 'uncrustify' to check C / C++ code style
[2.902s] -- Configured uncrustify additional arguments: 
[2.912s] -- Added test 'xmllint' to check XML markup files
[2.923s] -- Configuring done
[3.006s] -- Generating done
[3.014s] -- Build files have been written to: /root/ros2_ws/build/cpp_server_client
[3.038s] Invoked command in '/root/ros2_ws/build/cpp_server_client' returned '0': CMAKE_PREFIX_PATH=/opt/ros/humble /usr/bin/cmake /root/ros2_ws/src/cpp_server_client -DCMAKE_INSTALL_PREFIX=/root/ros2_ws/install/cpp_server_client
[3.039s] Invoking command in '/root/ros2_ws/build/cpp_server_client': CMAKE_PREFIX_PATH=/opt/ros/humble /usr/bin/cmake --build /root/ros2_ws/build/cpp_server_client -- -j16 -l16
[3.101s] [  2%] [34m[1mGenerating C code for ROS interfaces[0m
[3.107s] [  5%] [34m[1mGenerating C++ code for ROS interfaces[0m
[3.117s] [  5%] Built target ament_cmake_python_copy_cpp_server_client
[3.578s] running egg_info
[3.584s] creating cpp_server_client.egg-info
[3.585s] writing cpp_server_client.egg-info/PKG-INFO
[3.585s] writing dependency_links to cpp_server_client.egg-info/dependency_links.txt
[3.585s] writing top-level names to cpp_server_client.egg-info/top_level.txt
[3.585s] writing manifest file 'cpp_server_client.egg-info/SOURCES.txt'
[3.591s] reading manifest file 'cpp_server_client.egg-info/SOURCES.txt'
[3.592s] writing manifest file 'cpp_server_client.egg-info/SOURCES.txt'
[3.650s] [  5%] Built target ament_cmake_python_build_cpp_server_client_egg
[3.671s] [  5%] Built target cpp_server_client__cpp
[3.683s] [  8%] [34m[1mGenerating C++ type support dispatch for ROS interfaces[0m
[3.684s] [ 11%] [34m[1mGenerating C++ introspection for ROS interfaces[0m
[3.690s] [ 14%] [34m[1mGenerating C++ type support for eProsima Fast-RTPS[0m
[3.749s] [ 17%] [32mBuilding C object CMakeFiles/cpp_server_client__rosidl_generator_c.dir/rosidl_generator_c/cpp_server_client/srv/detail/practice_srv__functions.c.o[0m
[3.846s] [ 20%] [32m[1mLinking C shared library libcpp_server_client__rosidl_generator_c.so[0m
[3.902s] [ 20%] Built target cpp_server_client__rosidl_generator_c
[3.917s] [ 22%] [34m[1mGenerating C type support for eProsima Fast-RTPS[0m
[3.939s] [ 25%] [34m[1mGenerating C type support dispatch for ROS interfaces[0m
[3.951s] [ 28%] [34m[1mGenerating C introspection for ROS interfaces[0m
[4.288s] [ 31%] [32mBuilding CXX object CMakeFiles/cpp_server_client__rosidl_typesupport_cpp.dir/rosidl_typesupport_cpp/cpp_server_client/srv/practice_srv__type_support.cpp.o[0m
[4.346s] [ 34%] [32mBuilding CXX object CMakeFiles/cpp_server_client__rosidl_typesupport_fastrtps_cpp.dir/rosidl_typesupport_fastrtps_cpp/cpp_server_client/srv/detail/dds_fastrtps/practice_srv__type_support.cpp.o[0m
[4.392s] [ 37%] [32mBuilding CXX object CMakeFiles/cpp_server_client__rosidl_typesupport_introspection_cpp.dir/rosidl_typesupport_introspection_cpp/cpp_server_client/srv/detail/practice_srv__type_support.cpp.o[0m
[4.481s] [ 40%] [32mBuilding CXX object CMakeFiles/cpp_server_client__rosidl_typesupport_fastrtps_c.dir/rosidl_typesupport_fastrtps_c/cpp_server_client/srv/detail/practice_srv__type_support_c.cpp.o[0m
[4.513s] [ 42%] [32mBuilding C object CMakeFiles/cpp_server_client__rosidl_typesupport_introspection_c.dir/rosidl_typesupport_introspection_c/cpp_server_client/srv/detail/practice_srv__type_support.c.o[0m
[4.577s] [ 45%] [32m[1mLinking C shared library libcpp_server_client__rosidl_typesupport_introspection_c.so[0m
[4.583s] [ 48%] [32mBuilding CXX object CMakeFiles/cpp_server_client__rosidl_typesupport_c.dir/rosidl_typesupport_c/cpp_server_client/srv/practice_srv__type_support.cpp.o[0m
[4.645s] [ 48%] Built target cpp_server_client__rosidl_typesupport_introspection_c
[4.648s] [ 51%] [32m[1mLinking CXX shared library libcpp_server_client__rosidl_typesupport_c.so[0m
[4.710s] [ 54%] [32m[1mLinking CXX shared library libcpp_server_client__rosidl_typesupport_cpp.so[0m
[4.714s] [ 54%] Built target cpp_server_client__rosidl_typesupport_c
[4.783s] [ 54%] Built target cpp_server_client__rosidl_typesupport_cpp
[4.818s] [ 60%] [32mBuilding CXX object CMakeFiles/practice_server_node.dir/src/server_node.cpp.o[0m
[4.819s] [ 60%] [32mBuilding CXX object CMakeFiles/practice_client_node.dir/src/client_node.cpp.o[0m
[5.010s] [ 62%] [32m[1mLinking CXX shared library libcpp_server_client__rosidl_typesupport_fastrtps_c.so[0m
[5.057s] [ 65%] [32m[1mLinking CXX shared library libcpp_server_client__rosidl_typesupport_fastrtps_cpp.so[0m
[5.061s] [ 68%] [32m[1mLinking CXX shared library libcpp_server_client__rosidl_typesupport_introspection_cpp.so[0m
[5.143s] [ 68%] Built target cpp_server_client__rosidl_typesupport_fastrtps_c
[5.180s] [ 68%] Built target cpp_server_client__rosidl_typesupport_fastrtps_cpp
[5.180s] [ 68%] Built target cpp_server_client__rosidl_typesupport_introspection_cpp
[5.199s] [ 68%] Built target cpp_server_client
[5.221s] [ 71%] [34m[1mGenerating Python code for ROS interfaces[0m
[5.941s] [ 71%] Built target cpp_server_client__py
[5.971s] [ 74%] [32mBuilding C object CMakeFiles/cpp_server_client__rosidl_generator_py.dir/rosidl_generator_py/cpp_server_client/srv/_practice_srv_s.c.o[0m
[6.099s] [ 77%] [32m[1mLinking C shared library rosidl_generator_py/cpp_server_client/libcpp_server_client__rosidl_generator_py.so[0m
[6.164s] [ 77%] Built target cpp_server_client__rosidl_generator_py
[6.192s] [ 80%] [32mBuilding C object CMakeFiles/cpp_server_client__rosidl_typesupport_fastrtps_c__pyext.dir/rosidl_generator_py/cpp_server_client/_cpp_server_client_s.ep.rosidl_typesupport_fastrtps_c.c.o[0m
[6.192s] [ 82%] [32mBuilding C object CMakeFiles/cpp_server_client__rosidl_typesupport_introspection_c__pyext.dir/rosidl_generator_py/cpp_server_client/_cpp_server_client_s.ep.rosidl_typesupport_introspection_c.c.o[0m
[6.194s] [ 85%] [32mBuilding C object CMakeFiles/cpp_server_client__rosidl_typesupport_c__pyext.dir/rosidl_generator_py/cpp_server_client/_cpp_server_client_s.ep.rosidl_typesupport_c.c.o[0m
[6.369s] [ 88%] [32m[1mLinking C shared library rosidl_generator_py/cpp_server_client/cpp_server_client_s__rosidl_typesupport_introspection_c.cpython-310-x86_64-linux-gnu.so[0m
[6.391s] [ 91%] [32m[1mLinking C shared library rosidl_generator_py/cpp_server_client/cpp_server_client_s__rosidl_typesupport_fastrtps_c.cpython-310-x86_64-linux-gnu.so[0m
[6.396s] [ 94%] [32m[1mLinking C shared library rosidl_generator_py/cpp_server_client/cpp_server_client_s__rosidl_typesupport_c.cpython-310-x86_64-linux-gnu.so[0m
[6.422s] [ 94%] Built target cpp_server_client__rosidl_typesupport_introspection_c__pyext
[6.445s] [ 94%] Built target cpp_server_client__rosidl_typesupport_c__pyext
[6.448s] [ 94%] Built target cpp_server_client__rosidl_typesupport_fastrtps_c__pyext
[9.987s] [ 97%] [32m[1mLinking CXX executable practice_server_node[0m
[10.143s] [100%] [32m[1mLinking CXX executable practice_client_node[0m
[10.214s] [100%] Built target practice_server_node
[10.327s] [100%] Built target practice_client_node
[10.341s] Invoked command in '/root/ros2_ws/build/cpp_server_client' returned '0': CMAKE_PREFIX_PATH=/opt/ros/humble /usr/bin/cmake --build /root/ros2_ws/build/cpp_server_client -- -j16 -l16
[10.419s] Invoking command in '/root/ros2_ws/build/cpp_server_client': CMAKE_PREFIX_PATH=/opt/ros/humble /usr/bin/cmake --install /root/ros2_ws/build/cpp_server_client
[10.427s] -- Install configuration: ""
[10.427s] -- Installing: /root/ros2_ws/install/cpp_server_client/share/ament_index/resource_index/rosidl_interfaces/cpp_server_client
[10.428s] -- Installing: /root/ros2_ws/install/cpp_server_client/include/cpp_server_client/cpp_server_client
[10.428s] -- Installing: /root/ros2_ws/install/cpp_server_client/include/cpp_server_client/cpp_server_client/msg
[10.428s] -- Installing: /root/ros2_ws/install/cpp_server_client/include/cpp_server_client/cpp_server_client/msg/rosidl_generator_c__visibility_control.h
[10.429s] -- Installing: /root/ros2_ws/install/cpp_server_client/include/cpp_server_client/cpp_server_client/srv
[10.429s] -- Installing: /root/ros2_ws/install/cpp_server_client/include/cpp_server_client/cpp_server_client/srv/practice_srv.h
[10.429s] -- Installing: /root/ros2_ws/install/cpp_server_client/include/cpp_server_client/cpp_server_client/srv/detail
[10.429s] -- Installing: /root/ros2_ws/install/cpp_server_client/include/cpp_server_client/cpp_server_client/srv/detail/practice_srv__functions.h
[10.429s] -- Installing: /root/ros2_ws/install/cpp_server_client/include/cpp_server_client/cpp_server_client/srv/detail/practice_srv__struct.h
[10.430s] -- Installing: /root/ros2_ws/install/cpp_server_client/include/cpp_server_client/cpp_server_client/srv/detail/practice_srv__functions.c
[10.430s] -- Installing: /root/ros2_ws/install/cpp_server_client/include/cpp_server_client/cpp_server_client/srv/detail/practice_srv__type_support.h
[10.430s] -- Installing: /root/ros2_ws/install/cpp_server_client/share/cpp_server_client/environment/library_path.sh
[10.430s] -- Installing: /root/ros2_ws/install/cpp_server_client/share/cpp_server_client/environment/library_path.dsv
[10.430s] -- Installing: /root/ros2_ws/install/cpp_server_client/lib/libcpp_server_client__rosidl_generator_c.so
[10.430s] -- Set runtime path of "/root/ros2_ws/install/cpp_server_client/lib/libcpp_server_client__rosidl_generator_c.so" to ""
[10.431s] -- Up-to-date: /root/ros2_ws/install/cpp_server_client/include/cpp_server_client/cpp_server_client
[10.431s] -- Up-to-date: /root/ros2_ws/install/cpp_server_client/include/cpp_server_client/cpp_server_client/msg
[10.431s] -- Installing: /root/ros2_ws/install/cpp_server_client/include/cpp_server_client/cpp_server_client/msg/rosidl_typesupport_fastrtps_c__visibility_control.h
[10.432s] -- Up-to-date: /root/ros2_ws/install/cpp_server_client/include/cpp_server_client/cpp_server_client/srv
[10.432s] -- Up-to-date: /root/ros2_ws/install/cpp_server_client/include/cpp_server_client/cpp_server_client/srv/detail
[10.432s] -- Installing: /root/ros2_ws/install/cpp_server_client/include/cpp_server_client/cpp_server_client/srv/detail/practice_srv__rosidl_typesupport_fastrtps_c.h
[10.432s] -- Installing: /root/ros2_ws/install/cpp_server_client/lib/libcpp_server_client__rosidl_typesupport_fastrtps_c.so
[10.432s] -- Set runtime path of "/root/ros2_ws/install/cpp_server_client/lib/libcpp_server_client__rosidl_typesupport_fastrtps_c.so" to ""
[10.432s] -- Up-to-date: /root/ros2_ws/install/cpp_server_client/include/cpp_server_client/cpp_server_client
[10.433s] -- Up-to-date: /root/ros2_ws/install/cpp_server_client/include/cpp_server_client/cpp_server_client/srv
[10.433s] -- Installing: /root/ros2_ws/install/cpp_server_client/include/cpp_server_client/cpp_server_client/srv/practice_srv.hpp
[10.433s] -- Up-to-date: /root/ros2_ws/install/cpp_server_client/include/cpp_server_client/cpp_server_client/srv/detail
[10.433s] -- Installing: /root/ros2_ws/install/cpp_server_client/include/cpp_server_client/cpp_server_client/srv/detail/practice_srv__traits.hpp
[10.433s] -- Installing: /root/ros2_ws/install/cpp_server_client/include/cpp_server_client/cpp_server_client/srv/detail/practice_srv__builder.hpp
[10.434s] -- Installing: /root/ros2_ws/install/cpp_server_client/include/cpp_server_client/cpp_server_client/srv/detail/practice_srv__struct.hpp
[10.434s] -- Up-to-date: /root/ros2_ws/install/cpp_server_client/include/cpp_server_client/cpp_server_client
[10.434s] -- Up-to-date: /root/ros2_ws/install/cpp_server_client/include/cpp_server_client/cpp_server_client/msg
[10.434s] -- Installing: /root/ros2_ws/install/cpp_server_client/include/cpp_server_client/cpp_server_client/msg/rosidl_typesupport_fastrtps_cpp__visibility_control.h
[10.434s] -- Up-to-date: /root/ros2_ws/install/cpp_server_client/include/cpp_server_client/cpp_server_client/srv
[10.435s] -- Up-to-date: /root/ros2_ws/install/cpp_server_client/include/cpp_server_client/cpp_server_client/srv/detail
[10.435s] -- Installing: /root/ros2_ws/install/cpp_server_client/include/cpp_server_client/cpp_server_client/srv/detail/dds_fastrtps
[10.435s] -- Installing: /root/ros2_ws/install/cpp_server_client/include/cpp_server_client/cpp_server_client/srv/detail/practice_srv__rosidl_typesupport_fastrtps_cpp.hpp
[10.435s] -- Installing: /root/ros2_ws/install/cpp_server_client/lib/libcpp_server_client__rosidl_typesupport_fastrtps_cpp.so
[10.436s] -- Set runtime path of "/root/ros2_ws/install/cpp_server_client/lib/libcpp_server_client__rosidl_typesupport_fastrtps_cpp.so" to ""
[10.436s] -- Up-to-date: /root/ros2_ws/install/cpp_server_client/include/cpp_server_client/cpp_server_client
[10.436s] -- Up-to-date: /root/ros2_ws/install/cpp_server_client/include/cpp_server_client/cpp_server_client/msg
[10.436s] -- Installing: /root/ros2_ws/install/cpp_server_client/include/cpp_server_client/cpp_server_client/msg/rosidl_typesupport_introspection_c__visibility_control.h
[10.437s] -- Up-to-date: /root/ros2_ws/install/cpp_server_client/include/cpp_server_client/cpp_server_client/srv
[10.437s] -- Up-to-date: /root/ros2_ws/install/cpp_server_client/include/cpp_server_client/cpp_server_client/srv/detail
[10.437s] -- Installing: /root/ros2_ws/install/cpp_server_client/include/cpp_server_client/cpp_server_client/srv/detail/practice_srv__type_support.c
[10.438s] -- Installing: /root/ros2_ws/install/cpp_server_client/include/cpp_server_client/cpp_server_client/srv/detail/practice_srv__rosidl_typesupport_introspection_c.h
[10.438s] -- Installing: /root/ros2_ws/install/cpp_server_client/lib/libcpp_server_client__rosidl_typesupport_introspection_c.so
[10.438s] -- Set runtime path of "/root/ros2_ws/install/cpp_server_client/lib/libcpp_server_client__rosidl_typesupport_introspection_c.so" to ""
[10.438s] -- Installing: /root/ros2_ws/install/cpp_server_client/lib/libcpp_server_client__rosidl_typesupport_c.so
[10.439s] -- Set runtime path of "/root/ros2_ws/install/cpp_server_client/lib/libcpp_server_client__rosidl_typesupport_c.so" to ""
[10.439s] -- Up-to-date: /root/ros2_ws/install/cpp_server_client/include/cpp_server_client/cpp_server_client
[10.440s] -- Up-to-date: /root/ros2_ws/install/cpp_server_client/include/cpp_server_client/cpp_server_client/srv
[10.440s] -- Up-to-date: /root/ros2_ws/install/cpp_server_client/include/cpp_server_client/cpp_server_client/srv/detail
[10.440s] -- Installing: /root/ros2_ws/install/cpp_server_client/include/cpp_server_client/cpp_server_client/srv/detail/practice_srv__rosidl_typesupport_introspection_cpp.hpp
[10.441s] -- Installing: /root/ros2_ws/install/cpp_server_client/include/cpp_server_client/cpp_server_client/srv/detail/practice_srv__type_support.cpp
[10.441s] -- Installing: /root/ros2_ws/install/cpp_server_client/lib/libcpp_server_client__rosidl_typesupport_introspection_cpp.so
[10.441s] -- Set runtime path of "/root/ros2_ws/install/cpp_server_client/lib/libcpp_server_client__rosidl_typesupport_introspection_cpp.so" to ""
[10.441s] -- Installing: /root/ros2_ws/install/cpp_server_client/lib/libcpp_server_client__rosidl_typesupport_cpp.so
[10.442s] -- Set runtime path of "/root/ros2_ws/install/cpp_server_client/lib/libcpp_server_client__rosidl_typesupport_cpp.so" to ""
[10.442s] -- Installing: /root/ros2_ws/install/cpp_server_client/share/cpp_server_client/environment/pythonpath.sh
[10.442s] -- Installing: /root/ros2_ws/install/cpp_server_client/share/cpp_server_client/environment/pythonpath.dsv
[10.442s] -- Installing: /root/ros2_ws/install/cpp_server_client/local/lib/python3.10/dist-packages/cpp_server_client-0.0.0-py3.10.egg-info
[10.442s] -- Installing: /root/ros2_ws/install/cpp_server_client/local/lib/python3.10/dist-packages/cpp_server_client-0.0.0-py3.10.egg-info/SOURCES.txt
[10.442s] -- Installing: /root/ros2_ws/install/cpp_server_client/local/lib/python3.10/dist-packages/cpp_server_client-0.0.0-py3.10.egg-info/dependency_links.txt
[10.442s] -- Installing: /root/ros2_ws/install/cpp_server_client/local/lib/python3.10/dist-packages/cpp_server_client-0.0.0-py3.10.egg-info/top_level.txt
[10.442s] -- Installing: /root/ros2_ws/install/cpp_server_client/local/lib/python3.10/dist-packages/cpp_server_client-0.0.0-py3.10.egg-info/PKG-INFO
[10.442s] -- Installing: /root/ros2_ws/install/cpp_server_client/local/lib/python3.10/dist-packages/cpp_server_client
[10.442s] -- Installing: /root/ros2_ws/install/cpp_server_client/local/lib/python3.10/dist-packages/cpp_server_client/_cpp_server_client_s.ep.rosidl_typesupport_introspection_c.c
[10.442s] -- Installing: /root/ros2_ws/install/cpp_server_client/local/lib/python3.10/dist-packages/cpp_server_client/cpp_server_client_s__rosidl_typesupport_fastrtps_c.cpython-310-x86_64-linux-gnu.so
[10.443s] -- Installing: /root/ros2_ws/install/cpp_server_client/local/lib/python3.10/dist-packages/cpp_server_client/cpp_server_client_s__rosidl_typesupport_c.cpython-310-x86_64-linux-gnu.so
[10.443s] -- Installing: /root/ros2_ws/install/cpp_server_client/local/lib/python3.10/dist-packages/cpp_server_client/cpp_server_client_s__rosidl_typesupport_introspection_c.cpython-310-x86_64-linux-gnu.so
[10.443s] -- Installing: /root/ros2_ws/install/cpp_server_client/local/lib/python3.10/dist-packages/cpp_server_client/_cpp_server_client_s.ep.rosidl_typesupport_c.c
[10.443s] -- Installing: /root/ros2_ws/install/cpp_server_client/local/lib/python3.10/dist-packages/cpp_server_client/_cpp_server_client_s.ep.rosidl_typesupport_fastrtps_c.c
[10.443s] -- Installing: /root/ros2_ws/install/cpp_server_client/local/lib/python3.10/dist-packages/cpp_server_client/__init__.py
[10.443s] -- Installing: /root/ros2_ws/install/cpp_server_client/local/lib/python3.10/dist-packages/cpp_server_client/srv
[10.443s] -- Installing: /root/ros2_ws/install/cpp_server_client/local/lib/python3.10/dist-packages/cpp_server_client/srv/_practice_srv.py
[10.443s] -- Installing: /root/ros2_ws/install/cpp_server_client/local/lib/python3.10/dist-packages/cpp_server_client/srv/_practice_srv_s.c
[10.443s] -- Installing: /root/ros2_ws/install/cpp_server_client/local/lib/python3.10/dist-packages/cpp_server_client/srv/__init__.py
[10.443s] -- Installing: /root/ros2_ws/install/cpp_server_client/local/lib/python3.10/dist-packages/cpp_server_client/libcpp_server_client__rosidl_generator_py.so
[10.484s] Listing '/root/ros2_ws/install/cpp_server_client/local/lib/python3.10/dist-packages/cpp_server_client'...
[10.484s] Compiling '/root/ros2_ws/install/cpp_server_client/local/lib/python3.10/dist-packages/cpp_server_client/__init__.py'...
[10.484s] Listing '/root/ros2_ws/install/cpp_server_client/local/lib/python3.10/dist-packages/cpp_server_client/srv'...
[10.484s] Compiling '/root/ros2_ws/install/cpp_server_client/local/lib/python3.10/dist-packages/cpp_server_client/srv/__init__.py'...
[10.484s] Compiling '/root/ros2_ws/install/cpp_server_client/local/lib/python3.10/dist-packages/cpp_server_client/srv/_practice_srv.py'...
[10.489s] -- Installing: /root/ros2_ws/install/cpp_server_client/local/lib/python3.10/dist-packages/cpp_server_client/cpp_server_client_s__rosidl_typesupport_fastrtps_c.cpython-310-x86_64-linux-gnu.so
[10.490s] -- Set runtime path of "/root/ros2_ws/install/cpp_server_client/local/lib/python3.10/dist-packages/cpp_server_client/cpp_server_client_s__rosidl_typesupport_fastrtps_c.cpython-310-x86_64-linux-gnu.so" to ""
[10.490s] -- Installing: /root/ros2_ws/install/cpp_server_client/local/lib/python3.10/dist-packages/cpp_server_client/cpp_server_client_s__rosidl_typesupport_introspection_c.cpython-310-x86_64-linux-gnu.so
[10.490s] -- Set runtime path of "/root/ros2_ws/install/cpp_server_client/local/lib/python3.10/dist-packages/cpp_server_client/cpp_server_client_s__rosidl_typesupport_introspection_c.cpython-310-x86_64-linux-gnu.so" to ""
[10.491s] -- Installing: /root/ros2_ws/install/cpp_server_client/local/lib/python3.10/dist-packages/cpp_server_client/cpp_server_client_s__rosidl_typesupport_c.cpython-310-x86_64-linux-gnu.so
[10.491s] -- Set runtime path of "/root/ros2_ws/install/cpp_server_client/local/lib/python3.10/dist-packages/cpp_server_client/cpp_server_client_s__rosidl_typesupport_c.cpython-310-x86_64-linux-gnu.so" to ""
[10.491s] -- Installing: /root/ros2_ws/install/cpp_server_client/lib/libcpp_server_client__rosidl_generator_py.so
[10.492s] -- Set runtime path of "/root/ros2_ws/install/cpp_server_client/lib/libcpp_server_client__rosidl_generator_py.so" to ""
[10.492s] -- Installing: /root/ros2_ws/install/cpp_server_client/share/cpp_server_client/srv/PracticeSrv.idl
[10.492s] -- Installing: /root/ros2_ws/install/cpp_server_client/share/cpp_server_client/srv/PracticeSrv.srv
[10.492s] -- Installing: /root/ros2_ws/install/cpp_server_client/share/cpp_server_client/srv/PracticeSrv_Request.msg
[10.493s] -- Installing: /root/ros2_ws/install/cpp_server_client/share/cpp_server_client/srv/PracticeSrv_Response.msg
[10.493s] -- Installing: /root/ros2_ws/install/cpp_server_client/lib/cpp_server_client/practice_server_node
[10.494s] -- Set runtime path of "/root/ros2_ws/install/cpp_server_client/lib/cpp_server_client/practice_server_node" to ""
[10.494s] -- Installing: /root/ros2_ws/install/cpp_server_client/lib/cpp_server_client/practice_client_node
[10.495s] -- Set runtime path of "/root/ros2_ws/install/cpp_server_client/lib/cpp_server_client/practice_client_node" to ""
[10.495s] -- Installing: /root/ros2_ws/install/cpp_server_client/share/ament_index/resource_index/package_run_dependencies/cpp_server_client
[10.496s] -- Installing: /root/ros2_ws/install/cpp_server_client/share/ament_index/resource_index/parent_prefix_path/cpp_server_client
[10.496s] -- Installing: /root/ros2_ws/install/cpp_server_client/share/cpp_server_client/environment/ament_prefix_path.sh
[10.496s] -- Installing: /root/ros2_ws/install/cpp_server_client/share/cpp_server_client/environment/ament_prefix_path.dsv
[10.497s] -- Installing: /root/ros2_ws/install/cpp_server_client/share/cpp_server_client/environment/path.sh
[10.497s] -- Installing: /root/ros2_ws/install/cpp_server_client/share/cpp_server_client/environment/path.dsv
[10.497s] -- Installing: /root/ros2_ws/install/cpp_server_client/share/cpp_server_client/local_setup.bash
[10.498s] -- Installing: /root/ros2_ws/install/cpp_server_client/share/cpp_server_client/local_setup.sh
[10.498s] -- Installing: /root/ros2_ws/install/cpp_server_client/share/cpp_server_client/local_setup.zsh
[10.498s] -- Installing: /root/ros2_ws/install/cpp_server_client/share/cpp_server_client/local_setup.dsv
[10.498s] -- Installing: /root/ros2_ws/install/cpp_server_client/share/cpp_server_client/package.dsv
[10.499s] -- Installing: /root/ros2_ws/install/cpp_server_client/share/ament_index/resource_index/packages/cpp_server_client
[10.499s] -- Installing: /root/ros2_ws/install/cpp_server_client/share/cpp_server_client/cmake/export_cpp_server_client__rosidl_generator_cExport.cmake
[10.499s] -- Installing: /root/ros2_ws/install/cpp_server_client/share/cpp_server_client/cmake/export_cpp_server_client__rosidl_generator_cExport-noconfig.cmake
[10.500s] -- Installing: /root/ros2_ws/install/cpp_server_client/share/cpp_server_client/cmake/export_cpp_server_client__rosidl_typesupport_fastrtps_cExport.cmake
[10.500s] -- Installing: /root/ros2_ws/install/cpp_server_client/share/cpp_server_client/cmake/export_cpp_server_client__rosidl_typesupport_fastrtps_cExport-noconfig.cmake
[10.500s] -- Installing: /root/ros2_ws/install/cpp_server_client/share/cpp_server_client/cmake/export_cpp_server_client__rosidl_generator_cppExport.cmake
[10.501s] -- Installing: /root/ros2_ws/install/cpp_server_client/share/cpp_server_client/cmake/export_cpp_server_client__rosidl_typesupport_fastrtps_cppExport.cmake
[10.501s] -- Installing: /root/ros2_ws/install/cpp_server_client/share/cpp_server_client/cmake/export_cpp_server_client__rosidl_typesupport_fastrtps_cppExport-noconfig.cmake
[10.502s] -- Installing: /root/ros2_ws/install/cpp_server_client/share/cpp_server_client/cmake/cpp_server_client__rosidl_typesupport_introspection_cExport.cmake
[10.502s] -- Installing: /root/ros2_ws/install/cpp_server_client/share/cpp_server_client/cmake/cpp_server_client__rosidl_typesupport_introspection_cExport-noconfig.cmake
[10.502s] -- Installing: /root/ros2_ws/install/cpp_server_client/share/cpp_server_client/cmake/cpp_server_client__rosidl_typesupport_cExport.cmake
[10.503s] -- Installing: /root/ros2_ws/install/cpp_server_client/share/cpp_server_client/cmake/cpp_server_client__rosidl_typesupport_cExport-noconfig.cmake
[10.503s] -- Installing: /root/ros2_ws/install/cpp_server_client/share/cpp_server_client/cmake/cpp_server_client__rosidl_typesupport_introspection_cppExport.cmake
[10.503s] -- Installing: /root/ros2_ws/install/cpp_server_client/share/cpp_server_client/cmake/cpp_server_client__rosidl_typesupport_introspection_cppExport-noconfig.cmake
[10.504s] -- Installing: /root/ros2_ws/install/cpp_server_client/share/cpp_server_client/cmake/cpp_server_client__rosidl_typesupport_cppExport.cmake
[10.504s] -- Installing: /root/ros2_ws/install/cpp_server_client/share/cpp_server_client/cmake/cpp_server_client__rosidl_typesupport_cppExport-noconfig.cmake
[10.504s] -- Installing: /root/ros2_ws/install/cpp_server_client/share/cpp_server_client/cmake/export_cpp_server_client__rosidl_generator_pyExport.cmake
[10.504s] -- Installing: /root/ros2_ws/install/cpp_server_client/share/cpp_server_client/cmake/export_cpp_server_client__rosidl_generator_pyExport-noconfig.cmake
[10.504s] -- Installing: /root/ros2_ws/install/cpp_server_client/share/cpp_server_client/cmake/rosidl_cmake-extras.cmake
[10.505s] -- Installing: /root/ros2_ws/install/cpp_server_client/share/cpp_server_client/cmake/ament_cmake_export_include_directories-extras.cmake
[10.505s] -- Installing: /root/ros2_ws/install/cpp_server_client/share/cpp_server_client/cmake/ament_cmake_export_libraries-extras.cmake
[10.505s] -- Installing: /root/ros2_ws/install/cpp_server_client/share/cpp_server_client/cmake/ament_cmake_export_targets-extras.cmake
[10.506s] -- Installing: /root/ros2_ws/install/cpp_server_client/share/cpp_server_client/cmake/rosidl_cmake_export_typesupport_targets-extras.cmake
[10.506s] -- Installing: /root/ros2_ws/install/cpp_server_client/share/cpp_server_client/cmake/ament_cmake_export_dependencies-extras.cmake
[10.506s] -- Installing: /root/ros2_ws/install/cpp_server_client/share/cpp_server_client/cmake/rosidl_cmake_export_typesupport_libraries-extras.cmake
[10.507s] -- Installing: /root/ros2_ws/install/cpp_server_client/share/cpp_server_client/cmake/cpp_server_clientConfig.cmake
[10.507s] -- Installing: /root/ros2_ws/install/cpp_server_client/share/cpp_server_client/cmake/cpp_server_clientConfig-version.cmake
[10.507s] -- Installing: /root/ros2_ws/install/cpp_server_client/share/cpp_server_client/package.xml
[10.509s] Invoked command in '/root/ros2_ws/build/cpp_server_client' returned '0': CMAKE_PREFIX_PATH=/opt/ros/humble /usr/bin/cmake --install /root/ros2_ws/build/cpp_server_client
