[0.591s] Invoking command in '/home/osawakousei/ros2_ws/src/custom_message_unity/build/custom_message_unity': CMAKE_PREFIX_PATH=${CMAKE_PREFIX_PATH}:/opt/ros/humble /usr/bin/cmake --build /home/osawakousei/ros2_ws/src/custom_message_unity/build/custom_message_unity -- -j12 -l12
[0.782s] -- Found ament_cmake: 1.3.5 (/opt/ros/humble/share/ament_cmake/cmake)
[1.502s] -- Found rclcpp: 16.0.6 (/opt/ros/humble/share/rclcpp/cmake)
[1.709s] -- Found rosidl_generator_c: 3.1.5 (/opt/ros/humble/share/rosidl_generator_c/cmake)
[1.725s] -- Found rosidl_adapter: 3.1.5 (/opt/ros/humble/share/rosidl_adapter/cmake)
[1.774s] -- Found rosidl_generator_cpp: 3.1.5 (/opt/ros/humble/share/rosidl_generator_cpp/cmake)
[1.849s] -- Using all available rosidl_typesupport_c: rosidl_typesupport_fastrtps_c;rosidl_typesupport_introspection_c
[1.931s] -- Using all available rosidl_typesupport_cpp: rosidl_typesupport_fastrtps_cpp;rosidl_typesupport_introspection_cpp
[2.202s] -- Found rmw_implementation_cmake: 6.1.1 (/opt/ros/humble/share/rmw_implementation_cmake/cmake)
[2.219s] -- Found rmw_fastrtps_cpp: 6.2.4 (/opt/ros/humble/share/rmw_fastrtps_cpp/cmake)
[2.750s] -- Using RMW implementation 'rmw_fastrtps_cpp' as default
[3.410s] -- Found ament_cmake_auto: 1.3.5 (/opt/ros/humble/share/ament_cmake_auto/cmake)
[3.428s] -- Found rosidl_default_generators: 1.2.0 (/opt/ros/humble/share/rosidl_default_generators/cmake)
[3.491s] -- Found ament_lint_auto: 0.12.8 (/opt/ros/humble/share/ament_lint_auto/cmake)
[4.563s] -- Found ament_cmake_ros: 0.10.0 (/opt/ros/humble/share/ament_cmake_ros/cmake)
[5.866s] -- Using all available rosidl_typesupport_c: rosidl_typesupport_fastrtps_c;rosidl_typesupport_introspection_c
[6.360s] -- Using all available rosidl_typesupport_cpp: rosidl_typesupport_fastrtps_cpp;rosidl_typesupport_introspection_cpp
[6.423s] -- Found ament_cmake_export_assemblies: 0.0.0 (/home/osawakousei/ros2_ws/install/ament_cmake_export_assemblies/share/ament_cmake_export_assemblies/cmake)
[6.435s] -- Found dotnet_cmake_module: 0.0.0 (/home/osawakousei/ros2_ws/install/dotnet_cmake_module/share/dotnet_cmake_module/cmake)
[7.798s] -- Found DotNetCore: /usr/bin/dotnet  
[7.798s] -- Found .NET Core: 6.0.122
[7.799s] -- Using Framework: netstandard2.0
[7.799s] -- Using Framework: netstandard2.0
[7.800s] -- Using Runtime: linux-x64
[7.815s] -- Found ros2cs_common: 2.0.0 (/home/osawakousei/ros2_ws/install/ros2cs_common/share/ros2cs_common/cmake)
[7.964s] -- Generating C# code for ROS interfaces /home/osawakousei/ros2_ws/src/custom_message_unity/build/custom_message_unity/rosidl_generator_cs/custom_message_unity/msg/custom_unity.cs and 
[7.964s] -- Adding custom target
[7.965s] [0mLink libraries: custom_message_unity__rosidl_typesupport_c[0m
[7.973s] [0mLink libraries: custom_message_unity__rosidl_typesupport_introspection_c[0m
[7.980s] [0mLink libraries: custom_message_unity__rosidl_typesupport_fastrtps_c[0m
[7.985s] [0mInstall targets[0m
[8.083s] -- Found python_cmake_module: 0.10.0 (/opt/ros/humble/share/python_cmake_module/cmake)
[8.167s] -- Using PYTHON_EXECUTABLE: /usr/bin/python3
[8.167s] -- Using PYTHON_INCLUDE_DIRS: /usr/include/python3.10
[8.167s] -- Using PYTHON_LIBRARIES: /usr/lib/x86_64-linux-gnu/libpython3.10.so
[8.445s] -- Added test 'cppcheck' to perform static code analysis on C / C++ code
[8.446s] -- Configured cppcheck include dirs: $<BUILD_INTERFACE:/home/osawakousei/ros2_ws/src/custom_message_unity/build/custom_message_unity/rosidl_generator_c>;$<BUILD_INTERFACE:/home/osawakousei/ros2_ws/src/custom_message_unity/build/custom_message_unity/rosidl_typesupport_fastrtps_c>;$<BUILD_INTERFACE:/home/osawakousei/ros2_ws/src/custom_message_unity/build/custom_message_unity/rosidl_generator_cpp>;$<BUILD_INTERFACE:/home/osawakousei/ros2_ws/src/custom_message_unity/build/custom_message_unity/rosidl_typesupport_fastrtps_cpp>;$<BUILD_INTERFACE:/home/osawakousei/ros2_ws/src/custom_message_unity/build/custom_message_unity/rosidl_typesupport_introspection_c>;$<BUILD_INTERFACE:/home/osawakousei/ros2_ws/src/custom_message_unity/build/custom_message_unity/rosidl_typesupport_introspection_cpp>;/home/osawakousei/ros2_ws/src/custom_message_unity/build/custom_message_unity/rosidl_generator_c;/home/osawakousei/ros2_ws/src/custom_message_unity/build/custom_message_unity/rosidl_generator_cs;/home/osawakousei/ros2_ws/src/custom_message_unity/build/custom_message_unity/rosidl_generator_py
[8.446s] -- Configured cppcheck exclude dirs and/or files: 
[8.468s] -- Added test 'flake8' to check Python code syntax and style conventions
[8.495s] -- Added test 'lint_cmake' to check CMake code style
[8.510s] -- Added test 'pep257' to check Python code against some of the docstring style conventions in PEP 257
[8.643s] -- Added test 'uncrustify' to check C / C++ code style
[8.643s] -- Configured uncrustify additional arguments: 
[8.711s] -- Added test 'xmllint' to check XML markup files
[8.775s] -- Configuring done
[8.963s] -- Generating done
[8.979s] -- Build files have been written to: /home/osawakousei/ros2_ws/src/custom_message_unity/build/custom_message_unity
[9.085s] [35m[1mConsolidate compiler generated dependencies of target custom_message_unity__rosidl_generator_c[0m
[9.133s] [  2%] [34m[1mGenerating C# code for ROS interfaces[0m
[9.134s] [  4%] Built target custom_message_unity__cpp
[9.141s] [  6%] [32m[1mLinking C shared library libcustom_message_unity__rosidl_generator_c.so[0m
[9.176s] [  6%] Built target ament_cmake_python_copy_custom_message_unity
[9.188s] [35m[1mConsolidate compiler generated dependencies of target custom_message_unity__rosidl_typesupport_cpp[0m
[9.189s] [35m[1mConsolidate compiler generated dependencies of target custom_message_unity__rosidl_typesupport_fastrtps_cpp[0m
[9.198s] [35m[1mConsolidate compiler generated dependencies of target custom_message_unity__rosidl_typesupport_introspection_cpp[0m
[9.257s] [  8%] [32m[1mLinking CXX shared library libcustom_message_unity__rosidl_typesupport_cpp.so[0m
[9.261s] [ 11%] [32m[1mLinking CXX shared library libcustom_message_unity__rosidl_typesupport_fastrtps_cpp.so[0m
[9.270s] [ 13%] [32m[1mLinking CXX shared library libcustom_message_unity__rosidl_typesupport_introspection_cpp.so[0m
[9.440s] [ 17%] Built target custom_message_unity__rosidl_generator_c
[9.473s] [ 22%] Built target custom_message_unity__rosidl_typesupport_cpp
[9.474s] [ 26%] Built target custom_message_unity__rosidl_typesupport_introspection_cpp
[9.498s] [35m[1mConsolidate compiler generated dependencies of target custom_message_unity__rosidl_typesupport_fastrtps_c[0m
[9.508s] [35m[1mConsolidate compiler generated dependencies of target custom_message_unity__rosidl_typesupport_introspection_c[0m
[9.508s] [35m[1mConsolidate compiler generated dependencies of target custom_message_unity__rosidl_typesupport_c[0m
[9.566s] [ 28%] [32m[1mLinking C shared library libcustom_message_unity__rosidl_typesupport_introspection_c.so[0m
[9.566s] [ 31%] [32m[1mLinking CXX shared library libcustom_message_unity__rosidl_typesupport_fastrtps_c.so[0m
[9.567s] [ 33%] [32m[1mLinking CXX shared library libcustom_message_unity__rosidl_typesupport_c.so[0m
[9.578s] [ 37%] Built target custom_message_unity__rosidl_typesupport_fastrtps_cpp
[9.711s] [ 42%] Built target custom_message_unity__rosidl_typesupport_introspection_c
[9.747s] [ 46%] Built target custom_message_unity__rosidl_typesupport_c
[9.802s] [ 48%] [34m[1mGenerating C# code for ROS interfaces[0m
[9.803s] [ 51%] [34m[1mGenerating C# code for ROS interfaces[0m
[9.848s] [ 55%] Built target custom_message_unity__rosidl_typesupport_fastrtps_c
[9.957s] [ 55%] Built target custom_message_unity
[10.027s] [ 57%] [32mBuilding C object CMakeFiles/custom_message_unity_custom_unity__rosidl_typesupport_fastrtps_c.dir/rosidl_generator_cs/custom_message_unity/msg/custom_unity.ep.rosidl_typesupport_fastrtps_c.c.o[0m
[10.027s] [ 60%] [32mBuilding C object CMakeFiles/custom_message_unity_custom_unity__rosidl_typesupport_fastrtps_c.dir/rosidl_generator_cs/custom_message_unity/msg/custom_unity_s.c.o[0m
[10.094s] [ 62%] Built target custom_message_unity__py
[10.102s] [ 62%] Built target custom_message_unity__cs
[10.131s] running egg_info
[10.135s] writing custom_message_unity.egg-info/PKG-INFO
[10.136s] writing dependency_links to custom_message_unity.egg-info/dependency_links.txt
[10.136s] writing top-level names to custom_message_unity.egg-info/top_level.txt
[10.143s] reading manifest file 'custom_message_unity.egg-info/SOURCES.txt'
[10.145s] writing manifest file 'custom_message_unity.egg-info/SOURCES.txt'
[10.154s] [35m[1mConsolidate compiler generated dependencies of target custom_message_unity__rosidl_generator_py[0m
[10.217s] [ 64%] [34m[1m/usr/bin/cmake;-version;/usr/bin/dotnet restore custom_message_unity_assembly_dotnetcore.csproj;          /usr/bin/dotnet build custom_message_unity_assembly_dotnetcore.csproj -> /home/osawakousei/ros2_ws/src/custom_message_unity/build/custom_message_unity/custom_message_unity_assembly[0m
[10.227s] [ 66%] [32m[1mLinking C shared library rosidl_generator_py/custom_message_unity/libcustom_message_unity__rosidl_generator_py.so[0m
[10.242s] [ 66%] Built target ament_cmake_python_build_custom_message_unity_egg
[10.411s] [ 68%] [32m[1mLinking C shared library rosidl_generator_cs/custom_message_unity/msg/libcustom_message_unity_custom_unity__rosidl_typesupport_fastrtps_c_native.so[0m
[10.413s] cmake version 3.22.1
[10.414s] 
[10.414s] CMake suite maintained and supported by Kitware (kitware.com/cmake).
[10.422s] [ 71%] Built target custom_message_unity__rosidl_generator_py
[10.480s] [35m[1mConsolidate compiler generated dependencies of target custom_message_unity__rosidl_typesupport_introspection_c__pyext[0m
[10.481s] [35m[1mConsolidate compiler generated dependencies of target custom_message_unity__rosidl_typesupport_c__pyext[0m
[10.481s] [35m[1mConsolidate compiler generated dependencies of target custom_message_unity__rosidl_typesupport_fastrtps_c__pyext[0m
[10.550s] [ 73%] [32m[1mLinking C shared library rosidl_generator_py/custom_message_unity/custom_message_unity_s__rosidl_typesupport_fastrtps_c.cpython-310-x86_64-linux-gnu.so[0m
[10.550s] [ 75%] [32m[1mLinking C shared library rosidl_generator_py/custom_message_unity/custom_message_unity_s__rosidl_typesupport_introspection_c.cpython-310-x86_64-linux-gnu.so[0m
[10.560s] [ 77%] [32m[1mLinking C shared library rosidl_generator_py/custom_message_unity/custom_message_unity_s__rosidl_typesupport_c.cpython-310-x86_64-linux-gnu.so[0m
[10.584s] [ 80%] Built target custom_message_unity_custom_unity__rosidl_typesupport_fastrtps_c
[10.698s] [ 84%] [32mBuilding C object CMakeFiles/custom_message_unity_custom_unity__rosidl_typesupport_introspection_c.dir/rosidl_generator_cs/custom_message_unity/msg/custom_unity_s.c.o[0m
[10.698s] [ 84%] [32mBuilding C object CMakeFiles/custom_message_unity_custom_unity__rosidl_typesupport_introspection_c.dir/rosidl_generator_cs/custom_message_unity/msg/custom_unity.ep.rosidl_typesupport_introspection_c.c.o[0m
[10.717s] [ 86%] [32mBuilding C object CMakeFiles/custom_message_unity_custom_unity__rosidl_typesupport_c.dir/rosidl_generator_cs/custom_message_unity/msg/custom_unity.ep.rosidl_typesupport_c.c.o[0m
[10.720s] [ 88%] [32mBuilding C object CMakeFiles/custom_message_unity_custom_unity__rosidl_typesupport_c.dir/rosidl_generator_cs/custom_message_unity/msg/custom_unity_s.c.o[0m
[10.760s] [ 91%] Built target custom_message_unity__rosidl_typesupport_c__pyext
[10.761s] [ 93%] Built target custom_message_unity__rosidl_typesupport_fastrtps_c__pyext
[10.763s] [ 95%] Built target custom_message_unity__rosidl_typesupport_introspection_c__pyext
[10.848s] [ 97%] [32m[1mLinking C shared library rosidl_generator_cs/custom_message_unity/msg/libcustom_message_unity_custom_unity__rosidl_typesupport_introspection_c_native.so[0m
[10.868s] [100%] [32m[1mLinking C shared library rosidl_generator_cs/custom_message_unity/msg/libcustom_message_unity_custom_unity__rosidl_typesupport_c_native.so[0m
[10.987s] [100%] Built target custom_message_unity_custom_unity__rosidl_typesupport_introspection_c
[11.009s] [100%] Built target custom_message_unity_custom_unity__rosidl_typesupport_c
[14.211s] [?1h=  Determining projects to restore...
[15.320s]   Restored /home/osawakousei/ros2_ws/src/custom_message_unity/build/custom_message_unity/custom_message_unity_assembly/custom_message_unity_assembly_dotnetcore.csproj (in 548 ms).
[16.426s] [?1h=.NET 向け Microsoft (R) Build Engine バージョン 17.0.1+b177f8fa7
[16.426s] Copyright (C) Microsoft Corporation.All rights reserved.
[16.427s] 
[18.412s]   Determining projects to restore...
[19.220s]   All projects are up-to-date for restore.
[23.582s]   custom_message_unity_assembly_dotnetcore -> /home/osawakousei/ros2_ws/src/custom_message_unity/build/custom_message_unity/netstandard2.0/custom_message_unity_assembly.dll
[23.606s] [39;49m[92m
[23.606s] ビルドに成功しました。
[23.607s] [39;49m    0 個の警告
[23.607s] [39;49m    0 エラー
[23.607s] [39;49m
[23.607s] 経過時間 00:00:06.52
[23.680s] [100%] Built target custom_message_unity_assembly
[23.726s] Invoked command in '/home/osawakousei/ros2_ws/src/custom_message_unity/build/custom_message_unity' returned '0': CMAKE_PREFIX_PATH=${CMAKE_PREFIX_PATH}:/opt/ros/humble /usr/bin/cmake --build /home/osawakousei/ros2_ws/src/custom_message_unity/build/custom_message_unity -- -j12 -l12
[24.466s] Invoking command in '/home/osawakousei/ros2_ws/src/custom_message_unity/build/custom_message_unity': CMAKE_PREFIX_PATH=${CMAKE_PREFIX_PATH}:/opt/ros/humble /usr/bin/cmake --install /home/osawakousei/ros2_ws/src/custom_message_unity/build/custom_message_unity
[24.517s] -- Install configuration: ""
[24.517s] -- Up-to-date: /home/osawakousei/ros2_ws/src/custom_message_unity/install/custom_message_unity/share/ament_index/resource_index/rosidl_interfaces/custom_message_unity
[24.517s] -- Up-to-date: /home/osawakousei/ros2_ws/src/custom_message_unity/install/custom_message_unity/include/custom_message_unity/custom_message_unity
[24.517s] -- Up-to-date: /home/osawakousei/ros2_ws/src/custom_message_unity/install/custom_message_unity/include/custom_message_unity/custom_message_unity/msg
[24.518s] -- Up-to-date: /home/osawakousei/ros2_ws/src/custom_message_unity/install/custom_message_unity/include/custom_message_unity/custom_message_unity/msg/rosidl_generator_c__visibility_control.h
[24.518s] -- Up-to-date: /home/osawakousei/ros2_ws/src/custom_message_unity/install/custom_message_unity/include/custom_message_unity/custom_message_unity/msg/detail
[24.518s] -- Up-to-date: /home/osawakousei/ros2_ws/src/custom_message_unity/install/custom_message_unity/include/custom_message_unity/custom_message_unity/msg/detail/custom_unity__struct.h
[24.518s] -- Up-to-date: /home/osawakousei/ros2_ws/src/custom_message_unity/install/custom_message_unity/include/custom_message_unity/custom_message_unity/msg/detail/custom_unity__type_support.h
[24.519s] -- Up-to-date: /home/osawakousei/ros2_ws/src/custom_message_unity/install/custom_message_unity/include/custom_message_unity/custom_message_unity/msg/detail/custom_unity__functions.c
[24.519s] -- Up-to-date: /home/osawakousei/ros2_ws/src/custom_message_unity/install/custom_message_unity/include/custom_message_unity/custom_message_unity/msg/detail/custom_unity__functions.h
[24.519s] -- Up-to-date: /home/osawakousei/ros2_ws/src/custom_message_unity/install/custom_message_unity/include/custom_message_unity/custom_message_unity/msg/custom_unity.h
[24.519s] -- Up-to-date: /home/osawakousei/ros2_ws/src/custom_message_unity/install/custom_message_unity/share/custom_message_unity/environment/library_path.sh
[24.519s] -- Installing: /home/osawakousei/ros2_ws/src/custom_message_unity/install/custom_message_unity/share/custom_message_unity/environment/library_path.dsv
[24.520s] -- Installing: /home/osawakousei/ros2_ws/src/custom_message_unity/install/custom_message_unity/lib/libcustom_message_unity__rosidl_generator_c.so
[24.522s] -- Set runtime path of "/home/osawakousei/ros2_ws/src/custom_message_unity/install/custom_message_unity/lib/libcustom_message_unity__rosidl_generator_c.so" to ""
[24.522s] -- Up-to-date: /home/osawakousei/ros2_ws/src/custom_message_unity/install/custom_message_unity/include/custom_message_unity/custom_message_unity
[24.522s] -- Up-to-date: /home/osawakousei/ros2_ws/src/custom_message_unity/install/custom_message_unity/include/custom_message_unity/custom_message_unity/msg
[24.523s] -- Up-to-date: /home/osawakousei/ros2_ws/src/custom_message_unity/install/custom_message_unity/include/custom_message_unity/custom_message_unity/msg/detail
[24.524s] -- Up-to-date: /home/osawakousei/ros2_ws/src/custom_message_unity/install/custom_message_unity/include/custom_message_unity/custom_message_unity/msg/detail/custom_unity__rosidl_typesupport_fastrtps_c.h
[24.525s] -- Up-to-date: /home/osawakousei/ros2_ws/src/custom_message_unity/install/custom_message_unity/include/custom_message_unity/custom_message_unity/msg/rosidl_typesupport_fastrtps_c__visibility_control.h
[24.525s] -- Installing: /home/osawakousei/ros2_ws/src/custom_message_unity/install/custom_message_unity/lib/libcustom_message_unity__rosidl_typesupport_fastrtps_c.so
[24.525s] -- Set runtime path of "/home/osawakousei/ros2_ws/src/custom_message_unity/install/custom_message_unity/lib/libcustom_message_unity__rosidl_typesupport_fastrtps_c.so" to ""
[24.526s] -- Up-to-date: /home/osawakousei/ros2_ws/src/custom_message_unity/install/custom_message_unity/include/custom_message_unity/custom_message_unity
[24.526s] -- Up-to-date: /home/osawakousei/ros2_ws/src/custom_message_unity/install/custom_message_unity/include/custom_message_unity/custom_message_unity/msg
[24.526s] -- Up-to-date: /home/osawakousei/ros2_ws/src/custom_message_unity/install/custom_message_unity/include/custom_message_unity/custom_message_unity/msg/custom_unity.hpp
[24.527s] -- Up-to-date: /home/osawakousei/ros2_ws/src/custom_message_unity/install/custom_message_unity/include/custom_message_unity/custom_message_unity/msg/detail
[24.527s] -- Up-to-date: /home/osawakousei/ros2_ws/src/custom_message_unity/install/custom_message_unity/include/custom_message_unity/custom_message_unity/msg/detail/custom_unity__builder.hpp
[24.527s] -- Up-to-date: /home/osawakousei/ros2_ws/src/custom_message_unity/install/custom_message_unity/include/custom_message_unity/custom_message_unity/msg/detail/custom_unity__struct.hpp
[24.527s] -- Up-to-date: /home/osawakousei/ros2_ws/src/custom_message_unity/install/custom_message_unity/include/custom_message_unity/custom_message_unity/msg/detail/custom_unity__traits.hpp
[24.528s] -- Up-to-date: /home/osawakousei/ros2_ws/src/custom_message_unity/install/custom_message_unity/include/custom_message_unity/custom_message_unity
[24.528s] -- Up-to-date: /home/osawakousei/ros2_ws/src/custom_message_unity/install/custom_message_unity/include/custom_message_unity/custom_message_unity/msg
[24.528s] -- Up-to-date: /home/osawakousei/ros2_ws/src/custom_message_unity/install/custom_message_unity/include/custom_message_unity/custom_message_unity/msg/rosidl_typesupport_fastrtps_cpp__visibility_control.h
[24.529s] -- Up-to-date: /home/osawakousei/ros2_ws/src/custom_message_unity/install/custom_message_unity/include/custom_message_unity/custom_message_unity/msg/detail
[24.529s] -- Up-to-date: /home/osawakousei/ros2_ws/src/custom_message_unity/install/custom_message_unity/include/custom_message_unity/custom_message_unity/msg/detail/custom_unity__rosidl_typesupport_fastrtps_cpp.hpp
[24.530s] -- Up-to-date: /home/osawakousei/ros2_ws/src/custom_message_unity/install/custom_message_unity/include/custom_message_unity/custom_message_unity/msg/detail/dds_fastrtps
[24.530s] -- Installing: /home/osawakousei/ros2_ws/src/custom_message_unity/install/custom_message_unity/lib/libcustom_message_unity__rosidl_typesupport_fastrtps_cpp.so
[24.530s] -- Set runtime path of "/home/osawakousei/ros2_ws/src/custom_message_unity/install/custom_message_unity/lib/libcustom_message_unity__rosidl_typesupport_fastrtps_cpp.so" to ""
[24.530s] -- Up-to-date: /home/osawakousei/ros2_ws/src/custom_message_unity/install/custom_message_unity/include/custom_message_unity/custom_message_unity
[24.530s] -- Up-to-date: /home/osawakousei/ros2_ws/src/custom_message_unity/install/custom_message_unity/include/custom_message_unity/custom_message_unity/msg
[24.531s] -- Up-to-date: /home/osawakousei/ros2_ws/src/custom_message_unity/install/custom_message_unity/include/custom_message_unity/custom_message_unity/msg/rosidl_typesupport_introspection_c__visibility_control.h
[24.531s] -- Up-to-date: /home/osawakousei/ros2_ws/src/custom_message_unity/install/custom_message_unity/include/custom_message_unity/custom_message_unity/msg/detail
[24.531s] -- Up-to-date: /home/osawakousei/ros2_ws/src/custom_message_unity/install/custom_message_unity/include/custom_message_unity/custom_message_unity/msg/detail/custom_unity__rosidl_typesupport_introspection_c.h
[24.531s] -- Up-to-date: /home/osawakousei/ros2_ws/src/custom_message_unity/install/custom_message_unity/include/custom_message_unity/custom_message_unity/msg/detail/custom_unity__type_support.c
[24.532s] -- Installing: /home/osawakousei/ros2_ws/src/custom_message_unity/install/custom_message_unity/lib/libcustom_message_unity__rosidl_typesupport_introspection_c.so
[24.532s] -- Set runtime path of "/home/osawakousei/ros2_ws/src/custom_message_unity/install/custom_message_unity/lib/libcustom_message_unity__rosidl_typesupport_introspection_c.so" to ""
[24.532s] -- Installing: /home/osawakousei/ros2_ws/src/custom_message_unity/install/custom_message_unity/lib/libcustom_message_unity__rosidl_typesupport_c.so
[24.532s] -- Set runtime path of "/home/osawakousei/ros2_ws/src/custom_message_unity/install/custom_message_unity/lib/libcustom_message_unity__rosidl_typesupport_c.so" to ""
[24.533s] -- Up-to-date: /home/osawakousei/ros2_ws/src/custom_message_unity/install/custom_message_unity/include/custom_message_unity/custom_message_unity
[24.533s] -- Up-to-date: /home/osawakousei/ros2_ws/src/custom_message_unity/install/custom_message_unity/include/custom_message_unity/custom_message_unity/msg
[24.533s] -- Up-to-date: /home/osawakousei/ros2_ws/src/custom_message_unity/install/custom_message_unity/include/custom_message_unity/custom_message_unity/msg/detail
[24.533s] -- Up-to-date: /home/osawakousei/ros2_ws/src/custom_message_unity/install/custom_message_unity/include/custom_message_unity/custom_message_unity/msg/detail/custom_unity__rosidl_typesupport_introspection_cpp.hpp
[24.533s] -- Up-to-date: /home/osawakousei/ros2_ws/src/custom_message_unity/install/custom_message_unity/include/custom_message_unity/custom_message_unity/msg/detail/custom_unity__type_support.cpp
[24.534s] -- Installing: /home/osawakousei/ros2_ws/src/custom_message_unity/install/custom_message_unity/lib/libcustom_message_unity__rosidl_typesupport_introspection_cpp.so
[24.534s] -- Set runtime path of "/home/osawakousei/ros2_ws/src/custom_message_unity/install/custom_message_unity/lib/libcustom_message_unity__rosidl_typesupport_introspection_cpp.so" to ""
[24.534s] -- Installing: /home/osawakousei/ros2_ws/src/custom_message_unity/install/custom_message_unity/lib/libcustom_message_unity__rosidl_typesupport_cpp.so
[24.534s] -- Set runtime path of "/home/osawakousei/ros2_ws/src/custom_message_unity/install/custom_message_unity/lib/libcustom_message_unity__rosidl_typesupport_cpp.so" to ""
[24.535s] -- Installing: /home/osawakousei/ros2_ws/src/custom_message_unity/install/custom_message_unity/lib/libcustom_message_unity_custom_unity__rosidl_typesupport_c_native.so
[24.536s] -- Set runtime path of "/home/osawakousei/ros2_ws/src/custom_message_unity/install/custom_message_unity/lib/libcustom_message_unity_custom_unity__rosidl_typesupport_c_native.so" to ""
[24.536s] -- Installing: /home/osawakousei/ros2_ws/src/custom_message_unity/install/custom_message_unity/lib/libcustom_message_unity_custom_unity__rosidl_typesupport_introspection_c_native.so
[24.537s] -- Set runtime path of "/home/osawakousei/ros2_ws/src/custom_message_unity/install/custom_message_unity/lib/libcustom_message_unity_custom_unity__rosidl_typesupport_introspection_c_native.so" to ""
[24.537s] -- Installing: /home/osawakousei/ros2_ws/src/custom_message_unity/install/custom_message_unity/lib/libcustom_message_unity_custom_unity__rosidl_typesupport_fastrtps_c_native.so
[24.538s] -- Set runtime path of "/home/osawakousei/ros2_ws/src/custom_message_unity/install/custom_message_unity/lib/libcustom_message_unity_custom_unity__rosidl_typesupport_fastrtps_c_native.so" to ""
[24.538s] -- Installing: /home/osawakousei/ros2_ws/src/custom_message_unity/install/custom_message_unity/lib/dotnet
[24.538s] -- Installing: /home/osawakousei/ros2_ws/src/custom_message_unity/install/custom_message_unity/lib/dotnet/custom_message_unity_assembly.dll
[24.539s] -- Installing: /home/osawakousei/ros2_ws/src/custom_message_unity/install/custom_message_unity/lib/dotnet/ros2cs_common.dll
[24.539s] -- Installing: /home/osawakousei/ros2_ws/src/custom_message_unity/install/custom_message_unity/lib/dotnet/custom_message_unity_assembly.deps.json
[24.539s] -- Up-to-date: /home/osawakousei/ros2_ws/src/custom_message_unity/install/custom_message_unity/share/custom_message_unity/environment/pythonpath.sh
[24.540s] -- Installing: /home/osawakousei/ros2_ws/src/custom_message_unity/install/custom_message_unity/share/custom_message_unity/environment/pythonpath.dsv
[24.540s] -- Up-to-date: /home/osawakousei/ros2_ws/src/custom_message_unity/install/custom_message_unity/local/lib/python3.10/dist-packages/custom_message_unity-0.0.0-py3.10.egg-info
[24.540s] -- Installing: /home/osawakousei/ros2_ws/src/custom_message_unity/install/custom_message_unity/local/lib/python3.10/dist-packages/custom_message_unity-0.0.0-py3.10.egg-info/top_level.txt
[24.540s] -- Installing: /home/osawakousei/ros2_ws/src/custom_message_unity/install/custom_message_unity/local/lib/python3.10/dist-packages/custom_message_unity-0.0.0-py3.10.egg-info/SOURCES.txt
[24.541s] -- Installing: /home/osawakousei/ros2_ws/src/custom_message_unity/install/custom_message_unity/local/lib/python3.10/dist-packages/custom_message_unity-0.0.0-py3.10.egg-info/dependency_links.txt
[24.541s] -- Installing: /home/osawakousei/ros2_ws/src/custom_message_unity/install/custom_message_unity/local/lib/python3.10/dist-packages/custom_message_unity-0.0.0-py3.10.egg-info/PKG-INFO
[24.541s] -- Up-to-date: /home/osawakousei/ros2_ws/src/custom_message_unity/install/custom_message_unity/local/lib/python3.10/dist-packages/custom_message_unity
[24.541s] -- Up-to-date: /home/osawakousei/ros2_ws/src/custom_message_unity/install/custom_message_unity/local/lib/python3.10/dist-packages/custom_message_unity/_custom_message_unity_s.ep.rosidl_typesupport_fastrtps_c.c
[24.542s] -- Installing: /home/osawakousei/ros2_ws/src/custom_message_unity/install/custom_message_unity/local/lib/python3.10/dist-packages/custom_message_unity/custom_message_unity_s__rosidl_typesupport_fastrtps_c.cpython-310-x86_64-linux-gnu.so
[24.542s] -- Installing: /home/osawakousei/ros2_ws/src/custom_message_unity/install/custom_message_unity/local/lib/python3.10/dist-packages/custom_message_unity/custom_message_unity_s__rosidl_typesupport_introspection_c.cpython-310-x86_64-linux-gnu.so
[24.542s] -- Up-to-date: /home/osawakousei/ros2_ws/src/custom_message_unity/install/custom_message_unity/local/lib/python3.10/dist-packages/custom_message_unity/_custom_message_unity_s.ep.rosidl_typesupport_c.c
[24.543s] -- Up-to-date: /home/osawakousei/ros2_ws/src/custom_message_unity/install/custom_message_unity/local/lib/python3.10/dist-packages/custom_message_unity/_custom_message_unity_s.ep.rosidl_typesupport_introspection_c.c
[24.543s] -- Installing: /home/osawakousei/ros2_ws/src/custom_message_unity/install/custom_message_unity/local/lib/python3.10/dist-packages/custom_message_unity/__init__.py
[24.543s] -- Installing: /home/osawakousei/ros2_ws/src/custom_message_unity/install/custom_message_unity/local/lib/python3.10/dist-packages/custom_message_unity/libcustom_message_unity__rosidl_generator_py.so
[24.543s] -- Up-to-date: /home/osawakousei/ros2_ws/src/custom_message_unity/install/custom_message_unity/local/lib/python3.10/dist-packages/custom_message_unity/msg
[24.543s] -- Up-to-date: /home/osawakousei/ros2_ws/src/custom_message_unity/install/custom_message_unity/local/lib/python3.10/dist-packages/custom_message_unity/msg/_custom_unity_s.c
[24.544s] -- Up-to-date: /home/osawakousei/ros2_ws/src/custom_message_unity/install/custom_message_unity/local/lib/python3.10/dist-packages/custom_message_unity/msg/_custom_unity.py
[24.544s] -- Up-to-date: /home/osawakousei/ros2_ws/src/custom_message_unity/install/custom_message_unity/local/lib/python3.10/dist-packages/custom_message_unity/msg/__init__.py
[24.544s] -- Installing: /home/osawakousei/ros2_ws/src/custom_message_unity/install/custom_message_unity/local/lib/python3.10/dist-packages/custom_message_unity/custom_message_unity_s__rosidl_typesupport_c.cpython-310-x86_64-linux-gnu.so
[24.678s] Listing '/home/osawakousei/ros2_ws/src/custom_message_unity/install/custom_message_unity/local/lib/python3.10/dist-packages/custom_message_unity'...
[24.679s] Compiling '/home/osawakousei/ros2_ws/src/custom_message_unity/install/custom_message_unity/local/lib/python3.10/dist-packages/custom_message_unity/__init__.py'...
[24.679s] Listing '/home/osawakousei/ros2_ws/src/custom_message_unity/install/custom_message_unity/local/lib/python3.10/dist-packages/custom_message_unity/msg'...
[24.683s] -- Installing: /home/osawakousei/ros2_ws/src/custom_message_unity/install/custom_message_unity/local/lib/python3.10/dist-packages/custom_message_unity/custom_message_unity_s__rosidl_typesupport_fastrtps_c.cpython-310-x86_64-linux-gnu.so
[24.686s] -- Set runtime path of "/home/osawakousei/ros2_ws/src/custom_message_unity/install/custom_message_unity/local/lib/python3.10/dist-packages/custom_message_unity/custom_message_unity_s__rosidl_typesupport_fastrtps_c.cpython-310-x86_64-linux-gnu.so" to ""
[24.687s] -- Installing: /home/osawakousei/ros2_ws/src/custom_message_unity/install/custom_message_unity/local/lib/python3.10/dist-packages/custom_message_unity/custom_message_unity_s__rosidl_typesupport_introspection_c.cpython-310-x86_64-linux-gnu.so
[24.688s] -- Set runtime path of "/home/osawakousei/ros2_ws/src/custom_message_unity/install/custom_message_unity/local/lib/python3.10/dist-packages/custom_message_unity/custom_message_unity_s__rosidl_typesupport_introspection_c.cpython-310-x86_64-linux-gnu.so" to ""
[24.691s] -- Installing: /home/osawakousei/ros2_ws/src/custom_message_unity/install/custom_message_unity/local/lib/python3.10/dist-packages/custom_message_unity/custom_message_unity_s__rosidl_typesupport_c.cpython-310-x86_64-linux-gnu.so
[24.693s] -- Set runtime path of "/home/osawakousei/ros2_ws/src/custom_message_unity/install/custom_message_unity/local/lib/python3.10/dist-packages/custom_message_unity/custom_message_unity_s__rosidl_typesupport_c.cpython-310-x86_64-linux-gnu.so" to ""
[24.693s] -- Installing: /home/osawakousei/ros2_ws/src/custom_message_unity/install/custom_message_unity/lib/libcustom_message_unity__rosidl_generator_py.so
[24.694s] -- Set runtime path of "/home/osawakousei/ros2_ws/src/custom_message_unity/install/custom_message_unity/lib/libcustom_message_unity__rosidl_generator_py.so" to ""
[24.694s] -- Up-to-date: /home/osawakousei/ros2_ws/src/custom_message_unity/install/custom_message_unity/share/custom_message_unity/msg/CustomUnity.idl
[24.694s] -- Up-to-date: /home/osawakousei/ros2_ws/src/custom_message_unity/install/custom_message_unity/share/custom_message_unity/msg/CustomUnity.msg
[24.695s] -- Up-to-date: /home/osawakousei/ros2_ws/src/custom_message_unity/install/custom_message_unity/share/ament_index/resource_index/package_run_dependencies/custom_message_unity
[24.695s] -- Installing: /home/osawakousei/ros2_ws/src/custom_message_unity/install/custom_message_unity/share/ament_index/resource_index/parent_prefix_path/custom_message_unity
[24.696s] -- Up-to-date: /home/osawakousei/ros2_ws/src/custom_message_unity/install/custom_message_unity/share/custom_message_unity/environment/ament_prefix_path.sh
[24.696s] -- Installing: /home/osawakousei/ros2_ws/src/custom_message_unity/install/custom_message_unity/share/custom_message_unity/environment/ament_prefix_path.dsv
[24.696s] -- Up-to-date: /home/osawakousei/ros2_ws/src/custom_message_unity/install/custom_message_unity/share/custom_message_unity/environment/path.sh
[24.697s] -- Installing: /home/osawakousei/ros2_ws/src/custom_message_unity/install/custom_message_unity/share/custom_message_unity/environment/path.dsv
[24.697s] -- Up-to-date: /home/osawakousei/ros2_ws/src/custom_message_unity/install/custom_message_unity/share/custom_message_unity/local_setup.bash
[24.698s] -- Up-to-date: /home/osawakousei/ros2_ws/src/custom_message_unity/install/custom_message_unity/share/custom_message_unity/local_setup.sh
[24.698s] -- Up-to-date: /home/osawakousei/ros2_ws/src/custom_message_unity/install/custom_message_unity/share/custom_message_unity/local_setup.zsh
[24.699s] -- Installing: /home/osawakousei/ros2_ws/src/custom_message_unity/install/custom_message_unity/share/custom_message_unity/local_setup.dsv
[24.699s] -- Installing: /home/osawakousei/ros2_ws/src/custom_message_unity/install/custom_message_unity/share/custom_message_unity/package.dsv
[24.699s] -- Up-to-date: /home/osawakousei/ros2_ws/src/custom_message_unity/install/custom_message_unity/share/ament_index/resource_index/packages/custom_message_unity
[24.699s] -- Up-to-date: /home/osawakousei/ros2_ws/src/custom_message_unity/install/custom_message_unity/share/custom_message_unity/cmake/export_custom_message_unity__rosidl_generator_cExport.cmake
[24.700s] -- Up-to-date: /home/osawakousei/ros2_ws/src/custom_message_unity/install/custom_message_unity/share/custom_message_unity/cmake/export_custom_message_unity__rosidl_generator_cExport-noconfig.cmake
[24.700s] -- Up-to-date: /home/osawakousei/ros2_ws/src/custom_message_unity/install/custom_message_unity/share/custom_message_unity/cmake/export_custom_message_unity__rosidl_typesupport_fastrtps_cExport.cmake
[24.700s] -- Up-to-date: /home/osawakousei/ros2_ws/src/custom_message_unity/install/custom_message_unity/share/custom_message_unity/cmake/export_custom_message_unity__rosidl_typesupport_fastrtps_cExport-noconfig.cmake
[24.701s] -- Up-to-date: /home/osawakousei/ros2_ws/src/custom_message_unity/install/custom_message_unity/share/custom_message_unity/cmake/export_custom_message_unity__rosidl_generator_cppExport.cmake
[24.701s] -- Up-to-date: /home/osawakousei/ros2_ws/src/custom_message_unity/install/custom_message_unity/share/custom_message_unity/cmake/export_custom_message_unity__rosidl_typesupport_fastrtps_cppExport.cmake
[24.701s] -- Up-to-date: /home/osawakousei/ros2_ws/src/custom_message_unity/install/custom_message_unity/share/custom_message_unity/cmake/export_custom_message_unity__rosidl_typesupport_fastrtps_cppExport-noconfig.cmake
[24.702s] -- Up-to-date: /home/osawakousei/ros2_ws/src/custom_message_unity/install/custom_message_unity/share/custom_message_unity/cmake/custom_message_unity__rosidl_typesupport_introspection_cExport.cmake
[24.702s] -- Up-to-date: /home/osawakousei/ros2_ws/src/custom_message_unity/install/custom_message_unity/share/custom_message_unity/cmake/custom_message_unity__rosidl_typesupport_introspection_cExport-noconfig.cmake
[24.703s] -- Up-to-date: /home/osawakousei/ros2_ws/src/custom_message_unity/install/custom_message_unity/share/custom_message_unity/cmake/custom_message_unity__rosidl_typesupport_cExport.cmake
[24.703s] -- Up-to-date: /home/osawakousei/ros2_ws/src/custom_message_unity/install/custom_message_unity/share/custom_message_unity/cmake/custom_message_unity__rosidl_typesupport_cExport-noconfig.cmake
[24.703s] -- Up-to-date: /home/osawakousei/ros2_ws/src/custom_message_unity/install/custom_message_unity/share/custom_message_unity/cmake/custom_message_unity__rosidl_typesupport_introspection_cppExport.cmake
[24.703s] -- Up-to-date: /home/osawakousei/ros2_ws/src/custom_message_unity/install/custom_message_unity/share/custom_message_unity/cmake/custom_message_unity__rosidl_typesupport_introspection_cppExport-noconfig.cmake
[24.704s] -- Up-to-date: /home/osawakousei/ros2_ws/src/custom_message_unity/install/custom_message_unity/share/custom_message_unity/cmake/custom_message_unity__rosidl_typesupport_cppExport.cmake
[24.704s] -- Up-to-date: /home/osawakousei/ros2_ws/src/custom_message_unity/install/custom_message_unity/share/custom_message_unity/cmake/custom_message_unity__rosidl_typesupport_cppExport-noconfig.cmake
[24.705s] -- Up-to-date: /home/osawakousei/ros2_ws/src/custom_message_unity/install/custom_message_unity/share/custom_message_unity/cmake/export_custom_message_unity__rosidl_generator_pyExport.cmake
[24.705s] -- Up-to-date: /home/osawakousei/ros2_ws/src/custom_message_unity/install/custom_message_unity/share/custom_message_unity/cmake/export_custom_message_unity__rosidl_generator_pyExport-noconfig.cmake
[24.705s] -- Up-to-date: /home/osawakousei/ros2_ws/src/custom_message_unity/install/custom_message_unity/share/custom_message_unity/cmake/rosidl_cmake-extras.cmake
[24.706s] -- Up-to-date: /home/osawakousei/ros2_ws/src/custom_message_unity/install/custom_message_unity/share/custom_message_unity/cmake/ament_cmake_export_include_directories-extras.cmake
[24.706s] -- Up-to-date: /home/osawakousei/ros2_ws/src/custom_message_unity/install/custom_message_unity/share/custom_message_unity/cmake/ament_cmake_export_libraries-extras.cmake
[24.706s] -- Up-to-date: /home/osawakousei/ros2_ws/src/custom_message_unity/install/custom_message_unity/share/custom_message_unity/cmake/ament_cmake_export_targets-extras.cmake
[24.706s] -- Up-to-date: /home/osawakousei/ros2_ws/src/custom_message_unity/install/custom_message_unity/share/custom_message_unity/cmake/rosidl_cmake_export_typesupport_targets-extras.cmake
[24.707s] -- Installing: /home/osawakousei/ros2_ws/src/custom_message_unity/install/custom_message_unity/share/custom_message_unity/cmake/ament_cmake_export_dependencies-extras.cmake
[24.707s] -- Up-to-date: /home/osawakousei/ros2_ws/src/custom_message_unity/install/custom_message_unity/share/custom_message_unity/cmake/rosidl_cmake_export_typesupport_libraries-extras.cmake
[24.708s] -- Installing: /home/osawakousei/ros2_ws/src/custom_message_unity/install/custom_message_unity/share/custom_message_unity/cmake/ament_cmake_export_assemblies-extras.cmake
[24.708s] -- Installing: /home/osawakousei/ros2_ws/src/custom_message_unity/install/custom_message_unity/share/custom_message_unity/cmake/custom_message_unityConfig.cmake
[24.708s] -- Up-to-date: /home/osawakousei/ros2_ws/src/custom_message_unity/install/custom_message_unity/share/custom_message_unity/cmake/custom_message_unityConfig-version.cmake
[24.709s] -- Installing: /home/osawakousei/ros2_ws/src/custom_message_unity/install/custom_message_unity/share/custom_message_unity/package.xml
[24.714s] Invoked command in '/home/osawakousei/ros2_ws/src/custom_message_unity/build/custom_message_unity' returned '0': CMAKE_PREFIX_PATH=${CMAKE_PREFIX_PATH}:/opt/ros/humble /usr/bin/cmake --install /home/osawakousei/ros2_ws/src/custom_message_unity/build/custom_message_unity
