[0.175s] Invoking command in '/home/osawakousei/ros2_ws/src/build/cpp_server_client': CMAKE_PREFIX_PATH=${CMAKE_PREFIX_PATH}:/opt/ros/humble /usr/bin/cmake /home/osawakousei/ros2_ws/src/cpp_server_client -DCMAKE_INSTALL_PREFIX=/home/osawakousei/ros2_ws/src/install/cpp_server_client
[0.388s] -- The C compiler identification is GNU 11.4.0
[0.580s] -- The CXX compiler identification is GNU 11.4.0
[0.604s] -- Detecting C compiler ABI info
[0.866s] -- Detecting C compiler ABI info - done
[0.887s] -- Check for working C compiler: /usr/bin/cc - skipped
[0.888s] -- Detecting C compile features
[0.889s] -- Detecting C compile features - done
[0.897s] -- Detecting CXX compiler ABI info
[1.182s] -- Detecting CXX compiler ABI info - done
[1.203s] -- Check for working CXX compiler: /usr/bin/c++ - skipped
[1.203s] -- Detecting CXX compile features
[1.205s] -- Detecting CXX compile features - done
[1.222s] -- Found ament_cmake: 1.3.5 (/opt/ros/humble/share/ament_cmake/cmake)
[1.941s] -- Found Python3: /usr/bin/python3.10 (found version "3.10.12") found components: Interpreter 
[2.362s] -- Found rclcpp: 16.0.6 (/opt/ros/humble/share/rclcpp/cmake)
[2.581s] -- Found rosidl_generator_c: 3.1.5 (/opt/ros/humble/share/rosidl_generator_c/cmake)
[2.614s] -- Found rosidl_adapter: 3.1.5 (/opt/ros/humble/share/rosidl_adapter/cmake)
[2.659s] -- Found rosidl_generator_cpp: 3.1.5 (/opt/ros/humble/share/rosidl_generator_cpp/cmake)
[2.724s] -- Using all available rosidl_typesupport_c: rosidl_typesupport_fastrtps_c;rosidl_typesupport_introspection_c
[2.810s] -- Using all available rosidl_typesupport_cpp: rosidl_typesupport_fastrtps_cpp;rosidl_typesupport_introspection_cpp
[3.122s] -- Found rmw_implementation_cmake: 6.1.1 (/opt/ros/humble/share/rmw_implementation_cmake/cmake)
[3.140s] -- Found rmw_fastrtps_cpp: 6.2.4 (/opt/ros/humble/share/rmw_fastrtps_cpp/cmake)
[3.645s] -- Found OpenSSL: /usr/lib/x86_64-linux-gnu/libcrypto.so (found version "3.0.2")  
[3.735s] -- Found FastRTPS: /opt/ros/humble/include  
[3.907s] -- Using RMW implementation 'rmw_fastrtps_cpp' as default
[4.023s] -- Looking for pthread.h
[4.337s] -- Looking for pthread.h - found
[4.340s] -- Performing Test CMAKE_HAVE_LIBC_PTHREAD
[4.652s] -- Performing Test CMAKE_HAVE_LIBC_PTHREAD - Success
[4.656s] -- Found Threads: TRUE  
[5.232s] -- Found rosidl_default_generators: 1.2.0 (/opt/ros/humble/share/rosidl_default_generators/cmake)
[5.290s] -- Found ament_lint_auto: 0.12.8 (/opt/ros/humble/share/ament_lint_auto/cmake)
[6.355s] -- Found ament_cmake_ros: 0.10.0 (/opt/ros/humble/share/ament_cmake_ros/cmake)
[7.613s] -- Using all available rosidl_typesupport_c: rosidl_typesupport_fastrtps_c;rosidl_typesupport_introspection_c
[8.349s] -- Using all available rosidl_typesupport_cpp: rosidl_typesupport_fastrtps_cpp;rosidl_typesupport_introspection_cpp
[8.527s] -- Found PythonInterp: /usr/bin/python3 (found suitable version "3.10.12", minimum required is "3.6") 
[8.552s] -- Found python_cmake_module: 0.10.0 (/opt/ros/humble/share/python_cmake_module/cmake)
[8.783s] -- Found PythonLibs: /usr/lib/x86_64-linux-gnu/libpython3.10.so (found suitable version "3.10.12", minimum required is "3.5") 
[8.783s] -- Using PYTHON_EXECUTABLE: /usr/bin/python3
[8.783s] -- Using PYTHON_INCLUDE_DIRS: /usr/include/python3.10
[8.784s] -- Using PYTHON_LIBRARIES: /usr/lib/x86_64-linux-gnu/libpython3.10.so
[8.980s] -- Found PythonExtra: .so  
[10.109s] -- Added test 'cppcheck' to perform static code analysis on C / C++ code
[10.111s] -- Configured cppcheck include dirs: 
[10.111s] -- Configured cppcheck exclude dirs and/or files: 
[10.175s] -- Added test 'flake8' to check Python code syntax and style conventions
[10.292s] -- Added test 'lint_cmake' to check CMake code style
[10.340s] -- Added test 'pep257' to check Python code against some of the docstring style conventions in PEP 257
[10.756s] -- Added test 'uncrustify' to check C / C++ code style
[10.757s] -- Configured uncrustify additional arguments: 
[10.839s] -- Added test 'xmllint' to check XML markup files
[10.908s] -- Configuring done
[11.217s] -- Generating done
[11.231s] -- Build files have been written to: /home/osawakousei/ros2_ws/src/build/cpp_server_client
[11.289s] Invoked command in '/home/osawakousei/ros2_ws/src/build/cpp_server_client' returned '0': CMAKE_PREFIX_PATH=${CMAKE_PREFIX_PATH}:/opt/ros/humble /usr/bin/cmake /home/osawakousei/ros2_ws/src/cpp_server_client -DCMAKE_INSTALL_PREFIX=/home/osawakousei/ros2_ws/src/install/cpp_server_client
[11.309s] Invoking command in '/home/osawakousei/ros2_ws/src/build/cpp_server_client': CMAKE_PREFIX_PATH=${CMAKE_PREFIX_PATH}:/opt/ros/humble /usr/bin/cmake --build /home/osawakousei/ros2_ws/src/build/cpp_server_client -- -j8 -l8
[11.838s] [  2%] [34m[1mGenerating C code for ROS interfaces[0m
[11.969s] [  5%] [34m[1mGenerating C++ code for ROS interfaces[0m
[12.019s] [  5%] Built target ament_cmake_python_copy_cpp_server_client
[13.483s] [  5%] Built target cpp_server_client__cpp
[13.554s] [  8%] [34m[1mGenerating C++ type support dispatch for ROS interfaces[0m
[13.646s] [ 11%] [34m[1mGenerating C++ type support for eProsima Fast-RTPS[0m
[13.686s] [ 14%] [34m[1mGenerating C++ introspection for ROS interfaces[0m
[13.699s] [ 17%] [32mBuilding C object CMakeFiles/cpp_server_client__rosidl_generator_c.dir/rosidl_generator_c/cpp_server_client/srv/detail/practice_srv__functions.c.o[0m
[14.352s] [ 20%] [32m[1mLinking C shared library libcpp_server_client__rosidl_generator_c.so[0m
[15.009s] [ 20%] Built target cpp_server_client__rosidl_generator_c
[15.153s] [ 22%] [34m[1mGenerating C type support for eProsima Fast-RTPS[0m
[15.167s] [ 25%] [34m[1mGenerating C introspection for ROS interfaces[0m
[15.206s] running egg_info
[15.208s] creating cpp_server_client.egg-info
[15.233s] writing cpp_server_client.egg-info/PKG-INFO
[15.233s] writing dependency_links to cpp_server_client.egg-info/dependency_links.txt
[15.233s] writing top-level names to cpp_server_client.egg-info/top_level.txt
[15.234s] writing manifest file 'cpp_server_client.egg-info/SOURCES.txt'
[15.303s] [ 28%] [34m[1mGenerating C type support dispatch for ROS interfaces[0m
[15.303s] reading manifest file 'cpp_server_client.egg-info/SOURCES.txt'
[15.303s] writing manifest file 'cpp_server_client.egg-info/SOURCES.txt'
[15.508s] [ 28%] Built target ament_cmake_python_build_cpp_server_client_egg
[15.616s] [ 31%] [32mBuilding CXX object CMakeFiles/cpp_server_client__rosidl_typesupport_cpp.dir/rosidl_typesupport_cpp/cpp_server_client/srv/practice_srv__type_support.cpp.o[0m
[16.031s] [ 34%] [32mBuilding CXX object CMakeFiles/cpp_server_client__rosidl_typesupport_fastrtps_cpp.dir/rosidl_typesupport_fastrtps_cpp/cpp_server_client/srv/detail/dds_fastrtps/practice_srv__type_support.cpp.o[0m
[16.088s] [ 37%] [32mBuilding CXX object CMakeFiles/cpp_server_client__rosidl_typesupport_introspection_cpp.dir/rosidl_typesupport_introspection_cpp/cpp_server_client/srv/detail/practice_srv__type_support.cpp.o[0m
[16.814s] [ 40%] [32mBuilding CXX object CMakeFiles/cpp_server_client__rosidl_typesupport_fastrtps_c.dir/rosidl_typesupport_fastrtps_c/cpp_server_client/srv/detail/practice_srv__type_support_c.cpp.o[0m
[17.361s] [ 42%] [32mBuilding CXX object CMakeFiles/cpp_server_client__rosidl_typesupport_c.dir/rosidl_typesupport_c/cpp_server_client/srv/practice_srv__type_support.cpp.o[0m
[17.720s] [ 45%] [32mBuilding C object CMakeFiles/cpp_server_client__rosidl_typesupport_introspection_c.dir/rosidl_typesupport_introspection_c/cpp_server_client/srv/detail/practice_srv__type_support.c.o[0m
[17.893s] [ 48%] [32m[1mLinking CXX shared library libcpp_server_client__rosidl_typesupport_c.so[0m
[18.057s] [ 51%] [32m[1mLinking C shared library libcpp_server_client__rosidl_typesupport_introspection_c.so[0m
[18.301s] [ 51%] Built target cpp_server_client__rosidl_typesupport_c
[18.421s] [ 54%] [32m[1mLinking CXX shared library libcpp_server_client__rosidl_typesupport_cpp.so[0m
[18.508s] [ 54%] Built target cpp_server_client__rosidl_typesupport_introspection_c
[18.813s] [ 54%] Built target cpp_server_client__rosidl_typesupport_cpp
[19.023s] [ 57%] [32mBuilding CXX object CMakeFiles/practice_server_node.dir/src/server_node.cpp.o[0m
[19.035s] [ 60%] [32mBuilding CXX object CMakeFiles/practice_client_node.dir/src/client_node.cpp.o[0m
[19.036s] [ 62%] [32m[1mLinking CXX shared library libcpp_server_client__rosidl_typesupport_introspection_cpp.so[0m
[19.307s] [ 65%] [32m[1mLinking CXX shared library libcpp_server_client__rosidl_typesupport_fastrtps_c.so[0m
[19.365s] [ 65%] Built target cpp_server_client__rosidl_typesupport_introspection_cpp
[19.405s] [ 68%] [32m[1mLinking CXX shared library libcpp_server_client__rosidl_typesupport_fastrtps_cpp.so[0m
[19.606s] [ 68%] Built target cpp_server_client__rosidl_typesupport_fastrtps_c
[19.710s] [ 68%] Built target cpp_server_client__rosidl_typesupport_fastrtps_cpp
[19.875s] [ 68%] Built target cpp_server_client
[20.196s] [ 71%] [34m[1mGenerating Python code for ROS interfaces[0m
[21.770s] [ 71%] Built target cpp_server_client__py
[21.971s] [ 74%] [32mBuilding C object CMakeFiles/cpp_server_client__rosidl_generator_py.dir/rosidl_generator_py/cpp_server_client/srv/_practice_srv_s.c.o[0m
[23.273s] [ 77%] [32m[1mLinking C shared library rosidl_generator_py/cpp_server_client/libcpp_server_client__rosidl_generator_py.so[0m
[23.668s] [ 77%] Built target cpp_server_client__rosidl_generator_py
[23.851s] [ 80%] [32mBuilding C object CMakeFiles/cpp_server_client__rosidl_typesupport_introspection_c__pyext.dir/rosidl_generator_py/cpp_server_client/_cpp_server_client_s.ep.rosidl_typesupport_introspection_c.c.o[0m
[23.863s] [ 82%] [32mBuilding C object CMakeFiles/cpp_server_client__rosidl_typesupport_c__pyext.dir/rosidl_generator_py/cpp_server_client/_cpp_server_client_s.ep.rosidl_typesupport_c.c.o[0m
[23.888s] [ 85%] [32mBuilding C object CMakeFiles/cpp_server_client__rosidl_typesupport_fastrtps_c__pyext.dir/rosidl_generator_py/cpp_server_client/_cpp_server_client_s.ep.rosidl_typesupport_fastrtps_c.c.o[0m
[24.761s] [ 88%] [32m[1mLinking C shared library rosidl_generator_py/cpp_server_client/cpp_server_client_s__rosidl_typesupport_c.cpython-310-x86_64-linux-gnu.so[0m
[24.793s] [ 91%] [32m[1mLinking C shared library rosidl_generator_py/cpp_server_client/cpp_server_client_s__rosidl_typesupport_introspection_c.cpython-310-x86_64-linux-gnu.so[0m
[24.799s] [ 94%] [32m[1mLinking C shared library rosidl_generator_py/cpp_server_client/cpp_server_client_s__rosidl_typesupport_fastrtps_c.cpython-310-x86_64-linux-gnu.so[0m
[25.098s] [ 94%] Built target cpp_server_client__rosidl_typesupport_introspection_c__pyext
[25.132s] [ 94%] Built target cpp_server_client__rosidl_typesupport_c__pyext
[25.245s] [ 94%] Built target cpp_server_client__rosidl_typesupport_fastrtps_c__pyext
[42.811s] [ 97%] [32m[1mLinking CXX executable practice_server_node[0m
[43.184s] [100%] [32m[1mLinking CXX executable practice_client_node[0m
[43.461s] [100%] Built target practice_server_node
[43.858s] [100%] Built target practice_client_node
[43.913s] Invoked command in '/home/osawakousei/ros2_ws/src/build/cpp_server_client' returned '0': CMAKE_PREFIX_PATH=${CMAKE_PREFIX_PATH}:/opt/ros/humble /usr/bin/cmake --build /home/osawakousei/ros2_ws/src/build/cpp_server_client -- -j8 -l8
[44.669s] Invoking command in '/home/osawakousei/ros2_ws/src/build/cpp_server_client': CMAKE_PREFIX_PATH=${CMAKE_PREFIX_PATH}:/opt/ros/humble /usr/bin/cmake --install /home/osawakousei/ros2_ws/src/build/cpp_server_client
[44.719s] -- Install configuration: ""
[44.721s] -- Installing: /home/osawakousei/ros2_ws/src/install/cpp_server_client/share/ament_index/resource_index/rosidl_interfaces/cpp_server_client
[44.722s] -- Installing: /home/osawakousei/ros2_ws/src/install/cpp_server_client/include/cpp_server_client/cpp_server_client
[44.724s] -- Installing: /home/osawakousei/ros2_ws/src/install/cpp_server_client/include/cpp_server_client/cpp_server_client/srv
[44.771s] -- Installing: /home/osawakousei/ros2_ws/src/install/cpp_server_client/include/cpp_server_client/cpp_server_client/srv/practice_srv.h
[44.772s] -- Installing: /home/osawakousei/ros2_ws/src/install/cpp_server_client/include/cpp_server_client/cpp_server_client/srv/detail
[44.773s] -- Installing: /home/osawakousei/ros2_ws/src/install/cpp_server_client/include/cpp_server_client/cpp_server_client/srv/detail/practice_srv__struct.h
[44.774s] -- Installing: /home/osawakousei/ros2_ws/src/install/cpp_server_client/include/cpp_server_client/cpp_server_client/srv/detail/practice_srv__functions.c
[44.775s] -- Installing: /home/osawakousei/ros2_ws/src/install/cpp_server_client/include/cpp_server_client/cpp_server_client/srv/detail/practice_srv__functions.h
[44.776s] -- Installing: /home/osawakousei/ros2_ws/src/install/cpp_server_client/include/cpp_server_client/cpp_server_client/srv/detail/practice_srv__type_support.h
[44.777s] -- Installing: /home/osawakousei/ros2_ws/src/install/cpp_server_client/include/cpp_server_client/cpp_server_client/msg
[44.778s] -- Installing: /home/osawakousei/ros2_ws/src/install/cpp_server_client/include/cpp_server_client/cpp_server_client/msg/rosidl_generator_c__visibility_control.h
[44.780s] -- Installing: /home/osawakousei/ros2_ws/src/install/cpp_server_client/share/cpp_server_client/environment/library_path.sh
[44.781s] -- Installing: /home/osawakousei/ros2_ws/src/install/cpp_server_client/share/cpp_server_client/environment/library_path.dsv
[44.782s] -- Installing: /home/osawakousei/ros2_ws/src/install/cpp_server_client/lib/libcpp_server_client__rosidl_generator_c.so
[44.786s] -- Set runtime path of "/home/osawakousei/ros2_ws/src/install/cpp_server_client/lib/libcpp_server_client__rosidl_generator_c.so" to ""
[44.787s] -- Up-to-date: /home/osawakousei/ros2_ws/src/install/cpp_server_client/include/cpp_server_client/cpp_server_client
[44.789s] -- Up-to-date: /home/osawakousei/ros2_ws/src/install/cpp_server_client/include/cpp_server_client/cpp_server_client/srv
[44.789s] -- Up-to-date: /home/osawakousei/ros2_ws/src/install/cpp_server_client/include/cpp_server_client/cpp_server_client/srv/detail
[44.789s] -- Installing: /home/osawakousei/ros2_ws/src/install/cpp_server_client/include/cpp_server_client/cpp_server_client/srv/detail/practice_srv__rosidl_typesupport_fastrtps_c.h
[44.789s] -- Up-to-date: /home/osawakousei/ros2_ws/src/install/cpp_server_client/include/cpp_server_client/cpp_server_client/msg
[44.790s] -- Installing: /home/osawakousei/ros2_ws/src/install/cpp_server_client/include/cpp_server_client/cpp_server_client/msg/rosidl_typesupport_fastrtps_c__visibility_control.h
[44.792s] -- Installing: /home/osawakousei/ros2_ws/src/install/cpp_server_client/lib/libcpp_server_client__rosidl_typesupport_fastrtps_c.so
[44.794s] -- Set runtime path of "/home/osawakousei/ros2_ws/src/install/cpp_server_client/lib/libcpp_server_client__rosidl_typesupport_fastrtps_c.so" to ""
[44.795s] -- Up-to-date: /home/osawakousei/ros2_ws/src/install/cpp_server_client/include/cpp_server_client/cpp_server_client
[44.795s] -- Up-to-date: /home/osawakousei/ros2_ws/src/install/cpp_server_client/include/cpp_server_client/cpp_server_client/srv
[44.796s] -- Up-to-date: /home/osawakousei/ros2_ws/src/install/cpp_server_client/include/cpp_server_client/cpp_server_client/srv/detail
[44.796s] -- Installing: /home/osawakousei/ros2_ws/src/install/cpp_server_client/include/cpp_server_client/cpp_server_client/srv/detail/practice_srv__traits.hpp
[44.796s] -- Installing: /home/osawakousei/ros2_ws/src/install/cpp_server_client/include/cpp_server_client/cpp_server_client/srv/detail/practice_srv__struct.hpp
[44.797s] -- Installing: /home/osawakousei/ros2_ws/src/install/cpp_server_client/include/cpp_server_client/cpp_server_client/srv/detail/practice_srv__builder.hpp
[44.797s] -- Installing: /home/osawakousei/ros2_ws/src/install/cpp_server_client/include/cpp_server_client/cpp_server_client/srv/practice_srv.hpp
[44.797s] -- Up-to-date: /home/osawakousei/ros2_ws/src/install/cpp_server_client/include/cpp_server_client/cpp_server_client
[44.797s] -- Up-to-date: /home/osawakousei/ros2_ws/src/install/cpp_server_client/include/cpp_server_client/cpp_server_client/srv
[44.798s] -- Up-to-date: /home/osawakousei/ros2_ws/src/install/cpp_server_client/include/cpp_server_client/cpp_server_client/srv/detail
[44.798s] -- Installing: /home/osawakousei/ros2_ws/src/install/cpp_server_client/include/cpp_server_client/cpp_server_client/srv/detail/practice_srv__rosidl_typesupport_fastrtps_cpp.hpp
[44.799s] -- Installing: /home/osawakousei/ros2_ws/src/install/cpp_server_client/include/cpp_server_client/cpp_server_client/srv/detail/dds_fastrtps
[44.799s] -- Up-to-date: /home/osawakousei/ros2_ws/src/install/cpp_server_client/include/cpp_server_client/cpp_server_client/msg
[44.802s] -- Installing: /home/osawakousei/ros2_ws/src/install/cpp_server_client/include/cpp_server_client/cpp_server_client/msg/rosidl_typesupport_fastrtps_cpp__visibility_control.h
[44.802s] -- Installing: /home/osawakousei/ros2_ws/src/install/cpp_server_client/lib/libcpp_server_client__rosidl_typesupport_fastrtps_cpp.so
[44.804s] -- Set runtime path of "/home/osawakousei/ros2_ws/src/install/cpp_server_client/lib/libcpp_server_client__rosidl_typesupport_fastrtps_cpp.so" to ""
[44.804s] -- Up-to-date: /home/osawakousei/ros2_ws/src/install/cpp_server_client/include/cpp_server_client/cpp_server_client
[44.804s] -- Up-to-date: /home/osawakousei/ros2_ws/src/install/cpp_server_client/include/cpp_server_client/cpp_server_client/srv
[44.805s] -- Up-to-date: /home/osawakousei/ros2_ws/src/install/cpp_server_client/include/cpp_server_client/cpp_server_client/srv/detail
[44.805s] -- Installing: /home/osawakousei/ros2_ws/src/install/cpp_server_client/include/cpp_server_client/cpp_server_client/srv/detail/practice_srv__type_support.c
[44.806s] -- Installing: /home/osawakousei/ros2_ws/src/install/cpp_server_client/include/cpp_server_client/cpp_server_client/srv/detail/practice_srv__rosidl_typesupport_introspection_c.h
[44.807s] -- Up-to-date: /home/osawakousei/ros2_ws/src/install/cpp_server_client/include/cpp_server_client/cpp_server_client/msg
[44.807s] -- Installing: /home/osawakousei/ros2_ws/src/install/cpp_server_client/include/cpp_server_client/cpp_server_client/msg/rosidl_typesupport_introspection_c__visibility_control.h
[44.807s] -- Installing: /home/osawakousei/ros2_ws/src/install/cpp_server_client/lib/libcpp_server_client__rosidl_typesupport_introspection_c.so
[44.808s] -- Set runtime path of "/home/osawakousei/ros2_ws/src/install/cpp_server_client/lib/libcpp_server_client__rosidl_typesupport_introspection_c.so" to ""
[44.809s] -- Installing: /home/osawakousei/ros2_ws/src/install/cpp_server_client/lib/libcpp_server_client__rosidl_typesupport_c.so
[44.809s] -- Set runtime path of "/home/osawakousei/ros2_ws/src/install/cpp_server_client/lib/libcpp_server_client__rosidl_typesupport_c.so" to ""
[44.810s] -- Up-to-date: /home/osawakousei/ros2_ws/src/install/cpp_server_client/include/cpp_server_client/cpp_server_client
[44.810s] -- Up-to-date: /home/osawakousei/ros2_ws/src/install/cpp_server_client/include/cpp_server_client/cpp_server_client/srv
[44.812s] -- Up-to-date: /home/osawakousei/ros2_ws/src/install/cpp_server_client/include/cpp_server_client/cpp_server_client/srv/detail
[44.813s] -- Installing: /home/osawakousei/ros2_ws/src/install/cpp_server_client/include/cpp_server_client/cpp_server_client/srv/detail/practice_srv__rosidl_typesupport_introspection_cpp.hpp
[44.813s] -- Installing: /home/osawakousei/ros2_ws/src/install/cpp_server_client/include/cpp_server_client/cpp_server_client/srv/detail/practice_srv__type_support.cpp
[44.814s] -- Installing: /home/osawakousei/ros2_ws/src/install/cpp_server_client/lib/libcpp_server_client__rosidl_typesupport_introspection_cpp.so
[44.815s] -- Set runtime path of "/home/osawakousei/ros2_ws/src/install/cpp_server_client/lib/libcpp_server_client__rosidl_typesupport_introspection_cpp.so" to ""
[44.815s] -- Installing: /home/osawakousei/ros2_ws/src/install/cpp_server_client/lib/libcpp_server_client__rosidl_typesupport_cpp.so
[44.819s] -- Set runtime path of "/home/osawakousei/ros2_ws/src/install/cpp_server_client/lib/libcpp_server_client__rosidl_typesupport_cpp.so" to ""
[44.820s] -- Installing: /home/osawakousei/ros2_ws/src/install/cpp_server_client/share/cpp_server_client/environment/pythonpath.sh
[44.820s] -- Installing: /home/osawakousei/ros2_ws/src/install/cpp_server_client/share/cpp_server_client/environment/pythonpath.dsv
[44.821s] -- Installing: /home/osawakousei/ros2_ws/src/install/cpp_server_client/local/lib/python3.10/dist-packages/cpp_server_client-0.0.0-py3.10.egg-info
[44.821s] -- Installing: /home/osawakousei/ros2_ws/src/install/cpp_server_client/local/lib/python3.10/dist-packages/cpp_server_client-0.0.0-py3.10.egg-info/top_level.txt
[44.822s] -- Installing: /home/osawakousei/ros2_ws/src/install/cpp_server_client/local/lib/python3.10/dist-packages/cpp_server_client-0.0.0-py3.10.egg-info/SOURCES.txt
[44.823s] -- Installing: /home/osawakousei/ros2_ws/src/install/cpp_server_client/local/lib/python3.10/dist-packages/cpp_server_client-0.0.0-py3.10.egg-info/dependency_links.txt
[44.824s] -- Installing: /home/osawakousei/ros2_ws/src/install/cpp_server_client/local/lib/python3.10/dist-packages/cpp_server_client-0.0.0-py3.10.egg-info/PKG-INFO
[44.824s] -- Installing: /home/osawakousei/ros2_ws/src/install/cpp_server_client/local/lib/python3.10/dist-packages/cpp_server_client
[44.825s] -- Installing: /home/osawakousei/ros2_ws/src/install/cpp_server_client/local/lib/python3.10/dist-packages/cpp_server_client/cpp_server_client_s__rosidl_typesupport_c.cpython-310-x86_64-linux-gnu.so
[44.826s] -- Installing: /home/osawakousei/ros2_ws/src/install/cpp_server_client/local/lib/python3.10/dist-packages/cpp_server_client/_cpp_server_client_s.ep.rosidl_typesupport_c.c
[44.827s] -- Installing: /home/osawakousei/ros2_ws/src/install/cpp_server_client/local/lib/python3.10/dist-packages/cpp_server_client/srv
[44.828s] -- Installing: /home/osawakousei/ros2_ws/src/install/cpp_server_client/local/lib/python3.10/dist-packages/cpp_server_client/srv/_practice_srv.py
[44.829s] -- Installing: /home/osawakousei/ros2_ws/src/install/cpp_server_client/local/lib/python3.10/dist-packages/cpp_server_client/srv/__init__.py
[44.829s] -- Installing: /home/osawakousei/ros2_ws/src/install/cpp_server_client/local/lib/python3.10/dist-packages/cpp_server_client/srv/_practice_srv_s.c
[44.830s] -- Installing: /home/osawakousei/ros2_ws/src/install/cpp_server_client/local/lib/python3.10/dist-packages/cpp_server_client/libcpp_server_client__rosidl_generator_py.so
[44.831s] -- Installing: /home/osawakousei/ros2_ws/src/install/cpp_server_client/local/lib/python3.10/dist-packages/cpp_server_client/cpp_server_client_s__rosidl_typesupport_fastrtps_c.cpython-310-x86_64-linux-gnu.so
[44.832s] -- Installing: /home/osawakousei/ros2_ws/src/install/cpp_server_client/local/lib/python3.10/dist-packages/cpp_server_client/cpp_server_client_s__rosidl_typesupport_introspection_c.cpython-310-x86_64-linux-gnu.so
[44.833s] -- Installing: /home/osawakousei/ros2_ws/src/install/cpp_server_client/local/lib/python3.10/dist-packages/cpp_server_client/__init__.py
[44.835s] -- Installing: /home/osawakousei/ros2_ws/src/install/cpp_server_client/local/lib/python3.10/dist-packages/cpp_server_client/_cpp_server_client_s.ep.rosidl_typesupport_introspection_c.c
[44.835s] -- Installing: /home/osawakousei/ros2_ws/src/install/cpp_server_client/local/lib/python3.10/dist-packages/cpp_server_client/_cpp_server_client_s.ep.rosidl_typesupport_fastrtps_c.c
[44.989s] Listing '/home/osawakousei/ros2_ws/src/install/cpp_server_client/local/lib/python3.10/dist-packages/cpp_server_client'...
[44.990s] Compiling '/home/osawakousei/ros2_ws/src/install/cpp_server_client/local/lib/python3.10/dist-packages/cpp_server_client/__init__.py'...
[44.990s] Listing '/home/osawakousei/ros2_ws/src/install/cpp_server_client/local/lib/python3.10/dist-packages/cpp_server_client/srv'...
[44.990s] Compiling '/home/osawakousei/ros2_ws/src/install/cpp_server_client/local/lib/python3.10/dist-packages/cpp_server_client/srv/__init__.py'...
[44.990s] Compiling '/home/osawakousei/ros2_ws/src/install/cpp_server_client/local/lib/python3.10/dist-packages/cpp_server_client/srv/_practice_srv.py'...
[45.010s] -- Installing: /home/osawakousei/ros2_ws/src/install/cpp_server_client/local/lib/python3.10/dist-packages/cpp_server_client/cpp_server_client_s__rosidl_typesupport_fastrtps_c.cpython-310-x86_64-linux-gnu.so
[45.010s] -- Set runtime path of "/home/osawakousei/ros2_ws/src/install/cpp_server_client/local/lib/python3.10/dist-packages/cpp_server_client/cpp_server_client_s__rosidl_typesupport_fastrtps_c.cpython-310-x86_64-linux-gnu.so" to ""
[45.011s] -- Installing: /home/osawakousei/ros2_ws/src/install/cpp_server_client/local/lib/python3.10/dist-packages/cpp_server_client/cpp_server_client_s__rosidl_typesupport_introspection_c.cpython-310-x86_64-linux-gnu.so
[45.019s] -- Set runtime path of "/home/osawakousei/ros2_ws/src/install/cpp_server_client/local/lib/python3.10/dist-packages/cpp_server_client/cpp_server_client_s__rosidl_typesupport_introspection_c.cpython-310-x86_64-linux-gnu.so" to ""
[45.020s] -- Installing: /home/osawakousei/ros2_ws/src/install/cpp_server_client/local/lib/python3.10/dist-packages/cpp_server_client/cpp_server_client_s__rosidl_typesupport_c.cpython-310-x86_64-linux-gnu.so
[45.020s] -- Set runtime path of "/home/osawakousei/ros2_ws/src/install/cpp_server_client/local/lib/python3.10/dist-packages/cpp_server_client/cpp_server_client_s__rosidl_typesupport_c.cpython-310-x86_64-linux-gnu.so" to ""
[45.021s] -- Installing: /home/osawakousei/ros2_ws/src/install/cpp_server_client/lib/libcpp_server_client__rosidl_generator_py.so
[45.023s] -- Set runtime path of "/home/osawakousei/ros2_ws/src/install/cpp_server_client/lib/libcpp_server_client__rosidl_generator_py.so" to ""
[45.024s] -- Installing: /home/osawakousei/ros2_ws/src/install/cpp_server_client/share/cpp_server_client/srv/PracticeSrv.idl
[45.024s] -- Installing: /home/osawakousei/ros2_ws/src/install/cpp_server_client/share/cpp_server_client/srv/PracticeSrv.srv
[45.028s] -- Installing: /home/osawakousei/ros2_ws/src/install/cpp_server_client/share/cpp_server_client/srv/PracticeSrv_Request.msg
[45.028s] -- Installing: /home/osawakousei/ros2_ws/src/install/cpp_server_client/share/cpp_server_client/srv/PracticeSrv_Response.msg
[45.028s] -- Installing: /home/osawakousei/ros2_ws/src/install/cpp_server_client/lib/cpp_server_client/practice_server_node
[45.033s] -- Set runtime path of "/home/osawakousei/ros2_ws/src/install/cpp_server_client/lib/cpp_server_client/practice_server_node" to ""
[45.033s] -- Installing: /home/osawakousei/ros2_ws/src/install/cpp_server_client/lib/cpp_server_client/practice_client_node
[45.038s] -- Set runtime path of "/home/osawakousei/ros2_ws/src/install/cpp_server_client/lib/cpp_server_client/practice_client_node" to ""
[45.038s] -- Installing: /home/osawakousei/ros2_ws/src/install/cpp_server_client/share/ament_index/resource_index/package_run_dependencies/cpp_server_client
[45.039s] -- Installing: /home/osawakousei/ros2_ws/src/install/cpp_server_client/share/ament_index/resource_index/parent_prefix_path/cpp_server_client
[45.039s] -- Installing: /home/osawakousei/ros2_ws/src/install/cpp_server_client/share/cpp_server_client/environment/ament_prefix_path.sh
[45.040s] -- Installing: /home/osawakousei/ros2_ws/src/install/cpp_server_client/share/cpp_server_client/environment/ament_prefix_path.dsv
[45.041s] -- Installing: /home/osawakousei/ros2_ws/src/install/cpp_server_client/share/cpp_server_client/environment/path.sh
[45.041s] -- Installing: /home/osawakousei/ros2_ws/src/install/cpp_server_client/share/cpp_server_client/environment/path.dsv
[45.042s] -- Installing: /home/osawakousei/ros2_ws/src/install/cpp_server_client/share/cpp_server_client/local_setup.bash
[45.043s] -- Installing: /home/osawakousei/ros2_ws/src/install/cpp_server_client/share/cpp_server_client/local_setup.sh
[45.043s] -- Installing: /home/osawakousei/ros2_ws/src/install/cpp_server_client/share/cpp_server_client/local_setup.zsh
[45.044s] -- Installing: /home/osawakousei/ros2_ws/src/install/cpp_server_client/share/cpp_server_client/local_setup.dsv
[45.044s] -- Installing: /home/osawakousei/ros2_ws/src/install/cpp_server_client/share/cpp_server_client/package.dsv
[45.045s] -- Installing: /home/osawakousei/ros2_ws/src/install/cpp_server_client/share/ament_index/resource_index/packages/cpp_server_client
[45.045s] -- Installing: /home/osawakousei/ros2_ws/src/install/cpp_server_client/share/cpp_server_client/cmake/export_cpp_server_client__rosidl_generator_cExport.cmake
[45.046s] -- Installing: /home/osawakousei/ros2_ws/src/install/cpp_server_client/share/cpp_server_client/cmake/export_cpp_server_client__rosidl_generator_cExport-noconfig.cmake
[45.047s] -- Installing: /home/osawakousei/ros2_ws/src/install/cpp_server_client/share/cpp_server_client/cmake/export_cpp_server_client__rosidl_typesupport_fastrtps_cExport.cmake
[45.047s] -- Installing: /home/osawakousei/ros2_ws/src/install/cpp_server_client/share/cpp_server_client/cmake/export_cpp_server_client__rosidl_typesupport_fastrtps_cExport-noconfig.cmake
[45.048s] -- Installing: /home/osawakousei/ros2_ws/src/install/cpp_server_client/share/cpp_server_client/cmake/export_cpp_server_client__rosidl_generator_cppExport.cmake
[45.048s] -- Installing: /home/osawakousei/ros2_ws/src/install/cpp_server_client/share/cpp_server_client/cmake/export_cpp_server_client__rosidl_typesupport_fastrtps_cppExport.cmake
[45.049s] -- Installing: /home/osawakousei/ros2_ws/src/install/cpp_server_client/share/cpp_server_client/cmake/export_cpp_server_client__rosidl_typesupport_fastrtps_cppExport-noconfig.cmake
[45.049s] -- Installing: /home/osawakousei/ros2_ws/src/install/cpp_server_client/share/cpp_server_client/cmake/cpp_server_client__rosidl_typesupport_introspection_cExport.cmake
[45.050s] -- Installing: /home/osawakousei/ros2_ws/src/install/cpp_server_client/share/cpp_server_client/cmake/cpp_server_client__rosidl_typesupport_introspection_cExport-noconfig.cmake
[45.050s] -- Installing: /home/osawakousei/ros2_ws/src/install/cpp_server_client/share/cpp_server_client/cmake/cpp_server_client__rosidl_typesupport_cExport.cmake
[45.051s] -- Installing: /home/osawakousei/ros2_ws/src/install/cpp_server_client/share/cpp_server_client/cmake/cpp_server_client__rosidl_typesupport_cExport-noconfig.cmake
[45.051s] -- Installing: /home/osawakousei/ros2_ws/src/install/cpp_server_client/share/cpp_server_client/cmake/cpp_server_client__rosidl_typesupport_introspection_cppExport.cmake
[45.052s] -- Installing: /home/osawakousei/ros2_ws/src/install/cpp_server_client/share/cpp_server_client/cmake/cpp_server_client__rosidl_typesupport_introspection_cppExport-noconfig.cmake
[45.052s] -- Installing: /home/osawakousei/ros2_ws/src/install/cpp_server_client/share/cpp_server_client/cmake/cpp_server_client__rosidl_typesupport_cppExport.cmake
[45.053s] -- Installing: /home/osawakousei/ros2_ws/src/install/cpp_server_client/share/cpp_server_client/cmake/cpp_server_client__rosidl_typesupport_cppExport-noconfig.cmake
[45.054s] -- Installing: /home/osawakousei/ros2_ws/src/install/cpp_server_client/share/cpp_server_client/cmake/export_cpp_server_client__rosidl_generator_pyExport.cmake
[45.054s] -- Installing: /home/osawakousei/ros2_ws/src/install/cpp_server_client/share/cpp_server_client/cmake/export_cpp_server_client__rosidl_generator_pyExport-noconfig.cmake
[45.055s] -- Installing: /home/osawakousei/ros2_ws/src/install/cpp_server_client/share/cpp_server_client/cmake/rosidl_cmake-extras.cmake
[45.055s] -- Installing: /home/osawakousei/ros2_ws/src/install/cpp_server_client/share/cpp_server_client/cmake/ament_cmake_export_include_directories-extras.cmake
[45.056s] -- Installing: /home/osawakousei/ros2_ws/src/install/cpp_server_client/share/cpp_server_client/cmake/ament_cmake_export_libraries-extras.cmake
[45.056s] -- Installing: /home/osawakousei/ros2_ws/src/install/cpp_server_client/share/cpp_server_client/cmake/ament_cmake_export_targets-extras.cmake
[45.057s] -- Installing: /home/osawakousei/ros2_ws/src/install/cpp_server_client/share/cpp_server_client/cmake/rosidl_cmake_export_typesupport_targets-extras.cmake
[45.057s] -- Installing: /home/osawakousei/ros2_ws/src/install/cpp_server_client/share/cpp_server_client/cmake/ament_cmake_export_dependencies-extras.cmake
[45.058s] -- Installing: /home/osawakousei/ros2_ws/src/install/cpp_server_client/share/cpp_server_client/cmake/rosidl_cmake_export_typesupport_libraries-extras.cmake
[45.058s] -- Installing: /home/osawakousei/ros2_ws/src/install/cpp_server_client/share/cpp_server_client/cmake/cpp_server_clientConfig.cmake
[45.059s] -- Installing: /home/osawakousei/ros2_ws/src/install/cpp_server_client/share/cpp_server_client/cmake/cpp_server_clientConfig-version.cmake
[45.059s] -- Installing: /home/osawakousei/ros2_ws/src/install/cpp_server_client/share/cpp_server_client/package.xml
[45.072s] Invoked command in '/home/osawakousei/ros2_ws/src/build/cpp_server_client' returned '0': CMAKE_PREFIX_PATH=${CMAKE_PREFIX_PATH}:/opt/ros/humble /usr/bin/cmake --install /home/osawakousei/ros2_ws/src/build/cpp_server_client
