[0.748s] DEBUG:colcon:Command line arguments: ['/usr/bin/colcon', 'build']
[0.748s] DEBUG:colcon:Parsed command line arguments: Namespace(log_base=None, log_level=None, verb_name='build', build_base='build', install_base='install', merge_install=False, symlink_install=False, test_result_base=None, continue_on_error=False, executor='parallel', parallel_workers=16, event_handlers=None, ignore_user_meta=False, metas=['./colcon.meta'], base_paths=['.'], packages_ignore=None, packages_ignore_regex=None, paths=None, packages_up_to=None, packages_up_to_regex=None, packages_above=None, packages_above_and_dependencies=None, packages_above_depth=None, packages_select_by_dep=None, packages_skip_by_dep=None, packages_skip_up_to=None, packages_select_build_failed=False, packages_skip_build_finished=False, packages_select_test_failures=False, packages_skip_test_passed=False, packages_select=None, packages_skip=None, packages_select_regex=None, packages_skip_regex=None, packages_start=None, packages_end=None, allow_overriding=[], cmake_args=None, cmake_target=None, cmake_target_skip_unavailable=False, cmake_clean_cache=False, cmake_clean_first=False, cmake_force_configure=False, ament_cmake_args=None, catkin_cmake_args=None, catkin_skip_building_tests=False, verb_parser=<colcon_defaults.argument_parser.defaults.DefaultArgumentsDecorator object at 0x7f7fb2690c70>, verb_extension=<colcon_core.verb.build.BuildVerb object at 0x7f7fb2b2fbe0>, main=<bound method BuildVerb.main of <colcon_core.verb.build.BuildVerb object at 0x7f7fb2b2fbe0>>)
[0.801s] Level 1:colcon.colcon_core.package_discovery:discover_packages(colcon_meta) check parameters
[0.802s] Level 1:colcon.colcon_core.package_discovery:discover_packages(recursive) check parameters
[0.802s] Level 1:colcon.colcon_core.package_discovery:discover_packages(ignore) check parameters
[0.802s] Level 1:colcon.colcon_core.package_discovery:discover_packages(path) check parameters
[0.802s] Level 1:colcon.colcon_core.package_discovery:discover_packages(colcon_meta) discover
[0.802s] Level 1:colcon.colcon_core.package_discovery:discover_packages(recursive) discover
[0.802s] INFO:colcon.colcon_core.package_discovery:Crawling recursively for packages in '/root/ros2_ws'
[0.802s] Level 1:colcon.colcon_core.package_identification:_identify(.) by extensions ['ignore', 'ignore_ament_install']
[0.803s] Level 1:colcon.colcon_core.package_identification:_identify(.) by extension 'ignore'
[0.803s] Level 1:colcon.colcon_core.package_identification:_identify(.) by extension 'ignore_ament_install'
[0.803s] Level 1:colcon.colcon_core.package_identification:_identify(.) by extensions ['colcon_pkg']
[0.803s] Level 1:colcon.colcon_core.package_identification:_identify(.) by extension 'colcon_pkg'
[0.803s] Level 1:colcon.colcon_core.package_identification:_identify(.) by extensions ['colcon_meta']
[0.803s] Level 1:colcon.colcon_core.package_identification:_identify(.) by extension 'colcon_meta'
[0.803s] Level 1:colcon.colcon_core.package_identification:_identify(.) by extensions ['ros']
[0.803s] Level 1:colcon.colcon_core.package_identification:_identify(.) by extension 'ros'
[0.827s] Level 1:colcon.colcon_core.package_identification:_identify(.) by extensions ['cmake', 'python']
[0.827s] Level 1:colcon.colcon_core.package_identification:_identify(.) by extension 'cmake'
[0.827s] Level 1:colcon.colcon_core.package_identification:_identify(.) by extension 'python'
[0.828s] Level 1:colcon.colcon_core.package_identification:_identify(.) by extensions ['python_setup_py']
[0.828s] Level 1:colcon.colcon_core.package_identification:_identify(.) by extension 'python_setup_py'
[0.828s] Level 1:colcon.colcon_core.package_identification:_identify(build) by extensions ['ignore', 'ignore_ament_install']
[0.828s] Level 1:colcon.colcon_core.package_identification:_identify(build) by extension 'ignore'
[0.828s] Level 1:colcon.colcon_core.package_identification:_identify(build) ignored
[0.828s] Level 1:colcon.colcon_core.package_identification:_identify(install) by extensions ['ignore', 'ignore_ament_install']
[0.828s] Level 1:colcon.colcon_core.package_identification:_identify(install) by extension 'ignore'
[0.828s] Level 1:colcon.colcon_core.package_identification:_identify(install) ignored
[0.828s] Level 1:colcon.colcon_core.package_identification:_identify(log) by extensions ['ignore', 'ignore_ament_install']
[0.828s] Level 1:colcon.colcon_core.package_identification:_identify(log) by extension 'ignore'
[0.828s] Level 1:colcon.colcon_core.package_identification:_identify(log) ignored
[0.828s] Level 1:colcon.colcon_core.package_identification:_identify(src) by extensions ['ignore', 'ignore_ament_install']
[0.828s] Level 1:colcon.colcon_core.package_identification:_identify(src) by extension 'ignore'
[0.828s] Level 1:colcon.colcon_core.package_identification:_identify(src) by extension 'ignore_ament_install'
[0.828s] Level 1:colcon.colcon_core.package_identification:_identify(src) by extensions ['colcon_pkg']
[0.828s] Level 1:colcon.colcon_core.package_identification:_identify(src) by extension 'colcon_pkg'
[0.829s] Level 1:colcon.colcon_core.package_identification:_identify(src) by extensions ['colcon_meta']
[0.829s] Level 1:colcon.colcon_core.package_identification:_identify(src) by extension 'colcon_meta'
[0.829s] Level 1:colcon.colcon_core.package_identification:_identify(src) by extensions ['ros']
[0.829s] Level 1:colcon.colcon_core.package_identification:_identify(src) by extension 'ros'
[0.829s] Level 1:colcon.colcon_core.package_identification:_identify(src) by extensions ['cmake', 'python']
[0.829s] Level 1:colcon.colcon_core.package_identification:_identify(src) by extension 'cmake'
[0.829s] Level 1:colcon.colcon_core.package_identification:_identify(src) by extension 'python'
[0.829s] Level 1:colcon.colcon_core.package_identification:_identify(src) by extensions ['python_setup_py']
[0.829s] Level 1:colcon.colcon_core.package_identification:_identify(src) by extension 'python_setup_py'
[0.829s] Level 1:colcon.colcon_core.package_identification:_identify(src/android_controll_test) by extensions ['ignore', 'ignore_ament_install']
[0.829s] Level 1:colcon.colcon_core.package_identification:_identify(src/android_controll_test) by extension 'ignore'
[0.829s] Level 1:colcon.colcon_core.package_identification:_identify(src/android_controll_test) by extension 'ignore_ament_install'
[0.829s] Level 1:colcon.colcon_core.package_identification:_identify(src/android_controll_test) by extensions ['colcon_pkg']
[0.829s] Level 1:colcon.colcon_core.package_identification:_identify(src/android_controll_test) by extension 'colcon_pkg'
[0.829s] Level 1:colcon.colcon_core.package_identification:_identify(src/android_controll_test) by extensions ['colcon_meta']
[0.829s] Level 1:colcon.colcon_core.package_identification:_identify(src/android_controll_test) by extension 'colcon_meta'
[0.829s] Level 1:colcon.colcon_core.package_identification:_identify(src/android_controll_test) by extensions ['ros']
[0.829s] Level 1:colcon.colcon_core.package_identification:_identify(src/android_controll_test) by extension 'ros'
[0.834s] DEBUG:colcon.colcon_core.package_identification:Package 'src/android_controll_test' with type 'ros.ament_cmake' and name 'android_controll_test'
[0.835s] Level 1:colcon.colcon_core.package_identification:_identify(src/build) by extensions ['ignore', 'ignore_ament_install']
[0.835s] Level 1:colcon.colcon_core.package_identification:_identify(src/build) by extension 'ignore'
[0.835s] Level 1:colcon.colcon_core.package_identification:_identify(src/build) ignored
[0.835s] Level 1:colcon.colcon_core.package_identification:_identify(src/cpp_server_client) by extensions ['ignore', 'ignore_ament_install']
[0.835s] Level 1:colcon.colcon_core.package_identification:_identify(src/cpp_server_client) by extension 'ignore'
[0.835s] Level 1:colcon.colcon_core.package_identification:_identify(src/cpp_server_client) by extension 'ignore_ament_install'
[0.835s] Level 1:colcon.colcon_core.package_identification:_identify(src/cpp_server_client) by extensions ['colcon_pkg']
[0.835s] Level 1:colcon.colcon_core.package_identification:_identify(src/cpp_server_client) by extension 'colcon_pkg'
[0.836s] Level 1:colcon.colcon_core.package_identification:_identify(src/cpp_server_client) by extensions ['colcon_meta']
[0.836s] Level 1:colcon.colcon_core.package_identification:_identify(src/cpp_server_client) by extension 'colcon_meta'
[0.836s] Level 1:colcon.colcon_core.package_identification:_identify(src/cpp_server_client) by extensions ['ros']
[0.836s] Level 1:colcon.colcon_core.package_identification:_identify(src/cpp_server_client) by extension 'ros'
[0.837s] DEBUG:colcon.colcon_core.package_identification:Package 'src/cpp_server_client' with type 'ros.ament_cmake' and name 'cpp_server_client'
[0.837s] Level 1:colcon.colcon_core.package_identification:_identify(src/cpp_topic_pubsub) by extensions ['ignore', 'ignore_ament_install']
[0.837s] Level 1:colcon.colcon_core.package_identification:_identify(src/cpp_topic_pubsub) by extension 'ignore'
[0.837s] Level 1:colcon.colcon_core.package_identification:_identify(src/cpp_topic_pubsub) by extension 'ignore_ament_install'
[0.837s] Level 1:colcon.colcon_core.package_identification:_identify(src/cpp_topic_pubsub) by extensions ['colcon_pkg']
[0.837s] Level 1:colcon.colcon_core.package_identification:_identify(src/cpp_topic_pubsub) by extension 'colcon_pkg'
[0.838s] Level 1:colcon.colcon_core.package_identification:_identify(src/cpp_topic_pubsub) by extensions ['colcon_meta']
[0.838s] Level 1:colcon.colcon_core.package_identification:_identify(src/cpp_topic_pubsub) by extension 'colcon_meta'
[0.838s] Level 1:colcon.colcon_core.package_identification:_identify(src/cpp_topic_pubsub) by extensions ['ros']
[0.838s] Level 1:colcon.colcon_core.package_identification:_identify(src/cpp_topic_pubsub) by extension 'ros'
[0.838s] DEBUG:colcon.colcon_core.package_identification:Package 'src/cpp_topic_pubsub' with type 'ros.ament_cmake' and name 'cpp_topic_pubsub'
[0.838s] Level 1:colcon.colcon_core.package_identification:_identify(src/custom_message_unity) by extensions ['ignore', 'ignore_ament_install']
[0.838s] Level 1:colcon.colcon_core.package_identification:_identify(src/custom_message_unity) by extension 'ignore'
[0.839s] Level 1:colcon.colcon_core.package_identification:_identify(src/custom_message_unity) by extension 'ignore_ament_install'
[0.839s] Level 1:colcon.colcon_core.package_identification:_identify(src/custom_message_unity) by extensions ['colcon_pkg']
[0.839s] Level 1:colcon.colcon_core.package_identification:_identify(src/custom_message_unity) by extension 'colcon_pkg'
[0.839s] Level 1:colcon.colcon_core.package_identification:_identify(src/custom_message_unity) by extensions ['colcon_meta']
[0.839s] Level 1:colcon.colcon_core.package_identification:_identify(src/custom_message_unity) by extension 'colcon_meta'
[0.839s] Level 1:colcon.colcon_core.package_identification:_identify(src/custom_message_unity) by extensions ['ros']
[0.839s] Level 1:colcon.colcon_core.package_identification:_identify(src/custom_message_unity) by extension 'ros'
[0.840s] DEBUG:colcon.colcon_core.package_identification:Package 'src/custom_message_unity' with type 'ros.ament_cmake' and name 'custom_message_unity'
[0.840s] Level 1:colcon.colcon_core.package_identification:_identify(src/custom_test_msgs) by extensions ['ignore', 'ignore_ament_install']
[0.840s] Level 1:colcon.colcon_core.package_identification:_identify(src/custom_test_msgs) by extension 'ignore'
[0.840s] Level 1:colcon.colcon_core.package_identification:_identify(src/custom_test_msgs) by extension 'ignore_ament_install'
[0.841s] Level 1:colcon.colcon_core.package_identification:_identify(src/custom_test_msgs) by extensions ['colcon_pkg']
[0.841s] Level 1:colcon.colcon_core.package_identification:_identify(src/custom_test_msgs) by extension 'colcon_pkg'
[0.841s] Level 1:colcon.colcon_core.package_identification:_identify(src/custom_test_msgs) by extensions ['colcon_meta']
[0.841s] Level 1:colcon.colcon_core.package_identification:_identify(src/custom_test_msgs) by extension 'colcon_meta'
[0.841s] Level 1:colcon.colcon_core.package_identification:_identify(src/custom_test_msgs) by extensions ['ros']
[0.841s] Level 1:colcon.colcon_core.package_identification:_identify(src/custom_test_msgs) by extension 'ros'
[0.842s] DEBUG:colcon.colcon_core.package_identification:Package 'src/custom_test_msgs' with type 'ros.ament_cmake' and name 'custom_test_msgs'
[0.842s] Level 1:colcon.colcon_core.package_identification:_identify(src/install) by extensions ['ignore', 'ignore_ament_install']
[0.842s] Level 1:colcon.colcon_core.package_identification:_identify(src/install) by extension 'ignore'
[0.842s] Level 1:colcon.colcon_core.package_identification:_identify(src/install) ignored
[0.843s] Level 1:colcon.colcon_core.package_identification:_identify(src/log) by extensions ['ignore', 'ignore_ament_install']
[0.843s] Level 1:colcon.colcon_core.package_identification:_identify(src/log) by extension 'ignore'
[0.843s] Level 1:colcon.colcon_core.package_identification:_identify(src/log) ignored
[0.843s] Level 1:colcon.colcon_core.package_identification:_identify(src/test_package) by extensions ['ignore', 'ignore_ament_install']
[0.843s] Level 1:colcon.colcon_core.package_identification:_identify(src/test_package) by extension 'ignore'
[0.843s] Level 1:colcon.colcon_core.package_identification:_identify(src/test_package) by extension 'ignore_ament_install'
[0.843s] Level 1:colcon.colcon_core.package_identification:_identify(src/test_package) by extensions ['colcon_pkg']
[0.843s] Level 1:colcon.colcon_core.package_identification:_identify(src/test_package) by extension 'colcon_pkg'
[0.843s] Level 1:colcon.colcon_core.package_identification:_identify(src/test_package) by extensions ['colcon_meta']
[0.844s] Level 1:colcon.colcon_core.package_identification:_identify(src/test_package) by extension 'colcon_meta'
[0.844s] Level 1:colcon.colcon_core.package_identification:_identify(src/test_package) by extensions ['ros']
[0.844s] Level 1:colcon.colcon_core.package_identification:_identify(src/test_package) by extension 'ros'
[0.845s] DEBUG:colcon.colcon_core.package_identification:Package 'src/test_package' with type 'ros.ament_cmake' and name 'test_package'
[0.845s] Level 1:colcon.colcon_core.package_identification:_identify(uros_ws) by extensions ['ignore', 'ignore_ament_install']
[0.845s] Level 1:colcon.colcon_core.package_identification:_identify(uros_ws) by extension 'ignore'
[0.845s] Level 1:colcon.colcon_core.package_identification:_identify(uros_ws) by extension 'ignore_ament_install'
[0.845s] Level 1:colcon.colcon_core.package_identification:_identify(uros_ws) by extensions ['colcon_pkg']
[0.846s] Level 1:colcon.colcon_core.package_identification:_identify(uros_ws) by extension 'colcon_pkg'
[0.846s] Level 1:colcon.colcon_core.package_identification:_identify(uros_ws) by extensions ['colcon_meta']
[0.846s] Level 1:colcon.colcon_core.package_identification:_identify(uros_ws) by extension 'colcon_meta'
[0.846s] Level 1:colcon.colcon_core.package_identification:_identify(uros_ws) by extensions ['ros']
[0.846s] Level 1:colcon.colcon_core.package_identification:_identify(uros_ws) by extension 'ros'
[0.846s] Level 1:colcon.colcon_core.package_identification:_identify(uros_ws) by extensions ['cmake', 'python']
[0.846s] Level 1:colcon.colcon_core.package_identification:_identify(uros_ws) by extension 'cmake'
[0.846s] Level 1:colcon.colcon_core.package_identification:_identify(uros_ws) by extension 'python'
[0.846s] Level 1:colcon.colcon_core.package_identification:_identify(uros_ws) by extensions ['python_setup_py']
[0.846s] Level 1:colcon.colcon_core.package_identification:_identify(uros_ws) by extension 'python_setup_py'
[0.846s] Level 1:colcon.colcon_core.package_identification:_identify(uros_ws/build) by extensions ['ignore', 'ignore_ament_install']
[0.847s] Level 1:colcon.colcon_core.package_identification:_identify(uros_ws/build) by extension 'ignore'
[0.847s] Level 1:colcon.colcon_core.package_identification:_identify(uros_ws/build) ignored
[0.847s] Level 1:colcon.colcon_core.package_identification:_identify(uros_ws/install) by extensions ['ignore', 'ignore_ament_install']
[0.847s] Level 1:colcon.colcon_core.package_identification:_identify(uros_ws/install) by extension 'ignore'
[0.847s] Level 1:colcon.colcon_core.package_identification:_identify(uros_ws/install) ignored
[0.847s] Level 1:colcon.colcon_core.package_identification:_identify(uros_ws/log) by extensions ['ignore', 'ignore_ament_install']
[0.847s] Level 1:colcon.colcon_core.package_identification:_identify(uros_ws/log) by extension 'ignore'
[0.847s] Level 1:colcon.colcon_core.package_identification:_identify(uros_ws/log) ignored
[0.847s] Level 1:colcon.colcon_core.package_identification:_identify(uros_ws/src) by extensions ['ignore', 'ignore_ament_install']
[0.847s] Level 1:colcon.colcon_core.package_identification:_identify(uros_ws/src) by extension 'ignore'
[0.848s] Level 1:colcon.colcon_core.package_identification:_identify(uros_ws/src) by extension 'ignore_ament_install'
[0.848s] Level 1:colcon.colcon_core.package_identification:_identify(uros_ws/src) by extensions ['colcon_pkg']
[0.848s] Level 1:colcon.colcon_core.package_identification:_identify(uros_ws/src) by extension 'colcon_pkg'
[0.848s] Level 1:colcon.colcon_core.package_identification:_identify(uros_ws/src) by extensions ['colcon_meta']
[0.848s] Level 1:colcon.colcon_core.package_identification:_identify(uros_ws/src) by extension 'colcon_meta'
[0.848s] Level 1:colcon.colcon_core.package_identification:_identify(uros_ws/src) by extensions ['ros']
[0.848s] Level 1:colcon.colcon_core.package_identification:_identify(uros_ws/src) by extension 'ros'
[0.848s] Level 1:colcon.colcon_core.package_identification:_identify(uros_ws/src) by extensions ['cmake', 'python']
[0.848s] Level 1:colcon.colcon_core.package_identification:_identify(uros_ws/src) by extension 'cmake'
[0.848s] Level 1:colcon.colcon_core.package_identification:_identify(uros_ws/src) by extension 'python'
[0.848s] Level 1:colcon.colcon_core.package_identification:_identify(uros_ws/src) by extensions ['python_setup_py']
[0.848s] Level 1:colcon.colcon_core.package_identification:_identify(uros_ws/src) by extension 'python_setup_py'
[0.848s] Level 1:colcon.colcon_core.package_identification:_identify(uros_ws/src/micro_ros_setup) by extensions ['ignore', 'ignore_ament_install']
[0.848s] Level 1:colcon.colcon_core.package_identification:_identify(uros_ws/src/micro_ros_setup) by extension 'ignore'
[0.849s] Level 1:colcon.colcon_core.package_identification:_identify(uros_ws/src/micro_ros_setup) by extension 'ignore_ament_install'
[0.849s] Level 1:colcon.colcon_core.package_identification:_identify(uros_ws/src/micro_ros_setup) by extensions ['colcon_pkg']
[0.849s] Level 1:colcon.colcon_core.package_identification:_identify(uros_ws/src/micro_ros_setup) by extension 'colcon_pkg'
[0.849s] Level 1:colcon.colcon_core.package_identification:_identify(uros_ws/src/micro_ros_setup) by extensions ['colcon_meta']
[0.849s] Level 1:colcon.colcon_core.package_identification:_identify(uros_ws/src/micro_ros_setup) by extension 'colcon_meta'
[0.849s] Level 1:colcon.colcon_core.package_identification:_identify(uros_ws/src/micro_ros_setup) by extensions ['ros']
[0.849s] Level 1:colcon.colcon_core.package_identification:_identify(uros_ws/src/micro_ros_setup) by extension 'ros'
[0.849s] Level 1:colcon.colcon_core.package_identification:_identify(uros_ws/src/micro_ros_setup) by extensions ['cmake', 'python']
[0.849s] Level 1:colcon.colcon_core.package_identification:_identify(uros_ws/src/micro_ros_setup) by extension 'cmake'
[0.849s] Level 1:colcon.colcon_core.package_identification:_identify(uros_ws/src/micro_ros_setup) by extension 'python'
[0.849s] Level 1:colcon.colcon_core.package_identification:_identify(uros_ws/src/micro_ros_setup) by extensions ['python_setup_py']
[0.849s] Level 1:colcon.colcon_core.package_identification:_identify(uros_ws/src/micro_ros_setup) by extension 'python_setup_py'
[0.849s] Level 1:colcon.colcon_core.package_identification:_identify(uros_ws/src/uros) by extensions ['ignore', 'ignore_ament_install']
[0.849s] Level 1:colcon.colcon_core.package_identification:_identify(uros_ws/src/uros) by extension 'ignore'
[0.850s] Level 1:colcon.colcon_core.package_identification:_identify(uros_ws/src/uros) by extension 'ignore_ament_install'
[0.850s] Level 1:colcon.colcon_core.package_identification:_identify(uros_ws/src/uros) by extensions ['colcon_pkg']
[0.850s] Level 1:colcon.colcon_core.package_identification:_identify(uros_ws/src/uros) by extension 'colcon_pkg'
[0.850s] Level 1:colcon.colcon_core.package_identification:_identify(uros_ws/src/uros) by extensions ['colcon_meta']
[0.850s] Level 1:colcon.colcon_core.package_identification:_identify(uros_ws/src/uros) by extension 'colcon_meta'
[0.850s] Level 1:colcon.colcon_core.package_identification:_identify(uros_ws/src/uros) by extensions ['ros']
[0.850s] Level 1:colcon.colcon_core.package_identification:_identify(uros_ws/src/uros) by extension 'ros'
[0.850s] Level 1:colcon.colcon_core.package_identification:_identify(uros_ws/src/uros) by extensions ['cmake', 'python']
[0.850s] Level 1:colcon.colcon_core.package_identification:_identify(uros_ws/src/uros) by extension 'cmake'
[0.850s] Level 1:colcon.colcon_core.package_identification:_identify(uros_ws/src/uros) by extension 'python'
[0.850s] Level 1:colcon.colcon_core.package_identification:_identify(uros_ws/src/uros) by extensions ['python_setup_py']
[0.850s] Level 1:colcon.colcon_core.package_identification:_identify(uros_ws/src/uros) by extension 'python_setup_py'
[0.850s] Level 1:colcon.colcon_core.package_identification:_identify(uros_ws/src/uros/micro-ROS-Agent) by extensions ['ignore', 'ignore_ament_install']
[0.850s] Level 1:colcon.colcon_core.package_identification:_identify(uros_ws/src/uros/micro-ROS-Agent) by extension 'ignore'
[0.850s] Level 1:colcon.colcon_core.package_identification:_identify(uros_ws/src/uros/micro-ROS-Agent) by extension 'ignore_ament_install'
[0.851s] Level 1:colcon.colcon_core.package_identification:_identify(uros_ws/src/uros/micro-ROS-Agent) by extensions ['colcon_pkg']
[0.851s] Level 1:colcon.colcon_core.package_identification:_identify(uros_ws/src/uros/micro-ROS-Agent) by extension 'colcon_pkg'
[0.851s] Level 1:colcon.colcon_core.package_identification:_identify(uros_ws/src/uros/micro-ROS-Agent) by extensions ['colcon_meta']
[0.851s] Level 1:colcon.colcon_core.package_identification:_identify(uros_ws/src/uros/micro-ROS-Agent) by extension 'colcon_meta'
[0.851s] Level 1:colcon.colcon_core.package_identification:_identify(uros_ws/src/uros/micro-ROS-Agent) by extensions ['ros']
[0.851s] Level 1:colcon.colcon_core.package_identification:_identify(uros_ws/src/uros/micro-ROS-Agent) by extension 'ros'
[0.851s] Level 1:colcon.colcon_core.package_identification:_identify(uros_ws/src/uros/micro-ROS-Agent) by extensions ['cmake', 'python']
[0.851s] Level 1:colcon.colcon_core.package_identification:_identify(uros_ws/src/uros/micro-ROS-Agent) by extension 'cmake'
[0.851s] Level 1:colcon.colcon_core.package_identification:_identify(uros_ws/src/uros/micro-ROS-Agent) by extension 'python'
[0.851s] Level 1:colcon.colcon_core.package_identification:_identify(uros_ws/src/uros/micro-ROS-Agent) by extensions ['python_setup_py']
[0.851s] Level 1:colcon.colcon_core.package_identification:_identify(uros_ws/src/uros/micro-ROS-Agent) by extension 'python_setup_py'
[0.851s] Level 1:colcon.colcon_core.package_identification:_identify(uros_ws/src/uros/micro_ros_msgs) by extensions ['ignore', 'ignore_ament_install']
[0.851s] Level 1:colcon.colcon_core.package_identification:_identify(uros_ws/src/uros/micro_ros_msgs) by extension 'ignore'
[0.851s] Level 1:colcon.colcon_core.package_identification:_identify(uros_ws/src/uros/micro_ros_msgs) by extension 'ignore_ament_install'
[0.851s] Level 1:colcon.colcon_core.package_identification:_identify(uros_ws/src/uros/micro_ros_msgs) by extensions ['colcon_pkg']
[0.851s] Level 1:colcon.colcon_core.package_identification:_identify(uros_ws/src/uros/micro_ros_msgs) by extension 'colcon_pkg'
[0.852s] Level 1:colcon.colcon_core.package_identification:_identify(uros_ws/src/uros/micro_ros_msgs) by extensions ['colcon_meta']
[0.852s] Level 1:colcon.colcon_core.package_identification:_identify(uros_ws/src/uros/micro_ros_msgs) by extension 'colcon_meta'
[0.852s] Level 1:colcon.colcon_core.package_identification:_identify(uros_ws/src/uros/micro_ros_msgs) by extensions ['ros']
[0.852s] Level 1:colcon.colcon_core.package_identification:_identify(uros_ws/src/uros/micro_ros_msgs) by extension 'ros'
[0.852s] Level 1:colcon.colcon_core.package_identification:_identify(uros_ws/src/uros/micro_ros_msgs) by extensions ['cmake', 'python']
[0.852s] Level 1:colcon.colcon_core.package_identification:_identify(uros_ws/src/uros/micro_ros_msgs) by extension 'cmake'
[0.852s] Level 1:colcon.colcon_core.package_identification:_identify(uros_ws/src/uros/micro_ros_msgs) by extension 'python'
[0.852s] Level 1:colcon.colcon_core.package_identification:_identify(uros_ws/src/uros/micro_ros_msgs) by extensions ['python_setup_py']
[0.852s] Level 1:colcon.colcon_core.package_identification:_identify(uros_ws/src/uros/micro_ros_msgs) by extension 'python_setup_py'
[0.852s] Level 1:colcon.colcon_core.package_discovery:discover_packages(recursive) using defaults
[0.852s] Level 1:colcon.colcon_core.package_discovery:discover_packages(ignore) discover
[0.852s] Level 1:colcon.colcon_core.package_discovery:discover_packages(ignore) using defaults
[0.852s] Level 1:colcon.colcon_core.package_discovery:discover_packages(path) discover
[0.852s] Level 1:colcon.colcon_core.package_discovery:discover_packages(path) using defaults
[0.928s] Level 1:colcon.colcon_core.package_discovery:discover_packages(prefix_path) check parameters
[0.928s] Level 1:colcon.colcon_core.package_discovery:discover_packages(prefix_path) discover
[0.949s] DEBUG:colcon.colcon_installed_package_information.package_discovery:Found 0 installed packages in /root/ros2_ws/install
[0.966s] DEBUG:colcon.colcon_installed_package_information.package_discovery:Found 288 installed packages in /opt/ros/humble
[0.968s] Level 1:colcon.colcon_core.package_discovery:discover_packages(prefix_path) using defaults
[1.051s] Level 5:colcon.colcon_core.verb:set package 'cpp_server_client' build argument 'cmake_args' from command line to 'None'
[1.051s] Level 5:colcon.colcon_core.verb:set package 'cpp_server_client' build argument 'cmake_target' from command line to 'None'
[1.051s] Level 5:colcon.colcon_core.verb:set package 'cpp_server_client' build argument 'cmake_target_skip_unavailable' from command line to 'False'
[1.051s] Level 5:colcon.colcon_core.verb:set package 'cpp_server_client' build argument 'cmake_clean_cache' from command line to 'False'
[1.051s] Level 5:colcon.colcon_core.verb:set package 'cpp_server_client' build argument 'cmake_clean_first' from command line to 'False'
[1.051s] Level 5:colcon.colcon_core.verb:set package 'cpp_server_client' build argument 'cmake_force_configure' from command line to 'False'
[1.051s] Level 5:colcon.colcon_core.verb:set package 'cpp_server_client' build argument 'ament_cmake_args' from command line to 'None'
[1.051s] Level 5:colcon.colcon_core.verb:set package 'cpp_server_client' build argument 'catkin_cmake_args' from command line to 'None'
[1.051s] Level 5:colcon.colcon_core.verb:set package 'cpp_server_client' build argument 'catkin_skip_building_tests' from command line to 'False'
[1.052s] DEBUG:colcon.colcon_core.verb:Building package 'cpp_server_client' with the following arguments: {'ament_cmake_args': None, 'build_base': '/root/ros2_ws/build/cpp_server_client', 'catkin_cmake_args': None, 'catkin_skip_building_tests': False, 'cmake_args': None, 'cmake_clean_cache': False, 'cmake_clean_first': False, 'cmake_force_configure': False, 'cmake_target': None, 'cmake_target_skip_unavailable': False, 'install_base': '/root/ros2_ws/install/cpp_server_client', 'merge_install': False, 'path': '/root/ros2_ws/src/cpp_server_client', 'symlink_install': False, 'test_result_base': None}
[1.061s] Level 5:colcon.colcon_core.verb:set package 'cpp_topic_pubsub' build argument 'cmake_args' from command line to 'None'
[1.061s] Level 5:colcon.colcon_core.verb:set package 'cpp_topic_pubsub' build argument 'cmake_target' from command line to 'None'
[1.061s] Level 5:colcon.colcon_core.verb:set package 'cpp_topic_pubsub' build argument 'cmake_target_skip_unavailable' from command line to 'False'
[1.061s] Level 5:colcon.colcon_core.verb:set package 'cpp_topic_pubsub' build argument 'cmake_clean_cache' from command line to 'False'
[1.061s] Level 5:colcon.colcon_core.verb:set package 'cpp_topic_pubsub' build argument 'cmake_clean_first' from command line to 'False'
[1.061s] Level 5:colcon.colcon_core.verb:set package 'cpp_topic_pubsub' build argument 'cmake_force_configure' from command line to 'False'
[1.061s] Level 5:colcon.colcon_core.verb:set package 'cpp_topic_pubsub' build argument 'ament_cmake_args' from command line to 'None'
[1.061s] Level 5:colcon.colcon_core.verb:set package 'cpp_topic_pubsub' build argument 'catkin_cmake_args' from command line to 'None'
[1.061s] Level 5:colcon.colcon_core.verb:set package 'cpp_topic_pubsub' build argument 'catkin_skip_building_tests' from command line to 'False'
[1.061s] DEBUG:colcon.colcon_core.verb:Building package 'cpp_topic_pubsub' with the following arguments: {'ament_cmake_args': None, 'build_base': '/root/ros2_ws/build/cpp_topic_pubsub', 'catkin_cmake_args': None, 'catkin_skip_building_tests': False, 'cmake_args': None, 'cmake_clean_cache': False, 'cmake_clean_first': False, 'cmake_force_configure': False, 'cmake_target': None, 'cmake_target_skip_unavailable': False, 'install_base': '/root/ros2_ws/install/cpp_topic_pubsub', 'merge_install': False, 'path': '/root/ros2_ws/src/cpp_topic_pubsub', 'symlink_install': False, 'test_result_base': None}
[1.071s] Level 5:colcon.colcon_core.verb:set package 'custom_message_unity' build argument 'cmake_args' from command line to 'None'
[1.071s] Level 5:colcon.colcon_core.verb:set package 'custom_message_unity' build argument 'cmake_target' from command line to 'None'
[1.071s] Level 5:colcon.colcon_core.verb:set package 'custom_message_unity' build argument 'cmake_target_skip_unavailable' from command line to 'False'
[1.071s] Level 5:colcon.colcon_core.verb:set package 'custom_message_unity' build argument 'cmake_clean_cache' from command line to 'False'
[1.071s] Level 5:colcon.colcon_core.verb:set package 'custom_message_unity' build argument 'cmake_clean_first' from command line to 'False'
[1.071s] Level 5:colcon.colcon_core.verb:set package 'custom_message_unity' build argument 'cmake_force_configure' from command line to 'False'
[1.071s] Level 5:colcon.colcon_core.verb:set package 'custom_message_unity' build argument 'ament_cmake_args' from command line to 'None'
[1.071s] Level 5:colcon.colcon_core.verb:set package 'custom_message_unity' build argument 'catkin_cmake_args' from command line to 'None'
[1.071s] Level 5:colcon.colcon_core.verb:set package 'custom_message_unity' build argument 'catkin_skip_building_tests' from command line to 'False'
[1.071s] DEBUG:colcon.colcon_core.verb:Building package 'custom_message_unity' with the following arguments: {'ament_cmake_args': None, 'build_base': '/root/ros2_ws/build/custom_message_unity', 'catkin_cmake_args': None, 'catkin_skip_building_tests': False, 'cmake_args': None, 'cmake_clean_cache': False, 'cmake_clean_first': False, 'cmake_force_configure': False, 'cmake_target': None, 'cmake_target_skip_unavailable': False, 'install_base': '/root/ros2_ws/install/custom_message_unity', 'merge_install': False, 'path': '/root/ros2_ws/src/custom_message_unity', 'symlink_install': False, 'test_result_base': None}
[1.081s] Level 5:colcon.colcon_core.verb:set package 'custom_test_msgs' build argument 'cmake_args' from command line to 'None'
[1.081s] Level 5:colcon.colcon_core.verb:set package 'custom_test_msgs' build argument 'cmake_target' from command line to 'None'
[1.081s] Level 5:colcon.colcon_core.verb:set package 'custom_test_msgs' build argument 'cmake_target_skip_unavailable' from command line to 'False'
[1.081s] Level 5:colcon.colcon_core.verb:set package 'custom_test_msgs' build argument 'cmake_clean_cache' from command line to 'False'
[1.081s] Level 5:colcon.colcon_core.verb:set package 'custom_test_msgs' build argument 'cmake_clean_first' from command line to 'False'
[1.081s] Level 5:colcon.colcon_core.verb:set package 'custom_test_msgs' build argument 'cmake_force_configure' from command line to 'False'
[1.081s] Level 5:colcon.colcon_core.verb:set package 'custom_test_msgs' build argument 'ament_cmake_args' from command line to 'None'
[1.082s] Level 5:colcon.colcon_core.verb:set package 'custom_test_msgs' build argument 'catkin_cmake_args' from command line to 'None'
[1.082s] Level 5:colcon.colcon_core.verb:set package 'custom_test_msgs' build argument 'catkin_skip_building_tests' from command line to 'False'
[1.082s] DEBUG:colcon.colcon_core.verb:Building package 'custom_test_msgs' with the following arguments: {'ament_cmake_args': None, 'build_base': '/root/ros2_ws/build/custom_test_msgs', 'catkin_cmake_args': None, 'catkin_skip_building_tests': False, 'cmake_args': None, 'cmake_clean_cache': False, 'cmake_clean_first': False, 'cmake_force_configure': False, 'cmake_target': None, 'cmake_target_skip_unavailable': False, 'install_base': '/root/ros2_ws/install/custom_test_msgs', 'merge_install': False, 'path': '/root/ros2_ws/src/custom_test_msgs', 'symlink_install': False, 'test_result_base': None}
[1.091s] Level 5:colcon.colcon_core.verb:set package 'test_package' build argument 'cmake_args' from command line to 'None'
[1.091s] Level 5:colcon.colcon_core.verb:set package 'test_package' build argument 'cmake_target' from command line to 'None'
[1.091s] Level 5:colcon.colcon_core.verb:set package 'test_package' build argument 'cmake_target_skip_unavailable' from command line to 'False'
[1.091s] Level 5:colcon.colcon_core.verb:set package 'test_package' build argument 'cmake_clean_cache' from command line to 'False'
[1.091s] Level 5:colcon.colcon_core.verb:set package 'test_package' build argument 'cmake_clean_first' from command line to 'False'
[1.091s] Level 5:colcon.colcon_core.verb:set package 'test_package' build argument 'cmake_force_configure' from command line to 'False'
[1.091s] Level 5:colcon.colcon_core.verb:set package 'test_package' build argument 'ament_cmake_args' from command line to 'None'
[1.091s] Level 5:colcon.colcon_core.verb:set package 'test_package' build argument 'catkin_cmake_args' from command line to 'None'
[1.091s] Level 5:colcon.colcon_core.verb:set package 'test_package' build argument 'catkin_skip_building_tests' from command line to 'False'
[1.091s] DEBUG:colcon.colcon_core.verb:Building package 'test_package' with the following arguments: {'ament_cmake_args': None, 'build_base': '/root/ros2_ws/build/test_package', 'catkin_cmake_args': None, 'catkin_skip_building_tests': False, 'cmake_args': None, 'cmake_clean_cache': False, 'cmake_clean_first': False, 'cmake_force_configure': False, 'cmake_target': None, 'cmake_target_skip_unavailable': False, 'install_base': '/root/ros2_ws/install/test_package', 'merge_install': False, 'path': '/root/ros2_ws/src/test_package', 'symlink_install': False, 'test_result_base': None}
[1.101s] Level 5:colcon.colcon_core.verb:set package 'android_controll_test' build argument 'cmake_args' from command line to 'None'
[1.102s] Level 5:colcon.colcon_core.verb:set package 'android_controll_test' build argument 'cmake_target' from command line to 'None'
[1.102s] Level 5:colcon.colcon_core.verb:set package 'android_controll_test' build argument 'cmake_target_skip_unavailable' from command line to 'False'
[1.102s] Level 5:colcon.colcon_core.verb:set package 'android_controll_test' build argument 'cmake_clean_cache' from command line to 'False'
[1.102s] Level 5:colcon.colcon_core.verb:set package 'android_controll_test' build argument 'cmake_clean_first' from command line to 'False'
[1.102s] Level 5:colcon.colcon_core.verb:set package 'android_controll_test' build argument 'cmake_force_configure' from command line to 'False'
[1.102s] Level 5:colcon.colcon_core.verb:set package 'android_controll_test' build argument 'ament_cmake_args' from command line to 'None'
[1.102s] Level 5:colcon.colcon_core.verb:set package 'android_controll_test' build argument 'catkin_cmake_args' from command line to 'None'
[1.102s] Level 5:colcon.colcon_core.verb:set package 'android_controll_test' build argument 'catkin_skip_building_tests' from command line to 'False'
[1.102s] DEBUG:colcon.colcon_core.verb:Building package 'android_controll_test' with the following arguments: {'ament_cmake_args': None, 'build_base': '/root/ros2_ws/build/android_controll_test', 'catkin_cmake_args': None, 'catkin_skip_building_tests': False, 'cmake_args': None, 'cmake_clean_cache': False, 'cmake_clean_first': False, 'cmake_force_configure': False, 'cmake_target': None, 'cmake_target_skip_unavailable': False, 'install_base': '/root/ros2_ws/install/android_controll_test', 'merge_install': False, 'path': '/root/ros2_ws/src/android_controll_test', 'symlink_install': False, 'test_result_base': None}
[1.111s] INFO:colcon.colcon_core.executor:Executing jobs using 'parallel' executor
[1.123s] DEBUG:colcon.colcon_parallel_executor.executor.parallel:run_until_complete
[1.123s] INFO:colcon.colcon_ros.task.ament_cmake.build:Building ROS package in '/root/ros2_ws/src/custom_message_unity' with build type 'ament_cmake'
[1.123s] INFO:colcon.colcon_cmake.task.cmake.build:Building CMake package in '/root/ros2_ws/src/custom_message_unity'
[1.139s] INFO:colcon.colcon_core.plugin_system:Skipping extension 'colcon_core.shell.bat': Not used on non-Windows systems
[1.139s] INFO:colcon.colcon_core.shell:Skip shell extension 'powershell' for command environment: Not usable outside of PowerShell
[1.139s] DEBUG:colcon.colcon_core.shell:Skip shell extension 'dsv' for command environment
[1.174s] INFO:colcon.colcon_ros.task.ament_cmake.build:Building ROS package in '/root/ros2_ws/src/custom_test_msgs' with build type 'ament_cmake'
[1.174s] INFO:colcon.colcon_cmake.task.cmake.build:Building CMake package in '/root/ros2_ws/src/custom_test_msgs'
[1.187s] INFO:colcon.colcon_core.shell:Skip shell extension 'powershell' for command environment: Not usable outside of PowerShell
[1.187s] DEBUG:colcon.colcon_core.shell:Skip shell extension 'dsv' for command environment
[1.227s] INFO:colcon.colcon_ros.task.ament_cmake.build:Building ROS package in '/root/ros2_ws/src/cpp_server_client' with build type 'ament_cmake'
[1.227s] INFO:colcon.colcon_cmake.task.cmake.build:Building CMake package in '/root/ros2_ws/src/cpp_server_client'
[1.243s] INFO:colcon.colcon_core.shell:Skip shell extension 'powershell' for command environment: Not usable outside of PowerShell
[1.243s] DEBUG:colcon.colcon_core.shell:Skip shell extension 'dsv' for command environment
[1.276s] INFO:colcon.colcon_ros.task.ament_cmake.build:Building ROS package in '/root/ros2_ws/src/cpp_topic_pubsub' with build type 'ament_cmake'
[1.276s] INFO:colcon.colcon_cmake.task.cmake.build:Building CMake package in '/root/ros2_ws/src/cpp_topic_pubsub'
[1.287s] INFO:colcon.colcon_core.shell:Skip shell extension 'powershell' for command environment: Not usable outside of PowerShell
[1.287s] DEBUG:colcon.colcon_core.shell:Skip shell extension 'dsv' for command environment
[1.321s] INFO:colcon.colcon_ros.task.ament_cmake.build:Building ROS package in '/root/ros2_ws/src/test_package' with build type 'ament_cmake'
[1.322s] INFO:colcon.colcon_cmake.task.cmake.build:Building CMake package in '/root/ros2_ws/src/test_package'
[1.334s] INFO:colcon.colcon_core.shell:Skip shell extension 'powershell' for command environment: Not usable outside of PowerShell
[1.334s] DEBUG:colcon.colcon_core.shell:Skip shell extension 'dsv' for command environment
[1.371s] DEBUG:colcon.colcon_core.event_handler.log_command:Invoking command in '/root/ros2_ws/build/custom_message_unity': CMAKE_PREFIX_PATH=/opt/ros/humble /usr/bin/cmake /root/ros2_ws/src/custom_message_unity -DCMAKE_INSTALL_PREFIX=/root/ros2_ws/install/custom_message_unity
[1.376s] DEBUG:colcon.colcon_core.event_handler.log_command:Invoking command in '/root/ros2_ws/build/custom_test_msgs': CMAKE_PREFIX_PATH=/opt/ros/humble /usr/bin/cmake /root/ros2_ws/src/custom_test_msgs -DCMAKE_INSTALL_PREFIX=/root/ros2_ws/install/custom_test_msgs
[1.380s] DEBUG:colcon.colcon_core.event_handler.log_command:Invoking command in '/root/ros2_ws/build/cpp_server_client': CMAKE_PREFIX_PATH=/opt/ros/humble /usr/bin/cmake /root/ros2_ws/src/cpp_server_client -DCMAKE_INSTALL_PREFIX=/root/ros2_ws/install/cpp_server_client
[1.386s] DEBUG:colcon.colcon_core.event_handler.log_command:Invoking command in '/root/ros2_ws/build/cpp_topic_pubsub': CMAKE_PREFIX_PATH=/opt/ros/humble /usr/bin/cmake /root/ros2_ws/src/cpp_topic_pubsub -DCMAKE_INSTALL_PREFIX=/root/ros2_ws/install/cpp_topic_pubsub
[1.393s] DEBUG:colcon.colcon_core.event_handler.log_command:Invoking command in '/root/ros2_ws/build/test_package': CMAKE_PREFIX_PATH=/opt/ros/humble /usr/bin/cmake /root/ros2_ws/src/test_package -DCMAKE_INSTALL_PREFIX=/root/ros2_ws/install/test_package
[2.029s] DEBUG:colcon.colcon_core.event_handler.log_command:Invoked command in '/root/ros2_ws/build/test_package' returned '0': CMAKE_PREFIX_PATH=/opt/ros/humble /usr/bin/cmake /root/ros2_ws/src/test_package -DCMAKE_INSTALL_PREFIX=/root/ros2_ws/install/test_package
[2.033s] DEBUG:colcon.colcon_core.event_handler.log_command:Invoking command in '/root/ros2_ws/build/test_package': CMAKE_PREFIX_PATH=/opt/ros/humble /usr/bin/cmake --build /root/ros2_ws/build/test_package -- -j16 -l16
[2.071s] DEBUG:colcon.colcon_core.event_handler.log_command:Invoked command in '/root/ros2_ws/build/test_package' returned '0': CMAKE_PREFIX_PATH=/opt/ros/humble /usr/bin/cmake --build /root/ros2_ws/build/test_package -- -j16 -l16
[2.102s] DEBUG:colcon.colcon_core.event_handler.log_command:Invoking command in '/root/ros2_ws/build/test_package': CMAKE_PREFIX_PATH=/opt/ros/humble /usr/bin/cmake --install /root/ros2_ws/build/test_package
[2.111s] Level 1:colcon.colcon_core.environment:create_environment_scripts_only(test_package)
[2.113s] DEBUG:colcon.colcon_core.event_handler.log_command:Invoked command in '/root/ros2_ws/build/test_package' returned '0': CMAKE_PREFIX_PATH=/opt/ros/humble /usr/bin/cmake --install /root/ros2_ws/build/test_package
[2.125s] Level 1:colcon.colcon_core.environment:checking '/root/ros2_ws/install/test_package' for CMake module files
[2.125s] Level 1:colcon.colcon_core.environment:checking '/root/ros2_ws/install/test_package' for CMake config files
[2.126s] Level 1:colcon.colcon_core.shell:create_environment_hook('test_package', 'cmake_prefix_path')
[2.154s] INFO:colcon.colcon_core.shell:Creating environment hook '/root/ros2_ws/install/test_package/share/test_package/hook/cmake_prefix_path.ps1'
[2.156s] INFO:colcon.colcon_core.shell:Creating environment descriptor '/root/ros2_ws/install/test_package/share/test_package/hook/cmake_prefix_path.dsv'
[2.157s] INFO:colcon.colcon_core.shell:Creating environment hook '/root/ros2_ws/install/test_package/share/test_package/hook/cmake_prefix_path.sh'
[2.158s] Level 1:colcon.colcon_core.environment:checking '/root/ros2_ws/install/test_package/bin'
[2.158s] Level 1:colcon.colcon_core.environment:checking '/root/ros2_ws/install/test_package/lib/pkgconfig/test_package.pc'
[2.158s] Level 1:colcon.colcon_core.environment:checking '/root/ros2_ws/install/test_package/lib/python3.10/site-packages'
[2.159s] Level 1:colcon.colcon_core.environment:checking '/root/ros2_ws/install/test_package/bin'
[2.172s] INFO:colcon.colcon_core.shell:Creating package script '/root/ros2_ws/install/test_package/share/test_package/package.ps1'
[2.173s] INFO:colcon.colcon_core.shell:Creating package descriptor '/root/ros2_ws/install/test_package/share/test_package/package.dsv'
[2.173s] INFO:colcon.colcon_core.shell:Creating package script '/root/ros2_ws/install/test_package/share/test_package/package.sh'
[2.174s] INFO:colcon.colcon_core.shell:Creating package script '/root/ros2_ws/install/test_package/share/test_package/package.bash'
[2.175s] INFO:colcon.colcon_core.shell:Creating package script '/root/ros2_ws/install/test_package/share/test_package/package.zsh'
[2.175s] Level 1:colcon.colcon_core.environment:create_file_with_runtime_dependencies(/root/ros2_ws/install/test_package/share/colcon-core/packages/test_package)
[2.211s] Level 1:colcon.colcon_core.environment:create_environment_scripts_only(test_package)
[2.221s] Level 1:colcon.colcon_core.environment:checking '/root/ros2_ws/install/test_package' for CMake module files
[2.222s] Level 1:colcon.colcon_core.environment:checking '/root/ros2_ws/install/test_package' for CMake config files
[2.222s] Level 1:colcon.colcon_core.shell:create_environment_hook('test_package', 'cmake_prefix_path')
[2.240s] INFO:colcon.colcon_core.shell:Creating environment hook '/root/ros2_ws/install/test_package/share/test_package/hook/cmake_prefix_path.ps1'
[2.243s] INFO:colcon.colcon_core.shell:Creating environment descriptor '/root/ros2_ws/install/test_package/share/test_package/hook/cmake_prefix_path.dsv'
[2.244s] INFO:colcon.colcon_core.shell:Creating environment hook '/root/ros2_ws/install/test_package/share/test_package/hook/cmake_prefix_path.sh'
[2.245s] Level 1:colcon.colcon_core.environment:checking '/root/ros2_ws/install/test_package/bin'
[2.245s] Level 1:colcon.colcon_core.environment:checking '/root/ros2_ws/install/test_package/lib/pkgconfig/test_package.pc'
[2.245s] Level 1:colcon.colcon_core.environment:checking '/root/ros2_ws/install/test_package/lib/python3.10/site-packages'
[2.246s] Level 1:colcon.colcon_core.environment:checking '/root/ros2_ws/install/test_package/bin'
[2.258s] INFO:colcon.colcon_core.shell:Creating package script '/root/ros2_ws/install/test_package/share/test_package/package.ps1'
[2.259s] INFO:colcon.colcon_core.shell:Creating package descriptor '/root/ros2_ws/install/test_package/share/test_package/package.dsv'
[2.259s] INFO:colcon.colcon_core.shell:Creating package script '/root/ros2_ws/install/test_package/share/test_package/package.sh'
[2.260s] INFO:colcon.colcon_core.shell:Creating package script '/root/ros2_ws/install/test_package/share/test_package/package.bash'
[2.260s] INFO:colcon.colcon_core.shell:Creating package script '/root/ros2_ws/install/test_package/share/test_package/package.zsh'
[2.260s] Level 1:colcon.colcon_core.environment:create_file_with_runtime_dependencies(/root/ros2_ws/install/test_package/share/colcon-core/packages/test_package)
[2.912s] DEBUG:colcon.colcon_core.event_handler.log_command:Invoked command in '/root/ros2_ws/build/custom_message_unity' returned '0': CMAKE_PREFIX_PATH=/opt/ros/humble /usr/bin/cmake /root/ros2_ws/src/custom_message_unity -DCMAKE_INSTALL_PREFIX=/root/ros2_ws/install/custom_message_unity
[2.916s] DEBUG:colcon.colcon_core.event_handler.log_command:Invoking command in '/root/ros2_ws/build/custom_message_unity': CMAKE_PREFIX_PATH=/opt/ros/humble /usr/bin/cmake --build /root/ros2_ws/build/custom_message_unity -- -j16 -l16
[2.921s] DEBUG:colcon.colcon_core.event_handler.log_command:Invoked command in '/root/ros2_ws/build/custom_test_msgs' returned '0': CMAKE_PREFIX_PATH=/opt/ros/humble /usr/bin/cmake /root/ros2_ws/src/custom_test_msgs -DCMAKE_INSTALL_PREFIX=/root/ros2_ws/install/custom_test_msgs
[2.922s] DEBUG:colcon.colcon_core.event_handler.log_command:Invoking command in '/root/ros2_ws/build/custom_test_msgs': CMAKE_PREFIX_PATH=/opt/ros/humble /usr/bin/cmake --build /root/ros2_ws/build/custom_test_msgs -- -j16 -l16
[3.737s] DEBUG:colcon.colcon_core.event_handler.log_command:Invoked command in '/root/ros2_ws/build/cpp_topic_pubsub' returned '0': CMAKE_PREFIX_PATH=/opt/ros/humble /usr/bin/cmake /root/ros2_ws/src/cpp_topic_pubsub -DCMAKE_INSTALL_PREFIX=/root/ros2_ws/install/cpp_topic_pubsub
[3.740s] DEBUG:colcon.colcon_core.event_handler.log_command:Invoking command in '/root/ros2_ws/build/cpp_topic_pubsub': CMAKE_PREFIX_PATH=/opt/ros/humble /usr/bin/cmake --build /root/ros2_ws/build/cpp_topic_pubsub -- -j16 -l16
[3.764s] DEBUG:colcon.colcon_core.event_handler.log_command:Invoked command in '/root/ros2_ws/build/cpp_server_client' returned '0': CMAKE_PREFIX_PATH=/opt/ros/humble /usr/bin/cmake /root/ros2_ws/src/cpp_server_client -DCMAKE_INSTALL_PREFIX=/root/ros2_ws/install/cpp_server_client
[3.765s] DEBUG:colcon.colcon_core.event_handler.log_command:Invoking command in '/root/ros2_ws/build/cpp_server_client': CMAKE_PREFIX_PATH=/opt/ros/humble /usr/bin/cmake --build /root/ros2_ws/build/cpp_server_client -- -j16 -l16
[5.655s] DEBUG:colcon.colcon_core.event_handler.log_command:Invoked command in '/root/ros2_ws/build/custom_message_unity' returned '0': CMAKE_PREFIX_PATH=/opt/ros/humble /usr/bin/cmake --build /root/ros2_ws/build/custom_message_unity -- -j16 -l16
[5.767s] DEBUG:colcon.colcon_core.event_handler.log_command:Invoking command in '/root/ros2_ws/build/custom_message_unity': CMAKE_PREFIX_PATH=/opt/ros/humble /usr/bin/cmake --install /root/ros2_ws/build/custom_message_unity
[5.860s] Level 1:colcon.colcon_core.environment:create_environment_scripts_only(custom_message_unity)
[5.867s] DEBUG:colcon.colcon_core.event_handler.log_command:Invoked command in '/root/ros2_ws/build/custom_message_unity' returned '0': CMAKE_PREFIX_PATH=/opt/ros/humble /usr/bin/cmake --install /root/ros2_ws/build/custom_message_unity
[5.889s] Level 1:colcon.colcon_core.environment:checking '/root/ros2_ws/install/custom_message_unity' for CMake module files
[5.890s] Level 1:colcon.colcon_core.environment:checking '/root/ros2_ws/install/custom_message_unity' for CMake config files
[5.891s] Level 1:colcon.colcon_core.shell:create_environment_hook('custom_message_unity', 'cmake_prefix_path')
[5.925s] INFO:colcon.colcon_core.shell:Creating environment hook '/root/ros2_ws/install/custom_message_unity/share/custom_message_unity/hook/cmake_prefix_path.ps1'
[5.925s] INFO:colcon.colcon_core.shell:Creating environment descriptor '/root/ros2_ws/install/custom_message_unity/share/custom_message_unity/hook/cmake_prefix_path.dsv'
[5.926s] INFO:colcon.colcon_core.shell:Creating environment hook '/root/ros2_ws/install/custom_message_unity/share/custom_message_unity/hook/cmake_prefix_path.sh'
[5.927s] Level 1:colcon.colcon_core.environment:checking '/root/ros2_ws/install/custom_message_unity/lib'
[5.927s] Level 1:colcon.colcon_core.shell:create_environment_hook('custom_message_unity', 'ld_library_path_lib')
[5.942s] INFO:colcon.colcon_core.shell:Creating environment hook '/root/ros2_ws/install/custom_message_unity/share/custom_message_unity/hook/ld_library_path_lib.ps1'
[5.943s] INFO:colcon.colcon_core.shell:Creating environment descriptor '/root/ros2_ws/install/custom_message_unity/share/custom_message_unity/hook/ld_library_path_lib.dsv'
[5.943s] INFO:colcon.colcon_core.shell:Creating environment hook '/root/ros2_ws/install/custom_message_unity/share/custom_message_unity/hook/ld_library_path_lib.sh'
[5.944s] Level 1:colcon.colcon_core.environment:checking '/root/ros2_ws/install/custom_message_unity/bin'
[5.944s] Level 1:colcon.colcon_core.environment:checking '/root/ros2_ws/install/custom_message_unity/lib/pkgconfig/custom_message_unity.pc'
[5.944s] Level 1:colcon.colcon_core.environment:checking '/root/ros2_ws/install/custom_message_unity/lib/python3.10/site-packages'
[5.944s] Level 1:colcon.colcon_core.environment:checking '/root/ros2_ws/install/custom_message_unity/bin'
[5.957s] INFO:colcon.colcon_core.shell:Creating package script '/root/ros2_ws/install/custom_message_unity/share/custom_message_unity/package.ps1'
[5.958s] INFO:colcon.colcon_core.shell:Creating package descriptor '/root/ros2_ws/install/custom_message_unity/share/custom_message_unity/package.dsv'
[5.958s] INFO:colcon.colcon_core.shell:Creating package script '/root/ros2_ws/install/custom_message_unity/share/custom_message_unity/package.sh'
[5.959s] INFO:colcon.colcon_core.shell:Creating package script '/root/ros2_ws/install/custom_message_unity/share/custom_message_unity/package.bash'
[5.959s] INFO:colcon.colcon_core.shell:Creating package script '/root/ros2_ws/install/custom_message_unity/share/custom_message_unity/package.zsh'
[5.959s] Level 1:colcon.colcon_core.environment:create_file_with_runtime_dependencies(/root/ros2_ws/install/custom_message_unity/share/colcon-core/packages/custom_message_unity)
[6.011s] DEBUG:colcon.colcon_core.event_handler.log_command:Invoked command in '/root/ros2_ws/build/custom_test_msgs' returned '0': CMAKE_PREFIX_PATH=/opt/ros/humble /usr/bin/cmake --build /root/ros2_ws/build/custom_test_msgs -- -j16 -l16
[6.111s] Level 1:colcon.colcon_core.environment:create_environment_scripts_only(custom_message_unity)
[6.134s] Level 1:colcon.colcon_core.environment:checking '/root/ros2_ws/install/custom_message_unity' for CMake module files
[6.135s] Level 1:colcon.colcon_core.environment:checking '/root/ros2_ws/install/custom_message_unity' for CMake config files
[6.136s] Level 1:colcon.colcon_core.shell:create_environment_hook('custom_message_unity', 'cmake_prefix_path')
[6.157s] INFO:colcon.colcon_core.shell:Creating environment hook '/root/ros2_ws/install/custom_message_unity/share/custom_message_unity/hook/cmake_prefix_path.ps1'
[6.158s] INFO:colcon.colcon_core.shell:Creating environment descriptor '/root/ros2_ws/install/custom_message_unity/share/custom_message_unity/hook/cmake_prefix_path.dsv'
[6.158s] INFO:colcon.colcon_core.shell:Creating environment hook '/root/ros2_ws/install/custom_message_unity/share/custom_message_unity/hook/cmake_prefix_path.sh'
[6.159s] Level 1:colcon.colcon_core.environment:checking '/root/ros2_ws/install/custom_message_unity/lib'
[6.159s] Level 1:colcon.colcon_core.shell:create_environment_hook('custom_message_unity', 'ld_library_path_lib')
[6.190s] INFO:colcon.colcon_core.shell:Creating environment hook '/root/ros2_ws/install/custom_message_unity/share/custom_message_unity/hook/ld_library_path_lib.ps1'
[6.191s] INFO:colcon.colcon_core.shell:Creating environment descriptor '/root/ros2_ws/install/custom_message_unity/share/custom_message_unity/hook/ld_library_path_lib.dsv'
[6.191s] INFO:colcon.colcon_core.shell:Creating environment hook '/root/ros2_ws/install/custom_message_unity/share/custom_message_unity/hook/ld_library_path_lib.sh'
[6.192s] Level 1:colcon.colcon_core.environment:checking '/root/ros2_ws/install/custom_message_unity/bin'
[6.192s] Level 1:colcon.colcon_core.environment:checking '/root/ros2_ws/install/custom_message_unity/lib/pkgconfig/custom_message_unity.pc'
[6.192s] Level 1:colcon.colcon_core.environment:checking '/root/ros2_ws/install/custom_message_unity/lib/python3.10/site-packages'
[6.193s] Level 1:colcon.colcon_core.environment:checking '/root/ros2_ws/install/custom_message_unity/bin'
[6.207s] INFO:colcon.colcon_core.shell:Creating package script '/root/ros2_ws/install/custom_message_unity/share/custom_message_unity/package.ps1'
[6.208s] INFO:colcon.colcon_core.shell:Creating package descriptor '/root/ros2_ws/install/custom_message_unity/share/custom_message_unity/package.dsv'
[6.208s] INFO:colcon.colcon_core.shell:Creating package script '/root/ros2_ws/install/custom_message_unity/share/custom_message_unity/package.sh'
[6.208s] INFO:colcon.colcon_core.shell:Creating package script '/root/ros2_ws/install/custom_message_unity/share/custom_message_unity/package.bash'
[6.209s] INFO:colcon.colcon_core.shell:Creating package script '/root/ros2_ws/install/custom_message_unity/share/custom_message_unity/package.zsh'
[6.209s] Level 1:colcon.colcon_core.environment:create_file_with_runtime_dependencies(/root/ros2_ws/install/custom_message_unity/share/colcon-core/packages/custom_message_unity)
[6.218s] DEBUG:colcon.colcon_core.event_handler.log_command:Invoking command in '/root/ros2_ws/build/custom_test_msgs': CMAKE_PREFIX_PATH=/opt/ros/humble /usr/bin/cmake --install /root/ros2_ws/build/custom_test_msgs
[6.351s] Level 1:colcon.colcon_core.environment:create_environment_scripts_only(custom_test_msgs)
[6.353s] DEBUG:colcon.colcon_core.event_handler.log_command:Invoked command in '/root/ros2_ws/build/custom_test_msgs' returned '0': CMAKE_PREFIX_PATH=/opt/ros/humble /usr/bin/cmake --install /root/ros2_ws/build/custom_test_msgs
[6.375s] Level 1:colcon.colcon_core.environment:checking '/root/ros2_ws/install/custom_test_msgs' for CMake module files
[6.377s] Level 1:colcon.colcon_core.environment:checking '/root/ros2_ws/install/custom_test_msgs' for CMake config files
[6.378s] Level 1:colcon.colcon_core.shell:create_environment_hook('custom_test_msgs', 'cmake_prefix_path')
[6.407s] INFO:colcon.colcon_core.shell:Creating environment hook '/root/ros2_ws/install/custom_test_msgs/share/custom_test_msgs/hook/cmake_prefix_path.ps1'
[6.408s] INFO:colcon.colcon_core.shell:Creating environment descriptor '/root/ros2_ws/install/custom_test_msgs/share/custom_test_msgs/hook/cmake_prefix_path.dsv'
[6.408s] INFO:colcon.colcon_core.shell:Creating environment hook '/root/ros2_ws/install/custom_test_msgs/share/custom_test_msgs/hook/cmake_prefix_path.sh'
[6.409s] Level 1:colcon.colcon_core.environment:checking '/root/ros2_ws/install/custom_test_msgs/lib'
[6.410s] Level 1:colcon.colcon_core.shell:create_environment_hook('custom_test_msgs', 'ld_library_path_lib')
[6.429s] INFO:colcon.colcon_core.shell:Creating environment hook '/root/ros2_ws/install/custom_test_msgs/share/custom_test_msgs/hook/ld_library_path_lib.ps1'
[6.429s] INFO:colcon.colcon_core.shell:Creating environment descriptor '/root/ros2_ws/install/custom_test_msgs/share/custom_test_msgs/hook/ld_library_path_lib.dsv'
[6.430s] INFO:colcon.colcon_core.shell:Creating environment hook '/root/ros2_ws/install/custom_test_msgs/share/custom_test_msgs/hook/ld_library_path_lib.sh'
[6.431s] Level 1:colcon.colcon_core.environment:checking '/root/ros2_ws/install/custom_test_msgs/bin'
[6.431s] Level 1:colcon.colcon_core.environment:checking '/root/ros2_ws/install/custom_test_msgs/lib/pkgconfig/custom_test_msgs.pc'
[6.432s] Level 1:colcon.colcon_core.environment:checking '/root/ros2_ws/install/custom_test_msgs/lib/python3.10/site-packages'
[6.432s] Level 1:colcon.colcon_core.environment:checking '/root/ros2_ws/install/custom_test_msgs/bin'
[6.456s] INFO:colcon.colcon_core.shell:Creating package script '/root/ros2_ws/install/custom_test_msgs/share/custom_test_msgs/package.ps1'
[6.457s] INFO:colcon.colcon_core.shell:Creating package descriptor '/root/ros2_ws/install/custom_test_msgs/share/custom_test_msgs/package.dsv'
[6.458s] INFO:colcon.colcon_core.shell:Creating package script '/root/ros2_ws/install/custom_test_msgs/share/custom_test_msgs/package.sh'
[6.459s] INFO:colcon.colcon_core.shell:Creating package script '/root/ros2_ws/install/custom_test_msgs/share/custom_test_msgs/package.bash'
[6.459s] INFO:colcon.colcon_core.shell:Creating package script '/root/ros2_ws/install/custom_test_msgs/share/custom_test_msgs/package.zsh'
[6.460s] Level 1:colcon.colcon_core.environment:create_file_with_runtime_dependencies(/root/ros2_ws/install/custom_test_msgs/share/colcon-core/packages/custom_test_msgs)
[6.613s] Level 1:colcon.colcon_core.environment:create_environment_scripts_only(custom_test_msgs)
[6.635s] Level 1:colcon.colcon_core.environment:checking '/root/ros2_ws/install/custom_test_msgs' for CMake module files
[6.637s] Level 1:colcon.colcon_core.environment:checking '/root/ros2_ws/install/custom_test_msgs' for CMake config files
[6.638s] Level 1:colcon.colcon_core.shell:create_environment_hook('custom_test_msgs', 'cmake_prefix_path')
[6.655s] INFO:colcon.colcon_core.shell:Creating environment hook '/root/ros2_ws/install/custom_test_msgs/share/custom_test_msgs/hook/cmake_prefix_path.ps1'
[6.655s] INFO:colcon.colcon_core.shell:Creating environment descriptor '/root/ros2_ws/install/custom_test_msgs/share/custom_test_msgs/hook/cmake_prefix_path.dsv'
[6.656s] INFO:colcon.colcon_core.shell:Creating environment hook '/root/ros2_ws/install/custom_test_msgs/share/custom_test_msgs/hook/cmake_prefix_path.sh'
[6.656s] Level 1:colcon.colcon_core.environment:checking '/root/ros2_ws/install/custom_test_msgs/lib'
[6.657s] Level 1:colcon.colcon_core.shell:create_environment_hook('custom_test_msgs', 'ld_library_path_lib')
[6.675s] INFO:colcon.colcon_core.shell:Creating environment hook '/root/ros2_ws/install/custom_test_msgs/share/custom_test_msgs/hook/ld_library_path_lib.ps1'
[6.675s] INFO:colcon.colcon_core.shell:Creating environment descriptor '/root/ros2_ws/install/custom_test_msgs/share/custom_test_msgs/hook/ld_library_path_lib.dsv'
[6.676s] INFO:colcon.colcon_core.shell:Creating environment hook '/root/ros2_ws/install/custom_test_msgs/share/custom_test_msgs/hook/ld_library_path_lib.sh'
[6.676s] Level 1:colcon.colcon_core.environment:checking '/root/ros2_ws/install/custom_test_msgs/bin'
[6.676s] Level 1:colcon.colcon_core.environment:checking '/root/ros2_ws/install/custom_test_msgs/lib/pkgconfig/custom_test_msgs.pc'
[6.677s] Level 1:colcon.colcon_core.environment:checking '/root/ros2_ws/install/custom_test_msgs/lib/python3.10/site-packages'
[6.677s] Level 1:colcon.colcon_core.environment:checking '/root/ros2_ws/install/custom_test_msgs/bin'
[6.690s] INFO:colcon.colcon_core.shell:Creating package script '/root/ros2_ws/install/custom_test_msgs/share/custom_test_msgs/package.ps1'
[6.691s] INFO:colcon.colcon_core.shell:Creating package descriptor '/root/ros2_ws/install/custom_test_msgs/share/custom_test_msgs/package.dsv'
[6.691s] INFO:colcon.colcon_core.shell:Creating package script '/root/ros2_ws/install/custom_test_msgs/share/custom_test_msgs/package.sh'
[6.692s] INFO:colcon.colcon_core.shell:Creating package script '/root/ros2_ws/install/custom_test_msgs/share/custom_test_msgs/package.bash'
[6.692s] INFO:colcon.colcon_core.shell:Creating package script '/root/ros2_ws/install/custom_test_msgs/share/custom_test_msgs/package.zsh'
[6.693s] Level 1:colcon.colcon_core.environment:create_file_with_runtime_dependencies(/root/ros2_ws/install/custom_test_msgs/share/colcon-core/packages/custom_test_msgs)
[6.693s] INFO:colcon.colcon_ros.task.ament_cmake.build:Building ROS package in '/root/ros2_ws/src/android_controll_test' with build type 'ament_cmake'
[6.693s] INFO:colcon.colcon_cmake.task.cmake.build:Building CMake package in '/root/ros2_ws/src/android_controll_test'
[6.713s] INFO:colcon.colcon_core.shell:Skip shell extension 'powershell' for command environment: Not usable outside of PowerShell
[6.713s] DEBUG:colcon.colcon_core.shell:Skip shell extension 'dsv' for command environment
[6.795s] DEBUG:colcon.colcon_core.event_handler.log_command:Invoking command in '/root/ros2_ws/build/android_controll_test': AMENT_PREFIX_PATH=/root/ros2_ws/install/custom_test_msgs:/root/ros2_ws/install/custom_message_unity:${AMENT_PREFIX_PATH} CMAKE_PREFIX_PATH=/root/ros2_ws/install/custom_test_msgs:/root/ros2_ws/install/custom_message_unity:/opt/ros/humble LD_LIBRARY_PATH=/root/ros2_ws/install/custom_test_msgs/lib:/root/ros2_ws/install/custom_message_unity/lib:${LD_LIBRARY_PATH} PYTHONPATH=/root/ros2_ws/install/custom_test_msgs/local/lib/python3.10/dist-packages:/root/ros2_ws/install/custom_message_unity/local/lib/python3.10/dist-packages:${PYTHONPATH} /usr/bin/cmake /root/ros2_ws/src/android_controll_test -DCMAKE_INSTALL_PREFIX=/root/ros2_ws/install/android_controll_test
[9.895s] DEBUG:colcon.colcon_core.event_handler.log_command:Invoked command in '/root/ros2_ws/build/android_controll_test' returned '0': AMENT_PREFIX_PATH=/root/ros2_ws/install/custom_test_msgs:/root/ros2_ws/install/custom_message_unity:${AMENT_PREFIX_PATH} CMAKE_PREFIX_PATH=/root/ros2_ws/install/custom_test_msgs:/root/ros2_ws/install/custom_message_unity:/opt/ros/humble LD_LIBRARY_PATH=/root/ros2_ws/install/custom_test_msgs/lib:/root/ros2_ws/install/custom_message_unity/lib:${LD_LIBRARY_PATH} PYTHONPATH=/root/ros2_ws/install/custom_test_msgs/local/lib/python3.10/dist-packages:/root/ros2_ws/install/custom_message_unity/local/lib/python3.10/dist-packages:${PYTHONPATH} /usr/bin/cmake /root/ros2_ws/src/android_controll_test -DCMAKE_INSTALL_PREFIX=/root/ros2_ws/install/android_controll_test
[9.896s] DEBUG:colcon.colcon_core.event_handler.log_command:Invoking command in '/root/ros2_ws/build/android_controll_test': AMENT_PREFIX_PATH=/root/ros2_ws/install/custom_test_msgs:/root/ros2_ws/install/custom_message_unity:${AMENT_PREFIX_PATH} CMAKE_PREFIX_PATH=/root/ros2_ws/install/custom_test_msgs:/root/ros2_ws/install/custom_message_unity:/opt/ros/humble LD_LIBRARY_PATH=/root/ros2_ws/install/custom_test_msgs/lib:/root/ros2_ws/install/custom_message_unity/lib:${LD_LIBRARY_PATH} PYTHONPATH=/root/ros2_ws/install/custom_test_msgs/local/lib/python3.10/dist-packages:/root/ros2_ws/install/custom_message_unity/local/lib/python3.10/dist-packages:${PYTHONPATH} /usr/bin/cmake --build /root/ros2_ws/build/android_controll_test -- -j16 -l16
[10.756s] DEBUG:colcon.colcon_core.event_handler.log_command:Invoked command in '/root/ros2_ws/build/cpp_server_client' returned '0': CMAKE_PREFIX_PATH=/opt/ros/humble /usr/bin/cmake --build /root/ros2_ws/build/cpp_server_client -- -j16 -l16
[10.849s] DEBUG:colcon.colcon_core.event_handler.log_command:Invoking command in '/root/ros2_ws/build/cpp_server_client': CMAKE_PREFIX_PATH=/opt/ros/humble /usr/bin/cmake --install /root/ros2_ws/build/cpp_server_client
[10.961s] Level 1:colcon.colcon_core.environment:create_environment_scripts_only(cpp_server_client)
[10.962s] DEBUG:colcon.colcon_core.event_handler.log_command:Invoked command in '/root/ros2_ws/build/cpp_server_client' returned '0': CMAKE_PREFIX_PATH=/opt/ros/humble /usr/bin/cmake --install /root/ros2_ws/build/cpp_server_client
[10.990s] Level 1:colcon.colcon_core.environment:checking '/root/ros2_ws/install/cpp_server_client' for CMake module files
[10.991s] Level 1:colcon.colcon_core.environment:checking '/root/ros2_ws/install/cpp_server_client' for CMake config files
[10.992s] Level 1:colcon.colcon_core.shell:create_environment_hook('cpp_server_client', 'cmake_prefix_path')
[11.017s] INFO:colcon.colcon_core.shell:Creating environment hook '/root/ros2_ws/install/cpp_server_client/share/cpp_server_client/hook/cmake_prefix_path.ps1'
[11.018s] INFO:colcon.colcon_core.shell:Creating environment descriptor '/root/ros2_ws/install/cpp_server_client/share/cpp_server_client/hook/cmake_prefix_path.dsv'
[11.019s] INFO:colcon.colcon_core.shell:Creating environment hook '/root/ros2_ws/install/cpp_server_client/share/cpp_server_client/hook/cmake_prefix_path.sh'
[11.020s] Level 1:colcon.colcon_core.environment:checking '/root/ros2_ws/install/cpp_server_client/lib'
[11.020s] Level 1:colcon.colcon_core.shell:create_environment_hook('cpp_server_client', 'ld_library_path_lib')
[11.039s] INFO:colcon.colcon_core.shell:Creating environment hook '/root/ros2_ws/install/cpp_server_client/share/cpp_server_client/hook/ld_library_path_lib.ps1'
[11.039s] INFO:colcon.colcon_core.shell:Creating environment descriptor '/root/ros2_ws/install/cpp_server_client/share/cpp_server_client/hook/ld_library_path_lib.dsv'
[11.040s] INFO:colcon.colcon_core.shell:Creating environment hook '/root/ros2_ws/install/cpp_server_client/share/cpp_server_client/hook/ld_library_path_lib.sh'
[11.041s] Level 1:colcon.colcon_core.environment:checking '/root/ros2_ws/install/cpp_server_client/bin'
[11.041s] Level 1:colcon.colcon_core.environment:checking '/root/ros2_ws/install/cpp_server_client/lib/pkgconfig/cpp_server_client.pc'
[11.041s] Level 1:colcon.colcon_core.environment:checking '/root/ros2_ws/install/cpp_server_client/lib/python3.10/site-packages'
[11.042s] Level 1:colcon.colcon_core.environment:checking '/root/ros2_ws/install/cpp_server_client/bin'
[11.068s] INFO:colcon.colcon_core.shell:Creating package script '/root/ros2_ws/install/cpp_server_client/share/cpp_server_client/package.ps1'
[11.069s] INFO:colcon.colcon_core.shell:Creating package descriptor '/root/ros2_ws/install/cpp_server_client/share/cpp_server_client/package.dsv'
[11.069s] INFO:colcon.colcon_core.shell:Creating package script '/root/ros2_ws/install/cpp_server_client/share/cpp_server_client/package.sh'
[11.070s] INFO:colcon.colcon_core.shell:Creating package script '/root/ros2_ws/install/cpp_server_client/share/cpp_server_client/package.bash'
[11.071s] INFO:colcon.colcon_core.shell:Creating package script '/root/ros2_ws/install/cpp_server_client/share/cpp_server_client/package.zsh'
[11.071s] Level 1:colcon.colcon_core.environment:create_file_with_runtime_dependencies(/root/ros2_ws/install/cpp_server_client/share/colcon-core/packages/cpp_server_client)
[11.179s] Level 1:colcon.colcon_core.environment:create_environment_scripts_only(cpp_server_client)
[11.198s] Level 1:colcon.colcon_core.environment:checking '/root/ros2_ws/install/cpp_server_client' for CMake module files
[11.199s] Level 1:colcon.colcon_core.environment:checking '/root/ros2_ws/install/cpp_server_client' for CMake config files
[11.200s] Level 1:colcon.colcon_core.shell:create_environment_hook('cpp_server_client', 'cmake_prefix_path')
[11.220s] INFO:colcon.colcon_core.shell:Creating environment hook '/root/ros2_ws/install/cpp_server_client/share/cpp_server_client/hook/cmake_prefix_path.ps1'
[11.220s] INFO:colcon.colcon_core.shell:Creating environment descriptor '/root/ros2_ws/install/cpp_server_client/share/cpp_server_client/hook/cmake_prefix_path.dsv'
[11.221s] INFO:colcon.colcon_core.shell:Creating environment hook '/root/ros2_ws/install/cpp_server_client/share/cpp_server_client/hook/cmake_prefix_path.sh'
[11.221s] Level 1:colcon.colcon_core.environment:checking '/root/ros2_ws/install/cpp_server_client/lib'
[11.222s] Level 1:colcon.colcon_core.shell:create_environment_hook('cpp_server_client', 'ld_library_path_lib')
[11.241s] INFO:colcon.colcon_core.shell:Creating environment hook '/root/ros2_ws/install/cpp_server_client/share/cpp_server_client/hook/ld_library_path_lib.ps1'
[11.241s] INFO:colcon.colcon_core.shell:Creating environment descriptor '/root/ros2_ws/install/cpp_server_client/share/cpp_server_client/hook/ld_library_path_lib.dsv'
[11.241s] INFO:colcon.colcon_core.shell:Creating environment hook '/root/ros2_ws/install/cpp_server_client/share/cpp_server_client/hook/ld_library_path_lib.sh'
[11.242s] Level 1:colcon.colcon_core.environment:checking '/root/ros2_ws/install/cpp_server_client/bin'
[11.242s] Level 1:colcon.colcon_core.environment:checking '/root/ros2_ws/install/cpp_server_client/lib/pkgconfig/cpp_server_client.pc'
[11.242s] Level 1:colcon.colcon_core.environment:checking '/root/ros2_ws/install/cpp_server_client/lib/python3.10/site-packages'
[11.242s] Level 1:colcon.colcon_core.environment:checking '/root/ros2_ws/install/cpp_server_client/bin'
[11.254s] INFO:colcon.colcon_core.shell:Creating package script '/root/ros2_ws/install/cpp_server_client/share/cpp_server_client/package.ps1'
[11.254s] INFO:colcon.colcon_core.shell:Creating package descriptor '/root/ros2_ws/install/cpp_server_client/share/cpp_server_client/package.dsv'
[11.255s] INFO:colcon.colcon_core.shell:Creating package script '/root/ros2_ws/install/cpp_server_client/share/cpp_server_client/package.sh'
[11.255s] INFO:colcon.colcon_core.shell:Creating package script '/root/ros2_ws/install/cpp_server_client/share/cpp_server_client/package.bash'
[11.255s] INFO:colcon.colcon_core.shell:Creating package script '/root/ros2_ws/install/cpp_server_client/share/cpp_server_client/package.zsh'
[11.256s] Level 1:colcon.colcon_core.environment:create_file_with_runtime_dependencies(/root/ros2_ws/install/cpp_server_client/share/colcon-core/packages/cpp_server_client)
[15.721s] DEBUG:colcon.colcon_core.event_handler.log_command:Invoked command in '/root/ros2_ws/build/cpp_topic_pubsub' returned '0': CMAKE_PREFIX_PATH=/opt/ros/humble /usr/bin/cmake --build /root/ros2_ws/build/cpp_topic_pubsub -- -j16 -l16
[15.774s] DEBUG:colcon.colcon_core.event_handler.log_command:Invoking command in '/root/ros2_ws/build/cpp_topic_pubsub': CMAKE_PREFIX_PATH=/opt/ros/humble /usr/bin/cmake --install /root/ros2_ws/build/cpp_topic_pubsub
[15.839s] Level 1:colcon.colcon_core.environment:create_environment_scripts_only(cpp_topic_pubsub)
[15.839s] DEBUG:colcon.colcon_core.event_handler.log_command:Invoked command in '/root/ros2_ws/build/cpp_topic_pubsub' returned '0': CMAKE_PREFIX_PATH=/opt/ros/humble /usr/bin/cmake --install /root/ros2_ws/build/cpp_topic_pubsub
[15.850s] Level 1:colcon.colcon_core.environment:checking '/root/ros2_ws/install/cpp_topic_pubsub' for CMake module files
[15.850s] Level 1:colcon.colcon_core.environment:checking '/root/ros2_ws/install/cpp_topic_pubsub' for CMake config files
[15.851s] Level 1:colcon.colcon_core.shell:create_environment_hook('cpp_topic_pubsub', 'cmake_prefix_path')
[15.862s] INFO:colcon.colcon_core.shell:Creating environment hook '/root/ros2_ws/install/cpp_topic_pubsub/share/cpp_topic_pubsub/hook/cmake_prefix_path.ps1'
[15.862s] INFO:colcon.colcon_core.shell:Creating environment descriptor '/root/ros2_ws/install/cpp_topic_pubsub/share/cpp_topic_pubsub/hook/cmake_prefix_path.dsv'
[15.863s] INFO:colcon.colcon_core.shell:Creating environment hook '/root/ros2_ws/install/cpp_topic_pubsub/share/cpp_topic_pubsub/hook/cmake_prefix_path.sh'
[15.863s] Level 1:colcon.colcon_core.environment:checking '/root/ros2_ws/install/cpp_topic_pubsub/lib'
[15.863s] Level 1:colcon.colcon_core.shell:create_environment_hook('cpp_topic_pubsub', 'ld_library_path_lib')
[15.873s] INFO:colcon.colcon_core.shell:Creating environment hook '/root/ros2_ws/install/cpp_topic_pubsub/share/cpp_topic_pubsub/hook/ld_library_path_lib.ps1'
[15.874s] INFO:colcon.colcon_core.shell:Creating environment descriptor '/root/ros2_ws/install/cpp_topic_pubsub/share/cpp_topic_pubsub/hook/ld_library_path_lib.dsv'
[15.874s] INFO:colcon.colcon_core.shell:Creating environment hook '/root/ros2_ws/install/cpp_topic_pubsub/share/cpp_topic_pubsub/hook/ld_library_path_lib.sh'
[15.874s] Level 1:colcon.colcon_core.environment:checking '/root/ros2_ws/install/cpp_topic_pubsub/bin'
[15.874s] Level 1:colcon.colcon_core.environment:checking '/root/ros2_ws/install/cpp_topic_pubsub/lib/pkgconfig/cpp_topic_pubsub.pc'
[15.875s] Level 1:colcon.colcon_core.environment:checking '/root/ros2_ws/install/cpp_topic_pubsub/lib/python3.10/site-packages'
[15.875s] Level 1:colcon.colcon_core.environment:checking '/root/ros2_ws/install/cpp_topic_pubsub/bin'
[15.885s] INFO:colcon.colcon_core.shell:Creating package script '/root/ros2_ws/install/cpp_topic_pubsub/share/cpp_topic_pubsub/package.ps1'
[15.885s] INFO:colcon.colcon_core.shell:Creating package descriptor '/root/ros2_ws/install/cpp_topic_pubsub/share/cpp_topic_pubsub/package.dsv'
[15.886s] INFO:colcon.colcon_core.shell:Creating package script '/root/ros2_ws/install/cpp_topic_pubsub/share/cpp_topic_pubsub/package.sh'
[15.886s] INFO:colcon.colcon_core.shell:Creating package script '/root/ros2_ws/install/cpp_topic_pubsub/share/cpp_topic_pubsub/package.bash'
[15.886s] INFO:colcon.colcon_core.shell:Creating package script '/root/ros2_ws/install/cpp_topic_pubsub/share/cpp_topic_pubsub/package.zsh'
[15.886s] Level 1:colcon.colcon_core.environment:create_file_with_runtime_dependencies(/root/ros2_ws/install/cpp_topic_pubsub/share/colcon-core/packages/cpp_topic_pubsub)
[15.954s] Level 1:colcon.colcon_core.environment:create_environment_scripts_only(cpp_topic_pubsub)
[15.964s] Level 1:colcon.colcon_core.environment:checking '/root/ros2_ws/install/cpp_topic_pubsub' for CMake module files
[15.964s] Level 1:colcon.colcon_core.environment:checking '/root/ros2_ws/install/cpp_topic_pubsub' for CMake config files
[15.965s] Level 1:colcon.colcon_core.shell:create_environment_hook('cpp_topic_pubsub', 'cmake_prefix_path')
[15.974s] INFO:colcon.colcon_core.shell:Creating environment hook '/root/ros2_ws/install/cpp_topic_pubsub/share/cpp_topic_pubsub/hook/cmake_prefix_path.ps1'
[15.975s] INFO:colcon.colcon_core.shell:Creating environment descriptor '/root/ros2_ws/install/cpp_topic_pubsub/share/cpp_topic_pubsub/hook/cmake_prefix_path.dsv'
[15.975s] INFO:colcon.colcon_core.shell:Creating environment hook '/root/ros2_ws/install/cpp_topic_pubsub/share/cpp_topic_pubsub/hook/cmake_prefix_path.sh'
[15.976s] Level 1:colcon.colcon_core.environment:checking '/root/ros2_ws/install/cpp_topic_pubsub/lib'
[15.976s] Level 1:colcon.colcon_core.shell:create_environment_hook('cpp_topic_pubsub', 'ld_library_path_lib')
[15.986s] INFO:colcon.colcon_core.shell:Creating environment hook '/root/ros2_ws/install/cpp_topic_pubsub/share/cpp_topic_pubsub/hook/ld_library_path_lib.ps1'
[15.987s] INFO:colcon.colcon_core.shell:Creating environment descriptor '/root/ros2_ws/install/cpp_topic_pubsub/share/cpp_topic_pubsub/hook/ld_library_path_lib.dsv'
[15.987s] INFO:colcon.colcon_core.shell:Creating environment hook '/root/ros2_ws/install/cpp_topic_pubsub/share/cpp_topic_pubsub/hook/ld_library_path_lib.sh'
[15.987s] Level 1:colcon.colcon_core.environment:checking '/root/ros2_ws/install/cpp_topic_pubsub/bin'
[15.987s] Level 1:colcon.colcon_core.environment:checking '/root/ros2_ws/install/cpp_topic_pubsub/lib/pkgconfig/cpp_topic_pubsub.pc'
[15.988s] Level 1:colcon.colcon_core.environment:checking '/root/ros2_ws/install/cpp_topic_pubsub/lib/python3.10/site-packages'
[15.988s] Level 1:colcon.colcon_core.environment:checking '/root/ros2_ws/install/cpp_topic_pubsub/bin'
[16.000s] INFO:colcon.colcon_core.shell:Creating package script '/root/ros2_ws/install/cpp_topic_pubsub/share/cpp_topic_pubsub/package.ps1'
[16.001s] INFO:colcon.colcon_core.shell:Creating package descriptor '/root/ros2_ws/install/cpp_topic_pubsub/share/cpp_topic_pubsub/package.dsv'
[16.001s] INFO:colcon.colcon_core.shell:Creating package script '/root/ros2_ws/install/cpp_topic_pubsub/share/cpp_topic_pubsub/package.sh'
[16.001s] INFO:colcon.colcon_core.shell:Creating package script '/root/ros2_ws/install/cpp_topic_pubsub/share/cpp_topic_pubsub/package.bash'
[16.002s] INFO:colcon.colcon_core.shell:Creating package script '/root/ros2_ws/install/cpp_topic_pubsub/share/cpp_topic_pubsub/package.zsh'
[16.002s] Level 1:colcon.colcon_core.environment:create_file_with_runtime_dependencies(/root/ros2_ws/install/cpp_topic_pubsub/share/colcon-core/packages/cpp_topic_pubsub)
[20.499s] DEBUG:colcon.colcon_core.event_handler.log_command:Invoked command in '/root/ros2_ws/build/android_controll_test' returned '0': AMENT_PREFIX_PATH=/root/ros2_ws/install/custom_test_msgs:/root/ros2_ws/install/custom_message_unity:${AMENT_PREFIX_PATH} CMAKE_PREFIX_PATH=/root/ros2_ws/install/custom_test_msgs:/root/ros2_ws/install/custom_message_unity:/opt/ros/humble LD_LIBRARY_PATH=/root/ros2_ws/install/custom_test_msgs/lib:/root/ros2_ws/install/custom_message_unity/lib:${LD_LIBRARY_PATH} PYTHONPATH=/root/ros2_ws/install/custom_test_msgs/local/lib/python3.10/dist-packages:/root/ros2_ws/install/custom_message_unity/local/lib/python3.10/dist-packages:${PYTHONPATH} /usr/bin/cmake --build /root/ros2_ws/build/android_controll_test -- -j16 -l16
[20.577s] DEBUG:colcon.colcon_core.event_handler.log_command:Invoking command in '/root/ros2_ws/build/android_controll_test': AMENT_PREFIX_PATH=/root/ros2_ws/install/custom_test_msgs:/root/ros2_ws/install/custom_message_unity:${AMENT_PREFIX_PATH} CMAKE_PREFIX_PATH=/root/ros2_ws/install/custom_test_msgs:/root/ros2_ws/install/custom_message_unity:/opt/ros/humble LD_LIBRARY_PATH=/root/ros2_ws/install/custom_test_msgs/lib:/root/ros2_ws/install/custom_message_unity/lib:${LD_LIBRARY_PATH} PYTHONPATH=/root/ros2_ws/install/custom_test_msgs/local/lib/python3.10/dist-packages:/root/ros2_ws/install/custom_message_unity/local/lib/python3.10/dist-packages:${PYTHONPATH} /usr/bin/cmake --install /root/ros2_ws/build/android_controll_test
[20.663s] Level 1:colcon.colcon_core.environment:create_environment_scripts_only(android_controll_test)
[20.664s] DEBUG:colcon.colcon_core.event_handler.log_command:Invoked command in '/root/ros2_ws/build/android_controll_test' returned '0': AMENT_PREFIX_PATH=/root/ros2_ws/install/custom_test_msgs:/root/ros2_ws/install/custom_message_unity:${AMENT_PREFIX_PATH} CMAKE_PREFIX_PATH=/root/ros2_ws/install/custom_test_msgs:/root/ros2_ws/install/custom_message_unity:/opt/ros/humble LD_LIBRARY_PATH=/root/ros2_ws/install/custom_test_msgs/lib:/root/ros2_ws/install/custom_message_unity/lib:${LD_LIBRARY_PATH} PYTHONPATH=/root/ros2_ws/install/custom_test_msgs/local/lib/python3.10/dist-packages:/root/ros2_ws/install/custom_message_unity/local/lib/python3.10/dist-packages:${PYTHONPATH} /usr/bin/cmake --install /root/ros2_ws/build/android_controll_test
[20.676s] Level 1:colcon.colcon_core.environment:checking '/root/ros2_ws/install/android_controll_test' for CMake module files
[20.677s] Level 1:colcon.colcon_core.environment:checking '/root/ros2_ws/install/android_controll_test' for CMake config files
[20.677s] Level 1:colcon.colcon_core.shell:create_environment_hook('android_controll_test', 'cmake_prefix_path')
[20.687s] INFO:colcon.colcon_core.shell:Creating environment hook '/root/ros2_ws/install/android_controll_test/share/android_controll_test/hook/cmake_prefix_path.ps1'
[20.688s] INFO:colcon.colcon_core.shell:Creating environment descriptor '/root/ros2_ws/install/android_controll_test/share/android_controll_test/hook/cmake_prefix_path.dsv'
[20.688s] INFO:colcon.colcon_core.shell:Creating environment hook '/root/ros2_ws/install/android_controll_test/share/android_controll_test/hook/cmake_prefix_path.sh'
[20.688s] Level 1:colcon.colcon_core.environment:checking '/root/ros2_ws/install/android_controll_test/lib'
[20.688s] Level 1:colcon.colcon_core.shell:create_environment_hook('android_controll_test', 'ld_library_path_lib')
[20.698s] INFO:colcon.colcon_core.shell:Creating environment hook '/root/ros2_ws/install/android_controll_test/share/android_controll_test/hook/ld_library_path_lib.ps1'
[20.699s] INFO:colcon.colcon_core.shell:Creating environment descriptor '/root/ros2_ws/install/android_controll_test/share/android_controll_test/hook/ld_library_path_lib.dsv'
[20.700s] INFO:colcon.colcon_core.shell:Creating environment hook '/root/ros2_ws/install/android_controll_test/share/android_controll_test/hook/ld_library_path_lib.sh'
[20.701s] Level 1:colcon.colcon_core.environment:checking '/root/ros2_ws/install/android_controll_test/bin'
[20.701s] Level 1:colcon.colcon_core.environment:checking '/root/ros2_ws/install/android_controll_test/lib/pkgconfig/android_controll_test.pc'
[20.701s] Level 1:colcon.colcon_core.environment:checking '/root/ros2_ws/install/android_controll_test/lib/python3.10/site-packages'
[20.702s] Level 1:colcon.colcon_core.environment:checking '/root/ros2_ws/install/android_controll_test/bin'
[20.712s] INFO:colcon.colcon_core.shell:Creating package script '/root/ros2_ws/install/android_controll_test/share/android_controll_test/package.ps1'
[20.713s] INFO:colcon.colcon_core.shell:Creating package descriptor '/root/ros2_ws/install/android_controll_test/share/android_controll_test/package.dsv'
[20.714s] INFO:colcon.colcon_core.shell:Creating package script '/root/ros2_ws/install/android_controll_test/share/android_controll_test/package.sh'
[20.714s] INFO:colcon.colcon_core.shell:Creating package script '/root/ros2_ws/install/android_controll_test/share/android_controll_test/package.bash'
[20.714s] INFO:colcon.colcon_core.shell:Creating package script '/root/ros2_ws/install/android_controll_test/share/android_controll_test/package.zsh'
[20.714s] Level 1:colcon.colcon_core.environment:create_file_with_runtime_dependencies(/root/ros2_ws/install/android_controll_test/share/colcon-core/packages/android_controll_test)
[20.815s] Level 1:colcon.colcon_core.environment:create_environment_scripts_only(android_controll_test)
[20.830s] Level 1:colcon.colcon_core.environment:checking '/root/ros2_ws/install/android_controll_test' for CMake module files
[20.831s] Level 1:colcon.colcon_core.environment:checking '/root/ros2_ws/install/android_controll_test' for CMake config files
[20.831s] Level 1:colcon.colcon_core.shell:create_environment_hook('android_controll_test', 'cmake_prefix_path')
[20.842s] INFO:colcon.colcon_core.shell:Creating environment hook '/root/ros2_ws/install/android_controll_test/share/android_controll_test/hook/cmake_prefix_path.ps1'
[20.842s] INFO:colcon.colcon_core.shell:Creating environment descriptor '/root/ros2_ws/install/android_controll_test/share/android_controll_test/hook/cmake_prefix_path.dsv'
[20.843s] INFO:colcon.colcon_core.shell:Creating environment hook '/root/ros2_ws/install/android_controll_test/share/android_controll_test/hook/cmake_prefix_path.sh'
[20.843s] Level 1:colcon.colcon_core.environment:checking '/root/ros2_ws/install/android_controll_test/lib'
[20.843s] Level 1:colcon.colcon_core.shell:create_environment_hook('android_controll_test', 'ld_library_path_lib')
[20.854s] INFO:colcon.colcon_core.shell:Creating environment hook '/root/ros2_ws/install/android_controll_test/share/android_controll_test/hook/ld_library_path_lib.ps1'
[20.854s] INFO:colcon.colcon_core.shell:Creating environment descriptor '/root/ros2_ws/install/android_controll_test/share/android_controll_test/hook/ld_library_path_lib.dsv'
[20.854s] INFO:colcon.colcon_core.shell:Creating environment hook '/root/ros2_ws/install/android_controll_test/share/android_controll_test/hook/ld_library_path_lib.sh'
[20.855s] Level 1:colcon.colcon_core.environment:checking '/root/ros2_ws/install/android_controll_test/bin'
[20.855s] Level 1:colcon.colcon_core.environment:checking '/root/ros2_ws/install/android_controll_test/lib/pkgconfig/android_controll_test.pc'
[20.855s] Level 1:colcon.colcon_core.environment:checking '/root/ros2_ws/install/android_controll_test/lib/python3.10/site-packages'
[20.855s] Level 1:colcon.colcon_core.environment:checking '/root/ros2_ws/install/android_controll_test/bin'
[20.866s] INFO:colcon.colcon_core.shell:Creating package script '/root/ros2_ws/install/android_controll_test/share/android_controll_test/package.ps1'
[20.866s] INFO:colcon.colcon_core.shell:Creating package descriptor '/root/ros2_ws/install/android_controll_test/share/android_controll_test/package.dsv'
[20.867s] INFO:colcon.colcon_core.shell:Creating package script '/root/ros2_ws/install/android_controll_test/share/android_controll_test/package.sh'
[20.867s] INFO:colcon.colcon_core.shell:Creating package script '/root/ros2_ws/install/android_controll_test/share/android_controll_test/package.bash'
[20.868s] INFO:colcon.colcon_core.shell:Creating package script '/root/ros2_ws/install/android_controll_test/share/android_controll_test/package.zsh'
[20.868s] Level 1:colcon.colcon_core.environment:create_file_with_runtime_dependencies(/root/ros2_ws/install/android_controll_test/share/colcon-core/packages/android_controll_test)
[20.868s] DEBUG:colcon.colcon_parallel_executor.executor.parallel:closing loop
[20.869s] DEBUG:colcon.colcon_parallel_executor.executor.parallel:loop closed
[20.869s] DEBUG:colcon.colcon_parallel_executor.executor.parallel:run_until_complete finished with '0'
[20.869s] DEBUG:colcon.colcon_core.event_reactor:joining thread
[20.890s] INFO:colcon.colcon_core.plugin_system:Skipping extension 'colcon_notification.desktop_notification.notify_send': Could not find 'notify-send'
[20.890s] INFO:colcon.colcon_core.plugin_system:Skipping extension 'colcon_notification.desktop_notification.terminal_notifier': Not used on non-Darwin systems
[20.890s] INFO:colcon.colcon_core.plugin_system:Skipping extension 'colcon_notification.desktop_notification.win32': Not used on non-Windows systems
[20.890s] INFO:colcon.colcon_notification.desktop_notification:Sending desktop notification using 'notify2'
[20.951s] DEBUG:colcon.colcon_notification.desktop_notification.notify2:Failed to initialize notify2: org.freedesktop.DBus.Error.ServiceUnknown: The name org.freedesktop.Notifications was not provided by any .service files
[20.951s] DEBUG:colcon.colcon_core.event_reactor:joined thread
[20.962s] INFO:colcon.colcon_core.shell:Creating prefix script '/root/ros2_ws/install/local_setup.ps1'
[20.963s] INFO:colcon.colcon_core.shell:Creating prefix util module '/root/ros2_ws/install/_local_setup_util_ps1.py'
[20.965s] INFO:colcon.colcon_core.shell:Creating prefix chain script '/root/ros2_ws/install/setup.ps1'
[20.975s] INFO:colcon.colcon_core.shell:Creating prefix script '/root/ros2_ws/install/local_setup.sh'
[20.976s] INFO:colcon.colcon_core.shell:Creating prefix util module '/root/ros2_ws/install/_local_setup_util_sh.py'
[20.977s] INFO:colcon.colcon_core.shell:Creating prefix chain script '/root/ros2_ws/install/setup.sh'
[20.987s] INFO:colcon.colcon_core.shell:Creating prefix script '/root/ros2_ws/install/local_setup.bash'
[20.988s] INFO:colcon.colcon_core.shell:Creating prefix chain script '/root/ros2_ws/install/setup.bash'
[21.008s] INFO:colcon.colcon_core.shell:Creating prefix script '/root/ros2_ws/install/local_setup.zsh'
[21.009s] INFO:colcon.colcon_core.shell:Creating prefix chain script '/root/ros2_ws/install/setup.zsh'
