[4.516s] DEBUG:colcon:Command line arguments: ['/usr/bin/colcon', 'build']
[4.516s] DEBUG:colcon:Parsed command line arguments: Namespace(log_base=None, log_level=None, verb_name='build', build_base='build', install_base='install', merge_install=False, symlink_install=False, test_result_base=None, continue_on_error=False, executor='parallel', parallel_workers=12, event_handlers=None, ignore_user_meta=False, metas=['./colcon.meta'], base_paths=['.'], packages_ignore=None, packages_ignore_regex=None, paths=None, packages_up_to=None, packages_up_to_regex=None, packages_above=None, packages_above_and_dependencies=None, packages_above_depth=None, packages_select_by_dep=None, packages_skip_by_dep=None, packages_skip_up_to=None, packages_select_build_failed=False, packages_skip_build_finished=False, packages_select_test_failures=False, packages_skip_test_passed=False, packages_select=None, packages_skip=None, packages_select_regex=None, packages_skip_regex=None, packages_start=None, packages_end=None, allow_overriding=[], cmake_args=None, cmake_target=None, cmake_target_skip_unavailable=False, cmake_clean_cache=False, cmake_clean_first=False, cmake_force_configure=False, ament_cmake_args=None, catkin_cmake_args=None, catkin_skip_building_tests=False, verb_parser=<colcon_defaults.argument_parser.defaults.DefaultArgumentsDecorator object at 0x7f6f22bbc280>, verb_extension=<colcon_core.verb.build.BuildVerb object at 0x7f6f22b0fdc0>, main=<bound method BuildVerb.main of <colcon_core.verb.build.BuildVerb object at 0x7f6f22b0fdc0>>)
[4.790s] Level 1:colcon.colcon_core.package_discovery:discover_packages(colcon_meta) check parameters
[4.790s] Level 1:colcon.colcon_core.package_discovery:discover_packages(recursive) check parameters
[4.790s] Level 1:colcon.colcon_core.package_discovery:discover_packages(ignore) check parameters
[4.790s] Level 1:colcon.colcon_core.package_discovery:discover_packages(path) check parameters
[4.790s] Level 1:colcon.colcon_core.package_discovery:discover_packages(colcon_meta) discover
[4.790s] Level 1:colcon.colcon_core.package_discovery:discover_packages(recursive) discover
[4.790s] INFO:colcon.colcon_core.package_discovery:Crawling recursively for packages in '/home/osawakousei/ros2_ws/src/custom_message_unity'
[4.791s] Level 1:colcon.colcon_core.package_identification:_identify(.) by extensions ['ignore', 'ignore_ament_install']
[4.791s] Level 1:colcon.colcon_core.package_identification:_identify(.) by extension 'ignore'
[4.791s] Level 1:colcon.colcon_core.package_identification:_identify(.) by extension 'ignore_ament_install'
[4.791s] Level 1:colcon.colcon_core.package_identification:_identify(.) by extensions ['colcon_pkg']
[4.791s] Level 1:colcon.colcon_core.package_identification:_identify(.) by extension 'colcon_pkg'
[4.791s] Level 1:colcon.colcon_core.package_identification:_identify(.) by extensions ['colcon_meta']
[4.792s] Level 1:colcon.colcon_core.package_identification:_identify(.) by extension 'colcon_meta'
[4.792s] Level 1:colcon.colcon_core.package_identification:_identify(.) by extensions ['ros']
[4.792s] Level 1:colcon.colcon_core.package_identification:_identify(.) by extension 'ros'
[4.840s] DEBUG:colcon.colcon_core.package_identification:Package '.' with type 'ros.ament_cmake' and name 'custom_message_unity'
[4.840s] Level 1:colcon.colcon_core.package_discovery:discover_packages(recursive) using defaults
[4.842s] Level 1:colcon.colcon_core.package_discovery:discover_packages(ignore) discover
[4.842s] Level 1:colcon.colcon_core.package_discovery:discover_packages(ignore) using defaults
[4.842s] Level 1:colcon.colcon_core.package_discovery:discover_packages(path) discover
[4.842s] Level 1:colcon.colcon_core.package_discovery:discover_packages(path) using defaults
[5.239s] Level 1:colcon.colcon_core.package_discovery:discover_packages(prefix_path) check parameters
[5.239s] Level 1:colcon.colcon_core.package_discovery:discover_packages(prefix_path) discover
[5.357s] DEBUG:colcon.colcon_installed_package_information.package_discovery:Found 17 installed packages in /home/osawakousei/ros2_ws/install
[5.402s] DEBUG:colcon.colcon_installed_package_information.package_discovery:Found 1 installed packages in /home/osawakousei/ros2_ws/src/custom_message_unity/install
[5.449s] DEBUG:colcon.colcon_installed_package_information.package_discovery:Found 2 installed packages in /home/osawakousei/ros2_ws/src/android_controll_test/install
[5.497s] DEBUG:colcon.colcon_installed_package_information.package_discovery:Found 1 installed packages in /home/osawakousei/ros2_ws/src/cpp_server_client/install
[5.561s] DEBUG:colcon.colcon_installed_package_information.package_discovery:Found 1 installed packages in /home/osawakousei/ros2_ws/src/cpp_topic_pubsub/install
[5.609s] DEBUG:colcon.colcon_installed_package_information.package_discovery:Found 1 installed packages in /home/osawakousei/ros2_ws/src/test_package/install
[5.657s] DEBUG:colcon.colcon_installed_package_information.package_discovery:Found 3 installed packages in /home/osawakousei/ros2_ws/uros_ws/install
[5.705s] DEBUG:colcon.colcon_installed_package_information.package_discovery:Found 1 installed packages in /home/osawakousei/ros2_ws/src/custom_test_msgs/install
[5.761s] DEBUG:colcon.colcon_installed_package_information.package_discovery:Found 331 installed packages in /opt/ros/humble
[5.765s] Level 1:colcon.colcon_core.package_discovery:discover_packages(prefix_path) using defaults
[6.262s] Level 5:colcon.colcon_core.verb:set package 'custom_message_unity' build argument 'cmake_args' from command line to 'None'
[6.262s] Level 5:colcon.colcon_core.verb:set package 'custom_message_unity' build argument 'cmake_target' from command line to 'None'
[6.262s] Level 5:colcon.colcon_core.verb:set package 'custom_message_unity' build argument 'cmake_target_skip_unavailable' from command line to 'False'
[6.263s] Level 5:colcon.colcon_core.verb:set package 'custom_message_unity' build argument 'cmake_clean_cache' from command line to 'False'
[6.263s] Level 5:colcon.colcon_core.verb:set package 'custom_message_unity' build argument 'cmake_clean_first' from command line to 'False'
[6.263s] Level 5:colcon.colcon_core.verb:set package 'custom_message_unity' build argument 'cmake_force_configure' from command line to 'False'
[6.263s] Level 5:colcon.colcon_core.verb:set package 'custom_message_unity' build argument 'ament_cmake_args' from command line to 'None'
[6.263s] Level 5:colcon.colcon_core.verb:set package 'custom_message_unity' build argument 'catkin_cmake_args' from command line to 'None'
[6.263s] Level 5:colcon.colcon_core.verb:set package 'custom_message_unity' build argument 'catkin_skip_building_tests' from command line to 'False'
[6.264s] DEBUG:colcon.colcon_core.verb:Building package 'custom_message_unity' with the following arguments: {'ament_cmake_args': None, 'build_base': '/home/osawakousei/ros2_ws/src/custom_message_unity/build/custom_message_unity', 'catkin_cmake_args': None, 'catkin_skip_building_tests': False, 'cmake_args': None, 'cmake_clean_cache': False, 'cmake_clean_first': False, 'cmake_force_configure': False, 'cmake_target': None, 'cmake_target_skip_unavailable': False, 'install_base': '/home/osawakousei/ros2_ws/src/custom_message_unity/install/custom_message_unity', 'merge_install': False, 'path': '/home/osawakousei/ros2_ws/src/custom_message_unity', 'symlink_install': False, 'test_result_base': None}
[6.309s] INFO:colcon.colcon_core.executor:Executing jobs using 'parallel' executor
[6.361s] DEBUG:colcon.colcon_parallel_executor.executor.parallel:run_until_complete
[6.361s] INFO:colcon.colcon_ros.task.ament_cmake.build:Building ROS package in '/home/osawakousei/ros2_ws/src/custom_message_unity' with build type 'ament_cmake'
[6.362s] INFO:colcon.colcon_cmake.task.cmake.build:Building CMake package in '/home/osawakousei/ros2_ws/src/custom_message_unity'
[6.509s] INFO:colcon.colcon_core.plugin_system:Skipping extension 'colcon_core.shell.bat': Not used on non-Windows systems
[6.509s] INFO:colcon.colcon_core.shell:Skip shell extension 'powershell' for command environment: Not usable outside of PowerShell
[6.509s] DEBUG:colcon.colcon_core.shell:Skip shell extension 'dsv' for command environment
[7.134s] DEBUG:colcon.colcon_core.event_handler.log_command:Invoking command in '/home/osawakousei/ros2_ws/src/custom_message_unity/build/custom_message_unity': CMAKE_PREFIX_PATH=${CMAKE_PREFIX_PATH}:/opt/ros/humble /usr/bin/cmake --build /home/osawakousei/ros2_ws/src/custom_message_unity/build/custom_message_unity -- -j12 -l12
[8.941s] DEBUG:colcon.colcon_core.event_handler.log_command:Invoked command in '/home/osawakousei/ros2_ws/src/custom_message_unity/build/custom_message_unity' returned '0': CMAKE_PREFIX_PATH=${CMAKE_PREFIX_PATH}:/opt/ros/humble /usr/bin/cmake --build /home/osawakousei/ros2_ws/src/custom_message_unity/build/custom_message_unity -- -j12 -l12
[9.537s] DEBUG:colcon.colcon_core.event_handler.log_command:Invoking command in '/home/osawakousei/ros2_ws/src/custom_message_unity/build/custom_message_unity': CMAKE_PREFIX_PATH=${CMAKE_PREFIX_PATH}:/opt/ros/humble /usr/bin/cmake --install /home/osawakousei/ros2_ws/src/custom_message_unity/build/custom_message_unity
[9.835s] Level 1:colcon.colcon_core.environment:create_environment_scripts_only(custom_message_unity)
[9.836s] DEBUG:colcon.colcon_core.event_handler.log_command:Invoked command in '/home/osawakousei/ros2_ws/src/custom_message_unity/build/custom_message_unity' returned '0': CMAKE_PREFIX_PATH=${CMAKE_PREFIX_PATH}:/opt/ros/humble /usr/bin/cmake --install /home/osawakousei/ros2_ws/src/custom_message_unity/build/custom_message_unity
[9.918s] Level 1:colcon.colcon_core.environment:checking '/home/osawakousei/ros2_ws/src/custom_message_unity/install/custom_message_unity' for CMake module files
[9.920s] Level 1:colcon.colcon_core.environment:checking '/home/osawakousei/ros2_ws/src/custom_message_unity/install/custom_message_unity' for CMake config files
[9.922s] Level 1:colcon.colcon_core.shell:create_environment_hook('custom_message_unity', 'cmake_prefix_path')
[9.960s] INFO:colcon.colcon_core.shell:Creating environment hook '/home/osawakousei/ros2_ws/src/custom_message_unity/install/custom_message_unity/share/custom_message_unity/hook/cmake_prefix_path.ps1'
[9.966s] INFO:colcon.colcon_core.shell:Creating environment descriptor '/home/osawakousei/ros2_ws/src/custom_message_unity/install/custom_message_unity/share/custom_message_unity/hook/cmake_prefix_path.dsv'
[9.977s] INFO:colcon.colcon_core.shell:Creating environment hook '/home/osawakousei/ros2_ws/src/custom_message_unity/install/custom_message_unity/share/custom_message_unity/hook/cmake_prefix_path.sh'
[9.981s] Level 1:colcon.colcon_core.environment:checking '/home/osawakousei/ros2_ws/src/custom_message_unity/install/custom_message_unity/lib'
[9.982s] Level 1:colcon.colcon_core.shell:create_environment_hook('custom_message_unity', 'ld_library_path_lib')
[10.034s] INFO:colcon.colcon_core.shell:Creating environment hook '/home/osawakousei/ros2_ws/src/custom_message_unity/install/custom_message_unity/share/custom_message_unity/hook/ld_library_path_lib.ps1'
[10.036s] INFO:colcon.colcon_core.shell:Creating environment descriptor '/home/osawakousei/ros2_ws/src/custom_message_unity/install/custom_message_unity/share/custom_message_unity/hook/ld_library_path_lib.dsv'
[10.052s] INFO:colcon.colcon_core.shell:Creating environment hook '/home/osawakousei/ros2_ws/src/custom_message_unity/install/custom_message_unity/share/custom_message_unity/hook/ld_library_path_lib.sh'
[10.060s] Level 1:colcon.colcon_core.environment:checking '/home/osawakousei/ros2_ws/src/custom_message_unity/install/custom_message_unity/bin'
[10.060s] Level 1:colcon.colcon_core.environment:checking '/home/osawakousei/ros2_ws/src/custom_message_unity/install/custom_message_unity/lib/pkgconfig/custom_message_unity.pc'
[10.061s] Level 1:colcon.colcon_core.environment:checking '/home/osawakousei/ros2_ws/src/custom_message_unity/install/custom_message_unity/lib/python3.10/site-packages'
[10.061s] Level 1:colcon.colcon_core.environment:checking '/home/osawakousei/ros2_ws/src/custom_message_unity/install/custom_message_unity/bin'
[10.112s] INFO:colcon.colcon_core.shell:Creating package script '/home/osawakousei/ros2_ws/src/custom_message_unity/install/custom_message_unity/share/custom_message_unity/package.ps1'
[10.116s] INFO:colcon.colcon_core.shell:Creating package descriptor '/home/osawakousei/ros2_ws/src/custom_message_unity/install/custom_message_unity/share/custom_message_unity/package.dsv'
[10.119s] INFO:colcon.colcon_core.shell:Creating package script '/home/osawakousei/ros2_ws/src/custom_message_unity/install/custom_message_unity/share/custom_message_unity/package.sh'
[10.122s] INFO:colcon.colcon_core.shell:Creating package script '/home/osawakousei/ros2_ws/src/custom_message_unity/install/custom_message_unity/share/custom_message_unity/package.bash'
[10.127s] INFO:colcon.colcon_core.shell:Creating package script '/home/osawakousei/ros2_ws/src/custom_message_unity/install/custom_message_unity/share/custom_message_unity/package.zsh'
[10.132s] Level 1:colcon.colcon_core.environment:create_file_with_runtime_dependencies(/home/osawakousei/ros2_ws/src/custom_message_unity/install/custom_message_unity/share/colcon-core/packages/custom_message_unity)
[10.720s] Level 1:colcon.colcon_core.environment:create_environment_scripts_only(custom_message_unity)
[10.772s] Level 1:colcon.colcon_core.environment:checking '/home/osawakousei/ros2_ws/src/custom_message_unity/install/custom_message_unity' for CMake module files
[10.774s] Level 1:colcon.colcon_core.environment:checking '/home/osawakousei/ros2_ws/src/custom_message_unity/install/custom_message_unity' for CMake config files
[10.777s] Level 1:colcon.colcon_core.shell:create_environment_hook('custom_message_unity', 'cmake_prefix_path')
[10.826s] INFO:colcon.colcon_core.shell:Creating environment hook '/home/osawakousei/ros2_ws/src/custom_message_unity/install/custom_message_unity/share/custom_message_unity/hook/cmake_prefix_path.ps1'
[10.874s] INFO:colcon.colcon_core.shell:Creating environment descriptor '/home/osawakousei/ros2_ws/src/custom_message_unity/install/custom_message_unity/share/custom_message_unity/hook/cmake_prefix_path.dsv'
[10.877s] INFO:colcon.colcon_core.shell:Creating environment hook '/home/osawakousei/ros2_ws/src/custom_message_unity/install/custom_message_unity/share/custom_message_unity/hook/cmake_prefix_path.sh'
[10.879s] Level 1:colcon.colcon_core.environment:checking '/home/osawakousei/ros2_ws/src/custom_message_unity/install/custom_message_unity/lib'
[10.879s] Level 1:colcon.colcon_core.shell:create_environment_hook('custom_message_unity', 'ld_library_path_lib')
[10.928s] INFO:colcon.colcon_core.shell:Creating environment hook '/home/osawakousei/ros2_ws/src/custom_message_unity/install/custom_message_unity/share/custom_message_unity/hook/ld_library_path_lib.ps1'
[10.930s] INFO:colcon.colcon_core.shell:Creating environment descriptor '/home/osawakousei/ros2_ws/src/custom_message_unity/install/custom_message_unity/share/custom_message_unity/hook/ld_library_path_lib.dsv'
[10.932s] INFO:colcon.colcon_core.shell:Creating environment hook '/home/osawakousei/ros2_ws/src/custom_message_unity/install/custom_message_unity/share/custom_message_unity/hook/ld_library_path_lib.sh'
[10.934s] Level 1:colcon.colcon_core.environment:checking '/home/osawakousei/ros2_ws/src/custom_message_unity/install/custom_message_unity/bin'
[10.934s] Level 1:colcon.colcon_core.environment:checking '/home/osawakousei/ros2_ws/src/custom_message_unity/install/custom_message_unity/lib/pkgconfig/custom_message_unity.pc'
[10.934s] Level 1:colcon.colcon_core.environment:checking '/home/osawakousei/ros2_ws/src/custom_message_unity/install/custom_message_unity/lib/python3.10/site-packages'
[10.935s] Level 1:colcon.colcon_core.environment:checking '/home/osawakousei/ros2_ws/src/custom_message_unity/install/custom_message_unity/bin'
[10.984s] INFO:colcon.colcon_core.shell:Creating package script '/home/osawakousei/ros2_ws/src/custom_message_unity/install/custom_message_unity/share/custom_message_unity/package.ps1'
[10.987s] INFO:colcon.colcon_core.shell:Creating package descriptor '/home/osawakousei/ros2_ws/src/custom_message_unity/install/custom_message_unity/share/custom_message_unity/package.dsv'
[10.989s] INFO:colcon.colcon_core.shell:Creating package script '/home/osawakousei/ros2_ws/src/custom_message_unity/install/custom_message_unity/share/custom_message_unity/package.sh'
[10.992s] INFO:colcon.colcon_core.shell:Creating package script '/home/osawakousei/ros2_ws/src/custom_message_unity/install/custom_message_unity/share/custom_message_unity/package.bash'
[10.994s] INFO:colcon.colcon_core.shell:Creating package script '/home/osawakousei/ros2_ws/src/custom_message_unity/install/custom_message_unity/share/custom_message_unity/package.zsh'
[10.995s] Level 1:colcon.colcon_core.environment:create_file_with_runtime_dependencies(/home/osawakousei/ros2_ws/src/custom_message_unity/install/custom_message_unity/share/colcon-core/packages/custom_message_unity)
[10.996s] DEBUG:colcon.colcon_parallel_executor.executor.parallel:closing loop
[10.997s] DEBUG:colcon.colcon_parallel_executor.executor.parallel:loop closed
[10.997s] DEBUG:colcon.colcon_parallel_executor.executor.parallel:run_until_complete finished with '0'
[10.997s] DEBUG:colcon.colcon_core.event_reactor:joining thread
[11.130s] INFO:colcon.colcon_core.plugin_system:Skipping extension 'colcon_notification.desktop_notification.terminal_notifier': Not used on non-Darwin systems
[11.130s] INFO:colcon.colcon_core.plugin_system:Skipping extension 'colcon_notification.desktop_notification.win32': Not used on non-Windows systems
[11.130s] INFO:colcon.colcon_notification.desktop_notification:Sending desktop notification using 'notify2'
[11.189s] DEBUG:colcon.colcon_core.event_reactor:joined thread
[11.231s] INFO:colcon.colcon_core.shell:Creating prefix script '/home/osawakousei/ros2_ws/src/custom_message_unity/install/local_setup.ps1'
[11.235s] INFO:colcon.colcon_core.shell:Creating prefix util module '/home/osawakousei/ros2_ws/src/custom_message_unity/install/_local_setup_util_ps1.py'
[11.240s] INFO:colcon.colcon_core.shell:Creating prefix chain script '/home/osawakousei/ros2_ws/src/custom_message_unity/install/setup.ps1'
[11.295s] INFO:colcon.colcon_core.shell:Creating prefix script '/home/osawakousei/ros2_ws/src/custom_message_unity/install/local_setup.sh'
[11.298s] INFO:colcon.colcon_core.shell:Creating prefix util module '/home/osawakousei/ros2_ws/src/custom_message_unity/install/_local_setup_util_sh.py'
[11.300s] INFO:colcon.colcon_core.shell:Creating prefix chain script '/home/osawakousei/ros2_ws/src/custom_message_unity/install/setup.sh'
[11.353s] INFO:colcon.colcon_core.shell:Creating prefix script '/home/osawakousei/ros2_ws/src/custom_message_unity/install/local_setup.bash'
[11.356s] INFO:colcon.colcon_core.shell:Creating prefix chain script '/home/osawakousei/ros2_ws/src/custom_message_unity/install/setup.bash'
[11.408s] INFO:colcon.colcon_core.shell:Creating prefix script '/home/osawakousei/ros2_ws/src/custom_message_unity/install/local_setup.zsh'
[11.411s] INFO:colcon.colcon_core.shell:Creating prefix chain script '/home/osawakousei/ros2_ws/src/custom_message_unity/install/setup.zsh'
