[0.072s] Invoking command in '/home/osawakousei/ros2_ws/src/cpp_server_client/build/cpp_server_client': CMAKE_PREFIX_PATH=${CMAKE_PREFIX_PATH}:/opt/ros/humble /usr/bin/cmake --build /home/osawakousei/ros2_ws/src/cpp_server_client/build/cpp_server_client -- -j8 -l8
[0.260s] [  8%] Built target cpp_server_client__rosidl_generator_c
[0.271s] [ 11%] Built target cpp_server_client__cpp
[0.306s] [ 11%] Built target ament_cmake_python_copy_cpp_server_client
[0.362s] [ 20%] Built target cpp_server_client__rosidl_typesupport_fastrtps_c
[0.369s] [ 28%] Built target cpp_server_client__rosidl_typesupport_introspection_cpp
[0.369s] [ 37%] Built target cpp_server_client__rosidl_typesupport_cpp
[0.374s] [ 45%] Built target cpp_server_client__rosidl_typesupport_introspection_c
[0.381s] [ 54%] Built target cpp_server_client__rosidl_typesupport_fastrtps_cpp
[0.392s] [ 62%] Built target cpp_server_client__rosidl_typesupport_c
[0.420s] [35m[1mConsolidate compiler generated dependencies of target practice_server_node[0m
[0.477s] [ 62%] Built target cpp_server_client
[0.506s] [ 68%] Built target practice_client_node
[0.513s] [ 74%] Built target practice_server_node
[0.573s] [ 77%] Built target cpp_server_client__py
[0.661s] [ 82%] Built target cpp_server_client__rosidl_generator_py
[0.739s] [ 88%] Built target cpp_server_client__rosidl_typesupport_fastrtps_c__pyext
[0.756s] [ 94%] Built target cpp_server_client__rosidl_typesupport_introspection_c__pyext
[0.765s] [100%] Built target cpp_server_client__rosidl_typesupport_c__pyext
[1.160s] running egg_info
[1.162s] writing cpp_server_client.egg-info/PKG-INFO
[1.163s] writing dependency_links to cpp_server_client.egg-info/dependency_links.txt
[1.164s] writing top-level names to cpp_server_client.egg-info/top_level.txt
[1.171s] reading manifest file 'cpp_server_client.egg-info/SOURCES.txt'
[1.173s] writing manifest file 'cpp_server_client.egg-info/SOURCES.txt'
[1.261s] [100%] Built target ament_cmake_python_build_cpp_server_client_egg
[1.316s] Invoked command in '/home/osawakousei/ros2_ws/src/cpp_server_client/build/cpp_server_client' returned '0': CMAKE_PREFIX_PATH=${CMAKE_PREFIX_PATH}:/opt/ros/humble /usr/bin/cmake --build /home/osawakousei/ros2_ws/src/cpp_server_client/build/cpp_server_client -- -j8 -l8
[1.966s] Invoking command in '/home/osawakousei/ros2_ws/src/cpp_server_client/build/cpp_server_client': CMAKE_PREFIX_PATH=${CMAKE_PREFIX_PATH}:/opt/ros/humble /usr/bin/cmake --install /home/osawakousei/ros2_ws/src/cpp_server_client/build/cpp_server_client
[2.001s] -- Install configuration: ""
[2.003s] -- Up-to-date: /home/osawakousei/ros2_ws/src/cpp_server_client/install/cpp_server_client/share/ament_index/resource_index/rosidl_interfaces/cpp_server_client
[2.004s] -- Up-to-date: /home/osawakousei/ros2_ws/src/cpp_server_client/install/cpp_server_client/include/cpp_server_client/cpp_server_client
[2.004s] -- Up-to-date: /home/osawakousei/ros2_ws/src/cpp_server_client/install/cpp_server_client/include/cpp_server_client/cpp_server_client/srv
[2.005s] -- Up-to-date: /home/osawakousei/ros2_ws/src/cpp_server_client/install/cpp_server_client/include/cpp_server_client/cpp_server_client/srv/practice_srv.h
[2.005s] -- Up-to-date: /home/osawakousei/ros2_ws/src/cpp_server_client/install/cpp_server_client/include/cpp_server_client/cpp_server_client/srv/detail
[2.005s] -- Up-to-date: /home/osawakousei/ros2_ws/src/cpp_server_client/install/cpp_server_client/include/cpp_server_client/cpp_server_client/srv/detail/practice_srv__struct.h
[2.006s] -- Up-to-date: /home/osawakousei/ros2_ws/src/cpp_server_client/install/cpp_server_client/include/cpp_server_client/cpp_server_client/srv/detail/practice_srv__functions.c
[2.006s] -- Up-to-date: /home/osawakousei/ros2_ws/src/cpp_server_client/install/cpp_server_client/include/cpp_server_client/cpp_server_client/srv/detail/practice_srv__functions.h
[2.007s] -- Up-to-date: /home/osawakousei/ros2_ws/src/cpp_server_client/install/cpp_server_client/include/cpp_server_client/cpp_server_client/srv/detail/practice_srv__type_support.h
[2.007s] -- Up-to-date: /home/osawakousei/ros2_ws/src/cpp_server_client/install/cpp_server_client/include/cpp_server_client/cpp_server_client/msg
[2.007s] -- Up-to-date: /home/osawakousei/ros2_ws/src/cpp_server_client/install/cpp_server_client/include/cpp_server_client/cpp_server_client/msg/rosidl_generator_c__visibility_control.h
[2.008s] -- Up-to-date: /home/osawakousei/ros2_ws/src/cpp_server_client/install/cpp_server_client/share/cpp_server_client/environment/library_path.sh
[2.008s] -- Up-to-date: /home/osawakousei/ros2_ws/src/cpp_server_client/install/cpp_server_client/share/cpp_server_client/environment/library_path.dsv
[2.009s] -- Up-to-date: /home/osawakousei/ros2_ws/src/cpp_server_client/install/cpp_server_client/lib/libcpp_server_client__rosidl_generator_c.so
[2.009s] -- Up-to-date: /home/osawakousei/ros2_ws/src/cpp_server_client/install/cpp_server_client/include/cpp_server_client/cpp_server_client
[2.010s] -- Up-to-date: /home/osawakousei/ros2_ws/src/cpp_server_client/install/cpp_server_client/include/cpp_server_client/cpp_server_client/srv
[2.010s] -- Up-to-date: /home/osawakousei/ros2_ws/src/cpp_server_client/install/cpp_server_client/include/cpp_server_client/cpp_server_client/srv/detail
[2.010s] -- Up-to-date: /home/osawakousei/ros2_ws/src/cpp_server_client/install/cpp_server_client/include/cpp_server_client/cpp_server_client/srv/detail/practice_srv__rosidl_typesupport_fastrtps_c.h
[2.011s] -- Up-to-date: /home/osawakousei/ros2_ws/src/cpp_server_client/install/cpp_server_client/include/cpp_server_client/cpp_server_client/msg
[2.011s] -- Up-to-date: /home/osawakousei/ros2_ws/src/cpp_server_client/install/cpp_server_client/include/cpp_server_client/cpp_server_client/msg/rosidl_typesupport_fastrtps_c__visibility_control.h
[2.011s] -- Up-to-date: /home/osawakousei/ros2_ws/src/cpp_server_client/install/cpp_server_client/lib/libcpp_server_client__rosidl_typesupport_fastrtps_c.so
[2.012s] -- Up-to-date: /home/osawakousei/ros2_ws/src/cpp_server_client/install/cpp_server_client/include/cpp_server_client/cpp_server_client
[2.012s] -- Up-to-date: /home/osawakousei/ros2_ws/src/cpp_server_client/install/cpp_server_client/include/cpp_server_client/cpp_server_client/srv
[2.012s] -- Up-to-date: /home/osawakousei/ros2_ws/src/cpp_server_client/install/cpp_server_client/include/cpp_server_client/cpp_server_client/srv/detail
[2.013s] -- Up-to-date: /home/osawakousei/ros2_ws/src/cpp_server_client/install/cpp_server_client/include/cpp_server_client/cpp_server_client/srv/detail/practice_srv__traits.hpp
[2.013s] -- Up-to-date: /home/osawakousei/ros2_ws/src/cpp_server_client/install/cpp_server_client/include/cpp_server_client/cpp_server_client/srv/detail/practice_srv__struct.hpp
[2.013s] -- Up-to-date: /home/osawakousei/ros2_ws/src/cpp_server_client/install/cpp_server_client/include/cpp_server_client/cpp_server_client/srv/detail/practice_srv__builder.hpp
[2.014s] -- Up-to-date: /home/osawakousei/ros2_ws/src/cpp_server_client/install/cpp_server_client/include/cpp_server_client/cpp_server_client/srv/practice_srv.hpp
[2.017s] -- Up-to-date: /home/osawakousei/ros2_ws/src/cpp_server_client/install/cpp_server_client/include/cpp_server_client/cpp_server_client
[2.019s] -- Up-to-date: /home/osawakousei/ros2_ws/src/cpp_server_client/install/cpp_server_client/include/cpp_server_client/cpp_server_client/srv
[2.019s] -- Up-to-date: /home/osawakousei/ros2_ws/src/cpp_server_client/install/cpp_server_client/include/cpp_server_client/cpp_server_client/srv/detail
[2.020s] -- Up-to-date: /home/osawakousei/ros2_ws/src/cpp_server_client/install/cpp_server_client/include/cpp_server_client/cpp_server_client/srv/detail/practice_srv__rosidl_typesupport_fastrtps_cpp.hpp
[2.020s] -- Up-to-date: /home/osawakousei/ros2_ws/src/cpp_server_client/install/cpp_server_client/include/cpp_server_client/cpp_server_client/srv/detail/dds_fastrtps
[2.020s] -- Up-to-date: /home/osawakousei/ros2_ws/src/cpp_server_client/install/cpp_server_client/include/cpp_server_client/cpp_server_client/msg
[2.020s] -- Up-to-date: /home/osawakousei/ros2_ws/src/cpp_server_client/install/cpp_server_client/include/cpp_server_client/cpp_server_client/msg/rosidl_typesupport_fastrtps_cpp__visibility_control.h
[2.021s] -- Up-to-date: /home/osawakousei/ros2_ws/src/cpp_server_client/install/cpp_server_client/lib/libcpp_server_client__rosidl_typesupport_fastrtps_cpp.so
[2.021s] -- Up-to-date: /home/osawakousei/ros2_ws/src/cpp_server_client/install/cpp_server_client/include/cpp_server_client/cpp_server_client
[2.022s] -- Up-to-date: /home/osawakousei/ros2_ws/src/cpp_server_client/install/cpp_server_client/include/cpp_server_client/cpp_server_client/srv
[2.022s] -- Up-to-date: /home/osawakousei/ros2_ws/src/cpp_server_client/install/cpp_server_client/include/cpp_server_client/cpp_server_client/srv/detail
[2.023s] -- Up-to-date: /home/osawakousei/ros2_ws/src/cpp_server_client/install/cpp_server_client/include/cpp_server_client/cpp_server_client/srv/detail/practice_srv__type_support.c
[2.024s] -- Up-to-date: /home/osawakousei/ros2_ws/src/cpp_server_client/install/cpp_server_client/include/cpp_server_client/cpp_server_client/srv/detail/practice_srv__rosidl_typesupport_introspection_c.h
[2.025s] -- Up-to-date: /home/osawakousei/ros2_ws/src/cpp_server_client/install/cpp_server_client/include/cpp_server_client/cpp_server_client/msg
[2.026s] -- Up-to-date: /home/osawakousei/ros2_ws/src/cpp_server_client/install/cpp_server_client/include/cpp_server_client/cpp_server_client/msg/rosidl_typesupport_introspection_c__visibility_control.h
[2.027s] -- Up-to-date: /home/osawakousei/ros2_ws/src/cpp_server_client/install/cpp_server_client/lib/libcpp_server_client__rosidl_typesupport_introspection_c.so
[2.028s] -- Up-to-date: /home/osawakousei/ros2_ws/src/cpp_server_client/install/cpp_server_client/lib/libcpp_server_client__rosidl_typesupport_c.so
[2.029s] -- Up-to-date: /home/osawakousei/ros2_ws/src/cpp_server_client/install/cpp_server_client/include/cpp_server_client/cpp_server_client
[2.029s] -- Up-to-date: /home/osawakousei/ros2_ws/src/cpp_server_client/install/cpp_server_client/include/cpp_server_client/cpp_server_client/srv
[2.029s] -- Up-to-date: /home/osawakousei/ros2_ws/src/cpp_server_client/install/cpp_server_client/include/cpp_server_client/cpp_server_client/srv/detail
[2.030s] -- Up-to-date: /home/osawakousei/ros2_ws/src/cpp_server_client/install/cpp_server_client/include/cpp_server_client/cpp_server_client/srv/detail/practice_srv__rosidl_typesupport_introspection_cpp.hpp
[2.030s] -- Up-to-date: /home/osawakousei/ros2_ws/src/cpp_server_client/install/cpp_server_client/include/cpp_server_client/cpp_server_client/srv/detail/practice_srv__type_support.cpp
[2.030s] -- Up-to-date: /home/osawakousei/ros2_ws/src/cpp_server_client/install/cpp_server_client/lib/libcpp_server_client__rosidl_typesupport_introspection_cpp.so
[2.031s] -- Up-to-date: /home/osawakousei/ros2_ws/src/cpp_server_client/install/cpp_server_client/lib/libcpp_server_client__rosidl_typesupport_cpp.so
[2.031s] -- Up-to-date: /home/osawakousei/ros2_ws/src/cpp_server_client/install/cpp_server_client/share/cpp_server_client/environment/pythonpath.sh
[2.031s] -- Up-to-date: /home/osawakousei/ros2_ws/src/cpp_server_client/install/cpp_server_client/share/cpp_server_client/environment/pythonpath.dsv
[2.032s] -- Up-to-date: /home/osawakousei/ros2_ws/src/cpp_server_client/install/cpp_server_client/local/lib/python3.10/dist-packages/cpp_server_client-0.0.0-py3.10.egg-info
[2.032s] -- Installing: /home/osawakousei/ros2_ws/src/cpp_server_client/install/cpp_server_client/local/lib/python3.10/dist-packages/cpp_server_client-0.0.0-py3.10.egg-info/top_level.txt
[2.032s] -- Installing: /home/osawakousei/ros2_ws/src/cpp_server_client/install/cpp_server_client/local/lib/python3.10/dist-packages/cpp_server_client-0.0.0-py3.10.egg-info/SOURCES.txt
[2.033s] -- Installing: /home/osawakousei/ros2_ws/src/cpp_server_client/install/cpp_server_client/local/lib/python3.10/dist-packages/cpp_server_client-0.0.0-py3.10.egg-info/dependency_links.txt
[2.033s] -- Installing: /home/osawakousei/ros2_ws/src/cpp_server_client/install/cpp_server_client/local/lib/python3.10/dist-packages/cpp_server_client-0.0.0-py3.10.egg-info/PKG-INFO
[2.033s] -- Up-to-date: /home/osawakousei/ros2_ws/src/cpp_server_client/install/cpp_server_client/local/lib/python3.10/dist-packages/cpp_server_client
[2.036s] -- Up-to-date: /home/osawakousei/ros2_ws/src/cpp_server_client/install/cpp_server_client/local/lib/python3.10/dist-packages/cpp_server_client/cpp_server_client_s__rosidl_typesupport_c.cpython-310-x86_64-linux-gnu.so
[2.036s] -- Up-to-date: /home/osawakousei/ros2_ws/src/cpp_server_client/install/cpp_server_client/local/lib/python3.10/dist-packages/cpp_server_client/_cpp_server_client_s.ep.rosidl_typesupport_c.c
[2.037s] -- Up-to-date: /home/osawakousei/ros2_ws/src/cpp_server_client/install/cpp_server_client/local/lib/python3.10/dist-packages/cpp_server_client/srv
[2.037s] -- Up-to-date: /home/osawakousei/ros2_ws/src/cpp_server_client/install/cpp_server_client/local/lib/python3.10/dist-packages/cpp_server_client/srv/_practice_srv.py
[2.037s] -- Up-to-date: /home/osawakousei/ros2_ws/src/cpp_server_client/install/cpp_server_client/local/lib/python3.10/dist-packages/cpp_server_client/srv/__init__.py
[2.038s] -- Up-to-date: /home/osawakousei/ros2_ws/src/cpp_server_client/install/cpp_server_client/local/lib/python3.10/dist-packages/cpp_server_client/srv/_practice_srv_s.c
[2.040s] -- Up-to-date: /home/osawakousei/ros2_ws/src/cpp_server_client/install/cpp_server_client/local/lib/python3.10/dist-packages/cpp_server_client/libcpp_server_client__rosidl_generator_py.so
[2.040s] -- Up-to-date: /home/osawakousei/ros2_ws/src/cpp_server_client/install/cpp_server_client/local/lib/python3.10/dist-packages/cpp_server_client/cpp_server_client_s__rosidl_typesupport_fastrtps_c.cpython-310-x86_64-linux-gnu.so
[2.041s] -- Up-to-date: /home/osawakousei/ros2_ws/src/cpp_server_client/install/cpp_server_client/local/lib/python3.10/dist-packages/cpp_server_client/cpp_server_client_s__rosidl_typesupport_introspection_c.cpython-310-x86_64-linux-gnu.so
[2.041s] -- Up-to-date: /home/osawakousei/ros2_ws/src/cpp_server_client/install/cpp_server_client/local/lib/python3.10/dist-packages/cpp_server_client/__init__.py
[2.041s] -- Up-to-date: /home/osawakousei/ros2_ws/src/cpp_server_client/install/cpp_server_client/local/lib/python3.10/dist-packages/cpp_server_client/_cpp_server_client_s.ep.rosidl_typesupport_introspection_c.c
[2.041s] -- Up-to-date: /home/osawakousei/ros2_ws/src/cpp_server_client/install/cpp_server_client/local/lib/python3.10/dist-packages/cpp_server_client/_cpp_server_client_s.ep.rosidl_typesupport_fastrtps_c.c
[2.161s] Listing '/home/osawakousei/ros2_ws/src/cpp_server_client/install/cpp_server_client/local/lib/python3.10/dist-packages/cpp_server_client'...
[2.161s] Listing '/home/osawakousei/ros2_ws/src/cpp_server_client/install/cpp_server_client/local/lib/python3.10/dist-packages/cpp_server_client/srv'...
[2.176s] -- Up-to-date: /home/osawakousei/ros2_ws/src/cpp_server_client/install/cpp_server_client/local/lib/python3.10/dist-packages/cpp_server_client/cpp_server_client_s__rosidl_typesupport_fastrtps_c.cpython-310-x86_64-linux-gnu.so
[2.177s] -- Up-to-date: /home/osawakousei/ros2_ws/src/cpp_server_client/install/cpp_server_client/local/lib/python3.10/dist-packages/cpp_server_client/cpp_server_client_s__rosidl_typesupport_introspection_c.cpython-310-x86_64-linux-gnu.so
[2.179s] -- Up-to-date: /home/osawakousei/ros2_ws/src/cpp_server_client/install/cpp_server_client/local/lib/python3.10/dist-packages/cpp_server_client/cpp_server_client_s__rosidl_typesupport_c.cpython-310-x86_64-linux-gnu.so
[2.181s] -- Up-to-date: /home/osawakousei/ros2_ws/src/cpp_server_client/install/cpp_server_client/lib/libcpp_server_client__rosidl_generator_py.so
[2.183s] -- Up-to-date: /home/osawakousei/ros2_ws/src/cpp_server_client/install/cpp_server_client/share/cpp_server_client/srv/PracticeSrv.idl
[2.183s] -- Up-to-date: /home/osawakousei/ros2_ws/src/cpp_server_client/install/cpp_server_client/share/cpp_server_client/srv/PracticeSrv.srv
[2.184s] -- Up-to-date: /home/osawakousei/ros2_ws/src/cpp_server_client/install/cpp_server_client/share/cpp_server_client/srv/PracticeSrv_Request.msg
[2.184s] -- Up-to-date: /home/osawakousei/ros2_ws/src/cpp_server_client/install/cpp_server_client/share/cpp_server_client/srv/PracticeSrv_Response.msg
[2.185s] -- Up-to-date: /home/osawakousei/ros2_ws/src/cpp_server_client/install/cpp_server_client/lib/cpp_server_client/practice_server_node
[2.186s] -- Up-to-date: /home/osawakousei/ros2_ws/src/cpp_server_client/install/cpp_server_client/lib/cpp_server_client/practice_client_node
[2.187s] -- Up-to-date: /home/osawakousei/ros2_ws/src/cpp_server_client/install/cpp_server_client/share/ament_index/resource_index/package_run_dependencies/cpp_server_client
[2.188s] -- Up-to-date: /home/osawakousei/ros2_ws/src/cpp_server_client/install/cpp_server_client/share/ament_index/resource_index/parent_prefix_path/cpp_server_client
[2.189s] -- Up-to-date: /home/osawakousei/ros2_ws/src/cpp_server_client/install/cpp_server_client/share/cpp_server_client/environment/ament_prefix_path.sh
[2.190s] -- Up-to-date: /home/osawakousei/ros2_ws/src/cpp_server_client/install/cpp_server_client/share/cpp_server_client/environment/ament_prefix_path.dsv
[2.191s] -- Up-to-date: /home/osawakousei/ros2_ws/src/cpp_server_client/install/cpp_server_client/share/cpp_server_client/environment/path.sh
[2.192s] -- Up-to-date: /home/osawakousei/ros2_ws/src/cpp_server_client/install/cpp_server_client/share/cpp_server_client/environment/path.dsv
[2.193s] -- Up-to-date: /home/osawakousei/ros2_ws/src/cpp_server_client/install/cpp_server_client/share/cpp_server_client/local_setup.bash
[2.194s] -- Up-to-date: /home/osawakousei/ros2_ws/src/cpp_server_client/install/cpp_server_client/share/cpp_server_client/local_setup.sh
[2.196s] -- Up-to-date: /home/osawakousei/ros2_ws/src/cpp_server_client/install/cpp_server_client/share/cpp_server_client/local_setup.zsh
[2.197s] -- Up-to-date: /home/osawakousei/ros2_ws/src/cpp_server_client/install/cpp_server_client/share/cpp_server_client/local_setup.dsv
[2.197s] -- Installing: /home/osawakousei/ros2_ws/src/cpp_server_client/install/cpp_server_client/share/cpp_server_client/package.dsv
[2.198s] -- Up-to-date: /home/osawakousei/ros2_ws/src/cpp_server_client/install/cpp_server_client/share/ament_index/resource_index/packages/cpp_server_client
[2.198s] -- Up-to-date: /home/osawakousei/ros2_ws/src/cpp_server_client/install/cpp_server_client/share/cpp_server_client/cmake/export_cpp_server_client__rosidl_generator_cExport.cmake
[2.198s] -- Up-to-date: /home/osawakousei/ros2_ws/src/cpp_server_client/install/cpp_server_client/share/cpp_server_client/cmake/export_cpp_server_client__rosidl_generator_cExport-noconfig.cmake
[2.198s] -- Up-to-date: /home/osawakousei/ros2_ws/src/cpp_server_client/install/cpp_server_client/share/cpp_server_client/cmake/export_cpp_server_client__rosidl_typesupport_fastrtps_cExport.cmake
[2.199s] -- Up-to-date: /home/osawakousei/ros2_ws/src/cpp_server_client/install/cpp_server_client/share/cpp_server_client/cmake/export_cpp_server_client__rosidl_typesupport_fastrtps_cExport-noconfig.cmake
[2.199s] -- Up-to-date: /home/osawakousei/ros2_ws/src/cpp_server_client/install/cpp_server_client/share/cpp_server_client/cmake/export_cpp_server_client__rosidl_generator_cppExport.cmake
[2.199s] -- Up-to-date: /home/osawakousei/ros2_ws/src/cpp_server_client/install/cpp_server_client/share/cpp_server_client/cmake/export_cpp_server_client__rosidl_typesupport_fastrtps_cppExport.cmake
[2.200s] -- Up-to-date: /home/osawakousei/ros2_ws/src/cpp_server_client/install/cpp_server_client/share/cpp_server_client/cmake/export_cpp_server_client__rosidl_typesupport_fastrtps_cppExport-noconfig.cmake
[2.200s] -- Up-to-date: /home/osawakousei/ros2_ws/src/cpp_server_client/install/cpp_server_client/share/cpp_server_client/cmake/cpp_server_client__rosidl_typesupport_introspection_cExport.cmake
[2.200s] -- Up-to-date: /home/osawakousei/ros2_ws/src/cpp_server_client/install/cpp_server_client/share/cpp_server_client/cmake/cpp_server_client__rosidl_typesupport_introspection_cExport-noconfig.cmake
[2.200s] -- Up-to-date: /home/osawakousei/ros2_ws/src/cpp_server_client/install/cpp_server_client/share/cpp_server_client/cmake/cpp_server_client__rosidl_typesupport_cExport.cmake
[2.201s] -- Up-to-date: /home/osawakousei/ros2_ws/src/cpp_server_client/install/cpp_server_client/share/cpp_server_client/cmake/cpp_server_client__rosidl_typesupport_cExport-noconfig.cmake
[2.202s] -- Up-to-date: /home/osawakousei/ros2_ws/src/cpp_server_client/install/cpp_server_client/share/cpp_server_client/cmake/cpp_server_client__rosidl_typesupport_introspection_cppExport.cmake
[2.204s] -- Up-to-date: /home/osawakousei/ros2_ws/src/cpp_server_client/install/cpp_server_client/share/cpp_server_client/cmake/cpp_server_client__rosidl_typesupport_introspection_cppExport-noconfig.cmake
[2.208s] -- Up-to-date: /home/osawakousei/ros2_ws/src/cpp_server_client/install/cpp_server_client/share/cpp_server_client/cmake/cpp_server_client__rosidl_typesupport_cppExport.cmake
[2.209s] -- Up-to-date: /home/osawakousei/ros2_ws/src/cpp_server_client/install/cpp_server_client/share/cpp_server_client/cmake/cpp_server_client__rosidl_typesupport_cppExport-noconfig.cmake
[2.209s] -- Up-to-date: /home/osawakousei/ros2_ws/src/cpp_server_client/install/cpp_server_client/share/cpp_server_client/cmake/export_cpp_server_client__rosidl_generator_pyExport.cmake
[2.210s] -- Up-to-date: /home/osawakousei/ros2_ws/src/cpp_server_client/install/cpp_server_client/share/cpp_server_client/cmake/export_cpp_server_client__rosidl_generator_pyExport-noconfig.cmake
[2.212s] -- Up-to-date: /home/osawakousei/ros2_ws/src/cpp_server_client/install/cpp_server_client/share/cpp_server_client/cmake/rosidl_cmake-extras.cmake
[2.213s] -- Up-to-date: /home/osawakousei/ros2_ws/src/cpp_server_client/install/cpp_server_client/share/cpp_server_client/cmake/ament_cmake_export_include_directories-extras.cmake
[2.213s] -- Up-to-date: /home/osawakousei/ros2_ws/src/cpp_server_client/install/cpp_server_client/share/cpp_server_client/cmake/ament_cmake_export_libraries-extras.cmake
[2.214s] -- Up-to-date: /home/osawakousei/ros2_ws/src/cpp_server_client/install/cpp_server_client/share/cpp_server_client/cmake/ament_cmake_export_targets-extras.cmake
[2.216s] -- Up-to-date: /home/osawakousei/ros2_ws/src/cpp_server_client/install/cpp_server_client/share/cpp_server_client/cmake/rosidl_cmake_export_typesupport_targets-extras.cmake
[2.217s] -- Up-to-date: /home/osawakousei/ros2_ws/src/cpp_server_client/install/cpp_server_client/share/cpp_server_client/cmake/ament_cmake_export_dependencies-extras.cmake
[2.218s] -- Up-to-date: /home/osawakousei/ros2_ws/src/cpp_server_client/install/cpp_server_client/share/cpp_server_client/cmake/rosidl_cmake_export_typesupport_libraries-extras.cmake
[2.219s] -- Up-to-date: /home/osawakousei/ros2_ws/src/cpp_server_client/install/cpp_server_client/share/cpp_server_client/cmake/cpp_server_clientConfig.cmake
[2.222s] -- Up-to-date: /home/osawakousei/ros2_ws/src/cpp_server_client/install/cpp_server_client/share/cpp_server_client/cmake/cpp_server_clientConfig-version.cmake
[2.223s] -- Up-to-date: /home/osawakousei/ros2_ws/src/cpp_server_client/install/cpp_server_client/share/cpp_server_client/package.xml
[2.223s] Invoked command in '/home/osawakousei/ros2_ws/src/cpp_server_client/build/cpp_server_client' returned '0': CMAKE_PREFIX_PATH=${CMAKE_PREFIX_PATH}:/opt/ros/humble /usr/bin/cmake --install /home/osawakousei/ros2_ws/src/cpp_server_client/build/cpp_server_client
