[0.097s] Invoking command in '/home/kousei/ros2_ws/build/custom_message_unity': CMAKE_PREFIX_PATH=/opt/ros/humble /usr/bin/cmake /home/kousei/ros2_ws/src/custom_message_unity -DCMAKE_INSTALL_PREFIX=/home/kousei/ros2_ws/install/custom_message_unity
[0.153s] -- The C compiler identification is GNU 11.4.0
[0.188s] -- The CXX compiler identification is GNU 11.4.0
[0.193s] -- Detecting C compiler ABI info
[0.239s] -- Detecting C compiler ABI info - done
[0.247s] -- Check for working C compiler: /usr/bin/cc - skipped
[0.247s] -- Detecting C compile features
[0.247s] -- Detecting C compile features - done
[0.249s] -- Detecting CXX compiler ABI info
[0.297s] -- Detecting CXX compiler ABI info - done
[0.302s] -- Check for working CXX compiler: /usr/bin/c++ - skipped
[0.302s] -- Detecting CXX compile features
[0.302s] -- Detecting CXX compile features - done
[0.304s] -- Found ament_cmake: 1.3.5 (/opt/ros/humble/share/ament_cmake/cmake)
[0.423s] -- Found Python3: /usr/bin/python3.10 (found version "3.10.12") found components: Interpreter 
[0.485s] -- Found ament_cmake_auto: 1.3.5 (/opt/ros/humble/share/ament_cmake_auto/cmake)
[0.487s] -- Found rosidl_default_generators: 1.2.0 (/opt/ros/humble/share/rosidl_default_generators/cmake)
[0.489s] -- Using all available rosidl_typesupport_c: rosidl_typesupport_fastrtps_c;rosidl_typesupport_introspection_c
[0.495s] -- Found rosidl_adapter: 3.1.5 (/opt/ros/humble/share/rosidl_adapter/cmake)
[0.534s] -- Using all available rosidl_typesupport_cpp: rosidl_typesupport_fastrtps_cpp;rosidl_typesupport_introspection_cpp
[0.560s] -- Found ament_lint_auto: 0.12.8 (/opt/ros/humble/share/ament_lint_auto/cmake)
[0.743s] -- Found ament_cmake_ros: 0.10.0 (/opt/ros/humble/share/ament_cmake_ros/cmake)
[0.865s] -- Using all available rosidl_typesupport_c: rosidl_typesupport_fastrtps_c;rosidl_typesupport_introspection_c
[1.023s] -- Using all available rosidl_typesupport_cpp: rosidl_typesupport_fastrtps_cpp;rosidl_typesupport_introspection_cpp
[1.039s] -- Found PythonInterp: /usr/bin/python3 (found suitable version "3.10.12", minimum required is "3.6") 
[1.039s] -- Found python_cmake_module: 0.10.0 (/opt/ros/humble/share/python_cmake_module/cmake)
[1.058s] -- Found PythonLibs: /usr/lib/x86_64-linux-gnu/libpython3.10.so (found suitable version "3.10.12", minimum required is "3.5") 
[1.058s] -- Using PYTHON_EXECUTABLE: /usr/bin/python3
[1.058s] -- Using PYTHON_INCLUDE_DIRS: /usr/include/python3.10
[1.058s] -- Using PYTHON_LIBRARIES: /usr/lib/x86_64-linux-gnu/libpython3.10.so
[1.072s] -- Found PythonExtra: .so  
[1.143s] -- Added test 'cppcheck' to perform static code analysis on C / C++ code
[1.143s] -- Configured cppcheck include dirs: 
[1.143s] -- Configured cppcheck exclude dirs and/or files: 
[1.146s] -- Added test 'flake8' to check Python code syntax and style conventions
[1.150s] -- Added test 'lint_cmake' to check CMake code style
[1.152s] -- Added test 'pep257' to check Python code against some of the docstring style conventions in PEP 257
[1.167s] -- Added test 'uncrustify' to check C / C++ code style
[1.167s] -- Configured uncrustify additional arguments: 
[1.170s] -- Added test 'xmllint' to check XML markup files
[1.172s] -- Configuring done
[1.187s] -- Generating done
[1.189s] -- Build files have been written to: /home/kousei/ros2_ws/build/custom_message_unity
[1.194s] Invoked command in '/home/kousei/ros2_ws/build/custom_message_unity' returned '0': CMAKE_PREFIX_PATH=/opt/ros/humble /usr/bin/cmake /home/kousei/ros2_ws/src/custom_message_unity -DCMAKE_INSTALL_PREFIX=/home/kousei/ros2_ws/install/custom_message_unity
[1.194s] Invoking command in '/home/kousei/ros2_ws/build/custom_message_unity': CMAKE_PREFIX_PATH=/opt/ros/humble /usr/bin/cmake --build /home/kousei/ros2_ws/build/custom_message_unity -- -j16 -l16
[1.222s] [  3%] [34m[1mGenerating C code for ROS interfaces[0m
[1.229s] [  6%] [34m[1mGenerating C++ code for ROS interfaces[0m
[1.240s] [  6%] Built target ament_cmake_python_copy_custom_message_unity
[1.410s] [  6%] Built target custom_message_unity__cpp
[1.417s] [ 12%] [34m[1mGenerating C++ type support for eProsima Fast-RTPS[0m
[1.417s] [ 12%] [34m[1mGenerating C++ type support dispatch for ROS interfaces[0m
[1.420s] [ 16%] [34m[1mGenerating C++ introspection for ROS interfaces[0m
[1.497s] running egg_info
[1.498s] creating custom_message_unity.egg-info
[1.498s] writing custom_message_unity.egg-info/PKG-INFO
[1.498s] writing dependency_links to custom_message_unity.egg-info/dependency_links.txt
[1.498s] writing top-level names to custom_message_unity.egg-info/top_level.txt
[1.498s] writing manifest file 'custom_message_unity.egg-info/SOURCES.txt'
[1.500s] reading manifest file 'custom_message_unity.egg-info/SOURCES.txt'
[1.500s] writing manifest file 'custom_message_unity.egg-info/SOURCES.txt'
[1.529s] [ 16%] Built target ament_cmake_python_build_custom_message_unity_egg
[1.536s] [ 19%] [32mBuilding C object CMakeFiles/custom_message_unity__rosidl_generator_c.dir/rosidl_generator_c/custom_message_unity/msg/detail/custom_unity__functions.c.o[0m
[1.596s] [ 22%] [32m[1mLinking C shared library libcustom_message_unity__rosidl_generator_c.so[0m
[1.622s] [ 25%] [32mBuilding CXX object CMakeFiles/custom_message_unity__rosidl_typesupport_cpp.dir/rosidl_typesupport_cpp/custom_message_unity/msg/custom_unity__type_support.cpp.o[0m
[1.625s] [ 29%] [32mBuilding CXX object CMakeFiles/custom_message_unity__rosidl_typesupport_introspection_cpp.dir/rosidl_typesupport_introspection_cpp/custom_message_unity/msg/detail/custom_unity__type_support.cpp.o[0m
[1.627s] [ 32%] [32mBuilding CXX object CMakeFiles/custom_message_unity__rosidl_typesupport_fastrtps_cpp.dir/rosidl_typesupport_fastrtps_cpp/custom_message_unity/msg/detail/dds_fastrtps/custom_unity__type_support.cpp.o[0m
[1.638s] [ 32%] Built target custom_message_unity__rosidl_generator_c
[1.646s] [ 35%] [34m[1mGenerating C introspection for ROS interfaces[0m
[1.648s] [ 38%] [34m[1mGenerating C type support dispatch for ROS interfaces[0m
[1.648s] [ 41%] [34m[1mGenerating C type support for eProsima Fast-RTPS[0m
[1.875s] [ 45%] [32mBuilding C object CMakeFiles/custom_message_unity__rosidl_typesupport_introspection_c.dir/rosidl_typesupport_introspection_c/custom_message_unity/msg/detail/custom_unity__type_support.c.o[0m
[1.923s] [ 48%] [32m[1mLinking C shared library libcustom_message_unity__rosidl_typesupport_introspection_c.so[0m
[1.954s] [ 51%] [32m[1mLinking CXX shared library libcustom_message_unity__rosidl_typesupport_cpp.so[0m
[1.959s] [ 54%] [32mBuilding CXX object CMakeFiles/custom_message_unity__rosidl_typesupport_c.dir/rosidl_typesupport_c/custom_message_unity/msg/custom_unity__type_support.cpp.o[0m
[1.963s] [ 54%] Built target custom_message_unity__rosidl_typesupport_introspection_c
[1.993s] [ 58%] [32mBuilding CXX object CMakeFiles/custom_message_unity__rosidl_typesupport_fastrtps_c.dir/rosidl_typesupport_fastrtps_c/custom_message_unity/msg/detail/custom_unity__type_support_c.cpp.o[0m
[1.996s] [ 61%] [32m[1mLinking CXX shared library libcustom_message_unity__rosidl_typesupport_c.so[0m
[2.000s] [ 64%] [32m[1mLinking CXX shared library libcustom_message_unity__rosidl_typesupport_fastrtps_cpp.so[0m
[2.008s] [ 64%] Built target custom_message_unity__rosidl_typesupport_cpp
[2.041s] [ 64%] Built target custom_message_unity__rosidl_typesupport_c
[2.103s] [ 64%] Built target custom_message_unity__rosidl_typesupport_fastrtps_cpp
[2.111s] [ 67%] [32m[1mLinking CXX shared library libcustom_message_unity__rosidl_typesupport_introspection_cpp.so[0m
[2.161s] [ 67%] Built target custom_message_unity__rosidl_typesupport_introspection_cpp
[2.466s] [ 70%] [32m[1mLinking CXX shared library libcustom_message_unity__rosidl_typesupport_fastrtps_c.so[0m
[2.565s] [ 70%] Built target custom_message_unity__rosidl_typesupport_fastrtps_c
[2.582s] [ 70%] Built target custom_message_unity
[2.606s] [ 74%] [34m[1mGenerating Python code for ROS interfaces[0m
[3.012s] [ 74%] Built target custom_message_unity__py
[3.033s] [ 77%] [32mBuilding C object CMakeFiles/custom_message_unity__rosidl_generator_py.dir/rosidl_generator_py/custom_message_unity/msg/_custom_unity_s.c.o[0m
[3.149s] [ 80%] [32m[1mLinking C shared library rosidl_generator_py/custom_message_unity/libcustom_message_unity__rosidl_generator_py.so[0m
[3.179s] [ 80%] Built target custom_message_unity__rosidl_generator_py
[3.198s] [ 83%] [32mBuilding C object CMakeFiles/custom_message_unity__rosidl_typesupport_fastrtps_c__pyext.dir/rosidl_generator_py/custom_message_unity/_custom_message_unity_s.ep.rosidl_typesupport_fastrtps_c.c.o[0m
[3.199s] [ 87%] [32mBuilding C object CMakeFiles/custom_message_unity__rosidl_typesupport_introspection_c__pyext.dir/rosidl_generator_py/custom_message_unity/_custom_message_unity_s.ep.rosidl_typesupport_introspection_c.c.o[0m
[3.201s] [ 90%] [32mBuilding C object CMakeFiles/custom_message_unity__rosidl_typesupport_c__pyext.dir/rosidl_generator_py/custom_message_unity/_custom_message_unity_s.ep.rosidl_typesupport_c.c.o[0m
[3.281s] [ 93%] [32m[1mLinking C shared library rosidl_generator_py/custom_message_unity/custom_message_unity_s__rosidl_typesupport_fastrtps_c.cpython-310-x86_64-linux-gnu.so[0m
[3.301s] [ 96%] [32m[1mLinking C shared library rosidl_generator_py/custom_message_unity/custom_message_unity_s__rosidl_typesupport_c.cpython-310-x86_64-linux-gnu.so[0m
[3.312s] [100%] [32m[1mLinking C shared library rosidl_generator_py/custom_message_unity/custom_message_unity_s__rosidl_typesupport_introspection_c.cpython-310-x86_64-linux-gnu.so[0m
[3.322s] [100%] Built target custom_message_unity__rosidl_typesupport_fastrtps_c__pyext
[3.341s] [100%] Built target custom_message_unity__rosidl_typesupport_c__pyext
[3.344s] [100%] Built target custom_message_unity__rosidl_typesupport_introspection_c__pyext
[3.362s] Invoked command in '/home/kousei/ros2_ws/build/custom_message_unity' returned '0': CMAKE_PREFIX_PATH=/opt/ros/humble /usr/bin/cmake --build /home/kousei/ros2_ws/build/custom_message_unity -- -j16 -l16
[3.500s] Invoking command in '/home/kousei/ros2_ws/build/custom_message_unity': CMAKE_PREFIX_PATH=/opt/ros/humble /usr/bin/cmake --install /home/kousei/ros2_ws/build/custom_message_unity
[3.507s] -- Install configuration: ""
[3.508s] -- Installing: /home/kousei/ros2_ws/install/custom_message_unity/share/ament_index/resource_index/rosidl_interfaces/custom_message_unity
[3.508s] -- Installing: /home/kousei/ros2_ws/install/custom_message_unity/include/custom_message_unity/custom_message_unity
[3.508s] -- Installing: /home/kousei/ros2_ws/install/custom_message_unity/include/custom_message_unity/custom_message_unity/msg
[3.508s] -- Installing: /home/kousei/ros2_ws/install/custom_message_unity/include/custom_message_unity/custom_message_unity/msg/custom_unity.h
[3.508s] -- Installing: /home/kousei/ros2_ws/install/custom_message_unity/include/custom_message_unity/custom_message_unity/msg/rosidl_generator_c__visibility_control.h
[3.508s] -- Installing: /home/kousei/ros2_ws/install/custom_message_unity/include/custom_message_unity/custom_message_unity/msg/detail
[3.509s] -- Installing: /home/kousei/ros2_ws/install/custom_message_unity/include/custom_message_unity/custom_message_unity/msg/detail/custom_unity__struct.h
[3.509s] -- Installing: /home/kousei/ros2_ws/install/custom_message_unity/include/custom_message_unity/custom_message_unity/msg/detail/custom_unity__functions.h
[3.509s] -- Installing: /home/kousei/ros2_ws/install/custom_message_unity/include/custom_message_unity/custom_message_unity/msg/detail/custom_unity__functions.c
[3.509s] -- Installing: /home/kousei/ros2_ws/install/custom_message_unity/include/custom_message_unity/custom_message_unity/msg/detail/custom_unity__type_support.h
[3.509s] -- Installing: /home/kousei/ros2_ws/install/custom_message_unity/share/custom_message_unity/environment/library_path.sh
[3.509s] -- Installing: /home/kousei/ros2_ws/install/custom_message_unity/share/custom_message_unity/environment/library_path.dsv
[3.509s] -- Installing: /home/kousei/ros2_ws/install/custom_message_unity/lib/libcustom_message_unity__rosidl_generator_c.so
[3.509s] -- Set runtime path of "/home/kousei/ros2_ws/install/custom_message_unity/lib/libcustom_message_unity__rosidl_generator_c.so" to ""
[3.509s] -- Up-to-date: /home/kousei/ros2_ws/install/custom_message_unity/include/custom_message_unity/custom_message_unity
[3.509s] -- Up-to-date: /home/kousei/ros2_ws/install/custom_message_unity/include/custom_message_unity/custom_message_unity/msg
[3.510s] -- Up-to-date: /home/kousei/ros2_ws/install/custom_message_unity/include/custom_message_unity/custom_message_unity/msg/detail
[3.510s] -- Installing: /home/kousei/ros2_ws/install/custom_message_unity/include/custom_message_unity/custom_message_unity/msg/detail/custom_unity__rosidl_typesupport_fastrtps_c.h
[3.510s] -- Installing: /home/kousei/ros2_ws/install/custom_message_unity/include/custom_message_unity/custom_message_unity/msg/rosidl_typesupport_fastrtps_c__visibility_control.h
[3.510s] -- Installing: /home/kousei/ros2_ws/install/custom_message_unity/lib/libcustom_message_unity__rosidl_typesupport_fastrtps_c.so
[3.510s] -- Set runtime path of "/home/kousei/ros2_ws/install/custom_message_unity/lib/libcustom_message_unity__rosidl_typesupport_fastrtps_c.so" to ""
[3.510s] -- Up-to-date: /home/kousei/ros2_ws/install/custom_message_unity/include/custom_message_unity/custom_message_unity
[3.510s] -- Up-to-date: /home/kousei/ros2_ws/install/custom_message_unity/include/custom_message_unity/custom_message_unity/msg
[3.510s] -- Up-to-date: /home/kousei/ros2_ws/install/custom_message_unity/include/custom_message_unity/custom_message_unity/msg/detail
[3.510s] -- Installing: /home/kousei/ros2_ws/install/custom_message_unity/include/custom_message_unity/custom_message_unity/msg/detail/custom_unity__type_support.c
[3.510s] -- Installing: /home/kousei/ros2_ws/install/custom_message_unity/include/custom_message_unity/custom_message_unity/msg/detail/custom_unity__rosidl_typesupport_introspection_c.h
[3.511s] -- Installing: /home/kousei/ros2_ws/install/custom_message_unity/include/custom_message_unity/custom_message_unity/msg/rosidl_typesupport_introspection_c__visibility_control.h
[3.511s] -- Installing: /home/kousei/ros2_ws/install/custom_message_unity/lib/libcustom_message_unity__rosidl_typesupport_introspection_c.so
[3.511s] -- Set runtime path of "/home/kousei/ros2_ws/install/custom_message_unity/lib/libcustom_message_unity__rosidl_typesupport_introspection_c.so" to ""
[3.511s] -- Installing: /home/kousei/ros2_ws/install/custom_message_unity/lib/libcustom_message_unity__rosidl_typesupport_c.so
[3.511s] -- Set runtime path of "/home/kousei/ros2_ws/install/custom_message_unity/lib/libcustom_message_unity__rosidl_typesupport_c.so" to ""
[3.511s] -- Up-to-date: /home/kousei/ros2_ws/install/custom_message_unity/include/custom_message_unity/custom_message_unity
[3.512s] -- Up-to-date: /home/kousei/ros2_ws/install/custom_message_unity/include/custom_message_unity/custom_message_unity/msg
[3.512s] -- Installing: /home/kousei/ros2_ws/install/custom_message_unity/include/custom_message_unity/custom_message_unity/msg/custom_unity.hpp
[3.512s] -- Up-to-date: /home/kousei/ros2_ws/install/custom_message_unity/include/custom_message_unity/custom_message_unity/msg/detail
[3.512s] -- Installing: /home/kousei/ros2_ws/install/custom_message_unity/include/custom_message_unity/custom_message_unity/msg/detail/custom_unity__traits.hpp
[3.512s] -- Installing: /home/kousei/ros2_ws/install/custom_message_unity/include/custom_message_unity/custom_message_unity/msg/detail/custom_unity__builder.hpp
[3.512s] -- Installing: /home/kousei/ros2_ws/install/custom_message_unity/include/custom_message_unity/custom_message_unity/msg/detail/custom_unity__struct.hpp
[3.512s] -- Up-to-date: /home/kousei/ros2_ws/install/custom_message_unity/include/custom_message_unity/custom_message_unity
[3.512s] -- Up-to-date: /home/kousei/ros2_ws/install/custom_message_unity/include/custom_message_unity/custom_message_unity/msg
[3.512s] -- Up-to-date: /home/kousei/ros2_ws/install/custom_message_unity/include/custom_message_unity/custom_message_unity/msg/detail
[3.512s] -- Installing: /home/kousei/ros2_ws/install/custom_message_unity/include/custom_message_unity/custom_message_unity/msg/detail/dds_fastrtps
[3.512s] -- Installing: /home/kousei/ros2_ws/install/custom_message_unity/include/custom_message_unity/custom_message_unity/msg/detail/custom_unity__rosidl_typesupport_fastrtps_cpp.hpp
[3.513s] -- Installing: /home/kousei/ros2_ws/install/custom_message_unity/include/custom_message_unity/custom_message_unity/msg/rosidl_typesupport_fastrtps_cpp__visibility_control.h
[3.513s] -- Installing: /home/kousei/ros2_ws/install/custom_message_unity/lib/libcustom_message_unity__rosidl_typesupport_fastrtps_cpp.so
[3.513s] -- Set runtime path of "/home/kousei/ros2_ws/install/custom_message_unity/lib/libcustom_message_unity__rosidl_typesupport_fastrtps_cpp.so" to ""
[3.513s] -- Up-to-date: /home/kousei/ros2_ws/install/custom_message_unity/include/custom_message_unity/custom_message_unity
[3.513s] -- Up-to-date: /home/kousei/ros2_ws/install/custom_message_unity/include/custom_message_unity/custom_message_unity/msg
[3.513s] -- Up-to-date: /home/kousei/ros2_ws/install/custom_message_unity/include/custom_message_unity/custom_message_unity/msg/detail
[3.513s] -- Installing: /home/kousei/ros2_ws/install/custom_message_unity/include/custom_message_unity/custom_message_unity/msg/detail/custom_unity__type_support.cpp
[3.513s] -- Installing: /home/kousei/ros2_ws/install/custom_message_unity/include/custom_message_unity/custom_message_unity/msg/detail/custom_unity__rosidl_typesupport_introspection_cpp.hpp
[3.513s] -- Installing: /home/kousei/ros2_ws/install/custom_message_unity/lib/libcustom_message_unity__rosidl_typesupport_introspection_cpp.so
[3.513s] -- Set runtime path of "/home/kousei/ros2_ws/install/custom_message_unity/lib/libcustom_message_unity__rosidl_typesupport_introspection_cpp.so" to ""
[3.514s] -- Installing: /home/kousei/ros2_ws/install/custom_message_unity/lib/libcustom_message_unity__rosidl_typesupport_cpp.so
[3.514s] -- Set runtime path of "/home/kousei/ros2_ws/install/custom_message_unity/lib/libcustom_message_unity__rosidl_typesupport_cpp.so" to ""
[3.514s] -- Installing: /home/kousei/ros2_ws/install/custom_message_unity/share/custom_message_unity/environment/pythonpath.sh
[3.514s] -- Installing: /home/kousei/ros2_ws/install/custom_message_unity/share/custom_message_unity/environment/pythonpath.dsv
[3.514s] -- Installing: /home/kousei/ros2_ws/install/custom_message_unity/local/lib/python3.10/dist-packages/custom_message_unity-0.0.0-py3.10.egg-info
[3.514s] -- Installing: /home/kousei/ros2_ws/install/custom_message_unity/local/lib/python3.10/dist-packages/custom_message_unity-0.0.0-py3.10.egg-info/dependency_links.txt
[3.514s] -- Installing: /home/kousei/ros2_ws/install/custom_message_unity/local/lib/python3.10/dist-packages/custom_message_unity-0.0.0-py3.10.egg-info/SOURCES.txt
[3.514s] -- Installing: /home/kousei/ros2_ws/install/custom_message_unity/local/lib/python3.10/dist-packages/custom_message_unity-0.0.0-py3.10.egg-info/top_level.txt
[3.514s] -- Installing: /home/kousei/ros2_ws/install/custom_message_unity/local/lib/python3.10/dist-packages/custom_message_unity-0.0.0-py3.10.egg-info/PKG-INFO
[3.515s] -- Installing: /home/kousei/ros2_ws/install/custom_message_unity/local/lib/python3.10/dist-packages/custom_message_unity
[3.515s] -- Installing: /home/kousei/ros2_ws/install/custom_message_unity/local/lib/python3.10/dist-packages/custom_message_unity/__init__.py
[3.515s] -- Installing: /home/kousei/ros2_ws/install/custom_message_unity/local/lib/python3.10/dist-packages/custom_message_unity/libcustom_message_unity__rosidl_generator_py.so
[3.515s] -- Installing: /home/kousei/ros2_ws/install/custom_message_unity/local/lib/python3.10/dist-packages/custom_message_unity/custom_message_unity_s__rosidl_typesupport_fastrtps_c.cpython-310-x86_64-linux-gnu.so
[3.515s] -- Installing: /home/kousei/ros2_ws/install/custom_message_unity/local/lib/python3.10/dist-packages/custom_message_unity/custom_message_unity_s__rosidl_typesupport_c.cpython-310-x86_64-linux-gnu.so
[3.515s] -- Installing: /home/kousei/ros2_ws/install/custom_message_unity/local/lib/python3.10/dist-packages/custom_message_unity/_custom_message_unity_s.ep.rosidl_typesupport_c.c
[3.515s] -- Installing: /home/kousei/ros2_ws/install/custom_message_unity/local/lib/python3.10/dist-packages/custom_message_unity/msg
[3.515s] -- Installing: /home/kousei/ros2_ws/install/custom_message_unity/local/lib/python3.10/dist-packages/custom_message_unity/msg/__init__.py
[3.515s] -- Installing: /home/kousei/ros2_ws/install/custom_message_unity/local/lib/python3.10/dist-packages/custom_message_unity/msg/_custom_unity.py
[3.516s] -- Installing: /home/kousei/ros2_ws/install/custom_message_unity/local/lib/python3.10/dist-packages/custom_message_unity/msg/_custom_unity_s.c
[3.516s] -- Installing: /home/kousei/ros2_ws/install/custom_message_unity/local/lib/python3.10/dist-packages/custom_message_unity/_custom_message_unity_s.ep.rosidl_typesupport_fastrtps_c.c
[3.516s] -- Installing: /home/kousei/ros2_ws/install/custom_message_unity/local/lib/python3.10/dist-packages/custom_message_unity/custom_message_unity_s__rosidl_typesupport_introspection_c.cpython-310-x86_64-linux-gnu.so
[3.516s] -- Installing: /home/kousei/ros2_ws/install/custom_message_unity/local/lib/python3.10/dist-packages/custom_message_unity/_custom_message_unity_s.ep.rosidl_typesupport_introspection_c.c
[3.550s] Listing '/home/kousei/ros2_ws/install/custom_message_unity/local/lib/python3.10/dist-packages/custom_message_unity'...
[3.551s] Compiling '/home/kousei/ros2_ws/install/custom_message_unity/local/lib/python3.10/dist-packages/custom_message_unity/__init__.py'...
[3.551s] Listing '/home/kousei/ros2_ws/install/custom_message_unity/local/lib/python3.10/dist-packages/custom_message_unity/msg'...
[3.551s] Compiling '/home/kousei/ros2_ws/install/custom_message_unity/local/lib/python3.10/dist-packages/custom_message_unity/msg/__init__.py'...
[3.551s] Compiling '/home/kousei/ros2_ws/install/custom_message_unity/local/lib/python3.10/dist-packages/custom_message_unity/msg/_custom_unity.py'...
[3.555s] -- Installing: /home/kousei/ros2_ws/install/custom_message_unity/local/lib/python3.10/dist-packages/custom_message_unity/custom_message_unity_s__rosidl_typesupport_fastrtps_c.cpython-310-x86_64-linux-gnu.so
[3.555s] -- Set runtime path of "/home/kousei/ros2_ws/install/custom_message_unity/local/lib/python3.10/dist-packages/custom_message_unity/custom_message_unity_s__rosidl_typesupport_fastrtps_c.cpython-310-x86_64-linux-gnu.so" to ""
[3.555s] -- Installing: /home/kousei/ros2_ws/install/custom_message_unity/local/lib/python3.10/dist-packages/custom_message_unity/custom_message_unity_s__rosidl_typesupport_introspection_c.cpython-310-x86_64-linux-gnu.so
[3.555s] -- Set runtime path of "/home/kousei/ros2_ws/install/custom_message_unity/local/lib/python3.10/dist-packages/custom_message_unity/custom_message_unity_s__rosidl_typesupport_introspection_c.cpython-310-x86_64-linux-gnu.so" to ""
[3.556s] -- Installing: /home/kousei/ros2_ws/install/custom_message_unity/local/lib/python3.10/dist-packages/custom_message_unity/custom_message_unity_s__rosidl_typesupport_c.cpython-310-x86_64-linux-gnu.so
[3.556s] -- Set runtime path of "/home/kousei/ros2_ws/install/custom_message_unity/local/lib/python3.10/dist-packages/custom_message_unity/custom_message_unity_s__rosidl_typesupport_c.cpython-310-x86_64-linux-gnu.so" to ""
[3.556s] -- Installing: /home/kousei/ros2_ws/install/custom_message_unity/lib/libcustom_message_unity__rosidl_generator_py.so
[3.556s] -- Set runtime path of "/home/kousei/ros2_ws/install/custom_message_unity/lib/libcustom_message_unity__rosidl_generator_py.so" to ""
[3.556s] -- Installing: /home/kousei/ros2_ws/install/custom_message_unity/share/custom_message_unity/msg/CustomUnity.idl
[3.556s] -- Installing: /home/kousei/ros2_ws/install/custom_message_unity/share/custom_message_unity/msg/CustomUnity.msg
[3.557s] -- Installing: /home/kousei/ros2_ws/install/custom_message_unity/share/ament_index/resource_index/package_run_dependencies/custom_message_unity
[3.557s] -- Installing: /home/kousei/ros2_ws/install/custom_message_unity/share/ament_index/resource_index/parent_prefix_path/custom_message_unity
[3.557s] -- Installing: /home/kousei/ros2_ws/install/custom_message_unity/share/custom_message_unity/environment/ament_prefix_path.sh
[3.557s] -- Installing: /home/kousei/ros2_ws/install/custom_message_unity/share/custom_message_unity/environment/ament_prefix_path.dsv
[3.557s] -- Installing: /home/kousei/ros2_ws/install/custom_message_unity/share/custom_message_unity/environment/path.sh
[3.557s] -- Installing: /home/kousei/ros2_ws/install/custom_message_unity/share/custom_message_unity/environment/path.dsv
[3.557s] -- Installing: /home/kousei/ros2_ws/install/custom_message_unity/share/custom_message_unity/local_setup.bash
[3.558s] -- Installing: /home/kousei/ros2_ws/install/custom_message_unity/share/custom_message_unity/local_setup.sh
[3.558s] -- Installing: /home/kousei/ros2_ws/install/custom_message_unity/share/custom_message_unity/local_setup.zsh
[3.558s] -- Installing: /home/kousei/ros2_ws/install/custom_message_unity/share/custom_message_unity/local_setup.dsv
[3.558s] -- Installing: /home/kousei/ros2_ws/install/custom_message_unity/share/custom_message_unity/package.dsv
[3.558s] -- Installing: /home/kousei/ros2_ws/install/custom_message_unity/share/ament_index/resource_index/packages/custom_message_unity
[3.558s] -- Installing: /home/kousei/ros2_ws/install/custom_message_unity/share/custom_message_unity/cmake/export_custom_message_unity__rosidl_generator_cExport.cmake
[3.558s] -- Installing: /home/kousei/ros2_ws/install/custom_message_unity/share/custom_message_unity/cmake/export_custom_message_unity__rosidl_generator_cExport-noconfig.cmake
[3.559s] -- Installing: /home/kousei/ros2_ws/install/custom_message_unity/share/custom_message_unity/cmake/export_custom_message_unity__rosidl_typesupport_fastrtps_cExport.cmake
[3.559s] -- Installing: /home/kousei/ros2_ws/install/custom_message_unity/share/custom_message_unity/cmake/export_custom_message_unity__rosidl_typesupport_fastrtps_cExport-noconfig.cmake
[3.559s] -- Installing: /home/kousei/ros2_ws/install/custom_message_unity/share/custom_message_unity/cmake/custom_message_unity__rosidl_typesupport_introspection_cExport.cmake
[3.559s] -- Installing: /home/kousei/ros2_ws/install/custom_message_unity/share/custom_message_unity/cmake/custom_message_unity__rosidl_typesupport_introspection_cExport-noconfig.cmake
[3.559s] -- Installing: /home/kousei/ros2_ws/install/custom_message_unity/share/custom_message_unity/cmake/custom_message_unity__rosidl_typesupport_cExport.cmake
[3.559s] -- Installing: /home/kousei/ros2_ws/install/custom_message_unity/share/custom_message_unity/cmake/custom_message_unity__rosidl_typesupport_cExport-noconfig.cmake
[3.559s] -- Installing: /home/kousei/ros2_ws/install/custom_message_unity/share/custom_message_unity/cmake/export_custom_message_unity__rosidl_generator_cppExport.cmake
[3.559s] -- Installing: /home/kousei/ros2_ws/install/custom_message_unity/share/custom_message_unity/cmake/export_custom_message_unity__rosidl_typesupport_fastrtps_cppExport.cmake
[3.560s] -- Installing: /home/kousei/ros2_ws/install/custom_message_unity/share/custom_message_unity/cmake/export_custom_message_unity__rosidl_typesupport_fastrtps_cppExport-noconfig.cmake
[3.560s] -- Installing: /home/kousei/ros2_ws/install/custom_message_unity/share/custom_message_unity/cmake/custom_message_unity__rosidl_typesupport_introspection_cppExport.cmake
[3.560s] -- Installing: /home/kousei/ros2_ws/install/custom_message_unity/share/custom_message_unity/cmake/custom_message_unity__rosidl_typesupport_introspection_cppExport-noconfig.cmake
[3.560s] -- Installing: /home/kousei/ros2_ws/install/custom_message_unity/share/custom_message_unity/cmake/custom_message_unity__rosidl_typesupport_cppExport.cmake
[3.560s] -- Installing: /home/kousei/ros2_ws/install/custom_message_unity/share/custom_message_unity/cmake/custom_message_unity__rosidl_typesupport_cppExport-noconfig.cmake
[3.560s] -- Installing: /home/kousei/ros2_ws/install/custom_message_unity/share/custom_message_unity/cmake/export_custom_message_unity__rosidl_generator_pyExport.cmake
[3.561s] -- Installing: /home/kousei/ros2_ws/install/custom_message_unity/share/custom_message_unity/cmake/export_custom_message_unity__rosidl_generator_pyExport-noconfig.cmake
[3.561s] -- Installing: /home/kousei/ros2_ws/install/custom_message_unity/share/custom_message_unity/cmake/rosidl_cmake-extras.cmake
[3.561s] -- Installing: /home/kousei/ros2_ws/install/custom_message_unity/share/custom_message_unity/cmake/ament_cmake_export_include_directories-extras.cmake
[3.561s] -- Installing: /home/kousei/ros2_ws/install/custom_message_unity/share/custom_message_unity/cmake/ament_cmake_export_libraries-extras.cmake
[3.561s] -- Installing: /home/kousei/ros2_ws/install/custom_message_unity/share/custom_message_unity/cmake/ament_cmake_export_targets-extras.cmake
[3.561s] -- Installing: /home/kousei/ros2_ws/install/custom_message_unity/share/custom_message_unity/cmake/rosidl_cmake_export_typesupport_targets-extras.cmake
[3.561s] -- Installing: /home/kousei/ros2_ws/install/custom_message_unity/share/custom_message_unity/cmake/ament_cmake_export_dependencies-extras.cmake
[3.561s] -- Installing: /home/kousei/ros2_ws/install/custom_message_unity/share/custom_message_unity/cmake/rosidl_cmake_export_typesupport_libraries-extras.cmake
[3.562s] -- Installing: /home/kousei/ros2_ws/install/custom_message_unity/share/custom_message_unity/cmake/custom_message_unityConfig.cmake
[3.562s] -- Installing: /home/kousei/ros2_ws/install/custom_message_unity/share/custom_message_unity/cmake/custom_message_unityConfig-version.cmake
[3.562s] -- Installing: /home/kousei/ros2_ws/install/custom_message_unity/share/custom_message_unity/package.xml
[3.564s] Invoked command in '/home/kousei/ros2_ws/build/custom_message_unity' returned '0': CMAKE_PREFIX_PATH=/opt/ros/humble /usr/bin/cmake --install /home/kousei/ros2_ws/build/custom_message_unity
