[0.267s] Invoking command in '/home/osawakousei/ros2_ws/build/micro_ros_msgs': CMAKE_PREFIX_PATH=${CMAKE_PREFIX_PATH}:/opt/ros/humble /usr/bin/cmake --build /home/osawakousei/ros2_ws/build/micro_ros_msgs -- -j8 -l8
[0.646s] [ 10%] Built target micro_ros_msgs__rosidl_generator_c
[0.647s] [ 12%] Built target micro_ros_msgs__cpp
[0.776s] [ 12%] Built target ament_cmake_python_copy_micro_ros_msgs
[0.889s] [ 29%] Built target micro_ros_msgs__rosidl_typesupport_c
[0.890s] [ 34%] Built target micro_ros_msgs__rosidl_typesupport_introspection_c
[0.933s] [ 44%] Built target micro_ros_msgs__rosidl_typesupport_fastrtps_c
[1.236s] [ 55%] Built target micro_ros_msgs__rosidl_typesupport_fastrtps_cpp
[1.260s] [ 65%] Built target micro_ros_msgs__rosidl_typesupport_introspection_cpp
[1.310s] [ 76%] Built target micro_ros_msgs__rosidl_typesupport_cpp
[1.798s] [ 76%] Built target micro_ros_msgs
[2.067s] [ 78%] Built target micro_ros_msgs__py
[2.357s] [ 87%] Built target micro_ros_msgs__rosidl_generator_py
[2.658s] [ 91%] Built target micro_ros_msgs__rosidl_typesupport_introspection_c__pyext
[2.681s] [ 95%] Built target micro_ros_msgs__rosidl_typesupport_c__pyext
[2.700s] [100%] Built target micro_ros_msgs__rosidl_typesupport_fastrtps_c__pyext
[3.046s] running egg_info
[3.048s] writing micro_ros_msgs.egg-info/PKG-INFO
[3.049s] writing dependency_links to micro_ros_msgs.egg-info/dependency_links.txt
[3.050s] writing top-level names to micro_ros_msgs.egg-info/top_level.txt
[3.059s] reading manifest file 'micro_ros_msgs.egg-info/SOURCES.txt'
[3.062s] writing manifest file 'micro_ros_msgs.egg-info/SOURCES.txt'
[3.157s] [100%] Built target ament_cmake_python_build_micro_ros_msgs_egg
[3.226s] Invoked command in '/home/osawakousei/ros2_ws/build/micro_ros_msgs' returned '0': CMAKE_PREFIX_PATH=${CMAKE_PREFIX_PATH}:/opt/ros/humble /usr/bin/cmake --build /home/osawakousei/ros2_ws/build/micro_ros_msgs -- -j8 -l8
