-- Found ament_cmake: 1.3.5 (/opt/ros/humble/share/ament_cmake/cmake)
-- Found Python3: /usr/bin/python3.10 (found version "3.10.12") found components: Interpreter 
-- Configuring done
-- Generating done
-- Build files have been written to: /home/osawakousei/ros2_ws/build/dotnet_cmake_module
-- Install configuration: ""
-- Installing: /home/osawakousei/ros2_ws/install/dotnet_cmake_module/share/ament_index/resource_index/package_run_dependencies/dotnet_cmake_module
-- Installing: /home/osawakousei/ros2_ws/install/dotnet_cmake_module/share/ament_index/resource_index/parent_prefix_path/dotnet_cmake_module
-- Installing: /home/osawakousei/ros2_ws/install/dotnet_cmake_module/share/dotnet_cmake_module/environment/ament_prefix_path.sh
-- Installing: /home/osawakousei/ros2_ws/install/dotnet_cmake_module/share/dotnet_cmake_module/environment/ament_prefix_path.dsv
-- Installing: /home/osawakousei/ros2_ws/install/dotnet_cmake_module/share/dotnet_cmake_module/environment/path.sh
-- Installing: /home/osawakousei/ros2_ws/install/dotnet_cmake_module/share/dotnet_cmake_module/environment/path.dsv
-- Installing: /home/osawakousei/ros2_ws/install/dotnet_cmake_module/share/dotnet_cmake_module/local_setup.bash
-- Installing: /home/osawakousei/ros2_ws/install/dotnet_cmake_module/share/dotnet_cmake_module/local_setup.sh
-- Installing: /home/osawakousei/ros2_ws/install/dotnet_cmake_module/share/dotnet_cmake_module/local_setup.zsh
-- Installing: /home/osawakousei/ros2_ws/install/dotnet_cmake_module/share/dotnet_cmake_module/local_setup.dsv
-- Installing: /home/osawakousei/ros2_ws/install/dotnet_cmake_module/share/dotnet_cmake_module/package.dsv
-- Installing: /home/osawakousei/ros2_ws/install/dotnet_cmake_module/share/ament_index/resource_index/packages/dotnet_cmake_module
-- Installing: /home/osawakousei/ros2_ws/install/dotnet_cmake_module/share/dotnet_cmake_module/cmake/dotnet_cmake_module-extras.cmake
-- Installing: /home/osawakousei/ros2_ws/install/dotnet_cmake_module/share/dotnet_cmake_module/cmake/dotnet_cmake_moduleConfig.cmake
-- Installing: /home/osawakousei/ros2_ws/install/dotnet_cmake_module/share/dotnet_cmake_module/cmake/dotnet_cmake_moduleConfig-version.cmake
-- Installing: /home/osawakousei/ros2_ws/install/dotnet_cmake_module/share/dotnet_cmake_module/package.xml
-- Up-to-date: /home/osawakousei/ros2_ws/install/dotnet_cmake_module/share/dotnet_cmake_module/cmake
-- Installing: /home/osawakousei/ros2_ws/install/dotnet_cmake_module/share/dotnet_cmake_module/cmake/Modules
-- Installing: /home/osawakousei/ros2_ws/install/dotnet_cmake_module/share/dotnet_cmake_module/cmake/Modules/FindDotNETExtra.cmake
-- Installing: /home/osawakousei/ros2_ws/install/dotnet_cmake_module/share/dotnet_cmake_module/cmake/Modules/dotnet
-- Installing: /home/osawakousei/ros2_ws/install/dotnet_cmake_module/share/dotnet_cmake_module/cmake/Modules/dotnet/packages.config.in
-- Installing: /home/osawakousei/ros2_ws/install/dotnet_cmake_module/share/dotnet_cmake_module/cmake/Modules/dotnet/UseCSharpProjectBuilder.cmake
-- Installing: /home/osawakousei/ros2_ws/install/dotnet_cmake_module/share/dotnet_cmake_module/cmake/Modules/dotnet/FindMono.cmake
-- Installing: /home/osawakousei/ros2_ws/install/dotnet_cmake_module/share/dotnet_cmake_module/cmake/Modules/dotnet/entry_point.unix.in
-- Installing: /home/osawakousei/ros2_ws/install/dotnet_cmake_module/share/dotnet_cmake_module/cmake/Modules/dotnet/FindDotNetCore.cmake
-- Installing: /home/osawakousei/ros2_ws/install/dotnet_cmake_module/share/dotnet_cmake_module/cmake/Modules/dotnet/dotnetcore.csproj.in
-- Installing: /home/osawakousei/ros2_ws/install/dotnet_cmake_module/share/dotnet_cmake_module/cmake/Modules/dotnet/entry_point.windows.in
-- Installing: /home/osawakousei/ros2_ws/install/dotnet_cmake_module/share/dotnet_cmake_module/cmake/Modules/dotnet/Directory.Build.props.in
-- Installing: /home/osawakousei/ros2_ws/install/dotnet_cmake_module/share/dotnet_cmake_module/cmake/Modules/dotnet/msbuild.csproj.in
-- Installing: /home/osawakousei/ros2_ws/install/dotnet_cmake_module/share/dotnet_cmake_module/cmake/Modules/FindCSBuild.cmake
-- Installing: /home/osawakousei/ros2_ws/install/dotnet_cmake_module/share/dotnet_cmake_module/cmake/ConfigureFile.cmake
