[0.255s] Invoking command in '/home/osawakousei/ros2_ws/build/ros2cs_common': CMAKE_PREFIX_PATH=${CMAKE_PREFIX_PATH}:/opt/ros/humble /usr/bin/cmake /home/osawakousei/ros2_ws/ros2cs/src/ros2cs/ros2cs_common -DCMAKE_INSTALL_PREFIX=/home/osawakousei/ros2_ws/install/ros2cs_common
[0.318s] -- Found ament_cmake: 1.3.5 (/opt/ros/humble/share/ament_cmake/cmake)
[1.496s] -- Configuring incomplete, errors occurred!
[1.496s] See also "/home/osawakousei/ros2_ws/build/ros2cs_common/CMakeFiles/CMakeOutput.log".
[1.496s] [31mCMake Error at CMakeLists.txt:20 (find_package):
[1.497s]   By not providing "Findament_cmake_export_assemblies.cmake" in
[1.507s]   CMAKE_MODULE_PATH this project has asked CMake to find a package
[1.509s]   configuration file provided by "ament_cmake_export_assemblies", but CMake
[1.509s]   did not find one.
[1.510s] 
[1.510s]   Could not find a package configuration file provided by
[1.510s]   "ament_cmake_export_assemblies" with any of the following names:
[1.510s] 
[1.511s]     ament_cmake_export_assembliesConfig.cmake
[1.511s]     ament_cmake_export_assemblies-config.cmake
[1.511s] 
[1.511s]   Add the installation prefix of "ament_cmake_export_assemblies" to
[1.512s]   CMAKE_PREFIX_PATH or set "ament_cmake_export_assemblies_DIR" to a directory
[1.512s]   containing one of the above files.  If "ament_cmake_export_assemblies"
[1.512s]   provides a separate development package or SDK, be sure it has been
[1.513s]   installed.
[1.513s] 
[1.514s] [0m
[1.545s] Invoked command in '/home/osawakousei/ros2_ws/build/ros2cs_common' returned '1': CMAKE_PREFIX_PATH=${CMAKE_PREFIX_PATH}:/opt/ros/humble /usr/bin/cmake /home/osawakousei/ros2_ws/ros2cs/src/ros2cs/ros2cs_common -DCMAKE_INSTALL_PREFIX=/home/osawakousei/ros2_ws/install/ros2cs_common
