[0.246s] Invoking command in '/home/osawakousei/ros2_ws/build/cpp_server_client': CMAKE_PREFIX_PATH=${CMAKE_PREFIX_PATH}:/opt/ros/humble /usr/bin/cmake --build /home/osawakousei/ros2_ws/build/cpp_server_client -- -j8 -l8
[0.596s] [  2%] Built target cpp_server_client__cpp
[0.652s] [ 11%] Built target cpp_server_client__rosidl_generator_c
[0.871s] [ 11%] Built target ament_cmake_python_copy_cpp_server_client
[1.022s] [ 20%] Built target cpp_server_client__rosidl_typesupport_introspection_cpp
[1.039s] [ 28%] Built target cpp_server_client__rosidl_typesupport_cpp
[1.123s] [ 37%] Built target cpp_server_client__rosidl_typesupport_fastrtps_c
[1.135s] [ 45%] Built target cpp_server_client__rosidl_typesupport_c
[1.162s] [ 54%] Built target cpp_server_client__rosidl_typesupport_fastrtps_cpp
[1.195s] [ 62%] Built target cpp_server_client__rosidl_typesupport_introspection_c
[1.580s] [ 62%] Built target cpp_server_client
[1.580s] [ 68%] Built target practice_client_node
[1.580s] [ 74%] Built target practice_server_node
[1.760s] [ 77%] Built target cpp_server_client__py
[2.002s] [ 82%] Built target cpp_server_client__rosidl_generator_py
[2.258s] [ 88%] Built target cpp_server_client__rosidl_typesupport_c__pyext
[2.282s] [ 94%] Built target cpp_server_client__rosidl_typesupport_introspection_c__pyext
[2.308s] [100%] Built target cpp_server_client__rosidl_typesupport_fastrtps_c__pyext
[2.905s] running egg_info
[2.907s] writing cpp_server_client.egg-info/PKG-INFO
[2.909s] writing dependency_links to cpp_server_client.egg-info/dependency_links.txt
[2.910s] writing top-level names to cpp_server_client.egg-info/top_level.txt
[2.925s] reading manifest file 'cpp_server_client.egg-info/SOURCES.txt'
[2.925s] writing manifest file 'cpp_server_client.egg-info/SOURCES.txt'
[3.037s] [100%] Built target ament_cmake_python_build_cpp_server_client_egg
[3.090s] Invoked command in '/home/osawakousei/ros2_ws/build/cpp_server_client' returned '0': CMAKE_PREFIX_PATH=${CMAKE_PREFIX_PATH}:/opt/ros/humble /usr/bin/cmake --build /home/osawakousei/ros2_ws/build/cpp_server_client -- -j8 -l8
