[0.842s] DEBUG:colcon:Command line arguments: ['/usr/bin/colcon', 'build']
[0.842s] DEBUG:colcon:Parsed command line arguments: Namespace(log_base=None, log_level=None, verb_name='build', build_base='build', install_base='install', merge_install=False, symlink_install=False, test_result_base=None, continue_on_error=False, executor='parallel', parallel_workers=8, event_handlers=None, ignore_user_meta=False, metas=['./colcon.meta'], base_paths=['.'], packages_ignore=None, packages_ignore_regex=None, paths=None, packages_up_to=None, packages_up_to_regex=None, packages_above=None, packages_above_and_dependencies=None, packages_above_depth=None, packages_select_by_dep=None, packages_skip_by_dep=None, packages_skip_up_to=None, packages_select_build_failed=False, packages_skip_build_finished=False, packages_select_test_failures=False, packages_skip_test_passed=False, packages_select=None, packages_skip=None, packages_select_regex=None, packages_skip_regex=None, packages_start=None, packages_end=None, allow_overriding=[], cmake_args=None, cmake_target=None, cmake_target_skip_unavailable=False, cmake_clean_cache=False, cmake_clean_first=False, cmake_force_configure=False, ament_cmake_args=None, catkin_cmake_args=None, catkin_skip_building_tests=False, verb_parser=<colcon_defaults.argument_parser.defaults.DefaultArgumentsDecorator object at 0x7f9aa0c950f0>, verb_extension=<colcon_core.verb.build.BuildVerb object at 0x7f9aa0c94b80>, main=<bound method BuildVerb.main of <colcon_core.verb.build.BuildVerb object at 0x7f9aa0c94b80>>)
[0.902s] Level 1:colcon.colcon_core.package_discovery:discover_packages(colcon_meta) check parameters
[0.903s] Level 1:colcon.colcon_core.package_discovery:discover_packages(recursive) check parameters
[0.903s] Level 1:colcon.colcon_core.package_discovery:discover_packages(ignore) check parameters
[0.903s] Level 1:colcon.colcon_core.package_discovery:discover_packages(path) check parameters
[0.903s] Level 1:colcon.colcon_core.package_discovery:discover_packages(colcon_meta) discover
[0.903s] Level 1:colcon.colcon_core.package_discovery:discover_packages(recursive) discover
[0.903s] INFO:colcon.colcon_core.package_discovery:Crawling recursively for packages in '/home/osawakousei/ros2_ws'
[0.903s] Level 1:colcon.colcon_core.package_identification:_identify(.) by extensions ['ignore', 'ignore_ament_install']
[0.904s] Level 1:colcon.colcon_core.package_identification:_identify(.) by extension 'ignore'
[0.904s] Level 1:colcon.colcon_core.package_identification:_identify(.) by extension 'ignore_ament_install'
[0.904s] Level 1:colcon.colcon_core.package_identification:_identify(.) by extensions ['colcon_pkg']
[0.904s] Level 1:colcon.colcon_core.package_identification:_identify(.) by extension 'colcon_pkg'
[0.904s] Level 1:colcon.colcon_core.package_identification:_identify(.) by extensions ['colcon_meta']
[0.904s] Level 1:colcon.colcon_core.package_identification:_identify(.) by extension 'colcon_meta'
[0.905s] Level 1:colcon.colcon_core.package_identification:_identify(.) by extensions ['ros']
[0.905s] Level 1:colcon.colcon_core.package_identification:_identify(.) by extension 'ros'
[0.936s] Level 1:colcon.colcon_core.package_identification:_identify(.) by extensions ['cmake', 'python']
[0.937s] Level 1:colcon.colcon_core.package_identification:_identify(.) by extension 'cmake'
[0.937s] Level 1:colcon.colcon_core.package_identification:_identify(.) by extension 'python'
[0.937s] Level 1:colcon.colcon_core.package_identification:_identify(.) by extensions ['python_setup_py']
[0.937s] Level 1:colcon.colcon_core.package_identification:_identify(.) by extension 'python_setup_py'
[0.938s] Level 1:colcon.colcon_core.package_identification:_identify(build) by extensions ['ignore', 'ignore_ament_install']
[0.938s] Level 1:colcon.colcon_core.package_identification:_identify(build) by extension 'ignore'
[0.939s] Level 1:colcon.colcon_core.package_identification:_identify(build) ignored
[0.939s] Level 1:colcon.colcon_core.package_identification:_identify(install) by extensions ['ignore', 'ignore_ament_install']
[0.939s] Level 1:colcon.colcon_core.package_identification:_identify(install) by extension 'ignore'
[0.940s] Level 1:colcon.colcon_core.package_identification:_identify(install) ignored
[0.940s] Level 1:colcon.colcon_core.package_identification:_identify(log) by extensions ['ignore', 'ignore_ament_install']
[0.941s] Level 1:colcon.colcon_core.package_identification:_identify(log) by extension 'ignore'
[0.941s] Level 1:colcon.colcon_core.package_identification:_identify(log) ignored
[0.941s] Level 1:colcon.colcon_core.package_identification:_identify(src) by extensions ['ignore', 'ignore_ament_install']
[0.942s] Level 1:colcon.colcon_core.package_identification:_identify(src) by extension 'ignore'
[0.942s] Level 1:colcon.colcon_core.package_identification:_identify(src) by extension 'ignore_ament_install'
[0.942s] Level 1:colcon.colcon_core.package_identification:_identify(src) by extensions ['colcon_pkg']
[0.942s] Level 1:colcon.colcon_core.package_identification:_identify(src) by extension 'colcon_pkg'
[0.942s] Level 1:colcon.colcon_core.package_identification:_identify(src) by extensions ['colcon_meta']
[0.943s] Level 1:colcon.colcon_core.package_identification:_identify(src) by extension 'colcon_meta'
[0.943s] Level 1:colcon.colcon_core.package_identification:_identify(src) by extensions ['ros']
[0.943s] Level 1:colcon.colcon_core.package_identification:_identify(src) by extension 'ros'
[0.943s] Level 1:colcon.colcon_core.package_identification:_identify(src) by extensions ['cmake', 'python']
[0.943s] Level 1:colcon.colcon_core.package_identification:_identify(src) by extension 'cmake'
[0.944s] Level 1:colcon.colcon_core.package_identification:_identify(src) by extension 'python'
[0.944s] Level 1:colcon.colcon_core.package_identification:_identify(src) by extensions ['python_setup_py']
[0.944s] Level 1:colcon.colcon_core.package_identification:_identify(src) by extension 'python_setup_py'
[0.944s] Level 1:colcon.colcon_core.package_identification:_identify(src/android_controll_test) by extensions ['ignore', 'ignore_ament_install']
[0.945s] Level 1:colcon.colcon_core.package_identification:_identify(src/android_controll_test) by extension 'ignore'
[0.945s] Level 1:colcon.colcon_core.package_identification:_identify(src/android_controll_test) by extension 'ignore_ament_install'
[0.946s] Level 1:colcon.colcon_core.package_identification:_identify(src/android_controll_test) by extensions ['colcon_pkg']
[0.947s] Level 1:colcon.colcon_core.package_identification:_identify(src/android_controll_test) by extension 'colcon_pkg'
[0.947s] Level 1:colcon.colcon_core.package_identification:_identify(src/android_controll_test) by extensions ['colcon_meta']
[0.947s] Level 1:colcon.colcon_core.package_identification:_identify(src/android_controll_test) by extension 'colcon_meta'
[0.947s] Level 1:colcon.colcon_core.package_identification:_identify(src/android_controll_test) by extensions ['ros']
[0.947s] Level 1:colcon.colcon_core.package_identification:_identify(src/android_controll_test) by extension 'ros'
[0.957s] DEBUG:colcon.colcon_core.package_identification:Package 'src/android_controll_test' with type 'ros.ament_cmake' and name 'android_controll_test'
[0.958s] Level 1:colcon.colcon_core.package_identification:_identify(src/build) by extensions ['ignore', 'ignore_ament_install']
[0.958s] Level 1:colcon.colcon_core.package_identification:_identify(src/build) by extension 'ignore'
[0.959s] Level 1:colcon.colcon_core.package_identification:_identify(src/build) ignored
[0.959s] Level 1:colcon.colcon_core.package_identification:_identify(src/cpp_server_client) by extensions ['ignore', 'ignore_ament_install']
[0.959s] Level 1:colcon.colcon_core.package_identification:_identify(src/cpp_server_client) by extension 'ignore'
[0.960s] Level 1:colcon.colcon_core.package_identification:_identify(src/cpp_server_client) by extension 'ignore_ament_install'
[0.960s] Level 1:colcon.colcon_core.package_identification:_identify(src/cpp_server_client) by extensions ['colcon_pkg']
[0.960s] Level 1:colcon.colcon_core.package_identification:_identify(src/cpp_server_client) by extension 'colcon_pkg'
[0.960s] Level 1:colcon.colcon_core.package_identification:_identify(src/cpp_server_client) by extensions ['colcon_meta']
[0.961s] Level 1:colcon.colcon_core.package_identification:_identify(src/cpp_server_client) by extension 'colcon_meta'
[0.961s] Level 1:colcon.colcon_core.package_identification:_identify(src/cpp_server_client) by extensions ['ros']
[0.961s] Level 1:colcon.colcon_core.package_identification:_identify(src/cpp_server_client) by extension 'ros'
[0.963s] DEBUG:colcon.colcon_core.package_identification:Package 'src/cpp_server_client' with type 'ros.ament_cmake' and name 'cpp_server_client'
[0.964s] Level 1:colcon.colcon_core.package_identification:_identify(src/cpp_topic_pubsub) by extensions ['ignore', 'ignore_ament_install']
[0.964s] Level 1:colcon.colcon_core.package_identification:_identify(src/cpp_topic_pubsub) by extension 'ignore'
[0.964s] Level 1:colcon.colcon_core.package_identification:_identify(src/cpp_topic_pubsub) by extension 'ignore_ament_install'
[0.965s] Level 1:colcon.colcon_core.package_identification:_identify(src/cpp_topic_pubsub) by extensions ['colcon_pkg']
[0.965s] Level 1:colcon.colcon_core.package_identification:_identify(src/cpp_topic_pubsub) by extension 'colcon_pkg'
[0.965s] Level 1:colcon.colcon_core.package_identification:_identify(src/cpp_topic_pubsub) by extensions ['colcon_meta']
[0.965s] Level 1:colcon.colcon_core.package_identification:_identify(src/cpp_topic_pubsub) by extension 'colcon_meta'
[0.965s] Level 1:colcon.colcon_core.package_identification:_identify(src/cpp_topic_pubsub) by extensions ['ros']
[0.966s] Level 1:colcon.colcon_core.package_identification:_identify(src/cpp_topic_pubsub) by extension 'ros'
[0.968s] DEBUG:colcon.colcon_core.package_identification:Package 'src/cpp_topic_pubsub' with type 'ros.ament_cmake' and name 'cpp_topic_pubsub'
[0.968s] Level 1:colcon.colcon_core.package_identification:_identify(src/custom_test_msgs) by extensions ['ignore', 'ignore_ament_install']
[0.969s] Level 1:colcon.colcon_core.package_identification:_identify(src/custom_test_msgs) by extension 'ignore'
[0.969s] Level 1:colcon.colcon_core.package_identification:_identify(src/custom_test_msgs) by extension 'ignore_ament_install'
[0.969s] Level 1:colcon.colcon_core.package_identification:_identify(src/custom_test_msgs) by extensions ['colcon_pkg']
[0.970s] Level 1:colcon.colcon_core.package_identification:_identify(src/custom_test_msgs) by extension 'colcon_pkg'
[0.970s] Level 1:colcon.colcon_core.package_identification:_identify(src/custom_test_msgs) by extensions ['colcon_meta']
[0.970s] Level 1:colcon.colcon_core.package_identification:_identify(src/custom_test_msgs) by extension 'colcon_meta'
[0.970s] Level 1:colcon.colcon_core.package_identification:_identify(src/custom_test_msgs) by extensions ['ros']
[0.970s] Level 1:colcon.colcon_core.package_identification:_identify(src/custom_test_msgs) by extension 'ros'
[0.972s] DEBUG:colcon.colcon_core.package_identification:Package 'src/custom_test_msgs' with type 'ros.ament_cmake' and name 'custom_test_msgs'
[0.973s] Level 1:colcon.colcon_core.package_identification:_identify(src/install) by extensions ['ignore', 'ignore_ament_install']
[0.973s] Level 1:colcon.colcon_core.package_identification:_identify(src/install) by extension 'ignore'
[0.973s] Level 1:colcon.colcon_core.package_identification:_identify(src/install) ignored
[0.974s] Level 1:colcon.colcon_core.package_identification:_identify(src/log) by extensions ['ignore', 'ignore_ament_install']
[0.974s] Level 1:colcon.colcon_core.package_identification:_identify(src/log) by extension 'ignore'
[0.974s] Level 1:colcon.colcon_core.package_identification:_identify(src/log) ignored
[0.975s] Level 1:colcon.colcon_core.package_identification:_identify(src/test_package) by extensions ['ignore', 'ignore_ament_install']
[0.975s] Level 1:colcon.colcon_core.package_identification:_identify(src/test_package) by extension 'ignore'
[0.975s] Level 1:colcon.colcon_core.package_identification:_identify(src/test_package) by extension 'ignore_ament_install'
[0.975s] Level 1:colcon.colcon_core.package_identification:_identify(src/test_package) by extensions ['colcon_pkg']
[0.976s] Level 1:colcon.colcon_core.package_identification:_identify(src/test_package) by extension 'colcon_pkg'
[0.976s] Level 1:colcon.colcon_core.package_identification:_identify(src/test_package) by extensions ['colcon_meta']
[0.976s] Level 1:colcon.colcon_core.package_identification:_identify(src/test_package) by extension 'colcon_meta'
[0.977s] Level 1:colcon.colcon_core.package_identification:_identify(src/test_package) by extensions ['ros']
[0.977s] Level 1:colcon.colcon_core.package_identification:_identify(src/test_package) by extension 'ros'
[0.979s] DEBUG:colcon.colcon_core.package_identification:Package 'src/test_package' with type 'ros.ament_cmake' and name 'test_package'
[0.979s] Level 1:colcon.colcon_core.package_identification:_identify(uros_ws) by extensions ['ignore', 'ignore_ament_install']
[0.980s] Level 1:colcon.colcon_core.package_identification:_identify(uros_ws) by extension 'ignore'
[0.980s] Level 1:colcon.colcon_core.package_identification:_identify(uros_ws) by extension 'ignore_ament_install'
[0.980s] Level 1:colcon.colcon_core.package_identification:_identify(uros_ws) by extensions ['colcon_pkg']
[0.981s] Level 1:colcon.colcon_core.package_identification:_identify(uros_ws) by extension 'colcon_pkg'
[0.981s] Level 1:colcon.colcon_core.package_identification:_identify(uros_ws) by extensions ['colcon_meta']
[0.981s] Level 1:colcon.colcon_core.package_identification:_identify(uros_ws) by extension 'colcon_meta'
[0.982s] Level 1:colcon.colcon_core.package_identification:_identify(uros_ws) by extensions ['ros']
[0.982s] Level 1:colcon.colcon_core.package_identification:_identify(uros_ws) by extension 'ros'
[0.982s] Level 1:colcon.colcon_core.package_identification:_identify(uros_ws) by extensions ['cmake', 'python']
[0.982s] Level 1:colcon.colcon_core.package_identification:_identify(uros_ws) by extension 'cmake'
[0.982s] Level 1:colcon.colcon_core.package_identification:_identify(uros_ws) by extension 'python'
[0.982s] Level 1:colcon.colcon_core.package_identification:_identify(uros_ws) by extensions ['python_setup_py']
[0.983s] Level 1:colcon.colcon_core.package_identification:_identify(uros_ws) by extension 'python_setup_py'
[0.983s] Level 1:colcon.colcon_core.package_identification:_identify(uros_ws/build) by extensions ['ignore', 'ignore_ament_install']
[0.983s] Level 1:colcon.colcon_core.package_identification:_identify(uros_ws/build) by extension 'ignore'
[0.983s] Level 1:colcon.colcon_core.package_identification:_identify(uros_ws/build) ignored
[0.983s] Level 1:colcon.colcon_core.package_identification:_identify(uros_ws/install) by extensions ['ignore', 'ignore_ament_install']
[0.984s] Level 1:colcon.colcon_core.package_identification:_identify(uros_ws/install) by extension 'ignore'
[0.984s] Level 1:colcon.colcon_core.package_identification:_identify(uros_ws/install) ignored
[0.984s] Level 1:colcon.colcon_core.package_identification:_identify(uros_ws/log) by extensions ['ignore', 'ignore_ament_install']
[0.984s] Level 1:colcon.colcon_core.package_identification:_identify(uros_ws/log) by extension 'ignore'
[0.984s] Level 1:colcon.colcon_core.package_identification:_identify(uros_ws/log) ignored
[0.985s] Level 1:colcon.colcon_core.package_identification:_identify(uros_ws/src) by extensions ['ignore', 'ignore_ament_install']
[0.985s] Level 1:colcon.colcon_core.package_identification:_identify(uros_ws/src) by extension 'ignore'
[0.985s] Level 1:colcon.colcon_core.package_identification:_identify(uros_ws/src) by extension 'ignore_ament_install'
[0.986s] Level 1:colcon.colcon_core.package_identification:_identify(uros_ws/src) by extensions ['colcon_pkg']
[0.986s] Level 1:colcon.colcon_core.package_identification:_identify(uros_ws/src) by extension 'colcon_pkg'
[0.986s] Level 1:colcon.colcon_core.package_identification:_identify(uros_ws/src) by extensions ['colcon_meta']
[0.986s] Level 1:colcon.colcon_core.package_identification:_identify(uros_ws/src) by extension 'colcon_meta'
[0.986s] Level 1:colcon.colcon_core.package_identification:_identify(uros_ws/src) by extensions ['ros']
[0.986s] Level 1:colcon.colcon_core.package_identification:_identify(uros_ws/src) by extension 'ros'
[0.987s] Level 1:colcon.colcon_core.package_identification:_identify(uros_ws/src) by extensions ['cmake', 'python']
[0.987s] Level 1:colcon.colcon_core.package_identification:_identify(uros_ws/src) by extension 'cmake'
[0.987s] Level 1:colcon.colcon_core.package_identification:_identify(uros_ws/src) by extension 'python'
[0.987s] Level 1:colcon.colcon_core.package_identification:_identify(uros_ws/src) by extensions ['python_setup_py']
[0.987s] Level 1:colcon.colcon_core.package_identification:_identify(uros_ws/src) by extension 'python_setup_py'
[0.987s] Level 1:colcon.colcon_core.package_identification:_identify(uros_ws/src/micro_ros_setup) by extensions ['ignore', 'ignore_ament_install']
[0.988s] Level 1:colcon.colcon_core.package_identification:_identify(uros_ws/src/micro_ros_setup) by extension 'ignore'
[0.988s] Level 1:colcon.colcon_core.package_identification:_identify(uros_ws/src/micro_ros_setup) by extension 'ignore_ament_install'
[0.988s] Level 1:colcon.colcon_core.package_identification:_identify(uros_ws/src/micro_ros_setup) by extensions ['colcon_pkg']
[0.988s] Level 1:colcon.colcon_core.package_identification:_identify(uros_ws/src/micro_ros_setup) by extension 'colcon_pkg'
[0.988s] Level 1:colcon.colcon_core.package_identification:_identify(uros_ws/src/micro_ros_setup) by extensions ['colcon_meta']
[0.989s] Level 1:colcon.colcon_core.package_identification:_identify(uros_ws/src/micro_ros_setup) by extension 'colcon_meta'
[0.989s] Level 1:colcon.colcon_core.package_identification:_identify(uros_ws/src/micro_ros_setup) by extensions ['ros']
[0.989s] Level 1:colcon.colcon_core.package_identification:_identify(uros_ws/src/micro_ros_setup) by extension 'ros'
[0.991s] DEBUG:colcon.colcon_core.package_identification:Package 'uros_ws/src/micro_ros_setup' with type 'ros.ament_cmake' and name 'micro_ros_setup'
[0.991s] Level 1:colcon.colcon_core.package_identification:_identify(uros_ws/src/uros) by extensions ['ignore', 'ignore_ament_install']
[0.991s] Level 1:colcon.colcon_core.package_identification:_identify(uros_ws/src/uros) by extension 'ignore'
[0.991s] Level 1:colcon.colcon_core.package_identification:_identify(uros_ws/src/uros) by extension 'ignore_ament_install'
[0.991s] Level 1:colcon.colcon_core.package_identification:_identify(uros_ws/src/uros) by extensions ['colcon_pkg']
[0.992s] Level 1:colcon.colcon_core.package_identification:_identify(uros_ws/src/uros) by extension 'colcon_pkg'
[0.992s] Level 1:colcon.colcon_core.package_identification:_identify(uros_ws/src/uros) by extensions ['colcon_meta']
[0.992s] Level 1:colcon.colcon_core.package_identification:_identify(uros_ws/src/uros) by extension 'colcon_meta'
[0.992s] Level 1:colcon.colcon_core.package_identification:_identify(uros_ws/src/uros) by extensions ['ros']
[0.992s] Level 1:colcon.colcon_core.package_identification:_identify(uros_ws/src/uros) by extension 'ros'
[0.992s] Level 1:colcon.colcon_core.package_identification:_identify(uros_ws/src/uros) by extensions ['cmake', 'python']
[0.992s] Level 1:colcon.colcon_core.package_identification:_identify(uros_ws/src/uros) by extension 'cmake'
[0.993s] Level 1:colcon.colcon_core.package_identification:_identify(uros_ws/src/uros) by extension 'python'
[0.993s] Level 1:colcon.colcon_core.package_identification:_identify(uros_ws/src/uros) by extensions ['python_setup_py']
[0.993s] Level 1:colcon.colcon_core.package_identification:_identify(uros_ws/src/uros) by extension 'python_setup_py'
[0.993s] Level 1:colcon.colcon_core.package_identification:_identify(uros_ws/src/uros/micro-ROS-Agent) by extensions ['ignore', 'ignore_ament_install']
[0.993s] Level 1:colcon.colcon_core.package_identification:_identify(uros_ws/src/uros/micro-ROS-Agent) by extension 'ignore'
[0.993s] Level 1:colcon.colcon_core.package_identification:_identify(uros_ws/src/uros/micro-ROS-Agent) by extension 'ignore_ament_install'
[0.994s] Level 1:colcon.colcon_core.package_identification:_identify(uros_ws/src/uros/micro-ROS-Agent) by extensions ['colcon_pkg']
[0.994s] Level 1:colcon.colcon_core.package_identification:_identify(uros_ws/src/uros/micro-ROS-Agent) by extension 'colcon_pkg'
[0.994s] Level 1:colcon.colcon_core.package_identification:_identify(uros_ws/src/uros/micro-ROS-Agent) by extensions ['colcon_meta']
[0.994s] Level 1:colcon.colcon_core.package_identification:_identify(uros_ws/src/uros/micro-ROS-Agent) by extension 'colcon_meta'
[0.994s] Level 1:colcon.colcon_core.package_identification:_identify(uros_ws/src/uros/micro-ROS-Agent) by extensions ['ros']
[0.994s] Level 1:colcon.colcon_core.package_identification:_identify(uros_ws/src/uros/micro-ROS-Agent) by extension 'ros'
[0.994s] Level 1:colcon.colcon_core.package_identification:_identify(uros_ws/src/uros/micro-ROS-Agent) by extensions ['cmake', 'python']
[0.995s] Level 1:colcon.colcon_core.package_identification:_identify(uros_ws/src/uros/micro-ROS-Agent) by extension 'cmake'
[0.995s] Level 1:colcon.colcon_core.package_identification:_identify(uros_ws/src/uros/micro-ROS-Agent) by extension 'python'
[0.995s] Level 1:colcon.colcon_core.package_identification:_identify(uros_ws/src/uros/micro-ROS-Agent) by extensions ['python_setup_py']
[0.995s] Level 1:colcon.colcon_core.package_identification:_identify(uros_ws/src/uros/micro-ROS-Agent) by extension 'python_setup_py'
[0.995s] Level 1:colcon.colcon_core.package_identification:_identify(uros_ws/src/uros/micro-ROS-Agent/micro_ros_agent) by extensions ['ignore', 'ignore_ament_install']
[0.995s] Level 1:colcon.colcon_core.package_identification:_identify(uros_ws/src/uros/micro-ROS-Agent/micro_ros_agent) by extension 'ignore'
[0.996s] Level 1:colcon.colcon_core.package_identification:_identify(uros_ws/src/uros/micro-ROS-Agent/micro_ros_agent) by extension 'ignore_ament_install'
[0.996s] Level 1:colcon.colcon_core.package_identification:_identify(uros_ws/src/uros/micro-ROS-Agent/micro_ros_agent) by extensions ['colcon_pkg']
[0.996s] Level 1:colcon.colcon_core.package_identification:_identify(uros_ws/src/uros/micro-ROS-Agent/micro_ros_agent) by extension 'colcon_pkg'
[0.996s] Level 1:colcon.colcon_core.package_identification:_identify(uros_ws/src/uros/micro-ROS-Agent/micro_ros_agent) by extensions ['colcon_meta']
[0.996s] Level 1:colcon.colcon_core.package_identification:_identify(uros_ws/src/uros/micro-ROS-Agent/micro_ros_agent) by extension 'colcon_meta'
[0.996s] Level 1:colcon.colcon_core.package_identification:_identify(uros_ws/src/uros/micro-ROS-Agent/micro_ros_agent) by extensions ['ros']
[0.997s] Level 1:colcon.colcon_core.package_identification:_identify(uros_ws/src/uros/micro-ROS-Agent/micro_ros_agent) by extension 'ros'
[0.998s] DEBUG:colcon.colcon_core.package_identification:Package 'uros_ws/src/uros/micro-ROS-Agent/micro_ros_agent' with type 'ros.ament_cmake' and name 'micro_ros_agent'
[0.999s] Level 1:colcon.colcon_core.package_identification:_identify(uros_ws/src/uros/micro-ROS-Agent/snap) by extensions ['ignore', 'ignore_ament_install']
[0.999s] Level 1:colcon.colcon_core.package_identification:_identify(uros_ws/src/uros/micro-ROS-Agent/snap) by extension 'ignore'
[0.999s] Level 1:colcon.colcon_core.package_identification:_identify(uros_ws/src/uros/micro-ROS-Agent/snap) by extension 'ignore_ament_install'
[0.999s] Level 1:colcon.colcon_core.package_identification:_identify(uros_ws/src/uros/micro-ROS-Agent/snap) by extensions ['colcon_pkg']
[0.999s] Level 1:colcon.colcon_core.package_identification:_identify(uros_ws/src/uros/micro-ROS-Agent/snap) by extension 'colcon_pkg'
[1.000s] Level 1:colcon.colcon_core.package_identification:_identify(uros_ws/src/uros/micro-ROS-Agent/snap) by extensions ['colcon_meta']
[1.000s] Level 1:colcon.colcon_core.package_identification:_identify(uros_ws/src/uros/micro-ROS-Agent/snap) by extension 'colcon_meta'
[1.000s] Level 1:colcon.colcon_core.package_identification:_identify(uros_ws/src/uros/micro-ROS-Agent/snap) by extensions ['ros']
[1.000s] Level 1:colcon.colcon_core.package_identification:_identify(uros_ws/src/uros/micro-ROS-Agent/snap) by extension 'ros'
[1.000s] Level 1:colcon.colcon_core.package_identification:_identify(uros_ws/src/uros/micro-ROS-Agent/snap) by extensions ['cmake', 'python']
[1.000s] Level 1:colcon.colcon_core.package_identification:_identify(uros_ws/src/uros/micro-ROS-Agent/snap) by extension 'cmake'
[1.000s] Level 1:colcon.colcon_core.package_identification:_identify(uros_ws/src/uros/micro-ROS-Agent/snap) by extension 'python'
[1.001s] Level 1:colcon.colcon_core.package_identification:_identify(uros_ws/src/uros/micro-ROS-Agent/snap) by extensions ['python_setup_py']
[1.001s] Level 1:colcon.colcon_core.package_identification:_identify(uros_ws/src/uros/micro-ROS-Agent/snap) by extension 'python_setup_py'
[1.001s] Level 1:colcon.colcon_core.package_identification:_identify(uros_ws/src/uros/micro-ROS-Agent/snap/hooks) by extensions ['ignore', 'ignore_ament_install']
[1.001s] Level 1:colcon.colcon_core.package_identification:_identify(uros_ws/src/uros/micro-ROS-Agent/snap/hooks) by extension 'ignore'
[1.001s] Level 1:colcon.colcon_core.package_identification:_identify(uros_ws/src/uros/micro-ROS-Agent/snap/hooks) by extension 'ignore_ament_install'
[1.002s] Level 1:colcon.colcon_core.package_identification:_identify(uros_ws/src/uros/micro-ROS-Agent/snap/hooks) by extensions ['colcon_pkg']
[1.002s] Level 1:colcon.colcon_core.package_identification:_identify(uros_ws/src/uros/micro-ROS-Agent/snap/hooks) by extension 'colcon_pkg'
[1.002s] Level 1:colcon.colcon_core.package_identification:_identify(uros_ws/src/uros/micro-ROS-Agent/snap/hooks) by extensions ['colcon_meta']
[1.002s] Level 1:colcon.colcon_core.package_identification:_identify(uros_ws/src/uros/micro-ROS-Agent/snap/hooks) by extension 'colcon_meta'
[1.002s] Level 1:colcon.colcon_core.package_identification:_identify(uros_ws/src/uros/micro-ROS-Agent/snap/hooks) by extensions ['ros']
[1.002s] Level 1:colcon.colcon_core.package_identification:_identify(uros_ws/src/uros/micro-ROS-Agent/snap/hooks) by extension 'ros'
[1.002s] Level 1:colcon.colcon_core.package_identification:_identify(uros_ws/src/uros/micro-ROS-Agent/snap/hooks) by extensions ['cmake', 'python']
[1.002s] Level 1:colcon.colcon_core.package_identification:_identify(uros_ws/src/uros/micro-ROS-Agent/snap/hooks) by extension 'cmake'
[1.003s] Level 1:colcon.colcon_core.package_identification:_identify(uros_ws/src/uros/micro-ROS-Agent/snap/hooks) by extension 'python'
[1.003s] Level 1:colcon.colcon_core.package_identification:_identify(uros_ws/src/uros/micro-ROS-Agent/snap/hooks) by extensions ['python_setup_py']
[1.003s] Level 1:colcon.colcon_core.package_identification:_identify(uros_ws/src/uros/micro-ROS-Agent/snap/hooks) by extension 'python_setup_py'
[1.003s] Level 1:colcon.colcon_core.package_identification:_identify(uros_ws/src/uros/micro-ROS-Agent/snap/local) by extensions ['ignore', 'ignore_ament_install']
[1.003s] Level 1:colcon.colcon_core.package_identification:_identify(uros_ws/src/uros/micro-ROS-Agent/snap/local) by extension 'ignore'
[1.003s] Level 1:colcon.colcon_core.package_identification:_identify(uros_ws/src/uros/micro-ROS-Agent/snap/local) by extension 'ignore_ament_install'
[1.003s] Level 1:colcon.colcon_core.package_identification:_identify(uros_ws/src/uros/micro-ROS-Agent/snap/local) by extensions ['colcon_pkg']
[1.004s] Level 1:colcon.colcon_core.package_identification:_identify(uros_ws/src/uros/micro-ROS-Agent/snap/local) by extension 'colcon_pkg'
[1.004s] Level 1:colcon.colcon_core.package_identification:_identify(uros_ws/src/uros/micro-ROS-Agent/snap/local) by extensions ['colcon_meta']
[1.004s] Level 1:colcon.colcon_core.package_identification:_identify(uros_ws/src/uros/micro-ROS-Agent/snap/local) by extension 'colcon_meta'
[1.004s] Level 1:colcon.colcon_core.package_identification:_identify(uros_ws/src/uros/micro-ROS-Agent/snap/local) by extensions ['ros']
[1.004s] Level 1:colcon.colcon_core.package_identification:_identify(uros_ws/src/uros/micro-ROS-Agent/snap/local) by extension 'ros'
[1.004s] Level 1:colcon.colcon_core.package_identification:_identify(uros_ws/src/uros/micro-ROS-Agent/snap/local) by extensions ['cmake', 'python']
[1.005s] Level 1:colcon.colcon_core.package_identification:_identify(uros_ws/src/uros/micro-ROS-Agent/snap/local) by extension 'cmake'
[1.005s] Level 1:colcon.colcon_core.package_identification:_identify(uros_ws/src/uros/micro-ROS-Agent/snap/local) by extension 'python'
[1.005s] Level 1:colcon.colcon_core.package_identification:_identify(uros_ws/src/uros/micro-ROS-Agent/snap/local) by extensions ['python_setup_py']
[1.005s] Level 1:colcon.colcon_core.package_identification:_identify(uros_ws/src/uros/micro-ROS-Agent/snap/local) by extension 'python_setup_py'
[1.005s] Level 1:colcon.colcon_core.package_identification:_identify(uros_ws/src/uros/micro_ros_msgs) by extensions ['ignore', 'ignore_ament_install']
[1.005s] Level 1:colcon.colcon_core.package_identification:_identify(uros_ws/src/uros/micro_ros_msgs) by extension 'ignore'
[1.006s] Level 1:colcon.colcon_core.package_identification:_identify(uros_ws/src/uros/micro_ros_msgs) by extension 'ignore_ament_install'
[1.006s] Level 1:colcon.colcon_core.package_identification:_identify(uros_ws/src/uros/micro_ros_msgs) by extensions ['colcon_pkg']
[1.006s] Level 1:colcon.colcon_core.package_identification:_identify(uros_ws/src/uros/micro_ros_msgs) by extension 'colcon_pkg'
[1.006s] Level 1:colcon.colcon_core.package_identification:_identify(uros_ws/src/uros/micro_ros_msgs) by extensions ['colcon_meta']
[1.006s] Level 1:colcon.colcon_core.package_identification:_identify(uros_ws/src/uros/micro_ros_msgs) by extension 'colcon_meta'
[1.006s] Level 1:colcon.colcon_core.package_identification:_identify(uros_ws/src/uros/micro_ros_msgs) by extensions ['ros']
[1.006s] Level 1:colcon.colcon_core.package_identification:_identify(uros_ws/src/uros/micro_ros_msgs) by extension 'ros'
[1.007s] DEBUG:colcon.colcon_core.package_identification:Package 'uros_ws/src/uros/micro_ros_msgs' with type 'ros.ament_cmake' and name 'micro_ros_msgs'
[1.008s] Level 1:colcon.colcon_core.package_discovery:discover_packages(recursive) using defaults
[1.008s] Level 1:colcon.colcon_core.package_discovery:discover_packages(ignore) discover
[1.008s] Level 1:colcon.colcon_core.package_discovery:discover_packages(ignore) using defaults
[1.008s] Level 1:colcon.colcon_core.package_discovery:discover_packages(path) discover
[1.008s] Level 1:colcon.colcon_core.package_discovery:discover_packages(path) using defaults
[1.065s] Level 1:colcon.colcon_core.package_discovery:discover_packages(prefix_path) check parameters
[1.065s] Level 1:colcon.colcon_core.package_discovery:discover_packages(prefix_path) discover
[1.074s] DEBUG:colcon.colcon_installed_package_information.package_discovery:Found 8 installed packages in /home/osawakousei/ros2_ws/install
[1.076s] DEBUG:colcon.colcon_installed_package_information.package_discovery:Found 2 installed packages in /home/osawakousei/ros2_ws/src/android_controll_test/install
[1.079s] DEBUG:colcon.colcon_installed_package_information.package_discovery:Found 1 installed packages in /home/osawakousei/ros2_ws/src/cpp_server_client/install
[1.081s] DEBUG:colcon.colcon_installed_package_information.package_discovery:Found 1 installed packages in /home/osawakousei/ros2_ws/src/cpp_topic_pubsub/install
[1.083s] DEBUG:colcon.colcon_installed_package_information.package_discovery:Found 1 installed packages in /home/osawakousei/ros2_ws/src/test_package/install
[1.085s] DEBUG:colcon.colcon_installed_package_information.package_discovery:Found 3 installed packages in /home/osawakousei/ros2_ws/uros_ws/install
[1.090s] DEBUG:colcon.colcon_installed_package_information.package_discovery:Found 1 installed packages in /home/osawakousei/ros2_ws/src/custom_test_msgs/install
[1.096s] DEBUG:colcon.colcon_installed_package_information.package_discovery:Found 329 installed packages in /opt/ros/humble
[1.100s] Level 1:colcon.colcon_core.package_discovery:discover_packages(prefix_path) using defaults
[1.261s] Level 5:colcon.colcon_core.verb:set package 'android_controll_test' build argument 'cmake_args' from command line to 'None'
[1.261s] Level 5:colcon.colcon_core.verb:set package 'android_controll_test' build argument 'cmake_target' from command line to 'None'
[1.261s] Level 5:colcon.colcon_core.verb:set package 'android_controll_test' build argument 'cmake_target_skip_unavailable' from command line to 'False'
[1.261s] Level 5:colcon.colcon_core.verb:set package 'android_controll_test' build argument 'cmake_clean_cache' from command line to 'False'
[1.261s] Level 5:colcon.colcon_core.verb:set package 'android_controll_test' build argument 'cmake_clean_first' from command line to 'False'
[1.261s] Level 5:colcon.colcon_core.verb:set package 'android_controll_test' build argument 'cmake_force_configure' from command line to 'False'
[1.261s] Level 5:colcon.colcon_core.verb:set package 'android_controll_test' build argument 'ament_cmake_args' from command line to 'None'
[1.261s] Level 5:colcon.colcon_core.verb:set package 'android_controll_test' build argument 'catkin_cmake_args' from command line to 'None'
[1.261s] Level 5:colcon.colcon_core.verb:set package 'android_controll_test' build argument 'catkin_skip_building_tests' from command line to 'False'
[1.262s] DEBUG:colcon.colcon_core.verb:Building package 'android_controll_test' with the following arguments: {'ament_cmake_args': None, 'build_base': '/home/osawakousei/ros2_ws/build/android_controll_test', 'catkin_cmake_args': None, 'catkin_skip_building_tests': False, 'cmake_args': None, 'cmake_clean_cache': False, 'cmake_clean_first': False, 'cmake_force_configure': False, 'cmake_target': None, 'cmake_target_skip_unavailable': False, 'install_base': '/home/osawakousei/ros2_ws/install/android_controll_test', 'merge_install': False, 'path': '/home/osawakousei/ros2_ws/src/android_controll_test', 'symlink_install': False, 'test_result_base': None}
[1.263s] Level 5:colcon.colcon_core.verb:set package 'cpp_server_client' build argument 'cmake_args' from command line to 'None'
[1.264s] Level 5:colcon.colcon_core.verb:set package 'cpp_server_client' build argument 'cmake_target' from command line to 'None'
[1.264s] Level 5:colcon.colcon_core.verb:set package 'cpp_server_client' build argument 'cmake_target_skip_unavailable' from command line to 'False'
[1.264s] Level 5:colcon.colcon_core.verb:set package 'cpp_server_client' build argument 'cmake_clean_cache' from command line to 'False'
[1.264s] Level 5:colcon.colcon_core.verb:set package 'cpp_server_client' build argument 'cmake_clean_first' from command line to 'False'
[1.264s] Level 5:colcon.colcon_core.verb:set package 'cpp_server_client' build argument 'cmake_force_configure' from command line to 'False'
[1.264s] Level 5:colcon.colcon_core.verb:set package 'cpp_server_client' build argument 'ament_cmake_args' from command line to 'None'
[1.264s] Level 5:colcon.colcon_core.verb:set package 'cpp_server_client' build argument 'catkin_cmake_args' from command line to 'None'
[1.264s] Level 5:colcon.colcon_core.verb:set package 'cpp_server_client' build argument 'catkin_skip_building_tests' from command line to 'False'
[1.264s] DEBUG:colcon.colcon_core.verb:Building package 'cpp_server_client' with the following arguments: {'ament_cmake_args': None, 'build_base': '/home/osawakousei/ros2_ws/build/cpp_server_client', 'catkin_cmake_args': None, 'catkin_skip_building_tests': False, 'cmake_args': None, 'cmake_clean_cache': False, 'cmake_clean_first': False, 'cmake_force_configure': False, 'cmake_target': None, 'cmake_target_skip_unavailable': False, 'install_base': '/home/osawakousei/ros2_ws/install/cpp_server_client', 'merge_install': False, 'path': '/home/osawakousei/ros2_ws/src/cpp_server_client', 'symlink_install': False, 'test_result_base': None}
[1.266s] Level 5:colcon.colcon_core.verb:set package 'cpp_topic_pubsub' build argument 'cmake_args' from command line to 'None'
[1.266s] Level 5:colcon.colcon_core.verb:set package 'cpp_topic_pubsub' build argument 'cmake_target' from command line to 'None'
[1.266s] Level 5:colcon.colcon_core.verb:set package 'cpp_topic_pubsub' build argument 'cmake_target_skip_unavailable' from command line to 'False'
[1.266s] Level 5:colcon.colcon_core.verb:set package 'cpp_topic_pubsub' build argument 'cmake_clean_cache' from command line to 'False'
[1.266s] Level 5:colcon.colcon_core.verb:set package 'cpp_topic_pubsub' build argument 'cmake_clean_first' from command line to 'False'
[1.266s] Level 5:colcon.colcon_core.verb:set package 'cpp_topic_pubsub' build argument 'cmake_force_configure' from command line to 'False'
[1.267s] Level 5:colcon.colcon_core.verb:set package 'cpp_topic_pubsub' build argument 'ament_cmake_args' from command line to 'None'
[1.267s] Level 5:colcon.colcon_core.verb:set package 'cpp_topic_pubsub' build argument 'catkin_cmake_args' from command line to 'None'
[1.267s] Level 5:colcon.colcon_core.verb:set package 'cpp_topic_pubsub' build argument 'catkin_skip_building_tests' from command line to 'False'
[1.267s] DEBUG:colcon.colcon_core.verb:Building package 'cpp_topic_pubsub' with the following arguments: {'ament_cmake_args': None, 'build_base': '/home/osawakousei/ros2_ws/build/cpp_topic_pubsub', 'catkin_cmake_args': None, 'catkin_skip_building_tests': False, 'cmake_args': None, 'cmake_clean_cache': False, 'cmake_clean_first': False, 'cmake_force_configure': False, 'cmake_target': None, 'cmake_target_skip_unavailable': False, 'install_base': '/home/osawakousei/ros2_ws/install/cpp_topic_pubsub', 'merge_install': False, 'path': '/home/osawakousei/ros2_ws/src/cpp_topic_pubsub', 'symlink_install': False, 'test_result_base': None}
[1.269s] Level 5:colcon.colcon_core.verb:set package 'custom_test_msgs' build argument 'cmake_args' from command line to 'None'
[1.269s] Level 5:colcon.colcon_core.verb:set package 'custom_test_msgs' build argument 'cmake_target' from command line to 'None'
[1.269s] Level 5:colcon.colcon_core.verb:set package 'custom_test_msgs' build argument 'cmake_target_skip_unavailable' from command line to 'False'
[1.269s] Level 5:colcon.colcon_core.verb:set package 'custom_test_msgs' build argument 'cmake_clean_cache' from command line to 'False'
[1.269s] Level 5:colcon.colcon_core.verb:set package 'custom_test_msgs' build argument 'cmake_clean_first' from command line to 'False'
[1.269s] Level 5:colcon.colcon_core.verb:set package 'custom_test_msgs' build argument 'cmake_force_configure' from command line to 'False'
[1.269s] Level 5:colcon.colcon_core.verb:set package 'custom_test_msgs' build argument 'ament_cmake_args' from command line to 'None'
[1.269s] Level 5:colcon.colcon_core.verb:set package 'custom_test_msgs' build argument 'catkin_cmake_args' from command line to 'None'
[1.269s] Level 5:colcon.colcon_core.verb:set package 'custom_test_msgs' build argument 'catkin_skip_building_tests' from command line to 'False'
[1.270s] DEBUG:colcon.colcon_core.verb:Building package 'custom_test_msgs' with the following arguments: {'ament_cmake_args': None, 'build_base': '/home/osawakousei/ros2_ws/build/custom_test_msgs', 'catkin_cmake_args': None, 'catkin_skip_building_tests': False, 'cmake_args': None, 'cmake_clean_cache': False, 'cmake_clean_first': False, 'cmake_force_configure': False, 'cmake_target': None, 'cmake_target_skip_unavailable': False, 'install_base': '/home/osawakousei/ros2_ws/install/custom_test_msgs', 'merge_install': False, 'path': '/home/osawakousei/ros2_ws/src/custom_test_msgs', 'symlink_install': False, 'test_result_base': None}
[1.271s] Level 5:colcon.colcon_core.verb:set package 'micro_ros_msgs' build argument 'cmake_args' from command line to 'None'
[1.271s] Level 5:colcon.colcon_core.verb:set package 'micro_ros_msgs' build argument 'cmake_target' from command line to 'None'
[1.271s] Level 5:colcon.colcon_core.verb:set package 'micro_ros_msgs' build argument 'cmake_target_skip_unavailable' from command line to 'False'
[1.271s] Level 5:colcon.colcon_core.verb:set package 'micro_ros_msgs' build argument 'cmake_clean_cache' from command line to 'False'
[1.272s] Level 5:colcon.colcon_core.verb:set package 'micro_ros_msgs' build argument 'cmake_clean_first' from command line to 'False'
[1.272s] Level 5:colcon.colcon_core.verb:set package 'micro_ros_msgs' build argument 'cmake_force_configure' from command line to 'False'
[1.272s] Level 5:colcon.colcon_core.verb:set package 'micro_ros_msgs' build argument 'ament_cmake_args' from command line to 'None'
[1.272s] Level 5:colcon.colcon_core.verb:set package 'micro_ros_msgs' build argument 'catkin_cmake_args' from command line to 'None'
[1.272s] Level 5:colcon.colcon_core.verb:set package 'micro_ros_msgs' build argument 'catkin_skip_building_tests' from command line to 'False'
[1.272s] DEBUG:colcon.colcon_core.verb:Building package 'micro_ros_msgs' with the following arguments: {'ament_cmake_args': None, 'build_base': '/home/osawakousei/ros2_ws/build/micro_ros_msgs', 'catkin_cmake_args': None, 'catkin_skip_building_tests': False, 'cmake_args': None, 'cmake_clean_cache': False, 'cmake_clean_first': False, 'cmake_force_configure': False, 'cmake_target': None, 'cmake_target_skip_unavailable': False, 'install_base': '/home/osawakousei/ros2_ws/install/micro_ros_msgs', 'merge_install': False, 'path': '/home/osawakousei/ros2_ws/uros_ws/src/uros/micro_ros_msgs', 'symlink_install': False, 'test_result_base': None}
[1.274s] Level 5:colcon.colcon_core.verb:set package 'micro_ros_setup' build argument 'cmake_args' from command line to 'None'
[1.274s] Level 5:colcon.colcon_core.verb:set package 'micro_ros_setup' build argument 'cmake_target' from command line to 'None'
[1.274s] Level 5:colcon.colcon_core.verb:set package 'micro_ros_setup' build argument 'cmake_target_skip_unavailable' from command line to 'False'
[1.274s] Level 5:colcon.colcon_core.verb:set package 'micro_ros_setup' build argument 'cmake_clean_cache' from command line to 'False'
[1.274s] Level 5:colcon.colcon_core.verb:set package 'micro_ros_setup' build argument 'cmake_clean_first' from command line to 'False'
[1.274s] Level 5:colcon.colcon_core.verb:set package 'micro_ros_setup' build argument 'cmake_force_configure' from command line to 'False'
[1.274s] Level 5:colcon.colcon_core.verb:set package 'micro_ros_setup' build argument 'ament_cmake_args' from command line to 'None'
[1.274s] Level 5:colcon.colcon_core.verb:set package 'micro_ros_setup' build argument 'catkin_cmake_args' from command line to 'None'
[1.274s] Level 5:colcon.colcon_core.verb:set package 'micro_ros_setup' build argument 'catkin_skip_building_tests' from command line to 'False'
[1.274s] DEBUG:colcon.colcon_core.verb:Building package 'micro_ros_setup' with the following arguments: {'ament_cmake_args': None, 'build_base': '/home/osawakousei/ros2_ws/build/micro_ros_setup', 'catkin_cmake_args': None, 'catkin_skip_building_tests': False, 'cmake_args': None, 'cmake_clean_cache': False, 'cmake_clean_first': False, 'cmake_force_configure': False, 'cmake_target': None, 'cmake_target_skip_unavailable': False, 'install_base': '/home/osawakousei/ros2_ws/install/micro_ros_setup', 'merge_install': False, 'path': '/home/osawakousei/ros2_ws/uros_ws/src/micro_ros_setup', 'symlink_install': False, 'test_result_base': None}
[1.277s] Level 5:colcon.colcon_core.verb:set package 'test_package' build argument 'cmake_args' from command line to 'None'
[1.277s] Level 5:colcon.colcon_core.verb:set package 'test_package' build argument 'cmake_target' from command line to 'None'
[1.277s] Level 5:colcon.colcon_core.verb:set package 'test_package' build argument 'cmake_target_skip_unavailable' from command line to 'False'
[1.277s] Level 5:colcon.colcon_core.verb:set package 'test_package' build argument 'cmake_clean_cache' from command line to 'False'
[1.277s] Level 5:colcon.colcon_core.verb:set package 'test_package' build argument 'cmake_clean_first' from command line to 'False'
[1.277s] Level 5:colcon.colcon_core.verb:set package 'test_package' build argument 'cmake_force_configure' from command line to 'False'
[1.277s] Level 5:colcon.colcon_core.verb:set package 'test_package' build argument 'ament_cmake_args' from command line to 'None'
[1.278s] Level 5:colcon.colcon_core.verb:set package 'test_package' build argument 'catkin_cmake_args' from command line to 'None'
[1.278s] Level 5:colcon.colcon_core.verb:set package 'test_package' build argument 'catkin_skip_building_tests' from command line to 'False'
[1.278s] DEBUG:colcon.colcon_core.verb:Building package 'test_package' with the following arguments: {'ament_cmake_args': None, 'build_base': '/home/osawakousei/ros2_ws/build/test_package', 'catkin_cmake_args': None, 'catkin_skip_building_tests': False, 'cmake_args': None, 'cmake_clean_cache': False, 'cmake_clean_first': False, 'cmake_force_configure': False, 'cmake_target': None, 'cmake_target_skip_unavailable': False, 'install_base': '/home/osawakousei/ros2_ws/install/test_package', 'merge_install': False, 'path': '/home/osawakousei/ros2_ws/src/test_package', 'symlink_install': False, 'test_result_base': None}
[1.280s] Level 5:colcon.colcon_core.verb:set package 'micro_ros_agent' build argument 'cmake_args' from command line to 'None'
[1.280s] Level 5:colcon.colcon_core.verb:set package 'micro_ros_agent' build argument 'cmake_target' from command line to 'None'
[1.280s] Level 5:colcon.colcon_core.verb:set package 'micro_ros_agent' build argument 'cmake_target_skip_unavailable' from command line to 'False'
[1.280s] Level 5:colcon.colcon_core.verb:set package 'micro_ros_agent' build argument 'cmake_clean_cache' from command line to 'False'
[1.280s] Level 5:colcon.colcon_core.verb:set package 'micro_ros_agent' build argument 'cmake_clean_first' from command line to 'False'
[1.280s] Level 5:colcon.colcon_core.verb:set package 'micro_ros_agent' build argument 'cmake_force_configure' from command line to 'False'
[1.280s] Level 5:colcon.colcon_core.verb:set package 'micro_ros_agent' build argument 'ament_cmake_args' from command line to 'None'
[1.280s] Level 5:colcon.colcon_core.verb:set package 'micro_ros_agent' build argument 'catkin_cmake_args' from command line to 'None'
[1.280s] Level 5:colcon.colcon_core.verb:set package 'micro_ros_agent' build argument 'catkin_skip_building_tests' from command line to 'False'
[1.281s] DEBUG:colcon.colcon_core.verb:Building package 'micro_ros_agent' with the following arguments: {'ament_cmake_args': None, 'build_base': '/home/osawakousei/ros2_ws/build/micro_ros_agent', 'catkin_cmake_args': None, 'catkin_skip_building_tests': False, 'cmake_args': None, 'cmake_clean_cache': False, 'cmake_clean_first': False, 'cmake_force_configure': False, 'cmake_target': None, 'cmake_target_skip_unavailable': False, 'install_base': '/home/osawakousei/ros2_ws/install/micro_ros_agent', 'merge_install': False, 'path': '/home/osawakousei/ros2_ws/uros_ws/src/uros/micro-ROS-Agent/micro_ros_agent', 'symlink_install': False, 'test_result_base': None}
[1.282s] INFO:colcon.colcon_core.executor:Executing jobs using 'parallel' executor
[1.289s] DEBUG:colcon.colcon_parallel_executor.executor.parallel:run_until_complete
[1.290s] INFO:colcon.colcon_ros.task.ament_cmake.build:Building ROS package in '/home/osawakousei/ros2_ws/uros_ws/src/uros/micro_ros_msgs' with build type 'ament_cmake'
[1.291s] INFO:colcon.colcon_cmake.task.cmake.build:Building CMake package in '/home/osawakousei/ros2_ws/uros_ws/src/uros/micro_ros_msgs'
[1.305s] INFO:colcon.colcon_core.plugin_system:Skipping extension 'colcon_core.shell.bat': Not used on non-Windows systems
[1.306s] INFO:colcon.colcon_core.shell:Skip shell extension 'powershell' for command environment: Not usable outside of PowerShell
[1.306s] DEBUG:colcon.colcon_core.shell:Skip shell extension 'dsv' for command environment
[1.339s] INFO:colcon.colcon_ros.task.ament_cmake.build:Building ROS package in '/home/osawakousei/ros2_ws/src/android_controll_test' with build type 'ament_cmake'
[1.339s] INFO:colcon.colcon_cmake.task.cmake.build:Building CMake package in '/home/osawakousei/ros2_ws/src/android_controll_test'
[1.343s] INFO:colcon.colcon_core.shell:Skip shell extension 'powershell' for command environment: Not usable outside of PowerShell
[1.343s] DEBUG:colcon.colcon_core.shell:Skip shell extension 'dsv' for command environment
[1.373s] INFO:colcon.colcon_ros.task.ament_cmake.build:Building ROS package in '/home/osawakousei/ros2_ws/src/cpp_server_client' with build type 'ament_cmake'
[1.373s] INFO:colcon.colcon_cmake.task.cmake.build:Building CMake package in '/home/osawakousei/ros2_ws/src/cpp_server_client'
[1.376s] INFO:colcon.colcon_core.shell:Skip shell extension 'powershell' for command environment: Not usable outside of PowerShell
[1.377s] DEBUG:colcon.colcon_core.shell:Skip shell extension 'dsv' for command environment
[1.411s] INFO:colcon.colcon_ros.task.ament_cmake.build:Building ROS package in '/home/osawakousei/ros2_ws/src/cpp_topic_pubsub' with build type 'ament_cmake'
[1.412s] INFO:colcon.colcon_cmake.task.cmake.build:Building CMake package in '/home/osawakousei/ros2_ws/src/cpp_topic_pubsub'
[1.417s] INFO:colcon.colcon_core.shell:Skip shell extension 'powershell' for command environment: Not usable outside of PowerShell
[1.417s] DEBUG:colcon.colcon_core.shell:Skip shell extension 'dsv' for command environment
[1.451s] INFO:colcon.colcon_ros.task.ament_cmake.build:Building ROS package in '/home/osawakousei/ros2_ws/src/custom_test_msgs' with build type 'ament_cmake'
[1.451s] INFO:colcon.colcon_cmake.task.cmake.build:Building CMake package in '/home/osawakousei/ros2_ws/src/custom_test_msgs'
[1.454s] INFO:colcon.colcon_core.shell:Skip shell extension 'powershell' for command environment: Not usable outside of PowerShell
[1.455s] DEBUG:colcon.colcon_core.shell:Skip shell extension 'dsv' for command environment
[1.487s] INFO:colcon.colcon_ros.task.ament_cmake.build:Building ROS package in '/home/osawakousei/ros2_ws/uros_ws/src/micro_ros_setup' with build type 'ament_cmake'
[1.488s] INFO:colcon.colcon_cmake.task.cmake.build:Building CMake package in '/home/osawakousei/ros2_ws/uros_ws/src/micro_ros_setup'
[1.491s] INFO:colcon.colcon_core.shell:Skip shell extension 'powershell' for command environment: Not usable outside of PowerShell
[1.491s] DEBUG:colcon.colcon_core.shell:Skip shell extension 'dsv' for command environment
[1.532s] INFO:colcon.colcon_ros.task.ament_cmake.build:Building ROS package in '/home/osawakousei/ros2_ws/src/test_package' with build type 'ament_cmake'
[1.533s] INFO:colcon.colcon_cmake.task.cmake.build:Building CMake package in '/home/osawakousei/ros2_ws/src/test_package'
[1.537s] INFO:colcon.colcon_core.shell:Skip shell extension 'powershell' for command environment: Not usable outside of PowerShell
[1.537s] DEBUG:colcon.colcon_core.shell:Skip shell extension 'dsv' for command environment
[1.603s] DEBUG:colcon.colcon_core.event_handler.log_command:Invoking command in '/home/osawakousei/ros2_ws/build/micro_ros_msgs': CMAKE_PREFIX_PATH=${CMAKE_PREFIX_PATH}:/opt/ros/humble /usr/bin/cmake --build /home/osawakousei/ros2_ws/build/micro_ros_msgs -- -j8 -l8
[1.616s] DEBUG:colcon.colcon_core.event_handler.log_command:Invoking command in '/home/osawakousei/ros2_ws/build/android_controll_test': CMAKE_PREFIX_PATH=${CMAKE_PREFIX_PATH}:/opt/ros/humble /usr/bin/cmake --build /home/osawakousei/ros2_ws/build/android_controll_test -- -j8 -l8
[1.625s] DEBUG:colcon.colcon_core.event_handler.log_command:Invoking command in '/home/osawakousei/ros2_ws/build/cpp_server_client': CMAKE_PREFIX_PATH=${CMAKE_PREFIX_PATH}:/opt/ros/humble /usr/bin/cmake --build /home/osawakousei/ros2_ws/build/cpp_server_client -- -j8 -l8
[1.646s] DEBUG:colcon.colcon_core.event_handler.log_command:Invoking command in '/home/osawakousei/ros2_ws/build/cpp_topic_pubsub': CMAKE_PREFIX_PATH=${CMAKE_PREFIX_PATH}:/opt/ros/humble /usr/bin/cmake --build /home/osawakousei/ros2_ws/build/cpp_topic_pubsub -- -j8 -l8
[1.665s] DEBUG:colcon.colcon_core.event_handler.log_command:Invoking command in '/home/osawakousei/ros2_ws/build/custom_test_msgs': CMAKE_PREFIX_PATH=${CMAKE_PREFIX_PATH}:/opt/ros/humble /usr/bin/cmake --build /home/osawakousei/ros2_ws/build/custom_test_msgs -- -j8 -l8
[1.678s] DEBUG:colcon.colcon_core.event_handler.log_command:Invoking command in '/home/osawakousei/ros2_ws/build/micro_ros_setup': CMAKE_PREFIX_PATH=${CMAKE_PREFIX_PATH}:/opt/ros/humble /usr/bin/cmake --build /home/osawakousei/ros2_ws/build/micro_ros_setup -- -j8 -l8
[1.715s] DEBUG:colcon.colcon_core.event_handler.log_command:Invoking command in '/home/osawakousei/ros2_ws/build/test_package': CMAKE_PREFIX_PATH=${CMAKE_PREFIX_PATH}:/opt/ros/humble /usr/bin/cmake --build /home/osawakousei/ros2_ws/build/test_package -- -j8 -l8
[1.908s] DEBUG:colcon.colcon_core.event_handler.log_command:Invoked command in '/home/osawakousei/ros2_ws/build/micro_ros_setup' returned '0': CMAKE_PREFIX_PATH=${CMAKE_PREFIX_PATH}:/opt/ros/humble /usr/bin/cmake --build /home/osawakousei/ros2_ws/build/micro_ros_setup -- -j8 -l8
[2.003s] DEBUG:colcon.colcon_core.event_handler.log_command:Invoked command in '/home/osawakousei/ros2_ws/build/test_package' returned '0': CMAKE_PREFIX_PATH=${CMAKE_PREFIX_PATH}:/opt/ros/humble /usr/bin/cmake --build /home/osawakousei/ros2_ws/build/test_package -- -j8 -l8
[2.673s] DEBUG:colcon.colcon_core.event_handler.log_command:Invoking command in '/home/osawakousei/ros2_ws/build/micro_ros_setup': CMAKE_PREFIX_PATH=${CMAKE_PREFIX_PATH}:/opt/ros/humble /usr/bin/cmake --install /home/osawakousei/ros2_ws/build/micro_ros_setup
[2.768s] DEBUG:colcon.colcon_core.event_handler.log_command:Invoking command in '/home/osawakousei/ros2_ws/build/test_package': CMAKE_PREFIX_PATH=${CMAKE_PREFIX_PATH}:/opt/ros/humble /usr/bin/cmake --install /home/osawakousei/ros2_ws/build/test_package
[2.858s] Level 1:colcon.colcon_core.environment:create_environment_scripts_only(micro_ros_setup)
[2.893s] Level 1:colcon.colcon_core.environment:checking '/home/osawakousei/ros2_ws/install/micro_ros_setup' for CMake module files
[2.895s] Level 1:colcon.colcon_core.environment:checking '/home/osawakousei/ros2_ws/install/micro_ros_setup' for CMake config files
[2.916s] Level 1:colcon.colcon_core.shell:create_environment_hook('micro_ros_setup', 'cmake_prefix_path')
[2.919s] INFO:colcon.colcon_core.shell:Creating environment hook '/home/osawakousei/ros2_ws/install/micro_ros_setup/share/micro_ros_setup/hook/cmake_prefix_path.ps1'
[2.924s] INFO:colcon.colcon_core.shell:Creating environment descriptor '/home/osawakousei/ros2_ws/install/micro_ros_setup/share/micro_ros_setup/hook/cmake_prefix_path.dsv'
[2.932s] INFO:colcon.colcon_core.shell:Creating environment hook '/home/osawakousei/ros2_ws/install/micro_ros_setup/share/micro_ros_setup/hook/cmake_prefix_path.sh'
[2.936s] Level 1:colcon.colcon_core.environment:checking '/home/osawakousei/ros2_ws/install/micro_ros_setup/lib'
[2.937s] Level 1:colcon.colcon_core.environment:checking '/home/osawakousei/ros2_ws/install/micro_ros_setup/bin'
[2.937s] Level 1:colcon.colcon_core.environment:checking '/home/osawakousei/ros2_ws/install/micro_ros_setup/lib/pkgconfig/micro_ros_setup.pc'
[2.938s] Level 1:colcon.colcon_core.environment:checking '/home/osawakousei/ros2_ws/install/micro_ros_setup/lib/python3.10/site-packages'
[2.940s] Level 1:colcon.colcon_core.environment:checking '/home/osawakousei/ros2_ws/install/micro_ros_setup/bin'
[2.945s] INFO:colcon.colcon_core.shell:Creating package script '/home/osawakousei/ros2_ws/install/micro_ros_setup/share/micro_ros_setup/package.ps1'
[2.949s] DEBUG:colcon.colcon_core.event_handler.log_command:Invoked command in '/home/osawakousei/ros2_ws/build/micro_ros_setup' returned '0': CMAKE_PREFIX_PATH=${CMAKE_PREFIX_PATH}:/opt/ros/humble /usr/bin/cmake --install /home/osawakousei/ros2_ws/build/micro_ros_setup
[2.961s] INFO:colcon.colcon_core.shell:Creating package descriptor '/home/osawakousei/ros2_ws/install/micro_ros_setup/share/micro_ros_setup/package.dsv'
[2.964s] INFO:colcon.colcon_core.shell:Creating package script '/home/osawakousei/ros2_ws/install/micro_ros_setup/share/micro_ros_setup/package.sh'
[2.967s] INFO:colcon.colcon_core.shell:Creating package script '/home/osawakousei/ros2_ws/install/micro_ros_setup/share/micro_ros_setup/package.bash'
[2.973s] INFO:colcon.colcon_core.shell:Creating package script '/home/osawakousei/ros2_ws/install/micro_ros_setup/share/micro_ros_setup/package.zsh'
[2.975s] Level 1:colcon.colcon_core.environment:create_file_with_runtime_dependencies(/home/osawakousei/ros2_ws/install/micro_ros_setup/share/colcon-core/packages/micro_ros_setup)
[3.019s] Level 1:colcon.colcon_core.environment:create_environment_scripts_only(test_package)
[3.025s] Level 1:colcon.colcon_core.environment:checking '/home/osawakousei/ros2_ws/install/test_package' for CMake module files
[3.026s] DEBUG:colcon.colcon_core.event_handler.log_command:Invoked command in '/home/osawakousei/ros2_ws/build/test_package' returned '0': CMAKE_PREFIX_PATH=${CMAKE_PREFIX_PATH}:/opt/ros/humble /usr/bin/cmake --install /home/osawakousei/ros2_ws/build/test_package
[3.033s] Level 1:colcon.colcon_core.environment:checking '/home/osawakousei/ros2_ws/install/test_package' for CMake config files
[3.034s] Level 1:colcon.colcon_core.shell:create_environment_hook('test_package', 'cmake_prefix_path')
[3.038s] INFO:colcon.colcon_core.shell:Creating environment hook '/home/osawakousei/ros2_ws/install/test_package/share/test_package/hook/cmake_prefix_path.ps1'
[3.041s] INFO:colcon.colcon_core.shell:Creating environment descriptor '/home/osawakousei/ros2_ws/install/test_package/share/test_package/hook/cmake_prefix_path.dsv'
[3.043s] INFO:colcon.colcon_core.shell:Creating environment hook '/home/osawakousei/ros2_ws/install/test_package/share/test_package/hook/cmake_prefix_path.sh'
[3.045s] Level 1:colcon.colcon_core.environment:checking '/home/osawakousei/ros2_ws/install/test_package/bin'
[3.045s] Level 1:colcon.colcon_core.environment:checking '/home/osawakousei/ros2_ws/install/test_package/lib/pkgconfig/test_package.pc'
[3.046s] Level 1:colcon.colcon_core.environment:checking '/home/osawakousei/ros2_ws/install/test_package/lib/python3.10/site-packages'
[3.052s] Level 1:colcon.colcon_core.environment:checking '/home/osawakousei/ros2_ws/install/test_package/bin'
[3.061s] INFO:colcon.colcon_core.shell:Creating package script '/home/osawakousei/ros2_ws/install/test_package/share/test_package/package.ps1'
[3.077s] INFO:colcon.colcon_core.shell:Creating package descriptor '/home/osawakousei/ros2_ws/install/test_package/share/test_package/package.dsv'
[3.078s] INFO:colcon.colcon_core.shell:Creating package script '/home/osawakousei/ros2_ws/install/test_package/share/test_package/package.sh'
[3.083s] INFO:colcon.colcon_core.shell:Creating package script '/home/osawakousei/ros2_ws/install/test_package/share/test_package/package.bash'
[3.085s] INFO:colcon.colcon_core.shell:Creating package script '/home/osawakousei/ros2_ws/install/test_package/share/test_package/package.zsh'
[3.086s] Level 1:colcon.colcon_core.environment:create_file_with_runtime_dependencies(/home/osawakousei/ros2_ws/install/test_package/share/colcon-core/packages/test_package)
[3.350s] Level 1:colcon.colcon_core.environment:create_environment_scripts_only(micro_ros_setup)
[3.357s] Level 1:colcon.colcon_core.environment:checking '/home/osawakousei/ros2_ws/install/micro_ros_setup' for CMake module files
[3.364s] Level 1:colcon.colcon_core.environment:checking '/home/osawakousei/ros2_ws/install/micro_ros_setup' for CMake config files
[3.368s] Level 1:colcon.colcon_core.shell:create_environment_hook('micro_ros_setup', 'cmake_prefix_path')
[3.373s] INFO:colcon.colcon_core.shell:Creating environment hook '/home/osawakousei/ros2_ws/install/micro_ros_setup/share/micro_ros_setup/hook/cmake_prefix_path.ps1'
[3.381s] INFO:colcon.colcon_core.shell:Creating environment descriptor '/home/osawakousei/ros2_ws/install/micro_ros_setup/share/micro_ros_setup/hook/cmake_prefix_path.dsv'
[3.383s] INFO:colcon.colcon_core.shell:Creating environment hook '/home/osawakousei/ros2_ws/install/micro_ros_setup/share/micro_ros_setup/hook/cmake_prefix_path.sh'
[3.385s] Level 1:colcon.colcon_core.environment:checking '/home/osawakousei/ros2_ws/install/micro_ros_setup/lib'
[3.386s] Level 1:colcon.colcon_core.environment:checking '/home/osawakousei/ros2_ws/install/micro_ros_setup/bin'
[3.386s] Level 1:colcon.colcon_core.environment:checking '/home/osawakousei/ros2_ws/install/micro_ros_setup/lib/pkgconfig/micro_ros_setup.pc'
[3.387s] Level 1:colcon.colcon_core.environment:checking '/home/osawakousei/ros2_ws/install/micro_ros_setup/lib/python3.10/site-packages'
[3.387s] Level 1:colcon.colcon_core.environment:checking '/home/osawakousei/ros2_ws/install/micro_ros_setup/bin'
[3.394s] INFO:colcon.colcon_core.shell:Creating package script '/home/osawakousei/ros2_ws/install/micro_ros_setup/share/micro_ros_setup/package.ps1'
[3.397s] INFO:colcon.colcon_core.shell:Creating package descriptor '/home/osawakousei/ros2_ws/install/micro_ros_setup/share/micro_ros_setup/package.dsv'
[3.399s] INFO:colcon.colcon_core.shell:Creating package script '/home/osawakousei/ros2_ws/install/micro_ros_setup/share/micro_ros_setup/package.sh'
[3.400s] INFO:colcon.colcon_core.shell:Creating package script '/home/osawakousei/ros2_ws/install/micro_ros_setup/share/micro_ros_setup/package.bash'
[3.405s] INFO:colcon.colcon_core.shell:Creating package script '/home/osawakousei/ros2_ws/install/micro_ros_setup/share/micro_ros_setup/package.zsh'
[3.406s] Level 1:colcon.colcon_core.environment:create_file_with_runtime_dependencies(/home/osawakousei/ros2_ws/install/micro_ros_setup/share/colcon-core/packages/micro_ros_setup)
[3.421s] Level 1:colcon.colcon_core.environment:create_environment_scripts_only(test_package)
[3.432s] Level 1:colcon.colcon_core.environment:checking '/home/osawakousei/ros2_ws/install/test_package' for CMake module files
[3.434s] Level 1:colcon.colcon_core.environment:checking '/home/osawakousei/ros2_ws/install/test_package' for CMake config files
[3.436s] Level 1:colcon.colcon_core.shell:create_environment_hook('test_package', 'cmake_prefix_path')
[3.443s] INFO:colcon.colcon_core.shell:Creating environment hook '/home/osawakousei/ros2_ws/install/test_package/share/test_package/hook/cmake_prefix_path.ps1'
[3.445s] INFO:colcon.colcon_core.shell:Creating environment descriptor '/home/osawakousei/ros2_ws/install/test_package/share/test_package/hook/cmake_prefix_path.dsv'
[3.447s] INFO:colcon.colcon_core.shell:Creating environment hook '/home/osawakousei/ros2_ws/install/test_package/share/test_package/hook/cmake_prefix_path.sh'
[3.450s] Level 1:colcon.colcon_core.environment:checking '/home/osawakousei/ros2_ws/install/test_package/bin'
[3.451s] Level 1:colcon.colcon_core.environment:checking '/home/osawakousei/ros2_ws/install/test_package/lib/pkgconfig/test_package.pc'
[3.452s] Level 1:colcon.colcon_core.environment:checking '/home/osawakousei/ros2_ws/install/test_package/lib/python3.10/site-packages'
[3.453s] Level 1:colcon.colcon_core.environment:checking '/home/osawakousei/ros2_ws/install/test_package/bin'
[3.470s] INFO:colcon.colcon_core.shell:Creating package script '/home/osawakousei/ros2_ws/install/test_package/share/test_package/package.ps1'
[3.486s] INFO:colcon.colcon_core.shell:Creating package descriptor '/home/osawakousei/ros2_ws/install/test_package/share/test_package/package.dsv'
[3.487s] INFO:colcon.colcon_core.shell:Creating package script '/home/osawakousei/ros2_ws/install/test_package/share/test_package/package.sh'
[3.491s] INFO:colcon.colcon_core.shell:Creating package script '/home/osawakousei/ros2_ws/install/test_package/share/test_package/package.bash'
[3.493s] INFO:colcon.colcon_core.shell:Creating package script '/home/osawakousei/ros2_ws/install/test_package/share/test_package/package.zsh'
[3.494s] Level 1:colcon.colcon_core.environment:create_file_with_runtime_dependencies(/home/osawakousei/ros2_ws/install/test_package/share/colcon-core/packages/test_package)
[4.373s] DEBUG:colcon.colcon_core.event_handler.log_command:Invoked command in '/home/osawakousei/ros2_ws/build/cpp_topic_pubsub' returned '0': CMAKE_PREFIX_PATH=${CMAKE_PREFIX_PATH}:/opt/ros/humble /usr/bin/cmake --build /home/osawakousei/ros2_ws/build/cpp_topic_pubsub -- -j8 -l8
[4.392s] DEBUG:colcon.colcon_core.event_handler.log_command:Invoked command in '/home/osawakousei/ros2_ws/build/micro_ros_msgs' returned '0': CMAKE_PREFIX_PATH=${CMAKE_PREFIX_PATH}:/opt/ros/humble /usr/bin/cmake --build /home/osawakousei/ros2_ws/build/micro_ros_msgs -- -j8 -l8
[4.414s] DEBUG:colcon.colcon_core.event_handler.log_command:Invoked command in '/home/osawakousei/ros2_ws/build/android_controll_test' returned '2': CMAKE_PREFIX_PATH=${CMAKE_PREFIX_PATH}:/opt/ros/humble /usr/bin/cmake --build /home/osawakousei/ros2_ws/build/android_controll_test -- -j8 -l8
[4.469s] DEBUG:colcon.colcon_core.event_handler.log_command:Invoked command in '/home/osawakousei/ros2_ws/build/cpp_server_client' returned '0': CMAKE_PREFIX_PATH=${CMAKE_PREFIX_PATH}:/opt/ros/humble /usr/bin/cmake --build /home/osawakousei/ros2_ws/build/cpp_server_client -- -j8 -l8
[4.477s] DEBUG:colcon.colcon_core.event_handler.log_command:Invoked command in '/home/osawakousei/ros2_ws/build/custom_test_msgs' returned '0': CMAKE_PREFIX_PATH=${CMAKE_PREFIX_PATH}:/opt/ros/humble /usr/bin/cmake --build /home/osawakousei/ros2_ws/build/custom_test_msgs -- -j8 -l8
[5.003s] DEBUG:colcon.colcon_core.event_handler.log_command:Invoking command in '/home/osawakousei/ros2_ws/build/cpp_topic_pubsub': CMAKE_PREFIX_PATH=${CMAKE_PREFIX_PATH}:/opt/ros/humble /usr/bin/cmake --install /home/osawakousei/ros2_ws/build/cpp_topic_pubsub
[5.013s] Level 1:colcon.colcon_core.environment:create_environment_scripts_only(android_controll_test)
[5.018s] Level 1:colcon.colcon_core.environment:checking '/home/osawakousei/ros2_ws/install/android_controll_test' for CMake module files
[5.022s] Level 1:colcon.colcon_core.environment:checking '/home/osawakousei/ros2_ws/install/android_controll_test' for CMake config files
[5.025s] Level 1:colcon.colcon_core.shell:create_environment_hook('android_controll_test', 'cmake_prefix_path')
[5.029s] INFO:colcon.colcon_core.shell:Creating environment hook '/home/osawakousei/ros2_ws/install/android_controll_test/share/android_controll_test/hook/cmake_prefix_path.ps1'
[5.031s] INFO:colcon.colcon_core.shell:Creating environment descriptor '/home/osawakousei/ros2_ws/install/android_controll_test/share/android_controll_test/hook/cmake_prefix_path.dsv'
[5.033s] INFO:colcon.colcon_core.shell:Creating environment hook '/home/osawakousei/ros2_ws/install/android_controll_test/share/android_controll_test/hook/cmake_prefix_path.sh'
[5.035s] Level 1:colcon.colcon_core.environment:checking '/home/osawakousei/ros2_ws/install/android_controll_test/lib'
[5.035s] Level 1:colcon.colcon_core.shell:create_environment_hook('android_controll_test', 'ld_library_path_lib')
[5.039s] INFO:colcon.colcon_core.shell:Creating environment hook '/home/osawakousei/ros2_ws/install/android_controll_test/share/android_controll_test/hook/ld_library_path_lib.ps1'
[5.055s] INFO:colcon.colcon_core.shell:Creating environment descriptor '/home/osawakousei/ros2_ws/install/android_controll_test/share/android_controll_test/hook/ld_library_path_lib.dsv'
[5.059s] INFO:colcon.colcon_core.shell:Creating environment hook '/home/osawakousei/ros2_ws/install/android_controll_test/share/android_controll_test/hook/ld_library_path_lib.sh'
[5.081s] Level 1:colcon.colcon_core.environment:checking '/home/osawakousei/ros2_ws/install/android_controll_test/bin'
[5.083s] Level 1:colcon.colcon_core.environment:checking '/home/osawakousei/ros2_ws/install/android_controll_test/lib/pkgconfig/android_controll_test.pc'
[5.084s] Level 1:colcon.colcon_core.environment:checking '/home/osawakousei/ros2_ws/install/android_controll_test/lib/python3.10/site-packages'
[5.085s] Level 1:colcon.colcon_core.environment:checking '/home/osawakousei/ros2_ws/install/android_controll_test/bin'
[5.092s] INFO:colcon.colcon_core.shell:Creating package script '/home/osawakousei/ros2_ws/install/android_controll_test/share/android_controll_test/package.ps1'
[5.105s] INFO:colcon.colcon_core.shell:Creating package descriptor '/home/osawakousei/ros2_ws/install/android_controll_test/share/android_controll_test/package.dsv'
[5.107s] INFO:colcon.colcon_core.shell:Creating package script '/home/osawakousei/ros2_ws/install/android_controll_test/share/android_controll_test/package.sh'
[5.109s] INFO:colcon.colcon_core.shell:Creating package script '/home/osawakousei/ros2_ws/install/android_controll_test/share/android_controll_test/package.bash'
[5.110s] INFO:colcon.colcon_core.shell:Creating package script '/home/osawakousei/ros2_ws/install/android_controll_test/share/android_controll_test/package.zsh'
[5.116s] Level 1:colcon.colcon_core.environment:create_file_with_runtime_dependencies(/home/osawakousei/ros2_ws/install/android_controll_test/share/colcon-core/packages/android_controll_test)
[5.419s] DEBUG:colcon.colcon_parallel_executor.executor.parallel:closing loop
[5.420s] DEBUG:colcon.colcon_parallel_executor.executor.parallel:loop closed
[5.420s] DEBUG:colcon.colcon_parallel_executor.executor.parallel:run_until_complete finished with '2'
[5.420s] DEBUG:colcon.colcon_core.event_reactor:joining thread
[5.445s] INFO:colcon.colcon_core.plugin_system:Skipping extension 'colcon_notification.desktop_notification.terminal_notifier': Not used on non-Darwin systems
[5.446s] INFO:colcon.colcon_core.plugin_system:Skipping extension 'colcon_notification.desktop_notification.win32': Not used on non-Windows systems
[5.446s] INFO:colcon.colcon_notification.desktop_notification:Sending desktop notification using 'notify2'
[5.491s] DEBUG:colcon.colcon_core.event_reactor:joined thread
[5.494s] INFO:colcon.colcon_core.shell:Creating prefix script '/home/osawakousei/ros2_ws/install/local_setup.ps1'
[5.501s] INFO:colcon.colcon_core.shell:Creating prefix util module '/home/osawakousei/ros2_ws/install/_local_setup_util_ps1.py'
[5.505s] INFO:colcon.colcon_core.shell:Creating prefix chain script '/home/osawakousei/ros2_ws/install/setup.ps1'
[5.515s] INFO:colcon.colcon_core.shell:Creating prefix script '/home/osawakousei/ros2_ws/install/local_setup.sh'
[5.517s] INFO:colcon.colcon_core.shell:Creating prefix util module '/home/osawakousei/ros2_ws/install/_local_setup_util_sh.py'
[5.519s] INFO:colcon.colcon_core.shell:Creating prefix chain script '/home/osawakousei/ros2_ws/install/setup.sh'
[5.531s] INFO:colcon.colcon_core.shell:Creating prefix script '/home/osawakousei/ros2_ws/install/local_setup.bash'
[5.533s] INFO:colcon.colcon_core.shell:Creating prefix chain script '/home/osawakousei/ros2_ws/install/setup.bash'
[5.547s] INFO:colcon.colcon_core.shell:Creating prefix script '/home/osawakousei/ros2_ws/install/local_setup.zsh'
[5.549s] INFO:colcon.colcon_core.shell:Creating prefix chain script '/home/osawakousei/ros2_ws/install/setup.zsh'
