-- Found ament_cmake: 1.3.5 (/opt/ros/humble/share/ament_cmake/cmake)
-- Found ament_cmake_auto: 1.3.5 (/opt/ros/humble/share/ament_cmake_auto/cmake)
-- Found rosidl_default_generators: 1.2.0 (/opt/ros/humble/share/rosidl_default_generators/cmake)
-- Using all available rosidl_typesupport_c: rosidl_typesupport_fastrtps_c;rosidl_typesupport_introspection_c
-- Found rosidl_adapter: 3.1.5 (/opt/ros/humble/share/rosidl_adapter/cmake)
-- Using all available rosidl_typesupport_cpp: rosidl_typesupport_fastrtps_cpp;rosidl_typesupport_introspection_cpp
-- Found rmw_implementation_cmake: 6.1.1 (/opt/ros/humble/share/rmw_implementation_cmake/cmake)
-- Found ament_lint_auto: 0.12.8 (/opt/ros/humble/share/ament_lint_auto/cmake)
-- Found ament_cmake_ros: 0.10.0 (/opt/ros/humble/share/ament_cmake_ros/cmake)
-- Using all available rosidl_typesupport_c: rosidl_typesupport_fastrtps_c;rosidl_typesupport_introspection_c
-- Using all available rosidl_typesupport_cpp: rosidl_typesupport_fastrtps_cpp;rosidl_typesupport_introspection_cpp
-- Found ament_cmake_export_assemblies: 0.0.0 (/home/osawakousei/ros2_ws/install/ament_cmake_export_assemblies/share/ament_cmake_export_assemblies/cmake)
-- Found dotnet_cmake_module: 0.0.0 (/home/osawakousei/ros2_ws/install/dotnet_cmake_module/share/dotnet_cmake_module/cmake)
-- Found .NET Core: 6.0.122
-- Using Framework: netstandard2.0
-- Using Framework: netstandard2.0
-- Using Runtime: linux-x64
-- Found ros2cs_common: 2.0.0 (/home/osawakousei/ros2_ws/install/ros2cs_common/share/ros2cs_common/cmake)
-- Generating C# code for ROS interfaces /home/osawakousei/ros2_ws/src/custom_message_unity/build/custom_message_unity/rosidl_generator_cs/custom_message_unity/msg/custom_unity.cs and 
-- Adding custom target
[0mLink libraries: custom_message_unity__rosidl_typesupport_c[0m
[0mLink libraries: custom_message_unity__rosidl_typesupport_introspection_c[0m
[0mLink libraries: custom_message_unity__rosidl_typesupport_fastrtps_c[0m
[0mInstall targets[0m
-- Found python_cmake_module: 0.10.0 (/opt/ros/humble/share/python_cmake_module/cmake)
-- Using PYTHON_EXECUTABLE: /usr/bin/python3
-- Using PYTHON_INCLUDE_DIRS: /usr/include/python3.10
-- Using PYTHON_LIBRARIES: /usr/lib/x86_64-linux-gnu/libpython3.10.so
-- Added test 'cppcheck' to perform static code analysis on C / C++ code
-- Configured cppcheck include dirs: $<BUILD_INTERFACE:/home/osawakousei/ros2_ws/src/custom_message_unity/build/custom_message_unity/rosidl_generator_c>;$<BUILD_INTERFACE:/home/osawakousei/ros2_ws/src/custom_message_unity/build/custom_message_unity/rosidl_typesupport_fastrtps_c>;$<BUILD_INTERFACE:/home/osawakousei/ros2_ws/src/custom_message_unity/build/custom_message_unity/rosidl_typesupport_introspection_c>;$<BUILD_INTERFACE:/home/osawakousei/ros2_ws/src/custom_message_unity/build/custom_message_unity/rosidl_generator_cpp>;$<BUILD_INTERFACE:/home/osawakousei/ros2_ws/src/custom_message_unity/build/custom_message_unity/rosidl_typesupport_fastrtps_cpp>;$<BUILD_INTERFACE:/home/osawakousei/ros2_ws/src/custom_message_unity/build/custom_message_unity/rosidl_typesupport_introspection_cpp>;/home/osawakousei/ros2_ws/src/custom_message_unity/build/custom_message_unity/rosidl_generator_c;/home/osawakousei/ros2_ws/src/custom_message_unity/build/custom_message_unity/rosidl_generator_cs;/home/osawakousei/ros2_ws/src/custom_message_unity/build/custom_message_unity/rosidl_generator_py
-- Configured cppcheck exclude dirs and/or files: 
-- Added test 'flake8' to check Python code syntax and style conventions
-- Added test 'lint_cmake' to check CMake code style
-- Added test 'pep257' to check Python code against some of the docstring style conventions in PEP 257
-- Added test 'uncrustify' to check C / C++ code style
-- Configured uncrustify additional arguments: 
-- Added test 'xmllint' to check XML markup files
-- Configuring done
-- Generating done
-- Build files have been written to: /home/osawakousei/ros2_ws/src/custom_message_unity/build/custom_message_unity
[35m[1mConsolidate compiler generated dependencies of target custom_message_unity__rosidl_generator_c[0m
[  4%] Built target custom_message_unity__cs
[  4%] Built target custom_message_unity__cpp
[ 10%] Built target custom_message_unity__rosidl_generator_c
[ 10%] Built target ament_cmake_python_copy_custom_message_unity
[35m[1mConsolidate compiler generated dependencies of target custom_message_unity__rosidl_typesupport_fastrtps_cpp[0m
[35m[1mConsolidate compiler generated dependencies of target custom_message_unity__rosidl_typesupport_cpp[0m
[35m[1mConsolidate compiler generated dependencies of target custom_message_unity__rosidl_typesupport_introspection_cpp[0m
[35m[1mConsolidate compiler generated dependencies of target custom_message_unity__rosidl_typesupport_c[0m
[35m[1mConsolidate compiler generated dependencies of target custom_message_unity__rosidl_typesupport_introspection_c[0m
[35m[1mConsolidate compiler generated dependencies of target custom_message_unity__rosidl_typesupport_fastrtps_c[0m
[ 21%] Built target custom_message_unity__rosidl_typesupport_cpp
[ 23%] Built target custom_message_unity__rosidl_typesupport_fastrtps_cpp
[ 28%] [34m[1m/usr/bin/cmake;-version;/usr/bin/dotnet restore custom_message_unity_assembly_dotnetcore.csproj;          /usr/bin/dotnet build custom_message_unity_assembly_dotnetcore.csproj -> /home/osawakousei/ros2_ws/src/custom_message_unity/build/custom_message_unity/custom_message_unity_assembly[0m
[ 32%] Built target custom_message_unity__rosidl_typesupport_introspection_cpp
[ 39%] Built target custom_message_unity__rosidl_typesupport_introspection_c
[ 45%] Built target custom_message_unity__rosidl_typesupport_c
[ 52%] Built target custom_message_unity__rosidl_typesupport_fastrtps_c
[35m[1mConsolidate compiler generated dependencies of target custom_message_unity_custom_unity__rosidl_typesupport_introspection_c[0m
[35m[1mConsolidate compiler generated dependencies of target custom_message_unity_custom_unity__rosidl_typesupport_c[0m
[35m[1mConsolidate compiler generated dependencies of target custom_message_unity_custom_unity__rosidl_typesupport_fastrtps_c[0m
[ 52%] Built target custom_message_unity
[ 63%] Built target custom_message_unity_custom_unity__rosidl_typesupport_introspection_c
[ 69%] Built target custom_message_unity_custom_unity__rosidl_typesupport_c
[ 71%] [32mBuilding C object CMakeFiles/custom_message_unity_custom_unity__rosidl_typesupport_fastrtps_c.dir/rosidl_generator_cs/custom_message_unity/msg/custom_unity.ep.rosidl_typesupport_fastrtps_c.c.o[0m
[ 73%] [32mBuilding C object CMakeFiles/custom_message_unity_custom_unity__rosidl_typesupport_fastrtps_c.dir/rosidl_generator_cs/custom_message_unity/msg/custom_unity_s.c.o[0m
cmake version 3.22.1

CMake suite maintained and supported by Kitware (kitware.com/cmake).
[ 76%] Built target custom_message_unity__py
[35m[1mConsolidate compiler generated dependencies of target custom_message_unity__rosidl_generator_py[0m
[ 80%] Built target custom_message_unity__rosidl_generator_py
[35m[1mConsolidate compiler generated dependencies of target custom_message_unity__rosidl_typesupport_fastrtps_c__pyext[0m
[35m[1mConsolidate compiler generated dependencies of target custom_message_unity__rosidl_typesupport_introspection_c__pyext[0m
[35m[1mConsolidate compiler generated dependencies of target custom_message_unity__rosidl_typesupport_c__pyext[0m
[ 91%] Built target custom_message_unity__rosidl_typesupport_fastrtps_c__pyext
[ 89%] [32m[1mLinking C shared library rosidl_generator_cs/custom_message_unity/msg/libcustom_message_unity_custom_unity__rosidl_typesupport_fastrtps_c_native.so[0m
[ 91%] Built target custom_message_unity__rosidl_typesupport_introspection_c__pyext
[ 95%] Built target custom_message_unity__rosidl_typesupport_c__pyext
[ 97%] Built target custom_message_unity_custom_unity__rosidl_typesupport_fastrtps_c
running egg_info
writing custom_message_unity.egg-info/PKG-INFO
writing dependency_links to custom_message_unity.egg-info/dependency_links.txt
writing top-level names to custom_message_unity.egg-info/top_level.txt
reading manifest file 'custom_message_unity.egg-info/SOURCES.txt'
writing manifest file 'custom_message_unity.egg-info/SOURCES.txt'
[ 97%] Built target ament_cmake_python_build_custom_message_unity_egg
[?1h=  Determining projects to restore...
  All projects are up-to-date for restore.
[?1h=.NET 向け Microsoft (R) Build Engine バージョン 17.0.1+b177f8fa7
Copyright (C) Microsoft Corporation.All rights reserved.

  Determining projects to restore...
  All projects are up-to-date for restore.
  custom_message_unity_assembly_dotnetcore -> /home/osawakousei/ros2_ws/src/custom_message_unity/build/custom_message_unity/netstandard2.0/custom_message_unity_assembly.dll
[39;49m[92m
ビルドに成功しました。
[39;49m    0 個の警告
[39;49m    0 エラー
[39;49m
経過時間 00:00:02.54
[100%] Built target custom_message_unity_assembly
-- Install configuration: ""
-- Up-to-date: /home/osawakousei/ros2_ws/src/custom_message_unity/install/custom_message_unity/share/ament_index/resource_index/rosidl_interfaces/custom_message_unity
-- Up-to-date: /home/osawakousei/ros2_ws/src/custom_message_unity/install/custom_message_unity/include/custom_message_unity/custom_message_unity
-- Up-to-date: /home/osawakousei/ros2_ws/src/custom_message_unity/install/custom_message_unity/include/custom_message_unity/custom_message_unity/msg
-- Up-to-date: /home/osawakousei/ros2_ws/src/custom_message_unity/install/custom_message_unity/include/custom_message_unity/custom_message_unity/msg/rosidl_generator_c__visibility_control.h
-- Up-to-date: /home/osawakousei/ros2_ws/src/custom_message_unity/install/custom_message_unity/include/custom_message_unity/custom_message_unity/msg/detail
-- Up-to-date: /home/osawakousei/ros2_ws/src/custom_message_unity/install/custom_message_unity/include/custom_message_unity/custom_message_unity/msg/detail/custom_unity__struct.h
-- Up-to-date: /home/osawakousei/ros2_ws/src/custom_message_unity/install/custom_message_unity/include/custom_message_unity/custom_message_unity/msg/detail/custom_unity__type_support.h
-- Up-to-date: /home/osawakousei/ros2_ws/src/custom_message_unity/install/custom_message_unity/include/custom_message_unity/custom_message_unity/msg/detail/custom_unity__functions.c
-- Up-to-date: /home/osawakousei/ros2_ws/src/custom_message_unity/install/custom_message_unity/include/custom_message_unity/custom_message_unity/msg/detail/custom_unity__functions.h
-- Up-to-date: /home/osawakousei/ros2_ws/src/custom_message_unity/install/custom_message_unity/include/custom_message_unity/custom_message_unity/msg/custom_unity.h
-- Up-to-date: /home/osawakousei/ros2_ws/src/custom_message_unity/install/custom_message_unity/share/custom_message_unity/environment/library_path.sh
-- Installing: /home/osawakousei/ros2_ws/src/custom_message_unity/install/custom_message_unity/share/custom_message_unity/environment/library_path.dsv
-- Up-to-date: /home/osawakousei/ros2_ws/src/custom_message_unity/install/custom_message_unity/lib/libcustom_message_unity__rosidl_generator_c.so
-- Up-to-date: /home/osawakousei/ros2_ws/src/custom_message_unity/install/custom_message_unity/include/custom_message_unity/custom_message_unity
-- Up-to-date: /home/osawakousei/ros2_ws/src/custom_message_unity/install/custom_message_unity/include/custom_message_unity/custom_message_unity/msg
-- Up-to-date: /home/osawakousei/ros2_ws/src/custom_message_unity/install/custom_message_unity/include/custom_message_unity/custom_message_unity/msg/detail
-- Up-to-date: /home/osawakousei/ros2_ws/src/custom_message_unity/install/custom_message_unity/include/custom_message_unity/custom_message_unity/msg/detail/custom_unity__rosidl_typesupport_fastrtps_c.h
-- Up-to-date: /home/osawakousei/ros2_ws/src/custom_message_unity/install/custom_message_unity/include/custom_message_unity/custom_message_unity/msg/rosidl_typesupport_fastrtps_c__visibility_control.h
-- Up-to-date: /home/osawakousei/ros2_ws/src/custom_message_unity/install/custom_message_unity/lib/libcustom_message_unity__rosidl_typesupport_fastrtps_c.so
-- Up-to-date: /home/osawakousei/ros2_ws/src/custom_message_unity/install/custom_message_unity/include/custom_message_unity/custom_message_unity
-- Up-to-date: /home/osawakousei/ros2_ws/src/custom_message_unity/install/custom_message_unity/include/custom_message_unity/custom_message_unity/msg
-- Up-to-date: /home/osawakousei/ros2_ws/src/custom_message_unity/install/custom_message_unity/include/custom_message_unity/custom_message_unity/msg/rosidl_typesupport_introspection_c__visibility_control.h
-- Up-to-date: /home/osawakousei/ros2_ws/src/custom_message_unity/install/custom_message_unity/include/custom_message_unity/custom_message_unity/msg/detail
-- Up-to-date: /home/osawakousei/ros2_ws/src/custom_message_unity/install/custom_message_unity/include/custom_message_unity/custom_message_unity/msg/detail/custom_unity__rosidl_typesupport_introspection_c.h
-- Up-to-date: /home/osawakousei/ros2_ws/src/custom_message_unity/install/custom_message_unity/include/custom_message_unity/custom_message_unity/msg/detail/custom_unity__type_support.c
-- Up-to-date: /home/osawakousei/ros2_ws/src/custom_message_unity/install/custom_message_unity/lib/libcustom_message_unity__rosidl_typesupport_introspection_c.so
-- Up-to-date: /home/osawakousei/ros2_ws/src/custom_message_unity/install/custom_message_unity/lib/libcustom_message_unity__rosidl_typesupport_c.so
-- Up-to-date: /home/osawakousei/ros2_ws/src/custom_message_unity/install/custom_message_unity/include/custom_message_unity/custom_message_unity
-- Up-to-date: /home/osawakousei/ros2_ws/src/custom_message_unity/install/custom_message_unity/include/custom_message_unity/custom_message_unity/msg
-- Up-to-date: /home/osawakousei/ros2_ws/src/custom_message_unity/install/custom_message_unity/include/custom_message_unity/custom_message_unity/msg/custom_unity.hpp
-- Up-to-date: /home/osawakousei/ros2_ws/src/custom_message_unity/install/custom_message_unity/include/custom_message_unity/custom_message_unity/msg/detail
-- Up-to-date: /home/osawakousei/ros2_ws/src/custom_message_unity/install/custom_message_unity/include/custom_message_unity/custom_message_unity/msg/detail/custom_unity__builder.hpp
-- Up-to-date: /home/osawakousei/ros2_ws/src/custom_message_unity/install/custom_message_unity/include/custom_message_unity/custom_message_unity/msg/detail/custom_unity__struct.hpp
-- Up-to-date: /home/osawakousei/ros2_ws/src/custom_message_unity/install/custom_message_unity/include/custom_message_unity/custom_message_unity/msg/detail/custom_unity__traits.hpp
-- Up-to-date: /home/osawakousei/ros2_ws/src/custom_message_unity/install/custom_message_unity/include/custom_message_unity/custom_message_unity
-- Up-to-date: /home/osawakousei/ros2_ws/src/custom_message_unity/install/custom_message_unity/include/custom_message_unity/custom_message_unity/msg
-- Up-to-date: /home/osawakousei/ros2_ws/src/custom_message_unity/install/custom_message_unity/include/custom_message_unity/custom_message_unity/msg/rosidl_typesupport_fastrtps_cpp__visibility_control.h
-- Up-to-date: /home/osawakousei/ros2_ws/src/custom_message_unity/install/custom_message_unity/include/custom_message_unity/custom_message_unity/msg/detail
-- Up-to-date: /home/osawakousei/ros2_ws/src/custom_message_unity/install/custom_message_unity/include/custom_message_unity/custom_message_unity/msg/detail/custom_unity__rosidl_typesupport_fastrtps_cpp.hpp
-- Up-to-date: /home/osawakousei/ros2_ws/src/custom_message_unity/install/custom_message_unity/include/custom_message_unity/custom_message_unity/msg/detail/dds_fastrtps
-- Up-to-date: /home/osawakousei/ros2_ws/src/custom_message_unity/install/custom_message_unity/lib/libcustom_message_unity__rosidl_typesupport_fastrtps_cpp.so
-- Up-to-date: /home/osawakousei/ros2_ws/src/custom_message_unity/install/custom_message_unity/include/custom_message_unity/custom_message_unity
-- Up-to-date: /home/osawakousei/ros2_ws/src/custom_message_unity/install/custom_message_unity/include/custom_message_unity/custom_message_unity/msg
-- Up-to-date: /home/osawakousei/ros2_ws/src/custom_message_unity/install/custom_message_unity/include/custom_message_unity/custom_message_unity/msg/detail
-- Up-to-date: /home/osawakousei/ros2_ws/src/custom_message_unity/install/custom_message_unity/include/custom_message_unity/custom_message_unity/msg/detail/custom_unity__rosidl_typesupport_introspection_cpp.hpp
-- Up-to-date: /home/osawakousei/ros2_ws/src/custom_message_unity/install/custom_message_unity/include/custom_message_unity/custom_message_unity/msg/detail/custom_unity__type_support.cpp
-- Up-to-date: /home/osawakousei/ros2_ws/src/custom_message_unity/install/custom_message_unity/lib/libcustom_message_unity__rosidl_typesupport_introspection_cpp.so
-- Up-to-date: /home/osawakousei/ros2_ws/src/custom_message_unity/install/custom_message_unity/lib/libcustom_message_unity__rosidl_typesupport_cpp.so
-- Up-to-date: /home/osawakousei/ros2_ws/src/custom_message_unity/install/custom_message_unity/lib/libcustom_message_unity_custom_unity__rosidl_typesupport_c_native.so
-- Up-to-date: /home/osawakousei/ros2_ws/src/custom_message_unity/install/custom_message_unity/lib/libcustom_message_unity_custom_unity__rosidl_typesupport_introspection_c_native.so
-- Installing: /home/osawakousei/ros2_ws/src/custom_message_unity/install/custom_message_unity/lib/libcustom_message_unity_custom_unity__rosidl_typesupport_fastrtps_c_native.so
-- Set runtime path of "/home/osawakousei/ros2_ws/src/custom_message_unity/install/custom_message_unity/lib/libcustom_message_unity_custom_unity__rosidl_typesupport_fastrtps_c_native.so" to ""
-- Up-to-date: /home/osawakousei/ros2_ws/src/custom_message_unity/install/custom_message_unity/lib/dotnet
-- Up-to-date: /home/osawakousei/ros2_ws/src/custom_message_unity/install/custom_message_unity/lib/dotnet/custom_message_unity_assembly.dll
-- Up-to-date: /home/osawakousei/ros2_ws/src/custom_message_unity/install/custom_message_unity/lib/dotnet/ros2cs_common.dll
-- Up-to-date: /home/osawakousei/ros2_ws/src/custom_message_unity/install/custom_message_unity/lib/dotnet/custom_message_unity_assembly.deps.json
-- Up-to-date: /home/osawakousei/ros2_ws/src/custom_message_unity/install/custom_message_unity/share/custom_message_unity/environment/pythonpath.sh
-- Installing: /home/osawakousei/ros2_ws/src/custom_message_unity/install/custom_message_unity/share/custom_message_unity/environment/pythonpath.dsv
-- Up-to-date: /home/osawakousei/ros2_ws/src/custom_message_unity/install/custom_message_unity/local/lib/python3.10/dist-packages/custom_message_unity-0.0.0-py3.10.egg-info
-- Installing: /home/osawakousei/ros2_ws/src/custom_message_unity/install/custom_message_unity/local/lib/python3.10/dist-packages/custom_message_unity-0.0.0-py3.10.egg-info/top_level.txt
-- Installing: /home/osawakousei/ros2_ws/src/custom_message_unity/install/custom_message_unity/local/lib/python3.10/dist-packages/custom_message_unity-0.0.0-py3.10.egg-info/SOURCES.txt
-- Installing: /home/osawakousei/ros2_ws/src/custom_message_unity/install/custom_message_unity/local/lib/python3.10/dist-packages/custom_message_unity-0.0.0-py3.10.egg-info/dependency_links.txt
-- Installing: /home/osawakousei/ros2_ws/src/custom_message_unity/install/custom_message_unity/local/lib/python3.10/dist-packages/custom_message_unity-0.0.0-py3.10.egg-info/PKG-INFO
-- Up-to-date: /home/osawakousei/ros2_ws/src/custom_message_unity/install/custom_message_unity/local/lib/python3.10/dist-packages/custom_message_unity
-- Up-to-date: /home/osawakousei/ros2_ws/src/custom_message_unity/install/custom_message_unity/local/lib/python3.10/dist-packages/custom_message_unity/_custom_message_unity_s.ep.rosidl_typesupport_fastrtps_c.c
-- Up-to-date: /home/osawakousei/ros2_ws/src/custom_message_unity/install/custom_message_unity/local/lib/python3.10/dist-packages/custom_message_unity/custom_message_unity_s__rosidl_typesupport_fastrtps_c.cpython-310-x86_64-linux-gnu.so
-- Up-to-date: /home/osawakousei/ros2_ws/src/custom_message_unity/install/custom_message_unity/local/lib/python3.10/dist-packages/custom_message_unity/custom_message_unity_s__rosidl_typesupport_introspection_c.cpython-310-x86_64-linux-gnu.so
-- Up-to-date: /home/osawakousei/ros2_ws/src/custom_message_unity/install/custom_message_unity/local/lib/python3.10/dist-packages/custom_message_unity/_custom_message_unity_s.ep.rosidl_typesupport_c.c
-- Up-to-date: /home/osawakousei/ros2_ws/src/custom_message_unity/install/custom_message_unity/local/lib/python3.10/dist-packages/custom_message_unity/_custom_message_unity_s.ep.rosidl_typesupport_introspection_c.c
-- Installing: /home/osawakousei/ros2_ws/src/custom_message_unity/install/custom_message_unity/local/lib/python3.10/dist-packages/custom_message_unity/__init__.py
-- Up-to-date: /home/osawakousei/ros2_ws/src/custom_message_unity/install/custom_message_unity/local/lib/python3.10/dist-packages/custom_message_unity/libcustom_message_unity__rosidl_generator_py.so
-- Up-to-date: /home/osawakousei/ros2_ws/src/custom_message_unity/install/custom_message_unity/local/lib/python3.10/dist-packages/custom_message_unity/msg
-- Up-to-date: /home/osawakousei/ros2_ws/src/custom_message_unity/install/custom_message_unity/local/lib/python3.10/dist-packages/custom_message_unity/msg/_custom_unity_s.c
-- Up-to-date: /home/osawakousei/ros2_ws/src/custom_message_unity/install/custom_message_unity/local/lib/python3.10/dist-packages/custom_message_unity/msg/_custom_unity.py
-- Up-to-date: /home/osawakousei/ros2_ws/src/custom_message_unity/install/custom_message_unity/local/lib/python3.10/dist-packages/custom_message_unity/msg/__init__.py
-- Up-to-date: /home/osawakousei/ros2_ws/src/custom_message_unity/install/custom_message_unity/local/lib/python3.10/dist-packages/custom_message_unity/custom_message_unity_s__rosidl_typesupport_c.cpython-310-x86_64-linux-gnu.so
Listing '/home/osawakousei/ros2_ws/src/custom_message_unity/install/custom_message_unity/local/lib/python3.10/dist-packages/custom_message_unity'...
Compiling '/home/osawakousei/ros2_ws/src/custom_message_unity/install/custom_message_unity/local/lib/python3.10/dist-packages/custom_message_unity/__init__.py'...
Listing '/home/osawakousei/ros2_ws/src/custom_message_unity/install/custom_message_unity/local/lib/python3.10/dist-packages/custom_message_unity/msg'...
-- Up-to-date: /home/osawakousei/ros2_ws/src/custom_message_unity/install/custom_message_unity/local/lib/python3.10/dist-packages/custom_message_unity/custom_message_unity_s__rosidl_typesupport_fastrtps_c.cpython-310-x86_64-linux-gnu.so
-- Up-to-date: /home/osawakousei/ros2_ws/src/custom_message_unity/install/custom_message_unity/local/lib/python3.10/dist-packages/custom_message_unity/custom_message_unity_s__rosidl_typesupport_introspection_c.cpython-310-x86_64-linux-gnu.so
-- Up-to-date: /home/osawakousei/ros2_ws/src/custom_message_unity/install/custom_message_unity/local/lib/python3.10/dist-packages/custom_message_unity/custom_message_unity_s__rosidl_typesupport_c.cpython-310-x86_64-linux-gnu.so
-- Up-to-date: /home/osawakousei/ros2_ws/src/custom_message_unity/install/custom_message_unity/lib/libcustom_message_unity__rosidl_generator_py.so
-- Up-to-date: /home/osawakousei/ros2_ws/src/custom_message_unity/install/custom_message_unity/share/custom_message_unity/msg/CustomUnity.idl
-- Up-to-date: /home/osawakousei/ros2_ws/src/custom_message_unity/install/custom_message_unity/share/custom_message_unity/msg/CustomUnity.msg
-- Installing: /home/osawakousei/ros2_ws/src/custom_message_unity/install/custom_message_unity/share/ament_index/resource_index/package_run_dependencies/custom_message_unity
-- Up-to-date: /home/osawakousei/ros2_ws/src/custom_message_unity/install/custom_message_unity/share/ament_index/resource_index/parent_prefix_path/custom_message_unity
-- Up-to-date: /home/osawakousei/ros2_ws/src/custom_message_unity/install/custom_message_unity/share/custom_message_unity/environment/ament_prefix_path.sh
-- Installing: /home/osawakousei/ros2_ws/src/custom_message_unity/install/custom_message_unity/share/custom_message_unity/environment/ament_prefix_path.dsv
-- Up-to-date: /home/osawakousei/ros2_ws/src/custom_message_unity/install/custom_message_unity/share/custom_message_unity/environment/path.sh
-- Installing: /home/osawakousei/ros2_ws/src/custom_message_unity/install/custom_message_unity/share/custom_message_unity/environment/path.dsv
-- Up-to-date: /home/osawakousei/ros2_ws/src/custom_message_unity/install/custom_message_unity/share/custom_message_unity/local_setup.bash
-- Up-to-date: /home/osawakousei/ros2_ws/src/custom_message_unity/install/custom_message_unity/share/custom_message_unity/local_setup.sh
-- Up-to-date: /home/osawakousei/ros2_ws/src/custom_message_unity/install/custom_message_unity/share/custom_message_unity/local_setup.zsh
-- Installing: /home/osawakousei/ros2_ws/src/custom_message_unity/install/custom_message_unity/share/custom_message_unity/local_setup.dsv
-- Installing: /home/osawakousei/ros2_ws/src/custom_message_unity/install/custom_message_unity/share/custom_message_unity/package.dsv
-- Up-to-date: /home/osawakousei/ros2_ws/src/custom_message_unity/install/custom_message_unity/share/ament_index/resource_index/packages/custom_message_unity
-- Up-to-date: /home/osawakousei/ros2_ws/src/custom_message_unity/install/custom_message_unity/share/custom_message_unity/cmake/export_custom_message_unity__rosidl_generator_cExport.cmake
-- Up-to-date: /home/osawakousei/ros2_ws/src/custom_message_unity/install/custom_message_unity/share/custom_message_unity/cmake/export_custom_message_unity__rosidl_generator_cExport-noconfig.cmake
-- Up-to-date: /home/osawakousei/ros2_ws/src/custom_message_unity/install/custom_message_unity/share/custom_message_unity/cmake/export_custom_message_unity__rosidl_typesupport_fastrtps_cExport.cmake
-- Up-to-date: /home/osawakousei/ros2_ws/src/custom_message_unity/install/custom_message_unity/share/custom_message_unity/cmake/export_custom_message_unity__rosidl_typesupport_fastrtps_cExport-noconfig.cmake
-- Up-to-date: /home/osawakousei/ros2_ws/src/custom_message_unity/install/custom_message_unity/share/custom_message_unity/cmake/custom_message_unity__rosidl_typesupport_introspection_cExport.cmake
-- Up-to-date: /home/osawakousei/ros2_ws/src/custom_message_unity/install/custom_message_unity/share/custom_message_unity/cmake/custom_message_unity__rosidl_typesupport_introspection_cExport-noconfig.cmake
-- Up-to-date: /home/osawakousei/ros2_ws/src/custom_message_unity/install/custom_message_unity/share/custom_message_unity/cmake/custom_message_unity__rosidl_typesupport_cExport.cmake
-- Up-to-date: /home/osawakousei/ros2_ws/src/custom_message_unity/install/custom_message_unity/share/custom_message_unity/cmake/custom_message_unity__rosidl_typesupport_cExport-noconfig.cmake
-- Up-to-date: /home/osawakousei/ros2_ws/src/custom_message_unity/install/custom_message_unity/share/custom_message_unity/cmake/export_custom_message_unity__rosidl_generator_cppExport.cmake
-- Up-to-date: /home/osawakousei/ros2_ws/src/custom_message_unity/install/custom_message_unity/share/custom_message_unity/cmake/export_custom_message_unity__rosidl_typesupport_fastrtps_cppExport.cmake
-- Up-to-date: /home/osawakousei/ros2_ws/src/custom_message_unity/install/custom_message_unity/share/custom_message_unity/cmake/export_custom_message_unity__rosidl_typesupport_fastrtps_cppExport-noconfig.cmake
-- Up-to-date: /home/osawakousei/ros2_ws/src/custom_message_unity/install/custom_message_unity/share/custom_message_unity/cmake/custom_message_unity__rosidl_typesupport_introspection_cppExport.cmake
-- Up-to-date: /home/osawakousei/ros2_ws/src/custom_message_unity/install/custom_message_unity/share/custom_message_unity/cmake/custom_message_unity__rosidl_typesupport_introspection_cppExport-noconfig.cmake
-- Up-to-date: /home/osawakousei/ros2_ws/src/custom_message_unity/install/custom_message_unity/share/custom_message_unity/cmake/custom_message_unity__rosidl_typesupport_cppExport.cmake
-- Up-to-date: /home/osawakousei/ros2_ws/src/custom_message_unity/install/custom_message_unity/share/custom_message_unity/cmake/custom_message_unity__rosidl_typesupport_cppExport-noconfig.cmake
-- Up-to-date: /home/osawakousei/ros2_ws/src/custom_message_unity/install/custom_message_unity/share/custom_message_unity/cmake/export_custom_message_unity__rosidl_generator_pyExport.cmake
-- Up-to-date: /home/osawakousei/ros2_ws/src/custom_message_unity/install/custom_message_unity/share/custom_message_unity/cmake/export_custom_message_unity__rosidl_generator_pyExport-noconfig.cmake
-- Up-to-date: /home/osawakousei/ros2_ws/src/custom_message_unity/install/custom_message_unity/share/custom_message_unity/cmake/rosidl_cmake-extras.cmake
-- Up-to-date: /home/osawakousei/ros2_ws/src/custom_message_unity/install/custom_message_unity/share/custom_message_unity/cmake/ament_cmake_export_include_directories-extras.cmake
-- Up-to-date: /home/osawakousei/ros2_ws/src/custom_message_unity/install/custom_message_unity/share/custom_message_unity/cmake/ament_cmake_export_libraries-extras.cmake
-- Installing: /home/osawakousei/ros2_ws/src/custom_message_unity/install/custom_message_unity/share/custom_message_unity/cmake/ament_cmake_export_targets-extras.cmake
-- Installing: /home/osawakousei/ros2_ws/src/custom_message_unity/install/custom_message_unity/share/custom_message_unity/cmake/rosidl_cmake_export_typesupport_targets-extras.cmake
-- Installing: /home/osawakousei/ros2_ws/src/custom_message_unity/install/custom_message_unity/share/custom_message_unity/cmake/ament_cmake_export_dependencies-extras.cmake
-- Up-to-date: /home/osawakousei/ros2_ws/src/custom_message_unity/install/custom_message_unity/share/custom_message_unity/cmake/rosidl_cmake_export_typesupport_libraries-extras.cmake
-- Up-to-date: /home/osawakousei/ros2_ws/src/custom_message_unity/install/custom_message_unity/share/custom_message_unity/cmake/ament_cmake_export_assemblies-extras.cmake
-- Up-to-date: /home/osawakousei/ros2_ws/src/custom_message_unity/install/custom_message_unity/share/custom_message_unity/cmake/custom_message_unityConfig.cmake
-- Up-to-date: /home/osawakousei/ros2_ws/src/custom_message_unity/install/custom_message_unity/share/custom_message_unity/cmake/custom_message_unityConfig-version.cmake
-- Installing: /home/osawakousei/ros2_ws/src/custom_message_unity/install/custom_message_unity/share/custom_message_unity/package.xml
