[0.222s] Invoking command in '/home/osawakousei/ros2_ws/build/micro_ros_setup': CMAKE_PREFIX_PATH=${CMAKE_PREFIX_PATH}:/opt/ros/humble /usr/bin/cmake --build /home/osawakousei/ros2_ws/build/micro_ros_setup -- -j8 -l8
[0.534s] Invoked command in '/home/osawakousei/ros2_ws/build/micro_ros_setup' returned '0': CMAKE_PREFIX_PATH=${CMAKE_PREFIX_PATH}:/opt/ros/humble /usr/bin/cmake --build /home/osawakousei/ros2_ws/build/micro_ros_setup -- -j8 -l8
[1.388s] Invoking command in '/home/osawakousei/ros2_ws/build/micro_ros_setup': CMAKE_PREFIX_PATH=${CMAKE_PREFIX_PATH}:/opt/ros/humble /usr/bin/cmake --install /home/osawakousei/ros2_ws/build/micro_ros_setup
[1.474s] -- Install configuration: ""
[1.480s] -- Up-to-date: /home/osawakousei/ros2_ws/install/micro_ros_setup/share/ament_index/resource_index/package_run_dependencies/micro_ros_setup
[1.482s] -- Up-to-date: /home/osawakousei/ros2_ws/install/micro_ros_setup/share/ament_index/resource_index/parent_prefix_path/micro_ros_setup
[1.483s] -- Up-to-date: /home/osawakousei/ros2_ws/install/micro_ros_setup/share/micro_ros_setup/environment/ament_prefix_path.sh
[1.484s] -- Up-to-date: /home/osawakousei/ros2_ws/install/micro_ros_setup/share/micro_ros_setup/environment/ament_prefix_path.dsv
[1.484s] -- Up-to-date: /home/osawakousei/ros2_ws/install/micro_ros_setup/share/micro_ros_setup/environment/path.sh
[1.485s] -- Up-to-date: /home/osawakousei/ros2_ws/install/micro_ros_setup/share/micro_ros_setup/environment/path.dsv
[1.493s] -- Up-to-date: /home/osawakousei/ros2_ws/install/micro_ros_setup/share/micro_ros_setup/local_setup.bash
[1.494s] -- Up-to-date: /home/osawakousei/ros2_ws/install/micro_ros_setup/share/micro_ros_setup/local_setup.sh
[1.494s] -- Up-to-date: /home/osawakousei/ros2_ws/install/micro_ros_setup/share/micro_ros_setup/local_setup.zsh
[1.495s] -- Up-to-date: /home/osawakousei/ros2_ws/install/micro_ros_setup/share/micro_ros_setup/local_setup.dsv
[1.496s] -- Installing: /home/osawakousei/ros2_ws/install/micro_ros_setup/share/micro_ros_setup/package.dsv
[1.498s] -- Up-to-date: /home/osawakousei/ros2_ws/install/micro_ros_setup/share/ament_index/resource_index/packages/micro_ros_setup
[1.499s] -- Up-to-date: /home/osawakousei/ros2_ws/install/micro_ros_setup/share/micro_ros_setup/cmake/micro_ros_setupConfig.cmake
[1.499s] -- Up-to-date: /home/osawakousei/ros2_ws/install/micro_ros_setup/share/micro_ros_setup/cmake/micro_ros_setupConfig-version.cmake
[1.500s] -- Up-to-date: /home/osawakousei/ros2_ws/install/micro_ros_setup/share/micro_ros_setup/package.xml
[1.500s] -- Up-to-date: /home/osawakousei/ros2_ws/install/micro_ros_setup/./config
[1.501s] -- Up-to-date: /home/osawakousei/ros2_ws/install/micro_ros_setup/./config/host
[1.501s] -- Up-to-date: /home/osawakousei/ros2_ws/install/micro_ros_setup/./config/host/generic
[1.502s] -- Up-to-date: /home/osawakousei/ros2_ws/install/micro_ros_setup/./config/host/generic/package.xml
[1.502s] -- Up-to-date: /home/osawakousei/ros2_ws/install/micro_ros_setup/./config/host/generic/create.sh
[1.503s] -- Up-to-date: /home/osawakousei/ros2_ws/install/micro_ros_setup/./config/host/generic/client_host_packages.repos
[1.503s] -- Up-to-date: /home/osawakousei/ros2_ws/install/micro_ros_setup/./config/host/generic/client-host-colcon.meta
[1.504s] -- Up-to-date: /home/osawakousei/ros2_ws/install/micro_ros_setup/./config/host/generic/flash.sh
[1.504s] -- Up-to-date: /home/osawakousei/ros2_ws/install/micro_ros_setup/./config/host/generic/build.sh
[1.505s] -- Up-to-date: /home/osawakousei/ros2_ws/install/micro_ros_setup/./config/host/dev_uros_packages.repos
[1.506s] -- Up-to-date: /home/osawakousei/ros2_ws/install/micro_ros_setup/./config/host/dev_ros2_packages.txt
[1.506s] -- Up-to-date: /home/osawakousei/ros2_ws/install/micro_ros_setup/./config/host/client_ros2_packages.txt
[1.507s] -- Up-to-date: /home/osawakousei/ros2_ws/install/micro_ros_setup/./config/freertos
[1.507s] -- Up-to-date: /home/osawakousei/ros2_ws/install/micro_ros_setup/./config/freertos/esp32
[1.508s] -- Up-to-date: /home/osawakousei/ros2_ws/install/micro_ros_setup/./config/freertos/esp32/configure.sh
[1.508s] -- Up-to-date: /home/osawakousei/ros2_ws/install/micro_ros_setup/./config/freertos/esp32/client-colcon.meta
[1.510s] -- Up-to-date: /home/osawakousei/ros2_ws/install/micro_ros_setup/./config/freertos/esp32/package.xml
[1.511s] -- Up-to-date: /home/osawakousei/ros2_ws/install/micro_ros_setup/./config/freertos/esp32/create.sh
[1.516s] -- Up-to-date: /home/osawakousei/ros2_ws/install/micro_ros_setup/./config/freertos/esp32/board.repos
[1.528s] -- Up-to-date: /home/osawakousei/ros2_ws/install/micro_ros_setup/./config/freertos/esp32/flash.sh
[1.529s] -- Up-to-date: /home/osawakousei/ros2_ws/install/micro_ros_setup/./config/freertos/esp32/README.md
[1.544s] -- Up-to-date: /home/osawakousei/ros2_ws/install/micro_ros_setup/./config/freertos/esp32/client_uros_packages.repos
[1.544s] -- Up-to-date: /home/osawakousei/ros2_ws/install/micro_ros_setup/./config/freertos/esp32/build.sh
[1.545s] -- Up-to-date: /home/osawakousei/ros2_ws/install/micro_ros_setup/./config/freertos/olimex-stm32-e407
[1.545s] -- Up-to-date: /home/osawakousei/ros2_ws/install/micro_ros_setup/./config/freertos/olimex-stm32-e407/configure.sh
[1.545s] -- Up-to-date: /home/osawakousei/ros2_ws/install/micro_ros_setup/./config/freertos/olimex-stm32-e407/client-colcon.meta
[1.546s] -- Up-to-date: /home/osawakousei/ros2_ws/install/micro_ros_setup/./config/freertos/olimex-stm32-e407/package.xml
[1.546s] -- Up-to-date: /home/osawakousei/ros2_ws/install/micro_ros_setup/./config/freertos/olimex-stm32-e407/create.sh
[1.552s] -- Up-to-date: /home/osawakousei/ros2_ws/install/micro_ros_setup/./config/freertos/olimex-stm32-e407/board.repos
[1.552s] -- Up-to-date: /home/osawakousei/ros2_ws/install/micro_ros_setup/./config/freertos/olimex-stm32-e407/flash.sh
[1.552s] -- Up-to-date: /home/osawakousei/ros2_ws/install/micro_ros_setup/./config/freertos/olimex-stm32-e407/client_uros_packages.repos
[1.553s] -- Up-to-date: /home/osawakousei/ros2_ws/install/micro_ros_setup/./config/freertos/olimex-stm32-e407/build.sh
[1.553s] -- Up-to-date: /home/osawakousei/ros2_ws/install/micro_ros_setup/./config/freertos/list_apps.sh
[1.560s] -- Up-to-date: /home/osawakousei/ros2_ws/install/micro_ros_setup/./config/freertos/dev_uros_packages.repos
[1.560s] -- Up-to-date: /home/osawakousei/ros2_ws/install/micro_ros_setup/./config/freertos/nucleo_f746zg
[1.560s] -- Up-to-date: /home/osawakousei/ros2_ws/install/micro_ros_setup/./config/freertos/nucleo_f746zg/configure.sh
[1.561s] -- Up-to-date: /home/osawakousei/ros2_ws/install/micro_ros_setup/./config/freertos/nucleo_f746zg/client-colcon.meta
[1.561s] -- Up-to-date: /home/osawakousei/ros2_ws/install/micro_ros_setup/./config/freertos/nucleo_f746zg/package.xml
[1.561s] -- Up-to-date: /home/osawakousei/ros2_ws/install/micro_ros_setup/./config/freertos/nucleo_f746zg/create.sh
[1.561s] -- Up-to-date: /home/osawakousei/ros2_ws/install/micro_ros_setup/./config/freertos/nucleo_f746zg/board.repos
[1.562s] -- Up-to-date: /home/osawakousei/ros2_ws/install/micro_ros_setup/./config/freertos/nucleo_f746zg/flash.sh
[1.562s] -- Up-to-date: /home/osawakousei/ros2_ws/install/micro_ros_setup/./config/freertos/nucleo_f746zg/client_uros_packages.repos
[1.562s] -- Up-to-date: /home/osawakousei/ros2_ws/install/micro_ros_setup/./config/freertos/nucleo_f746zg/build.sh
[1.562s] -- Up-to-date: /home/osawakousei/ros2_ws/install/micro_ros_setup/./config/freertos/crazyflie21
[1.563s] -- Up-to-date: /home/osawakousei/ros2_ws/install/micro_ros_setup/./config/freertos/crazyflie21/configure.sh
[1.563s] -- Up-to-date: /home/osawakousei/ros2_ws/install/micro_ros_setup/./config/freertos/crazyflie21/client-colcon.meta
[1.566s] -- Up-to-date: /home/osawakousei/ros2_ws/install/micro_ros_setup/./config/freertos/crazyflie21/package.xml
[1.567s] -- Up-to-date: /home/osawakousei/ros2_ws/install/micro_ros_setup/./config/freertos/crazyflie21/create.sh
[1.567s] -- Up-to-date: /home/osawakousei/ros2_ws/install/micro_ros_setup/./config/freertos/crazyflie21/board.repos
[1.567s] -- Up-to-date: /home/osawakousei/ros2_ws/install/micro_ros_setup/./config/freertos/crazyflie21/flash.sh
[1.568s] -- Up-to-date: /home/osawakousei/ros2_ws/install/micro_ros_setup/./config/freertos/crazyflie21/client_uros_packages.repos
[1.568s] -- Up-to-date: /home/osawakousei/ros2_ws/install/micro_ros_setup/./config/freertos/crazyflie21/build.sh
[1.569s] -- Up-to-date: /home/osawakousei/ros2_ws/install/micro_ros_setup/./config/freertos/nucleo_f767zi
[1.569s] -- Up-to-date: /home/osawakousei/ros2_ws/install/micro_ros_setup/./config/freertos/nucleo_f767zi/configure.sh
[1.569s] -- Up-to-date: /home/osawakousei/ros2_ws/install/micro_ros_setup/./config/freertos/nucleo_f767zi/client-colcon.meta
[1.569s] -- Up-to-date: /home/osawakousei/ros2_ws/install/micro_ros_setup/./config/freertos/nucleo_f767zi/package.xml
[1.570s] -- Up-to-date: /home/osawakousei/ros2_ws/install/micro_ros_setup/./config/freertos/nucleo_f767zi/create.sh
[1.570s] -- Up-to-date: /home/osawakousei/ros2_ws/install/micro_ros_setup/./config/freertos/nucleo_f767zi/board.repos
[1.571s] -- Up-to-date: /home/osawakousei/ros2_ws/install/micro_ros_setup/./config/freertos/nucleo_f767zi/flash.sh
[1.572s] -- Up-to-date: /home/osawakousei/ros2_ws/install/micro_ros_setup/./config/freertos/nucleo_f767zi/client_uros_packages.repos
[1.572s] -- Up-to-date: /home/osawakousei/ros2_ws/install/micro_ros_setup/./config/freertos/nucleo_f767zi/build.sh
[1.572s] -- Up-to-date: /home/osawakousei/ros2_ws/install/micro_ros_setup/./config/freertos/nucleo_f446ze
[1.573s] -- Up-to-date: /home/osawakousei/ros2_ws/install/micro_ros_setup/./config/freertos/nucleo_f446ze/configure.sh
[1.573s] -- Up-to-date: /home/osawakousei/ros2_ws/install/micro_ros_setup/./config/freertos/nucleo_f446ze/client-colcon.meta
[1.574s] -- Up-to-date: /home/osawakousei/ros2_ws/install/micro_ros_setup/./config/freertos/nucleo_f446ze/package.xml
[1.574s] -- Up-to-date: /home/osawakousei/ros2_ws/install/micro_ros_setup/./config/freertos/nucleo_f446ze/create.sh
[1.574s] -- Up-to-date: /home/osawakousei/ros2_ws/install/micro_ros_setup/./config/freertos/nucleo_f446ze/board.repos
[1.575s] -- Up-to-date: /home/osawakousei/ros2_ws/install/micro_ros_setup/./config/freertos/nucleo_f446ze/flash.sh
[1.575s] -- Up-to-date: /home/osawakousei/ros2_ws/install/micro_ros_setup/./config/freertos/nucleo_f446ze/client_uros_packages.repos
[1.576s] -- Up-to-date: /home/osawakousei/ros2_ws/install/micro_ros_setup/./config/freertos/nucleo_f446ze/build.sh
[1.576s] -- Up-to-date: /home/osawakousei/ros2_ws/install/micro_ros_setup/./config/freertos/dev_ros2_packages.txt
[1.577s] -- Up-to-date: /home/osawakousei/ros2_ws/install/micro_ros_setup/./config/freertos/nucleo_f446re
[1.577s] -- Up-to-date: /home/osawakousei/ros2_ws/install/micro_ros_setup/./config/freertos/nucleo_f446re/configure.sh
[1.577s] -- Up-to-date: /home/osawakousei/ros2_ws/install/micro_ros_setup/./config/freertos/nucleo_f446re/client-colcon.meta
[1.578s] -- Up-to-date: /home/osawakousei/ros2_ws/install/micro_ros_setup/./config/freertos/nucleo_f446re/package.xml
[1.578s] -- Up-to-date: /home/osawakousei/ros2_ws/install/micro_ros_setup/./config/freertos/nucleo_f446re/create.sh
[1.578s] -- Up-to-date: /home/osawakousei/ros2_ws/install/micro_ros_setup/./config/freertos/nucleo_f446re/board.repos
[1.578s] -- Up-to-date: /home/osawakousei/ros2_ws/install/micro_ros_setup/./config/freertos/nucleo_f446re/flash.sh
[1.579s] -- Up-to-date: /home/osawakousei/ros2_ws/install/micro_ros_setup/./config/freertos/nucleo_f446re/client_uros_packages.repos
[1.579s] -- Up-to-date: /home/osawakousei/ros2_ws/install/micro_ros_setup/./config/freertos/nucleo_f446re/build.sh
[1.579s] -- Up-to-date: /home/osawakousei/ros2_ws/install/micro_ros_setup/./config/android
[1.609s] -- Up-to-date: /home/osawakousei/ros2_ws/install/micro_ros_setup/./config/android/generic
[1.610s] -- Up-to-date: /home/osawakousei/ros2_ws/install/micro_ros_setup/./config/android/generic/client-colcon.meta
[1.616s] -- Up-to-date: /home/osawakousei/ros2_ws/install/micro_ros_setup/./config/android/generic/package.xml
[1.617s] -- Up-to-date: /home/osawakousei/ros2_ws/install/micro_ros_setup/./config/android/generic/create.sh
[1.618s] -- Up-to-date: /home/osawakousei/ros2_ws/install/micro_ros_setup/./config/android/generic/flash.sh
[1.619s] -- Up-to-date: /home/osawakousei/ros2_ws/install/micro_ros_setup/./config/android/generic/client_uros_packages.repos
[1.619s] -- Up-to-date: /home/osawakousei/ros2_ws/install/micro_ros_setup/./config/android/generic/build.sh
[1.620s] -- Up-to-date: /home/osawakousei/ros2_ws/install/micro_ros_setup/./config/android/dev_uros_packages.repos
[1.621s] -- Up-to-date: /home/osawakousei/ros2_ws/install/micro_ros_setup/./config/android/dev_ros2_packages.txt
[1.621s] -- Up-to-date: /home/osawakousei/ros2_ws/install/micro_ros_setup/./config/utils.sh
[1.622s] -- Up-to-date: /home/osawakousei/ros2_ws/install/micro_ros_setup/./config/agent_uros_packages.repos
[1.622s] -- Up-to-date: /home/osawakousei/ros2_ws/install/micro_ros_setup/./config/raspbian
[1.623s] -- Up-to-date: /home/osawakousei/ros2_ws/install/micro_ros_setup/./config/raspbian/generic
[1.626s] -- Up-to-date: /home/osawakousei/ros2_ws/install/micro_ros_setup/./config/raspbian/generic/configure.sh
[1.627s] -- Up-to-date: /home/osawakousei/ros2_ws/install/micro_ros_setup/./config/raspbian/generic/client-colcon.meta
[1.634s] -- Up-to-date: /home/osawakousei/ros2_ws/install/micro_ros_setup/./config/raspbian/generic/create.sh
[1.636s] -- Up-to-date: /home/osawakousei/ros2_ws/install/micro_ros_setup/./config/raspbian/generic/flash.sh
[1.636s] -- Up-to-date: /home/osawakousei/ros2_ws/install/micro_ros_setup/./config/raspbian/generic/supported_platforms
[1.636s] -- Up-to-date: /home/osawakousei/ros2_ws/install/micro_ros_setup/./config/raspbian/generic/client_uros_packages.repos
[1.637s] -- Up-to-date: /home/osawakousei/ros2_ws/install/micro_ros_setup/./config/raspbian/generic/build.sh
[1.637s] -- Up-to-date: /home/osawakousei/ros2_ws/install/micro_ros_setup/./config/raspbian/dev_uros_packages.repos
[1.638s] -- Up-to-date: /home/osawakousei/ros2_ws/install/micro_ros_setup/./config/raspbian/dev_ros2_packages.txt
[1.638s] -- Up-to-date: /home/osawakousei/ros2_ws/install/micro_ros_setup/./config/zephyr
[1.638s] -- Up-to-date: /home/osawakousei/ros2_ws/install/micro_ros_setup/./config/zephyr/list_apps.sh
[1.639s] -- Up-to-date: /home/osawakousei/ros2_ws/install/micro_ros_setup/./config/zephyr/generic
[1.639s] -- Up-to-date: /home/osawakousei/ros2_ws/install/micro_ros_setup/./config/zephyr/generic/configure.sh
[1.639s] -- Up-to-date: /home/osawakousei/ros2_ws/install/micro_ros_setup/./config/zephyr/generic/client-colcon.meta
[1.640s] -- Up-to-date: /home/osawakousei/ros2_ws/install/micro_ros_setup/./config/zephyr/generic/package.xml
[1.640s] -- Up-to-date: /home/osawakousei/ros2_ws/install/micro_ros_setup/./config/zephyr/generic/create.sh
[1.640s] -- Up-to-date: /home/osawakousei/ros2_ws/install/micro_ros_setup/./config/zephyr/generic/board.repos
[1.648s] -- Up-to-date: /home/osawakousei/ros2_ws/install/micro_ros_setup/./config/zephyr/generic/flash.sh
[1.648s] -- Up-to-date: /home/osawakousei/ros2_ws/install/micro_ros_setup/./config/zephyr/generic/supported_platforms
[1.649s] -- Up-to-date: /home/osawakousei/ros2_ws/install/micro_ros_setup/./config/zephyr/generic/client_uros_packages.repos
[1.649s] -- Up-to-date: /home/osawakousei/ros2_ws/install/micro_ros_setup/./config/zephyr/generic/build.sh
[1.649s] -- Up-to-date: /home/osawakousei/ros2_ws/install/micro_ros_setup/./config/zephyr/dev_uros_packages.repos
[1.650s] -- Up-to-date: /home/osawakousei/ros2_ws/install/micro_ros_setup/./config/zephyr/dev_ros2_packages.txt
[1.650s] -- Up-to-date: /home/osawakousei/ros2_ws/install/micro_ros_setup/./config/mbed
[1.650s] -- Up-to-date: /home/osawakousei/ros2_ws/install/micro_ros_setup/./config/mbed/list_apps.sh
[1.650s] -- Up-to-date: /home/osawakousei/ros2_ws/install/micro_ros_setup/./config/mbed/generic
[1.651s] -- Up-to-date: /home/osawakousei/ros2_ws/install/micro_ros_setup/./config/mbed/generic/package.xml
[1.651s] -- Up-to-date: /home/osawakousei/ros2_ws/install/micro_ros_setup/./config/mbed/generic/create.sh
[1.651s] -- Up-to-date: /home/osawakousei/ros2_ws/install/micro_ros_setup/./config/mbed/generic/board.repos
[1.652s] -- Up-to-date: /home/osawakousei/ros2_ws/install/micro_ros_setup/./config/mbed/generic/flash.sh
[1.652s] -- Up-to-date: /home/osawakousei/ros2_ws/install/micro_ros_setup/./config/mbed/generic/supported_platforms
[1.652s] -- Up-to-date: /home/osawakousei/ros2_ws/install/micro_ros_setup/./config/mbed/generic/client_uros_packages.repos
[1.653s] -- Up-to-date: /home/osawakousei/ros2_ws/install/micro_ros_setup/./config/mbed/generic/build.sh
[1.653s] -- Up-to-date: /home/osawakousei/ros2_ws/install/micro_ros_setup/./config/mbed/dev_uros_packages.repos
[1.653s] -- Up-to-date: /home/osawakousei/ros2_ws/install/micro_ros_setup/./config/mbed/dev_ros2_packages.txt
[1.653s] -- Up-to-date: /home/osawakousei/ros2_ws/install/micro_ros_setup/./config/renesas_ra
[1.654s] -- Up-to-date: /home/osawakousei/ros2_ws/install/micro_ros_setup/./config/renesas_ra/list_apps.sh
[1.654s] -- Up-to-date: /home/osawakousei/ros2_ws/install/micro_ros_setup/./config/renesas_ra/dev_uros_packages.repos
[1.654s] -- Up-to-date: /home/osawakousei/ros2_ws/install/micro_ros_setup/./config/renesas_ra/dev_ros2_packages.txt
[1.655s] -- Up-to-date: /home/osawakousei/ros2_ws/install/micro_ros_setup/./config/renesas_ra/ra6m5
[1.655s] -- Up-to-date: /home/osawakousei/ros2_ws/install/micro_ros_setup/./config/renesas_ra/ra6m5/configure.sh
[1.655s] -- Up-to-date: /home/osawakousei/ros2_ws/install/micro_ros_setup/./config/renesas_ra/ra6m5/client-colcon.meta
[1.677s] -- Up-to-date: /home/osawakousei/ros2_ws/install/micro_ros_setup/./config/renesas_ra/ra6m5/create.sh
[1.678s] -- Up-to-date: /home/osawakousei/ros2_ws/install/micro_ros_setup/./config/renesas_ra/ra6m5/board.repos
[1.678s] -- Up-to-date: /home/osawakousei/ros2_ws/install/micro_ros_setup/./config/renesas_ra/ra6m5/flash.sh
[1.678s] -- Up-to-date: /home/osawakousei/ros2_ws/install/micro_ros_setup/./config/renesas_ra/ra6m5/client_uros_packages.repos
[1.679s] -- Up-to-date: /home/osawakousei/ros2_ws/install/micro_ros_setup/./config/renesas_ra/ra6m5/build.sh
[1.679s] -- Up-to-date: /home/osawakousei/ros2_ws/install/micro_ros_setup/./config/agent_ros2_packages.txt
[1.679s] -- Up-to-date: /home/osawakousei/ros2_ws/install/micro_ros_setup/./config/client_uros_packages.repos
[1.679s] -- Up-to-date: /home/osawakousei/ros2_ws/install/micro_ros_setup/./config/client_ros2_packages.txt
[1.680s] -- Up-to-date: /home/osawakousei/ros2_ws/install/micro_ros_setup/./config/generate_lib
[1.706s] -- Up-to-date: /home/osawakousei/ros2_ws/install/micro_ros_setup/./config/generate_lib/generic
[1.706s] -- Up-to-date: /home/osawakousei/ros2_ws/install/micro_ros_setup/./config/generate_lib/generic/client-colcon.meta
[1.707s] -- Up-to-date: /home/osawakousei/ros2_ws/install/micro_ros_setup/./config/generate_lib/generic/package.xml
[1.707s] -- Up-to-date: /home/osawakousei/ros2_ws/install/micro_ros_setup/./config/generate_lib/generic/create.sh
[1.707s] -- Up-to-date: /home/osawakousei/ros2_ws/install/micro_ros_setup/./config/generate_lib/generic/demo_toolchain.cmake
[1.707s] -- Up-to-date: /home/osawakousei/ros2_ws/install/micro_ros_setup/./config/generate_lib/generic/flash.sh
[1.708s] -- Up-to-date: /home/osawakousei/ros2_ws/install/micro_ros_setup/./config/generate_lib/generic/client_uros_packages.repos
[1.708s] -- Up-to-date: /home/osawakousei/ros2_ws/install/micro_ros_setup/./config/generate_lib/generic/build.sh
[1.708s] -- Up-to-date: /home/osawakousei/ros2_ws/install/micro_ros_setup/./config/generate_lib/dev_uros_packages.repos
[1.708s] -- Up-to-date: /home/osawakousei/ros2_ws/install/micro_ros_setup/./config/generate_lib/dev_ros2_packages.txt
[1.708s] -- Up-to-date: /home/osawakousei/ros2_ws/install/micro_ros_setup/lib/micro_ros_setup/create_ws.sh
[1.709s] -- Up-to-date: /home/osawakousei/ros2_ws/install/micro_ros_setup/lib/micro_ros_setup/create_agent_ws.sh
[1.709s] -- Up-to-date: /home/osawakousei/ros2_ws/install/micro_ros_setup/lib/micro_ros_setup/create_firmware_ws.sh
[1.709s] -- Up-to-date: /home/osawakousei/ros2_ws/install/micro_ros_setup/lib/micro_ros_setup/configure_firmware.sh
[1.709s] -- Up-to-date: /home/osawakousei/ros2_ws/install/micro_ros_setup/lib/micro_ros_setup/flash_firmware.sh
[1.710s] -- Up-to-date: /home/osawakousei/ros2_ws/install/micro_ros_setup/lib/micro_ros_setup/build_firmware.sh
[1.710s] -- Up-to-date: /home/osawakousei/ros2_ws/install/micro_ros_setup/lib/micro_ros_setup/build_agent.sh
[1.710s] -- Up-to-date: /home/osawakousei/ros2_ws/install/micro_ros_setup/lib/micro_ros_setup/yaml_filter.py
[1.710s] -- Up-to-date: /home/osawakousei/ros2_ws/install/micro_ros_setup/lib/micro_ros_setup/clean_env.sh
[1.711s] -- Up-to-date: /home/osawakousei/ros2_ws/install/micro_ros_setup/lib/micro_ros_setup/component
[1.711s] Invoked command in '/home/osawakousei/ros2_ws/build/micro_ros_setup' returned '0': CMAKE_PREFIX_PATH=${CMAKE_PREFIX_PATH}:/opt/ros/humble /usr/bin/cmake --install /home/osawakousei/ros2_ws/build/micro_ros_setup
