[0.065s] Invoking command in '/home/kousei/ros2_ws/build/cpp_server_client': CMAKE_PREFIX_PATH=/opt/ros/humble /usr/bin/cmake /home/kousei/ros2_ws/src/cpp_server_client -DCMAKE_INSTALL_PREFIX=/home/kousei/ros2_ws/install/cpp_server_client
[0.115s] -- The C compiler identification is GNU 11.4.0
[0.149s] -- The CXX compiler identification is GNU 11.4.0
[0.154s] -- Detecting C compiler ABI info
[0.197s] -- Detecting C compiler ABI info - done
[0.203s] -- Check for working C compiler: /usr/bin/cc - skipped
[0.204s] -- Detecting C compile features
[0.204s] -- Detecting C compile features - done
[0.206s] -- Detecting CXX compiler ABI info
[0.254s] -- Detecting CXX compiler ABI info - done
[0.261s] -- Check for working CXX compiler: /usr/bin/c++ - skipped
[0.262s] -- Detecting CXX compile features
[0.262s] -- Detecting CXX compile features - done
[0.263s] -- Found ament_cmake: 1.3.5 (/opt/ros/humble/share/ament_cmake/cmake)
[0.381s] -- Found Python3: /usr/bin/python3.10 (found version "3.10.12") found components: Interpreter 
[0.446s] -- Found rclcpp: 16.0.6 (/opt/ros/humble/share/rclcpp/cmake)
[0.470s] -- Found rosidl_generator_c: 3.1.5 (/opt/ros/humble/share/rosidl_generator_c/cmake)
[0.473s] -- Found rosidl_adapter: 3.1.5 (/opt/ros/humble/share/rosidl_adapter/cmake)
[0.478s] -- Found rosidl_generator_cpp: 3.1.5 (/opt/ros/humble/share/rosidl_generator_cpp/cmake)
[0.487s] -- Using all available rosidl_typesupport_c: rosidl_typesupport_fastrtps_c;rosidl_typesupport_introspection_c
[0.499s] -- Using all available rosidl_typesupport_cpp: rosidl_typesupport_fastrtps_cpp;rosidl_typesupport_introspection_cpp
[0.545s] -- Found rmw_implementation_cmake: 6.1.1 (/opt/ros/humble/share/rmw_implementation_cmake/cmake)
[0.547s] -- Found rmw_fastrtps_cpp: 6.2.4 (/opt/ros/humble/share/rmw_fastrtps_cpp/cmake)
[0.615s] -- Found OpenSSL: /usr/lib/x86_64-linux-gnu/libcrypto.so (found version "3.0.2")  
[0.632s] -- Found FastRTPS: /opt/ros/humble/include  
[0.663s] -- Using RMW implementation 'rmw_fastrtps_cpp' as default
[0.669s] -- Looking for pthread.h
[0.715s] -- Looking for pthread.h - found
[0.716s] -- Performing Test CMAKE_HAVE_LIBC_PTHREAD
[0.760s] -- Performing Test CMAKE_HAVE_LIBC_PTHREAD - Success
[0.761s] -- Found Threads: TRUE  
[0.867s] -- Found rosidl_default_generators: 1.2.0 (/opt/ros/humble/share/rosidl_default_generators/cmake)
[0.872s] -- Found ament_lint_auto: 0.12.8 (/opt/ros/humble/share/ament_lint_auto/cmake)
[1.053s] -- Found ament_cmake_ros: 0.10.0 (/opt/ros/humble/share/ament_cmake_ros/cmake)
[1.315s] -- Using all available rosidl_typesupport_c: rosidl_typesupport_fastrtps_c;rosidl_typesupport_introspection_c
[1.451s] -- Using all available rosidl_typesupport_cpp: rosidl_typesupport_fastrtps_cpp;rosidl_typesupport_introspection_cpp
[1.481s] -- Found PythonInterp: /usr/bin/python3 (found suitable version "3.10.12", minimum required is "3.6") 
[1.483s] -- Found python_cmake_module: 0.10.0 (/opt/ros/humble/share/python_cmake_module/cmake)
[1.517s] -- Found PythonLibs: /usr/lib/x86_64-linux-gnu/libpython3.10.so (found suitable version "3.10.12", minimum required is "3.5") 
[1.517s] -- Using PYTHON_EXECUTABLE: /usr/bin/python3
[1.517s] -- Using PYTHON_INCLUDE_DIRS: /usr/include/python3.10
[1.517s] -- Using PYTHON_LIBRARIES: /usr/lib/x86_64-linux-gnu/libpython3.10.so
[1.546s] -- Found PythonExtra: .so  
[1.660s] -- Added test 'cppcheck' to perform static code analysis on C / C++ code
[1.661s] -- Configured cppcheck include dirs: 
[1.661s] -- Configured cppcheck exclude dirs and/or files: 
[1.667s] -- Added test 'flake8' to check Python code syntax and style conventions
[1.679s] -- Added test 'lint_cmake' to check CMake code style
[1.686s] -- Added test 'pep257' to check Python code against some of the docstring style conventions in PEP 257
[1.732s] -- Added test 'uncrustify' to check C / C++ code style
[1.732s] -- Configured uncrustify additional arguments: 
[1.738s] -- Added test 'xmllint' to check XML markup files
[1.743s] -- Configuring done
[1.791s] -- Generating done
[1.796s] -- Build files have been written to: /home/kousei/ros2_ws/build/cpp_server_client
[1.815s] Invoked command in '/home/kousei/ros2_ws/build/cpp_server_client' returned '0': CMAKE_PREFIX_PATH=/opt/ros/humble /usr/bin/cmake /home/kousei/ros2_ws/src/cpp_server_client -DCMAKE_INSTALL_PREFIX=/home/kousei/ros2_ws/install/cpp_server_client
[1.816s] Invoking command in '/home/kousei/ros2_ws/build/cpp_server_client': CMAKE_PREFIX_PATH=/opt/ros/humble /usr/bin/cmake --build /home/kousei/ros2_ws/build/cpp_server_client -- -j16 -l16
[1.876s] [  2%] [34m[1mGenerating C code for ROS interfaces[0m
[1.882s] [  5%] [34m[1mGenerating C++ code for ROS interfaces[0m
[1.898s] [  5%] Built target ament_cmake_python_copy_cpp_server_client
[2.237s] running egg_info
[2.238s] creating cpp_server_client.egg-info
[2.238s] writing cpp_server_client.egg-info/PKG-INFO
[2.238s] writing dependency_links to cpp_server_client.egg-info/dependency_links.txt
[2.238s] writing top-level names to cpp_server_client.egg-info/top_level.txt
[2.238s] writing manifest file 'cpp_server_client.egg-info/SOURCES.txt'
[2.239s] [  5%] Built target cpp_server_client__cpp
[2.241s] reading manifest file 'cpp_server_client.egg-info/SOURCES.txt'
[2.242s] writing manifest file 'cpp_server_client.egg-info/SOURCES.txt'
[2.248s] [  8%] [34m[1mGenerating C++ type support dispatch for ROS interfaces[0m
[2.249s] [ 11%] [34m[1mGenerating C++ introspection for ROS interfaces[0m
[2.250s] [ 14%] [34m[1mGenerating C++ type support for eProsima Fast-RTPS[0m
[2.284s] [ 14%] Built target ament_cmake_python_build_cpp_server_client_egg
[2.310s] [ 17%] [32mBuilding C object CMakeFiles/cpp_server_client__rosidl_generator_c.dir/rosidl_generator_c/cpp_server_client/srv/detail/practice_srv__functions.c.o[0m
[2.387s] [ 20%] [32m[1mLinking C shared library libcpp_server_client__rosidl_generator_c.so[0m
[2.431s] [ 20%] Built target cpp_server_client__rosidl_generator_c
[2.442s] [ 22%] [34m[1mGenerating C introspection for ROS interfaces[0m
[2.442s] [ 28%] [34m[1mGenerating C type support for eProsima Fast-RTPS[0m
[2.442s] [ 28%] [34m[1mGenerating C type support dispatch for ROS interfaces[0m
[2.522s] [ 31%] [32mBuilding CXX object CMakeFiles/cpp_server_client__rosidl_typesupport_introspection_cpp.dir/rosidl_typesupport_introspection_cpp/cpp_server_client/srv/detail/practice_srv__type_support.cpp.o[0m
[2.571s] [ 34%] [32mBuilding CXX object CMakeFiles/cpp_server_client__rosidl_typesupport_fastrtps_cpp.dir/rosidl_typesupport_fastrtps_cpp/cpp_server_client/srv/detail/dds_fastrtps/practice_srv__type_support.cpp.o[0m
[2.604s] [ 37%] [32mBuilding CXX object CMakeFiles/cpp_server_client__rosidl_typesupport_cpp.dir/rosidl_typesupport_cpp/cpp_server_client/srv/practice_srv__type_support.cpp.o[0m
[2.794s] [ 40%] [32mBuilding CXX object CMakeFiles/cpp_server_client__rosidl_typesupport_c.dir/rosidl_typesupport_c/cpp_server_client/srv/practice_srv__type_support.cpp.o[0m
[2.830s] [ 42%] [32mBuilding C object CMakeFiles/cpp_server_client__rosidl_typesupport_introspection_c.dir/rosidl_typesupport_introspection_c/cpp_server_client/srv/detail/practice_srv__type_support.c.o[0m
[2.832s] [ 45%] [32m[1mLinking CXX shared library libcpp_server_client__rosidl_typesupport_c.so[0m
[2.844s] [ 48%] [32mBuilding CXX object CMakeFiles/cpp_server_client__rosidl_typesupport_fastrtps_c.dir/rosidl_typesupport_fastrtps_c/cpp_server_client/srv/detail/practice_srv__type_support_c.cpp.o[0m
[2.878s] [ 51%] [32m[1mLinking C shared library libcpp_server_client__rosidl_typesupport_introspection_c.so[0m
[2.880s] [ 51%] Built target cpp_server_client__rosidl_typesupport_c
[2.909s] [ 51%] Built target cpp_server_client__rosidl_typesupport_introspection_c
[2.912s] [ 54%] [32m[1mLinking CXX shared library libcpp_server_client__rosidl_typesupport_introspection_cpp.so[0m
[2.974s] [ 57%] [32m[1mLinking CXX shared library libcpp_server_client__rosidl_typesupport_cpp.so[0m
[2.986s] [ 57%] Built target cpp_server_client__rosidl_typesupport_introspection_cpp
[3.017s] [ 57%] Built target cpp_server_client__rosidl_typesupport_cpp
[3.032s] [ 60%] [32mBuilding CXX object CMakeFiles/practice_server_node.dir/src/server_node.cpp.o[0m
[3.039s] [ 62%] [32mBuilding CXX object CMakeFiles/practice_client_node.dir/src/client_node.cpp.o[0m
[3.190s] [ 65%] [32m[1mLinking CXX shared library libcpp_server_client__rosidl_typesupport_fastrtps_cpp.so[0m
[3.288s] [ 65%] Built target cpp_server_client__rosidl_typesupport_fastrtps_cpp
[3.312s] [ 68%] [32m[1mLinking CXX shared library libcpp_server_client__rosidl_typesupport_fastrtps_c.so[0m
[3.385s] [ 68%] Built target cpp_server_client__rosidl_typesupport_fastrtps_c
[3.398s] [ 68%] Built target cpp_server_client
[3.413s] [ 71%] [34m[1mGenerating Python code for ROS interfaces[0m
[3.702s] [ 71%] Built target cpp_server_client__py
[3.715s] [ 74%] [32mBuilding C object CMakeFiles/cpp_server_client__rosidl_generator_py.dir/rosidl_generator_py/cpp_server_client/srv/_practice_srv_s.c.o[0m
[3.792s] [ 77%] [32m[1mLinking C shared library rosidl_generator_py/cpp_server_client/libcpp_server_client__rosidl_generator_py.so[0m
[3.819s] [ 77%] Built target cpp_server_client__rosidl_generator_py
[3.833s] [ 80%] [32mBuilding C object CMakeFiles/cpp_server_client__rosidl_typesupport_fastrtps_c__pyext.dir/rosidl_generator_py/cpp_server_client/_cpp_server_client_s.ep.rosidl_typesupport_fastrtps_c.c.o[0m
[3.840s] [ 85%] [32mBuilding C object CMakeFiles/cpp_server_client__rosidl_typesupport_c__pyext.dir/rosidl_generator_py/cpp_server_client/_cpp_server_client_s.ep.rosidl_typesupport_c.c.o[0m
[3.840s] [ 85%] [32mBuilding C object CMakeFiles/cpp_server_client__rosidl_typesupport_introspection_c__pyext.dir/rosidl_generator_py/cpp_server_client/_cpp_server_client_s.ep.rosidl_typesupport_introspection_c.c.o[0m
[3.901s] [ 88%] [32m[1mLinking C shared library rosidl_generator_py/cpp_server_client/cpp_server_client_s__rosidl_typesupport_fastrtps_c.cpython-310-x86_64-linux-gnu.so[0m
[3.925s] [ 88%] Built target cpp_server_client__rosidl_typesupport_fastrtps_c__pyext
[3.941s] [ 91%] [32m[1mLinking C shared library rosidl_generator_py/cpp_server_client/cpp_server_client_s__rosidl_typesupport_introspection_c.cpython-310-x86_64-linux-gnu.so[0m
[3.946s] [ 94%] [32m[1mLinking C shared library rosidl_generator_py/cpp_server_client/cpp_server_client_s__rosidl_typesupport_c.cpython-310-x86_64-linux-gnu.so[0m
[3.964s] [ 94%] Built target cpp_server_client__rosidl_typesupport_introspection_c__pyext
[3.980s] [ 94%] Built target cpp_server_client__rosidl_typesupport_c__pyext
[5.523s] [ 97%] [32m[1mLinking CXX executable practice_client_node[0m
[5.661s] [100%] [32m[1mLinking CXX executable practice_server_node[0m
[5.669s] [100%] Built target practice_client_node
[5.748s] [100%] Built target practice_server_node
[5.756s] Invoked command in '/home/kousei/ros2_ws/build/cpp_server_client' returned '0': CMAKE_PREFIX_PATH=/opt/ros/humble /usr/bin/cmake --build /home/kousei/ros2_ws/build/cpp_server_client -- -j16 -l16
[5.789s] Invoking command in '/home/kousei/ros2_ws/build/cpp_server_client': CMAKE_PREFIX_PATH=/opt/ros/humble /usr/bin/cmake --install /home/kousei/ros2_ws/build/cpp_server_client
[5.794s] -- Install configuration: ""
[5.795s] -- Installing: /home/kousei/ros2_ws/install/cpp_server_client/share/ament_index/resource_index/rosidl_interfaces/cpp_server_client
[5.795s] -- Installing: /home/kousei/ros2_ws/install/cpp_server_client/include/cpp_server_client/cpp_server_client
[5.795s] -- Installing: /home/kousei/ros2_ws/install/cpp_server_client/include/cpp_server_client/cpp_server_client/srv
[5.795s] -- Installing: /home/kousei/ros2_ws/install/cpp_server_client/include/cpp_server_client/cpp_server_client/srv/detail
[5.795s] -- Installing: /home/kousei/ros2_ws/install/cpp_server_client/include/cpp_server_client/cpp_server_client/srv/detail/practice_srv__functions.h
[5.795s] -- Installing: /home/kousei/ros2_ws/install/cpp_server_client/include/cpp_server_client/cpp_server_client/srv/detail/practice_srv__type_support.h
[5.795s] -- Installing: /home/kousei/ros2_ws/install/cpp_server_client/include/cpp_server_client/cpp_server_client/srv/detail/practice_srv__struct.h
[5.795s] -- Installing: /home/kousei/ros2_ws/install/cpp_server_client/include/cpp_server_client/cpp_server_client/srv/detail/practice_srv__functions.c
[5.796s] -- Installing: /home/kousei/ros2_ws/install/cpp_server_client/include/cpp_server_client/cpp_server_client/srv/practice_srv.h
[5.796s] -- Installing: /home/kousei/ros2_ws/install/cpp_server_client/include/cpp_server_client/cpp_server_client/msg
[5.796s] -- Installing: /home/kousei/ros2_ws/install/cpp_server_client/include/cpp_server_client/cpp_server_client/msg/rosidl_generator_c__visibility_control.h
[5.796s] -- Installing: /home/kousei/ros2_ws/install/cpp_server_client/share/cpp_server_client/environment/library_path.sh
[5.796s] -- Installing: /home/kousei/ros2_ws/install/cpp_server_client/share/cpp_server_client/environment/library_path.dsv
[5.797s] -- Installing: /home/kousei/ros2_ws/install/cpp_server_client/lib/libcpp_server_client__rosidl_generator_c.so
[5.797s] -- Set runtime path of "/home/kousei/ros2_ws/install/cpp_server_client/lib/libcpp_server_client__rosidl_generator_c.so" to ""
[5.797s] -- Up-to-date: /home/kousei/ros2_ws/install/cpp_server_client/include/cpp_server_client/cpp_server_client
[5.797s] -- Up-to-date: /home/kousei/ros2_ws/install/cpp_server_client/include/cpp_server_client/cpp_server_client/srv
[5.797s] -- Up-to-date: /home/kousei/ros2_ws/install/cpp_server_client/include/cpp_server_client/cpp_server_client/srv/detail
[5.797s] -- Installing: /home/kousei/ros2_ws/install/cpp_server_client/include/cpp_server_client/cpp_server_client/srv/detail/practice_srv__rosidl_typesupport_fastrtps_c.h
[5.797s] -- Up-to-date: /home/kousei/ros2_ws/install/cpp_server_client/include/cpp_server_client/cpp_server_client/msg
[5.797s] -- Installing: /home/kousei/ros2_ws/install/cpp_server_client/include/cpp_server_client/cpp_server_client/msg/rosidl_typesupport_fastrtps_c__visibility_control.h
[5.797s] -- Installing: /home/kousei/ros2_ws/install/cpp_server_client/lib/libcpp_server_client__rosidl_typesupport_fastrtps_c.so
[5.797s] -- Set runtime path of "/home/kousei/ros2_ws/install/cpp_server_client/lib/libcpp_server_client__rosidl_typesupport_fastrtps_c.so" to ""
[5.797s] -- Up-to-date: /home/kousei/ros2_ws/install/cpp_server_client/include/cpp_server_client/cpp_server_client
[5.798s] -- Up-to-date: /home/kousei/ros2_ws/install/cpp_server_client/include/cpp_server_client/cpp_server_client/srv
[5.798s] -- Installing: /home/kousei/ros2_ws/install/cpp_server_client/include/cpp_server_client/cpp_server_client/srv/practice_srv.hpp
[5.798s] -- Up-to-date: /home/kousei/ros2_ws/install/cpp_server_client/include/cpp_server_client/cpp_server_client/srv/detail
[5.798s] -- Installing: /home/kousei/ros2_ws/install/cpp_server_client/include/cpp_server_client/cpp_server_client/srv/detail/practice_srv__builder.hpp
[5.798s] -- Installing: /home/kousei/ros2_ws/install/cpp_server_client/include/cpp_server_client/cpp_server_client/srv/detail/practice_srv__struct.hpp
[5.798s] -- Installing: /home/kousei/ros2_ws/install/cpp_server_client/include/cpp_server_client/cpp_server_client/srv/detail/practice_srv__traits.hpp
[5.798s] -- Up-to-date: /home/kousei/ros2_ws/install/cpp_server_client/include/cpp_server_client/cpp_server_client
[5.798s] -- Up-to-date: /home/kousei/ros2_ws/install/cpp_server_client/include/cpp_server_client/cpp_server_client/srv
[5.798s] -- Up-to-date: /home/kousei/ros2_ws/install/cpp_server_client/include/cpp_server_client/cpp_server_client/srv/detail
[5.798s] -- Installing: /home/kousei/ros2_ws/install/cpp_server_client/include/cpp_server_client/cpp_server_client/srv/detail/dds_fastrtps
[5.798s] -- Installing: /home/kousei/ros2_ws/install/cpp_server_client/include/cpp_server_client/cpp_server_client/srv/detail/practice_srv__rosidl_typesupport_fastrtps_cpp.hpp
[5.798s] -- Up-to-date: /home/kousei/ros2_ws/install/cpp_server_client/include/cpp_server_client/cpp_server_client/msg
[5.798s] -- Installing: /home/kousei/ros2_ws/install/cpp_server_client/include/cpp_server_client/cpp_server_client/msg/rosidl_typesupport_fastrtps_cpp__visibility_control.h
[5.799s] -- Installing: /home/kousei/ros2_ws/install/cpp_server_client/lib/libcpp_server_client__rosidl_typesupport_fastrtps_cpp.so
[5.799s] -- Set runtime path of "/home/kousei/ros2_ws/install/cpp_server_client/lib/libcpp_server_client__rosidl_typesupport_fastrtps_cpp.so" to ""
[5.799s] -- Up-to-date: /home/kousei/ros2_ws/install/cpp_server_client/include/cpp_server_client/cpp_server_client
[5.799s] -- Up-to-date: /home/kousei/ros2_ws/install/cpp_server_client/include/cpp_server_client/cpp_server_client/srv
[5.799s] -- Up-to-date: /home/kousei/ros2_ws/install/cpp_server_client/include/cpp_server_client/cpp_server_client/srv/detail
[5.799s] -- Installing: /home/kousei/ros2_ws/install/cpp_server_client/include/cpp_server_client/cpp_server_client/srv/detail/practice_srv__rosidl_typesupport_introspection_c.h
[5.799s] -- Installing: /home/kousei/ros2_ws/install/cpp_server_client/include/cpp_server_client/cpp_server_client/srv/detail/practice_srv__type_support.c
[5.799s] -- Up-to-date: /home/kousei/ros2_ws/install/cpp_server_client/include/cpp_server_client/cpp_server_client/msg
[5.799s] -- Installing: /home/kousei/ros2_ws/install/cpp_server_client/include/cpp_server_client/cpp_server_client/msg/rosidl_typesupport_introspection_c__visibility_control.h
[5.799s] -- Installing: /home/kousei/ros2_ws/install/cpp_server_client/lib/libcpp_server_client__rosidl_typesupport_introspection_c.so
[5.800s] -- Set runtime path of "/home/kousei/ros2_ws/install/cpp_server_client/lib/libcpp_server_client__rosidl_typesupport_introspection_c.so" to ""
[5.800s] -- Installing: /home/kousei/ros2_ws/install/cpp_server_client/lib/libcpp_server_client__rosidl_typesupport_c.so
[5.800s] -- Set runtime path of "/home/kousei/ros2_ws/install/cpp_server_client/lib/libcpp_server_client__rosidl_typesupport_c.so" to ""
[5.800s] -- Up-to-date: /home/kousei/ros2_ws/install/cpp_server_client/include/cpp_server_client/cpp_server_client
[5.800s] -- Up-to-date: /home/kousei/ros2_ws/install/cpp_server_client/include/cpp_server_client/cpp_server_client/srv
[5.801s] -- Up-to-date: /home/kousei/ros2_ws/install/cpp_server_client/include/cpp_server_client/cpp_server_client/srv/detail
[5.801s] -- Installing: /home/kousei/ros2_ws/install/cpp_server_client/include/cpp_server_client/cpp_server_client/srv/detail/practice_srv__type_support.cpp
[5.801s] -- Installing: /home/kousei/ros2_ws/install/cpp_server_client/include/cpp_server_client/cpp_server_client/srv/detail/practice_srv__rosidl_typesupport_introspection_cpp.hpp
[5.801s] -- Installing: /home/kousei/ros2_ws/install/cpp_server_client/lib/libcpp_server_client__rosidl_typesupport_introspection_cpp.so
[5.801s] -- Set runtime path of "/home/kousei/ros2_ws/install/cpp_server_client/lib/libcpp_server_client__rosidl_typesupport_introspection_cpp.so" to ""
[5.801s] -- Installing: /home/kousei/ros2_ws/install/cpp_server_client/lib/libcpp_server_client__rosidl_typesupport_cpp.so
[5.801s] -- Set runtime path of "/home/kousei/ros2_ws/install/cpp_server_client/lib/libcpp_server_client__rosidl_typesupport_cpp.so" to ""
[5.801s] -- Installing: /home/kousei/ros2_ws/install/cpp_server_client/share/cpp_server_client/environment/pythonpath.sh
[5.801s] -- Installing: /home/kousei/ros2_ws/install/cpp_server_client/share/cpp_server_client/environment/pythonpath.dsv
[5.801s] -- Installing: /home/kousei/ros2_ws/install/cpp_server_client/local/lib/python3.10/dist-packages/cpp_server_client-0.0.0-py3.10.egg-info
[5.801s] -- Installing: /home/kousei/ros2_ws/install/cpp_server_client/local/lib/python3.10/dist-packages/cpp_server_client-0.0.0-py3.10.egg-info/dependency_links.txt
[5.802s] -- Installing: /home/kousei/ros2_ws/install/cpp_server_client/local/lib/python3.10/dist-packages/cpp_server_client-0.0.0-py3.10.egg-info/SOURCES.txt
[5.802s] -- Installing: /home/kousei/ros2_ws/install/cpp_server_client/local/lib/python3.10/dist-packages/cpp_server_client-0.0.0-py3.10.egg-info/top_level.txt
[5.802s] -- Installing: /home/kousei/ros2_ws/install/cpp_server_client/local/lib/python3.10/dist-packages/cpp_server_client-0.0.0-py3.10.egg-info/PKG-INFO
[5.802s] -- Installing: /home/kousei/ros2_ws/install/cpp_server_client/local/lib/python3.10/dist-packages/cpp_server_client
[5.802s] -- Installing: /home/kousei/ros2_ws/install/cpp_server_client/local/lib/python3.10/dist-packages/cpp_server_client/__init__.py
[5.802s] -- Installing: /home/kousei/ros2_ws/install/cpp_server_client/local/lib/python3.10/dist-packages/cpp_server_client/cpp_server_client_s__rosidl_typesupport_c.cpython-310-x86_64-linux-gnu.so
[5.802s] -- Installing: /home/kousei/ros2_ws/install/cpp_server_client/local/lib/python3.10/dist-packages/cpp_server_client/srv
[5.802s] -- Installing: /home/kousei/ros2_ws/install/cpp_server_client/local/lib/python3.10/dist-packages/cpp_server_client/srv/__init__.py
[5.802s] -- Installing: /home/kousei/ros2_ws/install/cpp_server_client/local/lib/python3.10/dist-packages/cpp_server_client/srv/_practice_srv.py
[5.802s] -- Installing: /home/kousei/ros2_ws/install/cpp_server_client/local/lib/python3.10/dist-packages/cpp_server_client/srv/_practice_srv_s.c
[5.802s] -- Installing: /home/kousei/ros2_ws/install/cpp_server_client/local/lib/python3.10/dist-packages/cpp_server_client/cpp_server_client_s__rosidl_typesupport_fastrtps_c.cpython-310-x86_64-linux-gnu.so
[5.802s] -- Installing: /home/kousei/ros2_ws/install/cpp_server_client/local/lib/python3.10/dist-packages/cpp_server_client/_cpp_server_client_s.ep.rosidl_typesupport_c.c
[5.803s] -- Installing: /home/kousei/ros2_ws/install/cpp_server_client/local/lib/python3.10/dist-packages/cpp_server_client/_cpp_server_client_s.ep.rosidl_typesupport_fastrtps_c.c
[5.803s] -- Installing: /home/kousei/ros2_ws/install/cpp_server_client/local/lib/python3.10/dist-packages/cpp_server_client/libcpp_server_client__rosidl_generator_py.so
[5.803s] -- Installing: /home/kousei/ros2_ws/install/cpp_server_client/local/lib/python3.10/dist-packages/cpp_server_client/cpp_server_client_s__rosidl_typesupport_introspection_c.cpython-310-x86_64-linux-gnu.so
[5.803s] -- Installing: /home/kousei/ros2_ws/install/cpp_server_client/local/lib/python3.10/dist-packages/cpp_server_client/_cpp_server_client_s.ep.rosidl_typesupport_introspection_c.c
[5.822s] Listing '/home/kousei/ros2_ws/install/cpp_server_client/local/lib/python3.10/dist-packages/cpp_server_client'...
[5.822s] Compiling '/home/kousei/ros2_ws/install/cpp_server_client/local/lib/python3.10/dist-packages/cpp_server_client/__init__.py'...
[5.822s] Listing '/home/kousei/ros2_ws/install/cpp_server_client/local/lib/python3.10/dist-packages/cpp_server_client/srv'...
[5.822s] Compiling '/home/kousei/ros2_ws/install/cpp_server_client/local/lib/python3.10/dist-packages/cpp_server_client/srv/__init__.py'...
[5.823s] Compiling '/home/kousei/ros2_ws/install/cpp_server_client/local/lib/python3.10/dist-packages/cpp_server_client/srv/_practice_srv.py'...
[5.826s] -- Installing: /home/kousei/ros2_ws/install/cpp_server_client/local/lib/python3.10/dist-packages/cpp_server_client/cpp_server_client_s__rosidl_typesupport_fastrtps_c.cpython-310-x86_64-linux-gnu.so
[5.826s] -- Set runtime path of "/home/kousei/ros2_ws/install/cpp_server_client/local/lib/python3.10/dist-packages/cpp_server_client/cpp_server_client_s__rosidl_typesupport_fastrtps_c.cpython-310-x86_64-linux-gnu.so" to ""
[5.826s] -- Installing: /home/kousei/ros2_ws/install/cpp_server_client/local/lib/python3.10/dist-packages/cpp_server_client/cpp_server_client_s__rosidl_typesupport_introspection_c.cpython-310-x86_64-linux-gnu.so
[5.826s] -- Set runtime path of "/home/kousei/ros2_ws/install/cpp_server_client/local/lib/python3.10/dist-packages/cpp_server_client/cpp_server_client_s__rosidl_typesupport_introspection_c.cpython-310-x86_64-linux-gnu.so" to ""
[5.826s] -- Installing: /home/kousei/ros2_ws/install/cpp_server_client/local/lib/python3.10/dist-packages/cpp_server_client/cpp_server_client_s__rosidl_typesupport_c.cpython-310-x86_64-linux-gnu.so
[5.827s] -- Set runtime path of "/home/kousei/ros2_ws/install/cpp_server_client/local/lib/python3.10/dist-packages/cpp_server_client/cpp_server_client_s__rosidl_typesupport_c.cpython-310-x86_64-linux-gnu.so" to ""
[5.827s] -- Installing: /home/kousei/ros2_ws/install/cpp_server_client/lib/libcpp_server_client__rosidl_generator_py.so
[5.827s] -- Set runtime path of "/home/kousei/ros2_ws/install/cpp_server_client/lib/libcpp_server_client__rosidl_generator_py.so" to ""
[5.827s] -- Installing: /home/kousei/ros2_ws/install/cpp_server_client/share/cpp_server_client/srv/PracticeSrv.idl
[5.827s] -- Installing: /home/kousei/ros2_ws/install/cpp_server_client/share/cpp_server_client/srv/PracticeSrv.srv
[5.827s] -- Installing: /home/kousei/ros2_ws/install/cpp_server_client/share/cpp_server_client/srv/PracticeSrv_Request.msg
[5.827s] -- Installing: /home/kousei/ros2_ws/install/cpp_server_client/share/cpp_server_client/srv/PracticeSrv_Response.msg
[5.828s] -- Installing: /home/kousei/ros2_ws/install/cpp_server_client/lib/cpp_server_client/practice_server_node
[5.828s] -- Set runtime path of "/home/kousei/ros2_ws/install/cpp_server_client/lib/cpp_server_client/practice_server_node" to ""
[5.828s] -- Installing: /home/kousei/ros2_ws/install/cpp_server_client/lib/cpp_server_client/practice_client_node
[5.829s] -- Set runtime path of "/home/kousei/ros2_ws/install/cpp_server_client/lib/cpp_server_client/practice_client_node" to ""
[5.829s] -- Installing: /home/kousei/ros2_ws/install/cpp_server_client/share/ament_index/resource_index/package_run_dependencies/cpp_server_client
[5.829s] -- Installing: /home/kousei/ros2_ws/install/cpp_server_client/share/ament_index/resource_index/parent_prefix_path/cpp_server_client
[5.829s] -- Installing: /home/kousei/ros2_ws/install/cpp_server_client/share/cpp_server_client/environment/ament_prefix_path.sh
[5.829s] -- Installing: /home/kousei/ros2_ws/install/cpp_server_client/share/cpp_server_client/environment/ament_prefix_path.dsv
[5.830s] -- Installing: /home/kousei/ros2_ws/install/cpp_server_client/share/cpp_server_client/environment/path.sh
[5.830s] -- Installing: /home/kousei/ros2_ws/install/cpp_server_client/share/cpp_server_client/environment/path.dsv
[5.830s] -- Installing: /home/kousei/ros2_ws/install/cpp_server_client/share/cpp_server_client/local_setup.bash
[5.830s] -- Installing: /home/kousei/ros2_ws/install/cpp_server_client/share/cpp_server_client/local_setup.sh
[5.830s] -- Installing: /home/kousei/ros2_ws/install/cpp_server_client/share/cpp_server_client/local_setup.zsh
[5.830s] -- Installing: /home/kousei/ros2_ws/install/cpp_server_client/share/cpp_server_client/local_setup.dsv
[5.830s] -- Installing: /home/kousei/ros2_ws/install/cpp_server_client/share/cpp_server_client/package.dsv
[5.830s] -- Installing: /home/kousei/ros2_ws/install/cpp_server_client/share/ament_index/resource_index/packages/cpp_server_client
[5.831s] -- Installing: /home/kousei/ros2_ws/install/cpp_server_client/share/cpp_server_client/cmake/export_cpp_server_client__rosidl_generator_cExport.cmake
[5.831s] -- Installing: /home/kousei/ros2_ws/install/cpp_server_client/share/cpp_server_client/cmake/export_cpp_server_client__rosidl_generator_cExport-noconfig.cmake
[5.831s] -- Installing: /home/kousei/ros2_ws/install/cpp_server_client/share/cpp_server_client/cmake/export_cpp_server_client__rosidl_typesupport_fastrtps_cExport.cmake
[5.831s] -- Installing: /home/kousei/ros2_ws/install/cpp_server_client/share/cpp_server_client/cmake/export_cpp_server_client__rosidl_typesupport_fastrtps_cExport-noconfig.cmake
[5.831s] -- Installing: /home/kousei/ros2_ws/install/cpp_server_client/share/cpp_server_client/cmake/export_cpp_server_client__rosidl_generator_cppExport.cmake
[5.831s] -- Installing: /home/kousei/ros2_ws/install/cpp_server_client/share/cpp_server_client/cmake/export_cpp_server_client__rosidl_typesupport_fastrtps_cppExport.cmake
[5.831s] -- Installing: /home/kousei/ros2_ws/install/cpp_server_client/share/cpp_server_client/cmake/export_cpp_server_client__rosidl_typesupport_fastrtps_cppExport-noconfig.cmake
[5.832s] -- Installing: /home/kousei/ros2_ws/install/cpp_server_client/share/cpp_server_client/cmake/cpp_server_client__rosidl_typesupport_introspection_cExport.cmake
[5.832s] -- Installing: /home/kousei/ros2_ws/install/cpp_server_client/share/cpp_server_client/cmake/cpp_server_client__rosidl_typesupport_introspection_cExport-noconfig.cmake
[5.832s] -- Installing: /home/kousei/ros2_ws/install/cpp_server_client/share/cpp_server_client/cmake/cpp_server_client__rosidl_typesupport_cExport.cmake
[5.832s] -- Installing: /home/kousei/ros2_ws/install/cpp_server_client/share/cpp_server_client/cmake/cpp_server_client__rosidl_typesupport_cExport-noconfig.cmake
[5.832s] -- Installing: /home/kousei/ros2_ws/install/cpp_server_client/share/cpp_server_client/cmake/cpp_server_client__rosidl_typesupport_introspection_cppExport.cmake
[5.832s] -- Installing: /home/kousei/ros2_ws/install/cpp_server_client/share/cpp_server_client/cmake/cpp_server_client__rosidl_typesupport_introspection_cppExport-noconfig.cmake
[5.832s] -- Installing: /home/kousei/ros2_ws/install/cpp_server_client/share/cpp_server_client/cmake/cpp_server_client__rosidl_typesupport_cppExport.cmake
[5.832s] -- Installing: /home/kousei/ros2_ws/install/cpp_server_client/share/cpp_server_client/cmake/cpp_server_client__rosidl_typesupport_cppExport-noconfig.cmake
[5.833s] -- Installing: /home/kousei/ros2_ws/install/cpp_server_client/share/cpp_server_client/cmake/export_cpp_server_client__rosidl_generator_pyExport.cmake
[5.833s] -- Installing: /home/kousei/ros2_ws/install/cpp_server_client/share/cpp_server_client/cmake/export_cpp_server_client__rosidl_generator_pyExport-noconfig.cmake
[5.833s] -- Installing: /home/kousei/ros2_ws/install/cpp_server_client/share/cpp_server_client/cmake/rosidl_cmake-extras.cmake
[5.833s] -- Installing: /home/kousei/ros2_ws/install/cpp_server_client/share/cpp_server_client/cmake/ament_cmake_export_include_directories-extras.cmake
[5.833s] -- Installing: /home/kousei/ros2_ws/install/cpp_server_client/share/cpp_server_client/cmake/ament_cmake_export_libraries-extras.cmake
[5.833s] -- Installing: /home/kousei/ros2_ws/install/cpp_server_client/share/cpp_server_client/cmake/ament_cmake_export_targets-extras.cmake
[5.833s] -- Installing: /home/kousei/ros2_ws/install/cpp_server_client/share/cpp_server_client/cmake/rosidl_cmake_export_typesupport_targets-extras.cmake
[5.833s] -- Installing: /home/kousei/ros2_ws/install/cpp_server_client/share/cpp_server_client/cmake/ament_cmake_export_dependencies-extras.cmake
[5.833s] -- Installing: /home/kousei/ros2_ws/install/cpp_server_client/share/cpp_server_client/cmake/rosidl_cmake_export_typesupport_libraries-extras.cmake
[5.834s] -- Installing: /home/kousei/ros2_ws/install/cpp_server_client/share/cpp_server_client/cmake/cpp_server_clientConfig.cmake
[5.834s] -- Installing: /home/kousei/ros2_ws/install/cpp_server_client/share/cpp_server_client/cmake/cpp_server_clientConfig-version.cmake
[5.834s] -- Installing: /home/kousei/ros2_ws/install/cpp_server_client/share/cpp_server_client/package.xml
[5.836s] Invoked command in '/home/kousei/ros2_ws/build/cpp_server_client' returned '0': CMAKE_PREFIX_PATH=/opt/ros/humble /usr/bin/cmake --install /home/kousei/ros2_ws/build/cpp_server_client
