[3.077s] Invoking command in '/home/osawakousei/ros2_ws/build/micro_ros_setup': CMAKE_PREFIX_PATH=${CMAKE_PREFIX_PATH}:/opt/ros/humble /usr/bin/cmake --build /home/osawakousei/ros2_ws/build/micro_ros_setup -- -j12 -l12
[4.279s] Invoked command in '/home/osawakousei/ros2_ws/build/micro_ros_setup' returned '0': CMAKE_PREFIX_PATH=${CMAKE_PREFIX_PATH}:/opt/ros/humble /usr/bin/cmake --build /home/osawakousei/ros2_ws/build/micro_ros_setup -- -j12 -l12
[7.815s] Invoking command in '/home/osawakousei/ros2_ws/build/micro_ros_setup': CMAKE_PREFIX_PATH=${CMAKE_PREFIX_PATH}:/opt/ros/humble /usr/bin/cmake --install /home/osawakousei/ros2_ws/build/micro_ros_setup
[8.424s] -- Install configuration: ""
[8.424s] -- Up-to-date: /home/osawakousei/ros2_ws/install/micro_ros_setup/share/ament_index/resource_index/package_run_dependencies/micro_ros_setup
[8.425s] -- Up-to-date: /home/osawakousei/ros2_ws/install/micro_ros_setup/share/ament_index/resource_index/parent_prefix_path/micro_ros_setup
[8.448s] -- Up-to-date: /home/osawakousei/ros2_ws/install/micro_ros_setup/share/micro_ros_setup/environment/ament_prefix_path.sh
[8.449s] -- Up-to-date: /home/osawakousei/ros2_ws/install/micro_ros_setup/share/micro_ros_setup/environment/ament_prefix_path.dsv
[8.449s] -- Up-to-date: /home/osawakousei/ros2_ws/install/micro_ros_setup/share/micro_ros_setup/environment/path.sh
[8.450s] -- Up-to-date: /home/osawakousei/ros2_ws/install/micro_ros_setup/share/micro_ros_setup/environment/path.dsv
[8.486s] -- Up-to-date: /home/osawakousei/ros2_ws/install/micro_ros_setup/share/micro_ros_setup/local_setup.bash
[8.487s] -- Up-to-date: /home/osawakousei/ros2_ws/install/micro_ros_setup/share/micro_ros_setup/local_setup.sh
[8.487s] -- Up-to-date: /home/osawakousei/ros2_ws/install/micro_ros_setup/share/micro_ros_setup/local_setup.zsh
[8.488s] -- Up-to-date: /home/osawakousei/ros2_ws/install/micro_ros_setup/share/micro_ros_setup/local_setup.dsv
[8.489s] -- Installing: /home/osawakousei/ros2_ws/install/micro_ros_setup/share/micro_ros_setup/package.dsv
[8.489s] -- Up-to-date: /home/osawakousei/ros2_ws/install/micro_ros_setup/share/ament_index/resource_index/packages/micro_ros_setup
[8.490s] -- Up-to-date: /home/osawakousei/ros2_ws/install/micro_ros_setup/share/micro_ros_setup/cmake/micro_ros_setupConfig.cmake
[8.491s] -- Up-to-date: /home/osawakousei/ros2_ws/install/micro_ros_setup/share/micro_ros_setup/cmake/micro_ros_setupConfig-version.cmake
[8.491s] -- Up-to-date: /home/osawakousei/ros2_ws/install/micro_ros_setup/share/micro_ros_setup/package.xml
[8.492s] -- Up-to-date: /home/osawakousei/ros2_ws/install/micro_ros_setup/./config
[8.597s] -- Up-to-date: /home/osawakousei/ros2_ws/install/micro_ros_setup/./config/host
[8.618s] -- Up-to-date: /home/osawakousei/ros2_ws/install/micro_ros_setup/./config/host/generic
[8.661s] -- Up-to-date: /home/osawakousei/ros2_ws/install/micro_ros_setup/./config/host/generic/package.xml
[8.662s] -- Up-to-date: /home/osawakousei/ros2_ws/install/micro_ros_setup/./config/host/generic/create.sh
[8.662s] -- Up-to-date: /home/osawakousei/ros2_ws/install/micro_ros_setup/./config/host/generic/client_host_packages.repos
[8.663s] -- Up-to-date: /home/osawakousei/ros2_ws/install/micro_ros_setup/./config/host/generic/client-host-colcon.meta
[8.664s] -- Up-to-date: /home/osawakousei/ros2_ws/install/micro_ros_setup/./config/host/generic/flash.sh
[8.664s] -- Up-to-date: /home/osawakousei/ros2_ws/install/micro_ros_setup/./config/host/generic/build.sh
[8.665s] -- Up-to-date: /home/osawakousei/ros2_ws/install/micro_ros_setup/./config/host/dev_uros_packages.repos
[8.666s] -- Up-to-date: /home/osawakousei/ros2_ws/install/micro_ros_setup/./config/host/dev_ros2_packages.txt
[8.667s] -- Up-to-date: /home/osawakousei/ros2_ws/install/micro_ros_setup/./config/host/client_ros2_packages.txt
[8.667s] -- Up-to-date: /home/osawakousei/ros2_ws/install/micro_ros_setup/./config/freertos
[8.668s] -- Up-to-date: /home/osawakousei/ros2_ws/install/micro_ros_setup/./config/freertos/esp32
[8.728s] -- Up-to-date: /home/osawakousei/ros2_ws/install/micro_ros_setup/./config/freertos/esp32/configure.sh
[8.744s] -- Up-to-date: /home/osawakousei/ros2_ws/install/micro_ros_setup/./config/freertos/esp32/client-colcon.meta
[8.745s] -- Up-to-date: /home/osawakousei/ros2_ws/install/micro_ros_setup/./config/freertos/esp32/package.xml
[8.746s] -- Up-to-date: /home/osawakousei/ros2_ws/install/micro_ros_setup/./config/freertos/esp32/create.sh
[8.746s] -- Up-to-date: /home/osawakousei/ros2_ws/install/micro_ros_setup/./config/freertos/esp32/board.repos
[8.747s] -- Up-to-date: /home/osawakousei/ros2_ws/install/micro_ros_setup/./config/freertos/esp32/flash.sh
[8.748s] -- Up-to-date: /home/osawakousei/ros2_ws/install/micro_ros_setup/./config/freertos/esp32/README.md
[8.748s] -- Up-to-date: /home/osawakousei/ros2_ws/install/micro_ros_setup/./config/freertos/esp32/client_uros_packages.repos
[8.749s] -- Up-to-date: /home/osawakousei/ros2_ws/install/micro_ros_setup/./config/freertos/esp32/build.sh
[8.750s] -- Up-to-date: /home/osawakousei/ros2_ws/install/micro_ros_setup/./config/freertos/olimex-stm32-e407
[8.750s] -- Up-to-date: /home/osawakousei/ros2_ws/install/micro_ros_setup/./config/freertos/olimex-stm32-e407/configure.sh
[8.751s] -- Up-to-date: /home/osawakousei/ros2_ws/install/micro_ros_setup/./config/freertos/olimex-stm32-e407/client-colcon.meta
[8.753s] -- Up-to-date: /home/osawakousei/ros2_ws/install/micro_ros_setup/./config/freertos/olimex-stm32-e407/package.xml
[8.754s] -- Up-to-date: /home/osawakousei/ros2_ws/install/micro_ros_setup/./config/freertos/olimex-stm32-e407/create.sh
[8.755s] -- Up-to-date: /home/osawakousei/ros2_ws/install/micro_ros_setup/./config/freertos/olimex-stm32-e407/board.repos
[8.755s] -- Up-to-date: /home/osawakousei/ros2_ws/install/micro_ros_setup/./config/freertos/olimex-stm32-e407/flash.sh
[8.756s] -- Up-to-date: /home/osawakousei/ros2_ws/install/micro_ros_setup/./config/freertos/olimex-stm32-e407/client_uros_packages.repos
[8.757s] -- Up-to-date: /home/osawakousei/ros2_ws/install/micro_ros_setup/./config/freertos/olimex-stm32-e407/build.sh
[8.757s] -- Up-to-date: /home/osawakousei/ros2_ws/install/micro_ros_setup/./config/freertos/list_apps.sh
[8.758s] -- Up-to-date: /home/osawakousei/ros2_ws/install/micro_ros_setup/./config/freertos/dev_uros_packages.repos
[8.759s] -- Up-to-date: /home/osawakousei/ros2_ws/install/micro_ros_setup/./config/freertos/nucleo_f746zg
[8.759s] -- Up-to-date: /home/osawakousei/ros2_ws/install/micro_ros_setup/./config/freertos/nucleo_f746zg/configure.sh
[8.760s] -- Up-to-date: /home/osawakousei/ros2_ws/install/micro_ros_setup/./config/freertos/nucleo_f746zg/client-colcon.meta
[8.761s] -- Up-to-date: /home/osawakousei/ros2_ws/install/micro_ros_setup/./config/freertos/nucleo_f746zg/package.xml
[8.761s] -- Up-to-date: /home/osawakousei/ros2_ws/install/micro_ros_setup/./config/freertos/nucleo_f746zg/create.sh
[8.762s] -- Up-to-date: /home/osawakousei/ros2_ws/install/micro_ros_setup/./config/freertos/nucleo_f746zg/board.repos
[8.763s] -- Up-to-date: /home/osawakousei/ros2_ws/install/micro_ros_setup/./config/freertos/nucleo_f746zg/flash.sh
[8.763s] -- Up-to-date: /home/osawakousei/ros2_ws/install/micro_ros_setup/./config/freertos/nucleo_f746zg/client_uros_packages.repos
[8.764s] -- Up-to-date: /home/osawakousei/ros2_ws/install/micro_ros_setup/./config/freertos/nucleo_f746zg/build.sh
[8.765s] -- Up-to-date: /home/osawakousei/ros2_ws/install/micro_ros_setup/./config/freertos/crazyflie21
[8.765s] -- Up-to-date: /home/osawakousei/ros2_ws/install/micro_ros_setup/./config/freertos/crazyflie21/configure.sh
[8.766s] -- Up-to-date: /home/osawakousei/ros2_ws/install/micro_ros_setup/./config/freertos/crazyflie21/client-colcon.meta
[8.767s] -- Up-to-date: /home/osawakousei/ros2_ws/install/micro_ros_setup/./config/freertos/crazyflie21/package.xml
[8.767s] -- Up-to-date: /home/osawakousei/ros2_ws/install/micro_ros_setup/./config/freertos/crazyflie21/create.sh
[8.768s] -- Up-to-date: /home/osawakousei/ros2_ws/install/micro_ros_setup/./config/freertos/crazyflie21/board.repos
[8.769s] -- Up-to-date: /home/osawakousei/ros2_ws/install/micro_ros_setup/./config/freertos/crazyflie21/flash.sh
[8.770s] -- Up-to-date: /home/osawakousei/ros2_ws/install/micro_ros_setup/./config/freertos/crazyflie21/client_uros_packages.repos
[8.776s] -- Up-to-date: /home/osawakousei/ros2_ws/install/micro_ros_setup/./config/freertos/crazyflie21/build.sh
[8.779s] -- Up-to-date: /home/osawakousei/ros2_ws/install/micro_ros_setup/./config/freertos/nucleo_f767zi
[8.780s] -- Up-to-date: /home/osawakousei/ros2_ws/install/micro_ros_setup/./config/freertos/nucleo_f767zi/configure.sh
[8.781s] -- Up-to-date: /home/osawakousei/ros2_ws/install/micro_ros_setup/./config/freertos/nucleo_f767zi/client-colcon.meta
[8.782s] -- Up-to-date: /home/osawakousei/ros2_ws/install/micro_ros_setup/./config/freertos/nucleo_f767zi/package.xml
[8.784s] -- Up-to-date: /home/osawakousei/ros2_ws/install/micro_ros_setup/./config/freertos/nucleo_f767zi/create.sh
[8.786s] -- Up-to-date: /home/osawakousei/ros2_ws/install/micro_ros_setup/./config/freertos/nucleo_f767zi/board.repos
[8.787s] -- Up-to-date: /home/osawakousei/ros2_ws/install/micro_ros_setup/./config/freertos/nucleo_f767zi/flash.sh
[8.788s] -- Up-to-date: /home/osawakousei/ros2_ws/install/micro_ros_setup/./config/freertos/nucleo_f767zi/client_uros_packages.repos
[8.792s] -- Up-to-date: /home/osawakousei/ros2_ws/install/micro_ros_setup/./config/freertos/nucleo_f767zi/build.sh
[8.828s] -- Up-to-date: /home/osawakousei/ros2_ws/install/micro_ros_setup/./config/freertos/nucleo_f446ze
[8.831s] -- Up-to-date: /home/osawakousei/ros2_ws/install/micro_ros_setup/./config/freertos/nucleo_f446ze/configure.sh
[8.831s] -- Up-to-date: /home/osawakousei/ros2_ws/install/micro_ros_setup/./config/freertos/nucleo_f446ze/client-colcon.meta
[8.832s] -- Up-to-date: /home/osawakousei/ros2_ws/install/micro_ros_setup/./config/freertos/nucleo_f446ze/package.xml
[8.833s] -- Up-to-date: /home/osawakousei/ros2_ws/install/micro_ros_setup/./config/freertos/nucleo_f446ze/create.sh
[8.834s] -- Up-to-date: /home/osawakousei/ros2_ws/install/micro_ros_setup/./config/freertos/nucleo_f446ze/board.repos
[8.834s] -- Up-to-date: /home/osawakousei/ros2_ws/install/micro_ros_setup/./config/freertos/nucleo_f446ze/flash.sh
[8.838s] -- Up-to-date: /home/osawakousei/ros2_ws/install/micro_ros_setup/./config/freertos/nucleo_f446ze/client_uros_packages.repos
[8.843s] -- Up-to-date: /home/osawakousei/ros2_ws/install/micro_ros_setup/./config/freertos/nucleo_f446ze/build.sh
[8.843s] -- Up-to-date: /home/osawakousei/ros2_ws/install/micro_ros_setup/./config/freertos/dev_ros2_packages.txt
[8.844s] -- Up-to-date: /home/osawakousei/ros2_ws/install/micro_ros_setup/./config/freertos/nucleo_f446re
[8.845s] -- Up-to-date: /home/osawakousei/ros2_ws/install/micro_ros_setup/./config/freertos/nucleo_f446re/configure.sh
[8.870s] -- Up-to-date: /home/osawakousei/ros2_ws/install/micro_ros_setup/./config/freertos/nucleo_f446re/client-colcon.meta
[8.871s] -- Up-to-date: /home/osawakousei/ros2_ws/install/micro_ros_setup/./config/freertos/nucleo_f446re/package.xml
[8.872s] -- Up-to-date: /home/osawakousei/ros2_ws/install/micro_ros_setup/./config/freertos/nucleo_f446re/create.sh
[8.875s] -- Up-to-date: /home/osawakousei/ros2_ws/install/micro_ros_setup/./config/freertos/nucleo_f446re/board.repos
[8.876s] -- Up-to-date: /home/osawakousei/ros2_ws/install/micro_ros_setup/./config/freertos/nucleo_f446re/flash.sh
[8.876s] -- Up-to-date: /home/osawakousei/ros2_ws/install/micro_ros_setup/./config/freertos/nucleo_f446re/client_uros_packages.repos
[8.877s] -- Up-to-date: /home/osawakousei/ros2_ws/install/micro_ros_setup/./config/freertos/nucleo_f446re/build.sh
[8.878s] -- Up-to-date: /home/osawakousei/ros2_ws/install/micro_ros_setup/./config/android
[8.878s] -- Up-to-date: /home/osawakousei/ros2_ws/install/micro_ros_setup/./config/android/generic
[8.879s] -- Up-to-date: /home/osawakousei/ros2_ws/install/micro_ros_setup/./config/android/generic/client-colcon.meta
[8.880s] -- Up-to-date: /home/osawakousei/ros2_ws/install/micro_ros_setup/./config/android/generic/package.xml
[8.881s] -- Up-to-date: /home/osawakousei/ros2_ws/install/micro_ros_setup/./config/android/generic/create.sh
[8.881s] -- Up-to-date: /home/osawakousei/ros2_ws/install/micro_ros_setup/./config/android/generic/flash.sh
[8.882s] -- Up-to-date: /home/osawakousei/ros2_ws/install/micro_ros_setup/./config/android/generic/client_uros_packages.repos
[8.883s] -- Up-to-date: /home/osawakousei/ros2_ws/install/micro_ros_setup/./config/android/generic/build.sh
[8.889s] -- Up-to-date: /home/osawakousei/ros2_ws/install/micro_ros_setup/./config/android/dev_uros_packages.repos
[8.890s] -- Up-to-date: /home/osawakousei/ros2_ws/install/micro_ros_setup/./config/android/dev_ros2_packages.txt
[8.891s] -- Up-to-date: /home/osawakousei/ros2_ws/install/micro_ros_setup/./config/utils.sh
[8.891s] -- Up-to-date: /home/osawakousei/ros2_ws/install/micro_ros_setup/./config/agent_uros_packages.repos
[8.892s] -- Up-to-date: /home/osawakousei/ros2_ws/install/micro_ros_setup/./config/raspbian
[8.908s] -- Up-to-date: /home/osawakousei/ros2_ws/install/micro_ros_setup/./config/raspbian/generic
[8.909s] -- Up-to-date: /home/osawakousei/ros2_ws/install/micro_ros_setup/./config/raspbian/generic/configure.sh
[8.911s] -- Up-to-date: /home/osawakousei/ros2_ws/install/micro_ros_setup/./config/raspbian/generic/client-colcon.meta
[8.911s] -- Up-to-date: /home/osawakousei/ros2_ws/install/micro_ros_setup/./config/raspbian/generic/create.sh
[8.912s] -- Up-to-date: /home/osawakousei/ros2_ws/install/micro_ros_setup/./config/raspbian/generic/flash.sh
[8.913s] -- Up-to-date: /home/osawakousei/ros2_ws/install/micro_ros_setup/./config/raspbian/generic/supported_platforms
[8.913s] -- Up-to-date: /home/osawakousei/ros2_ws/install/micro_ros_setup/./config/raspbian/generic/client_uros_packages.repos
[8.930s] -- Up-to-date: /home/osawakousei/ros2_ws/install/micro_ros_setup/./config/raspbian/generic/build.sh
[8.931s] -- Up-to-date: /home/osawakousei/ros2_ws/install/micro_ros_setup/./config/raspbian/dev_uros_packages.repos
[8.932s] -- Up-to-date: /home/osawakousei/ros2_ws/install/micro_ros_setup/./config/raspbian/dev_ros2_packages.txt
[8.933s] -- Up-to-date: /home/osawakousei/ros2_ws/install/micro_ros_setup/./config/zephyr
[8.933s] -- Up-to-date: /home/osawakousei/ros2_ws/install/micro_ros_setup/./config/zephyr/list_apps.sh
[8.934s] -- Up-to-date: /home/osawakousei/ros2_ws/install/micro_ros_setup/./config/zephyr/generic
[9.000s] -- Up-to-date: /home/osawakousei/ros2_ws/install/micro_ros_setup/./config/zephyr/generic/configure.sh
[9.001s] -- Up-to-date: /home/osawakousei/ros2_ws/install/micro_ros_setup/./config/zephyr/generic/client-colcon.meta
[9.002s] -- Up-to-date: /home/osawakousei/ros2_ws/install/micro_ros_setup/./config/zephyr/generic/package.xml
[9.002s] -- Up-to-date: /home/osawakousei/ros2_ws/install/micro_ros_setup/./config/zephyr/generic/create.sh
[9.003s] -- Up-to-date: /home/osawakousei/ros2_ws/install/micro_ros_setup/./config/zephyr/generic/board.repos
[9.004s] -- Up-to-date: /home/osawakousei/ros2_ws/install/micro_ros_setup/./config/zephyr/generic/flash.sh
[9.004s] -- Up-to-date: /home/osawakousei/ros2_ws/install/micro_ros_setup/./config/zephyr/generic/supported_platforms
[9.005s] -- Up-to-date: /home/osawakousei/ros2_ws/install/micro_ros_setup/./config/zephyr/generic/client_uros_packages.repos
[9.006s] -- Up-to-date: /home/osawakousei/ros2_ws/install/micro_ros_setup/./config/zephyr/generic/build.sh
[9.006s] -- Up-to-date: /home/osawakousei/ros2_ws/install/micro_ros_setup/./config/zephyr/dev_uros_packages.repos
[9.007s] -- Up-to-date: /home/osawakousei/ros2_ws/install/micro_ros_setup/./config/zephyr/dev_ros2_packages.txt
[9.007s] -- Up-to-date: /home/osawakousei/ros2_ws/install/micro_ros_setup/./config/mbed
[9.008s] -- Up-to-date: /home/osawakousei/ros2_ws/install/micro_ros_setup/./config/mbed/list_apps.sh
[9.009s] -- Up-to-date: /home/osawakousei/ros2_ws/install/micro_ros_setup/./config/mbed/generic
[9.010s] -- Up-to-date: /home/osawakousei/ros2_ws/install/micro_ros_setup/./config/mbed/generic/package.xml
[9.010s] -- Up-to-date: /home/osawakousei/ros2_ws/install/micro_ros_setup/./config/mbed/generic/create.sh
[9.011s] -- Up-to-date: /home/osawakousei/ros2_ws/install/micro_ros_setup/./config/mbed/generic/board.repos
[9.012s] -- Up-to-date: /home/osawakousei/ros2_ws/install/micro_ros_setup/./config/mbed/generic/flash.sh
[9.012s] -- Up-to-date: /home/osawakousei/ros2_ws/install/micro_ros_setup/./config/mbed/generic/supported_platforms
[9.018s] -- Up-to-date: /home/osawakousei/ros2_ws/install/micro_ros_setup/./config/mbed/generic/client_uros_packages.repos
[9.019s] -- Up-to-date: /home/osawakousei/ros2_ws/install/micro_ros_setup/./config/mbed/generic/build.sh
[9.019s] -- Up-to-date: /home/osawakousei/ros2_ws/install/micro_ros_setup/./config/mbed/dev_uros_packages.repos
[9.020s] -- Up-to-date: /home/osawakousei/ros2_ws/install/micro_ros_setup/./config/mbed/dev_ros2_packages.txt
[9.073s] -- Up-to-date: /home/osawakousei/ros2_ws/install/micro_ros_setup/./config/renesas_ra
[9.074s] -- Up-to-date: /home/osawakousei/ros2_ws/install/micro_ros_setup/./config/renesas_ra/list_apps.sh
[9.075s] -- Up-to-date: /home/osawakousei/ros2_ws/install/micro_ros_setup/./config/renesas_ra/dev_uros_packages.repos
[9.079s] -- Up-to-date: /home/osawakousei/ros2_ws/install/micro_ros_setup/./config/renesas_ra/dev_ros2_packages.txt
[9.080s] -- Up-to-date: /home/osawakousei/ros2_ws/install/micro_ros_setup/./config/renesas_ra/ra6m5
[9.081s] -- Up-to-date: /home/osawakousei/ros2_ws/install/micro_ros_setup/./config/renesas_ra/ra6m5/configure.sh
[9.081s] -- Up-to-date: /home/osawakousei/ros2_ws/install/micro_ros_setup/./config/renesas_ra/ra6m5/client-colcon.meta
[9.082s] -- Up-to-date: /home/osawakousei/ros2_ws/install/micro_ros_setup/./config/renesas_ra/ra6m5/create.sh
[9.083s] -- Up-to-date: /home/osawakousei/ros2_ws/install/micro_ros_setup/./config/renesas_ra/ra6m5/board.repos
[9.083s] -- Up-to-date: /home/osawakousei/ros2_ws/install/micro_ros_setup/./config/renesas_ra/ra6m5/flash.sh
[9.084s] -- Up-to-date: /home/osawakousei/ros2_ws/install/micro_ros_setup/./config/renesas_ra/ra6m5/client_uros_packages.repos
[9.141s] -- Up-to-date: /home/osawakousei/ros2_ws/install/micro_ros_setup/./config/renesas_ra/ra6m5/build.sh
[9.142s] -- Up-to-date: /home/osawakousei/ros2_ws/install/micro_ros_setup/./config/agent_ros2_packages.txt
[9.143s] -- Up-to-date: /home/osawakousei/ros2_ws/install/micro_ros_setup/./config/client_uros_packages.repos
[9.143s] -- Up-to-date: /home/osawakousei/ros2_ws/install/micro_ros_setup/./config/client_ros2_packages.txt
[9.144s] -- Up-to-date: /home/osawakousei/ros2_ws/install/micro_ros_setup/./config/generate_lib
[9.145s] -- Up-to-date: /home/osawakousei/ros2_ws/install/micro_ros_setup/./config/generate_lib/generic
[9.146s] -- Up-to-date: /home/osawakousei/ros2_ws/install/micro_ros_setup/./config/generate_lib/generic/client-colcon.meta
[9.146s] -- Up-to-date: /home/osawakousei/ros2_ws/install/micro_ros_setup/./config/generate_lib/generic/package.xml
[9.147s] -- Up-to-date: /home/osawakousei/ros2_ws/install/micro_ros_setup/./config/generate_lib/generic/create.sh
[9.147s] -- Up-to-date: /home/osawakousei/ros2_ws/install/micro_ros_setup/./config/generate_lib/generic/demo_toolchain.cmake
[9.148s] -- Up-to-date: /home/osawakousei/ros2_ws/install/micro_ros_setup/./config/generate_lib/generic/flash.sh
[9.237s] -- Up-to-date: /home/osawakousei/ros2_ws/install/micro_ros_setup/./config/generate_lib/generic/client_uros_packages.repos
[9.239s] -- Up-to-date: /home/osawakousei/ros2_ws/install/micro_ros_setup/./config/generate_lib/generic/build.sh
[9.264s] -- Up-to-date: /home/osawakousei/ros2_ws/install/micro_ros_setup/./config/generate_lib/dev_uros_packages.repos
[9.265s] -- Up-to-date: /home/osawakousei/ros2_ws/install/micro_ros_setup/./config/generate_lib/dev_ros2_packages.txt
[9.266s] -- Up-to-date: /home/osawakousei/ros2_ws/install/micro_ros_setup/lib/micro_ros_setup/create_ws.sh
[9.266s] -- Up-to-date: /home/osawakousei/ros2_ws/install/micro_ros_setup/lib/micro_ros_setup/create_agent_ws.sh
[9.267s] -- Up-to-date: /home/osawakousei/ros2_ws/install/micro_ros_setup/lib/micro_ros_setup/create_firmware_ws.sh
[9.268s] -- Up-to-date: /home/osawakousei/ros2_ws/install/micro_ros_setup/lib/micro_ros_setup/configure_firmware.sh
[9.269s] -- Up-to-date: /home/osawakousei/ros2_ws/install/micro_ros_setup/lib/micro_ros_setup/flash_firmware.sh
[9.282s] -- Up-to-date: /home/osawakousei/ros2_ws/install/micro_ros_setup/lib/micro_ros_setup/build_firmware.sh
[9.282s] -- Up-to-date: /home/osawakousei/ros2_ws/install/micro_ros_setup/lib/micro_ros_setup/build_agent.sh
[9.283s] -- Up-to-date: /home/osawakousei/ros2_ws/install/micro_ros_setup/lib/micro_ros_setup/yaml_filter.py
[9.284s] -- Up-to-date: /home/osawakousei/ros2_ws/install/micro_ros_setup/lib/micro_ros_setup/clean_env.sh
[9.284s] -- Up-to-date: /home/osawakousei/ros2_ws/install/micro_ros_setup/lib/micro_ros_setup/component
[10.281s] Invoked command in '/home/osawakousei/ros2_ws/build/micro_ros_setup' returned '0': CMAKE_PREFIX_PATH=${CMAKE_PREFIX_PATH}:/opt/ros/humble /usr/bin/cmake --install /home/osawakousei/ros2_ws/build/micro_ros_setup
