[0.055s] Invoking command in '/home/osawakousei/ros2_ws/src/cpp_topic_pubsub/build/cpp_topic_pubsub': CMAKE_PREFIX_PATH=${CMAKE_PREFIX_PATH}:/opt/ros/humble /usr/bin/cmake --build /home/osawakousei/ros2_ws/src/cpp_topic_pubsub/build/cpp_topic_pubsub -- -j8 -l8
[0.208s] [35m[1mConsolidate compiler generated dependencies of target cpp_topic_pubsub__rosidl_generator_c[0m
[0.249s] [ 11%] Built target cpp_topic_pubsub__cpp
[0.250s] [ 11%] Built target cpp_topic_pubsub__rosidl_generator_c
[0.283s] [ 11%] Built target ament_cmake_python_copy_cpp_topic_pubsub
[0.294s] [35m[1mConsolidate compiler generated dependencies of target cpp_topic_pubsub__rosidl_typesupport_introspection_c[0m
[0.295s] [35m[1mConsolidate compiler generated dependencies of target cpp_topic_pubsub__rosidl_typesupport_cpp[0m
[0.295s] [35m[1mConsolidate compiler generated dependencies of target cpp_topic_pubsub__rosidl_typesupport_c[0m
[0.296s] [35m[1mConsolidate compiler generated dependencies of target cpp_topic_pubsub__rosidl_typesupport_introspection_cpp[0m
[0.298s] [35m[1mConsolidate compiler generated dependencies of target cpp_topic_pubsub__rosidl_typesupport_fastrtps_cpp[0m
[0.332s] [35m[1mConsolidate compiler generated dependencies of target cpp_topic_pubsub__rosidl_typesupport_fastrtps_c[0m
[0.343s] [ 20%] Built target cpp_topic_pubsub__rosidl_typesupport_c
[0.345s] [ 28%] Built target cpp_topic_pubsub__rosidl_typesupport_introspection_c
[0.351s] [ 40%] Built target cpp_topic_pubsub__rosidl_typesupport_introspection_cpp
[0.351s] [ 45%] Built target cpp_topic_pubsub__rosidl_typesupport_cpp
[0.357s] [ 54%] Built target cpp_topic_pubsub__rosidl_typesupport_fastrtps_cpp
[0.390s] [ 62%] Built target cpp_topic_pubsub__rosidl_typesupport_fastrtps_c
[0.393s] [35m[1mConsolidate compiler generated dependencies of target practice_publisher_node[0m
[0.394s] [35m[1mConsolidate compiler generated dependencies of target practice_subscriber_node[0m
[0.471s] [ 74%] Built target practice_subscriber_node
[0.471s] [ 74%] Built target practice_publisher_node
[0.475s] [ 74%] Built target cpp_topic_pubsub
[0.560s] [ 77%] Built target cpp_topic_pubsub__py
[0.602s] [35m[1mConsolidate compiler generated dependencies of target cpp_topic_pubsub__rosidl_generator_py[0m
[0.653s] [ 82%] Built target cpp_topic_pubsub__rosidl_generator_py
[0.695s] [35m[1mConsolidate compiler generated dependencies of target cpp_topic_pubsub__rosidl_typesupport_introspection_c__pyext[0m
[0.695s] [35m[1mConsolidate compiler generated dependencies of target cpp_topic_pubsub__rosidl_typesupport_c__pyext[0m
[0.696s] [35m[1mConsolidate compiler generated dependencies of target cpp_topic_pubsub__rosidl_typesupport_fastrtps_c__pyext[0m
[0.746s] [ 88%] Built target cpp_topic_pubsub__rosidl_typesupport_c__pyext
[0.747s] [ 94%] Built target cpp_topic_pubsub__rosidl_typesupport_fastrtps_c__pyext
[0.753s] [100%] Built target cpp_topic_pubsub__rosidl_typesupport_introspection_c__pyext
[0.982s] running egg_info
[0.983s] writing cpp_topic_pubsub.egg-info/PKG-INFO
[0.983s] writing dependency_links to cpp_topic_pubsub.egg-info/dependency_links.txt
[0.984s] writing top-level names to cpp_topic_pubsub.egg-info/top_level.txt
[0.990s] reading manifest file 'cpp_topic_pubsub.egg-info/SOURCES.txt'
[0.992s] writing manifest file 'cpp_topic_pubsub.egg-info/SOURCES.txt'
[1.062s] [100%] Built target ament_cmake_python_build_cpp_topic_pubsub_egg
[1.102s] Invoked command in '/home/osawakousei/ros2_ws/src/cpp_topic_pubsub/build/cpp_topic_pubsub' returned '0': CMAKE_PREFIX_PATH=${CMAKE_PREFIX_PATH}:/opt/ros/humble /usr/bin/cmake --build /home/osawakousei/ros2_ws/src/cpp_topic_pubsub/build/cpp_topic_pubsub -- -j8 -l8
[1.513s] Invoking command in '/home/osawakousei/ros2_ws/src/cpp_topic_pubsub/build/cpp_topic_pubsub': CMAKE_PREFIX_PATH=${CMAKE_PREFIX_PATH}:/opt/ros/humble /usr/bin/cmake --install /home/osawakousei/ros2_ws/src/cpp_topic_pubsub/build/cpp_topic_pubsub
[1.536s] -- Install configuration: ""
[1.536s] -- Up-to-date: /home/osawakousei/ros2_ws/src/cpp_topic_pubsub/install/cpp_topic_pubsub/share/ament_index/resource_index/rosidl_interfaces/cpp_topic_pubsub
[1.537s] -- Up-to-date: /home/osawakousei/ros2_ws/src/cpp_topic_pubsub/install/cpp_topic_pubsub/include/cpp_topic_pubsub/cpp_topic_pubsub
[1.537s] -- Up-to-date: /home/osawakousei/ros2_ws/src/cpp_topic_pubsub/install/cpp_topic_pubsub/include/cpp_topic_pubsub/cpp_topic_pubsub/msg
[1.538s] -- Up-to-date: /home/osawakousei/ros2_ws/src/cpp_topic_pubsub/install/cpp_topic_pubsub/include/cpp_topic_pubsub/cpp_topic_pubsub/msg/practice_msg.h
[1.538s] -- Up-to-date: /home/osawakousei/ros2_ws/src/cpp_topic_pubsub/install/cpp_topic_pubsub/include/cpp_topic_pubsub/cpp_topic_pubsub/msg/rosidl_generator_c__visibility_control.h
[1.539s] -- Up-to-date: /home/osawakousei/ros2_ws/src/cpp_topic_pubsub/install/cpp_topic_pubsub/include/cpp_topic_pubsub/cpp_topic_pubsub/msg/detail
[1.539s] -- Up-to-date: /home/osawakousei/ros2_ws/src/cpp_topic_pubsub/install/cpp_topic_pubsub/include/cpp_topic_pubsub/cpp_topic_pubsub/msg/detail/practice_msg__struct.h
[1.540s] -- Up-to-date: /home/osawakousei/ros2_ws/src/cpp_topic_pubsub/install/cpp_topic_pubsub/include/cpp_topic_pubsub/cpp_topic_pubsub/msg/detail/practice_msg__functions.c
[1.540s] -- Up-to-date: /home/osawakousei/ros2_ws/src/cpp_topic_pubsub/install/cpp_topic_pubsub/include/cpp_topic_pubsub/cpp_topic_pubsub/msg/detail/practice_msg__type_support.h
[1.540s] -- Up-to-date: /home/osawakousei/ros2_ws/src/cpp_topic_pubsub/install/cpp_topic_pubsub/include/cpp_topic_pubsub/cpp_topic_pubsub/msg/detail/practice_msg__functions.h
[1.540s] -- Up-to-date: /home/osawakousei/ros2_ws/src/cpp_topic_pubsub/install/cpp_topic_pubsub/share/cpp_topic_pubsub/environment/library_path.sh
[1.540s] -- Up-to-date: /home/osawakousei/ros2_ws/src/cpp_topic_pubsub/install/cpp_topic_pubsub/share/cpp_topic_pubsub/environment/library_path.dsv
[1.541s] -- Up-to-date: /home/osawakousei/ros2_ws/src/cpp_topic_pubsub/install/cpp_topic_pubsub/lib/libcpp_topic_pubsub__rosidl_generator_c.so
[1.541s] -- Up-to-date: /home/osawakousei/ros2_ws/src/cpp_topic_pubsub/install/cpp_topic_pubsub/include/cpp_topic_pubsub/cpp_topic_pubsub
[1.542s] -- Up-to-date: /home/osawakousei/ros2_ws/src/cpp_topic_pubsub/install/cpp_topic_pubsub/include/cpp_topic_pubsub/cpp_topic_pubsub/msg
[1.542s] -- Up-to-date: /home/osawakousei/ros2_ws/src/cpp_topic_pubsub/install/cpp_topic_pubsub/include/cpp_topic_pubsub/cpp_topic_pubsub/msg/detail
[1.542s] -- Up-to-date: /home/osawakousei/ros2_ws/src/cpp_topic_pubsub/install/cpp_topic_pubsub/include/cpp_topic_pubsub/cpp_topic_pubsub/msg/detail/practice_msg__rosidl_typesupport_fastrtps_c.h
[1.542s] -- Up-to-date: /home/osawakousei/ros2_ws/src/cpp_topic_pubsub/install/cpp_topic_pubsub/include/cpp_topic_pubsub/cpp_topic_pubsub/msg/rosidl_typesupport_fastrtps_c__visibility_control.h
[1.543s] -- Up-to-date: /home/osawakousei/ros2_ws/src/cpp_topic_pubsub/install/cpp_topic_pubsub/lib/libcpp_topic_pubsub__rosidl_typesupport_fastrtps_c.so
[1.543s] -- Up-to-date: /home/osawakousei/ros2_ws/src/cpp_topic_pubsub/install/cpp_topic_pubsub/include/cpp_topic_pubsub/cpp_topic_pubsub
[1.543s] -- Up-to-date: /home/osawakousei/ros2_ws/src/cpp_topic_pubsub/install/cpp_topic_pubsub/include/cpp_topic_pubsub/cpp_topic_pubsub/msg
[1.543s] -- Up-to-date: /home/osawakousei/ros2_ws/src/cpp_topic_pubsub/install/cpp_topic_pubsub/include/cpp_topic_pubsub/cpp_topic_pubsub/msg/practice_msg.hpp
[1.543s] -- Up-to-date: /home/osawakousei/ros2_ws/src/cpp_topic_pubsub/install/cpp_topic_pubsub/include/cpp_topic_pubsub/cpp_topic_pubsub/msg/detail
[1.544s] -- Up-to-date: /home/osawakousei/ros2_ws/src/cpp_topic_pubsub/install/cpp_topic_pubsub/include/cpp_topic_pubsub/cpp_topic_pubsub/msg/detail/practice_msg__traits.hpp
[1.544s] -- Up-to-date: /home/osawakousei/ros2_ws/src/cpp_topic_pubsub/install/cpp_topic_pubsub/include/cpp_topic_pubsub/cpp_topic_pubsub/msg/detail/practice_msg__struct.hpp
[1.544s] -- Up-to-date: /home/osawakousei/ros2_ws/src/cpp_topic_pubsub/install/cpp_topic_pubsub/include/cpp_topic_pubsub/cpp_topic_pubsub/msg/detail/practice_msg__builder.hpp
[1.544s] -- Up-to-date: /home/osawakousei/ros2_ws/src/cpp_topic_pubsub/install/cpp_topic_pubsub/include/cpp_topic_pubsub/cpp_topic_pubsub
[1.545s] -- Up-to-date: /home/osawakousei/ros2_ws/src/cpp_topic_pubsub/install/cpp_topic_pubsub/include/cpp_topic_pubsub/cpp_topic_pubsub/msg
[1.546s] -- Up-to-date: /home/osawakousei/ros2_ws/src/cpp_topic_pubsub/install/cpp_topic_pubsub/include/cpp_topic_pubsub/cpp_topic_pubsub/msg/rosidl_typesupport_fastrtps_cpp__visibility_control.h
[1.546s] -- Up-to-date: /home/osawakousei/ros2_ws/src/cpp_topic_pubsub/install/cpp_topic_pubsub/include/cpp_topic_pubsub/cpp_topic_pubsub/msg/detail
[1.546s] -- Up-to-date: /home/osawakousei/ros2_ws/src/cpp_topic_pubsub/install/cpp_topic_pubsub/include/cpp_topic_pubsub/cpp_topic_pubsub/msg/detail/dds_fastrtps
[1.546s] -- Up-to-date: /home/osawakousei/ros2_ws/src/cpp_topic_pubsub/install/cpp_topic_pubsub/include/cpp_topic_pubsub/cpp_topic_pubsub/msg/detail/practice_msg__rosidl_typesupport_fastrtps_cpp.hpp
[1.547s] -- Up-to-date: /home/osawakousei/ros2_ws/src/cpp_topic_pubsub/install/cpp_topic_pubsub/lib/libcpp_topic_pubsub__rosidl_typesupport_fastrtps_cpp.so
[1.547s] -- Up-to-date: /home/osawakousei/ros2_ws/src/cpp_topic_pubsub/install/cpp_topic_pubsub/include/cpp_topic_pubsub/cpp_topic_pubsub
[1.547s] -- Up-to-date: /home/osawakousei/ros2_ws/src/cpp_topic_pubsub/install/cpp_topic_pubsub/include/cpp_topic_pubsub/cpp_topic_pubsub/msg
[1.548s] -- Up-to-date: /home/osawakousei/ros2_ws/src/cpp_topic_pubsub/install/cpp_topic_pubsub/include/cpp_topic_pubsub/cpp_topic_pubsub/msg/rosidl_typesupport_introspection_c__visibility_control.h
[1.548s] -- Up-to-date: /home/osawakousei/ros2_ws/src/cpp_topic_pubsub/install/cpp_topic_pubsub/include/cpp_topic_pubsub/cpp_topic_pubsub/msg/detail
[1.548s] -- Up-to-date: /home/osawakousei/ros2_ws/src/cpp_topic_pubsub/install/cpp_topic_pubsub/include/cpp_topic_pubsub/cpp_topic_pubsub/msg/detail/practice_msg__rosidl_typesupport_introspection_c.h
[1.549s] -- Up-to-date: /home/osawakousei/ros2_ws/src/cpp_topic_pubsub/install/cpp_topic_pubsub/include/cpp_topic_pubsub/cpp_topic_pubsub/msg/detail/practice_msg__type_support.c
[1.549s] -- Up-to-date: /home/osawakousei/ros2_ws/src/cpp_topic_pubsub/install/cpp_topic_pubsub/lib/libcpp_topic_pubsub__rosidl_typesupport_introspection_c.so
[1.549s] -- Up-to-date: /home/osawakousei/ros2_ws/src/cpp_topic_pubsub/install/cpp_topic_pubsub/lib/libcpp_topic_pubsub__rosidl_typesupport_c.so
[1.549s] -- Up-to-date: /home/osawakousei/ros2_ws/src/cpp_topic_pubsub/install/cpp_topic_pubsub/include/cpp_topic_pubsub/cpp_topic_pubsub
[1.549s] -- Up-to-date: /home/osawakousei/ros2_ws/src/cpp_topic_pubsub/install/cpp_topic_pubsub/include/cpp_topic_pubsub/cpp_topic_pubsub/msg
[1.550s] -- Up-to-date: /home/osawakousei/ros2_ws/src/cpp_topic_pubsub/install/cpp_topic_pubsub/include/cpp_topic_pubsub/cpp_topic_pubsub/msg/detail
[1.550s] -- Up-to-date: /home/osawakousei/ros2_ws/src/cpp_topic_pubsub/install/cpp_topic_pubsub/include/cpp_topic_pubsub/cpp_topic_pubsub/msg/detail/practice_msg__rosidl_typesupport_introspection_cpp.hpp
[1.551s] -- Up-to-date: /home/osawakousei/ros2_ws/src/cpp_topic_pubsub/install/cpp_topic_pubsub/include/cpp_topic_pubsub/cpp_topic_pubsub/msg/detail/practice_msg__type_support.cpp
[1.551s] -- Up-to-date: /home/osawakousei/ros2_ws/src/cpp_topic_pubsub/install/cpp_topic_pubsub/lib/libcpp_topic_pubsub__rosidl_typesupport_introspection_cpp.so
[1.552s] -- Up-to-date: /home/osawakousei/ros2_ws/src/cpp_topic_pubsub/install/cpp_topic_pubsub/lib/libcpp_topic_pubsub__rosidl_typesupport_cpp.so
[1.552s] -- Up-to-date: /home/osawakousei/ros2_ws/src/cpp_topic_pubsub/install/cpp_topic_pubsub/share/cpp_topic_pubsub/environment/pythonpath.sh
[1.552s] -- Up-to-date: /home/osawakousei/ros2_ws/src/cpp_topic_pubsub/install/cpp_topic_pubsub/share/cpp_topic_pubsub/environment/pythonpath.dsv
[1.552s] -- Up-to-date: /home/osawakousei/ros2_ws/src/cpp_topic_pubsub/install/cpp_topic_pubsub/local/lib/python3.10/dist-packages/cpp_topic_pubsub-0.0.0-py3.10.egg-info
[1.552s] -- Installing: /home/osawakousei/ros2_ws/src/cpp_topic_pubsub/install/cpp_topic_pubsub/local/lib/python3.10/dist-packages/cpp_topic_pubsub-0.0.0-py3.10.egg-info/top_level.txt
[1.553s] -- Installing: /home/osawakousei/ros2_ws/src/cpp_topic_pubsub/install/cpp_topic_pubsub/local/lib/python3.10/dist-packages/cpp_topic_pubsub-0.0.0-py3.10.egg-info/SOURCES.txt
[1.553s] -- Installing: /home/osawakousei/ros2_ws/src/cpp_topic_pubsub/install/cpp_topic_pubsub/local/lib/python3.10/dist-packages/cpp_topic_pubsub-0.0.0-py3.10.egg-info/dependency_links.txt
[1.553s] -- Installing: /home/osawakousei/ros2_ws/src/cpp_topic_pubsub/install/cpp_topic_pubsub/local/lib/python3.10/dist-packages/cpp_topic_pubsub-0.0.0-py3.10.egg-info/PKG-INFO
[1.554s] -- Up-to-date: /home/osawakousei/ros2_ws/src/cpp_topic_pubsub/install/cpp_topic_pubsub/local/lib/python3.10/dist-packages/cpp_topic_pubsub
[1.554s] -- Up-to-date: /home/osawakousei/ros2_ws/src/cpp_topic_pubsub/install/cpp_topic_pubsub/local/lib/python3.10/dist-packages/cpp_topic_pubsub/_cpp_topic_pubsub_s.ep.rosidl_typesupport_fastrtps_c.c
[1.554s] -- Up-to-date: /home/osawakousei/ros2_ws/src/cpp_topic_pubsub/install/cpp_topic_pubsub/local/lib/python3.10/dist-packages/cpp_topic_pubsub/cpp_topic_pubsub_s__rosidl_typesupport_c.cpython-310-x86_64-linux-gnu.so
[1.554s] -- Up-to-date: /home/osawakousei/ros2_ws/src/cpp_topic_pubsub/install/cpp_topic_pubsub/local/lib/python3.10/dist-packages/cpp_topic_pubsub/cpp_topic_pubsub_s__rosidl_typesupport_fastrtps_c.cpython-310-x86_64-linux-gnu.so
[1.554s] -- Up-to-date: /home/osawakousei/ros2_ws/src/cpp_topic_pubsub/install/cpp_topic_pubsub/local/lib/python3.10/dist-packages/cpp_topic_pubsub/_cpp_topic_pubsub_s.ep.rosidl_typesupport_introspection_c.c
[1.555s] -- Up-to-date: /home/osawakousei/ros2_ws/src/cpp_topic_pubsub/install/cpp_topic_pubsub/local/lib/python3.10/dist-packages/cpp_topic_pubsub/cpp_topic_pubsub_s__rosidl_typesupport_introspection_c.cpython-310-x86_64-linux-gnu.so
[1.555s] -- Up-to-date: /home/osawakousei/ros2_ws/src/cpp_topic_pubsub/install/cpp_topic_pubsub/local/lib/python3.10/dist-packages/cpp_topic_pubsub/libcpp_topic_pubsub__rosidl_generator_py.so
[1.556s] -- Up-to-date: /home/osawakousei/ros2_ws/src/cpp_topic_pubsub/install/cpp_topic_pubsub/local/lib/python3.10/dist-packages/cpp_topic_pubsub/__init__.py
[1.556s] -- Up-to-date: /home/osawakousei/ros2_ws/src/cpp_topic_pubsub/install/cpp_topic_pubsub/local/lib/python3.10/dist-packages/cpp_topic_pubsub/_cpp_topic_pubsub_s.ep.rosidl_typesupport_c.c
[1.557s] -- Up-to-date: /home/osawakousei/ros2_ws/src/cpp_topic_pubsub/install/cpp_topic_pubsub/local/lib/python3.10/dist-packages/cpp_topic_pubsub/msg
[1.557s] -- Up-to-date: /home/osawakousei/ros2_ws/src/cpp_topic_pubsub/install/cpp_topic_pubsub/local/lib/python3.10/dist-packages/cpp_topic_pubsub/msg/_practice_msg.py
[1.557s] -- Up-to-date: /home/osawakousei/ros2_ws/src/cpp_topic_pubsub/install/cpp_topic_pubsub/local/lib/python3.10/dist-packages/cpp_topic_pubsub/msg/__init__.py
[1.557s] -- Up-to-date: /home/osawakousei/ros2_ws/src/cpp_topic_pubsub/install/cpp_topic_pubsub/local/lib/python3.10/dist-packages/cpp_topic_pubsub/msg/_practice_msg_s.c
[1.644s] Listing '/home/osawakousei/ros2_ws/src/cpp_topic_pubsub/install/cpp_topic_pubsub/local/lib/python3.10/dist-packages/cpp_topic_pubsub'...
[1.644s] Listing '/home/osawakousei/ros2_ws/src/cpp_topic_pubsub/install/cpp_topic_pubsub/local/lib/python3.10/dist-packages/cpp_topic_pubsub/msg'...
[1.658s] -- Up-to-date: /home/osawakousei/ros2_ws/src/cpp_topic_pubsub/install/cpp_topic_pubsub/local/lib/python3.10/dist-packages/cpp_topic_pubsub/cpp_topic_pubsub_s__rosidl_typesupport_fastrtps_c.cpython-310-x86_64-linux-gnu.so
[1.659s] -- Up-to-date: /home/osawakousei/ros2_ws/src/cpp_topic_pubsub/install/cpp_topic_pubsub/local/lib/python3.10/dist-packages/cpp_topic_pubsub/cpp_topic_pubsub_s__rosidl_typesupport_introspection_c.cpython-310-x86_64-linux-gnu.so
[1.660s] -- Up-to-date: /home/osawakousei/ros2_ws/src/cpp_topic_pubsub/install/cpp_topic_pubsub/local/lib/python3.10/dist-packages/cpp_topic_pubsub/cpp_topic_pubsub_s__rosidl_typesupport_c.cpython-310-x86_64-linux-gnu.so
[1.662s] -- Up-to-date: /home/osawakousei/ros2_ws/src/cpp_topic_pubsub/install/cpp_topic_pubsub/lib/libcpp_topic_pubsub__rosidl_generator_py.so
[1.662s] -- Up-to-date: /home/osawakousei/ros2_ws/src/cpp_topic_pubsub/install/cpp_topic_pubsub/share/cpp_topic_pubsub/msg/PracticeMsg.idl
[1.663s] -- Up-to-date: /home/osawakousei/ros2_ws/src/cpp_topic_pubsub/install/cpp_topic_pubsub/share/cpp_topic_pubsub/msg/PracticeMsg.msg
[1.663s] -- Up-to-date: /home/osawakousei/ros2_ws/src/cpp_topic_pubsub/install/cpp_topic_pubsub/lib/cpp_topic_pubsub/practice_publisher_node
[1.665s] -- Up-to-date: /home/osawakousei/ros2_ws/src/cpp_topic_pubsub/install/cpp_topic_pubsub/lib/cpp_topic_pubsub/practice_subscriber_node
[1.666s] -- Up-to-date: /home/osawakousei/ros2_ws/src/cpp_topic_pubsub/install/cpp_topic_pubsub/share/ament_index/resource_index/package_run_dependencies/cpp_topic_pubsub
[1.666s] -- Up-to-date: /home/osawakousei/ros2_ws/src/cpp_topic_pubsub/install/cpp_topic_pubsub/share/ament_index/resource_index/parent_prefix_path/cpp_topic_pubsub
[1.667s] -- Up-to-date: /home/osawakousei/ros2_ws/src/cpp_topic_pubsub/install/cpp_topic_pubsub/share/cpp_topic_pubsub/environment/ament_prefix_path.sh
[1.667s] -- Up-to-date: /home/osawakousei/ros2_ws/src/cpp_topic_pubsub/install/cpp_topic_pubsub/share/cpp_topic_pubsub/environment/ament_prefix_path.dsv
[1.668s] -- Up-to-date: /home/osawakousei/ros2_ws/src/cpp_topic_pubsub/install/cpp_topic_pubsub/share/cpp_topic_pubsub/environment/path.sh
[1.668s] -- Up-to-date: /home/osawakousei/ros2_ws/src/cpp_topic_pubsub/install/cpp_topic_pubsub/share/cpp_topic_pubsub/environment/path.dsv
[1.669s] -- Up-to-date: /home/osawakousei/ros2_ws/src/cpp_topic_pubsub/install/cpp_topic_pubsub/share/cpp_topic_pubsub/local_setup.bash
[1.669s] -- Up-to-date: /home/osawakousei/ros2_ws/src/cpp_topic_pubsub/install/cpp_topic_pubsub/share/cpp_topic_pubsub/local_setup.sh
[1.670s] -- Up-to-date: /home/osawakousei/ros2_ws/src/cpp_topic_pubsub/install/cpp_topic_pubsub/share/cpp_topic_pubsub/local_setup.zsh
[1.670s] -- Up-to-date: /home/osawakousei/ros2_ws/src/cpp_topic_pubsub/install/cpp_topic_pubsub/share/cpp_topic_pubsub/local_setup.dsv
[1.670s] -- Installing: /home/osawakousei/ros2_ws/src/cpp_topic_pubsub/install/cpp_topic_pubsub/share/cpp_topic_pubsub/package.dsv
[1.671s] -- Up-to-date: /home/osawakousei/ros2_ws/src/cpp_topic_pubsub/install/cpp_topic_pubsub/share/ament_index/resource_index/packages/cpp_topic_pubsub
[1.671s] -- Up-to-date: /home/osawakousei/ros2_ws/src/cpp_topic_pubsub/install/cpp_topic_pubsub/share/cpp_topic_pubsub/cmake/export_cpp_topic_pubsub__rosidl_generator_cExport.cmake
[1.671s] -- Up-to-date: /home/osawakousei/ros2_ws/src/cpp_topic_pubsub/install/cpp_topic_pubsub/share/cpp_topic_pubsub/cmake/export_cpp_topic_pubsub__rosidl_generator_cExport-noconfig.cmake
[1.672s] -- Up-to-date: /home/osawakousei/ros2_ws/src/cpp_topic_pubsub/install/cpp_topic_pubsub/share/cpp_topic_pubsub/cmake/export_cpp_topic_pubsub__rosidl_typesupport_fastrtps_cExport.cmake
[1.672s] -- Up-to-date: /home/osawakousei/ros2_ws/src/cpp_topic_pubsub/install/cpp_topic_pubsub/share/cpp_topic_pubsub/cmake/export_cpp_topic_pubsub__rosidl_typesupport_fastrtps_cExport-noconfig.cmake
[1.672s] -- Up-to-date: /home/osawakousei/ros2_ws/src/cpp_topic_pubsub/install/cpp_topic_pubsub/share/cpp_topic_pubsub/cmake/export_cpp_topic_pubsub__rosidl_generator_cppExport.cmake
[1.673s] -- Up-to-date: /home/osawakousei/ros2_ws/src/cpp_topic_pubsub/install/cpp_topic_pubsub/share/cpp_topic_pubsub/cmake/export_cpp_topic_pubsub__rosidl_typesupport_fastrtps_cppExport.cmake
[1.673s] -- Up-to-date: /home/osawakousei/ros2_ws/src/cpp_topic_pubsub/install/cpp_topic_pubsub/share/cpp_topic_pubsub/cmake/export_cpp_topic_pubsub__rosidl_typesupport_fastrtps_cppExport-noconfig.cmake
[1.673s] -- Up-to-date: /home/osawakousei/ros2_ws/src/cpp_topic_pubsub/install/cpp_topic_pubsub/share/cpp_topic_pubsub/cmake/cpp_topic_pubsub__rosidl_typesupport_introspection_cExport.cmake
[1.674s] -- Up-to-date: /home/osawakousei/ros2_ws/src/cpp_topic_pubsub/install/cpp_topic_pubsub/share/cpp_topic_pubsub/cmake/cpp_topic_pubsub__rosidl_typesupport_introspection_cExport-noconfig.cmake
[1.674s] -- Up-to-date: /home/osawakousei/ros2_ws/src/cpp_topic_pubsub/install/cpp_topic_pubsub/share/cpp_topic_pubsub/cmake/cpp_topic_pubsub__rosidl_typesupport_cExport.cmake
[1.674s] -- Up-to-date: /home/osawakousei/ros2_ws/src/cpp_topic_pubsub/install/cpp_topic_pubsub/share/cpp_topic_pubsub/cmake/cpp_topic_pubsub__rosidl_typesupport_cExport-noconfig.cmake
[1.675s] -- Up-to-date: /home/osawakousei/ros2_ws/src/cpp_topic_pubsub/install/cpp_topic_pubsub/share/cpp_topic_pubsub/cmake/cpp_topic_pubsub__rosidl_typesupport_introspection_cppExport.cmake
[1.675s] -- Up-to-date: /home/osawakousei/ros2_ws/src/cpp_topic_pubsub/install/cpp_topic_pubsub/share/cpp_topic_pubsub/cmake/cpp_topic_pubsub__rosidl_typesupport_introspection_cppExport-noconfig.cmake
[1.675s] -- Up-to-date: /home/osawakousei/ros2_ws/src/cpp_topic_pubsub/install/cpp_topic_pubsub/share/cpp_topic_pubsub/cmake/cpp_topic_pubsub__rosidl_typesupport_cppExport.cmake
[1.675s] -- Up-to-date: /home/osawakousei/ros2_ws/src/cpp_topic_pubsub/install/cpp_topic_pubsub/share/cpp_topic_pubsub/cmake/cpp_topic_pubsub__rosidl_typesupport_cppExport-noconfig.cmake
[1.676s] -- Up-to-date: /home/osawakousei/ros2_ws/src/cpp_topic_pubsub/install/cpp_topic_pubsub/share/cpp_topic_pubsub/cmake/export_cpp_topic_pubsub__rosidl_generator_pyExport.cmake
[1.676s] -- Up-to-date: /home/osawakousei/ros2_ws/src/cpp_topic_pubsub/install/cpp_topic_pubsub/share/cpp_topic_pubsub/cmake/export_cpp_topic_pubsub__rosidl_generator_pyExport-noconfig.cmake
[1.676s] -- Up-to-date: /home/osawakousei/ros2_ws/src/cpp_topic_pubsub/install/cpp_topic_pubsub/share/cpp_topic_pubsub/cmake/rosidl_cmake-extras.cmake
[1.676s] -- Up-to-date: /home/osawakousei/ros2_ws/src/cpp_topic_pubsub/install/cpp_topic_pubsub/share/cpp_topic_pubsub/cmake/ament_cmake_export_include_directories-extras.cmake
[1.676s] -- Up-to-date: /home/osawakousei/ros2_ws/src/cpp_topic_pubsub/install/cpp_topic_pubsub/share/cpp_topic_pubsub/cmake/ament_cmake_export_libraries-extras.cmake
[1.677s] -- Up-to-date: /home/osawakousei/ros2_ws/src/cpp_topic_pubsub/install/cpp_topic_pubsub/share/cpp_topic_pubsub/cmake/ament_cmake_export_targets-extras.cmake
[1.677s] -- Up-to-date: /home/osawakousei/ros2_ws/src/cpp_topic_pubsub/install/cpp_topic_pubsub/share/cpp_topic_pubsub/cmake/rosidl_cmake_export_typesupport_targets-extras.cmake
[1.677s] -- Up-to-date: /home/osawakousei/ros2_ws/src/cpp_topic_pubsub/install/cpp_topic_pubsub/share/cpp_topic_pubsub/cmake/ament_cmake_export_dependencies-extras.cmake
[1.677s] -- Up-to-date: /home/osawakousei/ros2_ws/src/cpp_topic_pubsub/install/cpp_topic_pubsub/share/cpp_topic_pubsub/cmake/rosidl_cmake_export_typesupport_libraries-extras.cmake
[1.678s] -- Up-to-date: /home/osawakousei/ros2_ws/src/cpp_topic_pubsub/install/cpp_topic_pubsub/share/cpp_topic_pubsub/cmake/cpp_topic_pubsubConfig.cmake
[1.678s] -- Up-to-date: /home/osawakousei/ros2_ws/src/cpp_topic_pubsub/install/cpp_topic_pubsub/share/cpp_topic_pubsub/cmake/cpp_topic_pubsubConfig-version.cmake
[1.678s] -- Up-to-date: /home/osawakousei/ros2_ws/src/cpp_topic_pubsub/install/cpp_topic_pubsub/share/cpp_topic_pubsub/package.xml
[1.683s] Invoked command in '/home/osawakousei/ros2_ws/src/cpp_topic_pubsub/build/cpp_topic_pubsub' returned '0': CMAKE_PREFIX_PATH=${CMAKE_PREFIX_PATH}:/opt/ros/humble /usr/bin/cmake --install /home/osawakousei/ros2_ws/src/cpp_topic_pubsub/build/cpp_topic_pubsub
