[0.313s] Invoking command in '/home/osawakousei/ros2_ws/build/micro_ros_msgs': CMAKE_PREFIX_PATH=${CMAKE_PREFIX_PATH}:/opt/ros/humble /usr/bin/cmake --build /home/osawakousei/ros2_ws/build/micro_ros_msgs -- -j8 -l8
[0.607s] [  2%] Built target micro_ros_msgs__cpp
[0.650s] [ 12%] Built target micro_ros_msgs__rosidl_generator_c
[0.741s] [ 12%] Built target ament_cmake_python_copy_micro_ros_msgs
[0.903s] [ 23%] Built target micro_ros_msgs__rosidl_typesupport_fastrtps_cpp
[0.916s] [ 34%] Built target micro_ros_msgs__rosidl_typesupport_cpp
[1.001s] [ 44%] Built target micro_ros_msgs__rosidl_typesupport_introspection_cpp
[1.027s] [ 55%] Built target micro_ros_msgs__rosidl_typesupport_fastrtps_c
[1.050s] [ 65%] Built target micro_ros_msgs__rosidl_typesupport_c
[1.056s] [ 76%] Built target micro_ros_msgs__rosidl_typesupport_introspection_c
[1.473s] [ 76%] Built target micro_ros_msgs
[1.727s] [ 78%] Built target micro_ros_msgs__py
[1.910s] [ 87%] Built target micro_ros_msgs__rosidl_generator_py
[2.110s] [ 91%] Built target micro_ros_msgs__rosidl_typesupport_introspection_c__pyext
[2.165s] [ 95%] Built target micro_ros_msgs__rosidl_typesupport_fastrtps_c__pyext
[2.180s] [100%] Built target micro_ros_msgs__rosidl_typesupport_c__pyext
[2.591s] running egg_info
[2.594s] writing micro_ros_msgs.egg-info/PKG-INFO
[2.595s] writing dependency_links to micro_ros_msgs.egg-info/dependency_links.txt
[2.596s] writing top-level names to micro_ros_msgs.egg-info/top_level.txt
[2.603s] reading manifest file 'micro_ros_msgs.egg-info/SOURCES.txt'
[2.605s] writing manifest file 'micro_ros_msgs.egg-info/SOURCES.txt'
[2.683s] [100%] Built target ament_cmake_python_build_micro_ros_msgs_egg
[2.727s] Invoked command in '/home/osawakousei/ros2_ws/build/micro_ros_msgs' returned '0': CMAKE_PREFIX_PATH=${CMAKE_PREFIX_PATH}:/opt/ros/humble /usr/bin/cmake --build /home/osawakousei/ros2_ws/build/micro_ros_msgs -- -j8 -l8
[3.686s] Invoking command in '/home/osawakousei/ros2_ws/build/micro_ros_msgs': CMAKE_PREFIX_PATH=${CMAKE_PREFIX_PATH}:/opt/ros/humble /usr/bin/cmake --install /home/osawakousei/ros2_ws/build/micro_ros_msgs
[3.724s] -- Install configuration: ""
[3.724s] -- Up-to-date: /home/osawakousei/ros2_ws/install/micro_ros_msgs/share/ament_index/resource_index/rosidl_interfaces/micro_ros_msgs
[3.725s] -- Up-to-date: /home/osawakousei/ros2_ws/install/micro_ros_msgs/include/micro_ros_msgs/micro_ros_msgs
[3.725s] -- Up-to-date: /home/osawakousei/ros2_ws/install/micro_ros_msgs/include/micro_ros_msgs/micro_ros_msgs/msg
[3.725s] -- Up-to-date: /home/osawakousei/ros2_ws/install/micro_ros_msgs/include/micro_ros_msgs/micro_ros_msgs/msg/entity.h
[3.726s] -- Up-to-date: /home/osawakousei/ros2_ws/install/micro_ros_msgs/include/micro_ros_msgs/micro_ros_msgs/msg/rosidl_generator_c__visibility_control.h
[3.726s] -- Up-to-date: /home/osawakousei/ros2_ws/install/micro_ros_msgs/include/micro_ros_msgs/micro_ros_msgs/msg/graph.h
[3.726s] -- Up-to-date: /home/osawakousei/ros2_ws/install/micro_ros_msgs/include/micro_ros_msgs/micro_ros_msgs/msg/detail
[3.726s] -- Up-to-date: /home/osawakousei/ros2_ws/install/micro_ros_msgs/include/micro_ros_msgs/micro_ros_msgs/msg/detail/node__functions.h
[3.727s] -- Up-to-date: /home/osawakousei/ros2_ws/install/micro_ros_msgs/include/micro_ros_msgs/micro_ros_msgs/msg/detail/graph__functions.h
[3.727s] -- Up-to-date: /home/osawakousei/ros2_ws/install/micro_ros_msgs/include/micro_ros_msgs/micro_ros_msgs/msg/detail/entity__functions.c
[3.728s] -- Up-to-date: /home/osawakousei/ros2_ws/install/micro_ros_msgs/include/micro_ros_msgs/micro_ros_msgs/msg/detail/graph__functions.c
[3.729s] -- Up-to-date: /home/osawakousei/ros2_ws/install/micro_ros_msgs/include/micro_ros_msgs/micro_ros_msgs/msg/detail/node__functions.c
[3.729s] -- Up-to-date: /home/osawakousei/ros2_ws/install/micro_ros_msgs/include/micro_ros_msgs/micro_ros_msgs/msg/detail/entity__type_support.h
[3.729s] -- Up-to-date: /home/osawakousei/ros2_ws/install/micro_ros_msgs/include/micro_ros_msgs/micro_ros_msgs/msg/detail/node__type_support.h
[3.729s] -- Up-to-date: /home/osawakousei/ros2_ws/install/micro_ros_msgs/include/micro_ros_msgs/micro_ros_msgs/msg/detail/graph__struct.h
[3.730s] -- Up-to-date: /home/osawakousei/ros2_ws/install/micro_ros_msgs/include/micro_ros_msgs/micro_ros_msgs/msg/detail/graph__type_support.h
[3.730s] -- Up-to-date: /home/osawakousei/ros2_ws/install/micro_ros_msgs/include/micro_ros_msgs/micro_ros_msgs/msg/detail/node__struct.h
[3.730s] -- Up-to-date: /home/osawakousei/ros2_ws/install/micro_ros_msgs/include/micro_ros_msgs/micro_ros_msgs/msg/detail/entity__struct.h
[3.730s] -- Up-to-date: /home/osawakousei/ros2_ws/install/micro_ros_msgs/include/micro_ros_msgs/micro_ros_msgs/msg/detail/entity__functions.h
[3.730s] -- Up-to-date: /home/osawakousei/ros2_ws/install/micro_ros_msgs/include/micro_ros_msgs/micro_ros_msgs/msg/node.h
[3.731s] -- Up-to-date: /home/osawakousei/ros2_ws/install/micro_ros_msgs/share/micro_ros_msgs/environment/library_path.sh
[3.731s] -- Up-to-date: /home/osawakousei/ros2_ws/install/micro_ros_msgs/share/micro_ros_msgs/environment/library_path.dsv
[3.732s] -- Up-to-date: /home/osawakousei/ros2_ws/install/micro_ros_msgs/lib/libmicro_ros_msgs__rosidl_generator_c.so
[3.732s] -- Up-to-date: /home/osawakousei/ros2_ws/install/micro_ros_msgs/include/micro_ros_msgs/micro_ros_msgs
[3.732s] -- Up-to-date: /home/osawakousei/ros2_ws/install/micro_ros_msgs/include/micro_ros_msgs/micro_ros_msgs/msg
[3.733s] -- Up-to-date: /home/osawakousei/ros2_ws/install/micro_ros_msgs/include/micro_ros_msgs/micro_ros_msgs/msg/detail
[3.733s] -- Up-to-date: /home/osawakousei/ros2_ws/install/micro_ros_msgs/include/micro_ros_msgs/micro_ros_msgs/msg/detail/node__rosidl_typesupport_fastrtps_c.h
[3.733s] -- Up-to-date: /home/osawakousei/ros2_ws/install/micro_ros_msgs/include/micro_ros_msgs/micro_ros_msgs/msg/detail/graph__rosidl_typesupport_fastrtps_c.h
[3.733s] -- Up-to-date: /home/osawakousei/ros2_ws/install/micro_ros_msgs/include/micro_ros_msgs/micro_ros_msgs/msg/detail/entity__rosidl_typesupport_fastrtps_c.h
[3.734s] -- Up-to-date: /home/osawakousei/ros2_ws/install/micro_ros_msgs/include/micro_ros_msgs/micro_ros_msgs/msg/rosidl_typesupport_fastrtps_c__visibility_control.h
[3.734s] -- Up-to-date: /home/osawakousei/ros2_ws/install/micro_ros_msgs/lib/libmicro_ros_msgs__rosidl_typesupport_fastrtps_c.so
[3.735s] -- Up-to-date: /home/osawakousei/ros2_ws/install/micro_ros_msgs/include/micro_ros_msgs/micro_ros_msgs
[3.735s] -- Up-to-date: /home/osawakousei/ros2_ws/install/micro_ros_msgs/include/micro_ros_msgs/micro_ros_msgs/msg
[3.736s] -- Up-to-date: /home/osawakousei/ros2_ws/install/micro_ros_msgs/include/micro_ros_msgs/micro_ros_msgs/msg/rosidl_typesupport_introspection_c__visibility_control.h
[3.737s] -- Up-to-date: /home/osawakousei/ros2_ws/install/micro_ros_msgs/include/micro_ros_msgs/micro_ros_msgs/msg/detail
[3.737s] -- Up-to-date: /home/osawakousei/ros2_ws/install/micro_ros_msgs/include/micro_ros_msgs/micro_ros_msgs/msg/detail/entity__rosidl_typesupport_introspection_c.h
[3.737s] -- Up-to-date: /home/osawakousei/ros2_ws/install/micro_ros_msgs/include/micro_ros_msgs/micro_ros_msgs/msg/detail/node__type_support.c
[3.737s] -- Up-to-date: /home/osawakousei/ros2_ws/install/micro_ros_msgs/include/micro_ros_msgs/micro_ros_msgs/msg/detail/entity__type_support.c
[3.738s] -- Up-to-date: /home/osawakousei/ros2_ws/install/micro_ros_msgs/include/micro_ros_msgs/micro_ros_msgs/msg/detail/graph__rosidl_typesupport_introspection_c.h
[3.738s] -- Up-to-date: /home/osawakousei/ros2_ws/install/micro_ros_msgs/include/micro_ros_msgs/micro_ros_msgs/msg/detail/node__rosidl_typesupport_introspection_c.h
[3.738s] -- Up-to-date: /home/osawakousei/ros2_ws/install/micro_ros_msgs/include/micro_ros_msgs/micro_ros_msgs/msg/detail/graph__type_support.c
[3.738s] -- Up-to-date: /home/osawakousei/ros2_ws/install/micro_ros_msgs/lib/libmicro_ros_msgs__rosidl_typesupport_introspection_c.so
[3.740s] -- Up-to-date: /home/osawakousei/ros2_ws/install/micro_ros_msgs/lib/libmicro_ros_msgs__rosidl_typesupport_c.so
[3.741s] -- Up-to-date: /home/osawakousei/ros2_ws/install/micro_ros_msgs/include/micro_ros_msgs/micro_ros_msgs
[3.742s] -- Up-to-date: /home/osawakousei/ros2_ws/install/micro_ros_msgs/include/micro_ros_msgs/micro_ros_msgs/msg
[3.742s] -- Up-to-date: /home/osawakousei/ros2_ws/install/micro_ros_msgs/include/micro_ros_msgs/micro_ros_msgs/msg/graph.hpp
[3.743s] -- Up-to-date: /home/osawakousei/ros2_ws/install/micro_ros_msgs/include/micro_ros_msgs/micro_ros_msgs/msg/entity.hpp
[3.744s] -- Up-to-date: /home/osawakousei/ros2_ws/install/micro_ros_msgs/include/micro_ros_msgs/micro_ros_msgs/msg/detail
[3.744s] -- Up-to-date: /home/osawakousei/ros2_ws/install/micro_ros_msgs/include/micro_ros_msgs/micro_ros_msgs/msg/detail/entity__struct.hpp
[3.745s] -- Up-to-date: /home/osawakousei/ros2_ws/install/micro_ros_msgs/include/micro_ros_msgs/micro_ros_msgs/msg/detail/node__struct.hpp
[3.745s] -- Up-to-date: /home/osawakousei/ros2_ws/install/micro_ros_msgs/include/micro_ros_msgs/micro_ros_msgs/msg/detail/node__builder.hpp
[3.745s] -- Up-to-date: /home/osawakousei/ros2_ws/install/micro_ros_msgs/include/micro_ros_msgs/micro_ros_msgs/msg/detail/entity__traits.hpp
[3.745s] -- Up-to-date: /home/osawakousei/ros2_ws/install/micro_ros_msgs/include/micro_ros_msgs/micro_ros_msgs/msg/detail/graph__builder.hpp
[3.745s] -- Up-to-date: /home/osawakousei/ros2_ws/install/micro_ros_msgs/include/micro_ros_msgs/micro_ros_msgs/msg/detail/node__traits.hpp
[3.746s] -- Up-to-date: /home/osawakousei/ros2_ws/install/micro_ros_msgs/include/micro_ros_msgs/micro_ros_msgs/msg/detail/graph__struct.hpp
[3.746s] -- Up-to-date: /home/osawakousei/ros2_ws/install/micro_ros_msgs/include/micro_ros_msgs/micro_ros_msgs/msg/detail/graph__traits.hpp
[3.746s] -- Up-to-date: /home/osawakousei/ros2_ws/install/micro_ros_msgs/include/micro_ros_msgs/micro_ros_msgs/msg/detail/entity__builder.hpp
[3.747s] -- Up-to-date: /home/osawakousei/ros2_ws/install/micro_ros_msgs/include/micro_ros_msgs/micro_ros_msgs/msg/node.hpp
[3.747s] -- Up-to-date: /home/osawakousei/ros2_ws/install/micro_ros_msgs/include/micro_ros_msgs/micro_ros_msgs
[3.747s] -- Up-to-date: /home/osawakousei/ros2_ws/install/micro_ros_msgs/include/micro_ros_msgs/micro_ros_msgs/msg
[3.747s] -- Up-to-date: /home/osawakousei/ros2_ws/install/micro_ros_msgs/include/micro_ros_msgs/micro_ros_msgs/msg/rosidl_typesupport_fastrtps_cpp__visibility_control.h
[3.747s] -- Up-to-date: /home/osawakousei/ros2_ws/install/micro_ros_msgs/include/micro_ros_msgs/micro_ros_msgs/msg/detail
[3.748s] -- Up-to-date: /home/osawakousei/ros2_ws/install/micro_ros_msgs/include/micro_ros_msgs/micro_ros_msgs/msg/detail/node__rosidl_typesupport_fastrtps_cpp.hpp
[3.749s] -- Up-to-date: /home/osawakousei/ros2_ws/install/micro_ros_msgs/include/micro_ros_msgs/micro_ros_msgs/msg/detail/graph__rosidl_typesupport_fastrtps_cpp.hpp
[3.750s] -- Up-to-date: /home/osawakousei/ros2_ws/install/micro_ros_msgs/include/micro_ros_msgs/micro_ros_msgs/msg/detail/entity__rosidl_typesupport_fastrtps_cpp.hpp
[3.750s] -- Up-to-date: /home/osawakousei/ros2_ws/install/micro_ros_msgs/include/micro_ros_msgs/micro_ros_msgs/msg/detail/dds_fastrtps
[3.750s] -- Up-to-date: /home/osawakousei/ros2_ws/install/micro_ros_msgs/lib/libmicro_ros_msgs__rosidl_typesupport_fastrtps_cpp.so
[3.750s] -- Up-to-date: /home/osawakousei/ros2_ws/install/micro_ros_msgs/include/micro_ros_msgs/micro_ros_msgs
[3.751s] -- Up-to-date: /home/osawakousei/ros2_ws/install/micro_ros_msgs/include/micro_ros_msgs/micro_ros_msgs/msg
[3.752s] -- Up-to-date: /home/osawakousei/ros2_ws/install/micro_ros_msgs/include/micro_ros_msgs/micro_ros_msgs/msg/detail
[3.752s] -- Up-to-date: /home/osawakousei/ros2_ws/install/micro_ros_msgs/include/micro_ros_msgs/micro_ros_msgs/msg/detail/graph__type_support.cpp
[3.752s] -- Up-to-date: /home/osawakousei/ros2_ws/install/micro_ros_msgs/include/micro_ros_msgs/micro_ros_msgs/msg/detail/entity__rosidl_typesupport_introspection_cpp.hpp
[3.753s] -- Up-to-date: /home/osawakousei/ros2_ws/install/micro_ros_msgs/include/micro_ros_msgs/micro_ros_msgs/msg/detail/node__type_support.cpp
[3.753s] -- Up-to-date: /home/osawakousei/ros2_ws/install/micro_ros_msgs/include/micro_ros_msgs/micro_ros_msgs/msg/detail/graph__rosidl_typesupport_introspection_cpp.hpp
[3.753s] -- Up-to-date: /home/osawakousei/ros2_ws/install/micro_ros_msgs/include/micro_ros_msgs/micro_ros_msgs/msg/detail/node__rosidl_typesupport_introspection_cpp.hpp
[3.754s] -- Up-to-date: /home/osawakousei/ros2_ws/install/micro_ros_msgs/include/micro_ros_msgs/micro_ros_msgs/msg/detail/entity__type_support.cpp
[3.754s] -- Up-to-date: /home/osawakousei/ros2_ws/install/micro_ros_msgs/lib/libmicro_ros_msgs__rosidl_typesupport_introspection_cpp.so
[3.754s] -- Up-to-date: /home/osawakousei/ros2_ws/install/micro_ros_msgs/lib/libmicro_ros_msgs__rosidl_typesupport_cpp.so
[3.758s] -- Up-to-date: /home/osawakousei/ros2_ws/install/micro_ros_msgs/share/micro_ros_msgs/environment/pythonpath.sh
[3.759s] -- Up-to-date: /home/osawakousei/ros2_ws/install/micro_ros_msgs/share/micro_ros_msgs/environment/pythonpath.dsv
[3.759s] -- Up-to-date: /home/osawakousei/ros2_ws/install/micro_ros_msgs/local/lib/python3.10/dist-packages/micro_ros_msgs-3.0.0-py3.10.egg-info
[3.759s] -- Installing: /home/osawakousei/ros2_ws/install/micro_ros_msgs/local/lib/python3.10/dist-packages/micro_ros_msgs-3.0.0-py3.10.egg-info/top_level.txt
[3.760s] -- Installing: /home/osawakousei/ros2_ws/install/micro_ros_msgs/local/lib/python3.10/dist-packages/micro_ros_msgs-3.0.0-py3.10.egg-info/SOURCES.txt
[3.761s] -- Installing: /home/osawakousei/ros2_ws/install/micro_ros_msgs/local/lib/python3.10/dist-packages/micro_ros_msgs-3.0.0-py3.10.egg-info/dependency_links.txt
[3.763s] -- Installing: /home/osawakousei/ros2_ws/install/micro_ros_msgs/local/lib/python3.10/dist-packages/micro_ros_msgs-3.0.0-py3.10.egg-info/PKG-INFO
[3.764s] -- Up-to-date: /home/osawakousei/ros2_ws/install/micro_ros_msgs/local/lib/python3.10/dist-packages/micro_ros_msgs
[3.764s] -- Up-to-date: /home/osawakousei/ros2_ws/install/micro_ros_msgs/local/lib/python3.10/dist-packages/micro_ros_msgs/libmicro_ros_msgs__rosidl_generator_py.so
[3.765s] -- Up-to-date: /home/osawakousei/ros2_ws/install/micro_ros_msgs/local/lib/python3.10/dist-packages/micro_ros_msgs/_micro_ros_msgs_s.ep.rosidl_typesupport_introspection_c.c
[3.765s] -- Up-to-date: /home/osawakousei/ros2_ws/install/micro_ros_msgs/local/lib/python3.10/dist-packages/micro_ros_msgs/micro_ros_msgs_s__rosidl_typesupport_introspection_c.cpython-310-x86_64-linux-gnu.so
[3.765s] -- Up-to-date: /home/osawakousei/ros2_ws/install/micro_ros_msgs/local/lib/python3.10/dist-packages/micro_ros_msgs/micro_ros_msgs_s__rosidl_typesupport_fastrtps_c.cpython-310-x86_64-linux-gnu.so
[3.766s] -- Up-to-date: /home/osawakousei/ros2_ws/install/micro_ros_msgs/local/lib/python3.10/dist-packages/micro_ros_msgs/__init__.py
[3.766s] -- Up-to-date: /home/osawakousei/ros2_ws/install/micro_ros_msgs/local/lib/python3.10/dist-packages/micro_ros_msgs/_micro_ros_msgs_s.ep.rosidl_typesupport_c.c
[3.766s] -- Up-to-date: /home/osawakousei/ros2_ws/install/micro_ros_msgs/local/lib/python3.10/dist-packages/micro_ros_msgs/msg
[3.766s] -- Up-to-date: /home/osawakousei/ros2_ws/install/micro_ros_msgs/local/lib/python3.10/dist-packages/micro_ros_msgs/msg/_node.py
[3.766s] -- Up-to-date: /home/osawakousei/ros2_ws/install/micro_ros_msgs/local/lib/python3.10/dist-packages/micro_ros_msgs/msg/_node_s.c
[3.766s] -- Up-to-date: /home/osawakousei/ros2_ws/install/micro_ros_msgs/local/lib/python3.10/dist-packages/micro_ros_msgs/msg/_entity_s.c
[3.766s] -- Up-to-date: /home/osawakousei/ros2_ws/install/micro_ros_msgs/local/lib/python3.10/dist-packages/micro_ros_msgs/msg/_graph.py
[3.767s] -- Up-to-date: /home/osawakousei/ros2_ws/install/micro_ros_msgs/local/lib/python3.10/dist-packages/micro_ros_msgs/msg/_entity.py
[3.767s] -- Up-to-date: /home/osawakousei/ros2_ws/install/micro_ros_msgs/local/lib/python3.10/dist-packages/micro_ros_msgs/msg/__init__.py
[3.767s] -- Up-to-date: /home/osawakousei/ros2_ws/install/micro_ros_msgs/local/lib/python3.10/dist-packages/micro_ros_msgs/msg/_graph_s.c
[3.767s] -- Up-to-date: /home/osawakousei/ros2_ws/install/micro_ros_msgs/local/lib/python3.10/dist-packages/micro_ros_msgs/_micro_ros_msgs_s.ep.rosidl_typesupport_fastrtps_c.c
[3.767s] -- Up-to-date: /home/osawakousei/ros2_ws/install/micro_ros_msgs/local/lib/python3.10/dist-packages/micro_ros_msgs/micro_ros_msgs_s__rosidl_typesupport_c.cpython-310-x86_64-linux-gnu.so
[3.938s] Listing '/home/osawakousei/ros2_ws/install/micro_ros_msgs/local/lib/python3.10/dist-packages/micro_ros_msgs'...
[3.938s] Listing '/home/osawakousei/ros2_ws/install/micro_ros_msgs/local/lib/python3.10/dist-packages/micro_ros_msgs/msg'...
[3.947s] -- Up-to-date: /home/osawakousei/ros2_ws/install/micro_ros_msgs/local/lib/python3.10/dist-packages/micro_ros_msgs/micro_ros_msgs_s__rosidl_typesupport_fastrtps_c.cpython-310-x86_64-linux-gnu.so
[3.949s] -- Up-to-date: /home/osawakousei/ros2_ws/install/micro_ros_msgs/local/lib/python3.10/dist-packages/micro_ros_msgs/micro_ros_msgs_s__rosidl_typesupport_introspection_c.cpython-310-x86_64-linux-gnu.so
[3.949s] -- Up-to-date: /home/osawakousei/ros2_ws/install/micro_ros_msgs/local/lib/python3.10/dist-packages/micro_ros_msgs/micro_ros_msgs_s__rosidl_typesupport_c.cpython-310-x86_64-linux-gnu.so
[3.951s] -- Up-to-date: /home/osawakousei/ros2_ws/install/micro_ros_msgs/lib/libmicro_ros_msgs__rosidl_generator_py.so
[3.953s] -- Up-to-date: /home/osawakousei/ros2_ws/install/micro_ros_msgs/share/micro_ros_msgs/msg/Graph.idl
[3.954s] -- Up-to-date: /home/osawakousei/ros2_ws/install/micro_ros_msgs/share/micro_ros_msgs/msg/Node.idl
[3.956s] -- Up-to-date: /home/osawakousei/ros2_ws/install/micro_ros_msgs/share/micro_ros_msgs/msg/Entity.idl
[3.957s] -- Up-to-date: /home/osawakousei/ros2_ws/install/micro_ros_msgs/share/micro_ros_msgs/msg/Graph.msg
[3.958s] -- Up-to-date: /home/osawakousei/ros2_ws/install/micro_ros_msgs/share/micro_ros_msgs/msg/Node.msg
[3.960s] -- Up-to-date: /home/osawakousei/ros2_ws/install/micro_ros_msgs/share/micro_ros_msgs/msg/Entity.msg
[3.961s] -- Up-to-date: /home/osawakousei/ros2_ws/install/micro_ros_msgs/share/ament_index/resource_index/package_run_dependencies/micro_ros_msgs
[3.962s] -- Up-to-date: /home/osawakousei/ros2_ws/install/micro_ros_msgs/share/ament_index/resource_index/parent_prefix_path/micro_ros_msgs
[3.963s] -- Up-to-date: /home/osawakousei/ros2_ws/install/micro_ros_msgs/share/micro_ros_msgs/environment/ament_prefix_path.sh
[3.964s] -- Up-to-date: /home/osawakousei/ros2_ws/install/micro_ros_msgs/share/micro_ros_msgs/environment/ament_prefix_path.dsv
[3.965s] -- Up-to-date: /home/osawakousei/ros2_ws/install/micro_ros_msgs/share/micro_ros_msgs/environment/path.sh
[3.965s] -- Up-to-date: /home/osawakousei/ros2_ws/install/micro_ros_msgs/share/micro_ros_msgs/environment/path.dsv
[3.966s] -- Up-to-date: /home/osawakousei/ros2_ws/install/micro_ros_msgs/share/micro_ros_msgs/local_setup.bash
[3.966s] -- Up-to-date: /home/osawakousei/ros2_ws/install/micro_ros_msgs/share/micro_ros_msgs/local_setup.sh
[3.967s] -- Up-to-date: /home/osawakousei/ros2_ws/install/micro_ros_msgs/share/micro_ros_msgs/local_setup.zsh
[3.968s] -- Up-to-date: /home/osawakousei/ros2_ws/install/micro_ros_msgs/share/micro_ros_msgs/local_setup.dsv
[3.968s] -- Installing: /home/osawakousei/ros2_ws/install/micro_ros_msgs/share/micro_ros_msgs/package.dsv
[3.969s] -- Up-to-date: /home/osawakousei/ros2_ws/install/micro_ros_msgs/share/ament_index/resource_index/packages/micro_ros_msgs
[3.969s] -- Up-to-date: /home/osawakousei/ros2_ws/install/micro_ros_msgs/share/micro_ros_msgs/cmake/export_micro_ros_msgs__rosidl_generator_cExport.cmake
[3.969s] -- Up-to-date: /home/osawakousei/ros2_ws/install/micro_ros_msgs/share/micro_ros_msgs/cmake/export_micro_ros_msgs__rosidl_generator_cExport-noconfig.cmake
[3.970s] -- Up-to-date: /home/osawakousei/ros2_ws/install/micro_ros_msgs/share/micro_ros_msgs/cmake/export_micro_ros_msgs__rosidl_typesupport_fastrtps_cExport.cmake
[3.970s] -- Up-to-date: /home/osawakousei/ros2_ws/install/micro_ros_msgs/share/micro_ros_msgs/cmake/export_micro_ros_msgs__rosidl_typesupport_fastrtps_cExport-noconfig.cmake
[3.971s] -- Up-to-date: /home/osawakousei/ros2_ws/install/micro_ros_msgs/share/micro_ros_msgs/cmake/micro_ros_msgs__rosidl_typesupport_introspection_cExport.cmake
[3.971s] -- Up-to-date: /home/osawakousei/ros2_ws/install/micro_ros_msgs/share/micro_ros_msgs/cmake/micro_ros_msgs__rosidl_typesupport_introspection_cExport-noconfig.cmake
[3.971s] -- Up-to-date: /home/osawakousei/ros2_ws/install/micro_ros_msgs/share/micro_ros_msgs/cmake/micro_ros_msgs__rosidl_typesupport_cExport.cmake
[3.972s] -- Up-to-date: /home/osawakousei/ros2_ws/install/micro_ros_msgs/share/micro_ros_msgs/cmake/micro_ros_msgs__rosidl_typesupport_cExport-noconfig.cmake
[3.973s] -- Up-to-date: /home/osawakousei/ros2_ws/install/micro_ros_msgs/share/micro_ros_msgs/cmake/export_micro_ros_msgs__rosidl_generator_cppExport.cmake
[3.973s] -- Up-to-date: /home/osawakousei/ros2_ws/install/micro_ros_msgs/share/micro_ros_msgs/cmake/export_micro_ros_msgs__rosidl_typesupport_fastrtps_cppExport.cmake
[3.974s] -- Up-to-date: /home/osawakousei/ros2_ws/install/micro_ros_msgs/share/micro_ros_msgs/cmake/export_micro_ros_msgs__rosidl_typesupport_fastrtps_cppExport-noconfig.cmake
[3.974s] -- Up-to-date: /home/osawakousei/ros2_ws/install/micro_ros_msgs/share/micro_ros_msgs/cmake/micro_ros_msgs__rosidl_typesupport_introspection_cppExport.cmake
[3.975s] -- Up-to-date: /home/osawakousei/ros2_ws/install/micro_ros_msgs/share/micro_ros_msgs/cmake/micro_ros_msgs__rosidl_typesupport_introspection_cppExport-noconfig.cmake
[3.976s] -- Up-to-date: /home/osawakousei/ros2_ws/install/micro_ros_msgs/share/micro_ros_msgs/cmake/micro_ros_msgs__rosidl_typesupport_cppExport.cmake
[3.976s] -- Up-to-date: /home/osawakousei/ros2_ws/install/micro_ros_msgs/share/micro_ros_msgs/cmake/micro_ros_msgs__rosidl_typesupport_cppExport-noconfig.cmake
[3.977s] -- Up-to-date: /home/osawakousei/ros2_ws/install/micro_ros_msgs/share/micro_ros_msgs/cmake/export_micro_ros_msgs__rosidl_generator_pyExport.cmake
[3.977s] -- Up-to-date: /home/osawakousei/ros2_ws/install/micro_ros_msgs/share/micro_ros_msgs/cmake/export_micro_ros_msgs__rosidl_generator_pyExport-noconfig.cmake
[3.978s] -- Up-to-date: /home/osawakousei/ros2_ws/install/micro_ros_msgs/share/micro_ros_msgs/cmake/rosidl_cmake-extras.cmake
[3.985s] -- Up-to-date: /home/osawakousei/ros2_ws/install/micro_ros_msgs/share/micro_ros_msgs/cmake/ament_cmake_export_include_directories-extras.cmake
[3.986s] -- Up-to-date: /home/osawakousei/ros2_ws/install/micro_ros_msgs/share/micro_ros_msgs/cmake/ament_cmake_export_libraries-extras.cmake
[3.987s] -- Up-to-date: /home/osawakousei/ros2_ws/install/micro_ros_msgs/share/micro_ros_msgs/cmake/ament_cmake_export_targets-extras.cmake
[3.987s] -- Up-to-date: /home/osawakousei/ros2_ws/install/micro_ros_msgs/share/micro_ros_msgs/cmake/rosidl_cmake_export_typesupport_targets-extras.cmake
[3.988s] -- Up-to-date: /home/osawakousei/ros2_ws/install/micro_ros_msgs/share/micro_ros_msgs/cmake/ament_cmake_export_dependencies-extras.cmake
[3.989s] -- Up-to-date: /home/osawakousei/ros2_ws/install/micro_ros_msgs/share/micro_ros_msgs/cmake/rosidl_cmake_export_typesupport_libraries-extras.cmake
[3.989s] -- Up-to-date: /home/osawakousei/ros2_ws/install/micro_ros_msgs/share/micro_ros_msgs/cmake/micro_ros_msgsConfig.cmake
[3.990s] -- Up-to-date: /home/osawakousei/ros2_ws/install/micro_ros_msgs/share/micro_ros_msgs/cmake/micro_ros_msgsConfig-version.cmake
[3.990s] -- Up-to-date: /home/osawakousei/ros2_ws/install/micro_ros_msgs/share/micro_ros_msgs/package.xml
[4.115s] Invoked command in '/home/osawakousei/ros2_ws/build/micro_ros_msgs' returned '0': CMAKE_PREFIX_PATH=${CMAKE_PREFIX_PATH}:/opt/ros/humble /usr/bin/cmake --install /home/osawakousei/ros2_ws/build/micro_ros_msgs
