[0.598s] Invoking command in '/home/osawakousei/ros2_ws/src/custom_message_unity/build/custom_message_unity': CMAKE_PREFIX_PATH=${CMAKE_PREFIX_PATH}:/opt/ros/humble /usr/bin/cmake --build /home/osawakousei/ros2_ws/src/custom_message_unity/build/custom_message_unity -- -j12 -l12
[0.840s] [  2%] Built target custom_message_unity__cpp
[0.842s] [  8%] Built target custom_message_unity__rosidl_generator_c
[0.844s] [ 10%] Built target custom_message_unity__cs
[0.894s] [ 10%] Built target ament_cmake_python_copy_custom_message_unity
[0.968s] [ 17%] Built target custom_message_unity__rosidl_typesupport_fastrtps_cpp
[0.968s] [ 28%] Built target custom_message_unity__rosidl_typesupport_fastrtps_c
[0.969s] [ 34%] Built target custom_message_unity__rosidl_typesupport_introspection_cpp
[0.969s] [ 43%] Built target custom_message_unity__rosidl_typesupport_cpp
[0.969s] [ 43%] Built target custom_message_unity__rosidl_typesupport_introspection_c
[0.972s] [ 45%] [34m[1m/usr/bin/cmake;-version;/usr/bin/dotnet restore custom_message_unity_assembly_dotnetcore.csproj;          /usr/bin/dotnet build custom_message_unity_assembly_dotnetcore.csproj -> /home/osawakousei/ros2_ws/src/custom_message_unity/build/custom_message_unity/custom_message_unity_assembly[0m
[0.973s] [ 52%] Built target custom_message_unity__rosidl_typesupport_c
[1.035s] [35m[1mConsolidate compiler generated dependencies of target custom_message_unity_custom_unity__rosidl_typesupport_fastrtps_c[0m
[1.086s] [ 52%] Built target custom_message_unity
[1.090s] [ 60%] Built target custom_message_unity_custom_unity__rosidl_typesupport_introspection_c
[1.091s] [ 69%] Built target custom_message_unity_custom_unity__rosidl_typesupport_c
[1.096s] [ 78%] Built target custom_message_unity_custom_unity__rosidl_typesupport_fastrtps_c
[1.157s] cmake version 3.22.1
[1.158s] 
[1.158s] CMake suite maintained and supported by Kitware (kitware.com/cmake).
[1.193s] [ 80%] Built target custom_message_unity__py
[1.301s] [ 84%] Built target custom_message_unity__rosidl_generator_py
[1.412s] [ 93%] Built target custom_message_unity__rosidl_typesupport_introspection_c__pyext
[1.412s] [ 93%] Built target custom_message_unity__rosidl_typesupport_c__pyext
[1.413s] [ 97%] Built target custom_message_unity__rosidl_typesupport_fastrtps_c__pyext
[1.787s] running egg_info
[1.788s] writing custom_message_unity.egg-info/PKG-INFO
[1.789s] writing dependency_links to custom_message_unity.egg-info/dependency_links.txt
[1.790s] writing top-level names to custom_message_unity.egg-info/top_level.txt
[1.796s] reading manifest file 'custom_message_unity.egg-info/SOURCES.txt'
[1.798s] writing manifest file 'custom_message_unity.egg-info/SOURCES.txt'
[1.874s] [ 97%] Built target ament_cmake_python_build_custom_message_unity_egg
[3.905s] [?1h=  Determining projects to restore...
[4.348s]   All projects are up-to-date for restore.
[5.439s] [?1h=.NET 向け Microsoft (R) Build Engine バージョン 17.0.1+b177f8fa7
[5.440s] Copyright (C) Microsoft Corporation.All rights reserved.
[5.440s] 
[7.280s]   Determining projects to restore...
[7.800s]   All projects are up-to-date for restore.
[8.480s]   custom_message_unity_assembly_dotnetcore -> /home/osawakousei/ros2_ws/src/custom_message_unity/build/custom_message_unity/netstandard2.0/custom_message_unity_assembly.dll
[8.505s] [39;49m[92m
[8.506s] ビルドに成功しました。
[8.507s] [39;49m    0 個の警告
[8.507s] [39;49m    0 エラー
[8.508s] [39;49m
[8.508s] 経過時間 00:00:02.47
[8.608s] [100%] Built target custom_message_unity_assembly
[8.657s] Invoked command in '/home/osawakousei/ros2_ws/src/custom_message_unity/build/custom_message_unity' returned '0': CMAKE_PREFIX_PATH=${CMAKE_PREFIX_PATH}:/opt/ros/humble /usr/bin/cmake --build /home/osawakousei/ros2_ws/src/custom_message_unity/build/custom_message_unity -- -j12 -l12
[9.374s] Invoking command in '/home/osawakousei/ros2_ws/src/custom_message_unity/build/custom_message_unity': CMAKE_PREFIX_PATH=${CMAKE_PREFIX_PATH}:/opt/ros/humble /usr/bin/cmake --install /home/osawakousei/ros2_ws/src/custom_message_unity/build/custom_message_unity
[9.406s] -- Install configuration: ""
[9.407s] -- Up-to-date: /home/osawakousei/ros2_ws/src/custom_message_unity/install/custom_message_unity/share/ament_index/resource_index/rosidl_interfaces/custom_message_unity
[9.408s] -- Up-to-date: /home/osawakousei/ros2_ws/src/custom_message_unity/install/custom_message_unity/include/custom_message_unity/custom_message_unity
[9.409s] -- Up-to-date: /home/osawakousei/ros2_ws/src/custom_message_unity/install/custom_message_unity/include/custom_message_unity/custom_message_unity/msg
[9.409s] -- Up-to-date: /home/osawakousei/ros2_ws/src/custom_message_unity/install/custom_message_unity/include/custom_message_unity/custom_message_unity/msg/rosidl_generator_c__visibility_control.h
[9.409s] -- Up-to-date: /home/osawakousei/ros2_ws/src/custom_message_unity/install/custom_message_unity/include/custom_message_unity/custom_message_unity/msg/detail
[9.410s] -- Up-to-date: /home/osawakousei/ros2_ws/src/custom_message_unity/install/custom_message_unity/include/custom_message_unity/custom_message_unity/msg/detail/custom_unity__struct.h
[9.411s] -- Up-to-date: /home/osawakousei/ros2_ws/src/custom_message_unity/install/custom_message_unity/include/custom_message_unity/custom_message_unity/msg/detail/custom_unity__type_support.h
[9.412s] -- Up-to-date: /home/osawakousei/ros2_ws/src/custom_message_unity/install/custom_message_unity/include/custom_message_unity/custom_message_unity/msg/detail/custom_unity__functions.c
[9.412s] -- Up-to-date: /home/osawakousei/ros2_ws/src/custom_message_unity/install/custom_message_unity/include/custom_message_unity/custom_message_unity/msg/detail/custom_unity__functions.h
[9.412s] -- Up-to-date: /home/osawakousei/ros2_ws/src/custom_message_unity/install/custom_message_unity/include/custom_message_unity/custom_message_unity/msg/custom_unity.h
[9.415s] -- Up-to-date: /home/osawakousei/ros2_ws/src/custom_message_unity/install/custom_message_unity/share/custom_message_unity/environment/library_path.sh
[9.416s] -- Up-to-date: /home/osawakousei/ros2_ws/src/custom_message_unity/install/custom_message_unity/share/custom_message_unity/environment/library_path.dsv
[9.417s] -- Up-to-date: /home/osawakousei/ros2_ws/src/custom_message_unity/install/custom_message_unity/lib/libcustom_message_unity__rosidl_generator_c.so
[9.417s] -- Up-to-date: /home/osawakousei/ros2_ws/src/custom_message_unity/install/custom_message_unity/include/custom_message_unity/custom_message_unity
[9.418s] -- Up-to-date: /home/osawakousei/ros2_ws/src/custom_message_unity/install/custom_message_unity/include/custom_message_unity/custom_message_unity/msg
[9.418s] -- Up-to-date: /home/osawakousei/ros2_ws/src/custom_message_unity/install/custom_message_unity/include/custom_message_unity/custom_message_unity/msg/detail
[9.419s] -- Up-to-date: /home/osawakousei/ros2_ws/src/custom_message_unity/install/custom_message_unity/include/custom_message_unity/custom_message_unity/msg/detail/custom_unity__rosidl_typesupport_fastrtps_c.h
[9.420s] -- Up-to-date: /home/osawakousei/ros2_ws/src/custom_message_unity/install/custom_message_unity/include/custom_message_unity/custom_message_unity/msg/rosidl_typesupport_fastrtps_c__visibility_control.h
[9.422s] -- Up-to-date: /home/osawakousei/ros2_ws/src/custom_message_unity/install/custom_message_unity/lib/libcustom_message_unity__rosidl_typesupport_fastrtps_c.so
[9.424s] -- Up-to-date: /home/osawakousei/ros2_ws/src/custom_message_unity/install/custom_message_unity/include/custom_message_unity/custom_message_unity
[9.424s] -- Up-to-date: /home/osawakousei/ros2_ws/src/custom_message_unity/install/custom_message_unity/include/custom_message_unity/custom_message_unity/msg
[9.424s] -- Up-to-date: /home/osawakousei/ros2_ws/src/custom_message_unity/install/custom_message_unity/include/custom_message_unity/custom_message_unity/msg/rosidl_typesupport_introspection_c__visibility_control.h
[9.425s] -- Up-to-date: /home/osawakousei/ros2_ws/src/custom_message_unity/install/custom_message_unity/include/custom_message_unity/custom_message_unity/msg/detail
[9.425s] -- Up-to-date: /home/osawakousei/ros2_ws/src/custom_message_unity/install/custom_message_unity/include/custom_message_unity/custom_message_unity/msg/detail/custom_unity__rosidl_typesupport_introspection_c.h
[9.425s] -- Up-to-date: /home/osawakousei/ros2_ws/src/custom_message_unity/install/custom_message_unity/include/custom_message_unity/custom_message_unity/msg/detail/custom_unity__type_support.c
[9.426s] -- Up-to-date: /home/osawakousei/ros2_ws/src/custom_message_unity/install/custom_message_unity/lib/libcustom_message_unity__rosidl_typesupport_introspection_c.so
[9.426s] -- Up-to-date: /home/osawakousei/ros2_ws/src/custom_message_unity/install/custom_message_unity/lib/libcustom_message_unity__rosidl_typesupport_c.so
[9.426s] -- Up-to-date: /home/osawakousei/ros2_ws/src/custom_message_unity/install/custom_message_unity/include/custom_message_unity/custom_message_unity
[9.427s] -- Up-to-date: /home/osawakousei/ros2_ws/src/custom_message_unity/install/custom_message_unity/include/custom_message_unity/custom_message_unity/msg
[9.427s] -- Up-to-date: /home/osawakousei/ros2_ws/src/custom_message_unity/install/custom_message_unity/include/custom_message_unity/custom_message_unity/msg/custom_unity.hpp
[9.427s] -- Up-to-date: /home/osawakousei/ros2_ws/src/custom_message_unity/install/custom_message_unity/include/custom_message_unity/custom_message_unity/msg/detail
[9.428s] -- Up-to-date: /home/osawakousei/ros2_ws/src/custom_message_unity/install/custom_message_unity/include/custom_message_unity/custom_message_unity/msg/detail/custom_unity__builder.hpp
[9.428s] -- Up-to-date: /home/osawakousei/ros2_ws/src/custom_message_unity/install/custom_message_unity/include/custom_message_unity/custom_message_unity/msg/detail/custom_unity__struct.hpp
[9.428s] -- Up-to-date: /home/osawakousei/ros2_ws/src/custom_message_unity/install/custom_message_unity/include/custom_message_unity/custom_message_unity/msg/detail/custom_unity__traits.hpp
[9.429s] -- Up-to-date: /home/osawakousei/ros2_ws/src/custom_message_unity/install/custom_message_unity/include/custom_message_unity/custom_message_unity
[9.429s] -- Up-to-date: /home/osawakousei/ros2_ws/src/custom_message_unity/install/custom_message_unity/include/custom_message_unity/custom_message_unity/msg
[9.429s] -- Up-to-date: /home/osawakousei/ros2_ws/src/custom_message_unity/install/custom_message_unity/include/custom_message_unity/custom_message_unity/msg/rosidl_typesupport_fastrtps_cpp__visibility_control.h
[9.430s] -- Up-to-date: /home/osawakousei/ros2_ws/src/custom_message_unity/install/custom_message_unity/include/custom_message_unity/custom_message_unity/msg/detail
[9.430s] -- Up-to-date: /home/osawakousei/ros2_ws/src/custom_message_unity/install/custom_message_unity/include/custom_message_unity/custom_message_unity/msg/detail/custom_unity__rosidl_typesupport_fastrtps_cpp.hpp
[9.430s] -- Up-to-date: /home/osawakousei/ros2_ws/src/custom_message_unity/install/custom_message_unity/include/custom_message_unity/custom_message_unity/msg/detail/dds_fastrtps
[9.431s] -- Up-to-date: /home/osawakousei/ros2_ws/src/custom_message_unity/install/custom_message_unity/lib/libcustom_message_unity__rosidl_typesupport_fastrtps_cpp.so
[9.432s] -- Up-to-date: /home/osawakousei/ros2_ws/src/custom_message_unity/install/custom_message_unity/include/custom_message_unity/custom_message_unity
[9.432s] -- Up-to-date: /home/osawakousei/ros2_ws/src/custom_message_unity/install/custom_message_unity/include/custom_message_unity/custom_message_unity/msg
[9.433s] -- Up-to-date: /home/osawakousei/ros2_ws/src/custom_message_unity/install/custom_message_unity/include/custom_message_unity/custom_message_unity/msg/detail
[9.433s] -- Up-to-date: /home/osawakousei/ros2_ws/src/custom_message_unity/install/custom_message_unity/include/custom_message_unity/custom_message_unity/msg/detail/custom_unity__rosidl_typesupport_introspection_cpp.hpp
[9.434s] -- Up-to-date: /home/osawakousei/ros2_ws/src/custom_message_unity/install/custom_message_unity/include/custom_message_unity/custom_message_unity/msg/detail/custom_unity__type_support.cpp
[9.434s] -- Up-to-date: /home/osawakousei/ros2_ws/src/custom_message_unity/install/custom_message_unity/lib/libcustom_message_unity__rosidl_typesupport_introspection_cpp.so
[9.435s] -- Up-to-date: /home/osawakousei/ros2_ws/src/custom_message_unity/install/custom_message_unity/lib/libcustom_message_unity__rosidl_typesupport_cpp.so
[9.436s] -- Up-to-date: /home/osawakousei/ros2_ws/src/custom_message_unity/install/custom_message_unity/lib/libcustom_message_unity_custom_unity__rosidl_typesupport_c_native.so
[9.436s] -- Up-to-date: /home/osawakousei/ros2_ws/src/custom_message_unity/install/custom_message_unity/lib/libcustom_message_unity_custom_unity__rosidl_typesupport_introspection_c_native.so
[9.437s] -- Up-to-date: /home/osawakousei/ros2_ws/src/custom_message_unity/install/custom_message_unity/lib/libcustom_message_unity_custom_unity__rosidl_typesupport_fastrtps_c_native.so
[9.437s] -- Up-to-date: /home/osawakousei/ros2_ws/src/custom_message_unity/install/custom_message_unity/lib/dotnet
[9.437s] -- Up-to-date: /home/osawakousei/ros2_ws/src/custom_message_unity/install/custom_message_unity/lib/dotnet/custom_message_unity_assembly.dll
[9.438s] -- Up-to-date: /home/osawakousei/ros2_ws/src/custom_message_unity/install/custom_message_unity/lib/dotnet/ros2cs_common.dll
[9.438s] -- Up-to-date: /home/osawakousei/ros2_ws/src/custom_message_unity/install/custom_message_unity/lib/dotnet/custom_message_unity_assembly.deps.json
[9.438s] -- Up-to-date: /home/osawakousei/ros2_ws/src/custom_message_unity/install/custom_message_unity/share/custom_message_unity/environment/pythonpath.sh
[9.438s] -- Up-to-date: /home/osawakousei/ros2_ws/src/custom_message_unity/install/custom_message_unity/share/custom_message_unity/environment/pythonpath.dsv
[9.439s] -- Up-to-date: /home/osawakousei/ros2_ws/src/custom_message_unity/install/custom_message_unity/local/lib/python3.10/dist-packages/custom_message_unity-0.0.0-py3.10.egg-info
[9.439s] -- Installing: /home/osawakousei/ros2_ws/src/custom_message_unity/install/custom_message_unity/local/lib/python3.10/dist-packages/custom_message_unity-0.0.0-py3.10.egg-info/top_level.txt
[9.439s] -- Installing: /home/osawakousei/ros2_ws/src/custom_message_unity/install/custom_message_unity/local/lib/python3.10/dist-packages/custom_message_unity-0.0.0-py3.10.egg-info/SOURCES.txt
[9.439s] -- Installing: /home/osawakousei/ros2_ws/src/custom_message_unity/install/custom_message_unity/local/lib/python3.10/dist-packages/custom_message_unity-0.0.0-py3.10.egg-info/dependency_links.txt
[9.440s] -- Installing: /home/osawakousei/ros2_ws/src/custom_message_unity/install/custom_message_unity/local/lib/python3.10/dist-packages/custom_message_unity-0.0.0-py3.10.egg-info/PKG-INFO
[9.440s] -- Up-to-date: /home/osawakousei/ros2_ws/src/custom_message_unity/install/custom_message_unity/local/lib/python3.10/dist-packages/custom_message_unity
[9.440s] -- Up-to-date: /home/osawakousei/ros2_ws/src/custom_message_unity/install/custom_message_unity/local/lib/python3.10/dist-packages/custom_message_unity/_custom_message_unity_s.ep.rosidl_typesupport_fastrtps_c.c
[9.440s] -- Up-to-date: /home/osawakousei/ros2_ws/src/custom_message_unity/install/custom_message_unity/local/lib/python3.10/dist-packages/custom_message_unity/custom_message_unity_s__rosidl_typesupport_fastrtps_c.cpython-310-x86_64-linux-gnu.so
[9.440s] -- Up-to-date: /home/osawakousei/ros2_ws/src/custom_message_unity/install/custom_message_unity/local/lib/python3.10/dist-packages/custom_message_unity/custom_message_unity_s__rosidl_typesupport_introspection_c.cpython-310-x86_64-linux-gnu.so
[9.441s] -- Up-to-date: /home/osawakousei/ros2_ws/src/custom_message_unity/install/custom_message_unity/local/lib/python3.10/dist-packages/custom_message_unity/_custom_message_unity_s.ep.rosidl_typesupport_c.c
[9.441s] -- Up-to-date: /home/osawakousei/ros2_ws/src/custom_message_unity/install/custom_message_unity/local/lib/python3.10/dist-packages/custom_message_unity/_custom_message_unity_s.ep.rosidl_typesupport_introspection_c.c
[9.441s] -- Up-to-date: /home/osawakousei/ros2_ws/src/custom_message_unity/install/custom_message_unity/local/lib/python3.10/dist-packages/custom_message_unity/__init__.py
[9.441s] -- Up-to-date: /home/osawakousei/ros2_ws/src/custom_message_unity/install/custom_message_unity/local/lib/python3.10/dist-packages/custom_message_unity/libcustom_message_unity__rosidl_generator_py.so
[9.441s] -- Up-to-date: /home/osawakousei/ros2_ws/src/custom_message_unity/install/custom_message_unity/local/lib/python3.10/dist-packages/custom_message_unity/msg
[9.442s] -- Up-to-date: /home/osawakousei/ros2_ws/src/custom_message_unity/install/custom_message_unity/local/lib/python3.10/dist-packages/custom_message_unity/msg/_custom_unity_s.c
[9.442s] -- Up-to-date: /home/osawakousei/ros2_ws/src/custom_message_unity/install/custom_message_unity/local/lib/python3.10/dist-packages/custom_message_unity/msg/_custom_unity.py
[9.442s] -- Up-to-date: /home/osawakousei/ros2_ws/src/custom_message_unity/install/custom_message_unity/local/lib/python3.10/dist-packages/custom_message_unity/msg/__init__.py
[9.442s] -- Up-to-date: /home/osawakousei/ros2_ws/src/custom_message_unity/install/custom_message_unity/local/lib/python3.10/dist-packages/custom_message_unity/custom_message_unity_s__rosidl_typesupport_c.cpython-310-x86_64-linux-gnu.so
[9.566s] Listing '/home/osawakousei/ros2_ws/src/custom_message_unity/install/custom_message_unity/local/lib/python3.10/dist-packages/custom_message_unity'...
[9.567s] Listing '/home/osawakousei/ros2_ws/src/custom_message_unity/install/custom_message_unity/local/lib/python3.10/dist-packages/custom_message_unity/msg'...
[9.578s] -- Up-to-date: /home/osawakousei/ros2_ws/src/custom_message_unity/install/custom_message_unity/local/lib/python3.10/dist-packages/custom_message_unity/custom_message_unity_s__rosidl_typesupport_fastrtps_c.cpython-310-x86_64-linux-gnu.so
[9.580s] -- Up-to-date: /home/osawakousei/ros2_ws/src/custom_message_unity/install/custom_message_unity/local/lib/python3.10/dist-packages/custom_message_unity/custom_message_unity_s__rosidl_typesupport_introspection_c.cpython-310-x86_64-linux-gnu.so
[9.581s] -- Up-to-date: /home/osawakousei/ros2_ws/src/custom_message_unity/install/custom_message_unity/local/lib/python3.10/dist-packages/custom_message_unity/custom_message_unity_s__rosidl_typesupport_c.cpython-310-x86_64-linux-gnu.so
[9.583s] -- Up-to-date: /home/osawakousei/ros2_ws/src/custom_message_unity/install/custom_message_unity/lib/libcustom_message_unity__rosidl_generator_py.so
[9.584s] -- Up-to-date: /home/osawakousei/ros2_ws/src/custom_message_unity/install/custom_message_unity/share/custom_message_unity/msg/CustomUnity.idl
[9.585s] -- Up-to-date: /home/osawakousei/ros2_ws/src/custom_message_unity/install/custom_message_unity/share/custom_message_unity/msg/CustomUnity.msg
[9.586s] -- Up-to-date: /home/osawakousei/ros2_ws/src/custom_message_unity/install/custom_message_unity/share/ament_index/resource_index/package_run_dependencies/custom_message_unity
[9.586s] -- Up-to-date: /home/osawakousei/ros2_ws/src/custom_message_unity/install/custom_message_unity/share/ament_index/resource_index/parent_prefix_path/custom_message_unity
[9.587s] -- Up-to-date: /home/osawakousei/ros2_ws/src/custom_message_unity/install/custom_message_unity/share/custom_message_unity/environment/ament_prefix_path.sh
[9.588s] -- Up-to-date: /home/osawakousei/ros2_ws/src/custom_message_unity/install/custom_message_unity/share/custom_message_unity/environment/ament_prefix_path.dsv
[9.588s] -- Up-to-date: /home/osawakousei/ros2_ws/src/custom_message_unity/install/custom_message_unity/share/custom_message_unity/environment/path.sh
[9.589s] -- Up-to-date: /home/osawakousei/ros2_ws/src/custom_message_unity/install/custom_message_unity/share/custom_message_unity/environment/path.dsv
[9.590s] -- Up-to-date: /home/osawakousei/ros2_ws/src/custom_message_unity/install/custom_message_unity/share/custom_message_unity/local_setup.bash
[9.591s] -- Up-to-date: /home/osawakousei/ros2_ws/src/custom_message_unity/install/custom_message_unity/share/custom_message_unity/local_setup.sh
[9.591s] -- Up-to-date: /home/osawakousei/ros2_ws/src/custom_message_unity/install/custom_message_unity/share/custom_message_unity/local_setup.zsh
[9.592s] -- Up-to-date: /home/osawakousei/ros2_ws/src/custom_message_unity/install/custom_message_unity/share/custom_message_unity/local_setup.dsv
[9.592s] -- Installing: /home/osawakousei/ros2_ws/src/custom_message_unity/install/custom_message_unity/share/custom_message_unity/package.dsv
[9.593s] -- Up-to-date: /home/osawakousei/ros2_ws/src/custom_message_unity/install/custom_message_unity/share/ament_index/resource_index/packages/custom_message_unity
[9.594s] -- Up-to-date: /home/osawakousei/ros2_ws/src/custom_message_unity/install/custom_message_unity/share/custom_message_unity/cmake/export_custom_message_unity__rosidl_generator_cExport.cmake
[9.594s] -- Up-to-date: /home/osawakousei/ros2_ws/src/custom_message_unity/install/custom_message_unity/share/custom_message_unity/cmake/export_custom_message_unity__rosidl_generator_cExport-noconfig.cmake
[9.595s] -- Up-to-date: /home/osawakousei/ros2_ws/src/custom_message_unity/install/custom_message_unity/share/custom_message_unity/cmake/export_custom_message_unity__rosidl_typesupport_fastrtps_cExport.cmake
[9.596s] -- Up-to-date: /home/osawakousei/ros2_ws/src/custom_message_unity/install/custom_message_unity/share/custom_message_unity/cmake/export_custom_message_unity__rosidl_typesupport_fastrtps_cExport-noconfig.cmake
[9.596s] -- Up-to-date: /home/osawakousei/ros2_ws/src/custom_message_unity/install/custom_message_unity/share/custom_message_unity/cmake/custom_message_unity__rosidl_typesupport_introspection_cExport.cmake
[9.597s] -- Up-to-date: /home/osawakousei/ros2_ws/src/custom_message_unity/install/custom_message_unity/share/custom_message_unity/cmake/custom_message_unity__rosidl_typesupport_introspection_cExport-noconfig.cmake
[9.597s] -- Up-to-date: /home/osawakousei/ros2_ws/src/custom_message_unity/install/custom_message_unity/share/custom_message_unity/cmake/custom_message_unity__rosidl_typesupport_cExport.cmake
[9.598s] -- Up-to-date: /home/osawakousei/ros2_ws/src/custom_message_unity/install/custom_message_unity/share/custom_message_unity/cmake/custom_message_unity__rosidl_typesupport_cExport-noconfig.cmake
[9.599s] -- Up-to-date: /home/osawakousei/ros2_ws/src/custom_message_unity/install/custom_message_unity/share/custom_message_unity/cmake/export_custom_message_unity__rosidl_generator_cppExport.cmake
[9.599s] -- Up-to-date: /home/osawakousei/ros2_ws/src/custom_message_unity/install/custom_message_unity/share/custom_message_unity/cmake/export_custom_message_unity__rosidl_typesupport_fastrtps_cppExport.cmake
[9.599s] -- Up-to-date: /home/osawakousei/ros2_ws/src/custom_message_unity/install/custom_message_unity/share/custom_message_unity/cmake/export_custom_message_unity__rosidl_typesupport_fastrtps_cppExport-noconfig.cmake
[9.599s] -- Up-to-date: /home/osawakousei/ros2_ws/src/custom_message_unity/install/custom_message_unity/share/custom_message_unity/cmake/custom_message_unity__rosidl_typesupport_introspection_cppExport.cmake
[9.600s] -- Up-to-date: /home/osawakousei/ros2_ws/src/custom_message_unity/install/custom_message_unity/share/custom_message_unity/cmake/custom_message_unity__rosidl_typesupport_introspection_cppExport-noconfig.cmake
[9.600s] -- Up-to-date: /home/osawakousei/ros2_ws/src/custom_message_unity/install/custom_message_unity/share/custom_message_unity/cmake/custom_message_unity__rosidl_typesupport_cppExport.cmake
[9.600s] -- Up-to-date: /home/osawakousei/ros2_ws/src/custom_message_unity/install/custom_message_unity/share/custom_message_unity/cmake/custom_message_unity__rosidl_typesupport_cppExport-noconfig.cmake
[9.600s] -- Up-to-date: /home/osawakousei/ros2_ws/src/custom_message_unity/install/custom_message_unity/share/custom_message_unity/cmake/export_custom_message_unity__rosidl_generator_pyExport.cmake
[9.601s] -- Up-to-date: /home/osawakousei/ros2_ws/src/custom_message_unity/install/custom_message_unity/share/custom_message_unity/cmake/export_custom_message_unity__rosidl_generator_pyExport-noconfig.cmake
[9.601s] -- Up-to-date: /home/osawakousei/ros2_ws/src/custom_message_unity/install/custom_message_unity/share/custom_message_unity/cmake/rosidl_cmake-extras.cmake
[9.602s] -- Up-to-date: /home/osawakousei/ros2_ws/src/custom_message_unity/install/custom_message_unity/share/custom_message_unity/cmake/ament_cmake_export_include_directories-extras.cmake
[9.604s] -- Up-to-date: /home/osawakousei/ros2_ws/src/custom_message_unity/install/custom_message_unity/share/custom_message_unity/cmake/ament_cmake_export_libraries-extras.cmake
[9.605s] -- Up-to-date: /home/osawakousei/ros2_ws/src/custom_message_unity/install/custom_message_unity/share/custom_message_unity/cmake/ament_cmake_export_targets-extras.cmake
[9.607s] -- Up-to-date: /home/osawakousei/ros2_ws/src/custom_message_unity/install/custom_message_unity/share/custom_message_unity/cmake/rosidl_cmake_export_typesupport_targets-extras.cmake
[9.608s] -- Up-to-date: /home/osawakousei/ros2_ws/src/custom_message_unity/install/custom_message_unity/share/custom_message_unity/cmake/ament_cmake_export_dependencies-extras.cmake
[9.610s] -- Up-to-date: /home/osawakousei/ros2_ws/src/custom_message_unity/install/custom_message_unity/share/custom_message_unity/cmake/rosidl_cmake_export_typesupport_libraries-extras.cmake
[9.611s] -- Up-to-date: /home/osawakousei/ros2_ws/src/custom_message_unity/install/custom_message_unity/share/custom_message_unity/cmake/ament_cmake_export_assemblies-extras.cmake
[9.612s] -- Up-to-date: /home/osawakousei/ros2_ws/src/custom_message_unity/install/custom_message_unity/share/custom_message_unity/cmake/custom_message_unityConfig.cmake
[9.612s] -- Up-to-date: /home/osawakousei/ros2_ws/src/custom_message_unity/install/custom_message_unity/share/custom_message_unity/cmake/custom_message_unityConfig-version.cmake
[9.613s] -- Up-to-date: /home/osawakousei/ros2_ws/src/custom_message_unity/install/custom_message_unity/share/custom_message_unity/package.xml
[9.613s] Invoked command in '/home/osawakousei/ros2_ws/src/custom_message_unity/build/custom_message_unity' returned '0': CMAKE_PREFIX_PATH=${CMAKE_PREFIX_PATH}:/opt/ros/humble /usr/bin/cmake --install /home/osawakousei/ros2_ws/src/custom_message_unity/build/custom_message_unity
