[0.215s] Invoking command in '/home/osawakousei/ros2_ws/build/micro_ros_msgs': CMAKE_PREFIX_PATH=${CMAKE_PREFIX_PATH}:/opt/ros/humble /usr/bin/cmake --build /home/osawakousei/ros2_ws/build/micro_ros_msgs -- -j8 -l8
[0.335s] -- Found ament_cmake: 1.3.5 (/opt/ros/humble/share/ament_cmake/cmake)
[1.353s] -- Found rosidl_default_generators: 1.2.0 (/opt/ros/humble/share/rosidl_default_generators/cmake)
[1.373s] -- Using all available rosidl_typesupport_c: rosidl_typesupport_fastrtps_c;rosidl_typesupport_introspection_c
[1.386s] -- Found rosidl_adapter: 3.1.5 (/opt/ros/humble/share/rosidl_adapter/cmake)
[1.544s] -- Using all available rosidl_typesupport_cpp: rosidl_typesupport_fastrtps_cpp;rosidl_typesupport_introspection_cpp
[1.704s] -- Found ament_lint_auto: 0.12.8 (/opt/ros/humble/share/ament_lint_auto/cmake)
[2.858s] -- Found ament_cmake_ros: 0.10.0 (/opt/ros/humble/share/ament_cmake_ros/cmake)
[3.684s] -- Using all available rosidl_typesupport_c: rosidl_typesupport_fastrtps_c;rosidl_typesupport_introspection_c
[4.604s] -- Using all available rosidl_typesupport_cpp: rosidl_typesupport_fastrtps_cpp;rosidl_typesupport_introspection_cpp
[4.717s] -- Found python_cmake_module: 0.10.0 (/opt/ros/humble/share/python_cmake_module/cmake)
[4.846s] -- Using PYTHON_EXECUTABLE: /usr/bin/python3
[4.846s] -- Using PYTHON_INCLUDE_DIRS: /usr/include/python3.10
[4.846s] -- Using PYTHON_LIBRARIES: /usr/lib/x86_64-linux-gnu/libpython3.10.so
[4.942s] -- Added test 'copyright' to check source files copyright and LICENSE
[5.067s] -- Added test 'lint_cmake' to check CMake code style
[5.085s] -- Added test 'xmllint' to check XML markup files
[5.174s] -- Configuring done
[6.031s] -- Generating done
[6.047s] -- Build files have been written to: /home/osawakousei/ros2_ws/build/micro_ros_msgs
[6.166s] [35m[1mConsolidate compiler generated dependencies of target micro_ros_msgs__rosidl_generator_c[0m
[6.211s] [  2%] Built target micro_ros_msgs__cpp
[6.222s] [  4%] [32m[1mLinking C shared library libmicro_ros_msgs__rosidl_generator_c.so[0m
[6.272s] [35m[1mConsolidate compiler generated dependencies of target micro_ros_msgs__rosidl_typesupport_fastrtps_cpp[0m
[6.273s] [35m[1mConsolidate compiler generated dependencies of target micro_ros_msgs__rosidl_typesupport_cpp[0m
[6.274s] [35m[1mConsolidate compiler generated dependencies of target micro_ros_msgs__rosidl_typesupport_introspection_cpp[0m
[6.324s] [  4%] Built target ament_cmake_python_copy_micro_ros_msgs
[6.341s] [  6%] [32m[1mLinking CXX shared library libmicro_ros_msgs__rosidl_typesupport_cpp.so[0m
[6.342s] [  8%] [32m[1mLinking CXX shared library libmicro_ros_msgs__rosidl_typesupport_introspection_cpp.so[0m
[6.344s] [ 10%] [32m[1mLinking CXX shared library libmicro_ros_msgs__rosidl_typesupport_fastrtps_cpp.so[0m
[6.385s] [ 19%] Built target micro_ros_msgs__rosidl_generator_c
[6.446s] [35m[1mConsolidate compiler generated dependencies of target micro_ros_msgs__rosidl_typesupport_introspection_c[0m
[6.458s] [35m[1mConsolidate compiler generated dependencies of target micro_ros_msgs__rosidl_typesupport_fastrtps_c[0m
[6.464s] [35m[1mConsolidate compiler generated dependencies of target micro_ros_msgs__rosidl_typesupport_c[0m
[6.509s] [ 21%] [32m[1mLinking C shared library libmicro_ros_msgs__rosidl_typesupport_introspection_c.so[0m
[6.526s] [ 23%] [32m[1mLinking CXX shared library libmicro_ros_msgs__rosidl_typesupport_c.so[0m
[6.531s] [ 31%] Built target micro_ros_msgs__rosidl_typesupport_cpp
[6.549s] [ 34%] [32m[1mLinking CXX shared library libmicro_ros_msgs__rosidl_typesupport_fastrtps_c.so[0m
[6.664s] [ 42%] Built target micro_ros_msgs__rosidl_typesupport_introspection_c
[6.669s] [ 51%] Built target micro_ros_msgs__rosidl_typesupport_fastrtps_cpp
[6.707s] [ 59%] Built target micro_ros_msgs__rosidl_typesupport_introspection_cpp
[6.721s] [ 68%] Built target micro_ros_msgs__rosidl_typesupport_c
[6.826s] [ 76%] Built target micro_ros_msgs__rosidl_typesupport_fastrtps_c
[6.928s] [ 76%] Built target micro_ros_msgs
[7.036s] [ 78%] Built target micro_ros_msgs__py
[7.102s] [35m[1mConsolidate compiler generated dependencies of target micro_ros_msgs__rosidl_generator_py[0m
[7.172s] [ 80%] [32m[1mLinking C shared library rosidl_generator_py/micro_ros_msgs/libmicro_ros_msgs__rosidl_generator_py.so[0m
[7.296s] running egg_info
[7.296s] writing micro_ros_msgs.egg-info/PKG-INFO
[7.296s] writing dependency_links to micro_ros_msgs.egg-info/dependency_links.txt
[7.296s] writing top-level names to micro_ros_msgs.egg-info/top_level.txt
[7.303s] reading manifest file 'micro_ros_msgs.egg-info/SOURCES.txt'
[7.306s] writing manifest file 'micro_ros_msgs.egg-info/SOURCES.txt'
[7.351s] [ 87%] Built target micro_ros_msgs__rosidl_generator_py
[7.390s] [ 87%] Built target ament_cmake_python_build_micro_ros_msgs_egg
[7.406s] [35m[1mConsolidate compiler generated dependencies of target micro_ros_msgs__rosidl_typesupport_c__pyext[0m
[7.407s] [35m[1mConsolidate compiler generated dependencies of target micro_ros_msgs__rosidl_typesupport_fastrtps_c__pyext[0m
[7.407s] [35m[1mConsolidate compiler generated dependencies of target micro_ros_msgs__rosidl_typesupport_introspection_c__pyext[0m
[7.467s] [ 89%] [32m[1mLinking C shared library rosidl_generator_py/micro_ros_msgs/micro_ros_msgs_s__rosidl_typesupport_c.cpython-310-x86_64-linux-gnu.so[0m
[7.470s] [ 91%] [32m[1mLinking C shared library rosidl_generator_py/micro_ros_msgs/micro_ros_msgs_s__rosidl_typesupport_fastrtps_c.cpython-310-x86_64-linux-gnu.so[0m
[7.471s] [ 93%] [32m[1mLinking C shared library rosidl_generator_py/micro_ros_msgs/micro_ros_msgs_s__rosidl_typesupport_introspection_c.cpython-310-x86_64-linux-gnu.so[0m
[7.611s] [ 95%] Built target micro_ros_msgs__rosidl_typesupport_c__pyext
[7.622s] [100%] Built target micro_ros_msgs__rosidl_typesupport_fastrtps_c__pyext
[7.622s] [100%] Built target micro_ros_msgs__rosidl_typesupport_introspection_c__pyext
