[1.721s] Invoking command in '/home/osawakousei/ros2_ws/build/custom_message_unity': CMAKE_PREFIX_PATH=${CMAKE_PREFIX_PATH}:/opt/ros/humble /usr/bin/cmake --build /home/osawakousei/ros2_ws/build/custom_message_unity -- -j12 -l12
[2.198s] [  2%] Built target custom_message_unity__cpp
[2.229s] [  8%] Built target custom_message_unity__rosidl_generator_c
[2.230s] [  8%] Built target ament_cmake_python_copy_custom_message_unity
[2.230s] [ 10%] Built target custom_message_unity__cs
[2.672s] [ 17%] Built target custom_message_unity__rosidl_typesupport_introspection_c
[2.827s] [ 23%] Built target custom_message_unity__rosidl_typesupport_fastrtps_c
[2.829s] [ 26%] [34m[1m/usr/bin/cmake;-version;/usr/bin/dotnet restore custom_message_unity_assembly_dotnetcore.csproj;          /usr/bin/dotnet build custom_message_unity_assembly_dotnetcore.csproj -> /home/osawakousei/ros2_ws/build/custom_message_unity/custom_message_unity_assembly[0m
[2.844s] [ 32%] Built target custom_message_unity__rosidl_typesupport_fastrtps_cpp
[3.112s] [ 39%] Built target custom_message_unity__rosidl_typesupport_c
[3.112s] [ 45%] Built target custom_message_unity__rosidl_typesupport_introspection_cpp
[3.116s] [ 52%] Built target custom_message_unity__rosidl_typesupport_cpp
[3.312s] [ 60%] Built target custom_message_unity_custom_unity__rosidl_typesupport_introspection_c
[3.354s] cmake version 3.22.1
[3.354s] 
[3.354s] CMake suite maintained and supported by Kitware (kitware.com/cmake).
[3.373s] [ 60%] Built target custom_message_unity
[3.380s] [ 69%] Built target custom_message_unity_custom_unity__rosidl_typesupport_c
[3.403s] [ 78%] Built target custom_message_unity_custom_unity__rosidl_typesupport_fastrtps_c
[3.692s] [ 80%] Built target custom_message_unity__py
[4.168s] [ 84%] Built target custom_message_unity__rosidl_generator_py
[4.340s] [ 89%] Built target custom_message_unity__rosidl_typesupport_introspection_c__pyext
[4.393s] [ 93%] Built target custom_message_unity__rosidl_typesupport_c__pyext
[4.394s] [ 97%] Built target custom_message_unity__rosidl_typesupport_fastrtps_c__pyext
[4.423s] running egg_info
[4.425s] writing custom_message_unity.egg-info/PKG-INFO
[4.426s] writing dependency_links to custom_message_unity.egg-info/dependency_links.txt
[4.428s] writing top-level names to custom_message_unity.egg-info/top_level.txt
[4.435s] reading manifest file 'custom_message_unity.egg-info/SOURCES.txt'
[4.437s] writing manifest file 'custom_message_unity.egg-info/SOURCES.txt'
[4.535s] [ 97%] Built target ament_cmake_python_build_custom_message_unity_egg
[6.744s] [?1h=  Determining projects to restore...
[7.223s]   All projects are up-to-date for restore.
[8.213s] [?1h=.NET 向け Microsoft (R) Build Engine バージョン 17.0.1+b177f8fa7
[8.216s] Copyright (C) Microsoft Corporation.All rights reserved.
[8.216s] 
[10.063s]   Determining projects to restore...
[10.553s]   All projects are up-to-date for restore.
[11.242s]   custom_message_unity_assembly_dotnetcore -> /home/osawakousei/ros2_ws/build/custom_message_unity/netstandard2.0/custom_message_unity_assembly.dll
[11.267s] [39;49m[92m
[11.268s] ビルドに成功しました。
[11.269s] [39;49m    0 個の警告
[11.269s] [39;49m    0 エラー
[11.269s] [39;49m
[11.269s] 経過時間 00:00:02.45
[11.364s] [100%] Built target custom_message_unity_assembly
[11.408s] Invoked command in '/home/osawakousei/ros2_ws/build/custom_message_unity' returned '0': CMAKE_PREFIX_PATH=${CMAKE_PREFIX_PATH}:/opt/ros/humble /usr/bin/cmake --build /home/osawakousei/ros2_ws/build/custom_message_unity -- -j12 -l12
[12.103s] Invoking command in '/home/osawakousei/ros2_ws/build/custom_message_unity': CMAKE_PREFIX_PATH=${CMAKE_PREFIX_PATH}:/opt/ros/humble /usr/bin/cmake --install /home/osawakousei/ros2_ws/build/custom_message_unity
[12.138s] -- Install configuration: ""
[12.139s] -- Up-to-date: /home/osawakousei/ros2_ws/install/custom_message_unity/share/ament_index/resource_index/rosidl_interfaces/custom_message_unity
[12.140s] -- Up-to-date: /home/osawakousei/ros2_ws/install/custom_message_unity/include/custom_message_unity/custom_message_unity
[12.141s] -- Up-to-date: /home/osawakousei/ros2_ws/install/custom_message_unity/include/custom_message_unity/custom_message_unity/msg
[12.141s] -- Up-to-date: /home/osawakousei/ros2_ws/install/custom_message_unity/include/custom_message_unity/custom_message_unity/msg/rosidl_generator_c__visibility_control.h
[12.143s] -- Up-to-date: /home/osawakousei/ros2_ws/install/custom_message_unity/include/custom_message_unity/custom_message_unity/msg/detail
[12.144s] -- Up-to-date: /home/osawakousei/ros2_ws/install/custom_message_unity/include/custom_message_unity/custom_message_unity/msg/detail/custom_unity__struct.h
[12.144s] -- Up-to-date: /home/osawakousei/ros2_ws/install/custom_message_unity/include/custom_message_unity/custom_message_unity/msg/detail/custom_unity__type_support.h
[12.145s] -- Up-to-date: /home/osawakousei/ros2_ws/install/custom_message_unity/include/custom_message_unity/custom_message_unity/msg/detail/custom_unity__functions.c
[12.145s] -- Up-to-date: /home/osawakousei/ros2_ws/install/custom_message_unity/include/custom_message_unity/custom_message_unity/msg/detail/custom_unity__functions.h
[12.146s] -- Up-to-date: /home/osawakousei/ros2_ws/install/custom_message_unity/include/custom_message_unity/custom_message_unity/msg/custom_unity.h
[12.146s] -- Up-to-date: /home/osawakousei/ros2_ws/install/custom_message_unity/share/custom_message_unity/environment/library_path.sh
[12.147s] -- Up-to-date: /home/osawakousei/ros2_ws/install/custom_message_unity/share/custom_message_unity/environment/library_path.dsv
[12.147s] -- Up-to-date: /home/osawakousei/ros2_ws/install/custom_message_unity/lib/libcustom_message_unity__rosidl_generator_c.so
[12.147s] -- Up-to-date: /home/osawakousei/ros2_ws/install/custom_message_unity/include/custom_message_unity/custom_message_unity
[12.148s] -- Up-to-date: /home/osawakousei/ros2_ws/install/custom_message_unity/include/custom_message_unity/custom_message_unity/msg
[12.148s] -- Up-to-date: /home/osawakousei/ros2_ws/install/custom_message_unity/include/custom_message_unity/custom_message_unity/msg/detail
[12.148s] -- Up-to-date: /home/osawakousei/ros2_ws/install/custom_message_unity/include/custom_message_unity/custom_message_unity/msg/detail/custom_unity__rosidl_typesupport_fastrtps_c.h
[12.148s] -- Up-to-date: /home/osawakousei/ros2_ws/install/custom_message_unity/include/custom_message_unity/custom_message_unity/msg/rosidl_typesupport_fastrtps_c__visibility_control.h
[12.149s] -- Up-to-date: /home/osawakousei/ros2_ws/install/custom_message_unity/lib/libcustom_message_unity__rosidl_typesupport_fastrtps_c.so
[12.149s] -- Up-to-date: /home/osawakousei/ros2_ws/install/custom_message_unity/include/custom_message_unity/custom_message_unity
[12.150s] -- Up-to-date: /home/osawakousei/ros2_ws/install/custom_message_unity/include/custom_message_unity/custom_message_unity/msg
[12.151s] -- Up-to-date: /home/osawakousei/ros2_ws/install/custom_message_unity/include/custom_message_unity/custom_message_unity/msg/rosidl_typesupport_introspection_c__visibility_control.h
[12.152s] -- Up-to-date: /home/osawakousei/ros2_ws/install/custom_message_unity/include/custom_message_unity/custom_message_unity/msg/detail
[12.153s] -- Up-to-date: /home/osawakousei/ros2_ws/install/custom_message_unity/include/custom_message_unity/custom_message_unity/msg/detail/custom_unity__rosidl_typesupport_introspection_c.h
[12.153s] -- Up-to-date: /home/osawakousei/ros2_ws/install/custom_message_unity/include/custom_message_unity/custom_message_unity/msg/detail/custom_unity__type_support.c
[12.154s] -- Up-to-date: /home/osawakousei/ros2_ws/install/custom_message_unity/lib/libcustom_message_unity__rosidl_typesupport_introspection_c.so
[12.154s] -- Up-to-date: /home/osawakousei/ros2_ws/install/custom_message_unity/lib/libcustom_message_unity__rosidl_typesupport_c.so
[12.155s] -- Up-to-date: /home/osawakousei/ros2_ws/install/custom_message_unity/include/custom_message_unity/custom_message_unity
[12.155s] -- Up-to-date: /home/osawakousei/ros2_ws/install/custom_message_unity/include/custom_message_unity/custom_message_unity/msg
[12.155s] -- Up-to-date: /home/osawakousei/ros2_ws/install/custom_message_unity/include/custom_message_unity/custom_message_unity/msg/custom_unity.hpp
[12.156s] -- Up-to-date: /home/osawakousei/ros2_ws/install/custom_message_unity/include/custom_message_unity/custom_message_unity/msg/detail
[12.156s] -- Up-to-date: /home/osawakousei/ros2_ws/install/custom_message_unity/include/custom_message_unity/custom_message_unity/msg/detail/custom_unity__builder.hpp
[12.157s] -- Up-to-date: /home/osawakousei/ros2_ws/install/custom_message_unity/include/custom_message_unity/custom_message_unity/msg/detail/custom_unity__struct.hpp
[12.158s] -- Up-to-date: /home/osawakousei/ros2_ws/install/custom_message_unity/include/custom_message_unity/custom_message_unity/msg/detail/custom_unity__traits.hpp
[12.159s] -- Up-to-date: /home/osawakousei/ros2_ws/install/custom_message_unity/include/custom_message_unity/custom_message_unity
[12.159s] -- Up-to-date: /home/osawakousei/ros2_ws/install/custom_message_unity/include/custom_message_unity/custom_message_unity/msg
[12.160s] -- Up-to-date: /home/osawakousei/ros2_ws/install/custom_message_unity/include/custom_message_unity/custom_message_unity/msg/rosidl_typesupport_fastrtps_cpp__visibility_control.h
[12.160s] -- Up-to-date: /home/osawakousei/ros2_ws/install/custom_message_unity/include/custom_message_unity/custom_message_unity/msg/detail
[12.160s] -- Up-to-date: /home/osawakousei/ros2_ws/install/custom_message_unity/include/custom_message_unity/custom_message_unity/msg/detail/custom_unity__rosidl_typesupport_fastrtps_cpp.hpp
[12.161s] -- Up-to-date: /home/osawakousei/ros2_ws/install/custom_message_unity/include/custom_message_unity/custom_message_unity/msg/detail/dds_fastrtps
[12.161s] -- Up-to-date: /home/osawakousei/ros2_ws/install/custom_message_unity/lib/libcustom_message_unity__rosidl_typesupport_fastrtps_cpp.so
[12.161s] -- Up-to-date: /home/osawakousei/ros2_ws/install/custom_message_unity/include/custom_message_unity/custom_message_unity
[12.162s] -- Up-to-date: /home/osawakousei/ros2_ws/install/custom_message_unity/include/custom_message_unity/custom_message_unity/msg
[12.163s] -- Up-to-date: /home/osawakousei/ros2_ws/install/custom_message_unity/include/custom_message_unity/custom_message_unity/msg/detail
[12.163s] -- Up-to-date: /home/osawakousei/ros2_ws/install/custom_message_unity/include/custom_message_unity/custom_message_unity/msg/detail/custom_unity__rosidl_typesupport_introspection_cpp.hpp
[12.164s] -- Up-to-date: /home/osawakousei/ros2_ws/install/custom_message_unity/include/custom_message_unity/custom_message_unity/msg/detail/custom_unity__type_support.cpp
[12.164s] -- Up-to-date: /home/osawakousei/ros2_ws/install/custom_message_unity/lib/libcustom_message_unity__rosidl_typesupport_introspection_cpp.so
[12.165s] -- Up-to-date: /home/osawakousei/ros2_ws/install/custom_message_unity/lib/libcustom_message_unity__rosidl_typesupport_cpp.so
[12.166s] -- Up-to-date: /home/osawakousei/ros2_ws/install/custom_message_unity/lib/libcustom_message_unity_custom_unity__rosidl_typesupport_c_native.so
[12.167s] -- Up-to-date: /home/osawakousei/ros2_ws/install/custom_message_unity/lib/libcustom_message_unity_custom_unity__rosidl_typesupport_introspection_c_native.so
[12.168s] -- Up-to-date: /home/osawakousei/ros2_ws/install/custom_message_unity/lib/libcustom_message_unity_custom_unity__rosidl_typesupport_fastrtps_c_native.so
[12.168s] -- Up-to-date: /home/osawakousei/ros2_ws/install/custom_message_unity/lib/dotnet
[12.169s] -- Up-to-date: /home/osawakousei/ros2_ws/install/custom_message_unity/lib/dotnet/custom_message_unity_assembly.dll
[12.169s] -- Up-to-date: /home/osawakousei/ros2_ws/install/custom_message_unity/lib/dotnet/ros2cs_common.dll
[12.169s] -- Up-to-date: /home/osawakousei/ros2_ws/install/custom_message_unity/lib/dotnet/custom_message_unity_assembly.deps.json
[12.169s] -- Up-to-date: /home/osawakousei/ros2_ws/install/custom_message_unity/share/custom_message_unity/environment/pythonpath.sh
[12.170s] -- Up-to-date: /home/osawakousei/ros2_ws/install/custom_message_unity/share/custom_message_unity/environment/pythonpath.dsv
[12.170s] -- Up-to-date: /home/osawakousei/ros2_ws/install/custom_message_unity/local/lib/python3.10/dist-packages/custom_message_unity-0.0.0-py3.10.egg-info
[12.170s] -- Installing: /home/osawakousei/ros2_ws/install/custom_message_unity/local/lib/python3.10/dist-packages/custom_message_unity-0.0.0-py3.10.egg-info/top_level.txt
[12.170s] -- Installing: /home/osawakousei/ros2_ws/install/custom_message_unity/local/lib/python3.10/dist-packages/custom_message_unity-0.0.0-py3.10.egg-info/SOURCES.txt
[12.170s] -- Installing: /home/osawakousei/ros2_ws/install/custom_message_unity/local/lib/python3.10/dist-packages/custom_message_unity-0.0.0-py3.10.egg-info/dependency_links.txt
[12.171s] -- Installing: /home/osawakousei/ros2_ws/install/custom_message_unity/local/lib/python3.10/dist-packages/custom_message_unity-0.0.0-py3.10.egg-info/PKG-INFO
[12.171s] -- Up-to-date: /home/osawakousei/ros2_ws/install/custom_message_unity/local/lib/python3.10/dist-packages/custom_message_unity
[12.171s] -- Up-to-date: /home/osawakousei/ros2_ws/install/custom_message_unity/local/lib/python3.10/dist-packages/custom_message_unity/_custom_message_unity_s.ep.rosidl_typesupport_fastrtps_c.c
[12.171s] -- Up-to-date: /home/osawakousei/ros2_ws/install/custom_message_unity/local/lib/python3.10/dist-packages/custom_message_unity/custom_message_unity_s__rosidl_typesupport_fastrtps_c.cpython-310-x86_64-linux-gnu.so
[12.172s] -- Up-to-date: /home/osawakousei/ros2_ws/install/custom_message_unity/local/lib/python3.10/dist-packages/custom_message_unity/custom_message_unity_s__rosidl_typesupport_introspection_c.cpython-310-x86_64-linux-gnu.so
[12.172s] -- Up-to-date: /home/osawakousei/ros2_ws/install/custom_message_unity/local/lib/python3.10/dist-packages/custom_message_unity/_custom_message_unity_s.ep.rosidl_typesupport_c.c
[12.172s] -- Up-to-date: /home/osawakousei/ros2_ws/install/custom_message_unity/local/lib/python3.10/dist-packages/custom_message_unity/_custom_message_unity_s.ep.rosidl_typesupport_introspection_c.c
[12.172s] -- Up-to-date: /home/osawakousei/ros2_ws/install/custom_message_unity/local/lib/python3.10/dist-packages/custom_message_unity/__init__.py
[12.172s] -- Up-to-date: /home/osawakousei/ros2_ws/install/custom_message_unity/local/lib/python3.10/dist-packages/custom_message_unity/libcustom_message_unity__rosidl_generator_py.so
[12.173s] -- Up-to-date: /home/osawakousei/ros2_ws/install/custom_message_unity/local/lib/python3.10/dist-packages/custom_message_unity/msg
[12.173s] -- Up-to-date: /home/osawakousei/ros2_ws/install/custom_message_unity/local/lib/python3.10/dist-packages/custom_message_unity/msg/_custom_unity_s.c
[12.174s] -- Up-to-date: /home/osawakousei/ros2_ws/install/custom_message_unity/local/lib/python3.10/dist-packages/custom_message_unity/msg/_custom_unity.py
[12.174s] -- Up-to-date: /home/osawakousei/ros2_ws/install/custom_message_unity/local/lib/python3.10/dist-packages/custom_message_unity/msg/__init__.py
[12.175s] -- Up-to-date: /home/osawakousei/ros2_ws/install/custom_message_unity/local/lib/python3.10/dist-packages/custom_message_unity/custom_message_unity_s__rosidl_typesupport_c.cpython-310-x86_64-linux-gnu.so
[12.291s] Listing '/home/osawakousei/ros2_ws/install/custom_message_unity/local/lib/python3.10/dist-packages/custom_message_unity'...
[12.292s] Listing '/home/osawakousei/ros2_ws/install/custom_message_unity/local/lib/python3.10/dist-packages/custom_message_unity/msg'...
[12.301s] -- Up-to-date: /home/osawakousei/ros2_ws/install/custom_message_unity/local/lib/python3.10/dist-packages/custom_message_unity/custom_message_unity_s__rosidl_typesupport_fastrtps_c.cpython-310-x86_64-linux-gnu.so
[12.303s] -- Up-to-date: /home/osawakousei/ros2_ws/install/custom_message_unity/local/lib/python3.10/dist-packages/custom_message_unity/custom_message_unity_s__rosidl_typesupport_introspection_c.cpython-310-x86_64-linux-gnu.so
[12.305s] -- Up-to-date: /home/osawakousei/ros2_ws/install/custom_message_unity/local/lib/python3.10/dist-packages/custom_message_unity/custom_message_unity_s__rosidl_typesupport_c.cpython-310-x86_64-linux-gnu.so
[12.306s] -- Up-to-date: /home/osawakousei/ros2_ws/install/custom_message_unity/lib/libcustom_message_unity__rosidl_generator_py.so
[12.307s] -- Up-to-date: /home/osawakousei/ros2_ws/install/custom_message_unity/share/custom_message_unity/msg/CustomUnity.idl
[12.310s] -- Up-to-date: /home/osawakousei/ros2_ws/install/custom_message_unity/share/custom_message_unity/msg/CustomUnity.msg
[12.310s] -- Up-to-date: /home/osawakousei/ros2_ws/install/custom_message_unity/share/ament_index/resource_index/package_run_dependencies/custom_message_unity
[12.311s] -- Up-to-date: /home/osawakousei/ros2_ws/install/custom_message_unity/share/ament_index/resource_index/parent_prefix_path/custom_message_unity
[12.312s] -- Up-to-date: /home/osawakousei/ros2_ws/install/custom_message_unity/share/custom_message_unity/environment/ament_prefix_path.sh
[12.315s] -- Up-to-date: /home/osawakousei/ros2_ws/install/custom_message_unity/share/custom_message_unity/environment/ament_prefix_path.dsv
[12.317s] -- Up-to-date: /home/osawakousei/ros2_ws/install/custom_message_unity/share/custom_message_unity/environment/path.sh
[12.317s] -- Up-to-date: /home/osawakousei/ros2_ws/install/custom_message_unity/share/custom_message_unity/environment/path.dsv
[12.319s] -- Up-to-date: /home/osawakousei/ros2_ws/install/custom_message_unity/share/custom_message_unity/local_setup.bash
[12.321s] -- Up-to-date: /home/osawakousei/ros2_ws/install/custom_message_unity/share/custom_message_unity/local_setup.sh
[12.322s] -- Up-to-date: /home/osawakousei/ros2_ws/install/custom_message_unity/share/custom_message_unity/local_setup.zsh
[12.323s] -- Up-to-date: /home/osawakousei/ros2_ws/install/custom_message_unity/share/custom_message_unity/local_setup.dsv
[12.323s] -- Installing: /home/osawakousei/ros2_ws/install/custom_message_unity/share/custom_message_unity/package.dsv
[12.351s] -- Up-to-date: /home/osawakousei/ros2_ws/install/custom_message_unity/share/ament_index/resource_index/packages/custom_message_unity
[12.352s] -- Up-to-date: /home/osawakousei/ros2_ws/install/custom_message_unity/share/custom_message_unity/cmake/export_custom_message_unity__rosidl_generator_cExport.cmake
[12.352s] -- Up-to-date: /home/osawakousei/ros2_ws/install/custom_message_unity/share/custom_message_unity/cmake/export_custom_message_unity__rosidl_generator_cExport-noconfig.cmake
[12.353s] -- Up-to-date: /home/osawakousei/ros2_ws/install/custom_message_unity/share/custom_message_unity/cmake/export_custom_message_unity__rosidl_typesupport_fastrtps_cExport.cmake
[12.354s] -- Up-to-date: /home/osawakousei/ros2_ws/install/custom_message_unity/share/custom_message_unity/cmake/export_custom_message_unity__rosidl_typesupport_fastrtps_cExport-noconfig.cmake
[12.354s] -- Up-to-date: /home/osawakousei/ros2_ws/install/custom_message_unity/share/custom_message_unity/cmake/custom_message_unity__rosidl_typesupport_introspection_cExport.cmake
[12.355s] -- Up-to-date: /home/osawakousei/ros2_ws/install/custom_message_unity/share/custom_message_unity/cmake/custom_message_unity__rosidl_typesupport_introspection_cExport-noconfig.cmake
[12.355s] -- Up-to-date: /home/osawakousei/ros2_ws/install/custom_message_unity/share/custom_message_unity/cmake/custom_message_unity__rosidl_typesupport_cExport.cmake
[12.356s] -- Up-to-date: /home/osawakousei/ros2_ws/install/custom_message_unity/share/custom_message_unity/cmake/custom_message_unity__rosidl_typesupport_cExport-noconfig.cmake
[12.356s] -- Up-to-date: /home/osawakousei/ros2_ws/install/custom_message_unity/share/custom_message_unity/cmake/export_custom_message_unity__rosidl_generator_cppExport.cmake
[12.360s] -- Up-to-date: /home/osawakousei/ros2_ws/install/custom_message_unity/share/custom_message_unity/cmake/export_custom_message_unity__rosidl_typesupport_fastrtps_cppExport.cmake
[12.361s] -- Up-to-date: /home/osawakousei/ros2_ws/install/custom_message_unity/share/custom_message_unity/cmake/export_custom_message_unity__rosidl_typesupport_fastrtps_cppExport-noconfig.cmake
[12.361s] -- Up-to-date: /home/osawakousei/ros2_ws/install/custom_message_unity/share/custom_message_unity/cmake/custom_message_unity__rosidl_typesupport_introspection_cppExport.cmake
[12.362s] -- Up-to-date: /home/osawakousei/ros2_ws/install/custom_message_unity/share/custom_message_unity/cmake/custom_message_unity__rosidl_typesupport_introspection_cppExport-noconfig.cmake
[12.363s] -- Up-to-date: /home/osawakousei/ros2_ws/install/custom_message_unity/share/custom_message_unity/cmake/custom_message_unity__rosidl_typesupport_cppExport.cmake
[12.364s] -- Up-to-date: /home/osawakousei/ros2_ws/install/custom_message_unity/share/custom_message_unity/cmake/custom_message_unity__rosidl_typesupport_cppExport-noconfig.cmake
[12.364s] -- Up-to-date: /home/osawakousei/ros2_ws/install/custom_message_unity/share/custom_message_unity/cmake/export_custom_message_unity__rosidl_generator_pyExport.cmake
[12.365s] -- Up-to-date: /home/osawakousei/ros2_ws/install/custom_message_unity/share/custom_message_unity/cmake/export_custom_message_unity__rosidl_generator_pyExport-noconfig.cmake
[12.367s] -- Up-to-date: /home/osawakousei/ros2_ws/install/custom_message_unity/share/custom_message_unity/cmake/rosidl_cmake-extras.cmake
[12.376s] -- Up-to-date: /home/osawakousei/ros2_ws/install/custom_message_unity/share/custom_message_unity/cmake/ament_cmake_export_include_directories-extras.cmake
[12.376s] -- Up-to-date: /home/osawakousei/ros2_ws/install/custom_message_unity/share/custom_message_unity/cmake/ament_cmake_export_libraries-extras.cmake
[12.377s] -- Up-to-date: /home/osawakousei/ros2_ws/install/custom_message_unity/share/custom_message_unity/cmake/ament_cmake_export_targets-extras.cmake
[12.378s] -- Up-to-date: /home/osawakousei/ros2_ws/install/custom_message_unity/share/custom_message_unity/cmake/rosidl_cmake_export_typesupport_targets-extras.cmake
[12.378s] -- Up-to-date: /home/osawakousei/ros2_ws/install/custom_message_unity/share/custom_message_unity/cmake/ament_cmake_export_dependencies-extras.cmake
[12.379s] -- Up-to-date: /home/osawakousei/ros2_ws/install/custom_message_unity/share/custom_message_unity/cmake/rosidl_cmake_export_typesupport_libraries-extras.cmake
[12.379s] -- Up-to-date: /home/osawakousei/ros2_ws/install/custom_message_unity/share/custom_message_unity/cmake/ament_cmake_export_assemblies-extras.cmake
[12.380s] -- Up-to-date: /home/osawakousei/ros2_ws/install/custom_message_unity/share/custom_message_unity/cmake/custom_message_unityConfig.cmake
[12.380s] -- Up-to-date: /home/osawakousei/ros2_ws/install/custom_message_unity/share/custom_message_unity/cmake/custom_message_unityConfig-version.cmake
[12.381s] -- Up-to-date: /home/osawakousei/ros2_ws/install/custom_message_unity/share/custom_message_unity/package.xml
[12.394s] Invoked command in '/home/osawakousei/ros2_ws/build/custom_message_unity' returned '0': CMAKE_PREFIX_PATH=${CMAKE_PREFIX_PATH}:/opt/ros/humble /usr/bin/cmake --install /home/osawakousei/ros2_ws/build/custom_message_unity
