[0.870s] DEBUG:colcon:Command line arguments: ['/usr/bin/colcon', 'build']
[0.870s] DEBUG:colcon:Parsed command line arguments: Namespace(log_base=None, log_level=None, verb_name='build', build_base='build', install_base='install', merge_install=False, symlink_install=False, test_result_base=None, continue_on_error=False, executor='parallel', parallel_workers=8, event_handlers=None, ignore_user_meta=False, metas=['./colcon.meta'], base_paths=['.'], packages_ignore=None, packages_ignore_regex=None, paths=None, packages_up_to=None, packages_up_to_regex=None, packages_above=None, packages_above_and_dependencies=None, packages_above_depth=None, packages_select_by_dep=None, packages_skip_by_dep=None, packages_skip_up_to=None, packages_select_build_failed=False, packages_skip_build_finished=False, packages_select_test_failures=False, packages_skip_test_passed=False, packages_select=None, packages_skip=None, packages_select_regex=None, packages_skip_regex=None, packages_start=None, packages_end=None, allow_overriding=[], cmake_args=None, cmake_target=None, cmake_target_skip_unavailable=False, cmake_clean_cache=False, cmake_clean_first=False, cmake_force_configure=False, ament_cmake_args=None, catkin_cmake_args=None, catkin_skip_building_tests=False, verb_parser=<colcon_defaults.argument_parser.defaults.DefaultArgumentsDecorator object at 0x7ff81f5d4e80>, verb_extension=<colcon_core.verb.build.BuildVerb object at 0x7ff81f5d4910>, main=<bound method BuildVerb.main of <colcon_core.verb.build.BuildVerb object at 0x7ff81f5d4910>>)
[0.929s] Level 1:colcon.colcon_core.package_discovery:discover_packages(colcon_meta) check parameters
[0.930s] Level 1:colcon.colcon_core.package_discovery:discover_packages(recursive) check parameters
[0.930s] Level 1:colcon.colcon_core.package_discovery:discover_packages(ignore) check parameters
[0.930s] Level 1:colcon.colcon_core.package_discovery:discover_packages(path) check parameters
[0.930s] Level 1:colcon.colcon_core.package_discovery:discover_packages(colcon_meta) discover
[0.930s] Level 1:colcon.colcon_core.package_discovery:discover_packages(recursive) discover
[0.930s] INFO:colcon.colcon_core.package_discovery:Crawling recursively for packages in '/home/osawakousei/ros2_ws/src/custom_message_unity'
[0.930s] Level 1:colcon.colcon_core.package_identification:_identify(.) by extensions ['ignore', 'ignore_ament_install']
[0.931s] Level 1:colcon.colcon_core.package_identification:_identify(.) by extension 'ignore'
[0.931s] Level 1:colcon.colcon_core.package_identification:_identify(.) by extension 'ignore_ament_install'
[0.931s] Level 1:colcon.colcon_core.package_identification:_identify(.) by extensions ['colcon_pkg']
[0.931s] Level 1:colcon.colcon_core.package_identification:_identify(.) by extension 'colcon_pkg'
[0.931s] Level 1:colcon.colcon_core.package_identification:_identify(.) by extensions ['colcon_meta']
[0.931s] Level 1:colcon.colcon_core.package_identification:_identify(.) by extension 'colcon_meta'
[0.931s] Level 1:colcon.colcon_core.package_identification:_identify(.) by extensions ['ros']
[0.931s] Level 1:colcon.colcon_core.package_identification:_identify(.) by extension 'ros'
[0.967s] DEBUG:colcon.colcon_core.package_identification:Package '.' with type 'ros.ament_cmake' and name 'custom_message_unity'
[0.967s] Level 1:colcon.colcon_core.package_discovery:discover_packages(recursive) using defaults
[0.967s] Level 1:colcon.colcon_core.package_discovery:discover_packages(ignore) discover
[0.967s] Level 1:colcon.colcon_core.package_discovery:discover_packages(ignore) using defaults
[0.967s] Level 1:colcon.colcon_core.package_discovery:discover_packages(path) discover
[0.967s] Level 1:colcon.colcon_core.package_discovery:discover_packages(path) using defaults
[1.023s] Level 1:colcon.colcon_core.package_discovery:discover_packages(prefix_path) check parameters
[1.023s] Level 1:colcon.colcon_core.package_discovery:discover_packages(prefix_path) discover
[1.033s] DEBUG:colcon.colcon_installed_package_information.package_discovery:Found 9 installed packages in /home/osawakousei/ros2_ws/install
[1.035s] DEBUG:colcon.colcon_installed_package_information.package_discovery:Found 2 installed packages in /home/osawakousei/ros2_ws/src/android_controll_test/install
[1.038s] DEBUG:colcon.colcon_installed_package_information.package_discovery:Found 1 installed packages in /home/osawakousei/ros2_ws/src/cpp_server_client/install
[1.040s] DEBUG:colcon.colcon_installed_package_information.package_discovery:Found 1 installed packages in /home/osawakousei/ros2_ws/src/cpp_topic_pubsub/install
[1.042s] DEBUG:colcon.colcon_installed_package_information.package_discovery:Found 1 installed packages in /home/osawakousei/ros2_ws/src/test_package/install
[1.045s] DEBUG:colcon.colcon_installed_package_information.package_discovery:Found 3 installed packages in /home/osawakousei/ros2_ws/uros_ws/install
[1.049s] DEBUG:colcon.colcon_installed_package_information.package_discovery:Found 1 installed packages in /home/osawakousei/ros2_ws/src/custom_test_msgs/install
[1.057s] DEBUG:colcon.colcon_installed_package_information.package_discovery:Found 331 installed packages in /opt/ros/humble
[1.062s] Level 1:colcon.colcon_core.package_discovery:discover_packages(prefix_path) using defaults
[1.223s] Level 5:colcon.colcon_core.verb:set package 'custom_message_unity' build argument 'cmake_args' from command line to 'None'
[1.223s] Level 5:colcon.colcon_core.verb:set package 'custom_message_unity' build argument 'cmake_target' from command line to 'None'
[1.223s] Level 5:colcon.colcon_core.verb:set package 'custom_message_unity' build argument 'cmake_target_skip_unavailable' from command line to 'False'
[1.224s] Level 5:colcon.colcon_core.verb:set package 'custom_message_unity' build argument 'cmake_clean_cache' from command line to 'False'
[1.224s] Level 5:colcon.colcon_core.verb:set package 'custom_message_unity' build argument 'cmake_clean_first' from command line to 'False'
[1.224s] Level 5:colcon.colcon_core.verb:set package 'custom_message_unity' build argument 'cmake_force_configure' from command line to 'False'
[1.224s] Level 5:colcon.colcon_core.verb:set package 'custom_message_unity' build argument 'ament_cmake_args' from command line to 'None'
[1.224s] Level 5:colcon.colcon_core.verb:set package 'custom_message_unity' build argument 'catkin_cmake_args' from command line to 'None'
[1.224s] Level 5:colcon.colcon_core.verb:set package 'custom_message_unity' build argument 'catkin_skip_building_tests' from command line to 'False'
[1.224s] DEBUG:colcon.colcon_core.verb:Building package 'custom_message_unity' with the following arguments: {'ament_cmake_args': None, 'build_base': '/home/osawakousei/ros2_ws/src/custom_message_unity/build/custom_message_unity', 'catkin_cmake_args': None, 'catkin_skip_building_tests': False, 'cmake_args': None, 'cmake_clean_cache': False, 'cmake_clean_first': False, 'cmake_force_configure': False, 'cmake_target': None, 'cmake_target_skip_unavailable': False, 'install_base': '/home/osawakousei/ros2_ws/src/custom_message_unity/install/custom_message_unity', 'merge_install': False, 'path': '/home/osawakousei/ros2_ws/src/custom_message_unity', 'symlink_install': False, 'test_result_base': None}
[1.226s] INFO:colcon.colcon_core.executor:Executing jobs using 'parallel' executor
[1.232s] DEBUG:colcon.colcon_parallel_executor.executor.parallel:run_until_complete
[1.233s] INFO:colcon.colcon_ros.task.ament_cmake.build:Building ROS package in '/home/osawakousei/ros2_ws/src/custom_message_unity' with build type 'ament_cmake'
[1.233s] INFO:colcon.colcon_cmake.task.cmake.build:Building CMake package in '/home/osawakousei/ros2_ws/src/custom_message_unity'
[1.245s] INFO:colcon.colcon_core.plugin_system:Skipping extension 'colcon_core.shell.bat': Not used on non-Windows systems
[1.245s] INFO:colcon.colcon_core.shell:Skip shell extension 'powershell' for command environment: Not usable outside of PowerShell
[1.245s] DEBUG:colcon.colcon_core.shell:Skip shell extension 'dsv' for command environment
[1.297s] DEBUG:colcon.colcon_core.event_handler.log_command:Invoking command in '/home/osawakousei/ros2_ws/src/custom_message_unity/build/custom_message_unity': CMAKE_PREFIX_PATH=${CMAKE_PREFIX_PATH}:/opt/ros/humble /usr/bin/cmake --build /home/osawakousei/ros2_ws/src/custom_message_unity/build/custom_message_unity -- -j8 -l8
[14.130s] DEBUG:colcon.colcon_core.event_handler.log_command:Invoked command in '/home/osawakousei/ros2_ws/src/custom_message_unity/build/custom_message_unity' returned '0': CMAKE_PREFIX_PATH=${CMAKE_PREFIX_PATH}:/opt/ros/humble /usr/bin/cmake --build /home/osawakousei/ros2_ws/src/custom_message_unity/build/custom_message_unity -- -j8 -l8
[14.680s] DEBUG:colcon.colcon_core.event_handler.log_command:Invoking command in '/home/osawakousei/ros2_ws/src/custom_message_unity/build/custom_message_unity': CMAKE_PREFIX_PATH=${CMAKE_PREFIX_PATH}:/opt/ros/humble /usr/bin/cmake --install /home/osawakousei/ros2_ws/src/custom_message_unity/build/custom_message_unity
[14.976s] Level 1:colcon.colcon_core.environment:create_environment_scripts_only(custom_message_unity)
[14.978s] DEBUG:colcon.colcon_core.event_handler.log_command:Invoked command in '/home/osawakousei/ros2_ws/src/custom_message_unity/build/custom_message_unity' returned '0': CMAKE_PREFIX_PATH=${CMAKE_PREFIX_PATH}:/opt/ros/humble /usr/bin/cmake --install /home/osawakousei/ros2_ws/src/custom_message_unity/build/custom_message_unity
[14.990s] Level 1:colcon.colcon_core.environment:checking '/home/osawakousei/ros2_ws/src/custom_message_unity/install/custom_message_unity' for CMake module files
[14.992s] Level 1:colcon.colcon_core.environment:checking '/home/osawakousei/ros2_ws/src/custom_message_unity/install/custom_message_unity' for CMake config files
[14.995s] Level 1:colcon.colcon_core.shell:create_environment_hook('custom_message_unity', 'cmake_prefix_path')
[14.998s] INFO:colcon.colcon_core.shell:Creating environment hook '/home/osawakousei/ros2_ws/src/custom_message_unity/install/custom_message_unity/share/custom_message_unity/hook/cmake_prefix_path.ps1'
[15.001s] INFO:colcon.colcon_core.shell:Creating environment descriptor '/home/osawakousei/ros2_ws/src/custom_message_unity/install/custom_message_unity/share/custom_message_unity/hook/cmake_prefix_path.dsv'
[15.003s] INFO:colcon.colcon_core.shell:Creating environment hook '/home/osawakousei/ros2_ws/src/custom_message_unity/install/custom_message_unity/share/custom_message_unity/hook/cmake_prefix_path.sh'
[15.007s] Level 1:colcon.colcon_core.environment:checking '/home/osawakousei/ros2_ws/src/custom_message_unity/install/custom_message_unity/lib'
[15.007s] Level 1:colcon.colcon_core.shell:create_environment_hook('custom_message_unity', 'ld_library_path_lib')
[15.010s] INFO:colcon.colcon_core.shell:Creating environment hook '/home/osawakousei/ros2_ws/src/custom_message_unity/install/custom_message_unity/share/custom_message_unity/hook/ld_library_path_lib.ps1'
[15.011s] INFO:colcon.colcon_core.shell:Creating environment descriptor '/home/osawakousei/ros2_ws/src/custom_message_unity/install/custom_message_unity/share/custom_message_unity/hook/ld_library_path_lib.dsv'
[15.012s] INFO:colcon.colcon_core.shell:Creating environment hook '/home/osawakousei/ros2_ws/src/custom_message_unity/install/custom_message_unity/share/custom_message_unity/hook/ld_library_path_lib.sh'
[15.013s] Level 1:colcon.colcon_core.environment:checking '/home/osawakousei/ros2_ws/src/custom_message_unity/install/custom_message_unity/bin'
[15.013s] Level 1:colcon.colcon_core.environment:checking '/home/osawakousei/ros2_ws/src/custom_message_unity/install/custom_message_unity/lib/pkgconfig/custom_message_unity.pc'
[15.014s] Level 1:colcon.colcon_core.environment:checking '/home/osawakousei/ros2_ws/src/custom_message_unity/install/custom_message_unity/lib/python3.10/site-packages'
[15.014s] Level 1:colcon.colcon_core.environment:checking '/home/osawakousei/ros2_ws/src/custom_message_unity/install/custom_message_unity/bin'
[15.019s] INFO:colcon.colcon_core.shell:Creating package script '/home/osawakousei/ros2_ws/src/custom_message_unity/install/custom_message_unity/share/custom_message_unity/package.ps1'
[15.022s] INFO:colcon.colcon_core.shell:Creating package descriptor '/home/osawakousei/ros2_ws/src/custom_message_unity/install/custom_message_unity/share/custom_message_unity/package.dsv'
[15.023s] INFO:colcon.colcon_core.shell:Creating package script '/home/osawakousei/ros2_ws/src/custom_message_unity/install/custom_message_unity/share/custom_message_unity/package.sh'
[15.026s] INFO:colcon.colcon_core.shell:Creating package script '/home/osawakousei/ros2_ws/src/custom_message_unity/install/custom_message_unity/share/custom_message_unity/package.bash'
[15.028s] INFO:colcon.colcon_core.shell:Creating package script '/home/osawakousei/ros2_ws/src/custom_message_unity/install/custom_message_unity/share/custom_message_unity/package.zsh'
[15.030s] Level 1:colcon.colcon_core.environment:create_file_with_runtime_dependencies(/home/osawakousei/ros2_ws/src/custom_message_unity/install/custom_message_unity/share/colcon-core/packages/custom_message_unity)
[15.564s] Level 1:colcon.colcon_core.environment:create_environment_scripts_only(custom_message_unity)
[15.569s] Level 1:colcon.colcon_core.environment:checking '/home/osawakousei/ros2_ws/src/custom_message_unity/install/custom_message_unity' for CMake module files
[15.571s] Level 1:colcon.colcon_core.environment:checking '/home/osawakousei/ros2_ws/src/custom_message_unity/install/custom_message_unity' for CMake config files
[15.573s] Level 1:colcon.colcon_core.shell:create_environment_hook('custom_message_unity', 'cmake_prefix_path')
[15.576s] INFO:colcon.colcon_core.shell:Creating environment hook '/home/osawakousei/ros2_ws/src/custom_message_unity/install/custom_message_unity/share/custom_message_unity/hook/cmake_prefix_path.ps1'
[15.578s] INFO:colcon.colcon_core.shell:Creating environment descriptor '/home/osawakousei/ros2_ws/src/custom_message_unity/install/custom_message_unity/share/custom_message_unity/hook/cmake_prefix_path.dsv'
[15.579s] INFO:colcon.colcon_core.shell:Creating environment hook '/home/osawakousei/ros2_ws/src/custom_message_unity/install/custom_message_unity/share/custom_message_unity/hook/cmake_prefix_path.sh'
[15.582s] Level 1:colcon.colcon_core.environment:checking '/home/osawakousei/ros2_ws/src/custom_message_unity/install/custom_message_unity/lib'
[15.582s] Level 1:colcon.colcon_core.shell:create_environment_hook('custom_message_unity', 'ld_library_path_lib')
[15.585s] INFO:colcon.colcon_core.shell:Creating environment hook '/home/osawakousei/ros2_ws/src/custom_message_unity/install/custom_message_unity/share/custom_message_unity/hook/ld_library_path_lib.ps1'
[15.587s] INFO:colcon.colcon_core.shell:Creating environment descriptor '/home/osawakousei/ros2_ws/src/custom_message_unity/install/custom_message_unity/share/custom_message_unity/hook/ld_library_path_lib.dsv'
[15.588s] INFO:colcon.colcon_core.shell:Creating environment hook '/home/osawakousei/ros2_ws/src/custom_message_unity/install/custom_message_unity/share/custom_message_unity/hook/ld_library_path_lib.sh'
[15.589s] Level 1:colcon.colcon_core.environment:checking '/home/osawakousei/ros2_ws/src/custom_message_unity/install/custom_message_unity/bin'
[15.590s] Level 1:colcon.colcon_core.environment:checking '/home/osawakousei/ros2_ws/src/custom_message_unity/install/custom_message_unity/lib/pkgconfig/custom_message_unity.pc'
[15.590s] Level 1:colcon.colcon_core.environment:checking '/home/osawakousei/ros2_ws/src/custom_message_unity/install/custom_message_unity/lib/python3.10/site-packages'
[15.591s] Level 1:colcon.colcon_core.environment:checking '/home/osawakousei/ros2_ws/src/custom_message_unity/install/custom_message_unity/bin'
[15.594s] INFO:colcon.colcon_core.shell:Creating package script '/home/osawakousei/ros2_ws/src/custom_message_unity/install/custom_message_unity/share/custom_message_unity/package.ps1'
[15.596s] INFO:colcon.colcon_core.shell:Creating package descriptor '/home/osawakousei/ros2_ws/src/custom_message_unity/install/custom_message_unity/share/custom_message_unity/package.dsv'
[15.598s] INFO:colcon.colcon_core.shell:Creating package script '/home/osawakousei/ros2_ws/src/custom_message_unity/install/custom_message_unity/share/custom_message_unity/package.sh'
[15.600s] INFO:colcon.colcon_core.shell:Creating package script '/home/osawakousei/ros2_ws/src/custom_message_unity/install/custom_message_unity/share/custom_message_unity/package.bash'
[15.602s] INFO:colcon.colcon_core.shell:Creating package script '/home/osawakousei/ros2_ws/src/custom_message_unity/install/custom_message_unity/share/custom_message_unity/package.zsh'
[15.604s] Level 1:colcon.colcon_core.environment:create_file_with_runtime_dependencies(/home/osawakousei/ros2_ws/src/custom_message_unity/install/custom_message_unity/share/colcon-core/packages/custom_message_unity)
[15.606s] DEBUG:colcon.colcon_parallel_executor.executor.parallel:closing loop
[15.606s] DEBUG:colcon.colcon_parallel_executor.executor.parallel:loop closed
[15.606s] DEBUG:colcon.colcon_parallel_executor.executor.parallel:run_until_complete finished with '0'
[15.607s] DEBUG:colcon.colcon_core.event_reactor:joining thread
[15.623s] INFO:colcon.colcon_core.plugin_system:Skipping extension 'colcon_notification.desktop_notification.terminal_notifier': Not used on non-Darwin systems
[15.624s] INFO:colcon.colcon_core.plugin_system:Skipping extension 'colcon_notification.desktop_notification.win32': Not used on non-Windows systems
[15.624s] INFO:colcon.colcon_notification.desktop_notification:Sending desktop notification using 'notify2'
[15.665s] DEBUG:colcon.colcon_core.event_reactor:joined thread
[15.669s] INFO:colcon.colcon_core.shell:Creating prefix script '/home/osawakousei/ros2_ws/src/custom_message_unity/install/local_setup.ps1'
[15.671s] INFO:colcon.colcon_core.shell:Creating prefix util module '/home/osawakousei/ros2_ws/src/custom_message_unity/install/_local_setup_util_ps1.py'
[15.674s] INFO:colcon.colcon_core.shell:Creating prefix chain script '/home/osawakousei/ros2_ws/src/custom_message_unity/install/setup.ps1'
[15.684s] INFO:colcon.colcon_core.shell:Creating prefix script '/home/osawakousei/ros2_ws/src/custom_message_unity/install/local_setup.sh'
[15.686s] INFO:colcon.colcon_core.shell:Creating prefix util module '/home/osawakousei/ros2_ws/src/custom_message_unity/install/_local_setup_util_sh.py'
[15.689s] INFO:colcon.colcon_core.shell:Creating prefix chain script '/home/osawakousei/ros2_ws/src/custom_message_unity/install/setup.sh'
[15.698s] INFO:colcon.colcon_core.shell:Creating prefix script '/home/osawakousei/ros2_ws/src/custom_message_unity/install/local_setup.bash'
[15.705s] INFO:colcon.colcon_core.shell:Creating prefix chain script '/home/osawakousei/ros2_ws/src/custom_message_unity/install/setup.bash'
[15.713s] INFO:colcon.colcon_core.shell:Creating prefix script '/home/osawakousei/ros2_ws/src/custom_message_unity/install/local_setup.zsh'
[15.715s] INFO:colcon.colcon_core.shell:Creating prefix chain script '/home/osawakousei/ros2_ws/src/custom_message_unity/install/setup.zsh'
