[0.084s] Invoking command in '/root/ros2_ws/build/custom_message_unity': /usr/bin/cmake /root/ros2_ws/src/custom_message_unity -DCMAKE_INSTALL_PREFIX=/root/ros2_ws/install/custom_message_unity
[0.147s] -- The C compiler identification is GNU 11.4.0
[0.197s] -- The CXX compiler identification is GNU 11.4.0
[0.203s] -- Detecting C compiler ABI info
[0.258s] -- Detecting C compiler ABI info - done
[0.266s] -- Check for working C compiler: /usr/bin/cc - skipped
[0.267s] -- Detecting C compile features
[0.267s] -- Detecting C compile features - done
[0.269s] -- Detecting CXX compiler ABI info
[0.340s] -- Detecting CXX compiler ABI info - done
[0.346s] -- Check for working CXX compiler: /usr/bin/c++ - skipped
[0.346s] -- Detecting CXX compile features
[0.347s] -- Detecting CXX compile features - done
[0.372s] CMake Error at CMakeLists.txt:9 (find_package):
[0.372s]   By not providing "Findament_cmake.cmake" in CMAKE_MODULE_PATH this project
[0.372s]   has asked CMake to find a package configuration file provided by
[0.372s]   "ament_cmake", but CMake did not find one.
[0.372s] 
[0.373s]   Could not find a package configuration file provided by "ament_cmake" with
[0.373s]   any of the following names:
[0.373s] 
[0.373s]     ament_cmakeConfig.cmake
[0.373s]     ament_cmake-config.cmake
[0.373s] 
[0.373s]   Add the installation prefix of "ament_cmake" to CMAKE_PREFIX_PATH or set
[0.374s]   "ament_cmake_DIR" to a directory containing one of the above files.  If
[0.374s]   "ament_cmake" provides a separate development package or SDK, be sure it
[0.374s]   has been installed.
[0.374s] 
[0.374s] 
[0.374s] -- Configuring incomplete, errors occurred!
[0.374s] See also "/root/ros2_ws/build/custom_message_unity/CMakeFiles/CMakeOutput.log".
[0.375s] Invoked command in '/root/ros2_ws/build/custom_message_unity' returned '1': /usr/bin/cmake /root/ros2_ws/src/custom_message_unity -DCMAKE_INSTALL_PREFIX=/root/ros2_ws/install/custom_message_unity
