[0.927s] DEBUG:colcon:Command line arguments: ['/usr/bin/colcon', 'build']
[0.927s] DEBUG:colcon:Parsed command line arguments: Namespace(log_base=None, log_level=None, verb_name='build', build_base='build', install_base='install', merge_install=False, symlink_install=False, test_result_base=None, continue_on_error=False, executor='parallel', parallel_workers=8, event_handlers=None, ignore_user_meta=False, metas=['./colcon.meta'], base_paths=['.'], packages_ignore=None, packages_ignore_regex=None, paths=None, packages_up_to=None, packages_up_to_regex=None, packages_above=None, packages_above_and_dependencies=None, packages_above_depth=None, packages_select_by_dep=None, packages_skip_by_dep=None, packages_skip_up_to=None, packages_select_build_failed=False, packages_skip_build_finished=False, packages_select_test_failures=False, packages_skip_test_passed=False, packages_select=None, packages_skip=None, packages_select_regex=None, packages_skip_regex=None, packages_start=None, packages_end=None, allow_overriding=[], cmake_args=None, cmake_target=None, cmake_target_skip_unavailable=False, cmake_clean_cache=False, cmake_clean_first=False, cmake_force_configure=False, ament_cmake_args=None, catkin_cmake_args=None, catkin_skip_building_tests=False, verb_parser=<colcon_defaults.argument_parser.defaults.DefaultArgumentsDecorator object at 0x7f00f76792a0>, verb_extension=<colcon_core.verb.build.BuildVerb object at 0x7f00f7678d30>, main=<bound method BuildVerb.main of <colcon_core.verb.build.BuildVerb object at 0x7f00f7678d30>>)
[0.998s] Level 1:colcon.colcon_core.package_discovery:discover_packages(colcon_meta) check parameters
[0.999s] Level 1:colcon.colcon_core.package_discovery:discover_packages(recursive) check parameters
[0.999s] Level 1:colcon.colcon_core.package_discovery:discover_packages(ignore) check parameters
[0.999s] Level 1:colcon.colcon_core.package_discovery:discover_packages(path) check parameters
[0.999s] Level 1:colcon.colcon_core.package_discovery:discover_packages(colcon_meta) discover
[0.999s] Level 1:colcon.colcon_core.package_discovery:discover_packages(recursive) discover
[0.999s] INFO:colcon.colcon_core.package_discovery:Crawling recursively for packages in '/home/osawakousei/ros2_ws/src'
[1.000s] Level 1:colcon.colcon_core.package_identification:_identify(.) by extensions ['ignore', 'ignore_ament_install']
[1.000s] Level 1:colcon.colcon_core.package_identification:_identify(.) by extension 'ignore'
[1.000s] Level 1:colcon.colcon_core.package_identification:_identify(.) by extension 'ignore_ament_install'
[1.000s] Level 1:colcon.colcon_core.package_identification:_identify(.) by extensions ['colcon_pkg']
[1.000s] Level 1:colcon.colcon_core.package_identification:_identify(.) by extension 'colcon_pkg'
[1.000s] Level 1:colcon.colcon_core.package_identification:_identify(.) by extensions ['colcon_meta']
[1.001s] Level 1:colcon.colcon_core.package_identification:_identify(.) by extension 'colcon_meta'
[1.001s] Level 1:colcon.colcon_core.package_identification:_identify(.) by extensions ['ros']
[1.001s] Level 1:colcon.colcon_core.package_identification:_identify(.) by extension 'ros'
[1.029s] Level 1:colcon.colcon_core.package_identification:_identify(.) by extensions ['cmake', 'python']
[1.029s] Level 1:colcon.colcon_core.package_identification:_identify(.) by extension 'cmake'
[1.029s] Level 1:colcon.colcon_core.package_identification:_identify(.) by extension 'python'
[1.029s] Level 1:colcon.colcon_core.package_identification:_identify(.) by extensions ['python_setup_py']
[1.029s] Level 1:colcon.colcon_core.package_identification:_identify(.) by extension 'python_setup_py'
[1.030s] Level 1:colcon.colcon_core.package_identification:_identify(android_controll_test) by extensions ['ignore', 'ignore_ament_install']
[1.030s] Level 1:colcon.colcon_core.package_identification:_identify(android_controll_test) by extension 'ignore'
[1.030s] Level 1:colcon.colcon_core.package_identification:_identify(android_controll_test) by extension 'ignore_ament_install'
[1.030s] Level 1:colcon.colcon_core.package_identification:_identify(android_controll_test) by extensions ['colcon_pkg']
[1.030s] Level 1:colcon.colcon_core.package_identification:_identify(android_controll_test) by extension 'colcon_pkg'
[1.031s] Level 1:colcon.colcon_core.package_identification:_identify(android_controll_test) by extensions ['colcon_meta']
[1.031s] Level 1:colcon.colcon_core.package_identification:_identify(android_controll_test) by extension 'colcon_meta'
[1.031s] Level 1:colcon.colcon_core.package_identification:_identify(android_controll_test) by extensions ['ros']
[1.031s] Level 1:colcon.colcon_core.package_identification:_identify(android_controll_test) by extension 'ros'
[1.043s] DEBUG:colcon.colcon_core.package_identification:Package 'android_controll_test' with type 'ros.ament_cmake' and name 'android_controll_test'
[1.043s] Level 1:colcon.colcon_core.package_identification:_identify(build) by extensions ['ignore', 'ignore_ament_install']
[1.044s] Level 1:colcon.colcon_core.package_identification:_identify(build) by extension 'ignore'
[1.045s] Level 1:colcon.colcon_core.package_identification:_identify(build) ignored
[1.045s] Level 1:colcon.colcon_core.package_identification:_identify(cpp_server_client) by extensions ['ignore', 'ignore_ament_install']
[1.046s] Level 1:colcon.colcon_core.package_identification:_identify(cpp_server_client) by extension 'ignore'
[1.046s] Level 1:colcon.colcon_core.package_identification:_identify(cpp_server_client) by extension 'ignore_ament_install'
[1.047s] Level 1:colcon.colcon_core.package_identification:_identify(cpp_server_client) by extensions ['colcon_pkg']
[1.047s] Level 1:colcon.colcon_core.package_identification:_identify(cpp_server_client) by extension 'colcon_pkg'
[1.047s] Level 1:colcon.colcon_core.package_identification:_identify(cpp_server_client) by extensions ['colcon_meta']
[1.047s] Level 1:colcon.colcon_core.package_identification:_identify(cpp_server_client) by extension 'colcon_meta'
[1.048s] Level 1:colcon.colcon_core.package_identification:_identify(cpp_server_client) by extensions ['ros']
[1.048s] Level 1:colcon.colcon_core.package_identification:_identify(cpp_server_client) by extension 'ros'
[1.051s] DEBUG:colcon.colcon_core.package_identification:Package 'cpp_server_client' with type 'ros.ament_cmake' and name 'cpp_server_client'
[1.052s] Level 1:colcon.colcon_core.package_identification:_identify(cpp_topic_pubsub) by extensions ['ignore', 'ignore_ament_install']
[1.052s] Level 1:colcon.colcon_core.package_identification:_identify(cpp_topic_pubsub) by extension 'ignore'
[1.052s] Level 1:colcon.colcon_core.package_identification:_identify(cpp_topic_pubsub) by extension 'ignore_ament_install'
[1.052s] Level 1:colcon.colcon_core.package_identification:_identify(cpp_topic_pubsub) by extensions ['colcon_pkg']
[1.053s] Level 1:colcon.colcon_core.package_identification:_identify(cpp_topic_pubsub) by extension 'colcon_pkg'
[1.054s] Level 1:colcon.colcon_core.package_identification:_identify(cpp_topic_pubsub) by extensions ['colcon_meta']
[1.054s] Level 1:colcon.colcon_core.package_identification:_identify(cpp_topic_pubsub) by extension 'colcon_meta'
[1.054s] Level 1:colcon.colcon_core.package_identification:_identify(cpp_topic_pubsub) by extensions ['ros']
[1.054s] Level 1:colcon.colcon_core.package_identification:_identify(cpp_topic_pubsub) by extension 'ros'
[1.057s] DEBUG:colcon.colcon_core.package_identification:Package 'cpp_topic_pubsub' with type 'ros.ament_cmake' and name 'cpp_topic_pubsub'
[1.058s] Level 1:colcon.colcon_core.package_identification:_identify(custom_message_unity) by extensions ['ignore', 'ignore_ament_install']
[1.058s] Level 1:colcon.colcon_core.package_identification:_identify(custom_message_unity) by extension 'ignore'
[1.058s] Level 1:colcon.colcon_core.package_identification:_identify(custom_message_unity) by extension 'ignore_ament_install'
[1.058s] Level 1:colcon.colcon_core.package_identification:_identify(custom_message_unity) by extensions ['colcon_pkg']
[1.059s] Level 1:colcon.colcon_core.package_identification:_identify(custom_message_unity) by extension 'colcon_pkg'
[1.059s] Level 1:colcon.colcon_core.package_identification:_identify(custom_message_unity) by extensions ['colcon_meta']
[1.059s] Level 1:colcon.colcon_core.package_identification:_identify(custom_message_unity) by extension 'colcon_meta'
[1.059s] Level 1:colcon.colcon_core.package_identification:_identify(custom_message_unity) by extensions ['ros']
[1.059s] Level 1:colcon.colcon_core.package_identification:_identify(custom_message_unity) by extension 'ros'
[1.060s] DEBUG:colcon.colcon_core.package_identification:Package 'custom_message_unity' with type 'ros.ament_cmake' and name 'custom_message_unity'
[1.061s] Level 1:colcon.colcon_core.package_identification:_identify(custom_test_msgs) by extensions ['ignore', 'ignore_ament_install']
[1.061s] Level 1:colcon.colcon_core.package_identification:_identify(custom_test_msgs) by extension 'ignore'
[1.061s] Level 1:colcon.colcon_core.package_identification:_identify(custom_test_msgs) by extension 'ignore_ament_install'
[1.061s] Level 1:colcon.colcon_core.package_identification:_identify(custom_test_msgs) by extensions ['colcon_pkg']
[1.061s] Level 1:colcon.colcon_core.package_identification:_identify(custom_test_msgs) by extension 'colcon_pkg'
[1.061s] Level 1:colcon.colcon_core.package_identification:_identify(custom_test_msgs) by extensions ['colcon_meta']
[1.061s] Level 1:colcon.colcon_core.package_identification:_identify(custom_test_msgs) by extension 'colcon_meta'
[1.062s] Level 1:colcon.colcon_core.package_identification:_identify(custom_test_msgs) by extensions ['ros']
[1.062s] Level 1:colcon.colcon_core.package_identification:_identify(custom_test_msgs) by extension 'ros'
[1.065s] DEBUG:colcon.colcon_core.package_identification:Package 'custom_test_msgs' with type 'ros.ament_cmake' and name 'custom_test_msgs'
[1.065s] Level 1:colcon.colcon_core.package_identification:_identify(install) by extensions ['ignore', 'ignore_ament_install']
[1.065s] Level 1:colcon.colcon_core.package_identification:_identify(install) by extension 'ignore'
[1.066s] Level 1:colcon.colcon_core.package_identification:_identify(install) ignored
[1.066s] Level 1:colcon.colcon_core.package_identification:_identify(log) by extensions ['ignore', 'ignore_ament_install']
[1.066s] Level 1:colcon.colcon_core.package_identification:_identify(log) by extension 'ignore'
[1.066s] Level 1:colcon.colcon_core.package_identification:_identify(log) ignored
[1.066s] Level 1:colcon.colcon_core.package_identification:_identify(test_package) by extensions ['ignore', 'ignore_ament_install']
[1.067s] Level 1:colcon.colcon_core.package_identification:_identify(test_package) by extension 'ignore'
[1.067s] Level 1:colcon.colcon_core.package_identification:_identify(test_package) by extension 'ignore_ament_install'
[1.067s] Level 1:colcon.colcon_core.package_identification:_identify(test_package) by extensions ['colcon_pkg']
[1.068s] Level 1:colcon.colcon_core.package_identification:_identify(test_package) by extension 'colcon_pkg'
[1.069s] Level 1:colcon.colcon_core.package_identification:_identify(test_package) by extensions ['colcon_meta']
[1.069s] Level 1:colcon.colcon_core.package_identification:_identify(test_package) by extension 'colcon_meta'
[1.069s] Level 1:colcon.colcon_core.package_identification:_identify(test_package) by extensions ['ros']
[1.069s] Level 1:colcon.colcon_core.package_identification:_identify(test_package) by extension 'ros'
[1.071s] DEBUG:colcon.colcon_core.package_identification:Package 'test_package' with type 'ros.ament_cmake' and name 'test_package'
[1.071s] Level 1:colcon.colcon_core.package_discovery:discover_packages(recursive) using defaults
[1.072s] Level 1:colcon.colcon_core.package_discovery:discover_packages(ignore) discover
[1.072s] Level 1:colcon.colcon_core.package_discovery:discover_packages(ignore) using defaults
[1.072s] Level 1:colcon.colcon_core.package_discovery:discover_packages(path) discover
[1.072s] Level 1:colcon.colcon_core.package_discovery:discover_packages(path) using defaults
[1.133s] Level 1:colcon.colcon_core.package_discovery:discover_packages(prefix_path) check parameters
[1.133s] Level 1:colcon.colcon_core.package_discovery:discover_packages(prefix_path) discover
[1.143s] DEBUG:colcon.colcon_installed_package_information.package_discovery:Found 1 installed packages in /home/osawakousei/ros2_ws/src/custom_message_unity/install
[1.146s] DEBUG:colcon.colcon_installed_package_information.package_discovery:Found 9 installed packages in /home/osawakousei/ros2_ws/install
[1.148s] DEBUG:colcon.colcon_installed_package_information.package_discovery:Found 2 installed packages in /home/osawakousei/ros2_ws/src/android_controll_test/install
[1.151s] DEBUG:colcon.colcon_installed_package_information.package_discovery:Found 1 installed packages in /home/osawakousei/ros2_ws/src/cpp_server_client/install
[1.154s] DEBUG:colcon.colcon_installed_package_information.package_discovery:Found 1 installed packages in /home/osawakousei/ros2_ws/src/cpp_topic_pubsub/install
[1.156s] DEBUG:colcon.colcon_installed_package_information.package_discovery:Found 1 installed packages in /home/osawakousei/ros2_ws/src/test_package/install
[1.158s] DEBUG:colcon.colcon_installed_package_information.package_discovery:Found 3 installed packages in /home/osawakousei/ros2_ws/uros_ws/install
[1.161s] DEBUG:colcon.colcon_installed_package_information.package_discovery:Found 1 installed packages in /home/osawakousei/ros2_ws/src/custom_test_msgs/install
[1.168s] DEBUG:colcon.colcon_installed_package_information.package_discovery:Found 331 installed packages in /opt/ros/humble
[1.174s] Level 1:colcon.colcon_core.package_discovery:discover_packages(prefix_path) using defaults
[1.342s] Level 5:colcon.colcon_core.verb:set package 'cpp_server_client' build argument 'cmake_args' from command line to 'None'
[1.343s] Level 5:colcon.colcon_core.verb:set package 'cpp_server_client' build argument 'cmake_target' from command line to 'None'
[1.343s] Level 5:colcon.colcon_core.verb:set package 'cpp_server_client' build argument 'cmake_target_skip_unavailable' from command line to 'False'
[1.343s] Level 5:colcon.colcon_core.verb:set package 'cpp_server_client' build argument 'cmake_clean_cache' from command line to 'False'
[1.343s] Level 5:colcon.colcon_core.verb:set package 'cpp_server_client' build argument 'cmake_clean_first' from command line to 'False'
[1.343s] Level 5:colcon.colcon_core.verb:set package 'cpp_server_client' build argument 'cmake_force_configure' from command line to 'False'
[1.343s] Level 5:colcon.colcon_core.verb:set package 'cpp_server_client' build argument 'ament_cmake_args' from command line to 'None'
[1.343s] Level 5:colcon.colcon_core.verb:set package 'cpp_server_client' build argument 'catkin_cmake_args' from command line to 'None'
[1.343s] Level 5:colcon.colcon_core.verb:set package 'cpp_server_client' build argument 'catkin_skip_building_tests' from command line to 'False'
[1.343s] DEBUG:colcon.colcon_core.verb:Building package 'cpp_server_client' with the following arguments: {'ament_cmake_args': None, 'build_base': '/home/osawakousei/ros2_ws/src/build/cpp_server_client', 'catkin_cmake_args': None, 'catkin_skip_building_tests': False, 'cmake_args': None, 'cmake_clean_cache': False, 'cmake_clean_first': False, 'cmake_force_configure': False, 'cmake_target': None, 'cmake_target_skip_unavailable': False, 'install_base': '/home/osawakousei/ros2_ws/src/install/cpp_server_client', 'merge_install': False, 'path': '/home/osawakousei/ros2_ws/src/cpp_server_client', 'symlink_install': False, 'test_result_base': None}
[1.346s] Level 5:colcon.colcon_core.verb:set package 'cpp_topic_pubsub' build argument 'cmake_args' from command line to 'None'
[1.346s] Level 5:colcon.colcon_core.verb:set package 'cpp_topic_pubsub' build argument 'cmake_target' from command line to 'None'
[1.346s] Level 5:colcon.colcon_core.verb:set package 'cpp_topic_pubsub' build argument 'cmake_target_skip_unavailable' from command line to 'False'
[1.346s] Level 5:colcon.colcon_core.verb:set package 'cpp_topic_pubsub' build argument 'cmake_clean_cache' from command line to 'False'
[1.346s] Level 5:colcon.colcon_core.verb:set package 'cpp_topic_pubsub' build argument 'cmake_clean_first' from command line to 'False'
[1.346s] Level 5:colcon.colcon_core.verb:set package 'cpp_topic_pubsub' build argument 'cmake_force_configure' from command line to 'False'
[1.346s] Level 5:colcon.colcon_core.verb:set package 'cpp_topic_pubsub' build argument 'ament_cmake_args' from command line to 'None'
[1.346s] Level 5:colcon.colcon_core.verb:set package 'cpp_topic_pubsub' build argument 'catkin_cmake_args' from command line to 'None'
[1.347s] Level 5:colcon.colcon_core.verb:set package 'cpp_topic_pubsub' build argument 'catkin_skip_building_tests' from command line to 'False'
[1.347s] DEBUG:colcon.colcon_core.verb:Building package 'cpp_topic_pubsub' with the following arguments: {'ament_cmake_args': None, 'build_base': '/home/osawakousei/ros2_ws/src/build/cpp_topic_pubsub', 'catkin_cmake_args': None, 'catkin_skip_building_tests': False, 'cmake_args': None, 'cmake_clean_cache': False, 'cmake_clean_first': False, 'cmake_force_configure': False, 'cmake_target': None, 'cmake_target_skip_unavailable': False, 'install_base': '/home/osawakousei/ros2_ws/src/install/cpp_topic_pubsub', 'merge_install': False, 'path': '/home/osawakousei/ros2_ws/src/cpp_topic_pubsub', 'symlink_install': False, 'test_result_base': None}
[1.349s] Level 5:colcon.colcon_core.verb:set package 'custom_message_unity' build argument 'cmake_args' from command line to 'None'
[1.349s] Level 5:colcon.colcon_core.verb:set package 'custom_message_unity' build argument 'cmake_target' from command line to 'None'
[1.349s] Level 5:colcon.colcon_core.verb:set package 'custom_message_unity' build argument 'cmake_target_skip_unavailable' from command line to 'False'
[1.349s] Level 5:colcon.colcon_core.verb:set package 'custom_message_unity' build argument 'cmake_clean_cache' from command line to 'False'
[1.349s] Level 5:colcon.colcon_core.verb:set package 'custom_message_unity' build argument 'cmake_clean_first' from command line to 'False'
[1.349s] Level 5:colcon.colcon_core.verb:set package 'custom_message_unity' build argument 'cmake_force_configure' from command line to 'False'
[1.349s] Level 5:colcon.colcon_core.verb:set package 'custom_message_unity' build argument 'ament_cmake_args' from command line to 'None'
[1.349s] Level 5:colcon.colcon_core.verb:set package 'custom_message_unity' build argument 'catkin_cmake_args' from command line to 'None'
[1.349s] Level 5:colcon.colcon_core.verb:set package 'custom_message_unity' build argument 'catkin_skip_building_tests' from command line to 'False'
[1.350s] DEBUG:colcon.colcon_core.verb:Building package 'custom_message_unity' with the following arguments: {'ament_cmake_args': None, 'build_base': '/home/osawakousei/ros2_ws/src/build/custom_message_unity', 'catkin_cmake_args': None, 'catkin_skip_building_tests': False, 'cmake_args': None, 'cmake_clean_cache': False, 'cmake_clean_first': False, 'cmake_force_configure': False, 'cmake_target': None, 'cmake_target_skip_unavailable': False, 'install_base': '/home/osawakousei/ros2_ws/src/install/custom_message_unity', 'merge_install': False, 'path': '/home/osawakousei/ros2_ws/src/custom_message_unity', 'symlink_install': False, 'test_result_base': None}
[1.351s] Level 5:colcon.colcon_core.verb:set package 'custom_test_msgs' build argument 'cmake_args' from command line to 'None'
[1.351s] Level 5:colcon.colcon_core.verb:set package 'custom_test_msgs' build argument 'cmake_target' from command line to 'None'
[1.352s] Level 5:colcon.colcon_core.verb:set package 'custom_test_msgs' build argument 'cmake_target_skip_unavailable' from command line to 'False'
[1.352s] Level 5:colcon.colcon_core.verb:set package 'custom_test_msgs' build argument 'cmake_clean_cache' from command line to 'False'
[1.352s] Level 5:colcon.colcon_core.verb:set package 'custom_test_msgs' build argument 'cmake_clean_first' from command line to 'False'
[1.352s] Level 5:colcon.colcon_core.verb:set package 'custom_test_msgs' build argument 'cmake_force_configure' from command line to 'False'
[1.352s] Level 5:colcon.colcon_core.verb:set package 'custom_test_msgs' build argument 'ament_cmake_args' from command line to 'None'
[1.352s] Level 5:colcon.colcon_core.verb:set package 'custom_test_msgs' build argument 'catkin_cmake_args' from command line to 'None'
[1.352s] Level 5:colcon.colcon_core.verb:set package 'custom_test_msgs' build argument 'catkin_skip_building_tests' from command line to 'False'
[1.352s] DEBUG:colcon.colcon_core.verb:Building package 'custom_test_msgs' with the following arguments: {'ament_cmake_args': None, 'build_base': '/home/osawakousei/ros2_ws/src/build/custom_test_msgs', 'catkin_cmake_args': None, 'catkin_skip_building_tests': False, 'cmake_args': None, 'cmake_clean_cache': False, 'cmake_clean_first': False, 'cmake_force_configure': False, 'cmake_target': None, 'cmake_target_skip_unavailable': False, 'install_base': '/home/osawakousei/ros2_ws/src/install/custom_test_msgs', 'merge_install': False, 'path': '/home/osawakousei/ros2_ws/src/custom_test_msgs', 'symlink_install': False, 'test_result_base': None}
[1.354s] Level 5:colcon.colcon_core.verb:set package 'test_package' build argument 'cmake_args' from command line to 'None'
[1.354s] Level 5:colcon.colcon_core.verb:set package 'test_package' build argument 'cmake_target' from command line to 'None'
[1.354s] Level 5:colcon.colcon_core.verb:set package 'test_package' build argument 'cmake_target_skip_unavailable' from command line to 'False'
[1.354s] Level 5:colcon.colcon_core.verb:set package 'test_package' build argument 'cmake_clean_cache' from command line to 'False'
[1.354s] Level 5:colcon.colcon_core.verb:set package 'test_package' build argument 'cmake_clean_first' from command line to 'False'
[1.355s] Level 5:colcon.colcon_core.verb:set package 'test_package' build argument 'cmake_force_configure' from command line to 'False'
[1.355s] Level 5:colcon.colcon_core.verb:set package 'test_package' build argument 'ament_cmake_args' from command line to 'None'
[1.355s] Level 5:colcon.colcon_core.verb:set package 'test_package' build argument 'catkin_cmake_args' from command line to 'None'
[1.355s] Level 5:colcon.colcon_core.verb:set package 'test_package' build argument 'catkin_skip_building_tests' from command line to 'False'
[1.355s] DEBUG:colcon.colcon_core.verb:Building package 'test_package' with the following arguments: {'ament_cmake_args': None, 'build_base': '/home/osawakousei/ros2_ws/src/build/test_package', 'catkin_cmake_args': None, 'catkin_skip_building_tests': False, 'cmake_args': None, 'cmake_clean_cache': False, 'cmake_clean_first': False, 'cmake_force_configure': False, 'cmake_target': None, 'cmake_target_skip_unavailable': False, 'install_base': '/home/osawakousei/ros2_ws/src/install/test_package', 'merge_install': False, 'path': '/home/osawakousei/ros2_ws/src/test_package', 'symlink_install': False, 'test_result_base': None}
[1.356s] Level 5:colcon.colcon_core.verb:set package 'android_controll_test' build argument 'cmake_args' from command line to 'None'
[1.357s] Level 5:colcon.colcon_core.verb:set package 'android_controll_test' build argument 'cmake_target' from command line to 'None'
[1.357s] Level 5:colcon.colcon_core.verb:set package 'android_controll_test' build argument 'cmake_target_skip_unavailable' from command line to 'False'
[1.357s] Level 5:colcon.colcon_core.verb:set package 'android_controll_test' build argument 'cmake_clean_cache' from command line to 'False'
[1.357s] Level 5:colcon.colcon_core.verb:set package 'android_controll_test' build argument 'cmake_clean_first' from command line to 'False'
[1.357s] Level 5:colcon.colcon_core.verb:set package 'android_controll_test' build argument 'cmake_force_configure' from command line to 'False'
[1.357s] Level 5:colcon.colcon_core.verb:set package 'android_controll_test' build argument 'ament_cmake_args' from command line to 'None'
[1.357s] Level 5:colcon.colcon_core.verb:set package 'android_controll_test' build argument 'catkin_cmake_args' from command line to 'None'
[1.357s] Level 5:colcon.colcon_core.verb:set package 'android_controll_test' build argument 'catkin_skip_building_tests' from command line to 'False'
[1.357s] DEBUG:colcon.colcon_core.verb:Building package 'android_controll_test' with the following arguments: {'ament_cmake_args': None, 'build_base': '/home/osawakousei/ros2_ws/src/build/android_controll_test', 'catkin_cmake_args': None, 'catkin_skip_building_tests': False, 'cmake_args': None, 'cmake_clean_cache': False, 'cmake_clean_first': False, 'cmake_force_configure': False, 'cmake_target': None, 'cmake_target_skip_unavailable': False, 'install_base': '/home/osawakousei/ros2_ws/src/install/android_controll_test', 'merge_install': False, 'path': '/home/osawakousei/ros2_ws/src/android_controll_test', 'symlink_install': False, 'test_result_base': None}
[1.358s] INFO:colcon.colcon_core.executor:Executing jobs using 'parallel' executor
[1.366s] DEBUG:colcon.colcon_parallel_executor.executor.parallel:run_until_complete
[1.367s] INFO:colcon.colcon_ros.task.ament_cmake.build:Building ROS package in '/home/osawakousei/ros2_ws/src/custom_test_msgs' with build type 'ament_cmake'
[1.367s] INFO:colcon.colcon_cmake.task.cmake.build:Building CMake package in '/home/osawakousei/ros2_ws/src/custom_test_msgs'
[1.379s] INFO:colcon.colcon_core.plugin_system:Skipping extension 'colcon_core.shell.bat': Not used on non-Windows systems
[1.379s] INFO:colcon.colcon_core.shell:Skip shell extension 'powershell' for command environment: Not usable outside of PowerShell
[1.379s] DEBUG:colcon.colcon_core.shell:Skip shell extension 'dsv' for command environment
[1.413s] INFO:colcon.colcon_ros.task.ament_cmake.build:Building ROS package in '/home/osawakousei/ros2_ws/src/cpp_server_client' with build type 'ament_cmake'
[1.414s] INFO:colcon.colcon_cmake.task.cmake.build:Building CMake package in '/home/osawakousei/ros2_ws/src/cpp_server_client'
[1.417s] INFO:colcon.colcon_core.shell:Skip shell extension 'powershell' for command environment: Not usable outside of PowerShell
[1.417s] DEBUG:colcon.colcon_core.shell:Skip shell extension 'dsv' for command environment
[1.452s] INFO:colcon.colcon_ros.task.ament_cmake.build:Building ROS package in '/home/osawakousei/ros2_ws/src/cpp_topic_pubsub' with build type 'ament_cmake'
[1.453s] INFO:colcon.colcon_cmake.task.cmake.build:Building CMake package in '/home/osawakousei/ros2_ws/src/cpp_topic_pubsub'
[1.455s] INFO:colcon.colcon_core.shell:Skip shell extension 'powershell' for command environment: Not usable outside of PowerShell
[1.455s] DEBUG:colcon.colcon_core.shell:Skip shell extension 'dsv' for command environment
[1.491s] INFO:colcon.colcon_ros.task.ament_cmake.build:Building ROS package in '/home/osawakousei/ros2_ws/src/custom_message_unity' with build type 'ament_cmake'
[1.492s] INFO:colcon.colcon_cmake.task.cmake.build:Building CMake package in '/home/osawakousei/ros2_ws/src/custom_message_unity'
[1.496s] INFO:colcon.colcon_core.shell:Skip shell extension 'powershell' for command environment: Not usable outside of PowerShell
[1.497s] DEBUG:colcon.colcon_core.shell:Skip shell extension 'dsv' for command environment
[1.532s] INFO:colcon.colcon_ros.task.ament_cmake.build:Building ROS package in '/home/osawakousei/ros2_ws/src/test_package' with build type 'ament_cmake'
[1.533s] INFO:colcon.colcon_cmake.task.cmake.build:Building CMake package in '/home/osawakousei/ros2_ws/src/test_package'
[1.536s] INFO:colcon.colcon_core.shell:Skip shell extension 'powershell' for command environment: Not usable outside of PowerShell
[1.536s] DEBUG:colcon.colcon_core.shell:Skip shell extension 'dsv' for command environment
[1.586s] DEBUG:colcon.colcon_core.event_handler.log_command:Invoking command in '/home/osawakousei/ros2_ws/src/build/custom_test_msgs': CMAKE_PREFIX_PATH=${CMAKE_PREFIX_PATH}:/opt/ros/humble /usr/bin/cmake /home/osawakousei/ros2_ws/src/custom_test_msgs -DCMAKE_INSTALL_PREFIX=/home/osawakousei/ros2_ws/src/install/custom_test_msgs
[1.594s] DEBUG:colcon.colcon_core.event_handler.log_command:Invoking command in '/home/osawakousei/ros2_ws/src/build/cpp_server_client': CMAKE_PREFIX_PATH=${CMAKE_PREFIX_PATH}:/opt/ros/humble /usr/bin/cmake /home/osawakousei/ros2_ws/src/cpp_server_client -DCMAKE_INSTALL_PREFIX=/home/osawakousei/ros2_ws/src/install/cpp_server_client
[1.603s] DEBUG:colcon.colcon_core.event_handler.log_command:Invoking command in '/home/osawakousei/ros2_ws/src/build/cpp_topic_pubsub': CMAKE_PREFIX_PATH=${CMAKE_PREFIX_PATH}:/opt/ros/humble /usr/bin/cmake /home/osawakousei/ros2_ws/src/cpp_topic_pubsub -DCMAKE_INSTALL_PREFIX=/home/osawakousei/ros2_ws/src/install/cpp_topic_pubsub
[1.615s] DEBUG:colcon.colcon_core.event_handler.log_command:Invoking command in '/home/osawakousei/ros2_ws/src/build/custom_message_unity': CMAKE_PREFIX_PATH=${CMAKE_PREFIX_PATH}:/opt/ros/humble /usr/bin/cmake /home/osawakousei/ros2_ws/src/custom_message_unity -DCMAKE_INSTALL_PREFIX=/home/osawakousei/ros2_ws/src/install/custom_message_unity
[1.628s] DEBUG:colcon.colcon_core.event_handler.log_command:Invoking command in '/home/osawakousei/ros2_ws/src/build/test_package': CMAKE_PREFIX_PATH=${CMAKE_PREFIX_PATH}:/opt/ros/humble /usr/bin/cmake /home/osawakousei/ros2_ws/src/test_package -DCMAKE_INSTALL_PREFIX=/home/osawakousei/ros2_ws/src/install/test_package
[4.413s] DEBUG:colcon.colcon_core.event_handler.log_command:Invoked command in '/home/osawakousei/ros2_ws/src/build/test_package' returned '0': CMAKE_PREFIX_PATH=${CMAKE_PREFIX_PATH}:/opt/ros/humble /usr/bin/cmake /home/osawakousei/ros2_ws/src/test_package -DCMAKE_INSTALL_PREFIX=/home/osawakousei/ros2_ws/src/install/test_package
[4.421s] DEBUG:colcon.colcon_core.event_handler.log_command:Invoking command in '/home/osawakousei/ros2_ws/src/build/test_package': CMAKE_PREFIX_PATH=${CMAKE_PREFIX_PATH}:/opt/ros/humble /usr/bin/cmake --build /home/osawakousei/ros2_ws/src/build/test_package -- -j8 -l8
[4.587s] DEBUG:colcon.colcon_core.event_handler.log_command:Invoked command in '/home/osawakousei/ros2_ws/src/build/test_package' returned '0': CMAKE_PREFIX_PATH=${CMAKE_PREFIX_PATH}:/opt/ros/humble /usr/bin/cmake --build /home/osawakousei/ros2_ws/src/build/test_package -- -j8 -l8
[4.776s] DEBUG:colcon.colcon_core.event_handler.log_command:Invoking command in '/home/osawakousei/ros2_ws/src/build/test_package': CMAKE_PREFIX_PATH=${CMAKE_PREFIX_PATH}:/opt/ros/humble /usr/bin/cmake --install /home/osawakousei/ros2_ws/src/build/test_package
[4.823s] Level 1:colcon.colcon_core.environment:create_environment_scripts_only(test_package)
[4.824s] DEBUG:colcon.colcon_core.event_handler.log_command:Invoked command in '/home/osawakousei/ros2_ws/src/build/test_package' returned '0': CMAKE_PREFIX_PATH=${CMAKE_PREFIX_PATH}:/opt/ros/humble /usr/bin/cmake --install /home/osawakousei/ros2_ws/src/build/test_package
[4.841s] Level 1:colcon.colcon_core.environment:checking '/home/osawakousei/ros2_ws/src/install/test_package' for CMake module files
[4.843s] Level 1:colcon.colcon_core.environment:checking '/home/osawakousei/ros2_ws/src/install/test_package' for CMake config files
[4.844s] Level 1:colcon.colcon_core.shell:create_environment_hook('test_package', 'cmake_prefix_path')
[4.847s] INFO:colcon.colcon_core.shell:Creating environment hook '/home/osawakousei/ros2_ws/src/install/test_package/share/test_package/hook/cmake_prefix_path.ps1'
[4.849s] INFO:colcon.colcon_core.shell:Creating environment descriptor '/home/osawakousei/ros2_ws/src/install/test_package/share/test_package/hook/cmake_prefix_path.dsv'
[4.850s] INFO:colcon.colcon_core.shell:Creating environment hook '/home/osawakousei/ros2_ws/src/install/test_package/share/test_package/hook/cmake_prefix_path.sh'
[4.852s] Level 1:colcon.colcon_core.environment:checking '/home/osawakousei/ros2_ws/src/install/test_package/bin'
[4.852s] Level 1:colcon.colcon_core.environment:checking '/home/osawakousei/ros2_ws/src/install/test_package/lib/pkgconfig/test_package.pc'
[4.853s] Level 1:colcon.colcon_core.environment:checking '/home/osawakousei/ros2_ws/src/install/test_package/lib/python3.10/site-packages'
[4.854s] Level 1:colcon.colcon_core.environment:checking '/home/osawakousei/ros2_ws/src/install/test_package/bin'
[4.857s] INFO:colcon.colcon_core.shell:Creating package script '/home/osawakousei/ros2_ws/src/install/test_package/share/test_package/package.ps1'
[4.859s] INFO:colcon.colcon_core.shell:Creating package descriptor '/home/osawakousei/ros2_ws/src/install/test_package/share/test_package/package.dsv'
[4.862s] INFO:colcon.colcon_core.shell:Creating package script '/home/osawakousei/ros2_ws/src/install/test_package/share/test_package/package.sh'
[4.865s] INFO:colcon.colcon_core.shell:Creating package script '/home/osawakousei/ros2_ws/src/install/test_package/share/test_package/package.bash'
[4.867s] INFO:colcon.colcon_core.shell:Creating package script '/home/osawakousei/ros2_ws/src/install/test_package/share/test_package/package.zsh'
[4.868s] Level 1:colcon.colcon_core.environment:create_file_with_runtime_dependencies(/home/osawakousei/ros2_ws/src/install/test_package/share/colcon-core/packages/test_package)
[5.017s] Level 1:colcon.colcon_core.environment:create_environment_scripts_only(test_package)
[5.022s] Level 1:colcon.colcon_core.environment:checking '/home/osawakousei/ros2_ws/src/install/test_package' for CMake module files
[5.023s] Level 1:colcon.colcon_core.environment:checking '/home/osawakousei/ros2_ws/src/install/test_package' for CMake config files
[5.025s] Level 1:colcon.colcon_core.shell:create_environment_hook('test_package', 'cmake_prefix_path')
[5.029s] INFO:colcon.colcon_core.shell:Creating environment hook '/home/osawakousei/ros2_ws/src/install/test_package/share/test_package/hook/cmake_prefix_path.ps1'
[5.031s] INFO:colcon.colcon_core.shell:Creating environment descriptor '/home/osawakousei/ros2_ws/src/install/test_package/share/test_package/hook/cmake_prefix_path.dsv'
[5.032s] INFO:colcon.colcon_core.shell:Creating environment hook '/home/osawakousei/ros2_ws/src/install/test_package/share/test_package/hook/cmake_prefix_path.sh'
[5.034s] Level 1:colcon.colcon_core.environment:checking '/home/osawakousei/ros2_ws/src/install/test_package/bin'
[5.035s] Level 1:colcon.colcon_core.environment:checking '/home/osawakousei/ros2_ws/src/install/test_package/lib/pkgconfig/test_package.pc'
[5.035s] Level 1:colcon.colcon_core.environment:checking '/home/osawakousei/ros2_ws/src/install/test_package/lib/python3.10/site-packages'
[5.036s] Level 1:colcon.colcon_core.environment:checking '/home/osawakousei/ros2_ws/src/install/test_package/bin'
[5.040s] INFO:colcon.colcon_core.shell:Creating package script '/home/osawakousei/ros2_ws/src/install/test_package/share/test_package/package.ps1'
[5.042s] INFO:colcon.colcon_core.shell:Creating package descriptor '/home/osawakousei/ros2_ws/src/install/test_package/share/test_package/package.dsv'
[5.043s] INFO:colcon.colcon_core.shell:Creating package script '/home/osawakousei/ros2_ws/src/install/test_package/share/test_package/package.sh'
[5.045s] INFO:colcon.colcon_core.shell:Creating package script '/home/osawakousei/ros2_ws/src/install/test_package/share/test_package/package.bash'
[5.046s] INFO:colcon.colcon_core.shell:Creating package script '/home/osawakousei/ros2_ws/src/install/test_package/share/test_package/package.zsh'
[5.048s] Level 1:colcon.colcon_core.environment:create_file_with_runtime_dependencies(/home/osawakousei/ros2_ws/src/install/test_package/share/colcon-core/packages/test_package)
[7.474s] DEBUG:colcon.colcon_core.event_handler.log_command:Invoked command in '/home/osawakousei/ros2_ws/src/build/cpp_topic_pubsub' returned '0': CMAKE_PREFIX_PATH=${CMAKE_PREFIX_PATH}:/opt/ros/humble /usr/bin/cmake /home/osawakousei/ros2_ws/src/cpp_topic_pubsub -DCMAKE_INSTALL_PREFIX=/home/osawakousei/ros2_ws/src/install/cpp_topic_pubsub
[7.476s] DEBUG:colcon.colcon_core.event_handler.log_command:Invoking command in '/home/osawakousei/ros2_ws/src/build/cpp_topic_pubsub': CMAKE_PREFIX_PATH=${CMAKE_PREFIX_PATH}:/opt/ros/humble /usr/bin/cmake --build /home/osawakousei/ros2_ws/src/build/cpp_topic_pubsub -- -j8 -l8
[8.683s] DEBUG:colcon.colcon_core.event_handler.log_command:Invoked command in '/home/osawakousei/ros2_ws/src/build/custom_test_msgs' returned '0': CMAKE_PREFIX_PATH=${CMAKE_PREFIX_PATH}:/opt/ros/humble /usr/bin/cmake /home/osawakousei/ros2_ws/src/custom_test_msgs -DCMAKE_INSTALL_PREFIX=/home/osawakousei/ros2_ws/src/install/custom_test_msgs
[8.689s] DEBUG:colcon.colcon_core.event_handler.log_command:Invoking command in '/home/osawakousei/ros2_ws/src/build/custom_test_msgs': CMAKE_PREFIX_PATH=${CMAKE_PREFIX_PATH}:/opt/ros/humble /usr/bin/cmake --build /home/osawakousei/ros2_ws/src/build/custom_test_msgs -- -j8 -l8
[11.772s] DEBUG:colcon.colcon_core.event_handler.log_command:Invoked command in '/home/osawakousei/ros2_ws/src/build/custom_message_unity' returned '0': CMAKE_PREFIX_PATH=${CMAKE_PREFIX_PATH}:/opt/ros/humble /usr/bin/cmake /home/osawakousei/ros2_ws/src/custom_message_unity -DCMAKE_INSTALL_PREFIX=/home/osawakousei/ros2_ws/src/install/custom_message_unity
[11.781s] DEBUG:colcon.colcon_core.event_handler.log_command:Invoking command in '/home/osawakousei/ros2_ws/src/build/custom_message_unity': CMAKE_PREFIX_PATH=${CMAKE_PREFIX_PATH}:/opt/ros/humble /usr/bin/cmake --build /home/osawakousei/ros2_ws/src/build/custom_message_unity -- -j8 -l8
[12.708s] DEBUG:colcon.colcon_core.event_handler.log_command:Invoked command in '/home/osawakousei/ros2_ws/src/build/cpp_server_client' returned '0': CMAKE_PREFIX_PATH=${CMAKE_PREFIX_PATH}:/opt/ros/humble /usr/bin/cmake /home/osawakousei/ros2_ws/src/cpp_server_client -DCMAKE_INSTALL_PREFIX=/home/osawakousei/ros2_ws/src/install/cpp_server_client
[12.729s] DEBUG:colcon.colcon_core.event_handler.log_command:Invoking command in '/home/osawakousei/ros2_ws/src/build/cpp_server_client': CMAKE_PREFIX_PATH=${CMAKE_PREFIX_PATH}:/opt/ros/humble /usr/bin/cmake --build /home/osawakousei/ros2_ws/src/build/cpp_server_client -- -j8 -l8
[22.294s] DEBUG:colcon.colcon_core.event_handler.log_command:Invoked command in '/home/osawakousei/ros2_ws/src/build/custom_test_msgs' returned '0': CMAKE_PREFIX_PATH=${CMAKE_PREFIX_PATH}:/opt/ros/humble /usr/bin/cmake --build /home/osawakousei/ros2_ws/src/build/custom_test_msgs -- -j8 -l8
[23.150s] DEBUG:colcon.colcon_core.event_handler.log_command:Invoking command in '/home/osawakousei/ros2_ws/src/build/custom_test_msgs': CMAKE_PREFIX_PATH=${CMAKE_PREFIX_PATH}:/opt/ros/humble /usr/bin/cmake --install /home/osawakousei/ros2_ws/src/build/custom_test_msgs
[23.655s] Level 1:colcon.colcon_core.environment:create_environment_scripts_only(custom_test_msgs)
[23.663s] DEBUG:colcon.colcon_core.event_handler.log_command:Invoked command in '/home/osawakousei/ros2_ws/src/build/custom_test_msgs' returned '0': CMAKE_PREFIX_PATH=${CMAKE_PREFIX_PATH}:/opt/ros/humble /usr/bin/cmake --install /home/osawakousei/ros2_ws/src/build/custom_test_msgs
[23.671s] Level 1:colcon.colcon_core.environment:checking '/home/osawakousei/ros2_ws/src/install/custom_test_msgs' for CMake module files
[23.674s] Level 1:colcon.colcon_core.environment:checking '/home/osawakousei/ros2_ws/src/install/custom_test_msgs' for CMake config files
[23.678s] Level 1:colcon.colcon_core.shell:create_environment_hook('custom_test_msgs', 'cmake_prefix_path')
[23.686s] INFO:colcon.colcon_core.shell:Creating environment hook '/home/osawakousei/ros2_ws/src/install/custom_test_msgs/share/custom_test_msgs/hook/cmake_prefix_path.ps1'
[23.701s] INFO:colcon.colcon_core.shell:Creating environment descriptor '/home/osawakousei/ros2_ws/src/install/custom_test_msgs/share/custom_test_msgs/hook/cmake_prefix_path.dsv'
[23.703s] INFO:colcon.colcon_core.shell:Creating environment hook '/home/osawakousei/ros2_ws/src/install/custom_test_msgs/share/custom_test_msgs/hook/cmake_prefix_path.sh'
[23.705s] Level 1:colcon.colcon_core.environment:checking '/home/osawakousei/ros2_ws/src/install/custom_test_msgs/lib'
[23.706s] Level 1:colcon.colcon_core.shell:create_environment_hook('custom_test_msgs', 'ld_library_path_lib')
[23.710s] INFO:colcon.colcon_core.shell:Creating environment hook '/home/osawakousei/ros2_ws/src/install/custom_test_msgs/share/custom_test_msgs/hook/ld_library_path_lib.ps1'
[23.712s] INFO:colcon.colcon_core.shell:Creating environment descriptor '/home/osawakousei/ros2_ws/src/install/custom_test_msgs/share/custom_test_msgs/hook/ld_library_path_lib.dsv'
[23.713s] INFO:colcon.colcon_core.shell:Creating environment hook '/home/osawakousei/ros2_ws/src/install/custom_test_msgs/share/custom_test_msgs/hook/ld_library_path_lib.sh'
[23.715s] Level 1:colcon.colcon_core.environment:checking '/home/osawakousei/ros2_ws/src/install/custom_test_msgs/bin'
[23.715s] Level 1:colcon.colcon_core.environment:checking '/home/osawakousei/ros2_ws/src/install/custom_test_msgs/lib/pkgconfig/custom_test_msgs.pc'
[23.717s] Level 1:colcon.colcon_core.environment:checking '/home/osawakousei/ros2_ws/src/install/custom_test_msgs/lib/python3.10/site-packages'
[23.717s] Level 1:colcon.colcon_core.environment:checking '/home/osawakousei/ros2_ws/src/install/custom_test_msgs/bin'
[23.751s] INFO:colcon.colcon_core.shell:Creating package script '/home/osawakousei/ros2_ws/src/install/custom_test_msgs/share/custom_test_msgs/package.ps1'
[23.753s] INFO:colcon.colcon_core.shell:Creating package descriptor '/home/osawakousei/ros2_ws/src/install/custom_test_msgs/share/custom_test_msgs/package.dsv'
[23.755s] INFO:colcon.colcon_core.shell:Creating package script '/home/osawakousei/ros2_ws/src/install/custom_test_msgs/share/custom_test_msgs/package.sh'
[23.756s] INFO:colcon.colcon_core.shell:Creating package script '/home/osawakousei/ros2_ws/src/install/custom_test_msgs/share/custom_test_msgs/package.bash'
[23.758s] INFO:colcon.colcon_core.shell:Creating package script '/home/osawakousei/ros2_ws/src/install/custom_test_msgs/share/custom_test_msgs/package.zsh'
[23.759s] Level 1:colcon.colcon_core.environment:create_file_with_runtime_dependencies(/home/osawakousei/ros2_ws/src/install/custom_test_msgs/share/colcon-core/packages/custom_test_msgs)
[25.239s] Level 1:colcon.colcon_core.environment:create_environment_scripts_only(custom_test_msgs)
[25.246s] Level 1:colcon.colcon_core.environment:checking '/home/osawakousei/ros2_ws/src/install/custom_test_msgs' for CMake module files
[25.249s] Level 1:colcon.colcon_core.environment:checking '/home/osawakousei/ros2_ws/src/install/custom_test_msgs' for CMake config files
[25.252s] Level 1:colcon.colcon_core.shell:create_environment_hook('custom_test_msgs', 'cmake_prefix_path')
[25.268s] INFO:colcon.colcon_core.shell:Creating environment hook '/home/osawakousei/ros2_ws/src/install/custom_test_msgs/share/custom_test_msgs/hook/cmake_prefix_path.ps1'
[25.272s] INFO:colcon.colcon_core.shell:Creating environment descriptor '/home/osawakousei/ros2_ws/src/install/custom_test_msgs/share/custom_test_msgs/hook/cmake_prefix_path.dsv'
[25.274s] INFO:colcon.colcon_core.shell:Creating environment hook '/home/osawakousei/ros2_ws/src/install/custom_test_msgs/share/custom_test_msgs/hook/cmake_prefix_path.sh'
[25.277s] Level 1:colcon.colcon_core.environment:checking '/home/osawakousei/ros2_ws/src/install/custom_test_msgs/lib'
[25.277s] Level 1:colcon.colcon_core.shell:create_environment_hook('custom_test_msgs', 'ld_library_path_lib')
[25.281s] INFO:colcon.colcon_core.shell:Creating environment hook '/home/osawakousei/ros2_ws/src/install/custom_test_msgs/share/custom_test_msgs/hook/ld_library_path_lib.ps1'
[25.285s] INFO:colcon.colcon_core.shell:Creating environment descriptor '/home/osawakousei/ros2_ws/src/install/custom_test_msgs/share/custom_test_msgs/hook/ld_library_path_lib.dsv'
[25.287s] INFO:colcon.colcon_core.shell:Creating environment hook '/home/osawakousei/ros2_ws/src/install/custom_test_msgs/share/custom_test_msgs/hook/ld_library_path_lib.sh'
[25.289s] Level 1:colcon.colcon_core.environment:checking '/home/osawakousei/ros2_ws/src/install/custom_test_msgs/bin'
[25.289s] Level 1:colcon.colcon_core.environment:checking '/home/osawakousei/ros2_ws/src/install/custom_test_msgs/lib/pkgconfig/custom_test_msgs.pc'
[25.290s] Level 1:colcon.colcon_core.environment:checking '/home/osawakousei/ros2_ws/src/install/custom_test_msgs/lib/python3.10/site-packages'
[25.291s] Level 1:colcon.colcon_core.environment:checking '/home/osawakousei/ros2_ws/src/install/custom_test_msgs/bin'
[25.300s] INFO:colcon.colcon_core.shell:Creating package script '/home/osawakousei/ros2_ws/src/install/custom_test_msgs/share/custom_test_msgs/package.ps1'
[25.303s] INFO:colcon.colcon_core.shell:Creating package descriptor '/home/osawakousei/ros2_ws/src/install/custom_test_msgs/share/custom_test_msgs/package.dsv'
[25.305s] INFO:colcon.colcon_core.shell:Creating package script '/home/osawakousei/ros2_ws/src/install/custom_test_msgs/share/custom_test_msgs/package.sh'
[25.309s] INFO:colcon.colcon_core.shell:Creating package script '/home/osawakousei/ros2_ws/src/install/custom_test_msgs/share/custom_test_msgs/package.bash'
[25.311s] INFO:colcon.colcon_core.shell:Creating package script '/home/osawakousei/ros2_ws/src/install/custom_test_msgs/share/custom_test_msgs/package.zsh'
[25.316s] Level 1:colcon.colcon_core.environment:create_file_with_runtime_dependencies(/home/osawakousei/ros2_ws/src/install/custom_test_msgs/share/colcon-core/packages/custom_test_msgs)
[25.319s] INFO:colcon.colcon_ros.task.ament_cmake.build:Building ROS package in '/home/osawakousei/ros2_ws/src/android_controll_test' with build type 'ament_cmake'
[25.320s] INFO:colcon.colcon_cmake.task.cmake.build:Building CMake package in '/home/osawakousei/ros2_ws/src/android_controll_test'
[25.324s] INFO:colcon.colcon_core.shell:Skip shell extension 'powershell' for command environment: Not usable outside of PowerShell
[25.325s] DEBUG:colcon.colcon_core.shell:Skip shell extension 'dsv' for command environment
[25.403s] DEBUG:colcon.colcon_core.event_handler.log_command:Invoked command in '/home/osawakousei/ros2_ws/src/build/custom_message_unity' returned '0': CMAKE_PREFIX_PATH=${CMAKE_PREFIX_PATH}:/opt/ros/humble /usr/bin/cmake --build /home/osawakousei/ros2_ws/src/build/custom_message_unity -- -j8 -l8
[25.472s] DEBUG:colcon.colcon_core.event_handler.log_command:Invoking command in '/home/osawakousei/ros2_ws/src/build/android_controll_test': AMENT_PREFIX_PATH=/home/osawakousei/ros2_ws/src/install/custom_test_msgs:${AMENT_PREFIX_PATH} CMAKE_PREFIX_PATH=/home/osawakousei/ros2_ws/src/install/custom_test_msgs:/home/osawakousei/ros2_ws/src/custom_message_unity/install/custom_message_unity:/home/osawakousei/ros2_ws/install/test_package:/home/osawakousei/ros2_ws/install/micro_ros_setup:/home/osawakousei/ros2_ws/install/micro_ros_agent:/home/osawakousei/ros2_ws/install/micro_ros_msgs:/home/osawakousei/ros2_ws/install/android_controll_test:/home/osawakousei/ros2_ws/install/custom_test_msgs:/home/osawakousei/ros2_ws/install/cpp_topic_pubsub:/home/osawakousei/ros2_ws/install/cpp_server_client:/home/osawakousei/ros2_ws/src/android_controll_test/install/custom_test_msgs:/home/osawakousei/ros2_ws/src/android_controll_test/install/android_controll_test:/home/osawakousei/ros2_ws/src/cpp_server_client/install/cpp_server_client:/home/osawakousei/ros2_ws/src/cpp_topic_pubsub/install/cpp_topic_pubsub:/home/osawakousei/ros2_ws/src/test_package/install/test_package:/home/osawakousei/ros2_ws/uros_ws/install/micro_ros_setup:/home/osawakousei/ros2_ws/uros_ws/install/micro_ros_agent:/home/osawakousei/ros2_ws/uros_ws/install/micro_ros_msgs:/home/osawakousei/ros2_ws/src/custom_test_msgs/install/custom_test_msgs:/opt/ros/humble LD_LIBRARY_PATH=/home/osawakousei/ros2_ws/src/install/custom_test_msgs/lib:${LD_LIBRARY_PATH} PYTHONPATH=/home/osawakousei/ros2_ws/src/install/custom_test_msgs/local/lib/python3.10/dist-packages:${PYTHONPATH} /usr/bin/cmake /home/osawakousei/ros2_ws/src/android_controll_test -DCMAKE_INSTALL_PREFIX=/home/osawakousei/ros2_ws/src/install/android_controll_test
[26.771s] DEBUG:colcon.colcon_core.event_handler.log_command:Invoking command in '/home/osawakousei/ros2_ws/src/build/custom_message_unity': CMAKE_PREFIX_PATH=${CMAKE_PREFIX_PATH}:/opt/ros/humble /usr/bin/cmake --install /home/osawakousei/ros2_ws/src/build/custom_message_unity
[27.135s] Level 1:colcon.colcon_core.environment:create_environment_scripts_only(custom_message_unity)
[27.142s] Level 1:colcon.colcon_core.environment:checking '/home/osawakousei/ros2_ws/src/install/custom_message_unity' for CMake module files
[27.143s] DEBUG:colcon.colcon_core.event_handler.log_command:Invoked command in '/home/osawakousei/ros2_ws/src/build/custom_message_unity' returned '0': CMAKE_PREFIX_PATH=${CMAKE_PREFIX_PATH}:/opt/ros/humble /usr/bin/cmake --install /home/osawakousei/ros2_ws/src/build/custom_message_unity
[27.149s] Level 1:colcon.colcon_core.environment:checking '/home/osawakousei/ros2_ws/src/install/custom_message_unity' for CMake config files
[27.151s] Level 1:colcon.colcon_core.shell:create_environment_hook('custom_message_unity', 'cmake_prefix_path')
[27.160s] INFO:colcon.colcon_core.shell:Creating environment hook '/home/osawakousei/ros2_ws/src/install/custom_message_unity/share/custom_message_unity/hook/cmake_prefix_path.ps1'
[27.161s] INFO:colcon.colcon_core.shell:Creating environment descriptor '/home/osawakousei/ros2_ws/src/install/custom_message_unity/share/custom_message_unity/hook/cmake_prefix_path.dsv'
[27.163s] INFO:colcon.colcon_core.shell:Creating environment hook '/home/osawakousei/ros2_ws/src/install/custom_message_unity/share/custom_message_unity/hook/cmake_prefix_path.sh'
[27.164s] Level 1:colcon.colcon_core.environment:checking '/home/osawakousei/ros2_ws/src/install/custom_message_unity/lib'
[27.165s] Level 1:colcon.colcon_core.shell:create_environment_hook('custom_message_unity', 'ld_library_path_lib')
[27.169s] INFO:colcon.colcon_core.shell:Creating environment hook '/home/osawakousei/ros2_ws/src/install/custom_message_unity/share/custom_message_unity/hook/ld_library_path_lib.ps1'
[27.170s] INFO:colcon.colcon_core.shell:Creating environment descriptor '/home/osawakousei/ros2_ws/src/install/custom_message_unity/share/custom_message_unity/hook/ld_library_path_lib.dsv'
[27.174s] INFO:colcon.colcon_core.shell:Creating environment hook '/home/osawakousei/ros2_ws/src/install/custom_message_unity/share/custom_message_unity/hook/ld_library_path_lib.sh'
[27.182s] Level 1:colcon.colcon_core.environment:checking '/home/osawakousei/ros2_ws/src/install/custom_message_unity/bin'
[27.182s] Level 1:colcon.colcon_core.environment:checking '/home/osawakousei/ros2_ws/src/install/custom_message_unity/lib/pkgconfig/custom_message_unity.pc'
[27.184s] Level 1:colcon.colcon_core.environment:checking '/home/osawakousei/ros2_ws/src/install/custom_message_unity/lib/python3.10/site-packages'
[27.185s] Level 1:colcon.colcon_core.environment:checking '/home/osawakousei/ros2_ws/src/install/custom_message_unity/bin'
[27.189s] INFO:colcon.colcon_core.shell:Creating package script '/home/osawakousei/ros2_ws/src/install/custom_message_unity/share/custom_message_unity/package.ps1'
[27.194s] INFO:colcon.colcon_core.shell:Creating package descriptor '/home/osawakousei/ros2_ws/src/install/custom_message_unity/share/custom_message_unity/package.dsv'
[27.196s] INFO:colcon.colcon_core.shell:Creating package script '/home/osawakousei/ros2_ws/src/install/custom_message_unity/share/custom_message_unity/package.sh'
[27.199s] INFO:colcon.colcon_core.shell:Creating package script '/home/osawakousei/ros2_ws/src/install/custom_message_unity/share/custom_message_unity/package.bash'
[27.200s] INFO:colcon.colcon_core.shell:Creating package script '/home/osawakousei/ros2_ws/src/install/custom_message_unity/share/custom_message_unity/package.zsh'
[27.201s] Level 1:colcon.colcon_core.environment:create_file_with_runtime_dependencies(/home/osawakousei/ros2_ws/src/install/custom_message_unity/share/colcon-core/packages/custom_message_unity)
[27.982s] Level 1:colcon.colcon_core.environment:create_environment_scripts_only(custom_message_unity)
[27.989s] Level 1:colcon.colcon_core.environment:checking '/home/osawakousei/ros2_ws/src/install/custom_message_unity' for CMake module files
[27.993s] Level 1:colcon.colcon_core.environment:checking '/home/osawakousei/ros2_ws/src/install/custom_message_unity' for CMake config files
[27.996s] Level 1:colcon.colcon_core.shell:create_environment_hook('custom_message_unity', 'cmake_prefix_path')
[28.000s] INFO:colcon.colcon_core.shell:Creating environment hook '/home/osawakousei/ros2_ws/src/install/custom_message_unity/share/custom_message_unity/hook/cmake_prefix_path.ps1'
[28.002s] INFO:colcon.colcon_core.shell:Creating environment descriptor '/home/osawakousei/ros2_ws/src/install/custom_message_unity/share/custom_message_unity/hook/cmake_prefix_path.dsv'
[28.004s] INFO:colcon.colcon_core.shell:Creating environment hook '/home/osawakousei/ros2_ws/src/install/custom_message_unity/share/custom_message_unity/hook/cmake_prefix_path.sh'
[28.006s] Level 1:colcon.colcon_core.environment:checking '/home/osawakousei/ros2_ws/src/install/custom_message_unity/lib'
[28.007s] Level 1:colcon.colcon_core.shell:create_environment_hook('custom_message_unity', 'ld_library_path_lib')
[28.013s] INFO:colcon.colcon_core.shell:Creating environment hook '/home/osawakousei/ros2_ws/src/install/custom_message_unity/share/custom_message_unity/hook/ld_library_path_lib.ps1'
[28.015s] INFO:colcon.colcon_core.shell:Creating environment descriptor '/home/osawakousei/ros2_ws/src/install/custom_message_unity/share/custom_message_unity/hook/ld_library_path_lib.dsv'
[28.017s] INFO:colcon.colcon_core.shell:Creating environment hook '/home/osawakousei/ros2_ws/src/install/custom_message_unity/share/custom_message_unity/hook/ld_library_path_lib.sh'
[28.018s] Level 1:colcon.colcon_core.environment:checking '/home/osawakousei/ros2_ws/src/install/custom_message_unity/bin'
[28.019s] Level 1:colcon.colcon_core.environment:checking '/home/osawakousei/ros2_ws/src/install/custom_message_unity/lib/pkgconfig/custom_message_unity.pc'
[28.019s] Level 1:colcon.colcon_core.environment:checking '/home/osawakousei/ros2_ws/src/install/custom_message_unity/lib/python3.10/site-packages'
[28.020s] Level 1:colcon.colcon_core.environment:checking '/home/osawakousei/ros2_ws/src/install/custom_message_unity/bin'
[28.024s] INFO:colcon.colcon_core.shell:Creating package script '/home/osawakousei/ros2_ws/src/install/custom_message_unity/share/custom_message_unity/package.ps1'
[28.026s] INFO:colcon.colcon_core.shell:Creating package descriptor '/home/osawakousei/ros2_ws/src/install/custom_message_unity/share/custom_message_unity/package.dsv'
[28.028s] INFO:colcon.colcon_core.shell:Creating package script '/home/osawakousei/ros2_ws/src/install/custom_message_unity/share/custom_message_unity/package.sh'
[28.031s] INFO:colcon.colcon_core.shell:Creating package script '/home/osawakousei/ros2_ws/src/install/custom_message_unity/share/custom_message_unity/package.bash'
[28.032s] INFO:colcon.colcon_core.shell:Creating package script '/home/osawakousei/ros2_ws/src/install/custom_message_unity/share/custom_message_unity/package.zsh'
[28.034s] Level 1:colcon.colcon_core.environment:create_file_with_runtime_dependencies(/home/osawakousei/ros2_ws/src/install/custom_message_unity/share/colcon-core/packages/custom_message_unity)
[42.856s] DEBUG:colcon.colcon_core.event_handler.log_command:Invoked command in '/home/osawakousei/ros2_ws/src/build/android_controll_test' returned '0': AMENT_PREFIX_PATH=/home/osawakousei/ros2_ws/src/install/custom_test_msgs:${AMENT_PREFIX_PATH} CMAKE_PREFIX_PATH=/home/osawakousei/ros2_ws/src/install/custom_test_msgs:/home/osawakousei/ros2_ws/src/custom_message_unity/install/custom_message_unity:/home/osawakousei/ros2_ws/install/test_package:/home/osawakousei/ros2_ws/install/micro_ros_setup:/home/osawakousei/ros2_ws/install/micro_ros_agent:/home/osawakousei/ros2_ws/install/micro_ros_msgs:/home/osawakousei/ros2_ws/install/android_controll_test:/home/osawakousei/ros2_ws/install/custom_test_msgs:/home/osawakousei/ros2_ws/install/cpp_topic_pubsub:/home/osawakousei/ros2_ws/install/cpp_server_client:/home/osawakousei/ros2_ws/src/android_controll_test/install/custom_test_msgs:/home/osawakousei/ros2_ws/src/android_controll_test/install/android_controll_test:/home/osawakousei/ros2_ws/src/cpp_server_client/install/cpp_server_client:/home/osawakousei/ros2_ws/src/cpp_topic_pubsub/install/cpp_topic_pubsub:/home/osawakousei/ros2_ws/src/test_package/install/test_package:/home/osawakousei/ros2_ws/uros_ws/install/micro_ros_setup:/home/osawakousei/ros2_ws/uros_ws/install/micro_ros_agent:/home/osawakousei/ros2_ws/uros_ws/install/micro_ros_msgs:/home/osawakousei/ros2_ws/src/custom_test_msgs/install/custom_test_msgs:/opt/ros/humble LD_LIBRARY_PATH=/home/osawakousei/ros2_ws/src/install/custom_test_msgs/lib:${LD_LIBRARY_PATH} PYTHONPATH=/home/osawakousei/ros2_ws/src/install/custom_test_msgs/local/lib/python3.10/dist-packages:${PYTHONPATH} /usr/bin/cmake /home/osawakousei/ros2_ws/src/android_controll_test -DCMAKE_INSTALL_PREFIX=/home/osawakousei/ros2_ws/src/install/android_controll_test
[42.868s] DEBUG:colcon.colcon_core.event_handler.log_command:Invoking command in '/home/osawakousei/ros2_ws/src/build/android_controll_test': AMENT_PREFIX_PATH=/home/osawakousei/ros2_ws/src/install/custom_test_msgs:${AMENT_PREFIX_PATH} CMAKE_PREFIX_PATH=/home/osawakousei/ros2_ws/src/install/custom_test_msgs:/home/osawakousei/ros2_ws/src/custom_message_unity/install/custom_message_unity:/home/osawakousei/ros2_ws/install/test_package:/home/osawakousei/ros2_ws/install/micro_ros_setup:/home/osawakousei/ros2_ws/install/micro_ros_agent:/home/osawakousei/ros2_ws/install/micro_ros_msgs:/home/osawakousei/ros2_ws/install/android_controll_test:/home/osawakousei/ros2_ws/install/custom_test_msgs:/home/osawakousei/ros2_ws/install/cpp_topic_pubsub:/home/osawakousei/ros2_ws/install/cpp_server_client:/home/osawakousei/ros2_ws/src/android_controll_test/install/custom_test_msgs:/home/osawakousei/ros2_ws/src/android_controll_test/install/android_controll_test:/home/osawakousei/ros2_ws/src/cpp_server_client/install/cpp_server_client:/home/osawakousei/ros2_ws/src/cpp_topic_pubsub/install/cpp_topic_pubsub:/home/osawakousei/ros2_ws/src/test_package/install/test_package:/home/osawakousei/ros2_ws/uros_ws/install/micro_ros_setup:/home/osawakousei/ros2_ws/uros_ws/install/micro_ros_agent:/home/osawakousei/ros2_ws/uros_ws/install/micro_ros_msgs:/home/osawakousei/ros2_ws/src/custom_test_msgs/install/custom_test_msgs:/opt/ros/humble LD_LIBRARY_PATH=/home/osawakousei/ros2_ws/src/install/custom_test_msgs/lib:${LD_LIBRARY_PATH} PYTHONPATH=/home/osawakousei/ros2_ws/src/install/custom_test_msgs/local/lib/python3.10/dist-packages:${PYTHONPATH} /usr/bin/cmake --build /home/osawakousei/ros2_ws/src/build/android_controll_test -- -j8 -l8
[45.333s] DEBUG:colcon.colcon_core.event_handler.log_command:Invoked command in '/home/osawakousei/ros2_ws/src/build/cpp_server_client' returned '0': CMAKE_PREFIX_PATH=${CMAKE_PREFIX_PATH}:/opt/ros/humble /usr/bin/cmake --build /home/osawakousei/ros2_ws/src/build/cpp_server_client -- -j8 -l8
[46.088s] DEBUG:colcon.colcon_core.event_handler.log_command:Invoking command in '/home/osawakousei/ros2_ws/src/build/cpp_server_client': CMAKE_PREFIX_PATH=${CMAKE_PREFIX_PATH}:/opt/ros/humble /usr/bin/cmake --install /home/osawakousei/ros2_ws/src/build/cpp_server_client
[46.484s] Level 1:colcon.colcon_core.environment:create_environment_scripts_only(cpp_server_client)
[46.489s] Level 1:colcon.colcon_core.environment:checking '/home/osawakousei/ros2_ws/src/install/cpp_server_client' for CMake module files
[46.491s] DEBUG:colcon.colcon_core.event_handler.log_command:Invoked command in '/home/osawakousei/ros2_ws/src/build/cpp_server_client' returned '0': CMAKE_PREFIX_PATH=${CMAKE_PREFIX_PATH}:/opt/ros/humble /usr/bin/cmake --install /home/osawakousei/ros2_ws/src/build/cpp_server_client
[46.495s] Level 1:colcon.colcon_core.environment:checking '/home/osawakousei/ros2_ws/src/install/cpp_server_client' for CMake config files
[46.497s] Level 1:colcon.colcon_core.shell:create_environment_hook('cpp_server_client', 'cmake_prefix_path')
[46.501s] INFO:colcon.colcon_core.shell:Creating environment hook '/home/osawakousei/ros2_ws/src/install/cpp_server_client/share/cpp_server_client/hook/cmake_prefix_path.ps1'
[46.503s] INFO:colcon.colcon_core.shell:Creating environment descriptor '/home/osawakousei/ros2_ws/src/install/cpp_server_client/share/cpp_server_client/hook/cmake_prefix_path.dsv'
[46.505s] INFO:colcon.colcon_core.shell:Creating environment hook '/home/osawakousei/ros2_ws/src/install/cpp_server_client/share/cpp_server_client/hook/cmake_prefix_path.sh'
[46.507s] Level 1:colcon.colcon_core.environment:checking '/home/osawakousei/ros2_ws/src/install/cpp_server_client/lib'
[46.508s] Level 1:colcon.colcon_core.shell:create_environment_hook('cpp_server_client', 'ld_library_path_lib')
[46.512s] INFO:colcon.colcon_core.shell:Creating environment hook '/home/osawakousei/ros2_ws/src/install/cpp_server_client/share/cpp_server_client/hook/ld_library_path_lib.ps1'
[46.514s] INFO:colcon.colcon_core.shell:Creating environment descriptor '/home/osawakousei/ros2_ws/src/install/cpp_server_client/share/cpp_server_client/hook/ld_library_path_lib.dsv'
[46.515s] INFO:colcon.colcon_core.shell:Creating environment hook '/home/osawakousei/ros2_ws/src/install/cpp_server_client/share/cpp_server_client/hook/ld_library_path_lib.sh'
[46.517s] Level 1:colcon.colcon_core.environment:checking '/home/osawakousei/ros2_ws/src/install/cpp_server_client/bin'
[46.517s] Level 1:colcon.colcon_core.environment:checking '/home/osawakousei/ros2_ws/src/install/cpp_server_client/lib/pkgconfig/cpp_server_client.pc'
[46.517s] Level 1:colcon.colcon_core.environment:checking '/home/osawakousei/ros2_ws/src/install/cpp_server_client/lib/python3.10/site-packages'
[46.518s] Level 1:colcon.colcon_core.environment:checking '/home/osawakousei/ros2_ws/src/install/cpp_server_client/bin'
[46.524s] INFO:colcon.colcon_core.shell:Creating package script '/home/osawakousei/ros2_ws/src/install/cpp_server_client/share/cpp_server_client/package.ps1'
[46.525s] INFO:colcon.colcon_core.shell:Creating package descriptor '/home/osawakousei/ros2_ws/src/install/cpp_server_client/share/cpp_server_client/package.dsv'
[46.528s] INFO:colcon.colcon_core.shell:Creating package script '/home/osawakousei/ros2_ws/src/install/cpp_server_client/share/cpp_server_client/package.sh'
[46.530s] INFO:colcon.colcon_core.shell:Creating package script '/home/osawakousei/ros2_ws/src/install/cpp_server_client/share/cpp_server_client/package.bash'
[46.531s] INFO:colcon.colcon_core.shell:Creating package script '/home/osawakousei/ros2_ws/src/install/cpp_server_client/share/cpp_server_client/package.zsh'
[46.532s] Level 1:colcon.colcon_core.environment:create_file_with_runtime_dependencies(/home/osawakousei/ros2_ws/src/install/cpp_server_client/share/colcon-core/packages/cpp_server_client)
[47.160s] Level 1:colcon.colcon_core.environment:create_environment_scripts_only(cpp_server_client)
[47.164s] Level 1:colcon.colcon_core.environment:checking '/home/osawakousei/ros2_ws/src/install/cpp_server_client' for CMake module files
[47.168s] Level 1:colcon.colcon_core.environment:checking '/home/osawakousei/ros2_ws/src/install/cpp_server_client' for CMake config files
[47.170s] Level 1:colcon.colcon_core.shell:create_environment_hook('cpp_server_client', 'cmake_prefix_path')
[47.174s] INFO:colcon.colcon_core.shell:Creating environment hook '/home/osawakousei/ros2_ws/src/install/cpp_server_client/share/cpp_server_client/hook/cmake_prefix_path.ps1'
[47.176s] INFO:colcon.colcon_core.shell:Creating environment descriptor '/home/osawakousei/ros2_ws/src/install/cpp_server_client/share/cpp_server_client/hook/cmake_prefix_path.dsv'
[47.178s] INFO:colcon.colcon_core.shell:Creating environment hook '/home/osawakousei/ros2_ws/src/install/cpp_server_client/share/cpp_server_client/hook/cmake_prefix_path.sh'
[47.180s] Level 1:colcon.colcon_core.environment:checking '/home/osawakousei/ros2_ws/src/install/cpp_server_client/lib'
[47.180s] Level 1:colcon.colcon_core.shell:create_environment_hook('cpp_server_client', 'ld_library_path_lib')
[47.184s] INFO:colcon.colcon_core.shell:Creating environment hook '/home/osawakousei/ros2_ws/src/install/cpp_server_client/share/cpp_server_client/hook/ld_library_path_lib.ps1'
[47.185s] INFO:colcon.colcon_core.shell:Creating environment descriptor '/home/osawakousei/ros2_ws/src/install/cpp_server_client/share/cpp_server_client/hook/ld_library_path_lib.dsv'
[47.187s] INFO:colcon.colcon_core.shell:Creating environment hook '/home/osawakousei/ros2_ws/src/install/cpp_server_client/share/cpp_server_client/hook/ld_library_path_lib.sh'
[47.188s] Level 1:colcon.colcon_core.environment:checking '/home/osawakousei/ros2_ws/src/install/cpp_server_client/bin'
[47.189s] Level 1:colcon.colcon_core.environment:checking '/home/osawakousei/ros2_ws/src/install/cpp_server_client/lib/pkgconfig/cpp_server_client.pc'
[47.189s] Level 1:colcon.colcon_core.environment:checking '/home/osawakousei/ros2_ws/src/install/cpp_server_client/lib/python3.10/site-packages'
[47.190s] Level 1:colcon.colcon_core.environment:checking '/home/osawakousei/ros2_ws/src/install/cpp_server_client/bin'
[47.194s] INFO:colcon.colcon_core.shell:Creating package script '/home/osawakousei/ros2_ws/src/install/cpp_server_client/share/cpp_server_client/package.ps1'
[47.195s] INFO:colcon.colcon_core.shell:Creating package descriptor '/home/osawakousei/ros2_ws/src/install/cpp_server_client/share/cpp_server_client/package.dsv'
[47.198s] INFO:colcon.colcon_core.shell:Creating package script '/home/osawakousei/ros2_ws/src/install/cpp_server_client/share/cpp_server_client/package.sh'
[47.200s] INFO:colcon.colcon_core.shell:Creating package script '/home/osawakousei/ros2_ws/src/install/cpp_server_client/share/cpp_server_client/package.bash'
[47.201s] INFO:colcon.colcon_core.shell:Creating package script '/home/osawakousei/ros2_ws/src/install/cpp_server_client/share/cpp_server_client/package.zsh'
[47.203s] Level 1:colcon.colcon_core.environment:create_file_with_runtime_dependencies(/home/osawakousei/ros2_ws/src/install/cpp_server_client/share/colcon-core/packages/cpp_server_client)
[55.306s] DEBUG:colcon.colcon_core.event_handler.log_command:Invoked command in '/home/osawakousei/ros2_ws/src/build/cpp_topic_pubsub' returned '0': CMAKE_PREFIX_PATH=${CMAKE_PREFIX_PATH}:/opt/ros/humble /usr/bin/cmake --build /home/osawakousei/ros2_ws/src/build/cpp_topic_pubsub -- -j8 -l8
[55.940s] DEBUG:colcon.colcon_core.event_handler.log_command:Invoking command in '/home/osawakousei/ros2_ws/src/build/cpp_topic_pubsub': CMAKE_PREFIX_PATH=${CMAKE_PREFIX_PATH}:/opt/ros/humble /usr/bin/cmake --install /home/osawakousei/ros2_ws/src/build/cpp_topic_pubsub
[56.243s] Level 1:colcon.colcon_core.environment:create_environment_scripts_only(cpp_topic_pubsub)
[56.249s] Level 1:colcon.colcon_core.environment:checking '/home/osawakousei/ros2_ws/src/install/cpp_topic_pubsub' for CMake module files
[56.253s] Level 1:colcon.colcon_core.environment:checking '/home/osawakousei/ros2_ws/src/install/cpp_topic_pubsub' for CMake config files
[56.257s] Level 1:colcon.colcon_core.shell:create_environment_hook('cpp_topic_pubsub', 'cmake_prefix_path')
[56.260s] INFO:colcon.colcon_core.shell:Creating environment hook '/home/osawakousei/ros2_ws/src/install/cpp_topic_pubsub/share/cpp_topic_pubsub/hook/cmake_prefix_path.ps1'
[56.264s] DEBUG:colcon.colcon_core.event_handler.log_command:Invoked command in '/home/osawakousei/ros2_ws/src/build/cpp_topic_pubsub' returned '0': CMAKE_PREFIX_PATH=${CMAKE_PREFIX_PATH}:/opt/ros/humble /usr/bin/cmake --install /home/osawakousei/ros2_ws/src/build/cpp_topic_pubsub
[56.265s] INFO:colcon.colcon_core.shell:Creating environment descriptor '/home/osawakousei/ros2_ws/src/install/cpp_topic_pubsub/share/cpp_topic_pubsub/hook/cmake_prefix_path.dsv'
[56.266s] INFO:colcon.colcon_core.shell:Creating environment hook '/home/osawakousei/ros2_ws/src/install/cpp_topic_pubsub/share/cpp_topic_pubsub/hook/cmake_prefix_path.sh'
[56.268s] Level 1:colcon.colcon_core.environment:checking '/home/osawakousei/ros2_ws/src/install/cpp_topic_pubsub/lib'
[56.268s] Level 1:colcon.colcon_core.shell:create_environment_hook('cpp_topic_pubsub', 'ld_library_path_lib')
[56.272s] INFO:colcon.colcon_core.shell:Creating environment hook '/home/osawakousei/ros2_ws/src/install/cpp_topic_pubsub/share/cpp_topic_pubsub/hook/ld_library_path_lib.ps1'
[56.272s] INFO:colcon.colcon_core.shell:Creating environment descriptor '/home/osawakousei/ros2_ws/src/install/cpp_topic_pubsub/share/cpp_topic_pubsub/hook/ld_library_path_lib.dsv'
[56.274s] INFO:colcon.colcon_core.shell:Creating environment hook '/home/osawakousei/ros2_ws/src/install/cpp_topic_pubsub/share/cpp_topic_pubsub/hook/ld_library_path_lib.sh'
[56.275s] Level 1:colcon.colcon_core.environment:checking '/home/osawakousei/ros2_ws/src/install/cpp_topic_pubsub/bin'
[56.275s] Level 1:colcon.colcon_core.environment:checking '/home/osawakousei/ros2_ws/src/install/cpp_topic_pubsub/lib/pkgconfig/cpp_topic_pubsub.pc'
[56.276s] Level 1:colcon.colcon_core.environment:checking '/home/osawakousei/ros2_ws/src/install/cpp_topic_pubsub/lib/python3.10/site-packages'
[56.276s] Level 1:colcon.colcon_core.environment:checking '/home/osawakousei/ros2_ws/src/install/cpp_topic_pubsub/bin'
[56.279s] INFO:colcon.colcon_core.shell:Creating package script '/home/osawakousei/ros2_ws/src/install/cpp_topic_pubsub/share/cpp_topic_pubsub/package.ps1'
[56.281s] INFO:colcon.colcon_core.shell:Creating package descriptor '/home/osawakousei/ros2_ws/src/install/cpp_topic_pubsub/share/cpp_topic_pubsub/package.dsv'
[56.283s] INFO:colcon.colcon_core.shell:Creating package script '/home/osawakousei/ros2_ws/src/install/cpp_topic_pubsub/share/cpp_topic_pubsub/package.sh'
[56.285s] INFO:colcon.colcon_core.shell:Creating package script '/home/osawakousei/ros2_ws/src/install/cpp_topic_pubsub/share/cpp_topic_pubsub/package.bash'
[56.286s] INFO:colcon.colcon_core.shell:Creating package script '/home/osawakousei/ros2_ws/src/install/cpp_topic_pubsub/share/cpp_topic_pubsub/package.zsh'
[56.288s] Level 1:colcon.colcon_core.environment:create_file_with_runtime_dependencies(/home/osawakousei/ros2_ws/src/install/cpp_topic_pubsub/share/colcon-core/packages/cpp_topic_pubsub)
[56.902s] Level 1:colcon.colcon_core.environment:create_environment_scripts_only(cpp_topic_pubsub)
[56.908s] Level 1:colcon.colcon_core.environment:checking '/home/osawakousei/ros2_ws/src/install/cpp_topic_pubsub' for CMake module files
[56.911s] Level 1:colcon.colcon_core.environment:checking '/home/osawakousei/ros2_ws/src/install/cpp_topic_pubsub' for CMake config files
[56.913s] Level 1:colcon.colcon_core.shell:create_environment_hook('cpp_topic_pubsub', 'cmake_prefix_path')
[56.916s] INFO:colcon.colcon_core.shell:Creating environment hook '/home/osawakousei/ros2_ws/src/install/cpp_topic_pubsub/share/cpp_topic_pubsub/hook/cmake_prefix_path.ps1'
[56.918s] INFO:colcon.colcon_core.shell:Creating environment descriptor '/home/osawakousei/ros2_ws/src/install/cpp_topic_pubsub/share/cpp_topic_pubsub/hook/cmake_prefix_path.dsv'
[56.919s] INFO:colcon.colcon_core.shell:Creating environment hook '/home/osawakousei/ros2_ws/src/install/cpp_topic_pubsub/share/cpp_topic_pubsub/hook/cmake_prefix_path.sh'
[56.921s] Level 1:colcon.colcon_core.environment:checking '/home/osawakousei/ros2_ws/src/install/cpp_topic_pubsub/lib'
[56.921s] Level 1:colcon.colcon_core.shell:create_environment_hook('cpp_topic_pubsub', 'ld_library_path_lib')
[56.925s] INFO:colcon.colcon_core.shell:Creating environment hook '/home/osawakousei/ros2_ws/src/install/cpp_topic_pubsub/share/cpp_topic_pubsub/hook/ld_library_path_lib.ps1'
[56.927s] INFO:colcon.colcon_core.shell:Creating environment descriptor '/home/osawakousei/ros2_ws/src/install/cpp_topic_pubsub/share/cpp_topic_pubsub/hook/ld_library_path_lib.dsv'
[56.928s] INFO:colcon.colcon_core.shell:Creating environment hook '/home/osawakousei/ros2_ws/src/install/cpp_topic_pubsub/share/cpp_topic_pubsub/hook/ld_library_path_lib.sh'
[56.930s] Level 1:colcon.colcon_core.environment:checking '/home/osawakousei/ros2_ws/src/install/cpp_topic_pubsub/bin'
[56.930s] Level 1:colcon.colcon_core.environment:checking '/home/osawakousei/ros2_ws/src/install/cpp_topic_pubsub/lib/pkgconfig/cpp_topic_pubsub.pc'
[56.930s] Level 1:colcon.colcon_core.environment:checking '/home/osawakousei/ros2_ws/src/install/cpp_topic_pubsub/lib/python3.10/site-packages'
[56.931s] Level 1:colcon.colcon_core.environment:checking '/home/osawakousei/ros2_ws/src/install/cpp_topic_pubsub/bin'
[56.935s] INFO:colcon.colcon_core.shell:Creating package script '/home/osawakousei/ros2_ws/src/install/cpp_topic_pubsub/share/cpp_topic_pubsub/package.ps1'
[56.937s] INFO:colcon.colcon_core.shell:Creating package descriptor '/home/osawakousei/ros2_ws/src/install/cpp_topic_pubsub/share/cpp_topic_pubsub/package.dsv'
[56.938s] INFO:colcon.colcon_core.shell:Creating package script '/home/osawakousei/ros2_ws/src/install/cpp_topic_pubsub/share/cpp_topic_pubsub/package.sh'
[56.939s] INFO:colcon.colcon_core.shell:Creating package script '/home/osawakousei/ros2_ws/src/install/cpp_topic_pubsub/share/cpp_topic_pubsub/package.bash'
[56.941s] INFO:colcon.colcon_core.shell:Creating package script '/home/osawakousei/ros2_ws/src/install/cpp_topic_pubsub/share/cpp_topic_pubsub/package.zsh'
[56.942s] Level 1:colcon.colcon_core.environment:create_file_with_runtime_dependencies(/home/osawakousei/ros2_ws/src/install/cpp_topic_pubsub/share/colcon-core/packages/cpp_topic_pubsub)
[72.633s] DEBUG:colcon.colcon_core.event_handler.log_command:Invoked command in '/home/osawakousei/ros2_ws/src/build/android_controll_test' returned '0': AMENT_PREFIX_PATH=/home/osawakousei/ros2_ws/src/install/custom_test_msgs:${AMENT_PREFIX_PATH} CMAKE_PREFIX_PATH=/home/osawakousei/ros2_ws/src/install/custom_test_msgs:/home/osawakousei/ros2_ws/src/custom_message_unity/install/custom_message_unity:/home/osawakousei/ros2_ws/install/test_package:/home/osawakousei/ros2_ws/install/micro_ros_setup:/home/osawakousei/ros2_ws/install/micro_ros_agent:/home/osawakousei/ros2_ws/install/micro_ros_msgs:/home/osawakousei/ros2_ws/install/android_controll_test:/home/osawakousei/ros2_ws/install/custom_test_msgs:/home/osawakousei/ros2_ws/install/cpp_topic_pubsub:/home/osawakousei/ros2_ws/install/cpp_server_client:/home/osawakousei/ros2_ws/src/android_controll_test/install/custom_test_msgs:/home/osawakousei/ros2_ws/src/android_controll_test/install/android_controll_test:/home/osawakousei/ros2_ws/src/cpp_server_client/install/cpp_server_client:/home/osawakousei/ros2_ws/src/cpp_topic_pubsub/install/cpp_topic_pubsub:/home/osawakousei/ros2_ws/src/test_package/install/test_package:/home/osawakousei/ros2_ws/uros_ws/install/micro_ros_setup:/home/osawakousei/ros2_ws/uros_ws/install/micro_ros_agent:/home/osawakousei/ros2_ws/uros_ws/install/micro_ros_msgs:/home/osawakousei/ros2_ws/src/custom_test_msgs/install/custom_test_msgs:/opt/ros/humble LD_LIBRARY_PATH=/home/osawakousei/ros2_ws/src/install/custom_test_msgs/lib:${LD_LIBRARY_PATH} PYTHONPATH=/home/osawakousei/ros2_ws/src/install/custom_test_msgs/local/lib/python3.10/dist-packages:${PYTHONPATH} /usr/bin/cmake --build /home/osawakousei/ros2_ws/src/build/android_controll_test -- -j8 -l8
[73.249s] DEBUG:colcon.colcon_core.event_handler.log_command:Invoking command in '/home/osawakousei/ros2_ws/src/build/android_controll_test': AMENT_PREFIX_PATH=/home/osawakousei/ros2_ws/src/install/custom_test_msgs:${AMENT_PREFIX_PATH} CMAKE_PREFIX_PATH=/home/osawakousei/ros2_ws/src/install/custom_test_msgs:/home/osawakousei/ros2_ws/src/custom_message_unity/install/custom_message_unity:/home/osawakousei/ros2_ws/install/test_package:/home/osawakousei/ros2_ws/install/micro_ros_setup:/home/osawakousei/ros2_ws/install/micro_ros_agent:/home/osawakousei/ros2_ws/install/micro_ros_msgs:/home/osawakousei/ros2_ws/install/android_controll_test:/home/osawakousei/ros2_ws/install/custom_test_msgs:/home/osawakousei/ros2_ws/install/cpp_topic_pubsub:/home/osawakousei/ros2_ws/install/cpp_server_client:/home/osawakousei/ros2_ws/src/android_controll_test/install/custom_test_msgs:/home/osawakousei/ros2_ws/src/android_controll_test/install/android_controll_test:/home/osawakousei/ros2_ws/src/cpp_server_client/install/cpp_server_client:/home/osawakousei/ros2_ws/src/cpp_topic_pubsub/install/cpp_topic_pubsub:/home/osawakousei/ros2_ws/src/test_package/install/test_package:/home/osawakousei/ros2_ws/uros_ws/install/micro_ros_setup:/home/osawakousei/ros2_ws/uros_ws/install/micro_ros_agent:/home/osawakousei/ros2_ws/uros_ws/install/micro_ros_msgs:/home/osawakousei/ros2_ws/src/custom_test_msgs/install/custom_test_msgs:/opt/ros/humble LD_LIBRARY_PATH=/home/osawakousei/ros2_ws/src/install/custom_test_msgs/lib:${LD_LIBRARY_PATH} PYTHONPATH=/home/osawakousei/ros2_ws/src/install/custom_test_msgs/local/lib/python3.10/dist-packages:${PYTHONPATH} /usr/bin/cmake --install /home/osawakousei/ros2_ws/src/build/android_controll_test
[73.525s] Level 1:colcon.colcon_core.environment:create_environment_scripts_only(android_controll_test)
[73.530s] Level 1:colcon.colcon_core.environment:checking '/home/osawakousei/ros2_ws/src/install/android_controll_test' for CMake module files
[73.533s] Level 1:colcon.colcon_core.environment:checking '/home/osawakousei/ros2_ws/src/install/android_controll_test' for CMake config files
[73.535s] DEBUG:colcon.colcon_core.event_handler.log_command:Invoked command in '/home/osawakousei/ros2_ws/src/build/android_controll_test' returned '0': AMENT_PREFIX_PATH=/home/osawakousei/ros2_ws/src/install/custom_test_msgs:${AMENT_PREFIX_PATH} CMAKE_PREFIX_PATH=/home/osawakousei/ros2_ws/src/install/custom_test_msgs:/home/osawakousei/ros2_ws/src/custom_message_unity/install/custom_message_unity:/home/osawakousei/ros2_ws/install/test_package:/home/osawakousei/ros2_ws/install/micro_ros_setup:/home/osawakousei/ros2_ws/install/micro_ros_agent:/home/osawakousei/ros2_ws/install/micro_ros_msgs:/home/osawakousei/ros2_ws/install/android_controll_test:/home/osawakousei/ros2_ws/install/custom_test_msgs:/home/osawakousei/ros2_ws/install/cpp_topic_pubsub:/home/osawakousei/ros2_ws/install/cpp_server_client:/home/osawakousei/ros2_ws/src/android_controll_test/install/custom_test_msgs:/home/osawakousei/ros2_ws/src/android_controll_test/install/android_controll_test:/home/osawakousei/ros2_ws/src/cpp_server_client/install/cpp_server_client:/home/osawakousei/ros2_ws/src/cpp_topic_pubsub/install/cpp_topic_pubsub:/home/osawakousei/ros2_ws/src/test_package/install/test_package:/home/osawakousei/ros2_ws/uros_ws/install/micro_ros_setup:/home/osawakousei/ros2_ws/uros_ws/install/micro_ros_agent:/home/osawakousei/ros2_ws/uros_ws/install/micro_ros_msgs:/home/osawakousei/ros2_ws/src/custom_test_msgs/install/custom_test_msgs:/opt/ros/humble LD_LIBRARY_PATH=/home/osawakousei/ros2_ws/src/install/custom_test_msgs/lib:${LD_LIBRARY_PATH} PYTHONPATH=/home/osawakousei/ros2_ws/src/install/custom_test_msgs/local/lib/python3.10/dist-packages:${PYTHONPATH} /usr/bin/cmake --install /home/osawakousei/ros2_ws/src/build/android_controll_test
[73.536s] Level 1:colcon.colcon_core.shell:create_environment_hook('android_controll_test', 'cmake_prefix_path')
[73.539s] INFO:colcon.colcon_core.shell:Creating environment hook '/home/osawakousei/ros2_ws/src/install/android_controll_test/share/android_controll_test/hook/cmake_prefix_path.ps1'
[73.540s] INFO:colcon.colcon_core.shell:Creating environment descriptor '/home/osawakousei/ros2_ws/src/install/android_controll_test/share/android_controll_test/hook/cmake_prefix_path.dsv'
[73.541s] INFO:colcon.colcon_core.shell:Creating environment hook '/home/osawakousei/ros2_ws/src/install/android_controll_test/share/android_controll_test/hook/cmake_prefix_path.sh'
[73.542s] Level 1:colcon.colcon_core.environment:checking '/home/osawakousei/ros2_ws/src/install/android_controll_test/lib'
[73.543s] Level 1:colcon.colcon_core.shell:create_environment_hook('android_controll_test', 'ld_library_path_lib')
[73.547s] INFO:colcon.colcon_core.shell:Creating environment hook '/home/osawakousei/ros2_ws/src/install/android_controll_test/share/android_controll_test/hook/ld_library_path_lib.ps1'
[73.548s] INFO:colcon.colcon_core.shell:Creating environment descriptor '/home/osawakousei/ros2_ws/src/install/android_controll_test/share/android_controll_test/hook/ld_library_path_lib.dsv'
[73.595s] INFO:colcon.colcon_core.shell:Creating environment hook '/home/osawakousei/ros2_ws/src/install/android_controll_test/share/android_controll_test/hook/ld_library_path_lib.sh'
[73.596s] Level 1:colcon.colcon_core.environment:checking '/home/osawakousei/ros2_ws/src/install/android_controll_test/bin'
[73.597s] Level 1:colcon.colcon_core.environment:checking '/home/osawakousei/ros2_ws/src/install/android_controll_test/lib/pkgconfig/android_controll_test.pc'
[73.598s] Level 1:colcon.colcon_core.environment:checking '/home/osawakousei/ros2_ws/src/install/android_controll_test/lib/python3.10/site-packages'
[73.598s] Level 1:colcon.colcon_core.environment:checking '/home/osawakousei/ros2_ws/src/install/android_controll_test/bin'
[73.601s] INFO:colcon.colcon_core.shell:Creating package script '/home/osawakousei/ros2_ws/src/install/android_controll_test/share/android_controll_test/package.ps1'
[73.602s] INFO:colcon.colcon_core.shell:Creating package descriptor '/home/osawakousei/ros2_ws/src/install/android_controll_test/share/android_controll_test/package.dsv'
[73.604s] INFO:colcon.colcon_core.shell:Creating package script '/home/osawakousei/ros2_ws/src/install/android_controll_test/share/android_controll_test/package.sh'
[73.605s] INFO:colcon.colcon_core.shell:Creating package script '/home/osawakousei/ros2_ws/src/install/android_controll_test/share/android_controll_test/package.bash'
[73.606s] INFO:colcon.colcon_core.shell:Creating package script '/home/osawakousei/ros2_ws/src/install/android_controll_test/share/android_controll_test/package.zsh'
[73.607s] Level 1:colcon.colcon_core.environment:create_file_with_runtime_dependencies(/home/osawakousei/ros2_ws/src/install/android_controll_test/share/colcon-core/packages/android_controll_test)
[73.986s] Level 1:colcon.colcon_core.environment:create_environment_scripts_only(android_controll_test)
[73.992s] Level 1:colcon.colcon_core.environment:checking '/home/osawakousei/ros2_ws/src/install/android_controll_test' for CMake module files
[73.995s] Level 1:colcon.colcon_core.environment:checking '/home/osawakousei/ros2_ws/src/install/android_controll_test' for CMake config files
[73.997s] Level 1:colcon.colcon_core.shell:create_environment_hook('android_controll_test', 'cmake_prefix_path')
[74.000s] INFO:colcon.colcon_core.shell:Creating environment hook '/home/osawakousei/ros2_ws/src/install/android_controll_test/share/android_controll_test/hook/cmake_prefix_path.ps1'
[74.001s] INFO:colcon.colcon_core.shell:Creating environment descriptor '/home/osawakousei/ros2_ws/src/install/android_controll_test/share/android_controll_test/hook/cmake_prefix_path.dsv'
[74.002s] INFO:colcon.colcon_core.shell:Creating environment hook '/home/osawakousei/ros2_ws/src/install/android_controll_test/share/android_controll_test/hook/cmake_prefix_path.sh'
[74.004s] Level 1:colcon.colcon_core.environment:checking '/home/osawakousei/ros2_ws/src/install/android_controll_test/lib'
[74.004s] Level 1:colcon.colcon_core.shell:create_environment_hook('android_controll_test', 'ld_library_path_lib')
[74.007s] INFO:colcon.colcon_core.shell:Creating environment hook '/home/osawakousei/ros2_ws/src/install/android_controll_test/share/android_controll_test/hook/ld_library_path_lib.ps1'
[74.008s] INFO:colcon.colcon_core.shell:Creating environment descriptor '/home/osawakousei/ros2_ws/src/install/android_controll_test/share/android_controll_test/hook/ld_library_path_lib.dsv'
[74.009s] INFO:colcon.colcon_core.shell:Creating environment hook '/home/osawakousei/ros2_ws/src/install/android_controll_test/share/android_controll_test/hook/ld_library_path_lib.sh'
[74.010s] Level 1:colcon.colcon_core.environment:checking '/home/osawakousei/ros2_ws/src/install/android_controll_test/bin'
[74.010s] Level 1:colcon.colcon_core.environment:checking '/home/osawakousei/ros2_ws/src/install/android_controll_test/lib/pkgconfig/android_controll_test.pc'
[74.011s] Level 1:colcon.colcon_core.environment:checking '/home/osawakousei/ros2_ws/src/install/android_controll_test/lib/python3.10/site-packages'
[74.012s] Level 1:colcon.colcon_core.environment:checking '/home/osawakousei/ros2_ws/src/install/android_controll_test/bin'
[74.014s] INFO:colcon.colcon_core.shell:Creating package script '/home/osawakousei/ros2_ws/src/install/android_controll_test/share/android_controll_test/package.ps1'
[74.016s] INFO:colcon.colcon_core.shell:Creating package descriptor '/home/osawakousei/ros2_ws/src/install/android_controll_test/share/android_controll_test/package.dsv'
[74.017s] INFO:colcon.colcon_core.shell:Creating package script '/home/osawakousei/ros2_ws/src/install/android_controll_test/share/android_controll_test/package.sh'
[74.019s] INFO:colcon.colcon_core.shell:Creating package script '/home/osawakousei/ros2_ws/src/install/android_controll_test/share/android_controll_test/package.bash'
[74.020s] INFO:colcon.colcon_core.shell:Creating package script '/home/osawakousei/ros2_ws/src/install/android_controll_test/share/android_controll_test/package.zsh'
[74.021s] Level 1:colcon.colcon_core.environment:create_file_with_runtime_dependencies(/home/osawakousei/ros2_ws/src/install/android_controll_test/share/colcon-core/packages/android_controll_test)
[74.023s] DEBUG:colcon.colcon_parallel_executor.executor.parallel:closing loop
[74.024s] DEBUG:colcon.colcon_parallel_executor.executor.parallel:loop closed
[74.024s] DEBUG:colcon.colcon_parallel_executor.executor.parallel:run_until_complete finished with '0'
[74.024s] DEBUG:colcon.colcon_core.event_reactor:joining thread
[74.041s] INFO:colcon.colcon_core.plugin_system:Skipping extension 'colcon_notification.desktop_notification.terminal_notifier': Not used on non-Darwin systems
[74.041s] INFO:colcon.colcon_core.plugin_system:Skipping extension 'colcon_notification.desktop_notification.win32': Not used on non-Windows systems
[74.041s] INFO:colcon.colcon_notification.desktop_notification:Sending desktop notification using 'notify2'
[74.096s] DEBUG:colcon.colcon_core.event_reactor:joined thread
[74.100s] INFO:colcon.colcon_core.shell:Creating prefix script '/home/osawakousei/ros2_ws/src/install/local_setup.ps1'
[74.104s] INFO:colcon.colcon_core.shell:Creating prefix util module '/home/osawakousei/ros2_ws/src/install/_local_setup_util_ps1.py'
[74.109s] INFO:colcon.colcon_core.shell:Creating prefix chain script '/home/osawakousei/ros2_ws/src/install/setup.ps1'
[74.120s] INFO:colcon.colcon_core.shell:Creating prefix script '/home/osawakousei/ros2_ws/src/install/local_setup.sh'
[74.123s] INFO:colcon.colcon_core.shell:Creating prefix util module '/home/osawakousei/ros2_ws/src/install/_local_setup_util_sh.py'
[74.125s] INFO:colcon.colcon_core.shell:Creating prefix chain script '/home/osawakousei/ros2_ws/src/install/setup.sh'
[74.135s] INFO:colcon.colcon_core.shell:Creating prefix script '/home/osawakousei/ros2_ws/src/install/local_setup.bash'
[74.137s] INFO:colcon.colcon_core.shell:Creating prefix chain script '/home/osawakousei/ros2_ws/src/install/setup.bash'
[74.147s] INFO:colcon.colcon_core.shell:Creating prefix script '/home/osawakousei/ros2_ws/src/install/local_setup.zsh'
[74.149s] INFO:colcon.colcon_core.shell:Creating prefix chain script '/home/osawakousei/ros2_ws/src/install/setup.zsh'
