[  2%] Built target cpp_topic_pubsub__cpp
[ 11%] Built target cpp_topic_pubsub__rosidl_generator_c
[ 11%] Built target ament_cmake_python_copy_cpp_topic_pubsub
[ 20%] Built target cpp_topic_pubsub__rosidl_typesupport_introspection_cpp
[ 28%] Built target cpp_topic_pubsub__rosidl_typesupport_fastrtps_c
[ 37%] Built target cpp_topic_pubsub__rosidl_typesupport_cpp
[ 45%] Built target cpp_topic_pubsub__rosidl_typesupport_fastrtps_cpp
[ 54%] Built target cpp_topic_pubsub__rosidl_typesupport_c
[ 62%] Built target cpp_topic_pubsub__rosidl_typesupport_introspection_c
[ 68%] Built target practice_publisher_node
[ 74%] Built target practice_subscriber_node
[ 74%] Built target cpp_topic_pubsub
[ 77%] Built target cpp_topic_pubsub__py
[ 82%] Built target cpp_topic_pubsub__rosidl_generator_py
[ 88%] Built target cpp_topic_pubsub__rosidl_typesupport_c__pyext
[ 94%] Built target cpp_topic_pubsub__rosidl_typesupport_introspection_c__pyext
[100%] Built target cpp_topic_pubsub__rosidl_typesupport_fastrtps_c__pyext
running egg_info
writing cpp_topic_pubsub.egg-info/PKG-INFO
writing dependency_links to cpp_topic_pubsub.egg-info/dependency_links.txt
writing top-level names to cpp_topic_pubsub.egg-info/top_level.txt
reading manifest file 'cpp_topic_pubsub.egg-info/SOURCES.txt'
writing manifest file 'cpp_topic_pubsub.egg-info/SOURCES.txt'
[100%] Built target ament_cmake_python_build_cpp_topic_pubsub_egg
