[0.226s] Invoking command in '/home/osawakousei/ros2_ws/build/cpp_topic_pubsub': CMAKE_PREFIX_PATH=${CMAKE_PREFIX_PATH}:/opt/ros/humble /usr/bin/cmake --build /home/osawakousei/ros2_ws/build/cpp_topic_pubsub -- -j8 -l8
[0.571s] [  2%] Built target cpp_topic_pubsub__cpp
[0.639s] [ 11%] Built target cpp_topic_pubsub__rosidl_generator_c
[0.725s] [ 11%] Built target ament_cmake_python_copy_cpp_topic_pubsub
[0.984s] [ 20%] Built target cpp_topic_pubsub__rosidl_typesupport_introspection_cpp
[1.024s] [ 28%] Built target cpp_topic_pubsub__rosidl_typesupport_fastrtps_c
[1.103s] [ 37%] Built target cpp_topic_pubsub__rosidl_typesupport_cpp
[1.140s] [ 45%] Built target cpp_topic_pubsub__rosidl_typesupport_fastrtps_cpp
[1.146s] [ 54%] Built target cpp_topic_pubsub__rosidl_typesupport_c
[1.190s] [ 62%] Built target cpp_topic_pubsub__rosidl_typesupport_introspection_c
[1.657s] [ 68%] Built target practice_publisher_node
[1.678s] [ 74%] Built target practice_subscriber_node
[1.678s] [ 74%] Built target cpp_topic_pubsub
[1.953s] [ 77%] Built target cpp_topic_pubsub__py
[2.203s] [ 82%] Built target cpp_topic_pubsub__rosidl_generator_py
[2.493s] [ 88%] Built target cpp_topic_pubsub__rosidl_typesupport_c__pyext
[2.537s] [ 94%] Built target cpp_topic_pubsub__rosidl_typesupport_introspection_c__pyext
[2.566s] [100%] Built target cpp_topic_pubsub__rosidl_typesupport_fastrtps_c__pyext
[3.088s] running egg_info
[3.090s] writing cpp_topic_pubsub.egg-info/PKG-INFO
[3.092s] writing dependency_links to cpp_topic_pubsub.egg-info/dependency_links.txt
[3.094s] writing top-level names to cpp_topic_pubsub.egg-info/top_level.txt
[3.101s] reading manifest file 'cpp_topic_pubsub.egg-info/SOURCES.txt'
[3.107s] writing manifest file 'cpp_topic_pubsub.egg-info/SOURCES.txt'
[3.196s] [100%] Built target ament_cmake_python_build_cpp_topic_pubsub_egg
[3.245s] Invoked command in '/home/osawakousei/ros2_ws/build/cpp_topic_pubsub' returned '0': CMAKE_PREFIX_PATH=${CMAKE_PREFIX_PATH}:/opt/ros/humble /usr/bin/cmake --build /home/osawakousei/ros2_ws/build/cpp_topic_pubsub -- -j8 -l8
