-- The C compiler identification is GNU 11.4.0
-- The CXX compiler identification is GNU 11.4.0
-- Detecting C compiler ABI info
-- Detecting C compiler ABI info - done
-- Check for working C compiler: /usr/bin/cc - skipped
-- Detecting C compile features
-- Detecting C compile features - done
-- Detecting CXX compiler ABI info
-- Detecting CXX compiler ABI info - done
-- Check for working CXX compiler: /usr/bin/c++ - skipped
-- Detecting CXX compile features
-- Detecting CXX compile features - done
-- Found ament_cmake: 1.3.5 (/opt/ros/humble/share/ament_cmake/cmake)
-- Found Python3: /usr/bin/python3.10 (found version "3.10.12") found components: Interpreter 
-- Found rclcpp: 16.0.5 (/opt/ros/humble/share/rclcpp/cmake)
-- Found rosidl_generator_c: 3.1.5 (/opt/ros/humble/share/rosidl_generator_c/cmake)
-- Found rosidl_adapter: 3.1.5 (/opt/ros/humble/share/rosidl_adapter/cmake)
-- Found rosidl_generator_cpp: 3.1.5 (/opt/ros/humble/share/rosidl_generator_cpp/cmake)
-- Using all available rosidl_typesupport_c: rosidl_typesupport_fastrtps_c;rosidl_typesupport_introspection_c
-- Using all available rosidl_typesupport_cpp: rosidl_typesupport_fastrtps_cpp;rosidl_typesupport_introspection_cpp
-- Found rmw_implementation_cmake: 6.1.1 (/opt/ros/humble/share/rmw_implementation_cmake/cmake)
-- Found rmw_fastrtps_cpp: 6.2.3 (/opt/ros/humble/share/rmw_fastrtps_cpp/cmake)
-- Found OpenSSL: /usr/lib/x86_64-linux-gnu/libcrypto.so (found version "3.0.2")  
-- Found FastRTPS: /opt/ros/humble/include  
-- Using RMW implementation 'rmw_fastrtps_cpp' as default
-- Looking for pthread.h
-- Looking for pthread.h - found
-- Performing Test CMAKE_HAVE_LIBC_PTHREAD
-- Performing Test CMAKE_HAVE_LIBC_PTHREAD - Success
-- Found Threads: TRUE  
-- Found rosidl_default_generators: 1.2.0 (/opt/ros/humble/share/rosidl_default_generators/cmake)
-- Found ament_lint_auto: 0.12.7 (/opt/ros/humble/share/ament_lint_auto/cmake)
-- Found ament_cmake_ros: 0.10.0 (/opt/ros/humble/share/ament_cmake_ros/cmake)
-- Using all available rosidl_typesupport_c: rosidl_typesupport_fastrtps_c;rosidl_typesupport_introspection_c
-- Using all available rosidl_typesupport_cpp: rosidl_typesupport_fastrtps_cpp;rosidl_typesupport_introspection_cpp
-- Found PythonInterp: /usr/bin/python3 (found suitable version "3.10.12", minimum required is "3.6") 
-- Found python_cmake_module: 0.10.0 (/opt/ros/humble/share/python_cmake_module/cmake)
-- Found PythonLibs: /usr/lib/x86_64-linux-gnu/libpython3.10.so (found suitable version "3.10.12", minimum required is "3.5") 
-- Using PYTHON_EXECUTABLE: /usr/bin/python3
-- Using PYTHON_INCLUDE_DIRS: /usr/include/python3.10
-- Using PYTHON_LIBRARIES: /usr/lib/x86_64-linux-gnu/libpython3.10.so
-- Found PythonExtra: .so  
-- Added test 'cppcheck' to perform static code analysis on C / C++ code
-- Configured cppcheck include dirs: 
-- Configured cppcheck exclude dirs and/or files: 
-- Added test 'flake8' to check Python code syntax and style conventions
-- Added test 'lint_cmake' to check CMake code style
-- Added test 'pep257' to check Python code against some of the docstring style conventions in PEP 257
-- Added test 'uncrustify' to check C / C++ code style
-- Configured uncrustify additional arguments: 
-- Added test 'xmllint' to check XML markup files
-- Configuring done
-- Generating done
-- Build files have been written to: /home/osawakousei/ros2_ws/build/cpp_topic_pubsub
[  2%] [34m[1mGenerating C code for ROS interfaces[0m
[  5%] [34m[1mGenerating C++ code for ROS interfaces[0m
[  5%] Built target ament_cmake_python_copy_cpp_topic_pubsub
[  8%] Built target cpp_topic_pubsub__cpp
[  8%] [32mBuilding C object CMakeFiles/cpp_topic_pubsub__rosidl_generator_c.dir/rosidl_generator_c/cpp_topic_pubsub/msg/detail/practice_msg__functions.c.o[0m
[ 11%] [34m[1mGenerating C++ type support dispatch for ROS interfaces[0m
[ 14%] [34m[1mGenerating C++ introspection for ROS interfaces[0m
[ 17%] [34m[1mGenerating C++ type support for eProsima Fast-RTPS[0m
running egg_info
creating cpp_topic_pubsub.egg-info
writing cpp_topic_pubsub.egg-info/PKG-INFO
writing dependency_links to cpp_topic_pubsub.egg-info/dependency_links.txt
writing top-level names to cpp_topic_pubsub.egg-info/top_level.txt
writing manifest file 'cpp_topic_pubsub.egg-info/SOURCES.txt'
reading manifest file 'cpp_topic_pubsub.egg-info/SOURCES.txt'
writing manifest file 'cpp_topic_pubsub.egg-info/SOURCES.txt'
[ 20%] [32m[1mLinking C shared library libcpp_topic_pubsub__rosidl_generator_c.so[0m
[ 20%] Built target ament_cmake_python_build_cpp_topic_pubsub_egg
[ 20%] Built target cpp_topic_pubsub__rosidl_generator_c
[ 22%] [34m[1mGenerating C type support for eProsima Fast-RTPS[0m
[ 25%] [34m[1mGenerating C type support dispatch for ROS interfaces[0m
[ 28%] [34m[1mGenerating C introspection for ROS interfaces[0m
[ 31%] [32mBuilding CXX object CMakeFiles/cpp_topic_pubsub__rosidl_typesupport_fastrtps_cpp.dir/rosidl_typesupport_fastrtps_cpp/cpp_topic_pubsub/msg/detail/dds_fastrtps/practice_msg__type_support.cpp.o[0m
[ 34%] [32mBuilding CXX object CMakeFiles/cpp_topic_pubsub__rosidl_typesupport_cpp.dir/rosidl_typesupport_cpp/cpp_topic_pubsub/msg/practice_msg__type_support.cpp.o[0m
[ 37%] [32mBuilding CXX object CMakeFiles/cpp_topic_pubsub__rosidl_typesupport_introspection_cpp.dir/rosidl_typesupport_introspection_cpp/cpp_topic_pubsub/msg/detail/practice_msg__type_support.cpp.o[0m
[ 40%] [32mBuilding CXX object CMakeFiles/cpp_topic_pubsub__rosidl_typesupport_c.dir/rosidl_typesupport_c/cpp_topic_pubsub/msg/practice_msg__type_support.cpp.o[0m
[ 42%] [32mBuilding CXX object CMakeFiles/cpp_topic_pubsub__rosidl_typesupport_fastrtps_c.dir/rosidl_typesupport_fastrtps_c/cpp_topic_pubsub/msg/detail/practice_msg__type_support_c.cpp.o[0m
[ 45%] [32mBuilding C object CMakeFiles/cpp_topic_pubsub__rosidl_typesupport_introspection_c.dir/rosidl_typesupport_introspection_c/cpp_topic_pubsub/msg/detail/practice_msg__type_support.c.o[0m
[ 48%] [32m[1mLinking CXX shared library libcpp_topic_pubsub__rosidl_typesupport_c.so[0m
[ 51%] [32m[1mLinking C shared library libcpp_topic_pubsub__rosidl_typesupport_introspection_c.so[0m
[ 51%] Built target cpp_topic_pubsub__rosidl_typesupport_c
[ 51%] Built target cpp_topic_pubsub__rosidl_typesupport_introspection_c
[ 54%] [32m[1mLinking CXX shared library libcpp_topic_pubsub__rosidl_typesupport_cpp.so[0m
[ 54%] Built target cpp_topic_pubsub__rosidl_typesupport_cpp
[ 57%] [32m[1mLinking CXX shared library libcpp_topic_pubsub__rosidl_typesupport_fastrtps_c.so[0m
[ 60%] [32m[1mLinking CXX shared library libcpp_topic_pubsub__rosidl_typesupport_introspection_cpp.so[0m
[ 62%] [32mBuilding CXX object CMakeFiles/practice_publisher_node.dir/src/publisher_node.cpp.o[0m
[ 65%] [32mBuilding CXX object CMakeFiles/practice_subscriber_node.dir/src/subscriber_node.cpp.o[0m
[ 68%] [32m[1mLinking CXX shared library libcpp_topic_pubsub__rosidl_typesupport_fastrtps_cpp.so[0m
[ 68%] Built target cpp_topic_pubsub__rosidl_typesupport_introspection_cpp
[ 68%] Built target cpp_topic_pubsub__rosidl_typesupport_fastrtps_c
[ 68%] Built target cpp_topic_pubsub__rosidl_typesupport_fastrtps_cpp
[ 68%] Built target cpp_topic_pubsub
[ 71%] [34m[1mGenerating Python code for ROS interfaces[0m
[ 71%] Built target cpp_topic_pubsub__py
[ 74%] [32mBuilding C object CMakeFiles/cpp_topic_pubsub__rosidl_generator_py.dir/rosidl_generator_py/cpp_topic_pubsub/msg/_practice_msg_s.c.o[0m
[ 77%] [32m[1mLinking C shared library rosidl_generator_py/cpp_topic_pubsub/libcpp_topic_pubsub__rosidl_generator_py.so[0m
[ 77%] Built target cpp_topic_pubsub__rosidl_generator_py
[ 80%] [32mBuilding C object CMakeFiles/cpp_topic_pubsub__rosidl_typesupport_fastrtps_c__pyext.dir/rosidl_generator_py/cpp_topic_pubsub/_cpp_topic_pubsub_s.ep.rosidl_typesupport_fastrtps_c.c.o[0m
[ 82%] [32mBuilding C object CMakeFiles/cpp_topic_pubsub__rosidl_typesupport_introspection_c__pyext.dir/rosidl_generator_py/cpp_topic_pubsub/_cpp_topic_pubsub_s.ep.rosidl_typesupport_introspection_c.c.o[0m
[ 85%] [32mBuilding C object CMakeFiles/cpp_topic_pubsub__rosidl_typesupport_c__pyext.dir/rosidl_generator_py/cpp_topic_pubsub/_cpp_topic_pubsub_s.ep.rosidl_typesupport_c.c.o[0m
[ 88%] [32m[1mLinking C shared library rosidl_generator_py/cpp_topic_pubsub/cpp_topic_pubsub_s__rosidl_typesupport_fastrtps_c.cpython-310-x86_64-linux-gnu.so[0m
[ 91%] [32m[1mLinking C shared library rosidl_generator_py/cpp_topic_pubsub/cpp_topic_pubsub_s__rosidl_typesupport_introspection_c.cpython-310-x86_64-linux-gnu.so[0m
[ 94%] [32m[1mLinking C shared library rosidl_generator_py/cpp_topic_pubsub/cpp_topic_pubsub_s__rosidl_typesupport_c.cpython-310-x86_64-linux-gnu.so[0m
[ 94%] Built target cpp_topic_pubsub__rosidl_typesupport_introspection_c__pyext
[ 94%] Built target cpp_topic_pubsub__rosidl_typesupport_fastrtps_c__pyext
[ 94%] Built target cpp_topic_pubsub__rosidl_typesupport_c__pyext
[ 97%] [32m[1mLinking CXX executable practice_publisher_node[0m
[ 97%] Built target practice_publisher_node
[100%] [32m[1mLinking CXX executable practice_subscriber_node[0m
[100%] Built target practice_subscriber_node
-- Install configuration: ""
-- Installing: /home/osawakousei/ros2_ws/install/cpp_topic_pubsub/share/ament_index/resource_index/rosidl_interfaces/cpp_topic_pubsub
-- Installing: /home/osawakousei/ros2_ws/install/cpp_topic_pubsub/include/cpp_topic_pubsub/cpp_topic_pubsub
-- Installing: /home/osawakousei/ros2_ws/install/cpp_topic_pubsub/include/cpp_topic_pubsub/cpp_topic_pubsub/msg
-- Installing: /home/osawakousei/ros2_ws/install/cpp_topic_pubsub/include/cpp_topic_pubsub/cpp_topic_pubsub/msg/practice_msg.h
-- Installing: /home/osawakousei/ros2_ws/install/cpp_topic_pubsub/include/cpp_topic_pubsub/cpp_topic_pubsub/msg/rosidl_generator_c__visibility_control.h
-- Installing: /home/osawakousei/ros2_ws/install/cpp_topic_pubsub/include/cpp_topic_pubsub/cpp_topic_pubsub/msg/detail
-- Installing: /home/osawakousei/ros2_ws/install/cpp_topic_pubsub/include/cpp_topic_pubsub/cpp_topic_pubsub/msg/detail/practice_msg__struct.h
-- Installing: /home/osawakousei/ros2_ws/install/cpp_topic_pubsub/include/cpp_topic_pubsub/cpp_topic_pubsub/msg/detail/practice_msg__functions.c
-- Installing: /home/osawakousei/ros2_ws/install/cpp_topic_pubsub/include/cpp_topic_pubsub/cpp_topic_pubsub/msg/detail/practice_msg__type_support.h
-- Installing: /home/osawakousei/ros2_ws/install/cpp_topic_pubsub/include/cpp_topic_pubsub/cpp_topic_pubsub/msg/detail/practice_msg__functions.h
-- Installing: /home/osawakousei/ros2_ws/install/cpp_topic_pubsub/share/cpp_topic_pubsub/environment/library_path.sh
-- Installing: /home/osawakousei/ros2_ws/install/cpp_topic_pubsub/share/cpp_topic_pubsub/environment/library_path.dsv
-- Installing: /home/osawakousei/ros2_ws/install/cpp_topic_pubsub/lib/libcpp_topic_pubsub__rosidl_generator_c.so
-- Set runtime path of "/home/osawakousei/ros2_ws/install/cpp_topic_pubsub/lib/libcpp_topic_pubsub__rosidl_generator_c.so" to ""
-- Up-to-date: /home/osawakousei/ros2_ws/install/cpp_topic_pubsub/include/cpp_topic_pubsub/cpp_topic_pubsub
-- Up-to-date: /home/osawakousei/ros2_ws/install/cpp_topic_pubsub/include/cpp_topic_pubsub/cpp_topic_pubsub/msg
-- Up-to-date: /home/osawakousei/ros2_ws/install/cpp_topic_pubsub/include/cpp_topic_pubsub/cpp_topic_pubsub/msg/detail
-- Installing: /home/osawakousei/ros2_ws/install/cpp_topic_pubsub/include/cpp_topic_pubsub/cpp_topic_pubsub/msg/detail/practice_msg__rosidl_typesupport_fastrtps_c.h
-- Installing: /home/osawakousei/ros2_ws/install/cpp_topic_pubsub/include/cpp_topic_pubsub/cpp_topic_pubsub/msg/rosidl_typesupport_fastrtps_c__visibility_control.h
-- Installing: /home/osawakousei/ros2_ws/install/cpp_topic_pubsub/lib/libcpp_topic_pubsub__rosidl_typesupport_fastrtps_c.so
-- Set runtime path of "/home/osawakousei/ros2_ws/install/cpp_topic_pubsub/lib/libcpp_topic_pubsub__rosidl_typesupport_fastrtps_c.so" to ""
-- Up-to-date: /home/osawakousei/ros2_ws/install/cpp_topic_pubsub/include/cpp_topic_pubsub/cpp_topic_pubsub
-- Up-to-date: /home/osawakousei/ros2_ws/install/cpp_topic_pubsub/include/cpp_topic_pubsub/cpp_topic_pubsub/msg
-- Installing: /home/osawakousei/ros2_ws/install/cpp_topic_pubsub/include/cpp_topic_pubsub/cpp_topic_pubsub/msg/practice_msg.hpp
-- Up-to-date: /home/osawakousei/ros2_ws/install/cpp_topic_pubsub/include/cpp_topic_pubsub/cpp_topic_pubsub/msg/detail
-- Installing: /home/osawakousei/ros2_ws/install/cpp_topic_pubsub/include/cpp_topic_pubsub/cpp_topic_pubsub/msg/detail/practice_msg__traits.hpp
-- Installing: /home/osawakousei/ros2_ws/install/cpp_topic_pubsub/include/cpp_topic_pubsub/cpp_topic_pubsub/msg/detail/practice_msg__struct.hpp
-- Installing: /home/osawakousei/ros2_ws/install/cpp_topic_pubsub/include/cpp_topic_pubsub/cpp_topic_pubsub/msg/detail/practice_msg__builder.hpp
-- Up-to-date: /home/osawakousei/ros2_ws/install/cpp_topic_pubsub/include/cpp_topic_pubsub/cpp_topic_pubsub
-- Up-to-date: /home/osawakousei/ros2_ws/install/cpp_topic_pubsub/include/cpp_topic_pubsub/cpp_topic_pubsub/msg
-- Installing: /home/osawakousei/ros2_ws/install/cpp_topic_pubsub/include/cpp_topic_pubsub/cpp_topic_pubsub/msg/rosidl_typesupport_fastrtps_cpp__visibility_control.h
-- Up-to-date: /home/osawakousei/ros2_ws/install/cpp_topic_pubsub/include/cpp_topic_pubsub/cpp_topic_pubsub/msg/detail
-- Installing: /home/osawakousei/ros2_ws/install/cpp_topic_pubsub/include/cpp_topic_pubsub/cpp_topic_pubsub/msg/detail/dds_fastrtps
-- Installing: /home/osawakousei/ros2_ws/install/cpp_topic_pubsub/include/cpp_topic_pubsub/cpp_topic_pubsub/msg/detail/practice_msg__rosidl_typesupport_fastrtps_cpp.hpp
-- Installing: /home/osawakousei/ros2_ws/install/cpp_topic_pubsub/lib/libcpp_topic_pubsub__rosidl_typesupport_fastrtps_cpp.so
-- Set runtime path of "/home/osawakousei/ros2_ws/install/cpp_topic_pubsub/lib/libcpp_topic_pubsub__rosidl_typesupport_fastrtps_cpp.so" to ""
-- Up-to-date: /home/osawakousei/ros2_ws/install/cpp_topic_pubsub/include/cpp_topic_pubsub/cpp_topic_pubsub
-- Up-to-date: /home/osawakousei/ros2_ws/install/cpp_topic_pubsub/include/cpp_topic_pubsub/cpp_topic_pubsub/msg
-- Installing: /home/osawakousei/ros2_ws/install/cpp_topic_pubsub/include/cpp_topic_pubsub/cpp_topic_pubsub/msg/rosidl_typesupport_introspection_c__visibility_control.h
-- Up-to-date: /home/osawakousei/ros2_ws/install/cpp_topic_pubsub/include/cpp_topic_pubsub/cpp_topic_pubsub/msg/detail
-- Installing: /home/osawakousei/ros2_ws/install/cpp_topic_pubsub/include/cpp_topic_pubsub/cpp_topic_pubsub/msg/detail/practice_msg__rosidl_typesupport_introspection_c.h
-- Installing: /home/osawakousei/ros2_ws/install/cpp_topic_pubsub/include/cpp_topic_pubsub/cpp_topic_pubsub/msg/detail/practice_msg__type_support.c
-- Installing: /home/osawakousei/ros2_ws/install/cpp_topic_pubsub/lib/libcpp_topic_pubsub__rosidl_typesupport_introspection_c.so
-- Set runtime path of "/home/osawakousei/ros2_ws/install/cpp_topic_pubsub/lib/libcpp_topic_pubsub__rosidl_typesupport_introspection_c.so" to ""
-- Installing: /home/osawakousei/ros2_ws/install/cpp_topic_pubsub/lib/libcpp_topic_pubsub__rosidl_typesupport_c.so
-- Set runtime path of "/home/osawakousei/ros2_ws/install/cpp_topic_pubsub/lib/libcpp_topic_pubsub__rosidl_typesupport_c.so" to ""
-- Up-to-date: /home/osawakousei/ros2_ws/install/cpp_topic_pubsub/include/cpp_topic_pubsub/cpp_topic_pubsub
-- Up-to-date: /home/osawakousei/ros2_ws/install/cpp_topic_pubsub/include/cpp_topic_pubsub/cpp_topic_pubsub/msg
-- Up-to-date: /home/osawakousei/ros2_ws/install/cpp_topic_pubsub/include/cpp_topic_pubsub/cpp_topic_pubsub/msg/detail
-- Installing: /home/osawakousei/ros2_ws/install/cpp_topic_pubsub/include/cpp_topic_pubsub/cpp_topic_pubsub/msg/detail/practice_msg__rosidl_typesupport_introspection_cpp.hpp
-- Installing: /home/osawakousei/ros2_ws/install/cpp_topic_pubsub/include/cpp_topic_pubsub/cpp_topic_pubsub/msg/detail/practice_msg__type_support.cpp
-- Installing: /home/osawakousei/ros2_ws/install/cpp_topic_pubsub/lib/libcpp_topic_pubsub__rosidl_typesupport_introspection_cpp.so
-- Set runtime path of "/home/osawakousei/ros2_ws/install/cpp_topic_pubsub/lib/libcpp_topic_pubsub__rosidl_typesupport_introspection_cpp.so" to ""
-- Installing: /home/osawakousei/ros2_ws/install/cpp_topic_pubsub/lib/libcpp_topic_pubsub__rosidl_typesupport_cpp.so
-- Set runtime path of "/home/osawakousei/ros2_ws/install/cpp_topic_pubsub/lib/libcpp_topic_pubsub__rosidl_typesupport_cpp.so" to ""
-- Installing: /home/osawakousei/ros2_ws/install/cpp_topic_pubsub/share/cpp_topic_pubsub/environment/pythonpath.sh
-- Installing: /home/osawakousei/ros2_ws/install/cpp_topic_pubsub/share/cpp_topic_pubsub/environment/pythonpath.dsv
-- Installing: /home/osawakousei/ros2_ws/install/cpp_topic_pubsub/local/lib/python3.10/dist-packages/cpp_topic_pubsub-0.0.0-py3.10.egg-info
-- Installing: /home/osawakousei/ros2_ws/install/cpp_topic_pubsub/local/lib/python3.10/dist-packages/cpp_topic_pubsub-0.0.0-py3.10.egg-info/top_level.txt
-- Installing: /home/osawakousei/ros2_ws/install/cpp_topic_pubsub/local/lib/python3.10/dist-packages/cpp_topic_pubsub-0.0.0-py3.10.egg-info/SOURCES.txt
-- Installing: /home/osawakousei/ros2_ws/install/cpp_topic_pubsub/local/lib/python3.10/dist-packages/cpp_topic_pubsub-0.0.0-py3.10.egg-info/dependency_links.txt
-- Installing: /home/osawakousei/ros2_ws/install/cpp_topic_pubsub/local/lib/python3.10/dist-packages/cpp_topic_pubsub-0.0.0-py3.10.egg-info/PKG-INFO
-- Installing: /home/osawakousei/ros2_ws/install/cpp_topic_pubsub/local/lib/python3.10/dist-packages/cpp_topic_pubsub
-- Installing: /home/osawakousei/ros2_ws/install/cpp_topic_pubsub/local/lib/python3.10/dist-packages/cpp_topic_pubsub/_cpp_topic_pubsub_s.ep.rosidl_typesupport_fastrtps_c.c
-- Installing: /home/osawakousei/ros2_ws/install/cpp_topic_pubsub/local/lib/python3.10/dist-packages/cpp_topic_pubsub/cpp_topic_pubsub_s__rosidl_typesupport_c.cpython-310-x86_64-linux-gnu.so
-- Installing: /home/osawakousei/ros2_ws/install/cpp_topic_pubsub/local/lib/python3.10/dist-packages/cpp_topic_pubsub/cpp_topic_pubsub_s__rosidl_typesupport_fastrtps_c.cpython-310-x86_64-linux-gnu.so
-- Installing: /home/osawakousei/ros2_ws/install/cpp_topic_pubsub/local/lib/python3.10/dist-packages/cpp_topic_pubsub/_cpp_topic_pubsub_s.ep.rosidl_typesupport_introspection_c.c
-- Installing: /home/osawakousei/ros2_ws/install/cpp_topic_pubsub/local/lib/python3.10/dist-packages/cpp_topic_pubsub/cpp_topic_pubsub_s__rosidl_typesupport_introspection_c.cpython-310-x86_64-linux-gnu.so
-- Installing: /home/osawakousei/ros2_ws/install/cpp_topic_pubsub/local/lib/python3.10/dist-packages/cpp_topic_pubsub/libcpp_topic_pubsub__rosidl_generator_py.so
-- Installing: /home/osawakousei/ros2_ws/install/cpp_topic_pubsub/local/lib/python3.10/dist-packages/cpp_topic_pubsub/__init__.py
-- Installing: /home/osawakousei/ros2_ws/install/cpp_topic_pubsub/local/lib/python3.10/dist-packages/cpp_topic_pubsub/_cpp_topic_pubsub_s.ep.rosidl_typesupport_c.c
-- Installing: /home/osawakousei/ros2_ws/install/cpp_topic_pubsub/local/lib/python3.10/dist-packages/cpp_topic_pubsub/msg
-- Installing: /home/osawakousei/ros2_ws/install/cpp_topic_pubsub/local/lib/python3.10/dist-packages/cpp_topic_pubsub/msg/_practice_msg.py
-- Installing: /home/osawakousei/ros2_ws/install/cpp_topic_pubsub/local/lib/python3.10/dist-packages/cpp_topic_pubsub/msg/__init__.py
-- Installing: /home/osawakousei/ros2_ws/install/cpp_topic_pubsub/local/lib/python3.10/dist-packages/cpp_topic_pubsub/msg/_practice_msg_s.c
Listing '/home/osawakousei/ros2_ws/install/cpp_topic_pubsub/local/lib/python3.10/dist-packages/cpp_topic_pubsub'...
Compiling '/home/osawakousei/ros2_ws/install/cpp_topic_pubsub/local/lib/python3.10/dist-packages/cpp_topic_pubsub/__init__.py'...
Listing '/home/osawakousei/ros2_ws/install/cpp_topic_pubsub/local/lib/python3.10/dist-packages/cpp_topic_pubsub/msg'...
Compiling '/home/osawakousei/ros2_ws/install/cpp_topic_pubsub/local/lib/python3.10/dist-packages/cpp_topic_pubsub/msg/__init__.py'...
Compiling '/home/osawakousei/ros2_ws/install/cpp_topic_pubsub/local/lib/python3.10/dist-packages/cpp_topic_pubsub/msg/_practice_msg.py'...
-- Installing: /home/osawakousei/ros2_ws/install/cpp_topic_pubsub/local/lib/python3.10/dist-packages/cpp_topic_pubsub/cpp_topic_pubsub_s__rosidl_typesupport_fastrtps_c.cpython-310-x86_64-linux-gnu.so
-- Set runtime path of "/home/osawakousei/ros2_ws/install/cpp_topic_pubsub/local/lib/python3.10/dist-packages/cpp_topic_pubsub/cpp_topic_pubsub_s__rosidl_typesupport_fastrtps_c.cpython-310-x86_64-linux-gnu.so" to ""
-- Installing: /home/osawakousei/ros2_ws/install/cpp_topic_pubsub/local/lib/python3.10/dist-packages/cpp_topic_pubsub/cpp_topic_pubsub_s__rosidl_typesupport_introspection_c.cpython-310-x86_64-linux-gnu.so
-- Set runtime path of "/home/osawakousei/ros2_ws/install/cpp_topic_pubsub/local/lib/python3.10/dist-packages/cpp_topic_pubsub/cpp_topic_pubsub_s__rosidl_typesupport_introspection_c.cpython-310-x86_64-linux-gnu.so" to ""
-- Installing: /home/osawakousei/ros2_ws/install/cpp_topic_pubsub/local/lib/python3.10/dist-packages/cpp_topic_pubsub/cpp_topic_pubsub_s__rosidl_typesupport_c.cpython-310-x86_64-linux-gnu.so
-- Set runtime path of "/home/osawakousei/ros2_ws/install/cpp_topic_pubsub/local/lib/python3.10/dist-packages/cpp_topic_pubsub/cpp_topic_pubsub_s__rosidl_typesupport_c.cpython-310-x86_64-linux-gnu.so" to ""
-- Installing: /home/osawakousei/ros2_ws/install/cpp_topic_pubsub/lib/libcpp_topic_pubsub__rosidl_generator_py.so
-- Set runtime path of "/home/osawakousei/ros2_ws/install/cpp_topic_pubsub/lib/libcpp_topic_pubsub__rosidl_generator_py.so" to ""
-- Installing: /home/osawakousei/ros2_ws/install/cpp_topic_pubsub/share/cpp_topic_pubsub/msg/PracticeMsg.idl
-- Installing: /home/osawakousei/ros2_ws/install/cpp_topic_pubsub/share/cpp_topic_pubsub/msg/PracticeMsg.msg
-- Installing: /home/osawakousei/ros2_ws/install/cpp_topic_pubsub/lib/cpp_topic_pubsub/practice_publisher_node
-- Set runtime path of "/home/osawakousei/ros2_ws/install/cpp_topic_pubsub/lib/cpp_topic_pubsub/practice_publisher_node" to ""
-- Installing: /home/osawakousei/ros2_ws/install/cpp_topic_pubsub/lib/cpp_topic_pubsub/practice_subscriber_node
-- Set runtime path of "/home/osawakousei/ros2_ws/install/cpp_topic_pubsub/lib/cpp_topic_pubsub/practice_subscriber_node" to ""
-- Installing: /home/osawakousei/ros2_ws/install/cpp_topic_pubsub/share/ament_index/resource_index/package_run_dependencies/cpp_topic_pubsub
-- Installing: /home/osawakousei/ros2_ws/install/cpp_topic_pubsub/share/ament_index/resource_index/parent_prefix_path/cpp_topic_pubsub
-- Installing: /home/osawakousei/ros2_ws/install/cpp_topic_pubsub/share/cpp_topic_pubsub/environment/ament_prefix_path.sh
-- Installing: /home/osawakousei/ros2_ws/install/cpp_topic_pubsub/share/cpp_topic_pubsub/environment/ament_prefix_path.dsv
-- Installing: /home/osawakousei/ros2_ws/install/cpp_topic_pubsub/share/cpp_topic_pubsub/environment/path.sh
-- Installing: /home/osawakousei/ros2_ws/install/cpp_topic_pubsub/share/cpp_topic_pubsub/environment/path.dsv
-- Installing: /home/osawakousei/ros2_ws/install/cpp_topic_pubsub/share/cpp_topic_pubsub/local_setup.bash
-- Installing: /home/osawakousei/ros2_ws/install/cpp_topic_pubsub/share/cpp_topic_pubsub/local_setup.sh
-- Installing: /home/osawakousei/ros2_ws/install/cpp_topic_pubsub/share/cpp_topic_pubsub/local_setup.zsh
-- Installing: /home/osawakousei/ros2_ws/install/cpp_topic_pubsub/share/cpp_topic_pubsub/local_setup.dsv
-- Installing: /home/osawakousei/ros2_ws/install/cpp_topic_pubsub/share/cpp_topic_pubsub/package.dsv
-- Installing: /home/osawakousei/ros2_ws/install/cpp_topic_pubsub/share/ament_index/resource_index/packages/cpp_topic_pubsub
-- Installing: /home/osawakousei/ros2_ws/install/cpp_topic_pubsub/share/cpp_topic_pubsub/cmake/export_cpp_topic_pubsub__rosidl_generator_cExport.cmake
-- Installing: /home/osawakousei/ros2_ws/install/cpp_topic_pubsub/share/cpp_topic_pubsub/cmake/export_cpp_topic_pubsub__rosidl_generator_cExport-noconfig.cmake
-- Installing: /home/osawakousei/ros2_ws/install/cpp_topic_pubsub/share/cpp_topic_pubsub/cmake/export_cpp_topic_pubsub__rosidl_typesupport_fastrtps_cExport.cmake
-- Installing: /home/osawakousei/ros2_ws/install/cpp_topic_pubsub/share/cpp_topic_pubsub/cmake/export_cpp_topic_pubsub__rosidl_typesupport_fastrtps_cExport-noconfig.cmake
-- Installing: /home/osawakousei/ros2_ws/install/cpp_topic_pubsub/share/cpp_topic_pubsub/cmake/export_cpp_topic_pubsub__rosidl_generator_cppExport.cmake
-- Installing: /home/osawakousei/ros2_ws/install/cpp_topic_pubsub/share/cpp_topic_pubsub/cmake/export_cpp_topic_pubsub__rosidl_typesupport_fastrtps_cppExport.cmake
-- Installing: /home/osawakousei/ros2_ws/install/cpp_topic_pubsub/share/cpp_topic_pubsub/cmake/export_cpp_topic_pubsub__rosidl_typesupport_fastrtps_cppExport-noconfig.cmake
-- Installing: /home/osawakousei/ros2_ws/install/cpp_topic_pubsub/share/cpp_topic_pubsub/cmake/cpp_topic_pubsub__rosidl_typesupport_introspection_cExport.cmake
-- Installing: /home/osawakousei/ros2_ws/install/cpp_topic_pubsub/share/cpp_topic_pubsub/cmake/cpp_topic_pubsub__rosidl_typesupport_introspection_cExport-noconfig.cmake
-- Installing: /home/osawakousei/ros2_ws/install/cpp_topic_pubsub/share/cpp_topic_pubsub/cmake/cpp_topic_pubsub__rosidl_typesupport_cExport.cmake
-- Installing: /home/osawakousei/ros2_ws/install/cpp_topic_pubsub/share/cpp_topic_pubsub/cmake/cpp_topic_pubsub__rosidl_typesupport_cExport-noconfig.cmake
-- Installing: /home/osawakousei/ros2_ws/install/cpp_topic_pubsub/share/cpp_topic_pubsub/cmake/cpp_topic_pubsub__rosidl_typesupport_introspection_cppExport.cmake
-- Installing: /home/osawakousei/ros2_ws/install/cpp_topic_pubsub/share/cpp_topic_pubsub/cmake/cpp_topic_pubsub__rosidl_typesupport_introspection_cppExport-noconfig.cmake
-- Installing: /home/osawakousei/ros2_ws/install/cpp_topic_pubsub/share/cpp_topic_pubsub/cmake/cpp_topic_pubsub__rosidl_typesupport_cppExport.cmake
-- Installing: /home/osawakousei/ros2_ws/install/cpp_topic_pubsub/share/cpp_topic_pubsub/cmake/cpp_topic_pubsub__rosidl_typesupport_cppExport-noconfig.cmake
-- Installing: /home/osawakousei/ros2_ws/install/cpp_topic_pubsub/share/cpp_topic_pubsub/cmake/export_cpp_topic_pubsub__rosidl_generator_pyExport.cmake
-- Installing: /home/osawakousei/ros2_ws/install/cpp_topic_pubsub/share/cpp_topic_pubsub/cmake/export_cpp_topic_pubsub__rosidl_generator_pyExport-noconfig.cmake
-- Installing: /home/osawakousei/ros2_ws/install/cpp_topic_pubsub/share/cpp_topic_pubsub/cmake/rosidl_cmake-extras.cmake
-- Installing: /home/osawakousei/ros2_ws/install/cpp_topic_pubsub/share/cpp_topic_pubsub/cmake/ament_cmake_export_include_directories-extras.cmake
-- Installing: /home/osawakousei/ros2_ws/install/cpp_topic_pubsub/share/cpp_topic_pubsub/cmake/ament_cmake_export_libraries-extras.cmake
-- Installing: /home/osawakousei/ros2_ws/install/cpp_topic_pubsub/share/cpp_topic_pubsub/cmake/ament_cmake_export_targets-extras.cmake
-- Installing: /home/osawakousei/ros2_ws/install/cpp_topic_pubsub/share/cpp_topic_pubsub/cmake/rosidl_cmake_export_typesupport_targets-extras.cmake
-- Installing: /home/osawakousei/ros2_ws/install/cpp_topic_pubsub/share/cpp_topic_pubsub/cmake/ament_cmake_export_dependencies-extras.cmake
-- Installing: /home/osawakousei/ros2_ws/install/cpp_topic_pubsub/share/cpp_topic_pubsub/cmake/rosidl_cmake_export_typesupport_libraries-extras.cmake
-- Installing: /home/osawakousei/ros2_ws/install/cpp_topic_pubsub/share/cpp_topic_pubsub/cmake/cpp_topic_pubsubConfig.cmake
-- Installing: /home/osawakousei/ros2_ws/install/cpp_topic_pubsub/share/cpp_topic_pubsub/cmake/cpp_topic_pubsubConfig-version.cmake
-- Installing: /home/osawakousei/ros2_ws/install/cpp_topic_pubsub/share/cpp_topic_pubsub/package.xml
