[0.071s] Invoking command in '/home/kousei/ros2_ws/src/build/cpp_server_client': CMAKE_PREFIX_PATH=/opt/ros/humble /usr/bin/cmake --build /home/kousei/ros2_ws/src/build/cpp_server_client -- -j16 -l16
[0.098s] [35m[1mConsolidate compiler generated dependencies of target cpp_server_client__rosidl_generator_c[0m
[0.104s] [  2%] Built target cpp_server_client__cpp
[0.109s] [ 11%] Built target cpp_server_client__rosidl_generator_c
[0.113s] [35m[1mConsolidate compiler generated dependencies of target cpp_server_client__rosidl_typesupport_fastrtps_cpp[0m
[0.113s] [35m[1mConsolidate compiler generated dependencies of target cpp_server_client__rosidl_typesupport_introspection_cpp[0m
[0.114s] [35m[1mConsolidate compiler generated dependencies of target cpp_server_client__rosidl_typesupport_cpp[0m
[0.118s] [ 11%] Built target ament_cmake_python_copy_cpp_server_client
[0.120s] [35m[1mConsolidate compiler generated dependencies of target cpp_server_client__rosidl_typesupport_fastrtps_c[0m
[0.120s] [35m[1mConsolidate compiler generated dependencies of target cpp_server_client__rosidl_typesupport_introspection_c[0m
[0.126s] [35m[1mConsolidate compiler generated dependencies of target cpp_server_client__rosidl_typesupport_c[0m
[0.132s] [ 20%] Built target cpp_server_client__rosidl_typesupport_cpp
[0.133s] [ 28%] Built target cpp_server_client__rosidl_typesupport_introspection_c
[0.135s] [ 37%] Built target cpp_server_client__rosidl_typesupport_fastrtps_c
[0.136s] [ 45%] Built target cpp_server_client__rosidl_typesupport_fastrtps_cpp
[0.140s] [ 62%] Built target cpp_server_client__rosidl_typesupport_c
[0.140s] [ 62%] Built target cpp_server_client__rosidl_typesupport_introspection_cpp
[0.142s] [35m[1mConsolidate compiler generated dependencies of target practice_server_node[0m
[0.150s] [35m[1mConsolidate compiler generated dependencies of target practice_client_node[0m
[0.155s] [ 62%] Built target cpp_server_client
[0.162s] [ 68%] Built target practice_server_node
[0.167s] [ 74%] Built target practice_client_node
[0.172s] [ 77%] Built target cpp_server_client__py
[0.182s] [35m[1mConsolidate compiler generated dependencies of target cpp_server_client__rosidl_generator_py[0m
[0.195s] [ 82%] Built target cpp_server_client__rosidl_generator_py
[0.205s] [35m[1mConsolidate compiler generated dependencies of target cpp_server_client__rosidl_typesupport_c__pyext[0m
[0.205s] [35m[1mConsolidate compiler generated dependencies of target cpp_server_client__rosidl_typesupport_fastrtps_c__pyext[0m
[0.205s] [35m[1mConsolidate compiler generated dependencies of target cpp_server_client__rosidl_typesupport_introspection_c__pyext[0m
[0.216s] [ 88%] Built target cpp_server_client__rosidl_typesupport_introspection_c__pyext
[0.218s] [ 94%] Built target cpp_server_client__rosidl_typesupport_c__pyext
[0.218s] [100%] Built target cpp_server_client__rosidl_typesupport_fastrtps_c__pyext
[0.323s] running egg_info
[0.324s] writing cpp_server_client.egg-info/PKG-INFO
[0.324s] writing dependency_links to cpp_server_client.egg-info/dependency_links.txt
[0.324s] writing top-level names to cpp_server_client.egg-info/top_level.txt
[0.326s] reading manifest file 'cpp_server_client.egg-info/SOURCES.txt'
[0.326s] writing manifest file 'cpp_server_client.egg-info/SOURCES.txt'
[0.344s] [100%] Built target ament_cmake_python_build_cpp_server_client_egg
[0.395s] Invoked command in '/home/kousei/ros2_ws/src/build/cpp_server_client' returned '0': CMAKE_PREFIX_PATH=/opt/ros/humble /usr/bin/cmake --build /home/kousei/ros2_ws/src/build/cpp_server_client -- -j16 -l16
[0.465s] Invoking command in '/home/kousei/ros2_ws/src/build/cpp_server_client': CMAKE_PREFIX_PATH=/opt/ros/humble /usr/bin/cmake --install /home/kousei/ros2_ws/src/build/cpp_server_client
[0.470s] -- Install configuration: ""
[0.471s] -- Up-to-date: /home/kousei/ros2_ws/src/install/cpp_server_client/share/ament_index/resource_index/rosidl_interfaces/cpp_server_client
[0.471s] -- Up-to-date: /home/kousei/ros2_ws/src/install/cpp_server_client/include/cpp_server_client/cpp_server_client
[0.471s] -- Up-to-date: /home/kousei/ros2_ws/src/install/cpp_server_client/include/cpp_server_client/cpp_server_client/srv
[0.471s] -- Up-to-date: /home/kousei/ros2_ws/src/install/cpp_server_client/include/cpp_server_client/cpp_server_client/srv/detail
[0.472s] -- Up-to-date: /home/kousei/ros2_ws/src/install/cpp_server_client/include/cpp_server_client/cpp_server_client/srv/detail/practice_srv__functions.h
[0.472s] -- Up-to-date: /home/kousei/ros2_ws/src/install/cpp_server_client/include/cpp_server_client/cpp_server_client/srv/detail/practice_srv__type_support.h
[0.472s] -- Up-to-date: /home/kousei/ros2_ws/src/install/cpp_server_client/include/cpp_server_client/cpp_server_client/srv/detail/practice_srv__struct.h
[0.472s] -- Up-to-date: /home/kousei/ros2_ws/src/install/cpp_server_client/include/cpp_server_client/cpp_server_client/srv/detail/practice_srv__functions.c
[0.472s] -- Up-to-date: /home/kousei/ros2_ws/src/install/cpp_server_client/include/cpp_server_client/cpp_server_client/srv/practice_srv.h
[0.473s] -- Up-to-date: /home/kousei/ros2_ws/src/install/cpp_server_client/include/cpp_server_client/cpp_server_client/msg
[0.474s] -- Up-to-date: /home/kousei/ros2_ws/src/install/cpp_server_client/include/cpp_server_client/cpp_server_client/msg/rosidl_generator_c__visibility_control.h
[0.474s] -- Up-to-date: /home/kousei/ros2_ws/src/install/cpp_server_client/share/cpp_server_client/environment/library_path.sh
[0.474s] -- Up-to-date: /home/kousei/ros2_ws/src/install/cpp_server_client/share/cpp_server_client/environment/library_path.dsv
[0.474s] -- Up-to-date: /home/kousei/ros2_ws/src/install/cpp_server_client/lib/libcpp_server_client__rosidl_generator_c.so
[0.474s] -- Up-to-date: /home/kousei/ros2_ws/src/install/cpp_server_client/include/cpp_server_client/cpp_server_client
[0.475s] -- Up-to-date: /home/kousei/ros2_ws/src/install/cpp_server_client/include/cpp_server_client/cpp_server_client/srv
[0.475s] -- Up-to-date: /home/kousei/ros2_ws/src/install/cpp_server_client/include/cpp_server_client/cpp_server_client/srv/detail
[0.475s] -- Up-to-date: /home/kousei/ros2_ws/src/install/cpp_server_client/include/cpp_server_client/cpp_server_client/srv/detail/practice_srv__rosidl_typesupport_fastrtps_c.h
[0.476s] -- Up-to-date: /home/kousei/ros2_ws/src/install/cpp_server_client/include/cpp_server_client/cpp_server_client/msg
[0.476s] -- Up-to-date: /home/kousei/ros2_ws/src/install/cpp_server_client/include/cpp_server_client/cpp_server_client/msg/rosidl_typesupport_fastrtps_c__visibility_control.h
[0.477s] -- Up-to-date: /home/kousei/ros2_ws/src/install/cpp_server_client/lib/libcpp_server_client__rosidl_typesupport_fastrtps_c.so
[0.477s] -- Up-to-date: /home/kousei/ros2_ws/src/install/cpp_server_client/include/cpp_server_client/cpp_server_client
[0.477s] -- Up-to-date: /home/kousei/ros2_ws/src/install/cpp_server_client/include/cpp_server_client/cpp_server_client/srv
[0.478s] -- Up-to-date: /home/kousei/ros2_ws/src/install/cpp_server_client/include/cpp_server_client/cpp_server_client/srv/practice_srv.hpp
[0.478s] -- Up-to-date: /home/kousei/ros2_ws/src/install/cpp_server_client/include/cpp_server_client/cpp_server_client/srv/detail
[0.478s] -- Up-to-date: /home/kousei/ros2_ws/src/install/cpp_server_client/include/cpp_server_client/cpp_server_client/srv/detail/practice_srv__builder.hpp
[0.478s] -- Up-to-date: /home/kousei/ros2_ws/src/install/cpp_server_client/include/cpp_server_client/cpp_server_client/srv/detail/practice_srv__struct.hpp
[0.478s] -- Up-to-date: /home/kousei/ros2_ws/src/install/cpp_server_client/include/cpp_server_client/cpp_server_client/srv/detail/practice_srv__traits.hpp
[0.478s] -- Up-to-date: /home/kousei/ros2_ws/src/install/cpp_server_client/include/cpp_server_client/cpp_server_client
[0.478s] -- Up-to-date: /home/kousei/ros2_ws/src/install/cpp_server_client/include/cpp_server_client/cpp_server_client/srv
[0.479s] -- Up-to-date: /home/kousei/ros2_ws/src/install/cpp_server_client/include/cpp_server_client/cpp_server_client/srv/detail
[0.479s] -- Up-to-date: /home/kousei/ros2_ws/src/install/cpp_server_client/include/cpp_server_client/cpp_server_client/srv/detail/dds_fastrtps
[0.479s] -- Up-to-date: /home/kousei/ros2_ws/src/install/cpp_server_client/include/cpp_server_client/cpp_server_client/srv/detail/practice_srv__rosidl_typesupport_fastrtps_cpp.hpp
[0.479s] -- Up-to-date: /home/kousei/ros2_ws/src/install/cpp_server_client/include/cpp_server_client/cpp_server_client/msg
[0.479s] -- Up-to-date: /home/kousei/ros2_ws/src/install/cpp_server_client/include/cpp_server_client/cpp_server_client/msg/rosidl_typesupport_fastrtps_cpp__visibility_control.h
[0.480s] -- Up-to-date: /home/kousei/ros2_ws/src/install/cpp_server_client/lib/libcpp_server_client__rosidl_typesupport_fastrtps_cpp.so
[0.480s] -- Up-to-date: /home/kousei/ros2_ws/src/install/cpp_server_client/include/cpp_server_client/cpp_server_client
[0.480s] -- Up-to-date: /home/kousei/ros2_ws/src/install/cpp_server_client/include/cpp_server_client/cpp_server_client/srv
[0.480s] -- Up-to-date: /home/kousei/ros2_ws/src/install/cpp_server_client/include/cpp_server_client/cpp_server_client/srv/detail
[0.480s] -- Up-to-date: /home/kousei/ros2_ws/src/install/cpp_server_client/include/cpp_server_client/cpp_server_client/srv/detail/practice_srv__rosidl_typesupport_introspection_c.h
[0.480s] -- Up-to-date: /home/kousei/ros2_ws/src/install/cpp_server_client/include/cpp_server_client/cpp_server_client/srv/detail/practice_srv__type_support.c
[0.481s] -- Up-to-date: /home/kousei/ros2_ws/src/install/cpp_server_client/include/cpp_server_client/cpp_server_client/msg
[0.481s] -- Up-to-date: /home/kousei/ros2_ws/src/install/cpp_server_client/include/cpp_server_client/cpp_server_client/msg/rosidl_typesupport_introspection_c__visibility_control.h
[0.481s] -- Up-to-date: /home/kousei/ros2_ws/src/install/cpp_server_client/lib/libcpp_server_client__rosidl_typesupport_introspection_c.so
[0.482s] -- Up-to-date: /home/kousei/ros2_ws/src/install/cpp_server_client/lib/libcpp_server_client__rosidl_typesupport_c.so
[0.483s] -- Up-to-date: /home/kousei/ros2_ws/src/install/cpp_server_client/include/cpp_server_client/cpp_server_client
[0.483s] -- Up-to-date: /home/kousei/ros2_ws/src/install/cpp_server_client/include/cpp_server_client/cpp_server_client/srv
[0.483s] -- Up-to-date: /home/kousei/ros2_ws/src/install/cpp_server_client/include/cpp_server_client/cpp_server_client/srv/detail
[0.483s] -- Up-to-date: /home/kousei/ros2_ws/src/install/cpp_server_client/include/cpp_server_client/cpp_server_client/srv/detail/practice_srv__type_support.cpp
[0.483s] -- Up-to-date: /home/kousei/ros2_ws/src/install/cpp_server_client/include/cpp_server_client/cpp_server_client/srv/detail/practice_srv__rosidl_typesupport_introspection_cpp.hpp
[0.484s] -- Up-to-date: /home/kousei/ros2_ws/src/install/cpp_server_client/lib/libcpp_server_client__rosidl_typesupport_introspection_cpp.so
[0.484s] -- Up-to-date: /home/kousei/ros2_ws/src/install/cpp_server_client/lib/libcpp_server_client__rosidl_typesupport_cpp.so
[0.484s] -- Up-to-date: /home/kousei/ros2_ws/src/install/cpp_server_client/share/cpp_server_client/environment/pythonpath.sh
[0.485s] -- Up-to-date: /home/kousei/ros2_ws/src/install/cpp_server_client/share/cpp_server_client/environment/pythonpath.dsv
[0.485s] -- Up-to-date: /home/kousei/ros2_ws/src/install/cpp_server_client/local/lib/python3.10/dist-packages/cpp_server_client-0.0.0-py3.10.egg-info
[0.485s] -- Installing: /home/kousei/ros2_ws/src/install/cpp_server_client/local/lib/python3.10/dist-packages/cpp_server_client-0.0.0-py3.10.egg-info/dependency_links.txt
[0.486s] -- Installing: /home/kousei/ros2_ws/src/install/cpp_server_client/local/lib/python3.10/dist-packages/cpp_server_client-0.0.0-py3.10.egg-info/SOURCES.txt
[0.486s] -- Installing: /home/kousei/ros2_ws/src/install/cpp_server_client/local/lib/python3.10/dist-packages/cpp_server_client-0.0.0-py3.10.egg-info/top_level.txt
[0.486s] -- Installing: /home/kousei/ros2_ws/src/install/cpp_server_client/local/lib/python3.10/dist-packages/cpp_server_client-0.0.0-py3.10.egg-info/PKG-INFO
[0.486s] -- Up-to-date: /home/kousei/ros2_ws/src/install/cpp_server_client/local/lib/python3.10/dist-packages/cpp_server_client
[0.487s] -- Up-to-date: /home/kousei/ros2_ws/src/install/cpp_server_client/local/lib/python3.10/dist-packages/cpp_server_client/__init__.py
[0.487s] -- Up-to-date: /home/kousei/ros2_ws/src/install/cpp_server_client/local/lib/python3.10/dist-packages/cpp_server_client/cpp_server_client_s__rosidl_typesupport_c.cpython-310-x86_64-linux-gnu.so
[0.487s] -- Up-to-date: /home/kousei/ros2_ws/src/install/cpp_server_client/local/lib/python3.10/dist-packages/cpp_server_client/srv
[0.487s] -- Up-to-date: /home/kousei/ros2_ws/src/install/cpp_server_client/local/lib/python3.10/dist-packages/cpp_server_client/srv/__init__.py
[0.487s] -- Up-to-date: /home/kousei/ros2_ws/src/install/cpp_server_client/local/lib/python3.10/dist-packages/cpp_server_client/srv/_practice_srv.py
[0.487s] -- Up-to-date: /home/kousei/ros2_ws/src/install/cpp_server_client/local/lib/python3.10/dist-packages/cpp_server_client/srv/_practice_srv_s.c
[0.488s] -- Up-to-date: /home/kousei/ros2_ws/src/install/cpp_server_client/local/lib/python3.10/dist-packages/cpp_server_client/cpp_server_client_s__rosidl_typesupport_fastrtps_c.cpython-310-x86_64-linux-gnu.so
[0.488s] -- Up-to-date: /home/kousei/ros2_ws/src/install/cpp_server_client/local/lib/python3.10/dist-packages/cpp_server_client/_cpp_server_client_s.ep.rosidl_typesupport_c.c
[0.488s] -- Up-to-date: /home/kousei/ros2_ws/src/install/cpp_server_client/local/lib/python3.10/dist-packages/cpp_server_client/_cpp_server_client_s.ep.rosidl_typesupport_fastrtps_c.c
[0.488s] -- Up-to-date: /home/kousei/ros2_ws/src/install/cpp_server_client/local/lib/python3.10/dist-packages/cpp_server_client/libcpp_server_client__rosidl_generator_py.so
[0.489s] -- Up-to-date: /home/kousei/ros2_ws/src/install/cpp_server_client/local/lib/python3.10/dist-packages/cpp_server_client/cpp_server_client_s__rosidl_typesupport_introspection_c.cpython-310-x86_64-linux-gnu.so
[0.489s] -- Up-to-date: /home/kousei/ros2_ws/src/install/cpp_server_client/local/lib/python3.10/dist-packages/cpp_server_client/_cpp_server_client_s.ep.rosidl_typesupport_introspection_c.c
[0.493s] Listing '/home/kousei/ros2_ws/src/install/cpp_server_client/local/lib/python3.10/dist-packages/cpp_server_client'...
[0.494s] Listing '/home/kousei/ros2_ws/src/install/cpp_server_client/local/lib/python3.10/dist-packages/cpp_server_client/srv'...
[0.497s] -- Up-to-date: /home/kousei/ros2_ws/src/install/cpp_server_client/local/lib/python3.10/dist-packages/cpp_server_client/cpp_server_client_s__rosidl_typesupport_fastrtps_c.cpython-310-x86_64-linux-gnu.so
[0.497s] -- Up-to-date: /home/kousei/ros2_ws/src/install/cpp_server_client/local/lib/python3.10/dist-packages/cpp_server_client/cpp_server_client_s__rosidl_typesupport_introspection_c.cpython-310-x86_64-linux-gnu.so
[0.497s] -- Up-to-date: /home/kousei/ros2_ws/src/install/cpp_server_client/local/lib/python3.10/dist-packages/cpp_server_client/cpp_server_client_s__rosidl_typesupport_c.cpython-310-x86_64-linux-gnu.so
[0.497s] -- Up-to-date: /home/kousei/ros2_ws/src/install/cpp_server_client/lib/libcpp_server_client__rosidl_generator_py.so
[0.498s] -- Up-to-date: /home/kousei/ros2_ws/src/install/cpp_server_client/share/cpp_server_client/srv/PracticeSrv.idl
[0.498s] -- Up-to-date: /home/kousei/ros2_ws/src/install/cpp_server_client/share/cpp_server_client/srv/PracticeSrv.srv
[0.498s] -- Up-to-date: /home/kousei/ros2_ws/src/install/cpp_server_client/share/cpp_server_client/srv/PracticeSrv_Request.msg
[0.498s] -- Up-to-date: /home/kousei/ros2_ws/src/install/cpp_server_client/share/cpp_server_client/srv/PracticeSrv_Response.msg
[0.498s] -- Up-to-date: /home/kousei/ros2_ws/src/install/cpp_server_client/lib/cpp_server_client/practice_server_node
[0.498s] -- Up-to-date: /home/kousei/ros2_ws/src/install/cpp_server_client/lib/cpp_server_client/practice_client_node
[0.498s] -- Up-to-date: /home/kousei/ros2_ws/src/install/cpp_server_client/share/ament_index/resource_index/package_run_dependencies/cpp_server_client
[0.498s] -- Up-to-date: /home/kousei/ros2_ws/src/install/cpp_server_client/share/ament_index/resource_index/parent_prefix_path/cpp_server_client
[0.498s] -- Up-to-date: /home/kousei/ros2_ws/src/install/cpp_server_client/share/cpp_server_client/environment/ament_prefix_path.sh
[0.498s] -- Up-to-date: /home/kousei/ros2_ws/src/install/cpp_server_client/share/cpp_server_client/environment/ament_prefix_path.dsv
[0.498s] -- Up-to-date: /home/kousei/ros2_ws/src/install/cpp_server_client/share/cpp_server_client/environment/path.sh
[0.498s] -- Up-to-date: /home/kousei/ros2_ws/src/install/cpp_server_client/share/cpp_server_client/environment/path.dsv
[0.499s] -- Up-to-date: /home/kousei/ros2_ws/src/install/cpp_server_client/share/cpp_server_client/local_setup.bash
[0.499s] -- Up-to-date: /home/kousei/ros2_ws/src/install/cpp_server_client/share/cpp_server_client/local_setup.sh
[0.499s] -- Up-to-date: /home/kousei/ros2_ws/src/install/cpp_server_client/share/cpp_server_client/local_setup.zsh
[0.499s] -- Up-to-date: /home/kousei/ros2_ws/src/install/cpp_server_client/share/cpp_server_client/local_setup.dsv
[0.499s] -- Installing: /home/kousei/ros2_ws/src/install/cpp_server_client/share/cpp_server_client/package.dsv
[0.499s] -- Up-to-date: /home/kousei/ros2_ws/src/install/cpp_server_client/share/ament_index/resource_index/packages/cpp_server_client
[0.499s] -- Up-to-date: /home/kousei/ros2_ws/src/install/cpp_server_client/share/cpp_server_client/cmake/export_cpp_server_client__rosidl_generator_cExport.cmake
[0.499s] -- Up-to-date: /home/kousei/ros2_ws/src/install/cpp_server_client/share/cpp_server_client/cmake/export_cpp_server_client__rosidl_generator_cExport-noconfig.cmake
[0.499s] -- Up-to-date: /home/kousei/ros2_ws/src/install/cpp_server_client/share/cpp_server_client/cmake/export_cpp_server_client__rosidl_typesupport_fastrtps_cExport.cmake
[0.499s] -- Up-to-date: /home/kousei/ros2_ws/src/install/cpp_server_client/share/cpp_server_client/cmake/export_cpp_server_client__rosidl_typesupport_fastrtps_cExport-noconfig.cmake
[0.499s] -- Up-to-date: /home/kousei/ros2_ws/src/install/cpp_server_client/share/cpp_server_client/cmake/export_cpp_server_client__rosidl_generator_cppExport.cmake
[0.499s] -- Up-to-date: /home/kousei/ros2_ws/src/install/cpp_server_client/share/cpp_server_client/cmake/export_cpp_server_client__rosidl_typesupport_fastrtps_cppExport.cmake
[0.500s] -- Up-to-date: /home/kousei/ros2_ws/src/install/cpp_server_client/share/cpp_server_client/cmake/export_cpp_server_client__rosidl_typesupport_fastrtps_cppExport-noconfig.cmake
[0.500s] -- Up-to-date: /home/kousei/ros2_ws/src/install/cpp_server_client/share/cpp_server_client/cmake/cpp_server_client__rosidl_typesupport_introspection_cExport.cmake
[0.500s] -- Up-to-date: /home/kousei/ros2_ws/src/install/cpp_server_client/share/cpp_server_client/cmake/cpp_server_client__rosidl_typesupport_introspection_cExport-noconfig.cmake
[0.500s] -- Up-to-date: /home/kousei/ros2_ws/src/install/cpp_server_client/share/cpp_server_client/cmake/cpp_server_client__rosidl_typesupport_cExport.cmake
[0.500s] -- Up-to-date: /home/kousei/ros2_ws/src/install/cpp_server_client/share/cpp_server_client/cmake/cpp_server_client__rosidl_typesupport_cExport-noconfig.cmake
[0.500s] -- Up-to-date: /home/kousei/ros2_ws/src/install/cpp_server_client/share/cpp_server_client/cmake/cpp_server_client__rosidl_typesupport_introspection_cppExport.cmake
[0.500s] -- Up-to-date: /home/kousei/ros2_ws/src/install/cpp_server_client/share/cpp_server_client/cmake/cpp_server_client__rosidl_typesupport_introspection_cppExport-noconfig.cmake
[0.500s] -- Up-to-date: /home/kousei/ros2_ws/src/install/cpp_server_client/share/cpp_server_client/cmake/cpp_server_client__rosidl_typesupport_cppExport.cmake
[0.500s] -- Up-to-date: /home/kousei/ros2_ws/src/install/cpp_server_client/share/cpp_server_client/cmake/cpp_server_client__rosidl_typesupport_cppExport-noconfig.cmake
[0.500s] -- Up-to-date: /home/kousei/ros2_ws/src/install/cpp_server_client/share/cpp_server_client/cmake/export_cpp_server_client__rosidl_generator_pyExport.cmake
[0.500s] -- Up-to-date: /home/kousei/ros2_ws/src/install/cpp_server_client/share/cpp_server_client/cmake/export_cpp_server_client__rosidl_generator_pyExport-noconfig.cmake
[0.500s] -- Up-to-date: /home/kousei/ros2_ws/src/install/cpp_server_client/share/cpp_server_client/cmake/rosidl_cmake-extras.cmake
[0.500s] -- Up-to-date: /home/kousei/ros2_ws/src/install/cpp_server_client/share/cpp_server_client/cmake/ament_cmake_export_include_directories-extras.cmake
[0.500s] -- Up-to-date: /home/kousei/ros2_ws/src/install/cpp_server_client/share/cpp_server_client/cmake/ament_cmake_export_libraries-extras.cmake
[0.500s] -- Up-to-date: /home/kousei/ros2_ws/src/install/cpp_server_client/share/cpp_server_client/cmake/ament_cmake_export_targets-extras.cmake
[0.501s] -- Up-to-date: /home/kousei/ros2_ws/src/install/cpp_server_client/share/cpp_server_client/cmake/rosidl_cmake_export_typesupport_targets-extras.cmake
[0.501s] -- Up-to-date: /home/kousei/ros2_ws/src/install/cpp_server_client/share/cpp_server_client/cmake/ament_cmake_export_dependencies-extras.cmake
[0.501s] -- Up-to-date: /home/kousei/ros2_ws/src/install/cpp_server_client/share/cpp_server_client/cmake/rosidl_cmake_export_typesupport_libraries-extras.cmake
[0.501s] -- Up-to-date: /home/kousei/ros2_ws/src/install/cpp_server_client/share/cpp_server_client/cmake/cpp_server_clientConfig.cmake
[0.501s] -- Up-to-date: /home/kousei/ros2_ws/src/install/cpp_server_client/share/cpp_server_client/cmake/cpp_server_clientConfig-version.cmake
[0.501s] -- Up-to-date: /home/kousei/ros2_ws/src/install/cpp_server_client/share/cpp_server_client/package.xml
[0.602s] Invoked command in '/home/kousei/ros2_ws/src/build/cpp_server_client' returned '0': CMAKE_PREFIX_PATH=/opt/ros/humble /usr/bin/cmake --install /home/kousei/ros2_ws/src/build/cpp_server_client
