[0.064s] Invoking command in '/home/osawakousei/ros2_ws/src/cpp_server_client/build/cpp_server_client': CMAKE_PREFIX_PATH=${CMAKE_PREFIX_PATH}:/opt/ros/humble /usr/bin/cmake --build /home/osawakousei/ros2_ws/src/cpp_server_client/build/cpp_server_client -- -j8 -l8
[0.278s] [  8%] Built target cpp_server_client__rosidl_generator_c
[0.281s] [ 11%] Built target cpp_server_client__cpp
[0.315s] [ 11%] Built target ament_cmake_python_copy_cpp_server_client
[0.371s] [ 20%] Built target cpp_server_client__rosidl_typesupport_c
[0.381s] [ 28%] Built target cpp_server_client__rosidl_typesupport_introspection_c
[0.383s] [ 37%] Built target cpp_server_client__rosidl_typesupport_introspection_cpp
[0.384s] [ 45%] Built target cpp_server_client__rosidl_typesupport_fastrtps_c
[0.410s] [ 54%] Built target cpp_server_client__rosidl_typesupport_cpp
[0.411s] [ 62%] Built target cpp_server_client__rosidl_typesupport_fastrtps_cpp
[0.505s] [ 68%] Built target practice_server_node
[0.507s] [ 74%] Built target practice_client_node
[0.585s] [ 74%] Built target cpp_server_client
[0.658s] [ 77%] Built target cpp_server_client__py
[0.740s] [ 82%] Built target cpp_server_client__rosidl_generator_py
[0.826s] [ 88%] Built target cpp_server_client__rosidl_typesupport_fastrtps_c__pyext
[0.831s] [ 94%] Built target cpp_server_client__rosidl_typesupport_introspection_c__pyext
[0.840s] [100%] Built target cpp_server_client__rosidl_typesupport_c__pyext
[1.041s] running egg_info
[1.043s] writing cpp_server_client.egg-info/PKG-INFO
[1.044s] writing dependency_links to cpp_server_client.egg-info/dependency_links.txt
[1.045s] writing top-level names to cpp_server_client.egg-info/top_level.txt
[1.051s] reading manifest file 'cpp_server_client.egg-info/SOURCES.txt'
[1.053s] writing manifest file 'cpp_server_client.egg-info/SOURCES.txt'
[1.121s] [100%] Built target ament_cmake_python_build_cpp_server_client_egg
[1.159s] Invoked command in '/home/osawakousei/ros2_ws/src/cpp_server_client/build/cpp_server_client' returned '0': CMAKE_PREFIX_PATH=${CMAKE_PREFIX_PATH}:/opt/ros/humble /usr/bin/cmake --build /home/osawakousei/ros2_ws/src/cpp_server_client/build/cpp_server_client -- -j8 -l8
[1.638s] Invoking command in '/home/osawakousei/ros2_ws/src/cpp_server_client/build/cpp_server_client': CMAKE_PREFIX_PATH=${CMAKE_PREFIX_PATH}:/opt/ros/humble /usr/bin/cmake --install /home/osawakousei/ros2_ws/src/cpp_server_client/build/cpp_server_client
[1.674s] -- Install configuration: ""
[1.674s] -- Up-to-date: /home/osawakousei/ros2_ws/src/cpp_server_client/install/cpp_server_client/share/ament_index/resource_index/rosidl_interfaces/cpp_server_client
[1.675s] -- Up-to-date: /home/osawakousei/ros2_ws/src/cpp_server_client/install/cpp_server_client/include/cpp_server_client/cpp_server_client
[1.675s] -- Up-to-date: /home/osawakousei/ros2_ws/src/cpp_server_client/install/cpp_server_client/include/cpp_server_client/cpp_server_client/srv
[1.676s] -- Up-to-date: /home/osawakousei/ros2_ws/src/cpp_server_client/install/cpp_server_client/include/cpp_server_client/cpp_server_client/srv/practice_srv.h
[1.676s] -- Up-to-date: /home/osawakousei/ros2_ws/src/cpp_server_client/install/cpp_server_client/include/cpp_server_client/cpp_server_client/srv/detail
[1.676s] -- Up-to-date: /home/osawakousei/ros2_ws/src/cpp_server_client/install/cpp_server_client/include/cpp_server_client/cpp_server_client/srv/detail/practice_srv__struct.h
[1.676s] -- Up-to-date: /home/osawakousei/ros2_ws/src/cpp_server_client/install/cpp_server_client/include/cpp_server_client/cpp_server_client/srv/detail/practice_srv__functions.c
[1.677s] -- Up-to-date: /home/osawakousei/ros2_ws/src/cpp_server_client/install/cpp_server_client/include/cpp_server_client/cpp_server_client/srv/detail/practice_srv__functions.h
[1.677s] -- Up-to-date: /home/osawakousei/ros2_ws/src/cpp_server_client/install/cpp_server_client/include/cpp_server_client/cpp_server_client/srv/detail/practice_srv__type_support.h
[1.677s] -- Up-to-date: /home/osawakousei/ros2_ws/src/cpp_server_client/install/cpp_server_client/include/cpp_server_client/cpp_server_client/msg
[1.677s] -- Up-to-date: /home/osawakousei/ros2_ws/src/cpp_server_client/install/cpp_server_client/include/cpp_server_client/cpp_server_client/msg/rosidl_generator_c__visibility_control.h
[1.678s] -- Up-to-date: /home/osawakousei/ros2_ws/src/cpp_server_client/install/cpp_server_client/share/cpp_server_client/environment/library_path.sh
[1.679s] -- Up-to-date: /home/osawakousei/ros2_ws/src/cpp_server_client/install/cpp_server_client/share/cpp_server_client/environment/library_path.dsv
[1.680s] -- Up-to-date: /home/osawakousei/ros2_ws/src/cpp_server_client/install/cpp_server_client/lib/libcpp_server_client__rosidl_generator_c.so
[1.681s] -- Up-to-date: /home/osawakousei/ros2_ws/src/cpp_server_client/install/cpp_server_client/include/cpp_server_client/cpp_server_client
[1.682s] -- Up-to-date: /home/osawakousei/ros2_ws/src/cpp_server_client/install/cpp_server_client/include/cpp_server_client/cpp_server_client/srv
[1.682s] -- Up-to-date: /home/osawakousei/ros2_ws/src/cpp_server_client/install/cpp_server_client/include/cpp_server_client/cpp_server_client/srv/detail
[1.683s] -- Up-to-date: /home/osawakousei/ros2_ws/src/cpp_server_client/install/cpp_server_client/include/cpp_server_client/cpp_server_client/srv/detail/practice_srv__rosidl_typesupport_fastrtps_c.h
[1.683s] -- Up-to-date: /home/osawakousei/ros2_ws/src/cpp_server_client/install/cpp_server_client/include/cpp_server_client/cpp_server_client/msg
[1.683s] -- Up-to-date: /home/osawakousei/ros2_ws/src/cpp_server_client/install/cpp_server_client/include/cpp_server_client/cpp_server_client/msg/rosidl_typesupport_fastrtps_c__visibility_control.h
[1.684s] -- Up-to-date: /home/osawakousei/ros2_ws/src/cpp_server_client/install/cpp_server_client/lib/libcpp_server_client__rosidl_typesupport_fastrtps_c.so
[1.685s] -- Up-to-date: /home/osawakousei/ros2_ws/src/cpp_server_client/install/cpp_server_client/include/cpp_server_client/cpp_server_client
[1.685s] -- Up-to-date: /home/osawakousei/ros2_ws/src/cpp_server_client/install/cpp_server_client/include/cpp_server_client/cpp_server_client/srv
[1.685s] -- Up-to-date: /home/osawakousei/ros2_ws/src/cpp_server_client/install/cpp_server_client/include/cpp_server_client/cpp_server_client/srv/detail
[1.686s] -- Up-to-date: /home/osawakousei/ros2_ws/src/cpp_server_client/install/cpp_server_client/include/cpp_server_client/cpp_server_client/srv/detail/practice_srv__traits.hpp
[1.686s] -- Up-to-date: /home/osawakousei/ros2_ws/src/cpp_server_client/install/cpp_server_client/include/cpp_server_client/cpp_server_client/srv/detail/practice_srv__struct.hpp
[1.686s] -- Up-to-date: /home/osawakousei/ros2_ws/src/cpp_server_client/install/cpp_server_client/include/cpp_server_client/cpp_server_client/srv/detail/practice_srv__builder.hpp
[1.686s] -- Up-to-date: /home/osawakousei/ros2_ws/src/cpp_server_client/install/cpp_server_client/include/cpp_server_client/cpp_server_client/srv/practice_srv.hpp
[1.687s] -- Up-to-date: /home/osawakousei/ros2_ws/src/cpp_server_client/install/cpp_server_client/include/cpp_server_client/cpp_server_client
[1.687s] -- Up-to-date: /home/osawakousei/ros2_ws/src/cpp_server_client/install/cpp_server_client/include/cpp_server_client/cpp_server_client/srv
[1.688s] -- Up-to-date: /home/osawakousei/ros2_ws/src/cpp_server_client/install/cpp_server_client/include/cpp_server_client/cpp_server_client/srv/detail
[1.688s] -- Up-to-date: /home/osawakousei/ros2_ws/src/cpp_server_client/install/cpp_server_client/include/cpp_server_client/cpp_server_client/srv/detail/practice_srv__rosidl_typesupport_fastrtps_cpp.hpp
[1.689s] -- Up-to-date: /home/osawakousei/ros2_ws/src/cpp_server_client/install/cpp_server_client/include/cpp_server_client/cpp_server_client/srv/detail/dds_fastrtps
[1.690s] -- Up-to-date: /home/osawakousei/ros2_ws/src/cpp_server_client/install/cpp_server_client/include/cpp_server_client/cpp_server_client/msg
[1.690s] -- Up-to-date: /home/osawakousei/ros2_ws/src/cpp_server_client/install/cpp_server_client/include/cpp_server_client/cpp_server_client/msg/rosidl_typesupport_fastrtps_cpp__visibility_control.h
[1.691s] -- Up-to-date: /home/osawakousei/ros2_ws/src/cpp_server_client/install/cpp_server_client/lib/libcpp_server_client__rosidl_typesupport_fastrtps_cpp.so
[1.692s] -- Up-to-date: /home/osawakousei/ros2_ws/src/cpp_server_client/install/cpp_server_client/include/cpp_server_client/cpp_server_client
[1.692s] -- Up-to-date: /home/osawakousei/ros2_ws/src/cpp_server_client/install/cpp_server_client/include/cpp_server_client/cpp_server_client/srv
[1.692s] -- Up-to-date: /home/osawakousei/ros2_ws/src/cpp_server_client/install/cpp_server_client/include/cpp_server_client/cpp_server_client/srv/detail
[1.693s] -- Up-to-date: /home/osawakousei/ros2_ws/src/cpp_server_client/install/cpp_server_client/include/cpp_server_client/cpp_server_client/srv/detail/practice_srv__type_support.c
[1.693s] -- Up-to-date: /home/osawakousei/ros2_ws/src/cpp_server_client/install/cpp_server_client/include/cpp_server_client/cpp_server_client/srv/detail/practice_srv__rosidl_typesupport_introspection_c.h
[1.697s] -- Up-to-date: /home/osawakousei/ros2_ws/src/cpp_server_client/install/cpp_server_client/include/cpp_server_client/cpp_server_client/msg
[1.699s] -- Up-to-date: /home/osawakousei/ros2_ws/src/cpp_server_client/install/cpp_server_client/include/cpp_server_client/cpp_server_client/msg/rosidl_typesupport_introspection_c__visibility_control.h
[1.700s] -- Up-to-date: /home/osawakousei/ros2_ws/src/cpp_server_client/install/cpp_server_client/lib/libcpp_server_client__rosidl_typesupport_introspection_c.so
[1.700s] -- Up-to-date: /home/osawakousei/ros2_ws/src/cpp_server_client/install/cpp_server_client/lib/libcpp_server_client__rosidl_typesupport_c.so
[1.701s] -- Up-to-date: /home/osawakousei/ros2_ws/src/cpp_server_client/install/cpp_server_client/include/cpp_server_client/cpp_server_client
[1.701s] -- Up-to-date: /home/osawakousei/ros2_ws/src/cpp_server_client/install/cpp_server_client/include/cpp_server_client/cpp_server_client/srv
[1.701s] -- Up-to-date: /home/osawakousei/ros2_ws/src/cpp_server_client/install/cpp_server_client/include/cpp_server_client/cpp_server_client/srv/detail
[1.701s] -- Up-to-date: /home/osawakousei/ros2_ws/src/cpp_server_client/install/cpp_server_client/include/cpp_server_client/cpp_server_client/srv/detail/practice_srv__rosidl_typesupport_introspection_cpp.hpp
[1.702s] -- Up-to-date: /home/osawakousei/ros2_ws/src/cpp_server_client/install/cpp_server_client/include/cpp_server_client/cpp_server_client/srv/detail/practice_srv__type_support.cpp
[1.702s] -- Up-to-date: /home/osawakousei/ros2_ws/src/cpp_server_client/install/cpp_server_client/lib/libcpp_server_client__rosidl_typesupport_introspection_cpp.so
[1.703s] -- Up-to-date: /home/osawakousei/ros2_ws/src/cpp_server_client/install/cpp_server_client/lib/libcpp_server_client__rosidl_typesupport_cpp.so
[1.703s] -- Up-to-date: /home/osawakousei/ros2_ws/src/cpp_server_client/install/cpp_server_client/share/cpp_server_client/environment/pythonpath.sh
[1.703s] -- Up-to-date: /home/osawakousei/ros2_ws/src/cpp_server_client/install/cpp_server_client/share/cpp_server_client/environment/pythonpath.dsv
[1.703s] -- Up-to-date: /home/osawakousei/ros2_ws/src/cpp_server_client/install/cpp_server_client/local/lib/python3.10/dist-packages/cpp_server_client-0.0.0-py3.10.egg-info
[1.704s] -- Installing: /home/osawakousei/ros2_ws/src/cpp_server_client/install/cpp_server_client/local/lib/python3.10/dist-packages/cpp_server_client-0.0.0-py3.10.egg-info/top_level.txt
[1.704s] -- Installing: /home/osawakousei/ros2_ws/src/cpp_server_client/install/cpp_server_client/local/lib/python3.10/dist-packages/cpp_server_client-0.0.0-py3.10.egg-info/SOURCES.txt
[1.704s] -- Installing: /home/osawakousei/ros2_ws/src/cpp_server_client/install/cpp_server_client/local/lib/python3.10/dist-packages/cpp_server_client-0.0.0-py3.10.egg-info/dependency_links.txt
[1.705s] -- Installing: /home/osawakousei/ros2_ws/src/cpp_server_client/install/cpp_server_client/local/lib/python3.10/dist-packages/cpp_server_client-0.0.0-py3.10.egg-info/PKG-INFO
[1.705s] -- Up-to-date: /home/osawakousei/ros2_ws/src/cpp_server_client/install/cpp_server_client/local/lib/python3.10/dist-packages/cpp_server_client
[1.705s] -- Up-to-date: /home/osawakousei/ros2_ws/src/cpp_server_client/install/cpp_server_client/local/lib/python3.10/dist-packages/cpp_server_client/cpp_server_client_s__rosidl_typesupport_c.cpython-310-x86_64-linux-gnu.so
[1.706s] -- Up-to-date: /home/osawakousei/ros2_ws/src/cpp_server_client/install/cpp_server_client/local/lib/python3.10/dist-packages/cpp_server_client/_cpp_server_client_s.ep.rosidl_typesupport_c.c
[1.706s] -- Up-to-date: /home/osawakousei/ros2_ws/src/cpp_server_client/install/cpp_server_client/local/lib/python3.10/dist-packages/cpp_server_client/srv
[1.706s] -- Up-to-date: /home/osawakousei/ros2_ws/src/cpp_server_client/install/cpp_server_client/local/lib/python3.10/dist-packages/cpp_server_client/srv/_practice_srv.py
[1.706s] -- Up-to-date: /home/osawakousei/ros2_ws/src/cpp_server_client/install/cpp_server_client/local/lib/python3.10/dist-packages/cpp_server_client/srv/__init__.py
[1.707s] -- Up-to-date: /home/osawakousei/ros2_ws/src/cpp_server_client/install/cpp_server_client/local/lib/python3.10/dist-packages/cpp_server_client/srv/_practice_srv_s.c
[1.707s] -- Up-to-date: /home/osawakousei/ros2_ws/src/cpp_server_client/install/cpp_server_client/local/lib/python3.10/dist-packages/cpp_server_client/libcpp_server_client__rosidl_generator_py.so
[1.707s] -- Up-to-date: /home/osawakousei/ros2_ws/src/cpp_server_client/install/cpp_server_client/local/lib/python3.10/dist-packages/cpp_server_client/cpp_server_client_s__rosidl_typesupport_fastrtps_c.cpython-310-x86_64-linux-gnu.so
[1.707s] -- Up-to-date: /home/osawakousei/ros2_ws/src/cpp_server_client/install/cpp_server_client/local/lib/python3.10/dist-packages/cpp_server_client/cpp_server_client_s__rosidl_typesupport_introspection_c.cpython-310-x86_64-linux-gnu.so
[1.708s] -- Up-to-date: /home/osawakousei/ros2_ws/src/cpp_server_client/install/cpp_server_client/local/lib/python3.10/dist-packages/cpp_server_client/__init__.py
[1.708s] -- Up-to-date: /home/osawakousei/ros2_ws/src/cpp_server_client/install/cpp_server_client/local/lib/python3.10/dist-packages/cpp_server_client/_cpp_server_client_s.ep.rosidl_typesupport_introspection_c.c
[1.708s] -- Up-to-date: /home/osawakousei/ros2_ws/src/cpp_server_client/install/cpp_server_client/local/lib/python3.10/dist-packages/cpp_server_client/_cpp_server_client_s.ep.rosidl_typesupport_fastrtps_c.c
[1.802s] Listing '/home/osawakousei/ros2_ws/src/cpp_server_client/install/cpp_server_client/local/lib/python3.10/dist-packages/cpp_server_client'...
[1.802s] Listing '/home/osawakousei/ros2_ws/src/cpp_server_client/install/cpp_server_client/local/lib/python3.10/dist-packages/cpp_server_client/srv'...
[1.811s] -- Up-to-date: /home/osawakousei/ros2_ws/src/cpp_server_client/install/cpp_server_client/local/lib/python3.10/dist-packages/cpp_server_client/cpp_server_client_s__rosidl_typesupport_fastrtps_c.cpython-310-x86_64-linux-gnu.so
[1.813s] -- Up-to-date: /home/osawakousei/ros2_ws/src/cpp_server_client/install/cpp_server_client/local/lib/python3.10/dist-packages/cpp_server_client/cpp_server_client_s__rosidl_typesupport_introspection_c.cpython-310-x86_64-linux-gnu.so
[1.814s] -- Up-to-date: /home/osawakousei/ros2_ws/src/cpp_server_client/install/cpp_server_client/local/lib/python3.10/dist-packages/cpp_server_client/cpp_server_client_s__rosidl_typesupport_c.cpython-310-x86_64-linux-gnu.so
[1.815s] -- Up-to-date: /home/osawakousei/ros2_ws/src/cpp_server_client/install/cpp_server_client/lib/libcpp_server_client__rosidl_generator_py.so
[1.816s] -- Up-to-date: /home/osawakousei/ros2_ws/src/cpp_server_client/install/cpp_server_client/share/cpp_server_client/srv/PracticeSrv.idl
[1.816s] -- Up-to-date: /home/osawakousei/ros2_ws/src/cpp_server_client/install/cpp_server_client/share/cpp_server_client/srv/PracticeSrv.srv
[1.816s] -- Up-to-date: /home/osawakousei/ros2_ws/src/cpp_server_client/install/cpp_server_client/share/cpp_server_client/srv/PracticeSrv_Request.msg
[1.816s] -- Up-to-date: /home/osawakousei/ros2_ws/src/cpp_server_client/install/cpp_server_client/share/cpp_server_client/srv/PracticeSrv_Response.msg
[1.817s] -- Up-to-date: /home/osawakousei/ros2_ws/src/cpp_server_client/install/cpp_server_client/lib/cpp_server_client/practice_server_node
[1.818s] -- Up-to-date: /home/osawakousei/ros2_ws/src/cpp_server_client/install/cpp_server_client/lib/cpp_server_client/practice_client_node
[1.819s] -- Up-to-date: /home/osawakousei/ros2_ws/src/cpp_server_client/install/cpp_server_client/share/ament_index/resource_index/package_run_dependencies/cpp_server_client
[1.819s] -- Up-to-date: /home/osawakousei/ros2_ws/src/cpp_server_client/install/cpp_server_client/share/ament_index/resource_index/parent_prefix_path/cpp_server_client
[1.820s] -- Up-to-date: /home/osawakousei/ros2_ws/src/cpp_server_client/install/cpp_server_client/share/cpp_server_client/environment/ament_prefix_path.sh
[1.820s] -- Up-to-date: /home/osawakousei/ros2_ws/src/cpp_server_client/install/cpp_server_client/share/cpp_server_client/environment/ament_prefix_path.dsv
[1.821s] -- Up-to-date: /home/osawakousei/ros2_ws/src/cpp_server_client/install/cpp_server_client/share/cpp_server_client/environment/path.sh
[1.821s] -- Up-to-date: /home/osawakousei/ros2_ws/src/cpp_server_client/install/cpp_server_client/share/cpp_server_client/environment/path.dsv
[1.821s] -- Up-to-date: /home/osawakousei/ros2_ws/src/cpp_server_client/install/cpp_server_client/share/cpp_server_client/local_setup.bash
[1.822s] -- Up-to-date: /home/osawakousei/ros2_ws/src/cpp_server_client/install/cpp_server_client/share/cpp_server_client/local_setup.sh
[1.822s] -- Up-to-date: /home/osawakousei/ros2_ws/src/cpp_server_client/install/cpp_server_client/share/cpp_server_client/local_setup.zsh
[1.823s] -- Up-to-date: /home/osawakousei/ros2_ws/src/cpp_server_client/install/cpp_server_client/share/cpp_server_client/local_setup.dsv
[1.823s] -- Installing: /home/osawakousei/ros2_ws/src/cpp_server_client/install/cpp_server_client/share/cpp_server_client/package.dsv
[1.824s] -- Up-to-date: /home/osawakousei/ros2_ws/src/cpp_server_client/install/cpp_server_client/share/ament_index/resource_index/packages/cpp_server_client
[1.825s] -- Up-to-date: /home/osawakousei/ros2_ws/src/cpp_server_client/install/cpp_server_client/share/cpp_server_client/cmake/export_cpp_server_client__rosidl_generator_cExport.cmake
[1.825s] -- Up-to-date: /home/osawakousei/ros2_ws/src/cpp_server_client/install/cpp_server_client/share/cpp_server_client/cmake/export_cpp_server_client__rosidl_generator_cExport-noconfig.cmake
[1.826s] -- Up-to-date: /home/osawakousei/ros2_ws/src/cpp_server_client/install/cpp_server_client/share/cpp_server_client/cmake/export_cpp_server_client__rosidl_typesupport_fastrtps_cExport.cmake
[1.826s] -- Up-to-date: /home/osawakousei/ros2_ws/src/cpp_server_client/install/cpp_server_client/share/cpp_server_client/cmake/export_cpp_server_client__rosidl_typesupport_fastrtps_cExport-noconfig.cmake
[1.826s] -- Up-to-date: /home/osawakousei/ros2_ws/src/cpp_server_client/install/cpp_server_client/share/cpp_server_client/cmake/export_cpp_server_client__rosidl_generator_cppExport.cmake
[1.826s] -- Up-to-date: /home/osawakousei/ros2_ws/src/cpp_server_client/install/cpp_server_client/share/cpp_server_client/cmake/export_cpp_server_client__rosidl_typesupport_fastrtps_cppExport.cmake
[1.827s] -- Up-to-date: /home/osawakousei/ros2_ws/src/cpp_server_client/install/cpp_server_client/share/cpp_server_client/cmake/export_cpp_server_client__rosidl_typesupport_fastrtps_cppExport-noconfig.cmake
[1.827s] -- Up-to-date: /home/osawakousei/ros2_ws/src/cpp_server_client/install/cpp_server_client/share/cpp_server_client/cmake/cpp_server_client__rosidl_typesupport_introspection_cExport.cmake
[1.827s] -- Up-to-date: /home/osawakousei/ros2_ws/src/cpp_server_client/install/cpp_server_client/share/cpp_server_client/cmake/cpp_server_client__rosidl_typesupport_introspection_cExport-noconfig.cmake
[1.827s] -- Up-to-date: /home/osawakousei/ros2_ws/src/cpp_server_client/install/cpp_server_client/share/cpp_server_client/cmake/cpp_server_client__rosidl_typesupport_cExport.cmake
[1.827s] -- Up-to-date: /home/osawakousei/ros2_ws/src/cpp_server_client/install/cpp_server_client/share/cpp_server_client/cmake/cpp_server_client__rosidl_typesupport_cExport-noconfig.cmake
[1.827s] -- Up-to-date: /home/osawakousei/ros2_ws/src/cpp_server_client/install/cpp_server_client/share/cpp_server_client/cmake/cpp_server_client__rosidl_typesupport_introspection_cppExport.cmake
[1.828s] -- Up-to-date: /home/osawakousei/ros2_ws/src/cpp_server_client/install/cpp_server_client/share/cpp_server_client/cmake/cpp_server_client__rosidl_typesupport_introspection_cppExport-noconfig.cmake
[1.828s] -- Up-to-date: /home/osawakousei/ros2_ws/src/cpp_server_client/install/cpp_server_client/share/cpp_server_client/cmake/cpp_server_client__rosidl_typesupport_cppExport.cmake
[1.828s] -- Up-to-date: /home/osawakousei/ros2_ws/src/cpp_server_client/install/cpp_server_client/share/cpp_server_client/cmake/cpp_server_client__rosidl_typesupport_cppExport-noconfig.cmake
[1.828s] -- Up-to-date: /home/osawakousei/ros2_ws/src/cpp_server_client/install/cpp_server_client/share/cpp_server_client/cmake/export_cpp_server_client__rosidl_generator_pyExport.cmake
[1.828s] -- Up-to-date: /home/osawakousei/ros2_ws/src/cpp_server_client/install/cpp_server_client/share/cpp_server_client/cmake/export_cpp_server_client__rosidl_generator_pyExport-noconfig.cmake
[1.828s] -- Up-to-date: /home/osawakousei/ros2_ws/src/cpp_server_client/install/cpp_server_client/share/cpp_server_client/cmake/rosidl_cmake-extras.cmake
[1.829s] -- Up-to-date: /home/osawakousei/ros2_ws/src/cpp_server_client/install/cpp_server_client/share/cpp_server_client/cmake/ament_cmake_export_include_directories-extras.cmake
[1.829s] -- Up-to-date: /home/osawakousei/ros2_ws/src/cpp_server_client/install/cpp_server_client/share/cpp_server_client/cmake/ament_cmake_export_libraries-extras.cmake
[1.829s] -- Up-to-date: /home/osawakousei/ros2_ws/src/cpp_server_client/install/cpp_server_client/share/cpp_server_client/cmake/ament_cmake_export_targets-extras.cmake
[1.829s] -- Up-to-date: /home/osawakousei/ros2_ws/src/cpp_server_client/install/cpp_server_client/share/cpp_server_client/cmake/rosidl_cmake_export_typesupport_targets-extras.cmake
[1.829s] -- Up-to-date: /home/osawakousei/ros2_ws/src/cpp_server_client/install/cpp_server_client/share/cpp_server_client/cmake/ament_cmake_export_dependencies-extras.cmake
[1.830s] -- Up-to-date: /home/osawakousei/ros2_ws/src/cpp_server_client/install/cpp_server_client/share/cpp_server_client/cmake/rosidl_cmake_export_typesupport_libraries-extras.cmake
[1.830s] -- Up-to-date: /home/osawakousei/ros2_ws/src/cpp_server_client/install/cpp_server_client/share/cpp_server_client/cmake/cpp_server_clientConfig.cmake
[1.830s] -- Up-to-date: /home/osawakousei/ros2_ws/src/cpp_server_client/install/cpp_server_client/share/cpp_server_client/cmake/cpp_server_clientConfig-version.cmake
[1.832s] -- Up-to-date: /home/osawakousei/ros2_ws/src/cpp_server_client/install/cpp_server_client/share/cpp_server_client/package.xml
[1.836s] Invoked command in '/home/osawakousei/ros2_ws/src/cpp_server_client/build/cpp_server_client' returned '0': CMAKE_PREFIX_PATH=${CMAKE_PREFIX_PATH}:/opt/ros/humble /usr/bin/cmake --install /home/osawakousei/ros2_ws/src/cpp_server_client/build/cpp_server_client
