[0.178s] Invoking command in '/home/osawakousei/ros2_ws/build/micro_ros_setup': CMAKE_PREFIX_PATH=${CMAKE_PREFIX_PATH}:/opt/ros/humble /usr/bin/cmake --build /home/osawakousei/ros2_ws/build/micro_ros_setup -- -j8 -l8
[0.606s] Invoked command in '/home/osawakousei/ros2_ws/build/micro_ros_setup' returned '0': CMAKE_PREFIX_PATH=${CMAKE_PREFIX_PATH}:/opt/ros/humble /usr/bin/cmake --build /home/osawakousei/ros2_ws/build/micro_ros_setup -- -j8 -l8
[0.980s] Invoking command in '/home/osawakousei/ros2_ws/build/micro_ros_setup': CMAKE_PREFIX_PATH=${CMAKE_PREFIX_PATH}:/opt/ros/humble /usr/bin/cmake --install /home/osawakousei/ros2_ws/build/micro_ros_setup
[1.006s] -- Install configuration: ""
[1.006s] -- Up-to-date: /home/osawakousei/ros2_ws/install/micro_ros_setup/share/ament_index/resource_index/package_run_dependencies/micro_ros_setup
[1.009s] -- Up-to-date: /home/osawakousei/ros2_ws/install/micro_ros_setup/share/ament_index/resource_index/parent_prefix_path/micro_ros_setup
[1.010s] -- Up-to-date: /home/osawakousei/ros2_ws/install/micro_ros_setup/share/micro_ros_setup/environment/ament_prefix_path.sh
[1.011s] -- Up-to-date: /home/osawakousei/ros2_ws/install/micro_ros_setup/share/micro_ros_setup/environment/ament_prefix_path.dsv
[1.011s] -- Up-to-date: /home/osawakousei/ros2_ws/install/micro_ros_setup/share/micro_ros_setup/environment/path.sh
[1.012s] -- Up-to-date: /home/osawakousei/ros2_ws/install/micro_ros_setup/share/micro_ros_setup/environment/path.dsv
[1.012s] -- Up-to-date: /home/osawakousei/ros2_ws/install/micro_ros_setup/share/micro_ros_setup/local_setup.bash
[1.012s] -- Up-to-date: /home/osawakousei/ros2_ws/install/micro_ros_setup/share/micro_ros_setup/local_setup.sh
[1.013s] -- Up-to-date: /home/osawakousei/ros2_ws/install/micro_ros_setup/share/micro_ros_setup/local_setup.zsh
[1.013s] -- Up-to-date: /home/osawakousei/ros2_ws/install/micro_ros_setup/share/micro_ros_setup/local_setup.dsv
[1.013s] -- Installing: /home/osawakousei/ros2_ws/install/micro_ros_setup/share/micro_ros_setup/package.dsv
[1.018s] -- Up-to-date: /home/osawakousei/ros2_ws/install/micro_ros_setup/share/ament_index/resource_index/packages/micro_ros_setup
[1.030s] -- Up-to-date: /home/osawakousei/ros2_ws/install/micro_ros_setup/share/micro_ros_setup/cmake/micro_ros_setupConfig.cmake
[1.030s] -- Up-to-date: /home/osawakousei/ros2_ws/install/micro_ros_setup/share/micro_ros_setup/cmake/micro_ros_setupConfig-version.cmake
[1.030s] -- Up-to-date: /home/osawakousei/ros2_ws/install/micro_ros_setup/share/micro_ros_setup/package.xml
[1.031s] -- Up-to-date: /home/osawakousei/ros2_ws/install/micro_ros_setup/./config
[1.034s] -- Up-to-date: /home/osawakousei/ros2_ws/install/micro_ros_setup/./config/host
[1.041s] -- Up-to-date: /home/osawakousei/ros2_ws/install/micro_ros_setup/./config/host/generic
[1.044s] -- Up-to-date: /home/osawakousei/ros2_ws/install/micro_ros_setup/./config/host/generic/package.xml
[1.045s] -- Up-to-date: /home/osawakousei/ros2_ws/install/micro_ros_setup/./config/host/generic/create.sh
[1.046s] -- Up-to-date: /home/osawakousei/ros2_ws/install/micro_ros_setup/./config/host/generic/client_host_packages.repos
[1.046s] -- Up-to-date: /home/osawakousei/ros2_ws/install/micro_ros_setup/./config/host/generic/client-host-colcon.meta
[1.046s] -- Up-to-date: /home/osawakousei/ros2_ws/install/micro_ros_setup/./config/host/generic/flash.sh
[1.047s] -- Up-to-date: /home/osawakousei/ros2_ws/install/micro_ros_setup/./config/host/generic/build.sh
[1.048s] -- Up-to-date: /home/osawakousei/ros2_ws/install/micro_ros_setup/./config/host/dev_uros_packages.repos
[1.048s] -- Up-to-date: /home/osawakousei/ros2_ws/install/micro_ros_setup/./config/host/dev_ros2_packages.txt
[1.054s] -- Up-to-date: /home/osawakousei/ros2_ws/install/micro_ros_setup/./config/host/client_ros2_packages.txt
[1.054s] -- Up-to-date: /home/osawakousei/ros2_ws/install/micro_ros_setup/./config/freertos
[1.055s] -- Up-to-date: /home/osawakousei/ros2_ws/install/micro_ros_setup/./config/freertos/esp32
[1.058s] -- Up-to-date: /home/osawakousei/ros2_ws/install/micro_ros_setup/./config/freertos/esp32/configure.sh
[1.059s] -- Up-to-date: /home/osawakousei/ros2_ws/install/micro_ros_setup/./config/freertos/esp32/client-colcon.meta
[1.059s] -- Up-to-date: /home/osawakousei/ros2_ws/install/micro_ros_setup/./config/freertos/esp32/package.xml
[1.060s] -- Up-to-date: /home/osawakousei/ros2_ws/install/micro_ros_setup/./config/freertos/esp32/create.sh
[1.060s] -- Up-to-date: /home/osawakousei/ros2_ws/install/micro_ros_setup/./config/freertos/esp32/board.repos
[1.060s] -- Up-to-date: /home/osawakousei/ros2_ws/install/micro_ros_setup/./config/freertos/esp32/flash.sh
[1.062s] -- Up-to-date: /home/osawakousei/ros2_ws/install/micro_ros_setup/./config/freertos/esp32/README.md
[1.063s] -- Up-to-date: /home/osawakousei/ros2_ws/install/micro_ros_setup/./config/freertos/esp32/client_uros_packages.repos
[1.063s] -- Up-to-date: /home/osawakousei/ros2_ws/install/micro_ros_setup/./config/freertos/esp32/build.sh
[1.063s] -- Up-to-date: /home/osawakousei/ros2_ws/install/micro_ros_setup/./config/freertos/olimex-stm32-e407
[1.067s] -- Up-to-date: /home/osawakousei/ros2_ws/install/micro_ros_setup/./config/freertos/olimex-stm32-e407/configure.sh
[1.069s] -- Up-to-date: /home/osawakousei/ros2_ws/install/micro_ros_setup/./config/freertos/olimex-stm32-e407/client-colcon.meta
[1.082s] -- Up-to-date: /home/osawakousei/ros2_ws/install/micro_ros_setup/./config/freertos/olimex-stm32-e407/package.xml
[1.084s] -- Up-to-date: /home/osawakousei/ros2_ws/install/micro_ros_setup/./config/freertos/olimex-stm32-e407/create.sh
[1.085s] -- Up-to-date: /home/osawakousei/ros2_ws/install/micro_ros_setup/./config/freertos/olimex-stm32-e407/board.repos
[1.086s] -- Up-to-date: /home/osawakousei/ros2_ws/install/micro_ros_setup/./config/freertos/olimex-stm32-e407/flash.sh
[1.086s] -- Up-to-date: /home/osawakousei/ros2_ws/install/micro_ros_setup/./config/freertos/olimex-stm32-e407/client_uros_packages.repos
[1.087s] -- Up-to-date: /home/osawakousei/ros2_ws/install/micro_ros_setup/./config/freertos/olimex-stm32-e407/build.sh
[1.087s] -- Up-to-date: /home/osawakousei/ros2_ws/install/micro_ros_setup/./config/freertos/list_apps.sh
[1.088s] -- Up-to-date: /home/osawakousei/ros2_ws/install/micro_ros_setup/./config/freertos/dev_uros_packages.repos
[1.089s] -- Up-to-date: /home/osawakousei/ros2_ws/install/micro_ros_setup/./config/freertos/nucleo_f746zg
[1.090s] -- Up-to-date: /home/osawakousei/ros2_ws/install/micro_ros_setup/./config/freertos/nucleo_f746zg/configure.sh
[1.091s] -- Up-to-date: /home/osawakousei/ros2_ws/install/micro_ros_setup/./config/freertos/nucleo_f746zg/client-colcon.meta
[1.091s] -- Up-to-date: /home/osawakousei/ros2_ws/install/micro_ros_setup/./config/freertos/nucleo_f746zg/package.xml
[1.092s] -- Up-to-date: /home/osawakousei/ros2_ws/install/micro_ros_setup/./config/freertos/nucleo_f746zg/create.sh
[1.092s] -- Up-to-date: /home/osawakousei/ros2_ws/install/micro_ros_setup/./config/freertos/nucleo_f746zg/board.repos
[1.093s] -- Up-to-date: /home/osawakousei/ros2_ws/install/micro_ros_setup/./config/freertos/nucleo_f746zg/flash.sh
[1.094s] -- Up-to-date: /home/osawakousei/ros2_ws/install/micro_ros_setup/./config/freertos/nucleo_f746zg/client_uros_packages.repos
[1.094s] -- Up-to-date: /home/osawakousei/ros2_ws/install/micro_ros_setup/./config/freertos/nucleo_f746zg/build.sh
[1.095s] -- Up-to-date: /home/osawakousei/ros2_ws/install/micro_ros_setup/./config/freertos/crazyflie21
[1.095s] -- Up-to-date: /home/osawakousei/ros2_ws/install/micro_ros_setup/./config/freertos/crazyflie21/configure.sh
[1.096s] -- Up-to-date: /home/osawakousei/ros2_ws/install/micro_ros_setup/./config/freertos/crazyflie21/client-colcon.meta
[1.096s] -- Up-to-date: /home/osawakousei/ros2_ws/install/micro_ros_setup/./config/freertos/crazyflie21/package.xml
[1.097s] -- Up-to-date: /home/osawakousei/ros2_ws/install/micro_ros_setup/./config/freertos/crazyflie21/create.sh
[1.097s] -- Up-to-date: /home/osawakousei/ros2_ws/install/micro_ros_setup/./config/freertos/crazyflie21/board.repos
[1.097s] -- Up-to-date: /home/osawakousei/ros2_ws/install/micro_ros_setup/./config/freertos/crazyflie21/flash.sh
[1.097s] -- Up-to-date: /home/osawakousei/ros2_ws/install/micro_ros_setup/./config/freertos/crazyflie21/client_uros_packages.repos
[1.097s] -- Up-to-date: /home/osawakousei/ros2_ws/install/micro_ros_setup/./config/freertos/crazyflie21/build.sh
[1.100s] -- Up-to-date: /home/osawakousei/ros2_ws/install/micro_ros_setup/./config/freertos/nucleo_f767zi
[1.101s] -- Up-to-date: /home/osawakousei/ros2_ws/install/micro_ros_setup/./config/freertos/nucleo_f767zi/configure.sh
[1.101s] -- Up-to-date: /home/osawakousei/ros2_ws/install/micro_ros_setup/./config/freertos/nucleo_f767zi/client-colcon.meta
[1.101s] -- Up-to-date: /home/osawakousei/ros2_ws/install/micro_ros_setup/./config/freertos/nucleo_f767zi/package.xml
[1.102s] -- Up-to-date: /home/osawakousei/ros2_ws/install/micro_ros_setup/./config/freertos/nucleo_f767zi/create.sh
[1.102s] -- Up-to-date: /home/osawakousei/ros2_ws/install/micro_ros_setup/./config/freertos/nucleo_f767zi/board.repos
[1.102s] -- Up-to-date: /home/osawakousei/ros2_ws/install/micro_ros_setup/./config/freertos/nucleo_f767zi/flash.sh
[1.103s] -- Up-to-date: /home/osawakousei/ros2_ws/install/micro_ros_setup/./config/freertos/nucleo_f767zi/client_uros_packages.repos
[1.104s] -- Up-to-date: /home/osawakousei/ros2_ws/install/micro_ros_setup/./config/freertos/nucleo_f767zi/build.sh
[1.104s] -- Up-to-date: /home/osawakousei/ros2_ws/install/micro_ros_setup/./config/freertos/nucleo_f446ze
[1.105s] -- Up-to-date: /home/osawakousei/ros2_ws/install/micro_ros_setup/./config/freertos/nucleo_f446ze/configure.sh
[1.106s] -- Up-to-date: /home/osawakousei/ros2_ws/install/micro_ros_setup/./config/freertos/nucleo_f446ze/client-colcon.meta
[1.106s] -- Up-to-date: /home/osawakousei/ros2_ws/install/micro_ros_setup/./config/freertos/nucleo_f446ze/package.xml
[1.106s] -- Up-to-date: /home/osawakousei/ros2_ws/install/micro_ros_setup/./config/freertos/nucleo_f446ze/create.sh
[1.107s] -- Up-to-date: /home/osawakousei/ros2_ws/install/micro_ros_setup/./config/freertos/nucleo_f446ze/board.repos
[1.107s] -- Up-to-date: /home/osawakousei/ros2_ws/install/micro_ros_setup/./config/freertos/nucleo_f446ze/flash.sh
[1.107s] -- Up-to-date: /home/osawakousei/ros2_ws/install/micro_ros_setup/./config/freertos/nucleo_f446ze/client_uros_packages.repos
[1.108s] -- Up-to-date: /home/osawakousei/ros2_ws/install/micro_ros_setup/./config/freertos/nucleo_f446ze/build.sh
[1.110s] -- Up-to-date: /home/osawakousei/ros2_ws/install/micro_ros_setup/./config/freertos/dev_ros2_packages.txt
[1.111s] -- Up-to-date: /home/osawakousei/ros2_ws/install/micro_ros_setup/./config/freertos/nucleo_f446re
[1.111s] -- Up-to-date: /home/osawakousei/ros2_ws/install/micro_ros_setup/./config/freertos/nucleo_f446re/configure.sh
[1.112s] -- Up-to-date: /home/osawakousei/ros2_ws/install/micro_ros_setup/./config/freertos/nucleo_f446re/client-colcon.meta
[1.113s] -- Up-to-date: /home/osawakousei/ros2_ws/install/micro_ros_setup/./config/freertos/nucleo_f446re/package.xml
[1.114s] -- Up-to-date: /home/osawakousei/ros2_ws/install/micro_ros_setup/./config/freertos/nucleo_f446re/create.sh
[1.115s] -- Up-to-date: /home/osawakousei/ros2_ws/install/micro_ros_setup/./config/freertos/nucleo_f446re/board.repos
[1.115s] -- Up-to-date: /home/osawakousei/ros2_ws/install/micro_ros_setup/./config/freertos/nucleo_f446re/flash.sh
[1.115s] -- Up-to-date: /home/osawakousei/ros2_ws/install/micro_ros_setup/./config/freertos/nucleo_f446re/client_uros_packages.repos
[1.115s] -- Up-to-date: /home/osawakousei/ros2_ws/install/micro_ros_setup/./config/freertos/nucleo_f446re/build.sh
[1.115s] -- Up-to-date: /home/osawakousei/ros2_ws/install/micro_ros_setup/./config/android
[1.115s] -- Up-to-date: /home/osawakousei/ros2_ws/install/micro_ros_setup/./config/android/generic
[1.115s] -- Up-to-date: /home/osawakousei/ros2_ws/install/micro_ros_setup/./config/android/generic/client-colcon.meta
[1.116s] -- Up-to-date: /home/osawakousei/ros2_ws/install/micro_ros_setup/./config/android/generic/package.xml
[1.116s] -- Up-to-date: /home/osawakousei/ros2_ws/install/micro_ros_setup/./config/android/generic/create.sh
[1.116s] -- Up-to-date: /home/osawakousei/ros2_ws/install/micro_ros_setup/./config/android/generic/flash.sh
[1.116s] -- Up-to-date: /home/osawakousei/ros2_ws/install/micro_ros_setup/./config/android/generic/client_uros_packages.repos
[1.116s] -- Up-to-date: /home/osawakousei/ros2_ws/install/micro_ros_setup/./config/android/generic/build.sh
[1.117s] -- Up-to-date: /home/osawakousei/ros2_ws/install/micro_ros_setup/./config/android/dev_uros_packages.repos
[1.117s] -- Up-to-date: /home/osawakousei/ros2_ws/install/micro_ros_setup/./config/android/dev_ros2_packages.txt
[1.117s] -- Up-to-date: /home/osawakousei/ros2_ws/install/micro_ros_setup/./config/utils.sh
[1.122s] -- Up-to-date: /home/osawakousei/ros2_ws/install/micro_ros_setup/./config/agent_uros_packages.repos
[1.122s] -- Up-to-date: /home/osawakousei/ros2_ws/install/micro_ros_setup/./config/raspbian
[1.123s] -- Up-to-date: /home/osawakousei/ros2_ws/install/micro_ros_setup/./config/raspbian/generic
[1.123s] -- Up-to-date: /home/osawakousei/ros2_ws/install/micro_ros_setup/./config/raspbian/generic/configure.sh
[1.123s] -- Up-to-date: /home/osawakousei/ros2_ws/install/micro_ros_setup/./config/raspbian/generic/client-colcon.meta
[1.123s] -- Up-to-date: /home/osawakousei/ros2_ws/install/micro_ros_setup/./config/raspbian/generic/create.sh
[1.123s] -- Up-to-date: /home/osawakousei/ros2_ws/install/micro_ros_setup/./config/raspbian/generic/flash.sh
[1.123s] -- Up-to-date: /home/osawakousei/ros2_ws/install/micro_ros_setup/./config/raspbian/generic/supported_platforms
[1.123s] -- Up-to-date: /home/osawakousei/ros2_ws/install/micro_ros_setup/./config/raspbian/generic/client_uros_packages.repos
[1.124s] -- Up-to-date: /home/osawakousei/ros2_ws/install/micro_ros_setup/./config/raspbian/generic/build.sh
[1.124s] -- Up-to-date: /home/osawakousei/ros2_ws/install/micro_ros_setup/./config/raspbian/dev_uros_packages.repos
[1.124s] -- Up-to-date: /home/osawakousei/ros2_ws/install/micro_ros_setup/./config/raspbian/dev_ros2_packages.txt
[1.124s] -- Up-to-date: /home/osawakousei/ros2_ws/install/micro_ros_setup/./config/zephyr
[1.124s] -- Up-to-date: /home/osawakousei/ros2_ws/install/micro_ros_setup/./config/zephyr/list_apps.sh
[1.124s] -- Up-to-date: /home/osawakousei/ros2_ws/install/micro_ros_setup/./config/zephyr/generic
[1.125s] -- Up-to-date: /home/osawakousei/ros2_ws/install/micro_ros_setup/./config/zephyr/generic/configure.sh
[1.125s] -- Up-to-date: /home/osawakousei/ros2_ws/install/micro_ros_setup/./config/zephyr/generic/client-colcon.meta
[1.125s] -- Up-to-date: /home/osawakousei/ros2_ws/install/micro_ros_setup/./config/zephyr/generic/package.xml
[1.127s] -- Up-to-date: /home/osawakousei/ros2_ws/install/micro_ros_setup/./config/zephyr/generic/create.sh
[1.133s] -- Up-to-date: /home/osawakousei/ros2_ws/install/micro_ros_setup/./config/zephyr/generic/board.repos
[1.133s] -- Up-to-date: /home/osawakousei/ros2_ws/install/micro_ros_setup/./config/zephyr/generic/flash.sh
[1.134s] -- Up-to-date: /home/osawakousei/ros2_ws/install/micro_ros_setup/./config/zephyr/generic/supported_platforms
[1.135s] -- Up-to-date: /home/osawakousei/ros2_ws/install/micro_ros_setup/./config/zephyr/generic/client_uros_packages.repos
[1.136s] -- Up-to-date: /home/osawakousei/ros2_ws/install/micro_ros_setup/./config/zephyr/generic/build.sh
[1.137s] -- Up-to-date: /home/osawakousei/ros2_ws/install/micro_ros_setup/./config/zephyr/dev_uros_packages.repos
[1.137s] -- Up-to-date: /home/osawakousei/ros2_ws/install/micro_ros_setup/./config/zephyr/dev_ros2_packages.txt
[1.138s] -- Up-to-date: /home/osawakousei/ros2_ws/install/micro_ros_setup/./config/mbed
[1.138s] -- Up-to-date: /home/osawakousei/ros2_ws/install/micro_ros_setup/./config/mbed/list_apps.sh
[1.138s] -- Up-to-date: /home/osawakousei/ros2_ws/install/micro_ros_setup/./config/mbed/generic
[1.139s] -- Up-to-date: /home/osawakousei/ros2_ws/install/micro_ros_setup/./config/mbed/generic/package.xml
[1.141s] -- Up-to-date: /home/osawakousei/ros2_ws/install/micro_ros_setup/./config/mbed/generic/create.sh
[1.141s] -- Up-to-date: /home/osawakousei/ros2_ws/install/micro_ros_setup/./config/mbed/generic/board.repos
[1.142s] -- Up-to-date: /home/osawakousei/ros2_ws/install/micro_ros_setup/./config/mbed/generic/flash.sh
[1.142s] -- Up-to-date: /home/osawakousei/ros2_ws/install/micro_ros_setup/./config/mbed/generic/supported_platforms
[1.150s] -- Up-to-date: /home/osawakousei/ros2_ws/install/micro_ros_setup/./config/mbed/generic/client_uros_packages.repos
[1.151s] -- Up-to-date: /home/osawakousei/ros2_ws/install/micro_ros_setup/./config/mbed/generic/build.sh
[1.151s] -- Up-to-date: /home/osawakousei/ros2_ws/install/micro_ros_setup/./config/mbed/dev_uros_packages.repos
[1.151s] -- Up-to-date: /home/osawakousei/ros2_ws/install/micro_ros_setup/./config/mbed/dev_ros2_packages.txt
[1.151s] -- Up-to-date: /home/osawakousei/ros2_ws/install/micro_ros_setup/./config/renesas_ra
[1.151s] -- Up-to-date: /home/osawakousei/ros2_ws/install/micro_ros_setup/./config/renesas_ra/list_apps.sh
[1.151s] -- Up-to-date: /home/osawakousei/ros2_ws/install/micro_ros_setup/./config/renesas_ra/dev_uros_packages.repos
[1.152s] -- Up-to-date: /home/osawakousei/ros2_ws/install/micro_ros_setup/./config/renesas_ra/dev_ros2_packages.txt
[1.152s] -- Up-to-date: /home/osawakousei/ros2_ws/install/micro_ros_setup/./config/renesas_ra/ra6m5
[1.152s] -- Up-to-date: /home/osawakousei/ros2_ws/install/micro_ros_setup/./config/renesas_ra/ra6m5/configure.sh
[1.152s] -- Up-to-date: /home/osawakousei/ros2_ws/install/micro_ros_setup/./config/renesas_ra/ra6m5/client-colcon.meta
[1.152s] -- Up-to-date: /home/osawakousei/ros2_ws/install/micro_ros_setup/./config/renesas_ra/ra6m5/create.sh
[1.152s] -- Up-to-date: /home/osawakousei/ros2_ws/install/micro_ros_setup/./config/renesas_ra/ra6m5/board.repos
[1.153s] -- Up-to-date: /home/osawakousei/ros2_ws/install/micro_ros_setup/./config/renesas_ra/ra6m5/flash.sh
[1.153s] -- Up-to-date: /home/osawakousei/ros2_ws/install/micro_ros_setup/./config/renesas_ra/ra6m5/client_uros_packages.repos
[1.153s] -- Up-to-date: /home/osawakousei/ros2_ws/install/micro_ros_setup/./config/renesas_ra/ra6m5/build.sh
[1.154s] -- Up-to-date: /home/osawakousei/ros2_ws/install/micro_ros_setup/./config/agent_ros2_packages.txt
[1.154s] -- Up-to-date: /home/osawakousei/ros2_ws/install/micro_ros_setup/./config/client_uros_packages.repos
[1.154s] -- Up-to-date: /home/osawakousei/ros2_ws/install/micro_ros_setup/./config/client_ros2_packages.txt
[1.155s] -- Up-to-date: /home/osawakousei/ros2_ws/install/micro_ros_setup/./config/generate_lib
[1.158s] -- Up-to-date: /home/osawakousei/ros2_ws/install/micro_ros_setup/./config/generate_lib/generic
[1.160s] -- Up-to-date: /home/osawakousei/ros2_ws/install/micro_ros_setup/./config/generate_lib/generic/client-colcon.meta
[1.161s] -- Up-to-date: /home/osawakousei/ros2_ws/install/micro_ros_setup/./config/generate_lib/generic/package.xml
[1.161s] -- Up-to-date: /home/osawakousei/ros2_ws/install/micro_ros_setup/./config/generate_lib/generic/create.sh
[1.161s] -- Up-to-date: /home/osawakousei/ros2_ws/install/micro_ros_setup/./config/generate_lib/generic/demo_toolchain.cmake
[1.161s] -- Up-to-date: /home/osawakousei/ros2_ws/install/micro_ros_setup/./config/generate_lib/generic/flash.sh
[1.162s] -- Up-to-date: /home/osawakousei/ros2_ws/install/micro_ros_setup/./config/generate_lib/generic/client_uros_packages.repos
[1.163s] -- Up-to-date: /home/osawakousei/ros2_ws/install/micro_ros_setup/./config/generate_lib/generic/build.sh
[1.164s] -- Up-to-date: /home/osawakousei/ros2_ws/install/micro_ros_setup/./config/generate_lib/dev_uros_packages.repos
[1.165s] -- Up-to-date: /home/osawakousei/ros2_ws/install/micro_ros_setup/./config/generate_lib/dev_ros2_packages.txt
[1.165s] -- Up-to-date: /home/osawakousei/ros2_ws/install/micro_ros_setup/lib/micro_ros_setup/create_ws.sh
[1.166s] -- Up-to-date: /home/osawakousei/ros2_ws/install/micro_ros_setup/lib/micro_ros_setup/create_agent_ws.sh
[1.166s] -- Up-to-date: /home/osawakousei/ros2_ws/install/micro_ros_setup/lib/micro_ros_setup/create_firmware_ws.sh
[1.166s] -- Up-to-date: /home/osawakousei/ros2_ws/install/micro_ros_setup/lib/micro_ros_setup/configure_firmware.sh
[1.166s] -- Up-to-date: /home/osawakousei/ros2_ws/install/micro_ros_setup/lib/micro_ros_setup/flash_firmware.sh
[1.166s] -- Up-to-date: /home/osawakousei/ros2_ws/install/micro_ros_setup/lib/micro_ros_setup/build_firmware.sh
[1.167s] -- Up-to-date: /home/osawakousei/ros2_ws/install/micro_ros_setup/lib/micro_ros_setup/build_agent.sh
[1.167s] -- Up-to-date: /home/osawakousei/ros2_ws/install/micro_ros_setup/lib/micro_ros_setup/yaml_filter.py
[1.167s] -- Up-to-date: /home/osawakousei/ros2_ws/install/micro_ros_setup/lib/micro_ros_setup/clean_env.sh
[1.167s] -- Up-to-date: /home/osawakousei/ros2_ws/install/micro_ros_setup/lib/micro_ros_setup/component
[1.168s] Invoked command in '/home/osawakousei/ros2_ws/build/micro_ros_setup' returned '0': CMAKE_PREFIX_PATH=${CMAKE_PREFIX_PATH}:/opt/ros/humble /usr/bin/cmake --install /home/osawakousei/ros2_ws/build/micro_ros_setup
