[7.116s] Invoking command in '/home/osawakousei/ros2_ws/build/micro_ros_msgs': CMAKE_PREFIX_PATH=${CMAKE_PREFIX_PATH}:/opt/ros/humble /usr/bin/cmake --build /home/osawakousei/ros2_ws/build/micro_ros_msgs -- -j12 -l12
[9.064s] [  2%] Built target micro_ros_msgs__cpp
[9.503s] [ 12%] Built target micro_ros_msgs__rosidl_generator_c
[9.825s] [ 12%] Built target ament_cmake_python_copy_micro_ros_msgs
[10.840s] [ 23%] Built target micro_ros_msgs__rosidl_typesupport_cpp
[11.126s] [ 34%] Built target micro_ros_msgs__rosidl_typesupport_introspection_cpp
[11.249s] [ 44%] Built target micro_ros_msgs__rosidl_typesupport_fastrtps_cpp
[11.559s] [ 55%] Built target micro_ros_msgs__rosidl_typesupport_introspection_c
[11.593s] [ 65%] Built target micro_ros_msgs__rosidl_typesupport_fastrtps_c
[12.217s] [ 76%] Built target micro_ros_msgs__rosidl_typesupport_c
[13.812s] [ 76%] Built target micro_ros_msgs
[14.668s] [ 78%] Built target micro_ros_msgs__py
[15.774s] [ 87%] Built target micro_ros_msgs__rosidl_generator_py
[16.392s] running egg_info
[16.462s] writing micro_ros_msgs.egg-info/PKG-INFO
[16.481s] writing dependency_links to micro_ros_msgs.egg-info/dependency_links.txt
[16.486s] writing top-level names to micro_ros_msgs.egg-info/top_level.txt
[16.505s] reading manifest file 'micro_ros_msgs.egg-info/SOURCES.txt'
[16.510s] writing manifest file 'micro_ros_msgs.egg-info/SOURCES.txt'
[17.072s] [ 91%] Built target micro_ros_msgs__rosidl_typesupport_c__pyext
[17.092s] [ 95%] Built target micro_ros_msgs__rosidl_typesupport_fastrtps_c__pyext
[17.147s] [ 95%] Built target ament_cmake_python_build_micro_ros_msgs_egg
[17.462s] [100%] Built target micro_ros_msgs__rosidl_typesupport_introspection_c__pyext
[17.909s] Invoked command in '/home/osawakousei/ros2_ws/build/micro_ros_msgs' returned '0': CMAKE_PREFIX_PATH=${CMAKE_PREFIX_PATH}:/opt/ros/humble /usr/bin/cmake --build /home/osawakousei/ros2_ws/build/micro_ros_msgs -- -j12 -l12
[22.851s] Invoking command in '/home/osawakousei/ros2_ws/build/micro_ros_msgs': CMAKE_PREFIX_PATH=${CMAKE_PREFIX_PATH}:/opt/ros/humble /usr/bin/cmake --install /home/osawakousei/ros2_ws/build/micro_ros_msgs
[22.990s] -- Install configuration: ""
[22.990s] -- Up-to-date: /home/osawakousei/ros2_ws/install/micro_ros_msgs/share/ament_index/resource_index/rosidl_interfaces/micro_ros_msgs
[22.991s] -- Up-to-date: /home/osawakousei/ros2_ws/install/micro_ros_msgs/include/micro_ros_msgs/micro_ros_msgs
[22.995s] -- Up-to-date: /home/osawakousei/ros2_ws/install/micro_ros_msgs/include/micro_ros_msgs/micro_ros_msgs/msg
[22.996s] -- Up-to-date: /home/osawakousei/ros2_ws/install/micro_ros_msgs/include/micro_ros_msgs/micro_ros_msgs/msg/entity.h
[22.997s] -- Up-to-date: /home/osawakousei/ros2_ws/install/micro_ros_msgs/include/micro_ros_msgs/micro_ros_msgs/msg/rosidl_generator_c__visibility_control.h
[22.999s] -- Up-to-date: /home/osawakousei/ros2_ws/install/micro_ros_msgs/include/micro_ros_msgs/micro_ros_msgs/msg/graph.h
[23.025s] -- Up-to-date: /home/osawakousei/ros2_ws/install/micro_ros_msgs/include/micro_ros_msgs/micro_ros_msgs/msg/detail
[23.026s] -- Up-to-date: /home/osawakousei/ros2_ws/install/micro_ros_msgs/include/micro_ros_msgs/micro_ros_msgs/msg/detail/node__functions.h
[23.029s] -- Up-to-date: /home/osawakousei/ros2_ws/install/micro_ros_msgs/include/micro_ros_msgs/micro_ros_msgs/msg/detail/graph__functions.h
[23.030s] -- Up-to-date: /home/osawakousei/ros2_ws/install/micro_ros_msgs/include/micro_ros_msgs/micro_ros_msgs/msg/detail/entity__functions.c
[23.030s] -- Up-to-date: /home/osawakousei/ros2_ws/install/micro_ros_msgs/include/micro_ros_msgs/micro_ros_msgs/msg/detail/graph__functions.c
[23.031s] -- Up-to-date: /home/osawakousei/ros2_ws/install/micro_ros_msgs/include/micro_ros_msgs/micro_ros_msgs/msg/detail/node__functions.c
[23.049s] -- Up-to-date: /home/osawakousei/ros2_ws/install/micro_ros_msgs/include/micro_ros_msgs/micro_ros_msgs/msg/detail/entity__type_support.h
[23.073s] -- Up-to-date: /home/osawakousei/ros2_ws/install/micro_ros_msgs/include/micro_ros_msgs/micro_ros_msgs/msg/detail/node__type_support.h
[23.074s] -- Up-to-date: /home/osawakousei/ros2_ws/install/micro_ros_msgs/include/micro_ros_msgs/micro_ros_msgs/msg/detail/graph__struct.h
[23.076s] -- Up-to-date: /home/osawakousei/ros2_ws/install/micro_ros_msgs/include/micro_ros_msgs/micro_ros_msgs/msg/detail/graph__type_support.h
[23.083s] -- Up-to-date: /home/osawakousei/ros2_ws/install/micro_ros_msgs/include/micro_ros_msgs/micro_ros_msgs/msg/detail/node__struct.h
[23.085s] -- Up-to-date: /home/osawakousei/ros2_ws/install/micro_ros_msgs/include/micro_ros_msgs/micro_ros_msgs/msg/detail/entity__struct.h
[23.116s] -- Up-to-date: /home/osawakousei/ros2_ws/install/micro_ros_msgs/include/micro_ros_msgs/micro_ros_msgs/msg/detail/entity__functions.h
[23.117s] -- Up-to-date: /home/osawakousei/ros2_ws/install/micro_ros_msgs/include/micro_ros_msgs/micro_ros_msgs/msg/node.h
[23.131s] -- Up-to-date: /home/osawakousei/ros2_ws/install/micro_ros_msgs/share/micro_ros_msgs/environment/library_path.sh
[23.132s] -- Up-to-date: /home/osawakousei/ros2_ws/install/micro_ros_msgs/share/micro_ros_msgs/environment/library_path.dsv
[23.133s] -- Up-to-date: /home/osawakousei/ros2_ws/install/micro_ros_msgs/lib/libmicro_ros_msgs__rosidl_generator_c.so
[23.134s] -- Up-to-date: /home/osawakousei/ros2_ws/install/micro_ros_msgs/include/micro_ros_msgs/micro_ros_msgs
[23.135s] -- Up-to-date: /home/osawakousei/ros2_ws/install/micro_ros_msgs/include/micro_ros_msgs/micro_ros_msgs/msg
[23.136s] -- Up-to-date: /home/osawakousei/ros2_ws/install/micro_ros_msgs/include/micro_ros_msgs/micro_ros_msgs/msg/detail
[23.136s] -- Up-to-date: /home/osawakousei/ros2_ws/install/micro_ros_msgs/include/micro_ros_msgs/micro_ros_msgs/msg/detail/node__rosidl_typesupport_fastrtps_c.h
[23.137s] -- Up-to-date: /home/osawakousei/ros2_ws/install/micro_ros_msgs/include/micro_ros_msgs/micro_ros_msgs/msg/detail/graph__rosidl_typesupport_fastrtps_c.h
[23.137s] -- Up-to-date: /home/osawakousei/ros2_ws/install/micro_ros_msgs/include/micro_ros_msgs/micro_ros_msgs/msg/detail/entity__rosidl_typesupport_fastrtps_c.h
[23.138s] -- Up-to-date: /home/osawakousei/ros2_ws/install/micro_ros_msgs/include/micro_ros_msgs/micro_ros_msgs/msg/rosidl_typesupport_fastrtps_c__visibility_control.h
[23.138s] -- Up-to-date: /home/osawakousei/ros2_ws/install/micro_ros_msgs/lib/libmicro_ros_msgs__rosidl_typesupport_fastrtps_c.so
[23.139s] -- Up-to-date: /home/osawakousei/ros2_ws/install/micro_ros_msgs/include/micro_ros_msgs/micro_ros_msgs
[23.140s] -- Up-to-date: /home/osawakousei/ros2_ws/install/micro_ros_msgs/include/micro_ros_msgs/micro_ros_msgs/msg
[23.148s] -- Up-to-date: /home/osawakousei/ros2_ws/install/micro_ros_msgs/include/micro_ros_msgs/micro_ros_msgs/msg/rosidl_typesupport_introspection_c__visibility_control.h
[23.151s] -- Up-to-date: /home/osawakousei/ros2_ws/install/micro_ros_msgs/include/micro_ros_msgs/micro_ros_msgs/msg/detail
[23.152s] -- Up-to-date: /home/osawakousei/ros2_ws/install/micro_ros_msgs/include/micro_ros_msgs/micro_ros_msgs/msg/detail/entity__rosidl_typesupport_introspection_c.h
[23.152s] -- Up-to-date: /home/osawakousei/ros2_ws/install/micro_ros_msgs/include/micro_ros_msgs/micro_ros_msgs/msg/detail/node__type_support.c
[23.153s] -- Up-to-date: /home/osawakousei/ros2_ws/install/micro_ros_msgs/include/micro_ros_msgs/micro_ros_msgs/msg/detail/entity__type_support.c
[23.154s] -- Up-to-date: /home/osawakousei/ros2_ws/install/micro_ros_msgs/include/micro_ros_msgs/micro_ros_msgs/msg/detail/graph__rosidl_typesupport_introspection_c.h
[23.158s] -- Up-to-date: /home/osawakousei/ros2_ws/install/micro_ros_msgs/include/micro_ros_msgs/micro_ros_msgs/msg/detail/node__rosidl_typesupport_introspection_c.h
[23.160s] -- Up-to-date: /home/osawakousei/ros2_ws/install/micro_ros_msgs/include/micro_ros_msgs/micro_ros_msgs/msg/detail/graph__type_support.c
[23.161s] -- Up-to-date: /home/osawakousei/ros2_ws/install/micro_ros_msgs/lib/libmicro_ros_msgs__rosidl_typesupport_introspection_c.so
[23.161s] -- Up-to-date: /home/osawakousei/ros2_ws/install/micro_ros_msgs/lib/libmicro_ros_msgs__rosidl_typesupport_c.so
[23.162s] -- Up-to-date: /home/osawakousei/ros2_ws/install/micro_ros_msgs/include/micro_ros_msgs/micro_ros_msgs
[23.163s] -- Up-to-date: /home/osawakousei/ros2_ws/install/micro_ros_msgs/include/micro_ros_msgs/micro_ros_msgs/msg
[23.163s] -- Up-to-date: /home/osawakousei/ros2_ws/install/micro_ros_msgs/include/micro_ros_msgs/micro_ros_msgs/msg/graph.hpp
[23.165s] -- Up-to-date: /home/osawakousei/ros2_ws/install/micro_ros_msgs/include/micro_ros_msgs/micro_ros_msgs/msg/entity.hpp
[23.175s] -- Up-to-date: /home/osawakousei/ros2_ws/install/micro_ros_msgs/include/micro_ros_msgs/micro_ros_msgs/msg/detail
[23.178s] -- Up-to-date: /home/osawakousei/ros2_ws/install/micro_ros_msgs/include/micro_ros_msgs/micro_ros_msgs/msg/detail/entity__struct.hpp
[23.181s] -- Up-to-date: /home/osawakousei/ros2_ws/install/micro_ros_msgs/include/micro_ros_msgs/micro_ros_msgs/msg/detail/node__struct.hpp
[23.185s] -- Up-to-date: /home/osawakousei/ros2_ws/install/micro_ros_msgs/include/micro_ros_msgs/micro_ros_msgs/msg/detail/node__builder.hpp
[23.186s] -- Up-to-date: /home/osawakousei/ros2_ws/install/micro_ros_msgs/include/micro_ros_msgs/micro_ros_msgs/msg/detail/entity__traits.hpp
[23.186s] -- Up-to-date: /home/osawakousei/ros2_ws/install/micro_ros_msgs/include/micro_ros_msgs/micro_ros_msgs/msg/detail/graph__builder.hpp
[23.187s] -- Up-to-date: /home/osawakousei/ros2_ws/install/micro_ros_msgs/include/micro_ros_msgs/micro_ros_msgs/msg/detail/node__traits.hpp
[23.188s] -- Up-to-date: /home/osawakousei/ros2_ws/install/micro_ros_msgs/include/micro_ros_msgs/micro_ros_msgs/msg/detail/graph__struct.hpp
[23.189s] -- Up-to-date: /home/osawakousei/ros2_ws/install/micro_ros_msgs/include/micro_ros_msgs/micro_ros_msgs/msg/detail/graph__traits.hpp
[23.190s] -- Up-to-date: /home/osawakousei/ros2_ws/install/micro_ros_msgs/include/micro_ros_msgs/micro_ros_msgs/msg/detail/entity__builder.hpp
[23.190s] -- Up-to-date: /home/osawakousei/ros2_ws/install/micro_ros_msgs/include/micro_ros_msgs/micro_ros_msgs/msg/node.hpp
[23.191s] -- Up-to-date: /home/osawakousei/ros2_ws/install/micro_ros_msgs/include/micro_ros_msgs/micro_ros_msgs
[23.192s] -- Up-to-date: /home/osawakousei/ros2_ws/install/micro_ros_msgs/include/micro_ros_msgs/micro_ros_msgs/msg
[23.193s] -- Up-to-date: /home/osawakousei/ros2_ws/install/micro_ros_msgs/include/micro_ros_msgs/micro_ros_msgs/msg/rosidl_typesupport_fastrtps_cpp__visibility_control.h
[23.196s] -- Up-to-date: /home/osawakousei/ros2_ws/install/micro_ros_msgs/include/micro_ros_msgs/micro_ros_msgs/msg/detail
[23.202s] -- Up-to-date: /home/osawakousei/ros2_ws/install/micro_ros_msgs/include/micro_ros_msgs/micro_ros_msgs/msg/detail/node__rosidl_typesupport_fastrtps_cpp.hpp
[23.203s] -- Up-to-date: /home/osawakousei/ros2_ws/install/micro_ros_msgs/include/micro_ros_msgs/micro_ros_msgs/msg/detail/graph__rosidl_typesupport_fastrtps_cpp.hpp
[23.204s] -- Up-to-date: /home/osawakousei/ros2_ws/install/micro_ros_msgs/include/micro_ros_msgs/micro_ros_msgs/msg/detail/entity__rosidl_typesupport_fastrtps_cpp.hpp
[23.205s] -- Up-to-date: /home/osawakousei/ros2_ws/install/micro_ros_msgs/include/micro_ros_msgs/micro_ros_msgs/msg/detail/dds_fastrtps
[23.205s] -- Up-to-date: /home/osawakousei/ros2_ws/install/micro_ros_msgs/lib/libmicro_ros_msgs__rosidl_typesupport_fastrtps_cpp.so
[23.206s] -- Up-to-date: /home/osawakousei/ros2_ws/install/micro_ros_msgs/include/micro_ros_msgs/micro_ros_msgs
[23.206s] -- Up-to-date: /home/osawakousei/ros2_ws/install/micro_ros_msgs/include/micro_ros_msgs/micro_ros_msgs/msg
[23.207s] -- Up-to-date: /home/osawakousei/ros2_ws/install/micro_ros_msgs/include/micro_ros_msgs/micro_ros_msgs/msg/detail
[23.209s] -- Up-to-date: /home/osawakousei/ros2_ws/install/micro_ros_msgs/include/micro_ros_msgs/micro_ros_msgs/msg/detail/graph__type_support.cpp
[23.209s] -- Up-to-date: /home/osawakousei/ros2_ws/install/micro_ros_msgs/include/micro_ros_msgs/micro_ros_msgs/msg/detail/entity__rosidl_typesupport_introspection_cpp.hpp
[23.210s] -- Up-to-date: /home/osawakousei/ros2_ws/install/micro_ros_msgs/include/micro_ros_msgs/micro_ros_msgs/msg/detail/node__type_support.cpp
[23.210s] -- Up-to-date: /home/osawakousei/ros2_ws/install/micro_ros_msgs/include/micro_ros_msgs/micro_ros_msgs/msg/detail/graph__rosidl_typesupport_introspection_cpp.hpp
[23.211s] -- Up-to-date: /home/osawakousei/ros2_ws/install/micro_ros_msgs/include/micro_ros_msgs/micro_ros_msgs/msg/detail/node__rosidl_typesupport_introspection_cpp.hpp
[23.217s] -- Up-to-date: /home/osawakousei/ros2_ws/install/micro_ros_msgs/include/micro_ros_msgs/micro_ros_msgs/msg/detail/entity__type_support.cpp
[23.217s] -- Up-to-date: /home/osawakousei/ros2_ws/install/micro_ros_msgs/lib/libmicro_ros_msgs__rosidl_typesupport_introspection_cpp.so
[23.218s] -- Up-to-date: /home/osawakousei/ros2_ws/install/micro_ros_msgs/lib/libmicro_ros_msgs__rosidl_typesupport_cpp.so
[23.219s] -- Up-to-date: /home/osawakousei/ros2_ws/install/micro_ros_msgs/share/micro_ros_msgs/environment/pythonpath.sh
[23.226s] -- Up-to-date: /home/osawakousei/ros2_ws/install/micro_ros_msgs/share/micro_ros_msgs/environment/pythonpath.dsv
[23.227s] -- Up-to-date: /home/osawakousei/ros2_ws/install/micro_ros_msgs/local/lib/python3.10/dist-packages/micro_ros_msgs-3.0.0-py3.10.egg-info
[23.228s] -- Installing: /home/osawakousei/ros2_ws/install/micro_ros_msgs/local/lib/python3.10/dist-packages/micro_ros_msgs-3.0.0-py3.10.egg-info/top_level.txt
[23.228s] -- Installing: /home/osawakousei/ros2_ws/install/micro_ros_msgs/local/lib/python3.10/dist-packages/micro_ros_msgs-3.0.0-py3.10.egg-info/SOURCES.txt
[23.229s] -- Installing: /home/osawakousei/ros2_ws/install/micro_ros_msgs/local/lib/python3.10/dist-packages/micro_ros_msgs-3.0.0-py3.10.egg-info/dependency_links.txt
[23.230s] -- Installing: /home/osawakousei/ros2_ws/install/micro_ros_msgs/local/lib/python3.10/dist-packages/micro_ros_msgs-3.0.0-py3.10.egg-info/PKG-INFO
[23.231s] -- Up-to-date: /home/osawakousei/ros2_ws/install/micro_ros_msgs/local/lib/python3.10/dist-packages/micro_ros_msgs
[23.232s] -- Up-to-date: /home/osawakousei/ros2_ws/install/micro_ros_msgs/local/lib/python3.10/dist-packages/micro_ros_msgs/libmicro_ros_msgs__rosidl_generator_py.so
[23.232s] -- Up-to-date: /home/osawakousei/ros2_ws/install/micro_ros_msgs/local/lib/python3.10/dist-packages/micro_ros_msgs/_micro_ros_msgs_s.ep.rosidl_typesupport_introspection_c.c
[23.233s] -- Up-to-date: /home/osawakousei/ros2_ws/install/micro_ros_msgs/local/lib/python3.10/dist-packages/micro_ros_msgs/micro_ros_msgs_s__rosidl_typesupport_introspection_c.cpython-310-x86_64-linux-gnu.so
[23.234s] -- Up-to-date: /home/osawakousei/ros2_ws/install/micro_ros_msgs/local/lib/python3.10/dist-packages/micro_ros_msgs/micro_ros_msgs_s__rosidl_typesupport_fastrtps_c.cpython-310-x86_64-linux-gnu.so
[23.235s] -- Up-to-date: /home/osawakousei/ros2_ws/install/micro_ros_msgs/local/lib/python3.10/dist-packages/micro_ros_msgs/__init__.py
[23.237s] -- Up-to-date: /home/osawakousei/ros2_ws/install/micro_ros_msgs/local/lib/python3.10/dist-packages/micro_ros_msgs/_micro_ros_msgs_s.ep.rosidl_typesupport_c.c
[23.238s] -- Up-to-date: /home/osawakousei/ros2_ws/install/micro_ros_msgs/local/lib/python3.10/dist-packages/micro_ros_msgs/msg
[23.238s] -- Up-to-date: /home/osawakousei/ros2_ws/install/micro_ros_msgs/local/lib/python3.10/dist-packages/micro_ros_msgs/msg/_node.py
[23.248s] -- Up-to-date: /home/osawakousei/ros2_ws/install/micro_ros_msgs/local/lib/python3.10/dist-packages/micro_ros_msgs/msg/_node_s.c
[23.249s] -- Up-to-date: /home/osawakousei/ros2_ws/install/micro_ros_msgs/local/lib/python3.10/dist-packages/micro_ros_msgs/msg/_entity_s.c
[23.250s] -- Up-to-date: /home/osawakousei/ros2_ws/install/micro_ros_msgs/local/lib/python3.10/dist-packages/micro_ros_msgs/msg/_graph.py
[23.250s] -- Up-to-date: /home/osawakousei/ros2_ws/install/micro_ros_msgs/local/lib/python3.10/dist-packages/micro_ros_msgs/msg/_entity.py
[23.251s] -- Up-to-date: /home/osawakousei/ros2_ws/install/micro_ros_msgs/local/lib/python3.10/dist-packages/micro_ros_msgs/msg/__init__.py
[23.271s] -- Up-to-date: /home/osawakousei/ros2_ws/install/micro_ros_msgs/local/lib/python3.10/dist-packages/micro_ros_msgs/msg/_graph_s.c
[23.272s] -- Up-to-date: /home/osawakousei/ros2_ws/install/micro_ros_msgs/local/lib/python3.10/dist-packages/micro_ros_msgs/_micro_ros_msgs_s.ep.rosidl_typesupport_fastrtps_c.c
[23.273s] -- Up-to-date: /home/osawakousei/ros2_ws/install/micro_ros_msgs/local/lib/python3.10/dist-packages/micro_ros_msgs/micro_ros_msgs_s__rosidl_typesupport_c.cpython-310-x86_64-linux-gnu.so
[23.478s] Listing '/home/osawakousei/ros2_ws/install/micro_ros_msgs/local/lib/python3.10/dist-packages/micro_ros_msgs'...
[23.485s] Listing '/home/osawakousei/ros2_ws/install/micro_ros_msgs/local/lib/python3.10/dist-packages/micro_ros_msgs/msg'...
[23.513s] -- Up-to-date: /home/osawakousei/ros2_ws/install/micro_ros_msgs/local/lib/python3.10/dist-packages/micro_ros_msgs/micro_ros_msgs_s__rosidl_typesupport_fastrtps_c.cpython-310-x86_64-linux-gnu.so
[23.524s] -- Up-to-date: /home/osawakousei/ros2_ws/install/micro_ros_msgs/local/lib/python3.10/dist-packages/micro_ros_msgs/micro_ros_msgs_s__rosidl_typesupport_introspection_c.cpython-310-x86_64-linux-gnu.so
[23.546s] -- Up-to-date: /home/osawakousei/ros2_ws/install/micro_ros_msgs/local/lib/python3.10/dist-packages/micro_ros_msgs/micro_ros_msgs_s__rosidl_typesupport_c.cpython-310-x86_64-linux-gnu.so
[23.549s] -- Up-to-date: /home/osawakousei/ros2_ws/install/micro_ros_msgs/lib/libmicro_ros_msgs__rosidl_generator_py.so
[23.569s] -- Up-to-date: /home/osawakousei/ros2_ws/install/micro_ros_msgs/share/micro_ros_msgs/msg/Graph.idl
[23.571s] -- Up-to-date: /home/osawakousei/ros2_ws/install/micro_ros_msgs/share/micro_ros_msgs/msg/Node.idl
[23.575s] -- Up-to-date: /home/osawakousei/ros2_ws/install/micro_ros_msgs/share/micro_ros_msgs/msg/Entity.idl
[23.582s] -- Up-to-date: /home/osawakousei/ros2_ws/install/micro_ros_msgs/share/micro_ros_msgs/msg/Graph.msg
[23.584s] -- Up-to-date: /home/osawakousei/ros2_ws/install/micro_ros_msgs/share/micro_ros_msgs/msg/Node.msg
[23.585s] -- Up-to-date: /home/osawakousei/ros2_ws/install/micro_ros_msgs/share/micro_ros_msgs/msg/Entity.msg
[23.586s] -- Up-to-date: /home/osawakousei/ros2_ws/install/micro_ros_msgs/share/ament_index/resource_index/package_run_dependencies/micro_ros_msgs
[23.586s] -- Up-to-date: /home/osawakousei/ros2_ws/install/micro_ros_msgs/share/ament_index/resource_index/parent_prefix_path/micro_ros_msgs
[23.587s] -- Up-to-date: /home/osawakousei/ros2_ws/install/micro_ros_msgs/share/micro_ros_msgs/environment/ament_prefix_path.sh
[23.588s] -- Up-to-date: /home/osawakousei/ros2_ws/install/micro_ros_msgs/share/micro_ros_msgs/environment/ament_prefix_path.dsv
[23.588s] -- Up-to-date: /home/osawakousei/ros2_ws/install/micro_ros_msgs/share/micro_ros_msgs/environment/path.sh
[23.595s] -- Up-to-date: /home/osawakousei/ros2_ws/install/micro_ros_msgs/share/micro_ros_msgs/environment/path.dsv
[23.596s] -- Up-to-date: /home/osawakousei/ros2_ws/install/micro_ros_msgs/share/micro_ros_msgs/local_setup.bash
[23.597s] -- Up-to-date: /home/osawakousei/ros2_ws/install/micro_ros_msgs/share/micro_ros_msgs/local_setup.sh
[23.614s] -- Up-to-date: /home/osawakousei/ros2_ws/install/micro_ros_msgs/share/micro_ros_msgs/local_setup.zsh
[23.617s] -- Up-to-date: /home/osawakousei/ros2_ws/install/micro_ros_msgs/share/micro_ros_msgs/local_setup.dsv
[23.619s] -- Installing: /home/osawakousei/ros2_ws/install/micro_ros_msgs/share/micro_ros_msgs/package.dsv
[23.621s] -- Up-to-date: /home/osawakousei/ros2_ws/install/micro_ros_msgs/share/ament_index/resource_index/packages/micro_ros_msgs
[23.621s] -- Up-to-date: /home/osawakousei/ros2_ws/install/micro_ros_msgs/share/micro_ros_msgs/cmake/export_micro_ros_msgs__rosidl_generator_cExport.cmake
[23.622s] -- Up-to-date: /home/osawakousei/ros2_ws/install/micro_ros_msgs/share/micro_ros_msgs/cmake/export_micro_ros_msgs__rosidl_generator_cExport-noconfig.cmake
[23.623s] -- Up-to-date: /home/osawakousei/ros2_ws/install/micro_ros_msgs/share/micro_ros_msgs/cmake/export_micro_ros_msgs__rosidl_typesupport_fastrtps_cExport.cmake
[23.624s] -- Up-to-date: /home/osawakousei/ros2_ws/install/micro_ros_msgs/share/micro_ros_msgs/cmake/export_micro_ros_msgs__rosidl_typesupport_fastrtps_cExport-noconfig.cmake
[23.625s] -- Up-to-date: /home/osawakousei/ros2_ws/install/micro_ros_msgs/share/micro_ros_msgs/cmake/micro_ros_msgs__rosidl_typesupport_introspection_cExport.cmake
[23.625s] -- Up-to-date: /home/osawakousei/ros2_ws/install/micro_ros_msgs/share/micro_ros_msgs/cmake/micro_ros_msgs__rosidl_typesupport_introspection_cExport-noconfig.cmake
[23.626s] -- Up-to-date: /home/osawakousei/ros2_ws/install/micro_ros_msgs/share/micro_ros_msgs/cmake/micro_ros_msgs__rosidl_typesupport_cExport.cmake
[23.628s] -- Up-to-date: /home/osawakousei/ros2_ws/install/micro_ros_msgs/share/micro_ros_msgs/cmake/micro_ros_msgs__rosidl_typesupport_cExport-noconfig.cmake
[23.631s] -- Up-to-date: /home/osawakousei/ros2_ws/install/micro_ros_msgs/share/micro_ros_msgs/cmake/export_micro_ros_msgs__rosidl_generator_cppExport.cmake
[23.634s] -- Up-to-date: /home/osawakousei/ros2_ws/install/micro_ros_msgs/share/micro_ros_msgs/cmake/export_micro_ros_msgs__rosidl_typesupport_fastrtps_cppExport.cmake
[23.638s] -- Up-to-date: /home/osawakousei/ros2_ws/install/micro_ros_msgs/share/micro_ros_msgs/cmake/export_micro_ros_msgs__rosidl_typesupport_fastrtps_cppExport-noconfig.cmake
[23.642s] -- Up-to-date: /home/osawakousei/ros2_ws/install/micro_ros_msgs/share/micro_ros_msgs/cmake/micro_ros_msgs__rosidl_typesupport_introspection_cppExport.cmake
[23.649s] -- Up-to-date: /home/osawakousei/ros2_ws/install/micro_ros_msgs/share/micro_ros_msgs/cmake/micro_ros_msgs__rosidl_typesupport_introspection_cppExport-noconfig.cmake
[23.651s] -- Up-to-date: /home/osawakousei/ros2_ws/install/micro_ros_msgs/share/micro_ros_msgs/cmake/micro_ros_msgs__rosidl_typesupport_cppExport.cmake
[23.652s] -- Up-to-date: /home/osawakousei/ros2_ws/install/micro_ros_msgs/share/micro_ros_msgs/cmake/micro_ros_msgs__rosidl_typesupport_cppExport-noconfig.cmake
[23.653s] -- Up-to-date: /home/osawakousei/ros2_ws/install/micro_ros_msgs/share/micro_ros_msgs/cmake/export_micro_ros_msgs__rosidl_generator_pyExport.cmake
[23.653s] -- Up-to-date: /home/osawakousei/ros2_ws/install/micro_ros_msgs/share/micro_ros_msgs/cmake/export_micro_ros_msgs__rosidl_generator_pyExport-noconfig.cmake
[23.655s] -- Up-to-date: /home/osawakousei/ros2_ws/install/micro_ros_msgs/share/micro_ros_msgs/cmake/rosidl_cmake-extras.cmake
[23.656s] -- Up-to-date: /home/osawakousei/ros2_ws/install/micro_ros_msgs/share/micro_ros_msgs/cmake/ament_cmake_export_include_directories-extras.cmake
[23.656s] -- Up-to-date: /home/osawakousei/ros2_ws/install/micro_ros_msgs/share/micro_ros_msgs/cmake/ament_cmake_export_libraries-extras.cmake
[23.657s] -- Up-to-date: /home/osawakousei/ros2_ws/install/micro_ros_msgs/share/micro_ros_msgs/cmake/ament_cmake_export_targets-extras.cmake
[23.658s] -- Up-to-date: /home/osawakousei/ros2_ws/install/micro_ros_msgs/share/micro_ros_msgs/cmake/rosidl_cmake_export_typesupport_targets-extras.cmake
[23.658s] -- Up-to-date: /home/osawakousei/ros2_ws/install/micro_ros_msgs/share/micro_ros_msgs/cmake/ament_cmake_export_dependencies-extras.cmake
[23.665s] -- Up-to-date: /home/osawakousei/ros2_ws/install/micro_ros_msgs/share/micro_ros_msgs/cmake/rosidl_cmake_export_typesupport_libraries-extras.cmake
[23.677s] -- Up-to-date: /home/osawakousei/ros2_ws/install/micro_ros_msgs/share/micro_ros_msgs/cmake/micro_ros_msgsConfig.cmake
[23.678s] -- Up-to-date: /home/osawakousei/ros2_ws/install/micro_ros_msgs/share/micro_ros_msgs/cmake/micro_ros_msgsConfig-version.cmake
[23.680s] -- Up-to-date: /home/osawakousei/ros2_ws/install/micro_ros_msgs/share/micro_ros_msgs/package.xml
[23.873s] Invoked command in '/home/osawakousei/ros2_ws/build/micro_ros_msgs' returned '0': CMAKE_PREFIX_PATH=${CMAKE_PREFIX_PATH}:/opt/ros/humble /usr/bin/cmake --install /home/osawakousei/ros2_ws/build/micro_ros_msgs
