[0.068s] Invoking command in '/home/kousei/ros2_ws/build/cpp_server_client': CMAKE_PREFIX_PATH=/opt/ros/humble /usr/bin/cmake --build /home/kousei/ros2_ws/build/cpp_server_client -- -j16 -l16
[0.083s] -- Found ament_cmake: 1.3.6 (/opt/ros/humble/share/ament_cmake/cmake)
[0.181s] -- Found rclcpp: 16.0.7 (/opt/ros/humble/share/rclcpp/cmake)
[0.202s] -- Found rosidl_generator_c: 3.1.5 (/opt/ros/humble/share/rosidl_generator_c/cmake)
[0.203s] -- Found rosidl_adapter: 3.1.5 (/opt/ros/humble/share/rosidl_adapter/cmake)
[0.207s] -- Found rosidl_generator_cpp: 3.1.5 (/opt/ros/humble/share/rosidl_generator_cpp/cmake)
[0.214s] -- Using all available rosidl_typesupport_c: rosidl_typesupport_fastrtps_c;rosidl_typesupport_introspection_c
[0.224s] -- Using all available rosidl_typesupport_cpp: rosidl_typesupport_fastrtps_cpp;rosidl_typesupport_introspection_cpp
[0.262s] -- Found rmw_implementation_cmake: 6.1.1 (/opt/ros/humble/share/rmw_implementation_cmake/cmake)
[0.263s] -- Found rmw_fastrtps_cpp: 6.2.5 (/opt/ros/humble/share/rmw_fastrtps_cpp/cmake)
[0.345s] -- Using RMW implementation 'rmw_fastrtps_cpp' as default
[0.448s] -- Found rosidl_default_generators: 1.2.0 (/opt/ros/humble/share/rosidl_default_generators/cmake)
[0.452s] -- Found ament_lint_auto: 0.12.9 (/opt/ros/humble/share/ament_lint_auto/cmake)
[0.617s] -- Found ament_cmake_ros: 0.10.0 (/opt/ros/humble/share/ament_cmake_ros/cmake)
[0.817s] -- Using all available rosidl_typesupport_c: rosidl_typesupport_fastrtps_c;rosidl_typesupport_introspection_c
[0.926s] -- Using all available rosidl_typesupport_cpp: rosidl_typesupport_fastrtps_cpp;rosidl_typesupport_introspection_cpp
[0.953s] -- Found python_cmake_module: 0.10.0 (/opt/ros/humble/share/python_cmake_module/cmake)
[0.997s] -- Using PYTHON_EXECUTABLE: /usr/bin/python3
[0.997s] -- Using PYTHON_INCLUDE_DIRS: /usr/include/python3.10
[0.998s] -- Using PYTHON_LIBRARIES: /usr/lib/x86_64-linux-gnu/libpython3.10.so
[1.070s] -- Added test 'cppcheck' to perform static code analysis on C / C++ code
[1.071s] -- Configured cppcheck include dirs: 
[1.071s] -- Configured cppcheck exclude dirs and/or files: 
[1.079s] -- Added test 'flake8' to check Python code syntax and style conventions
[1.093s] -- Added test 'lint_cmake' to check CMake code style
[1.100s] -- Added test 'pep257' to check Python code against some of the docstring style conventions in PEP 257
[1.155s] -- Added test 'uncrustify' to check C / C++ code style
[1.155s] -- Configured uncrustify additional arguments: 
[1.162s] -- Added test 'xmllint' to check XML markup files
[1.166s] -- Configuring done
[1.206s] -- Generating done
[1.210s] -- Build files have been written to: /home/kousei/ros2_ws/build/cpp_server_client
[1.234s] [35m[1mConsolidate compiler generated dependencies of target cpp_server_client__rosidl_generator_c[0m
[1.240s] [  2%] Built target cpp_server_client__cpp
[1.245s] [  5%] [32mBuilding C object CMakeFiles/cpp_server_client__rosidl_generator_c.dir/rosidl_generator_c/cpp_server_client/srv/detail/practice_srv__functions.c.o[0m
[1.250s] [35m[1mConsolidate compiler generated dependencies of target cpp_server_client__rosidl_typesupport_cpp[0m
[1.250s] [35m[1mConsolidate compiler generated dependencies of target cpp_server_client__rosidl_typesupport_fastrtps_cpp[0m
[1.251s] [  5%] Built target ament_cmake_python_copy_cpp_server_client
[1.252s] [35m[1mConsolidate compiler generated dependencies of target cpp_server_client__rosidl_typesupport_introspection_cpp[0m
[1.263s] [  8%] [32mBuilding CXX object CMakeFiles/cpp_server_client__rosidl_typesupport_cpp.dir/rosidl_typesupport_cpp/cpp_server_client/srv/practice_srv__type_support.cpp.o[0m
[1.264s] [ 11%] [32mBuilding CXX object CMakeFiles/cpp_server_client__rosidl_typesupport_fastrtps_cpp.dir/rosidl_typesupport_fastrtps_cpp/cpp_server_client/srv/detail/dds_fastrtps/practice_srv__type_support.cpp.o[0m
[1.265s] [ 14%] [32mBuilding CXX object CMakeFiles/cpp_server_client__rosidl_typesupport_introspection_cpp.dir/rosidl_typesupport_introspection_cpp/cpp_server_client/srv/detail/practice_srv__type_support.cpp.o[0m
[1.305s] [ 17%] [32m[1mLinking C shared library libcpp_server_client__rosidl_generator_c.so[0m
[1.333s] [ 20%] Built target cpp_server_client__rosidl_generator_c
[1.342s] [35m[1mConsolidate compiler generated dependencies of target cpp_server_client__rosidl_typesupport_introspection_c[0m
[1.344s] [35m[1mConsolidate compiler generated dependencies of target cpp_server_client__rosidl_typesupport_fastrtps_c[0m
[1.344s] [35m[1mConsolidate compiler generated dependencies of target cpp_server_client__rosidl_typesupport_c[0m
[1.354s] [ 22%] [32mBuilding CXX object CMakeFiles/cpp_server_client__rosidl_typesupport_c.dir/rosidl_typesupport_c/cpp_server_client/srv/practice_srv__type_support.cpp.o[0m
[1.369s] [ 25%] [32mBuilding CXX object CMakeFiles/cpp_server_client__rosidl_typesupport_fastrtps_c.dir/rosidl_typesupport_fastrtps_c/cpp_server_client/srv/detail/practice_srv__type_support_c.cpp.o[0m
[1.377s] [ 28%] [32mBuilding C object CMakeFiles/cpp_server_client__rosidl_typesupport_introspection_c.dir/rosidl_typesupport_introspection_c/cpp_server_client/srv/detail/practice_srv__type_support.c.o[0m
[1.408s] [ 31%] [32m[1mLinking CXX shared library libcpp_server_client__rosidl_typesupport_c.so[0m
[1.433s] [ 34%] [32m[1mLinking C shared library libcpp_server_client__rosidl_typesupport_introspection_c.so[0m
[1.464s] [ 40%] Built target cpp_server_client__rosidl_typesupport_c
[1.464s] [ 40%] Built target cpp_server_client__rosidl_typesupport_introspection_c
[1.502s] [ 42%] [32m[1mLinking CXX shared library libcpp_server_client__rosidl_typesupport_cpp.so[0m
[1.525s] running egg_info
[1.526s] writing cpp_server_client.egg-info/PKG-INFO
[1.526s] writing dependency_links to cpp_server_client.egg-info/dependency_links.txt
[1.526s] writing top-level names to cpp_server_client.egg-info/top_level.txt
[1.529s] reading manifest file 'cpp_server_client.egg-info/SOURCES.txt'
[1.530s] [ 45%] Built target cpp_server_client__rosidl_typesupport_cpp
[1.530s] writing manifest file 'cpp_server_client.egg-info/SOURCES.txt'
[1.538s] [35m[1mConsolidate compiler generated dependencies of target practice_server_node[0m
[1.542s] [35m[1mConsolidate compiler generated dependencies of target practice_client_node[0m
[1.556s] [ 48%] [32mBuilding CXX object CMakeFiles/practice_server_node.dir/src/server_node.cpp.o[0m
[1.558s] [ 51%] [32mBuilding CXX object CMakeFiles/practice_client_node.dir/src/client_node.cpp.o[0m
[1.562s] [ 51%] Built target ament_cmake_python_build_cpp_server_client_egg
[1.676s] [ 54%] [32m[1mLinking CXX shared library libcpp_server_client__rosidl_typesupport_fastrtps_cpp.so[0m
[1.770s] [ 57%] [32m[1mLinking CXX shared library libcpp_server_client__rosidl_typesupport_fastrtps_c.so[0m
[1.788s] [ 60%] [32m[1mLinking CXX shared library libcpp_server_client__rosidl_typesupport_introspection_cpp.so[0m
[1.803s] [ 62%] Built target cpp_server_client__rosidl_typesupport_fastrtps_cpp
[1.865s] [ 68%] Built target cpp_server_client__rosidl_typesupport_fastrtps_c
[1.865s] [ 68%] Built target cpp_server_client__rosidl_typesupport_introspection_cpp
[1.882s] [ 68%] Built target cpp_server_client
[1.899s] [ 71%] Built target cpp_server_client__py
[1.906s] [35m[1mConsolidate compiler generated dependencies of target cpp_server_client__rosidl_generator_py[0m
[1.913s] [ 74%] [32mBuilding C object CMakeFiles/cpp_server_client__rosidl_generator_py.dir/rosidl_generator_py/cpp_server_client/srv/_practice_srv_s.c.o[0m
[1.987s] [ 77%] [32m[1mLinking C shared library rosidl_generator_py/cpp_server_client/libcpp_server_client__rosidl_generator_py.so[0m
[2.019s] [ 77%] Built target cpp_server_client__rosidl_generator_py
[2.021s] [35m[1mConsolidate compiler generated dependencies of target cpp_server_client__rosidl_typesupport_fastrtps_c__pyext[0m
[2.023s] [35m[1mConsolidate compiler generated dependencies of target cpp_server_client__rosidl_typesupport_c__pyext[0m
[2.023s] [35m[1mConsolidate compiler generated dependencies of target cpp_server_client__rosidl_typesupport_introspection_c__pyext[0m
[2.028s] [ 80%] [32mBuilding C object CMakeFiles/cpp_server_client__rosidl_typesupport_fastrtps_c__pyext.dir/rosidl_generator_py/cpp_server_client/_cpp_server_client_s.ep.rosidl_typesupport_fastrtps_c.c.o[0m
[2.036s] [ 85%] [32mBuilding C object CMakeFiles/cpp_server_client__rosidl_typesupport_introspection_c__pyext.dir/rosidl_generator_py/cpp_server_client/_cpp_server_client_s.ep.rosidl_typesupport_introspection_c.c.o[0m
[2.036s] [ 85%] [32mBuilding C object CMakeFiles/cpp_server_client__rosidl_typesupport_c__pyext.dir/rosidl_generator_py/cpp_server_client/_cpp_server_client_s.ep.rosidl_typesupport_c.c.o[0m
[2.091s] [ 88%] [32m[1mLinking C shared library rosidl_generator_py/cpp_server_client/cpp_server_client_s__rosidl_typesupport_fastrtps_c.cpython-310-x86_64-linux-gnu.so[0m
[2.116s] [ 88%] Built target cpp_server_client__rosidl_typesupport_fastrtps_c__pyext
[2.136s] [ 91%] [32m[1mLinking C shared library rosidl_generator_py/cpp_server_client/cpp_server_client_s__rosidl_typesupport_introspection_c.cpython-310-x86_64-linux-gnu.so[0m
[2.137s] [ 94%] [32m[1mLinking C shared library rosidl_generator_py/cpp_server_client/cpp_server_client_s__rosidl_typesupport_c.cpython-310-x86_64-linux-gnu.so[0m
[2.163s] [ 94%] Built target cpp_server_client__rosidl_typesupport_c__pyext
[2.165s] [ 94%] Built target cpp_server_client__rosidl_typesupport_introspection_c__pyext
[4.122s] [ 97%] [32m[1mLinking CXX executable practice_client_node[0m
[4.124s] [100%] [32m[1mLinking CXX executable practice_server_node[0m
[4.226s] [100%] Built target practice_server_node
[4.229s] [100%] Built target practice_client_node
[4.237s] Invoked command in '/home/kousei/ros2_ws/build/cpp_server_client' returned '0': CMAKE_PREFIX_PATH=/opt/ros/humble /usr/bin/cmake --build /home/kousei/ros2_ws/build/cpp_server_client -- -j16 -l16
[4.284s] Invoking command in '/home/kousei/ros2_ws/build/cpp_server_client': CMAKE_PREFIX_PATH=/opt/ros/humble /usr/bin/cmake --install /home/kousei/ros2_ws/build/cpp_server_client
[4.293s] -- Install configuration: ""
[4.293s] -- Up-to-date: /home/kousei/ros2_ws/install/cpp_server_client/share/ament_index/resource_index/rosidl_interfaces/cpp_server_client
[4.293s] -- Up-to-date: /home/kousei/ros2_ws/install/cpp_server_client/include/cpp_server_client/cpp_server_client
[4.293s] -- Up-to-date: /home/kousei/ros2_ws/install/cpp_server_client/include/cpp_server_client/cpp_server_client/srv
[4.293s] -- Up-to-date: /home/kousei/ros2_ws/install/cpp_server_client/include/cpp_server_client/cpp_server_client/srv/detail
[4.294s] -- Up-to-date: /home/kousei/ros2_ws/install/cpp_server_client/include/cpp_server_client/cpp_server_client/srv/detail/practice_srv__functions.h
[4.294s] -- Up-to-date: /home/kousei/ros2_ws/install/cpp_server_client/include/cpp_server_client/cpp_server_client/srv/detail/practice_srv__type_support.h
[4.294s] -- Up-to-date: /home/kousei/ros2_ws/install/cpp_server_client/include/cpp_server_client/cpp_server_client/srv/detail/practice_srv__struct.h
[4.294s] -- Up-to-date: /home/kousei/ros2_ws/install/cpp_server_client/include/cpp_server_client/cpp_server_client/srv/detail/practice_srv__functions.c
[4.294s] -- Up-to-date: /home/kousei/ros2_ws/install/cpp_server_client/include/cpp_server_client/cpp_server_client/srv/practice_srv.h
[4.294s] -- Up-to-date: /home/kousei/ros2_ws/install/cpp_server_client/include/cpp_server_client/cpp_server_client/msg
[4.294s] -- Up-to-date: /home/kousei/ros2_ws/install/cpp_server_client/include/cpp_server_client/cpp_server_client/msg/rosidl_generator_c__visibility_control.h
[4.294s] -- Installing: /home/kousei/ros2_ws/install/cpp_server_client/share/cpp_server_client/environment/library_path.sh
[4.294s] -- Installing: /home/kousei/ros2_ws/install/cpp_server_client/share/cpp_server_client/environment/library_path.dsv
[4.294s] -- Installing: /home/kousei/ros2_ws/install/cpp_server_client/lib/libcpp_server_client__rosidl_generator_c.so
[4.294s] -- Set runtime path of "/home/kousei/ros2_ws/install/cpp_server_client/lib/libcpp_server_client__rosidl_generator_c.so" to ""
[4.294s] -- Up-to-date: /home/kousei/ros2_ws/install/cpp_server_client/include/cpp_server_client/cpp_server_client
[4.295s] -- Up-to-date: /home/kousei/ros2_ws/install/cpp_server_client/include/cpp_server_client/cpp_server_client/srv
[4.295s] -- Up-to-date: /home/kousei/ros2_ws/install/cpp_server_client/include/cpp_server_client/cpp_server_client/srv/detail
[4.295s] -- Up-to-date: /home/kousei/ros2_ws/install/cpp_server_client/include/cpp_server_client/cpp_server_client/srv/detail/practice_srv__rosidl_typesupport_fastrtps_c.h
[4.295s] -- Up-to-date: /home/kousei/ros2_ws/install/cpp_server_client/include/cpp_server_client/cpp_server_client/msg
[4.295s] -- Up-to-date: /home/kousei/ros2_ws/install/cpp_server_client/include/cpp_server_client/cpp_server_client/msg/rosidl_typesupport_fastrtps_c__visibility_control.h
[4.295s] -- Installing: /home/kousei/ros2_ws/install/cpp_server_client/lib/libcpp_server_client__rosidl_typesupport_fastrtps_c.so
[4.295s] -- Set runtime path of "/home/kousei/ros2_ws/install/cpp_server_client/lib/libcpp_server_client__rosidl_typesupport_fastrtps_c.so" to ""
[4.295s] -- Up-to-date: /home/kousei/ros2_ws/install/cpp_server_client/include/cpp_server_client/cpp_server_client
[4.295s] -- Up-to-date: /home/kousei/ros2_ws/install/cpp_server_client/include/cpp_server_client/cpp_server_client/srv
[4.295s] -- Up-to-date: /home/kousei/ros2_ws/install/cpp_server_client/include/cpp_server_client/cpp_server_client/srv/practice_srv.hpp
[4.296s] -- Up-to-date: /home/kousei/ros2_ws/install/cpp_server_client/include/cpp_server_client/cpp_server_client/srv/detail
[4.296s] -- Up-to-date: /home/kousei/ros2_ws/install/cpp_server_client/include/cpp_server_client/cpp_server_client/srv/detail/practice_srv__builder.hpp
[4.296s] -- Up-to-date: /home/kousei/ros2_ws/install/cpp_server_client/include/cpp_server_client/cpp_server_client/srv/detail/practice_srv__struct.hpp
[4.296s] -- Up-to-date: /home/kousei/ros2_ws/install/cpp_server_client/include/cpp_server_client/cpp_server_client/srv/detail/practice_srv__traits.hpp
[4.296s] -- Up-to-date: /home/kousei/ros2_ws/install/cpp_server_client/include/cpp_server_client/cpp_server_client
[4.296s] -- Up-to-date: /home/kousei/ros2_ws/install/cpp_server_client/include/cpp_server_client/cpp_server_client/srv
[4.296s] -- Up-to-date: /home/kousei/ros2_ws/install/cpp_server_client/include/cpp_server_client/cpp_server_client/srv/detail
[4.296s] -- Installing: /home/kousei/ros2_ws/install/cpp_server_client/include/cpp_server_client/cpp_server_client/srv/detail/dds_fastrtps
[4.296s] -- Up-to-date: /home/kousei/ros2_ws/install/cpp_server_client/include/cpp_server_client/cpp_server_client/srv/detail/practice_srv__rosidl_typesupport_fastrtps_cpp.hpp
[4.296s] -- Up-to-date: /home/kousei/ros2_ws/install/cpp_server_client/include/cpp_server_client/cpp_server_client/msg
[4.296s] -- Up-to-date: /home/kousei/ros2_ws/install/cpp_server_client/include/cpp_server_client/cpp_server_client/msg/rosidl_typesupport_fastrtps_cpp__visibility_control.h
[4.296s] -- Installing: /home/kousei/ros2_ws/install/cpp_server_client/lib/libcpp_server_client__rosidl_typesupport_fastrtps_cpp.so
[4.297s] -- Set runtime path of "/home/kousei/ros2_ws/install/cpp_server_client/lib/libcpp_server_client__rosidl_typesupport_fastrtps_cpp.so" to ""
[4.297s] -- Up-to-date: /home/kousei/ros2_ws/install/cpp_server_client/include/cpp_server_client/cpp_server_client
[4.297s] -- Up-to-date: /home/kousei/ros2_ws/install/cpp_server_client/include/cpp_server_client/cpp_server_client/srv
[4.297s] -- Up-to-date: /home/kousei/ros2_ws/install/cpp_server_client/include/cpp_server_client/cpp_server_client/srv/detail
[4.297s] -- Up-to-date: /home/kousei/ros2_ws/install/cpp_server_client/include/cpp_server_client/cpp_server_client/srv/detail/practice_srv__rosidl_typesupport_introspection_c.h
[4.297s] -- Up-to-date: /home/kousei/ros2_ws/install/cpp_server_client/include/cpp_server_client/cpp_server_client/srv/detail/practice_srv__type_support.c
[4.297s] -- Up-to-date: /home/kousei/ros2_ws/install/cpp_server_client/include/cpp_server_client/cpp_server_client/msg
[4.297s] -- Up-to-date: /home/kousei/ros2_ws/install/cpp_server_client/include/cpp_server_client/cpp_server_client/msg/rosidl_typesupport_introspection_c__visibility_control.h
[4.297s] -- Installing: /home/kousei/ros2_ws/install/cpp_server_client/lib/libcpp_server_client__rosidl_typesupport_introspection_c.so
[4.297s] -- Set runtime path of "/home/kousei/ros2_ws/install/cpp_server_client/lib/libcpp_server_client__rosidl_typesupport_introspection_c.so" to ""
[4.297s] -- Installing: /home/kousei/ros2_ws/install/cpp_server_client/lib/libcpp_server_client__rosidl_typesupport_c.so
[4.298s] -- Set runtime path of "/home/kousei/ros2_ws/install/cpp_server_client/lib/libcpp_server_client__rosidl_typesupport_c.so" to ""
[4.298s] -- Up-to-date: /home/kousei/ros2_ws/install/cpp_server_client/include/cpp_server_client/cpp_server_client
[4.298s] -- Up-to-date: /home/kousei/ros2_ws/install/cpp_server_client/include/cpp_server_client/cpp_server_client/srv
[4.298s] -- Up-to-date: /home/kousei/ros2_ws/install/cpp_server_client/include/cpp_server_client/cpp_server_client/srv/detail
[4.298s] -- Up-to-date: /home/kousei/ros2_ws/install/cpp_server_client/include/cpp_server_client/cpp_server_client/srv/detail/practice_srv__type_support.cpp
[4.298s] -- Up-to-date: /home/kousei/ros2_ws/install/cpp_server_client/include/cpp_server_client/cpp_server_client/srv/detail/practice_srv__rosidl_typesupport_introspection_cpp.hpp
[4.298s] -- Installing: /home/kousei/ros2_ws/install/cpp_server_client/lib/libcpp_server_client__rosidl_typesupport_introspection_cpp.so
[4.298s] -- Set runtime path of "/home/kousei/ros2_ws/install/cpp_server_client/lib/libcpp_server_client__rosidl_typesupport_introspection_cpp.so" to ""
[4.298s] -- Installing: /home/kousei/ros2_ws/install/cpp_server_client/lib/libcpp_server_client__rosidl_typesupport_cpp.so
[4.299s] -- Set runtime path of "/home/kousei/ros2_ws/install/cpp_server_client/lib/libcpp_server_client__rosidl_typesupport_cpp.so" to ""
[4.299s] -- Up-to-date: /home/kousei/ros2_ws/install/cpp_server_client/share/cpp_server_client/environment/pythonpath.sh
[4.299s] -- Installing: /home/kousei/ros2_ws/install/cpp_server_client/share/cpp_server_client/environment/pythonpath.dsv
[4.299s] -- Up-to-date: /home/kousei/ros2_ws/install/cpp_server_client/local/lib/python3.10/dist-packages/cpp_server_client-0.0.0-py3.10.egg-info
[4.299s] -- Installing: /home/kousei/ros2_ws/install/cpp_server_client/local/lib/python3.10/dist-packages/cpp_server_client-0.0.0-py3.10.egg-info/dependency_links.txt
[4.299s] -- Installing: /home/kousei/ros2_ws/install/cpp_server_client/local/lib/python3.10/dist-packages/cpp_server_client-0.0.0-py3.10.egg-info/SOURCES.txt
[4.299s] -- Installing: /home/kousei/ros2_ws/install/cpp_server_client/local/lib/python3.10/dist-packages/cpp_server_client-0.0.0-py3.10.egg-info/top_level.txt
[4.299s] -- Installing: /home/kousei/ros2_ws/install/cpp_server_client/local/lib/python3.10/dist-packages/cpp_server_client-0.0.0-py3.10.egg-info/PKG-INFO
[4.299s] -- Up-to-date: /home/kousei/ros2_ws/install/cpp_server_client/local/lib/python3.10/dist-packages/cpp_server_client
[4.300s] -- Installing: /home/kousei/ros2_ws/install/cpp_server_client/local/lib/python3.10/dist-packages/cpp_server_client/__init__.py
[4.300s] -- Installing: /home/kousei/ros2_ws/install/cpp_server_client/local/lib/python3.10/dist-packages/cpp_server_client/cpp_server_client_s__rosidl_typesupport_c.cpython-310-x86_64-linux-gnu.so
[4.300s] -- Up-to-date: /home/kousei/ros2_ws/install/cpp_server_client/local/lib/python3.10/dist-packages/cpp_server_client/srv
[4.300s] -- Up-to-date: /home/kousei/ros2_ws/install/cpp_server_client/local/lib/python3.10/dist-packages/cpp_server_client/srv/__init__.py
[4.300s] -- Up-to-date: /home/kousei/ros2_ws/install/cpp_server_client/local/lib/python3.10/dist-packages/cpp_server_client/srv/_practice_srv.py
[4.300s] -- Up-to-date: /home/kousei/ros2_ws/install/cpp_server_client/local/lib/python3.10/dist-packages/cpp_server_client/srv/_practice_srv_s.c
[4.300s] -- Installing: /home/kousei/ros2_ws/install/cpp_server_client/local/lib/python3.10/dist-packages/cpp_server_client/cpp_server_client_s__rosidl_typesupport_fastrtps_c.cpython-310-x86_64-linux-gnu.so
[4.300s] -- Up-to-date: /home/kousei/ros2_ws/install/cpp_server_client/local/lib/python3.10/dist-packages/cpp_server_client/_cpp_server_client_s.ep.rosidl_typesupport_c.c
[4.300s] -- Up-to-date: /home/kousei/ros2_ws/install/cpp_server_client/local/lib/python3.10/dist-packages/cpp_server_client/_cpp_server_client_s.ep.rosidl_typesupport_fastrtps_c.c
[4.300s] -- Installing: /home/kousei/ros2_ws/install/cpp_server_client/local/lib/python3.10/dist-packages/cpp_server_client/libcpp_server_client__rosidl_generator_py.so
[4.300s] -- Installing: /home/kousei/ros2_ws/install/cpp_server_client/local/lib/python3.10/dist-packages/cpp_server_client/cpp_server_client_s__rosidl_typesupport_introspection_c.cpython-310-x86_64-linux-gnu.so
[4.301s] -- Up-to-date: /home/kousei/ros2_ws/install/cpp_server_client/local/lib/python3.10/dist-packages/cpp_server_client/_cpp_server_client_s.ep.rosidl_typesupport_introspection_c.c
[4.337s] Listing '/home/kousei/ros2_ws/install/cpp_server_client/local/lib/python3.10/dist-packages/cpp_server_client'...
[4.337s] Compiling '/home/kousei/ros2_ws/install/cpp_server_client/local/lib/python3.10/dist-packages/cpp_server_client/__init__.py'...
[4.337s] Listing '/home/kousei/ros2_ws/install/cpp_server_client/local/lib/python3.10/dist-packages/cpp_server_client/srv'...
[4.337s] Compiling '/home/kousei/ros2_ws/install/cpp_server_client/local/lib/python3.10/dist-packages/cpp_server_client/srv/__init__.py'...
[4.338s] Compiling '/home/kousei/ros2_ws/install/cpp_server_client/local/lib/python3.10/dist-packages/cpp_server_client/srv/_practice_srv.py'...
[4.342s] -- Installing: /home/kousei/ros2_ws/install/cpp_server_client/local/lib/python3.10/dist-packages/cpp_server_client/cpp_server_client_s__rosidl_typesupport_fastrtps_c.cpython-310-x86_64-linux-gnu.so
[4.342s] -- Set runtime path of "/home/kousei/ros2_ws/install/cpp_server_client/local/lib/python3.10/dist-packages/cpp_server_client/cpp_server_client_s__rosidl_typesupport_fastrtps_c.cpython-310-x86_64-linux-gnu.so" to ""
[4.343s] -- Installing: /home/kousei/ros2_ws/install/cpp_server_client/local/lib/python3.10/dist-packages/cpp_server_client/cpp_server_client_s__rosidl_typesupport_introspection_c.cpython-310-x86_64-linux-gnu.so
[4.343s] -- Set runtime path of "/home/kousei/ros2_ws/install/cpp_server_client/local/lib/python3.10/dist-packages/cpp_server_client/cpp_server_client_s__rosidl_typesupport_introspection_c.cpython-310-x86_64-linux-gnu.so" to ""
[4.343s] -- Installing: /home/kousei/ros2_ws/install/cpp_server_client/local/lib/python3.10/dist-packages/cpp_server_client/cpp_server_client_s__rosidl_typesupport_c.cpython-310-x86_64-linux-gnu.so
[4.343s] -- Set runtime path of "/home/kousei/ros2_ws/install/cpp_server_client/local/lib/python3.10/dist-packages/cpp_server_client/cpp_server_client_s__rosidl_typesupport_c.cpython-310-x86_64-linux-gnu.so" to ""
[4.343s] -- Installing: /home/kousei/ros2_ws/install/cpp_server_client/lib/libcpp_server_client__rosidl_generator_py.so
[4.344s] -- Set runtime path of "/home/kousei/ros2_ws/install/cpp_server_client/lib/libcpp_server_client__rosidl_generator_py.so" to ""
[4.344s] -- Up-to-date: /home/kousei/ros2_ws/install/cpp_server_client/share/cpp_server_client/srv/PracticeSrv.idl
[4.344s] -- Installing: /home/kousei/ros2_ws/install/cpp_server_client/share/cpp_server_client/srv/PracticeSrv.srv
[4.344s] -- Up-to-date: /home/kousei/ros2_ws/install/cpp_server_client/share/cpp_server_client/srv/PracticeSrv_Request.msg
[4.344s] -- Up-to-date: /home/kousei/ros2_ws/install/cpp_server_client/share/cpp_server_client/srv/PracticeSrv_Response.msg
[4.344s] -- Installing: /home/kousei/ros2_ws/install/cpp_server_client/lib/cpp_server_client/practice_server_node
[4.345s] -- Set runtime path of "/home/kousei/ros2_ws/install/cpp_server_client/lib/cpp_server_client/practice_server_node" to ""
[4.345s] -- Installing: /home/kousei/ros2_ws/install/cpp_server_client/lib/cpp_server_client/practice_client_node
[4.346s] -- Set runtime path of "/home/kousei/ros2_ws/install/cpp_server_client/lib/cpp_server_client/practice_client_node" to ""
[4.346s] -- Up-to-date: /home/kousei/ros2_ws/install/cpp_server_client/share/ament_index/resource_index/package_run_dependencies/cpp_server_client
[4.346s] -- Up-to-date: /home/kousei/ros2_ws/install/cpp_server_client/share/ament_index/resource_index/parent_prefix_path/cpp_server_client
[4.346s] -- Installing: /home/kousei/ros2_ws/install/cpp_server_client/share/cpp_server_client/environment/ament_prefix_path.sh
[4.346s] -- Installing: /home/kousei/ros2_ws/install/cpp_server_client/share/cpp_server_client/environment/ament_prefix_path.dsv
[4.346s] -- Installing: /home/kousei/ros2_ws/install/cpp_server_client/share/cpp_server_client/environment/path.sh
[4.346s] -- Installing: /home/kousei/ros2_ws/install/cpp_server_client/share/cpp_server_client/environment/path.dsv
[4.347s] -- Up-to-date: /home/kousei/ros2_ws/install/cpp_server_client/share/cpp_server_client/local_setup.bash
[4.347s] -- Up-to-date: /home/kousei/ros2_ws/install/cpp_server_client/share/cpp_server_client/local_setup.sh
[4.347s] -- Up-to-date: /home/kousei/ros2_ws/install/cpp_server_client/share/cpp_server_client/local_setup.zsh
[4.347s] -- Installing: /home/kousei/ros2_ws/install/cpp_server_client/share/cpp_server_client/local_setup.dsv
[4.347s] -- Installing: /home/kousei/ros2_ws/install/cpp_server_client/share/cpp_server_client/package.dsv
[4.347s] -- Up-to-date: /home/kousei/ros2_ws/install/cpp_server_client/share/ament_index/resource_index/packages/cpp_server_client
[4.347s] -- Up-to-date: /home/kousei/ros2_ws/install/cpp_server_client/share/cpp_server_client/cmake/export_cpp_server_client__rosidl_generator_cExport.cmake
[4.347s] -- Up-to-date: /home/kousei/ros2_ws/install/cpp_server_client/share/cpp_server_client/cmake/export_cpp_server_client__rosidl_generator_cExport-noconfig.cmake
[4.347s] -- Up-to-date: /home/kousei/ros2_ws/install/cpp_server_client/share/cpp_server_client/cmake/export_cpp_server_client__rosidl_typesupport_fastrtps_cExport.cmake
[4.347s] -- Up-to-date: /home/kousei/ros2_ws/install/cpp_server_client/share/cpp_server_client/cmake/export_cpp_server_client__rosidl_typesupport_fastrtps_cExport-noconfig.cmake
[4.348s] -- Up-to-date: /home/kousei/ros2_ws/install/cpp_server_client/share/cpp_server_client/cmake/export_cpp_server_client__rosidl_generator_cppExport.cmake
[4.348s] -- Up-to-date: /home/kousei/ros2_ws/install/cpp_server_client/share/cpp_server_client/cmake/export_cpp_server_client__rosidl_typesupport_fastrtps_cppExport.cmake
[4.348s] -- Up-to-date: /home/kousei/ros2_ws/install/cpp_server_client/share/cpp_server_client/cmake/export_cpp_server_client__rosidl_typesupport_fastrtps_cppExport-noconfig.cmake
[4.348s] -- Up-to-date: /home/kousei/ros2_ws/install/cpp_server_client/share/cpp_server_client/cmake/cpp_server_client__rosidl_typesupport_introspection_cExport.cmake
[4.348s] -- Up-to-date: /home/kousei/ros2_ws/install/cpp_server_client/share/cpp_server_client/cmake/cpp_server_client__rosidl_typesupport_introspection_cExport-noconfig.cmake
[4.348s] -- Up-to-date: /home/kousei/ros2_ws/install/cpp_server_client/share/cpp_server_client/cmake/cpp_server_client__rosidl_typesupport_cExport.cmake
[4.348s] -- Up-to-date: /home/kousei/ros2_ws/install/cpp_server_client/share/cpp_server_client/cmake/cpp_server_client__rosidl_typesupport_cExport-noconfig.cmake
[4.348s] -- Up-to-date: /home/kousei/ros2_ws/install/cpp_server_client/share/cpp_server_client/cmake/cpp_server_client__rosidl_typesupport_introspection_cppExport.cmake
[4.348s] -- Up-to-date: /home/kousei/ros2_ws/install/cpp_server_client/share/cpp_server_client/cmake/cpp_server_client__rosidl_typesupport_introspection_cppExport-noconfig.cmake
[4.349s] -- Up-to-date: /home/kousei/ros2_ws/install/cpp_server_client/share/cpp_server_client/cmake/cpp_server_client__rosidl_typesupport_cppExport.cmake
[4.349s] -- Up-to-date: /home/kousei/ros2_ws/install/cpp_server_client/share/cpp_server_client/cmake/cpp_server_client__rosidl_typesupport_cppExport-noconfig.cmake
[4.349s] -- Up-to-date: /home/kousei/ros2_ws/install/cpp_server_client/share/cpp_server_client/cmake/export_cpp_server_client__rosidl_generator_pyExport.cmake
[4.349s] -- Up-to-date: /home/kousei/ros2_ws/install/cpp_server_client/share/cpp_server_client/cmake/export_cpp_server_client__rosidl_generator_pyExport-noconfig.cmake
[4.349s] -- Up-to-date: /home/kousei/ros2_ws/install/cpp_server_client/share/cpp_server_client/cmake/rosidl_cmake-extras.cmake
[4.349s] -- Up-to-date: /home/kousei/ros2_ws/install/cpp_server_client/share/cpp_server_client/cmake/ament_cmake_export_include_directories-extras.cmake
[4.349s] -- Up-to-date: /home/kousei/ros2_ws/install/cpp_server_client/share/cpp_server_client/cmake/ament_cmake_export_libraries-extras.cmake
[4.349s] -- Up-to-date: /home/kousei/ros2_ws/install/cpp_server_client/share/cpp_server_client/cmake/ament_cmake_export_targets-extras.cmake
[4.349s] -- Up-to-date: /home/kousei/ros2_ws/install/cpp_server_client/share/cpp_server_client/cmake/rosidl_cmake_export_typesupport_targets-extras.cmake
[4.349s] -- Up-to-date: /home/kousei/ros2_ws/install/cpp_server_client/share/cpp_server_client/cmake/ament_cmake_export_dependencies-extras.cmake
[4.349s] -- Up-to-date: /home/kousei/ros2_ws/install/cpp_server_client/share/cpp_server_client/cmake/rosidl_cmake_export_typesupport_libraries-extras.cmake
[4.349s] -- Up-to-date: /home/kousei/ros2_ws/install/cpp_server_client/share/cpp_server_client/cmake/cpp_server_clientConfig.cmake
[4.350s] -- Up-to-date: /home/kousei/ros2_ws/install/cpp_server_client/share/cpp_server_client/cmake/cpp_server_clientConfig-version.cmake
[4.350s] -- Installing: /home/kousei/ros2_ws/install/cpp_server_client/share/cpp_server_client/package.xml
[4.351s] Invoked command in '/home/kousei/ros2_ws/build/cpp_server_client' returned '0': CMAKE_PREFIX_PATH=/opt/ros/humble /usr/bin/cmake --install /home/kousei/ros2_ws/build/cpp_server_client
