[0.061s] Invoking command in '/home/osawakousei/ros2_ws/src/cpp_topic_pubsub/build/cpp_topic_pubsub': CMAKE_PREFIX_PATH=${CMAKE_PREFIX_PATH}:/opt/ros/humble /usr/bin/cmake --build /home/osawakousei/ros2_ws/src/cpp_topic_pubsub/build/cpp_topic_pubsub -- -j8 -l8
[0.235s] [  2%] Built target cpp_topic_pubsub__cpp
[0.238s] [ 11%] Built target cpp_topic_pubsub__rosidl_generator_c
[0.283s] [ 11%] Built target ament_cmake_python_copy_cpp_topic_pubsub
[0.320s] [ 20%] Built target cpp_topic_pubsub__rosidl_typesupport_fastrtps_cpp
[0.330s] [ 28%] Built target cpp_topic_pubsub__rosidl_typesupport_cpp
[0.330s] [ 40%] Built target cpp_topic_pubsub__rosidl_typesupport_c
[0.331s] [ 51%] Built target cpp_topic_pubsub__rosidl_typesupport_fastrtps_c
[0.331s] [ 54%] Built target cpp_topic_pubsub__rosidl_typesupport_introspection_c
[0.336s] [ 62%] Built target cpp_topic_pubsub__rosidl_typesupport_introspection_cpp
[0.415s] [ 62%] Built target cpp_topic_pubsub
[0.425s] [ 68%] Built target practice_publisher_node
[0.426s] [ 74%] Built target practice_subscriber_node
[0.493s] [ 77%] Built target cpp_topic_pubsub__py
[0.578s] [ 82%] Built target cpp_topic_pubsub__rosidl_generator_py
[0.670s] [ 94%] Built target cpp_topic_pubsub__rosidl_typesupport_introspection_c__pyext
[0.670s] [ 94%] Built target cpp_topic_pubsub__rosidl_typesupport_fastrtps_c__pyext
[0.680s] [100%] Built target cpp_topic_pubsub__rosidl_typesupport_c__pyext
[0.986s] running egg_info
[0.988s] writing cpp_topic_pubsub.egg-info/PKG-INFO
[0.989s] writing dependency_links to cpp_topic_pubsub.egg-info/dependency_links.txt
[0.990s] writing top-level names to cpp_topic_pubsub.egg-info/top_level.txt
[0.995s] reading manifest file 'cpp_topic_pubsub.egg-info/SOURCES.txt'
[0.997s] writing manifest file 'cpp_topic_pubsub.egg-info/SOURCES.txt'
[1.086s] [100%] Built target ament_cmake_python_build_cpp_topic_pubsub_egg
[1.121s] Invoked command in '/home/osawakousei/ros2_ws/src/cpp_topic_pubsub/build/cpp_topic_pubsub' returned '0': CMAKE_PREFIX_PATH=${CMAKE_PREFIX_PATH}:/opt/ros/humble /usr/bin/cmake --build /home/osawakousei/ros2_ws/src/cpp_topic_pubsub/build/cpp_topic_pubsub -- -j8 -l8
[1.521s] Invoking command in '/home/osawakousei/ros2_ws/src/cpp_topic_pubsub/build/cpp_topic_pubsub': CMAKE_PREFIX_PATH=${CMAKE_PREFIX_PATH}:/opt/ros/humble /usr/bin/cmake --install /home/osawakousei/ros2_ws/src/cpp_topic_pubsub/build/cpp_topic_pubsub
[1.549s] -- Install configuration: ""
[1.550s] -- Up-to-date: /home/osawakousei/ros2_ws/src/cpp_topic_pubsub/install/cpp_topic_pubsub/share/ament_index/resource_index/rosidl_interfaces/cpp_topic_pubsub
[1.550s] -- Up-to-date: /home/osawakousei/ros2_ws/src/cpp_topic_pubsub/install/cpp_topic_pubsub/include/cpp_topic_pubsub/cpp_topic_pubsub
[1.551s] -- Up-to-date: /home/osawakousei/ros2_ws/src/cpp_topic_pubsub/install/cpp_topic_pubsub/include/cpp_topic_pubsub/cpp_topic_pubsub/msg
[1.551s] -- Up-to-date: /home/osawakousei/ros2_ws/src/cpp_topic_pubsub/install/cpp_topic_pubsub/include/cpp_topic_pubsub/cpp_topic_pubsub/msg/practice_msg.h
[1.551s] -- Up-to-date: /home/osawakousei/ros2_ws/src/cpp_topic_pubsub/install/cpp_topic_pubsub/include/cpp_topic_pubsub/cpp_topic_pubsub/msg/rosidl_generator_c__visibility_control.h
[1.552s] -- Up-to-date: /home/osawakousei/ros2_ws/src/cpp_topic_pubsub/install/cpp_topic_pubsub/include/cpp_topic_pubsub/cpp_topic_pubsub/msg/detail
[1.552s] -- Up-to-date: /home/osawakousei/ros2_ws/src/cpp_topic_pubsub/install/cpp_topic_pubsub/include/cpp_topic_pubsub/cpp_topic_pubsub/msg/detail/practice_msg__struct.h
[1.552s] -- Up-to-date: /home/osawakousei/ros2_ws/src/cpp_topic_pubsub/install/cpp_topic_pubsub/include/cpp_topic_pubsub/cpp_topic_pubsub/msg/detail/practice_msg__functions.c
[1.552s] -- Up-to-date: /home/osawakousei/ros2_ws/src/cpp_topic_pubsub/install/cpp_topic_pubsub/include/cpp_topic_pubsub/cpp_topic_pubsub/msg/detail/practice_msg__type_support.h
[1.553s] -- Up-to-date: /home/osawakousei/ros2_ws/src/cpp_topic_pubsub/install/cpp_topic_pubsub/include/cpp_topic_pubsub/cpp_topic_pubsub/msg/detail/practice_msg__functions.h
[1.553s] -- Up-to-date: /home/osawakousei/ros2_ws/src/cpp_topic_pubsub/install/cpp_topic_pubsub/share/cpp_topic_pubsub/environment/library_path.sh
[1.553s] -- Up-to-date: /home/osawakousei/ros2_ws/src/cpp_topic_pubsub/install/cpp_topic_pubsub/share/cpp_topic_pubsub/environment/library_path.dsv
[1.554s] -- Up-to-date: /home/osawakousei/ros2_ws/src/cpp_topic_pubsub/install/cpp_topic_pubsub/lib/libcpp_topic_pubsub__rosidl_generator_c.so
[1.554s] -- Up-to-date: /home/osawakousei/ros2_ws/src/cpp_topic_pubsub/install/cpp_topic_pubsub/include/cpp_topic_pubsub/cpp_topic_pubsub
[1.554s] -- Up-to-date: /home/osawakousei/ros2_ws/src/cpp_topic_pubsub/install/cpp_topic_pubsub/include/cpp_topic_pubsub/cpp_topic_pubsub/msg
[1.554s] -- Up-to-date: /home/osawakousei/ros2_ws/src/cpp_topic_pubsub/install/cpp_topic_pubsub/include/cpp_topic_pubsub/cpp_topic_pubsub/msg/detail
[1.555s] -- Up-to-date: /home/osawakousei/ros2_ws/src/cpp_topic_pubsub/install/cpp_topic_pubsub/include/cpp_topic_pubsub/cpp_topic_pubsub/msg/detail/practice_msg__rosidl_typesupport_fastrtps_c.h
[1.555s] -- Up-to-date: /home/osawakousei/ros2_ws/src/cpp_topic_pubsub/install/cpp_topic_pubsub/include/cpp_topic_pubsub/cpp_topic_pubsub/msg/rosidl_typesupport_fastrtps_c__visibility_control.h
[1.555s] -- Up-to-date: /home/osawakousei/ros2_ws/src/cpp_topic_pubsub/install/cpp_topic_pubsub/lib/libcpp_topic_pubsub__rosidl_typesupport_fastrtps_c.so
[1.556s] -- Up-to-date: /home/osawakousei/ros2_ws/src/cpp_topic_pubsub/install/cpp_topic_pubsub/include/cpp_topic_pubsub/cpp_topic_pubsub
[1.556s] -- Up-to-date: /home/osawakousei/ros2_ws/src/cpp_topic_pubsub/install/cpp_topic_pubsub/include/cpp_topic_pubsub/cpp_topic_pubsub/msg
[1.557s] -- Up-to-date: /home/osawakousei/ros2_ws/src/cpp_topic_pubsub/install/cpp_topic_pubsub/include/cpp_topic_pubsub/cpp_topic_pubsub/msg/practice_msg.hpp
[1.557s] -- Up-to-date: /home/osawakousei/ros2_ws/src/cpp_topic_pubsub/install/cpp_topic_pubsub/include/cpp_topic_pubsub/cpp_topic_pubsub/msg/detail
[1.558s] -- Up-to-date: /home/osawakousei/ros2_ws/src/cpp_topic_pubsub/install/cpp_topic_pubsub/include/cpp_topic_pubsub/cpp_topic_pubsub/msg/detail/practice_msg__traits.hpp
[1.558s] -- Up-to-date: /home/osawakousei/ros2_ws/src/cpp_topic_pubsub/install/cpp_topic_pubsub/include/cpp_topic_pubsub/cpp_topic_pubsub/msg/detail/practice_msg__struct.hpp
[1.558s] -- Up-to-date: /home/osawakousei/ros2_ws/src/cpp_topic_pubsub/install/cpp_topic_pubsub/include/cpp_topic_pubsub/cpp_topic_pubsub/msg/detail/practice_msg__builder.hpp
[1.559s] -- Up-to-date: /home/osawakousei/ros2_ws/src/cpp_topic_pubsub/install/cpp_topic_pubsub/include/cpp_topic_pubsub/cpp_topic_pubsub
[1.559s] -- Up-to-date: /home/osawakousei/ros2_ws/src/cpp_topic_pubsub/install/cpp_topic_pubsub/include/cpp_topic_pubsub/cpp_topic_pubsub/msg
[1.559s] -- Up-to-date: /home/osawakousei/ros2_ws/src/cpp_topic_pubsub/install/cpp_topic_pubsub/include/cpp_topic_pubsub/cpp_topic_pubsub/msg/rosidl_typesupport_fastrtps_cpp__visibility_control.h
[1.559s] -- Up-to-date: /home/osawakousei/ros2_ws/src/cpp_topic_pubsub/install/cpp_topic_pubsub/include/cpp_topic_pubsub/cpp_topic_pubsub/msg/detail
[1.560s] -- Up-to-date: /home/osawakousei/ros2_ws/src/cpp_topic_pubsub/install/cpp_topic_pubsub/include/cpp_topic_pubsub/cpp_topic_pubsub/msg/detail/dds_fastrtps
[1.560s] -- Up-to-date: /home/osawakousei/ros2_ws/src/cpp_topic_pubsub/install/cpp_topic_pubsub/include/cpp_topic_pubsub/cpp_topic_pubsub/msg/detail/practice_msg__rosidl_typesupport_fastrtps_cpp.hpp
[1.561s] -- Up-to-date: /home/osawakousei/ros2_ws/src/cpp_topic_pubsub/install/cpp_topic_pubsub/lib/libcpp_topic_pubsub__rosidl_typesupport_fastrtps_cpp.so
[1.561s] -- Up-to-date: /home/osawakousei/ros2_ws/src/cpp_topic_pubsub/install/cpp_topic_pubsub/include/cpp_topic_pubsub/cpp_topic_pubsub
[1.562s] -- Up-to-date: /home/osawakousei/ros2_ws/src/cpp_topic_pubsub/install/cpp_topic_pubsub/include/cpp_topic_pubsub/cpp_topic_pubsub/msg
[1.562s] -- Up-to-date: /home/osawakousei/ros2_ws/src/cpp_topic_pubsub/install/cpp_topic_pubsub/include/cpp_topic_pubsub/cpp_topic_pubsub/msg/rosidl_typesupport_introspection_c__visibility_control.h
[1.562s] -- Up-to-date: /home/osawakousei/ros2_ws/src/cpp_topic_pubsub/install/cpp_topic_pubsub/include/cpp_topic_pubsub/cpp_topic_pubsub/msg/detail
[1.562s] -- Up-to-date: /home/osawakousei/ros2_ws/src/cpp_topic_pubsub/install/cpp_topic_pubsub/include/cpp_topic_pubsub/cpp_topic_pubsub/msg/detail/practice_msg__rosidl_typesupport_introspection_c.h
[1.562s] -- Up-to-date: /home/osawakousei/ros2_ws/src/cpp_topic_pubsub/install/cpp_topic_pubsub/include/cpp_topic_pubsub/cpp_topic_pubsub/msg/detail/practice_msg__type_support.c
[1.563s] -- Up-to-date: /home/osawakousei/ros2_ws/src/cpp_topic_pubsub/install/cpp_topic_pubsub/lib/libcpp_topic_pubsub__rosidl_typesupport_introspection_c.so
[1.563s] -- Up-to-date: /home/osawakousei/ros2_ws/src/cpp_topic_pubsub/install/cpp_topic_pubsub/lib/libcpp_topic_pubsub__rosidl_typesupport_c.so
[1.564s] -- Up-to-date: /home/osawakousei/ros2_ws/src/cpp_topic_pubsub/install/cpp_topic_pubsub/include/cpp_topic_pubsub/cpp_topic_pubsub
[1.565s] -- Up-to-date: /home/osawakousei/ros2_ws/src/cpp_topic_pubsub/install/cpp_topic_pubsub/include/cpp_topic_pubsub/cpp_topic_pubsub/msg
[1.565s] -- Up-to-date: /home/osawakousei/ros2_ws/src/cpp_topic_pubsub/install/cpp_topic_pubsub/include/cpp_topic_pubsub/cpp_topic_pubsub/msg/detail
[1.565s] -- Up-to-date: /home/osawakousei/ros2_ws/src/cpp_topic_pubsub/install/cpp_topic_pubsub/include/cpp_topic_pubsub/cpp_topic_pubsub/msg/detail/practice_msg__rosidl_typesupport_introspection_cpp.hpp
[1.565s] -- Up-to-date: /home/osawakousei/ros2_ws/src/cpp_topic_pubsub/install/cpp_topic_pubsub/include/cpp_topic_pubsub/cpp_topic_pubsub/msg/detail/practice_msg__type_support.cpp
[1.566s] -- Up-to-date: /home/osawakousei/ros2_ws/src/cpp_topic_pubsub/install/cpp_topic_pubsub/lib/libcpp_topic_pubsub__rosidl_typesupport_introspection_cpp.so
[1.567s] -- Up-to-date: /home/osawakousei/ros2_ws/src/cpp_topic_pubsub/install/cpp_topic_pubsub/lib/libcpp_topic_pubsub__rosidl_typesupport_cpp.so
[1.568s] -- Up-to-date: /home/osawakousei/ros2_ws/src/cpp_topic_pubsub/install/cpp_topic_pubsub/share/cpp_topic_pubsub/environment/pythonpath.sh
[1.568s] -- Up-to-date: /home/osawakousei/ros2_ws/src/cpp_topic_pubsub/install/cpp_topic_pubsub/share/cpp_topic_pubsub/environment/pythonpath.dsv
[1.568s] -- Up-to-date: /home/osawakousei/ros2_ws/src/cpp_topic_pubsub/install/cpp_topic_pubsub/local/lib/python3.10/dist-packages/cpp_topic_pubsub-0.0.0-py3.10.egg-info
[1.569s] -- Installing: /home/osawakousei/ros2_ws/src/cpp_topic_pubsub/install/cpp_topic_pubsub/local/lib/python3.10/dist-packages/cpp_topic_pubsub-0.0.0-py3.10.egg-info/top_level.txt
[1.569s] -- Installing: /home/osawakousei/ros2_ws/src/cpp_topic_pubsub/install/cpp_topic_pubsub/local/lib/python3.10/dist-packages/cpp_topic_pubsub-0.0.0-py3.10.egg-info/SOURCES.txt
[1.570s] -- Installing: /home/osawakousei/ros2_ws/src/cpp_topic_pubsub/install/cpp_topic_pubsub/local/lib/python3.10/dist-packages/cpp_topic_pubsub-0.0.0-py3.10.egg-info/dependency_links.txt
[1.570s] -- Installing: /home/osawakousei/ros2_ws/src/cpp_topic_pubsub/install/cpp_topic_pubsub/local/lib/python3.10/dist-packages/cpp_topic_pubsub-0.0.0-py3.10.egg-info/PKG-INFO
[1.570s] -- Up-to-date: /home/osawakousei/ros2_ws/src/cpp_topic_pubsub/install/cpp_topic_pubsub/local/lib/python3.10/dist-packages/cpp_topic_pubsub
[1.571s] -- Up-to-date: /home/osawakousei/ros2_ws/src/cpp_topic_pubsub/install/cpp_topic_pubsub/local/lib/python3.10/dist-packages/cpp_topic_pubsub/_cpp_topic_pubsub_s.ep.rosidl_typesupport_fastrtps_c.c
[1.572s] -- Up-to-date: /home/osawakousei/ros2_ws/src/cpp_topic_pubsub/install/cpp_topic_pubsub/local/lib/python3.10/dist-packages/cpp_topic_pubsub/cpp_topic_pubsub_s__rosidl_typesupport_c.cpython-310-x86_64-linux-gnu.so
[1.572s] -- Up-to-date: /home/osawakousei/ros2_ws/src/cpp_topic_pubsub/install/cpp_topic_pubsub/local/lib/python3.10/dist-packages/cpp_topic_pubsub/cpp_topic_pubsub_s__rosidl_typesupport_fastrtps_c.cpython-310-x86_64-linux-gnu.so
[1.572s] -- Up-to-date: /home/osawakousei/ros2_ws/src/cpp_topic_pubsub/install/cpp_topic_pubsub/local/lib/python3.10/dist-packages/cpp_topic_pubsub/_cpp_topic_pubsub_s.ep.rosidl_typesupport_introspection_c.c
[1.572s] -- Up-to-date: /home/osawakousei/ros2_ws/src/cpp_topic_pubsub/install/cpp_topic_pubsub/local/lib/python3.10/dist-packages/cpp_topic_pubsub/cpp_topic_pubsub_s__rosidl_typesupport_introspection_c.cpython-310-x86_64-linux-gnu.so
[1.572s] -- Up-to-date: /home/osawakousei/ros2_ws/src/cpp_topic_pubsub/install/cpp_topic_pubsub/local/lib/python3.10/dist-packages/cpp_topic_pubsub/libcpp_topic_pubsub__rosidl_generator_py.so
[1.573s] -- Up-to-date: /home/osawakousei/ros2_ws/src/cpp_topic_pubsub/install/cpp_topic_pubsub/local/lib/python3.10/dist-packages/cpp_topic_pubsub/__init__.py
[1.573s] -- Up-to-date: /home/osawakousei/ros2_ws/src/cpp_topic_pubsub/install/cpp_topic_pubsub/local/lib/python3.10/dist-packages/cpp_topic_pubsub/_cpp_topic_pubsub_s.ep.rosidl_typesupport_c.c
[1.573s] -- Up-to-date: /home/osawakousei/ros2_ws/src/cpp_topic_pubsub/install/cpp_topic_pubsub/local/lib/python3.10/dist-packages/cpp_topic_pubsub/msg
[1.573s] -- Up-to-date: /home/osawakousei/ros2_ws/src/cpp_topic_pubsub/install/cpp_topic_pubsub/local/lib/python3.10/dist-packages/cpp_topic_pubsub/msg/_practice_msg.py
[1.573s] -- Up-to-date: /home/osawakousei/ros2_ws/src/cpp_topic_pubsub/install/cpp_topic_pubsub/local/lib/python3.10/dist-packages/cpp_topic_pubsub/msg/__init__.py
[1.573s] -- Up-to-date: /home/osawakousei/ros2_ws/src/cpp_topic_pubsub/install/cpp_topic_pubsub/local/lib/python3.10/dist-packages/cpp_topic_pubsub/msg/_practice_msg_s.c
[1.669s] Listing '/home/osawakousei/ros2_ws/src/cpp_topic_pubsub/install/cpp_topic_pubsub/local/lib/python3.10/dist-packages/cpp_topic_pubsub'...
[1.669s] Listing '/home/osawakousei/ros2_ws/src/cpp_topic_pubsub/install/cpp_topic_pubsub/local/lib/python3.10/dist-packages/cpp_topic_pubsub/msg'...
[1.680s] -- Up-to-date: /home/osawakousei/ros2_ws/src/cpp_topic_pubsub/install/cpp_topic_pubsub/local/lib/python3.10/dist-packages/cpp_topic_pubsub/cpp_topic_pubsub_s__rosidl_typesupport_fastrtps_c.cpython-310-x86_64-linux-gnu.so
[1.681s] -- Up-to-date: /home/osawakousei/ros2_ws/src/cpp_topic_pubsub/install/cpp_topic_pubsub/local/lib/python3.10/dist-packages/cpp_topic_pubsub/cpp_topic_pubsub_s__rosidl_typesupport_introspection_c.cpython-310-x86_64-linux-gnu.so
[1.682s] -- Up-to-date: /home/osawakousei/ros2_ws/src/cpp_topic_pubsub/install/cpp_topic_pubsub/local/lib/python3.10/dist-packages/cpp_topic_pubsub/cpp_topic_pubsub_s__rosidl_typesupport_c.cpython-310-x86_64-linux-gnu.so
[1.683s] -- Up-to-date: /home/osawakousei/ros2_ws/src/cpp_topic_pubsub/install/cpp_topic_pubsub/lib/libcpp_topic_pubsub__rosidl_generator_py.so
[1.684s] -- Up-to-date: /home/osawakousei/ros2_ws/src/cpp_topic_pubsub/install/cpp_topic_pubsub/share/cpp_topic_pubsub/msg/PracticeMsg.idl
[1.684s] -- Up-to-date: /home/osawakousei/ros2_ws/src/cpp_topic_pubsub/install/cpp_topic_pubsub/share/cpp_topic_pubsub/msg/PracticeMsg.msg
[1.685s] -- Up-to-date: /home/osawakousei/ros2_ws/src/cpp_topic_pubsub/install/cpp_topic_pubsub/lib/cpp_topic_pubsub/practice_publisher_node
[1.686s] -- Up-to-date: /home/osawakousei/ros2_ws/src/cpp_topic_pubsub/install/cpp_topic_pubsub/lib/cpp_topic_pubsub/practice_subscriber_node
[1.687s] -- Up-to-date: /home/osawakousei/ros2_ws/src/cpp_topic_pubsub/install/cpp_topic_pubsub/share/ament_index/resource_index/package_run_dependencies/cpp_topic_pubsub
[1.688s] -- Up-to-date: /home/osawakousei/ros2_ws/src/cpp_topic_pubsub/install/cpp_topic_pubsub/share/ament_index/resource_index/parent_prefix_path/cpp_topic_pubsub
[1.689s] -- Up-to-date: /home/osawakousei/ros2_ws/src/cpp_topic_pubsub/install/cpp_topic_pubsub/share/cpp_topic_pubsub/environment/ament_prefix_path.sh
[1.689s] -- Up-to-date: /home/osawakousei/ros2_ws/src/cpp_topic_pubsub/install/cpp_topic_pubsub/share/cpp_topic_pubsub/environment/ament_prefix_path.dsv
[1.690s] -- Up-to-date: /home/osawakousei/ros2_ws/src/cpp_topic_pubsub/install/cpp_topic_pubsub/share/cpp_topic_pubsub/environment/path.sh
[1.690s] -- Up-to-date: /home/osawakousei/ros2_ws/src/cpp_topic_pubsub/install/cpp_topic_pubsub/share/cpp_topic_pubsub/environment/path.dsv
[1.691s] -- Up-to-date: /home/osawakousei/ros2_ws/src/cpp_topic_pubsub/install/cpp_topic_pubsub/share/cpp_topic_pubsub/local_setup.bash
[1.691s] -- Up-to-date: /home/osawakousei/ros2_ws/src/cpp_topic_pubsub/install/cpp_topic_pubsub/share/cpp_topic_pubsub/local_setup.sh
[1.691s] -- Up-to-date: /home/osawakousei/ros2_ws/src/cpp_topic_pubsub/install/cpp_topic_pubsub/share/cpp_topic_pubsub/local_setup.zsh
[1.692s] -- Up-to-date: /home/osawakousei/ros2_ws/src/cpp_topic_pubsub/install/cpp_topic_pubsub/share/cpp_topic_pubsub/local_setup.dsv
[1.692s] -- Installing: /home/osawakousei/ros2_ws/src/cpp_topic_pubsub/install/cpp_topic_pubsub/share/cpp_topic_pubsub/package.dsv
[1.693s] -- Up-to-date: /home/osawakousei/ros2_ws/src/cpp_topic_pubsub/install/cpp_topic_pubsub/share/ament_index/resource_index/packages/cpp_topic_pubsub
[1.693s] -- Up-to-date: /home/osawakousei/ros2_ws/src/cpp_topic_pubsub/install/cpp_topic_pubsub/share/cpp_topic_pubsub/cmake/export_cpp_topic_pubsub__rosidl_generator_cExport.cmake
[1.694s] -- Up-to-date: /home/osawakousei/ros2_ws/src/cpp_topic_pubsub/install/cpp_topic_pubsub/share/cpp_topic_pubsub/cmake/export_cpp_topic_pubsub__rosidl_generator_cExport-noconfig.cmake
[1.694s] -- Up-to-date: /home/osawakousei/ros2_ws/src/cpp_topic_pubsub/install/cpp_topic_pubsub/share/cpp_topic_pubsub/cmake/export_cpp_topic_pubsub__rosidl_typesupport_fastrtps_cExport.cmake
[1.694s] -- Up-to-date: /home/osawakousei/ros2_ws/src/cpp_topic_pubsub/install/cpp_topic_pubsub/share/cpp_topic_pubsub/cmake/export_cpp_topic_pubsub__rosidl_typesupport_fastrtps_cExport-noconfig.cmake
[1.695s] -- Up-to-date: /home/osawakousei/ros2_ws/src/cpp_topic_pubsub/install/cpp_topic_pubsub/share/cpp_topic_pubsub/cmake/export_cpp_topic_pubsub__rosidl_generator_cppExport.cmake
[1.695s] -- Up-to-date: /home/osawakousei/ros2_ws/src/cpp_topic_pubsub/install/cpp_topic_pubsub/share/cpp_topic_pubsub/cmake/export_cpp_topic_pubsub__rosidl_typesupport_fastrtps_cppExport.cmake
[1.696s] -- Up-to-date: /home/osawakousei/ros2_ws/src/cpp_topic_pubsub/install/cpp_topic_pubsub/share/cpp_topic_pubsub/cmake/export_cpp_topic_pubsub__rosidl_typesupport_fastrtps_cppExport-noconfig.cmake
[1.696s] -- Up-to-date: /home/osawakousei/ros2_ws/src/cpp_topic_pubsub/install/cpp_topic_pubsub/share/cpp_topic_pubsub/cmake/cpp_topic_pubsub__rosidl_typesupport_introspection_cExport.cmake
[1.696s] -- Up-to-date: /home/osawakousei/ros2_ws/src/cpp_topic_pubsub/install/cpp_topic_pubsub/share/cpp_topic_pubsub/cmake/cpp_topic_pubsub__rosidl_typesupport_introspection_cExport-noconfig.cmake
[1.696s] -- Up-to-date: /home/osawakousei/ros2_ws/src/cpp_topic_pubsub/install/cpp_topic_pubsub/share/cpp_topic_pubsub/cmake/cpp_topic_pubsub__rosidl_typesupport_cExport.cmake
[1.696s] -- Up-to-date: /home/osawakousei/ros2_ws/src/cpp_topic_pubsub/install/cpp_topic_pubsub/share/cpp_topic_pubsub/cmake/cpp_topic_pubsub__rosidl_typesupport_cExport-noconfig.cmake
[1.696s] -- Up-to-date: /home/osawakousei/ros2_ws/src/cpp_topic_pubsub/install/cpp_topic_pubsub/share/cpp_topic_pubsub/cmake/cpp_topic_pubsub__rosidl_typesupport_introspection_cppExport.cmake
[1.697s] -- Up-to-date: /home/osawakousei/ros2_ws/src/cpp_topic_pubsub/install/cpp_topic_pubsub/share/cpp_topic_pubsub/cmake/cpp_topic_pubsub__rosidl_typesupport_introspection_cppExport-noconfig.cmake
[1.697s] -- Up-to-date: /home/osawakousei/ros2_ws/src/cpp_topic_pubsub/install/cpp_topic_pubsub/share/cpp_topic_pubsub/cmake/cpp_topic_pubsub__rosidl_typesupport_cppExport.cmake
[1.697s] -- Up-to-date: /home/osawakousei/ros2_ws/src/cpp_topic_pubsub/install/cpp_topic_pubsub/share/cpp_topic_pubsub/cmake/cpp_topic_pubsub__rosidl_typesupport_cppExport-noconfig.cmake
[1.697s] -- Up-to-date: /home/osawakousei/ros2_ws/src/cpp_topic_pubsub/install/cpp_topic_pubsub/share/cpp_topic_pubsub/cmake/export_cpp_topic_pubsub__rosidl_generator_pyExport.cmake
[1.697s] -- Up-to-date: /home/osawakousei/ros2_ws/src/cpp_topic_pubsub/install/cpp_topic_pubsub/share/cpp_topic_pubsub/cmake/export_cpp_topic_pubsub__rosidl_generator_pyExport-noconfig.cmake
[1.697s] -- Up-to-date: /home/osawakousei/ros2_ws/src/cpp_topic_pubsub/install/cpp_topic_pubsub/share/cpp_topic_pubsub/cmake/rosidl_cmake-extras.cmake
[1.698s] -- Up-to-date: /home/osawakousei/ros2_ws/src/cpp_topic_pubsub/install/cpp_topic_pubsub/share/cpp_topic_pubsub/cmake/ament_cmake_export_include_directories-extras.cmake
[1.698s] -- Up-to-date: /home/osawakousei/ros2_ws/src/cpp_topic_pubsub/install/cpp_topic_pubsub/share/cpp_topic_pubsub/cmake/ament_cmake_export_libraries-extras.cmake
[1.700s] -- Up-to-date: /home/osawakousei/ros2_ws/src/cpp_topic_pubsub/install/cpp_topic_pubsub/share/cpp_topic_pubsub/cmake/ament_cmake_export_targets-extras.cmake
[1.702s] -- Up-to-date: /home/osawakousei/ros2_ws/src/cpp_topic_pubsub/install/cpp_topic_pubsub/share/cpp_topic_pubsub/cmake/rosidl_cmake_export_typesupport_targets-extras.cmake
[1.704s] -- Up-to-date: /home/osawakousei/ros2_ws/src/cpp_topic_pubsub/install/cpp_topic_pubsub/share/cpp_topic_pubsub/cmake/ament_cmake_export_dependencies-extras.cmake
[1.704s] -- Up-to-date: /home/osawakousei/ros2_ws/src/cpp_topic_pubsub/install/cpp_topic_pubsub/share/cpp_topic_pubsub/cmake/rosidl_cmake_export_typesupport_libraries-extras.cmake
[1.705s] -- Up-to-date: /home/osawakousei/ros2_ws/src/cpp_topic_pubsub/install/cpp_topic_pubsub/share/cpp_topic_pubsub/cmake/cpp_topic_pubsubConfig.cmake
[1.705s] -- Up-to-date: /home/osawakousei/ros2_ws/src/cpp_topic_pubsub/install/cpp_topic_pubsub/share/cpp_topic_pubsub/cmake/cpp_topic_pubsubConfig-version.cmake
[1.705s] -- Up-to-date: /home/osawakousei/ros2_ws/src/cpp_topic_pubsub/install/cpp_topic_pubsub/share/cpp_topic_pubsub/package.xml
[1.706s] Invoked command in '/home/osawakousei/ros2_ws/src/cpp_topic_pubsub/build/cpp_topic_pubsub' returned '0': CMAKE_PREFIX_PATH=${CMAKE_PREFIX_PATH}:/opt/ros/humble /usr/bin/cmake --install /home/osawakousei/ros2_ws/src/cpp_topic_pubsub/build/cpp_topic_pubsub
