[0.108s] Invoking command in '/home/kousei/ros2_ws/src/build/custom_message_unity': CMAKE_PREFIX_PATH=/opt/ros/humble /usr/bin/cmake --build /home/kousei/ros2_ws/src/build/custom_message_unity -- -j16 -l16
[0.132s] [35m[1mConsolidate compiler generated dependencies of target custom_message_unity__rosidl_generator_c[0m
[0.140s] [  3%] Built target custom_message_unity__cpp
[0.142s] [ 12%] Built target custom_message_unity__rosidl_generator_c
[0.145s] [ 12%] Built target ament_cmake_python_copy_custom_message_unity
[0.149s] [35m[1mConsolidate compiler generated dependencies of target custom_message_unity__rosidl_typesupport_fastrtps_cpp[0m
[0.149s] [35m[1mConsolidate compiler generated dependencies of target custom_message_unity__rosidl_typesupport_cpp[0m
[0.150s] [35m[1mConsolidate compiler generated dependencies of target custom_message_unity__rosidl_typesupport_introspection_cpp[0m
[0.153s] [35m[1mConsolidate compiler generated dependencies of target custom_message_unity__rosidl_typesupport_fastrtps_c[0m
[0.159s] [35m[1mConsolidate compiler generated dependencies of target custom_message_unity__rosidl_typesupport_introspection_c[0m
[0.165s] [35m[1mConsolidate compiler generated dependencies of target custom_message_unity__rosidl_typesupport_c[0m
[0.177s] [ 22%] Built target custom_message_unity__rosidl_typesupport_cpp
[0.183s] [ 32%] Built target custom_message_unity__rosidl_typesupport_fastrtps_cpp
[0.184s] [ 41%] Built target custom_message_unity__rosidl_typesupport_c
[0.185s] [ 51%] Built target custom_message_unity__rosidl_typesupport_introspection_c
[0.185s] [ 61%] Built target custom_message_unity__rosidl_typesupport_introspection_cpp
[0.186s] [ 70%] Built target custom_message_unity__rosidl_typesupport_fastrtps_c
[0.211s] [ 70%] Built target custom_message_unity
[0.224s] [ 74%] Built target custom_message_unity__py
[0.231s] [35m[1mConsolidate compiler generated dependencies of target custom_message_unity__rosidl_generator_py[0m
[0.239s] [ 80%] Built target custom_message_unity__rosidl_generator_py
[0.248s] [35m[1mConsolidate compiler generated dependencies of target custom_message_unity__rosidl_typesupport_introspection_c__pyext[0m
[0.248s] [35m[1mConsolidate compiler generated dependencies of target custom_message_unity__rosidl_typesupport_c__pyext[0m
[0.248s] [35m[1mConsolidate compiler generated dependencies of target custom_message_unity__rosidl_typesupport_fastrtps_c__pyext[0m
[0.258s] [ 87%] Built target custom_message_unity__rosidl_typesupport_c__pyext
[0.259s] [ 93%] Built target custom_message_unity__rosidl_typesupport_introspection_c__pyext
[0.261s] [100%] Built target custom_message_unity__rosidl_typesupport_fastrtps_c__pyext
[0.401s] running egg_info
[0.401s] writing custom_message_unity.egg-info/PKG-INFO
[0.402s] writing dependency_links to custom_message_unity.egg-info/dependency_links.txt
[0.402s] writing top-level names to custom_message_unity.egg-info/top_level.txt
[0.403s] reading manifest file 'custom_message_unity.egg-info/SOURCES.txt'
[0.403s] writing manifest file 'custom_message_unity.egg-info/SOURCES.txt'
[0.422s] [100%] Built target ament_cmake_python_build_custom_message_unity_egg
[0.438s] Invoked command in '/home/kousei/ros2_ws/src/build/custom_message_unity' returned '0': CMAKE_PREFIX_PATH=/opt/ros/humble /usr/bin/cmake --build /home/kousei/ros2_ws/src/build/custom_message_unity -- -j16 -l16
[0.507s] Invoking command in '/home/kousei/ros2_ws/src/build/custom_message_unity': CMAKE_PREFIX_PATH=/opt/ros/humble /usr/bin/cmake --install /home/kousei/ros2_ws/src/build/custom_message_unity
[0.515s] -- Install configuration: ""
[0.515s] -- Up-to-date: /home/kousei/ros2_ws/src/install/custom_message_unity/share/ament_index/resource_index/rosidl_interfaces/custom_message_unity
[0.516s] -- Up-to-date: /home/kousei/ros2_ws/src/install/custom_message_unity/include/custom_message_unity/custom_message_unity
[0.517s] -- Up-to-date: /home/kousei/ros2_ws/src/install/custom_message_unity/include/custom_message_unity/custom_message_unity/msg
[0.517s] -- Up-to-date: /home/kousei/ros2_ws/src/install/custom_message_unity/include/custom_message_unity/custom_message_unity/msg/custom_unity.h
[0.517s] -- Up-to-date: /home/kousei/ros2_ws/src/install/custom_message_unity/include/custom_message_unity/custom_message_unity/msg/rosidl_generator_c__visibility_control.h
[0.517s] -- Up-to-date: /home/kousei/ros2_ws/src/install/custom_message_unity/include/custom_message_unity/custom_message_unity/msg/detail
[0.517s] -- Up-to-date: /home/kousei/ros2_ws/src/install/custom_message_unity/include/custom_message_unity/custom_message_unity/msg/detail/custom_unity__struct.h
[0.517s] -- Up-to-date: /home/kousei/ros2_ws/src/install/custom_message_unity/include/custom_message_unity/custom_message_unity/msg/detail/custom_unity__functions.h
[0.517s] -- Up-to-date: /home/kousei/ros2_ws/src/install/custom_message_unity/include/custom_message_unity/custom_message_unity/msg/detail/custom_unity__functions.c
[0.518s] -- Up-to-date: /home/kousei/ros2_ws/src/install/custom_message_unity/include/custom_message_unity/custom_message_unity/msg/detail/custom_unity__type_support.h
[0.518s] -- Up-to-date: /home/kousei/ros2_ws/src/install/custom_message_unity/share/custom_message_unity/environment/library_path.sh
[0.518s] -- Up-to-date: /home/kousei/ros2_ws/src/install/custom_message_unity/share/custom_message_unity/environment/library_path.dsv
[0.518s] -- Up-to-date: /home/kousei/ros2_ws/src/install/custom_message_unity/lib/libcustom_message_unity__rosidl_generator_c.so
[0.518s] -- Up-to-date: /home/kousei/ros2_ws/src/install/custom_message_unity/include/custom_message_unity/custom_message_unity
[0.519s] -- Up-to-date: /home/kousei/ros2_ws/src/install/custom_message_unity/include/custom_message_unity/custom_message_unity/msg
[0.519s] -- Up-to-date: /home/kousei/ros2_ws/src/install/custom_message_unity/include/custom_message_unity/custom_message_unity/msg/detail
[0.519s] -- Up-to-date: /home/kousei/ros2_ws/src/install/custom_message_unity/include/custom_message_unity/custom_message_unity/msg/detail/custom_unity__rosidl_typesupport_fastrtps_c.h
[0.519s] -- Up-to-date: /home/kousei/ros2_ws/src/install/custom_message_unity/include/custom_message_unity/custom_message_unity/msg/rosidl_typesupport_fastrtps_c__visibility_control.h
[0.520s] -- Up-to-date: /home/kousei/ros2_ws/src/install/custom_message_unity/lib/libcustom_message_unity__rosidl_typesupport_fastrtps_c.so
[0.521s] -- Up-to-date: /home/kousei/ros2_ws/src/install/custom_message_unity/include/custom_message_unity/custom_message_unity
[0.521s] -- Up-to-date: /home/kousei/ros2_ws/src/install/custom_message_unity/include/custom_message_unity/custom_message_unity/msg
[0.521s] -- Up-to-date: /home/kousei/ros2_ws/src/install/custom_message_unity/include/custom_message_unity/custom_message_unity/msg/detail
[0.521s] -- Up-to-date: /home/kousei/ros2_ws/src/install/custom_message_unity/include/custom_message_unity/custom_message_unity/msg/detail/custom_unity__type_support.c
[0.521s] -- Up-to-date: /home/kousei/ros2_ws/src/install/custom_message_unity/include/custom_message_unity/custom_message_unity/msg/detail/custom_unity__rosidl_typesupport_introspection_c.h
[0.521s] -- Up-to-date: /home/kousei/ros2_ws/src/install/custom_message_unity/include/custom_message_unity/custom_message_unity/msg/rosidl_typesupport_introspection_c__visibility_control.h
[0.522s] -- Up-to-date: /home/kousei/ros2_ws/src/install/custom_message_unity/lib/libcustom_message_unity__rosidl_typesupport_introspection_c.so
[0.523s] -- Up-to-date: /home/kousei/ros2_ws/src/install/custom_message_unity/lib/libcustom_message_unity__rosidl_typesupport_c.so
[0.523s] -- Up-to-date: /home/kousei/ros2_ws/src/install/custom_message_unity/include/custom_message_unity/custom_message_unity
[0.523s] -- Up-to-date: /home/kousei/ros2_ws/src/install/custom_message_unity/include/custom_message_unity/custom_message_unity/msg
[0.523s] -- Up-to-date: /home/kousei/ros2_ws/src/install/custom_message_unity/include/custom_message_unity/custom_message_unity/msg/custom_unity.hpp
[0.523s] -- Up-to-date: /home/kousei/ros2_ws/src/install/custom_message_unity/include/custom_message_unity/custom_message_unity/msg/detail
[0.523s] -- Up-to-date: /home/kousei/ros2_ws/src/install/custom_message_unity/include/custom_message_unity/custom_message_unity/msg/detail/custom_unity__traits.hpp
[0.523s] -- Up-to-date: /home/kousei/ros2_ws/src/install/custom_message_unity/include/custom_message_unity/custom_message_unity/msg/detail/custom_unity__builder.hpp
[0.523s] -- Up-to-date: /home/kousei/ros2_ws/src/install/custom_message_unity/include/custom_message_unity/custom_message_unity/msg/detail/custom_unity__struct.hpp
[0.524s] -- Up-to-date: /home/kousei/ros2_ws/src/install/custom_message_unity/include/custom_message_unity/custom_message_unity
[0.524s] -- Up-to-date: /home/kousei/ros2_ws/src/install/custom_message_unity/include/custom_message_unity/custom_message_unity/msg
[0.524s] -- Up-to-date: /home/kousei/ros2_ws/src/install/custom_message_unity/include/custom_message_unity/custom_message_unity/msg/detail
[0.524s] -- Up-to-date: /home/kousei/ros2_ws/src/install/custom_message_unity/include/custom_message_unity/custom_message_unity/msg/detail/dds_fastrtps
[0.524s] -- Up-to-date: /home/kousei/ros2_ws/src/install/custom_message_unity/include/custom_message_unity/custom_message_unity/msg/detail/custom_unity__rosidl_typesupport_fastrtps_cpp.hpp
[0.524s] -- Up-to-date: /home/kousei/ros2_ws/src/install/custom_message_unity/include/custom_message_unity/custom_message_unity/msg/rosidl_typesupport_fastrtps_cpp__visibility_control.h
[0.525s] -- Up-to-date: /home/kousei/ros2_ws/src/install/custom_message_unity/lib/libcustom_message_unity__rosidl_typesupport_fastrtps_cpp.so
[0.525s] -- Up-to-date: /home/kousei/ros2_ws/src/install/custom_message_unity/include/custom_message_unity/custom_message_unity
[0.525s] -- Up-to-date: /home/kousei/ros2_ws/src/install/custom_message_unity/include/custom_message_unity/custom_message_unity/msg
[0.526s] -- Up-to-date: /home/kousei/ros2_ws/src/install/custom_message_unity/include/custom_message_unity/custom_message_unity/msg/detail
[0.526s] -- Up-to-date: /home/kousei/ros2_ws/src/install/custom_message_unity/include/custom_message_unity/custom_message_unity/msg/detail/custom_unity__type_support.cpp
[0.526s] -- Up-to-date: /home/kousei/ros2_ws/src/install/custom_message_unity/include/custom_message_unity/custom_message_unity/msg/detail/custom_unity__rosidl_typesupport_introspection_cpp.hpp
[0.526s] -- Up-to-date: /home/kousei/ros2_ws/src/install/custom_message_unity/lib/libcustom_message_unity__rosidl_typesupport_introspection_cpp.so
[0.527s] -- Up-to-date: /home/kousei/ros2_ws/src/install/custom_message_unity/lib/libcustom_message_unity__rosidl_typesupport_cpp.so
[0.527s] -- Up-to-date: /home/kousei/ros2_ws/src/install/custom_message_unity/share/custom_message_unity/environment/pythonpath.sh
[0.527s] -- Up-to-date: /home/kousei/ros2_ws/src/install/custom_message_unity/share/custom_message_unity/environment/pythonpath.dsv
[0.527s] -- Up-to-date: /home/kousei/ros2_ws/src/install/custom_message_unity/local/lib/python3.10/dist-packages/custom_message_unity-0.0.0-py3.10.egg-info
[0.527s] -- Installing: /home/kousei/ros2_ws/src/install/custom_message_unity/local/lib/python3.10/dist-packages/custom_message_unity-0.0.0-py3.10.egg-info/dependency_links.txt
[0.528s] -- Installing: /home/kousei/ros2_ws/src/install/custom_message_unity/local/lib/python3.10/dist-packages/custom_message_unity-0.0.0-py3.10.egg-info/SOURCES.txt
[0.528s] -- Installing: /home/kousei/ros2_ws/src/install/custom_message_unity/local/lib/python3.10/dist-packages/custom_message_unity-0.0.0-py3.10.egg-info/top_level.txt
[0.528s] -- Installing: /home/kousei/ros2_ws/src/install/custom_message_unity/local/lib/python3.10/dist-packages/custom_message_unity-0.0.0-py3.10.egg-info/PKG-INFO
[0.528s] -- Up-to-date: /home/kousei/ros2_ws/src/install/custom_message_unity/local/lib/python3.10/dist-packages/custom_message_unity
[0.531s] -- Up-to-date: /home/kousei/ros2_ws/src/install/custom_message_unity/local/lib/python3.10/dist-packages/custom_message_unity/__init__.py
[0.531s] -- Up-to-date: /home/kousei/ros2_ws/src/install/custom_message_unity/local/lib/python3.10/dist-packages/custom_message_unity/libcustom_message_unity__rosidl_generator_py.so
[0.531s] -- Up-to-date: /home/kousei/ros2_ws/src/install/custom_message_unity/local/lib/python3.10/dist-packages/custom_message_unity/custom_message_unity_s__rosidl_typesupport_fastrtps_c.cpython-310-x86_64-linux-gnu.so
[0.531s] -- Up-to-date: /home/kousei/ros2_ws/src/install/custom_message_unity/local/lib/python3.10/dist-packages/custom_message_unity/custom_message_unity_s__rosidl_typesupport_c.cpython-310-x86_64-linux-gnu.so
[0.531s] -- Up-to-date: /home/kousei/ros2_ws/src/install/custom_message_unity/local/lib/python3.10/dist-packages/custom_message_unity/_custom_message_unity_s.ep.rosidl_typesupport_c.c
[0.532s] -- Up-to-date: /home/kousei/ros2_ws/src/install/custom_message_unity/local/lib/python3.10/dist-packages/custom_message_unity/msg
[0.532s] -- Up-to-date: /home/kousei/ros2_ws/src/install/custom_message_unity/local/lib/python3.10/dist-packages/custom_message_unity/msg/__init__.py
[0.532s] -- Up-to-date: /home/kousei/ros2_ws/src/install/custom_message_unity/local/lib/python3.10/dist-packages/custom_message_unity/msg/_custom_unity.py
[0.532s] -- Up-to-date: /home/kousei/ros2_ws/src/install/custom_message_unity/local/lib/python3.10/dist-packages/custom_message_unity/msg/_custom_unity_s.c
[0.532s] -- Up-to-date: /home/kousei/ros2_ws/src/install/custom_message_unity/local/lib/python3.10/dist-packages/custom_message_unity/_custom_message_unity_s.ep.rosidl_typesupport_fastrtps_c.c
[0.532s] -- Up-to-date: /home/kousei/ros2_ws/src/install/custom_message_unity/local/lib/python3.10/dist-packages/custom_message_unity/custom_message_unity_s__rosidl_typesupport_introspection_c.cpython-310-x86_64-linux-gnu.so
[0.532s] -- Up-to-date: /home/kousei/ros2_ws/src/install/custom_message_unity/local/lib/python3.10/dist-packages/custom_message_unity/_custom_message_unity_s.ep.rosidl_typesupport_introspection_c.c
[0.535s] Listing '/home/kousei/ros2_ws/src/install/custom_message_unity/local/lib/python3.10/dist-packages/custom_message_unity'...
[0.535s] Listing '/home/kousei/ros2_ws/src/install/custom_message_unity/local/lib/python3.10/dist-packages/custom_message_unity/msg'...
[0.538s] -- Up-to-date: /home/kousei/ros2_ws/src/install/custom_message_unity/local/lib/python3.10/dist-packages/custom_message_unity/custom_message_unity_s__rosidl_typesupport_fastrtps_c.cpython-310-x86_64-linux-gnu.so
[0.538s] -- Up-to-date: /home/kousei/ros2_ws/src/install/custom_message_unity/local/lib/python3.10/dist-packages/custom_message_unity/custom_message_unity_s__rosidl_typesupport_introspection_c.cpython-310-x86_64-linux-gnu.so
[0.539s] -- Up-to-date: /home/kousei/ros2_ws/src/install/custom_message_unity/local/lib/python3.10/dist-packages/custom_message_unity/custom_message_unity_s__rosidl_typesupport_c.cpython-310-x86_64-linux-gnu.so
[0.539s] -- Up-to-date: /home/kousei/ros2_ws/src/install/custom_message_unity/lib/libcustom_message_unity__rosidl_generator_py.so
[0.539s] -- Up-to-date: /home/kousei/ros2_ws/src/install/custom_message_unity/share/custom_message_unity/msg/CustomUnity.idl
[0.539s] -- Up-to-date: /home/kousei/ros2_ws/src/install/custom_message_unity/share/custom_message_unity/msg/CustomUnity.msg
[0.539s] -- Up-to-date: /home/kousei/ros2_ws/src/install/custom_message_unity/share/ament_index/resource_index/package_run_dependencies/custom_message_unity
[0.539s] -- Up-to-date: /home/kousei/ros2_ws/src/install/custom_message_unity/share/ament_index/resource_index/parent_prefix_path/custom_message_unity
[0.539s] -- Up-to-date: /home/kousei/ros2_ws/src/install/custom_message_unity/share/custom_message_unity/environment/ament_prefix_path.sh
[0.539s] -- Up-to-date: /home/kousei/ros2_ws/src/install/custom_message_unity/share/custom_message_unity/environment/ament_prefix_path.dsv
[0.540s] -- Up-to-date: /home/kousei/ros2_ws/src/install/custom_message_unity/share/custom_message_unity/environment/path.sh
[0.540s] -- Up-to-date: /home/kousei/ros2_ws/src/install/custom_message_unity/share/custom_message_unity/environment/path.dsv
[0.540s] -- Up-to-date: /home/kousei/ros2_ws/src/install/custom_message_unity/share/custom_message_unity/local_setup.bash
[0.540s] -- Up-to-date: /home/kousei/ros2_ws/src/install/custom_message_unity/share/custom_message_unity/local_setup.sh
[0.540s] -- Up-to-date: /home/kousei/ros2_ws/src/install/custom_message_unity/share/custom_message_unity/local_setup.zsh
[0.540s] -- Up-to-date: /home/kousei/ros2_ws/src/install/custom_message_unity/share/custom_message_unity/local_setup.dsv
[0.540s] -- Installing: /home/kousei/ros2_ws/src/install/custom_message_unity/share/custom_message_unity/package.dsv
[0.540s] -- Up-to-date: /home/kousei/ros2_ws/src/install/custom_message_unity/share/ament_index/resource_index/packages/custom_message_unity
[0.540s] -- Up-to-date: /home/kousei/ros2_ws/src/install/custom_message_unity/share/custom_message_unity/cmake/export_custom_message_unity__rosidl_generator_cExport.cmake
[0.540s] -- Up-to-date: /home/kousei/ros2_ws/src/install/custom_message_unity/share/custom_message_unity/cmake/export_custom_message_unity__rosidl_generator_cExport-noconfig.cmake
[0.540s] -- Up-to-date: /home/kousei/ros2_ws/src/install/custom_message_unity/share/custom_message_unity/cmake/export_custom_message_unity__rosidl_typesupport_fastrtps_cExport.cmake
[0.540s] -- Up-to-date: /home/kousei/ros2_ws/src/install/custom_message_unity/share/custom_message_unity/cmake/export_custom_message_unity__rosidl_typesupport_fastrtps_cExport-noconfig.cmake
[0.540s] -- Up-to-date: /home/kousei/ros2_ws/src/install/custom_message_unity/share/custom_message_unity/cmake/custom_message_unity__rosidl_typesupport_introspection_cExport.cmake
[0.540s] -- Up-to-date: /home/kousei/ros2_ws/src/install/custom_message_unity/share/custom_message_unity/cmake/custom_message_unity__rosidl_typesupport_introspection_cExport-noconfig.cmake
[0.541s] -- Up-to-date: /home/kousei/ros2_ws/src/install/custom_message_unity/share/custom_message_unity/cmake/custom_message_unity__rosidl_typesupport_cExport.cmake
[0.541s] -- Up-to-date: /home/kousei/ros2_ws/src/install/custom_message_unity/share/custom_message_unity/cmake/custom_message_unity__rosidl_typesupport_cExport-noconfig.cmake
[0.541s] -- Up-to-date: /home/kousei/ros2_ws/src/install/custom_message_unity/share/custom_message_unity/cmake/export_custom_message_unity__rosidl_generator_cppExport.cmake
[0.541s] -- Up-to-date: /home/kousei/ros2_ws/src/install/custom_message_unity/share/custom_message_unity/cmake/export_custom_message_unity__rosidl_typesupport_fastrtps_cppExport.cmake
[0.541s] -- Up-to-date: /home/kousei/ros2_ws/src/install/custom_message_unity/share/custom_message_unity/cmake/export_custom_message_unity__rosidl_typesupport_fastrtps_cppExport-noconfig.cmake
[0.541s] -- Up-to-date: /home/kousei/ros2_ws/src/install/custom_message_unity/share/custom_message_unity/cmake/custom_message_unity__rosidl_typesupport_introspection_cppExport.cmake
[0.541s] -- Up-to-date: /home/kousei/ros2_ws/src/install/custom_message_unity/share/custom_message_unity/cmake/custom_message_unity__rosidl_typesupport_introspection_cppExport-noconfig.cmake
[0.541s] -- Up-to-date: /home/kousei/ros2_ws/src/install/custom_message_unity/share/custom_message_unity/cmake/custom_message_unity__rosidl_typesupport_cppExport.cmake
[0.541s] -- Up-to-date: /home/kousei/ros2_ws/src/install/custom_message_unity/share/custom_message_unity/cmake/custom_message_unity__rosidl_typesupport_cppExport-noconfig.cmake
[0.541s] -- Up-to-date: /home/kousei/ros2_ws/src/install/custom_message_unity/share/custom_message_unity/cmake/export_custom_message_unity__rosidl_generator_pyExport.cmake
[0.541s] -- Up-to-date: /home/kousei/ros2_ws/src/install/custom_message_unity/share/custom_message_unity/cmake/export_custom_message_unity__rosidl_generator_pyExport-noconfig.cmake
[0.542s] -- Up-to-date: /home/kousei/ros2_ws/src/install/custom_message_unity/share/custom_message_unity/cmake/rosidl_cmake-extras.cmake
[0.542s] -- Up-to-date: /home/kousei/ros2_ws/src/install/custom_message_unity/share/custom_message_unity/cmake/ament_cmake_export_include_directories-extras.cmake
[0.542s] -- Up-to-date: /home/kousei/ros2_ws/src/install/custom_message_unity/share/custom_message_unity/cmake/ament_cmake_export_libraries-extras.cmake
[0.542s] -- Up-to-date: /home/kousei/ros2_ws/src/install/custom_message_unity/share/custom_message_unity/cmake/ament_cmake_export_targets-extras.cmake
[0.542s] -- Up-to-date: /home/kousei/ros2_ws/src/install/custom_message_unity/share/custom_message_unity/cmake/rosidl_cmake_export_typesupport_targets-extras.cmake
[0.542s] -- Up-to-date: /home/kousei/ros2_ws/src/install/custom_message_unity/share/custom_message_unity/cmake/ament_cmake_export_dependencies-extras.cmake
[0.542s] -- Up-to-date: /home/kousei/ros2_ws/src/install/custom_message_unity/share/custom_message_unity/cmake/rosidl_cmake_export_typesupport_libraries-extras.cmake
[0.542s] -- Up-to-date: /home/kousei/ros2_ws/src/install/custom_message_unity/share/custom_message_unity/cmake/custom_message_unityConfig.cmake
[0.542s] -- Up-to-date: /home/kousei/ros2_ws/src/install/custom_message_unity/share/custom_message_unity/cmake/custom_message_unityConfig-version.cmake
[0.542s] -- Up-to-date: /home/kousei/ros2_ws/src/install/custom_message_unity/share/custom_message_unity/package.xml
[0.678s] Invoked command in '/home/kousei/ros2_ws/src/build/custom_message_unity' returned '0': CMAKE_PREFIX_PATH=/opt/ros/humble /usr/bin/cmake --install /home/kousei/ros2_ws/src/build/custom_message_unity
