[0.052s] Invoking command in '/home/osawakousei/ros2_ws/src/cpp_topic_pubsub/build/cpp_topic_pubsub': CMAKE_PREFIX_PATH=${CMAKE_PREFIX_PATH}:/opt/ros/humble /usr/bin/cmake --build /home/osawakousei/ros2_ws/src/cpp_topic_pubsub/build/cpp_topic_pubsub -- -j8 -l8
[0.228s] [  2%] Built target cpp_topic_pubsub__cpp
[0.229s] [ 11%] Built target cpp_topic_pubsub__rosidl_generator_c
[0.255s] [ 11%] Built target ament_cmake_python_copy_cpp_topic_pubsub
[0.311s] [ 20%] Built target cpp_topic_pubsub__rosidl_typesupport_fastrtps_cpp
[0.321s] [ 28%] Built target cpp_topic_pubsub__rosidl_typesupport_cpp
[0.322s] [ 37%] Built target cpp_topic_pubsub__rosidl_typesupport_introspection_cpp
[0.344s] [ 45%] Built target cpp_topic_pubsub__rosidl_typesupport_introspection_c
[0.350s] [ 54%] Built target cpp_topic_pubsub__rosidl_typesupport_c
[0.352s] [ 62%] Built target cpp_topic_pubsub__rosidl_typesupport_fastrtps_c
[0.412s] [ 68%] Built target practice_subscriber_node
[0.412s] [ 74%] Built target practice_publisher_node
[0.422s] [ 74%] Built target cpp_topic_pubsub
[0.491s] [ 77%] Built target cpp_topic_pubsub__py
[0.566s] [ 82%] Built target cpp_topic_pubsub__rosidl_generator_py
[0.638s] [ 88%] Built target cpp_topic_pubsub__rosidl_typesupport_fastrtps_c__pyext
[0.648s] [ 94%] Built target cpp_topic_pubsub__rosidl_typesupport_introspection_c__pyext
[0.655s] [100%] Built target cpp_topic_pubsub__rosidl_typesupport_c__pyext
[0.885s] running egg_info
[0.887s] writing cpp_topic_pubsub.egg-info/PKG-INFO
[0.888s] writing dependency_links to cpp_topic_pubsub.egg-info/dependency_links.txt
[0.889s] writing top-level names to cpp_topic_pubsub.egg-info/top_level.txt
[0.894s] reading manifest file 'cpp_topic_pubsub.egg-info/SOURCES.txt'
[0.895s] writing manifest file 'cpp_topic_pubsub.egg-info/SOURCES.txt'
[0.970s] [100%] Built target ament_cmake_python_build_cpp_topic_pubsub_egg
[1.002s] Invoked command in '/home/osawakousei/ros2_ws/src/cpp_topic_pubsub/build/cpp_topic_pubsub' returned '0': CMAKE_PREFIX_PATH=${CMAKE_PREFIX_PATH}:/opt/ros/humble /usr/bin/cmake --build /home/osawakousei/ros2_ws/src/cpp_topic_pubsub/build/cpp_topic_pubsub -- -j8 -l8
[1.371s] Invoking command in '/home/osawakousei/ros2_ws/src/cpp_topic_pubsub/build/cpp_topic_pubsub': CMAKE_PREFIX_PATH=${CMAKE_PREFIX_PATH}:/opt/ros/humble /usr/bin/cmake --install /home/osawakousei/ros2_ws/src/cpp_topic_pubsub/build/cpp_topic_pubsub
[1.394s] -- Install configuration: ""
[1.394s] -- Up-to-date: /home/osawakousei/ros2_ws/src/cpp_topic_pubsub/install/cpp_topic_pubsub/share/ament_index/resource_index/rosidl_interfaces/cpp_topic_pubsub
[1.395s] -- Up-to-date: /home/osawakousei/ros2_ws/src/cpp_topic_pubsub/install/cpp_topic_pubsub/include/cpp_topic_pubsub/cpp_topic_pubsub
[1.395s] -- Up-to-date: /home/osawakousei/ros2_ws/src/cpp_topic_pubsub/install/cpp_topic_pubsub/include/cpp_topic_pubsub/cpp_topic_pubsub/msg
[1.395s] -- Up-to-date: /home/osawakousei/ros2_ws/src/cpp_topic_pubsub/install/cpp_topic_pubsub/include/cpp_topic_pubsub/cpp_topic_pubsub/msg/practice_msg.h
[1.395s] -- Up-to-date: /home/osawakousei/ros2_ws/src/cpp_topic_pubsub/install/cpp_topic_pubsub/include/cpp_topic_pubsub/cpp_topic_pubsub/msg/rosidl_generator_c__visibility_control.h
[1.395s] -- Up-to-date: /home/osawakousei/ros2_ws/src/cpp_topic_pubsub/install/cpp_topic_pubsub/include/cpp_topic_pubsub/cpp_topic_pubsub/msg/detail
[1.395s] -- Up-to-date: /home/osawakousei/ros2_ws/src/cpp_topic_pubsub/install/cpp_topic_pubsub/include/cpp_topic_pubsub/cpp_topic_pubsub/msg/detail/practice_msg__struct.h
[1.396s] -- Up-to-date: /home/osawakousei/ros2_ws/src/cpp_topic_pubsub/install/cpp_topic_pubsub/include/cpp_topic_pubsub/cpp_topic_pubsub/msg/detail/practice_msg__functions.c
[1.396s] -- Up-to-date: /home/osawakousei/ros2_ws/src/cpp_topic_pubsub/install/cpp_topic_pubsub/include/cpp_topic_pubsub/cpp_topic_pubsub/msg/detail/practice_msg__type_support.h
[1.396s] -- Up-to-date: /home/osawakousei/ros2_ws/src/cpp_topic_pubsub/install/cpp_topic_pubsub/include/cpp_topic_pubsub/cpp_topic_pubsub/msg/detail/practice_msg__functions.h
[1.396s] -- Up-to-date: /home/osawakousei/ros2_ws/src/cpp_topic_pubsub/install/cpp_topic_pubsub/share/cpp_topic_pubsub/environment/library_path.sh
[1.397s] -- Up-to-date: /home/osawakousei/ros2_ws/src/cpp_topic_pubsub/install/cpp_topic_pubsub/share/cpp_topic_pubsub/environment/library_path.dsv
[1.397s] -- Up-to-date: /home/osawakousei/ros2_ws/src/cpp_topic_pubsub/install/cpp_topic_pubsub/lib/libcpp_topic_pubsub__rosidl_generator_c.so
[1.397s] -- Up-to-date: /home/osawakousei/ros2_ws/src/cpp_topic_pubsub/install/cpp_topic_pubsub/include/cpp_topic_pubsub/cpp_topic_pubsub
[1.397s] -- Up-to-date: /home/osawakousei/ros2_ws/src/cpp_topic_pubsub/install/cpp_topic_pubsub/include/cpp_topic_pubsub/cpp_topic_pubsub/msg
[1.398s] -- Up-to-date: /home/osawakousei/ros2_ws/src/cpp_topic_pubsub/install/cpp_topic_pubsub/include/cpp_topic_pubsub/cpp_topic_pubsub/msg/detail
[1.398s] -- Up-to-date: /home/osawakousei/ros2_ws/src/cpp_topic_pubsub/install/cpp_topic_pubsub/include/cpp_topic_pubsub/cpp_topic_pubsub/msg/detail/practice_msg__rosidl_typesupport_fastrtps_c.h
[1.398s] -- Up-to-date: /home/osawakousei/ros2_ws/src/cpp_topic_pubsub/install/cpp_topic_pubsub/include/cpp_topic_pubsub/cpp_topic_pubsub/msg/rosidl_typesupport_fastrtps_c__visibility_control.h
[1.399s] -- Up-to-date: /home/osawakousei/ros2_ws/src/cpp_topic_pubsub/install/cpp_topic_pubsub/lib/libcpp_topic_pubsub__rosidl_typesupport_fastrtps_c.so
[1.399s] -- Up-to-date: /home/osawakousei/ros2_ws/src/cpp_topic_pubsub/install/cpp_topic_pubsub/include/cpp_topic_pubsub/cpp_topic_pubsub
[1.399s] -- Up-to-date: /home/osawakousei/ros2_ws/src/cpp_topic_pubsub/install/cpp_topic_pubsub/include/cpp_topic_pubsub/cpp_topic_pubsub/msg
[1.400s] -- Up-to-date: /home/osawakousei/ros2_ws/src/cpp_topic_pubsub/install/cpp_topic_pubsub/include/cpp_topic_pubsub/cpp_topic_pubsub/msg/practice_msg.hpp
[1.400s] -- Up-to-date: /home/osawakousei/ros2_ws/src/cpp_topic_pubsub/install/cpp_topic_pubsub/include/cpp_topic_pubsub/cpp_topic_pubsub/msg/detail
[1.401s] -- Up-to-date: /home/osawakousei/ros2_ws/src/cpp_topic_pubsub/install/cpp_topic_pubsub/include/cpp_topic_pubsub/cpp_topic_pubsub/msg/detail/practice_msg__traits.hpp
[1.401s] -- Up-to-date: /home/osawakousei/ros2_ws/src/cpp_topic_pubsub/install/cpp_topic_pubsub/include/cpp_topic_pubsub/cpp_topic_pubsub/msg/detail/practice_msg__struct.hpp
[1.401s] -- Up-to-date: /home/osawakousei/ros2_ws/src/cpp_topic_pubsub/install/cpp_topic_pubsub/include/cpp_topic_pubsub/cpp_topic_pubsub/msg/detail/practice_msg__builder.hpp
[1.401s] -- Up-to-date: /home/osawakousei/ros2_ws/src/cpp_topic_pubsub/install/cpp_topic_pubsub/include/cpp_topic_pubsub/cpp_topic_pubsub
[1.401s] -- Up-to-date: /home/osawakousei/ros2_ws/src/cpp_topic_pubsub/install/cpp_topic_pubsub/include/cpp_topic_pubsub/cpp_topic_pubsub/msg
[1.401s] -- Up-to-date: /home/osawakousei/ros2_ws/src/cpp_topic_pubsub/install/cpp_topic_pubsub/include/cpp_topic_pubsub/cpp_topic_pubsub/msg/rosidl_typesupport_fastrtps_cpp__visibility_control.h
[1.402s] -- Up-to-date: /home/osawakousei/ros2_ws/src/cpp_topic_pubsub/install/cpp_topic_pubsub/include/cpp_topic_pubsub/cpp_topic_pubsub/msg/detail
[1.402s] -- Up-to-date: /home/osawakousei/ros2_ws/src/cpp_topic_pubsub/install/cpp_topic_pubsub/include/cpp_topic_pubsub/cpp_topic_pubsub/msg/detail/dds_fastrtps
[1.402s] -- Up-to-date: /home/osawakousei/ros2_ws/src/cpp_topic_pubsub/install/cpp_topic_pubsub/include/cpp_topic_pubsub/cpp_topic_pubsub/msg/detail/practice_msg__rosidl_typesupport_fastrtps_cpp.hpp
[1.402s] -- Up-to-date: /home/osawakousei/ros2_ws/src/cpp_topic_pubsub/install/cpp_topic_pubsub/lib/libcpp_topic_pubsub__rosidl_typesupport_fastrtps_cpp.so
[1.403s] -- Up-to-date: /home/osawakousei/ros2_ws/src/cpp_topic_pubsub/install/cpp_topic_pubsub/include/cpp_topic_pubsub/cpp_topic_pubsub
[1.403s] -- Up-to-date: /home/osawakousei/ros2_ws/src/cpp_topic_pubsub/install/cpp_topic_pubsub/include/cpp_topic_pubsub/cpp_topic_pubsub/msg
[1.403s] -- Up-to-date: /home/osawakousei/ros2_ws/src/cpp_topic_pubsub/install/cpp_topic_pubsub/include/cpp_topic_pubsub/cpp_topic_pubsub/msg/rosidl_typesupport_introspection_c__visibility_control.h
[1.403s] -- Up-to-date: /home/osawakousei/ros2_ws/src/cpp_topic_pubsub/install/cpp_topic_pubsub/include/cpp_topic_pubsub/cpp_topic_pubsub/msg/detail
[1.403s] -- Up-to-date: /home/osawakousei/ros2_ws/src/cpp_topic_pubsub/install/cpp_topic_pubsub/include/cpp_topic_pubsub/cpp_topic_pubsub/msg/detail/practice_msg__rosidl_typesupport_introspection_c.h
[1.404s] -- Up-to-date: /home/osawakousei/ros2_ws/src/cpp_topic_pubsub/install/cpp_topic_pubsub/include/cpp_topic_pubsub/cpp_topic_pubsub/msg/detail/practice_msg__type_support.c
[1.404s] -- Up-to-date: /home/osawakousei/ros2_ws/src/cpp_topic_pubsub/install/cpp_topic_pubsub/lib/libcpp_topic_pubsub__rosidl_typesupport_introspection_c.so
[1.404s] -- Up-to-date: /home/osawakousei/ros2_ws/src/cpp_topic_pubsub/install/cpp_topic_pubsub/lib/libcpp_topic_pubsub__rosidl_typesupport_c.so
[1.404s] -- Up-to-date: /home/osawakousei/ros2_ws/src/cpp_topic_pubsub/install/cpp_topic_pubsub/include/cpp_topic_pubsub/cpp_topic_pubsub
[1.404s] -- Up-to-date: /home/osawakousei/ros2_ws/src/cpp_topic_pubsub/install/cpp_topic_pubsub/include/cpp_topic_pubsub/cpp_topic_pubsub/msg
[1.404s] -- Up-to-date: /home/osawakousei/ros2_ws/src/cpp_topic_pubsub/install/cpp_topic_pubsub/include/cpp_topic_pubsub/cpp_topic_pubsub/msg/detail
[1.405s] -- Up-to-date: /home/osawakousei/ros2_ws/src/cpp_topic_pubsub/install/cpp_topic_pubsub/include/cpp_topic_pubsub/cpp_topic_pubsub/msg/detail/practice_msg__rosidl_typesupport_introspection_cpp.hpp
[1.405s] -- Up-to-date: /home/osawakousei/ros2_ws/src/cpp_topic_pubsub/install/cpp_topic_pubsub/include/cpp_topic_pubsub/cpp_topic_pubsub/msg/detail/practice_msg__type_support.cpp
[1.405s] -- Up-to-date: /home/osawakousei/ros2_ws/src/cpp_topic_pubsub/install/cpp_topic_pubsub/lib/libcpp_topic_pubsub__rosidl_typesupport_introspection_cpp.so
[1.405s] -- Up-to-date: /home/osawakousei/ros2_ws/src/cpp_topic_pubsub/install/cpp_topic_pubsub/lib/libcpp_topic_pubsub__rosidl_typesupport_cpp.so
[1.406s] -- Up-to-date: /home/osawakousei/ros2_ws/src/cpp_topic_pubsub/install/cpp_topic_pubsub/share/cpp_topic_pubsub/environment/pythonpath.sh
[1.406s] -- Up-to-date: /home/osawakousei/ros2_ws/src/cpp_topic_pubsub/install/cpp_topic_pubsub/share/cpp_topic_pubsub/environment/pythonpath.dsv
[1.406s] -- Up-to-date: /home/osawakousei/ros2_ws/src/cpp_topic_pubsub/install/cpp_topic_pubsub/local/lib/python3.10/dist-packages/cpp_topic_pubsub-0.0.0-py3.10.egg-info
[1.406s] -- Installing: /home/osawakousei/ros2_ws/src/cpp_topic_pubsub/install/cpp_topic_pubsub/local/lib/python3.10/dist-packages/cpp_topic_pubsub-0.0.0-py3.10.egg-info/top_level.txt
[1.406s] -- Installing: /home/osawakousei/ros2_ws/src/cpp_topic_pubsub/install/cpp_topic_pubsub/local/lib/python3.10/dist-packages/cpp_topic_pubsub-0.0.0-py3.10.egg-info/SOURCES.txt
[1.407s] -- Installing: /home/osawakousei/ros2_ws/src/cpp_topic_pubsub/install/cpp_topic_pubsub/local/lib/python3.10/dist-packages/cpp_topic_pubsub-0.0.0-py3.10.egg-info/dependency_links.txt
[1.407s] -- Installing: /home/osawakousei/ros2_ws/src/cpp_topic_pubsub/install/cpp_topic_pubsub/local/lib/python3.10/dist-packages/cpp_topic_pubsub-0.0.0-py3.10.egg-info/PKG-INFO
[1.408s] -- Up-to-date: /home/osawakousei/ros2_ws/src/cpp_topic_pubsub/install/cpp_topic_pubsub/local/lib/python3.10/dist-packages/cpp_topic_pubsub
[1.408s] -- Up-to-date: /home/osawakousei/ros2_ws/src/cpp_topic_pubsub/install/cpp_topic_pubsub/local/lib/python3.10/dist-packages/cpp_topic_pubsub/_cpp_topic_pubsub_s.ep.rosidl_typesupport_fastrtps_c.c
[1.408s] -- Up-to-date: /home/osawakousei/ros2_ws/src/cpp_topic_pubsub/install/cpp_topic_pubsub/local/lib/python3.10/dist-packages/cpp_topic_pubsub/cpp_topic_pubsub_s__rosidl_typesupport_c.cpython-310-x86_64-linux-gnu.so
[1.408s] -- Up-to-date: /home/osawakousei/ros2_ws/src/cpp_topic_pubsub/install/cpp_topic_pubsub/local/lib/python3.10/dist-packages/cpp_topic_pubsub/cpp_topic_pubsub_s__rosidl_typesupport_fastrtps_c.cpython-310-x86_64-linux-gnu.so
[1.408s] -- Up-to-date: /home/osawakousei/ros2_ws/src/cpp_topic_pubsub/install/cpp_topic_pubsub/local/lib/python3.10/dist-packages/cpp_topic_pubsub/_cpp_topic_pubsub_s.ep.rosidl_typesupport_introspection_c.c
[1.409s] -- Up-to-date: /home/osawakousei/ros2_ws/src/cpp_topic_pubsub/install/cpp_topic_pubsub/local/lib/python3.10/dist-packages/cpp_topic_pubsub/cpp_topic_pubsub_s__rosidl_typesupport_introspection_c.cpython-310-x86_64-linux-gnu.so
[1.409s] -- Up-to-date: /home/osawakousei/ros2_ws/src/cpp_topic_pubsub/install/cpp_topic_pubsub/local/lib/python3.10/dist-packages/cpp_topic_pubsub/libcpp_topic_pubsub__rosidl_generator_py.so
[1.409s] -- Up-to-date: /home/osawakousei/ros2_ws/src/cpp_topic_pubsub/install/cpp_topic_pubsub/local/lib/python3.10/dist-packages/cpp_topic_pubsub/__init__.py
[1.409s] -- Up-to-date: /home/osawakousei/ros2_ws/src/cpp_topic_pubsub/install/cpp_topic_pubsub/local/lib/python3.10/dist-packages/cpp_topic_pubsub/_cpp_topic_pubsub_s.ep.rosidl_typesupport_c.c
[1.409s] -- Up-to-date: /home/osawakousei/ros2_ws/src/cpp_topic_pubsub/install/cpp_topic_pubsub/local/lib/python3.10/dist-packages/cpp_topic_pubsub/msg
[1.410s] -- Up-to-date: /home/osawakousei/ros2_ws/src/cpp_topic_pubsub/install/cpp_topic_pubsub/local/lib/python3.10/dist-packages/cpp_topic_pubsub/msg/_practice_msg.py
[1.410s] -- Up-to-date: /home/osawakousei/ros2_ws/src/cpp_topic_pubsub/install/cpp_topic_pubsub/local/lib/python3.10/dist-packages/cpp_topic_pubsub/msg/__init__.py
[1.410s] -- Up-to-date: /home/osawakousei/ros2_ws/src/cpp_topic_pubsub/install/cpp_topic_pubsub/local/lib/python3.10/dist-packages/cpp_topic_pubsub/msg/_practice_msg_s.c
[1.494s] Listing '/home/osawakousei/ros2_ws/src/cpp_topic_pubsub/install/cpp_topic_pubsub/local/lib/python3.10/dist-packages/cpp_topic_pubsub'...
[1.495s] Listing '/home/osawakousei/ros2_ws/src/cpp_topic_pubsub/install/cpp_topic_pubsub/local/lib/python3.10/dist-packages/cpp_topic_pubsub/msg'...
[1.503s] -- Up-to-date: /home/osawakousei/ros2_ws/src/cpp_topic_pubsub/install/cpp_topic_pubsub/local/lib/python3.10/dist-packages/cpp_topic_pubsub/cpp_topic_pubsub_s__rosidl_typesupport_fastrtps_c.cpython-310-x86_64-linux-gnu.so
[1.505s] -- Up-to-date: /home/osawakousei/ros2_ws/src/cpp_topic_pubsub/install/cpp_topic_pubsub/local/lib/python3.10/dist-packages/cpp_topic_pubsub/cpp_topic_pubsub_s__rosidl_typesupport_introspection_c.cpython-310-x86_64-linux-gnu.so
[1.506s] -- Up-to-date: /home/osawakousei/ros2_ws/src/cpp_topic_pubsub/install/cpp_topic_pubsub/local/lib/python3.10/dist-packages/cpp_topic_pubsub/cpp_topic_pubsub_s__rosidl_typesupport_c.cpython-310-x86_64-linux-gnu.so
[1.508s] -- Up-to-date: /home/osawakousei/ros2_ws/src/cpp_topic_pubsub/install/cpp_topic_pubsub/lib/libcpp_topic_pubsub__rosidl_generator_py.so
[1.508s] -- Up-to-date: /home/osawakousei/ros2_ws/src/cpp_topic_pubsub/install/cpp_topic_pubsub/share/cpp_topic_pubsub/msg/PracticeMsg.idl
[1.508s] -- Up-to-date: /home/osawakousei/ros2_ws/src/cpp_topic_pubsub/install/cpp_topic_pubsub/share/cpp_topic_pubsub/msg/PracticeMsg.msg
[1.509s] -- Up-to-date: /home/osawakousei/ros2_ws/src/cpp_topic_pubsub/install/cpp_topic_pubsub/lib/cpp_topic_pubsub/practice_publisher_node
[1.512s] -- Up-to-date: /home/osawakousei/ros2_ws/src/cpp_topic_pubsub/install/cpp_topic_pubsub/lib/cpp_topic_pubsub/practice_subscriber_node
[1.512s] -- Up-to-date: /home/osawakousei/ros2_ws/src/cpp_topic_pubsub/install/cpp_topic_pubsub/share/ament_index/resource_index/package_run_dependencies/cpp_topic_pubsub
[1.513s] -- Up-to-date: /home/osawakousei/ros2_ws/src/cpp_topic_pubsub/install/cpp_topic_pubsub/share/ament_index/resource_index/parent_prefix_path/cpp_topic_pubsub
[1.513s] -- Up-to-date: /home/osawakousei/ros2_ws/src/cpp_topic_pubsub/install/cpp_topic_pubsub/share/cpp_topic_pubsub/environment/ament_prefix_path.sh
[1.513s] -- Up-to-date: /home/osawakousei/ros2_ws/src/cpp_topic_pubsub/install/cpp_topic_pubsub/share/cpp_topic_pubsub/environment/ament_prefix_path.dsv
[1.513s] -- Up-to-date: /home/osawakousei/ros2_ws/src/cpp_topic_pubsub/install/cpp_topic_pubsub/share/cpp_topic_pubsub/environment/path.sh
[1.513s] -- Up-to-date: /home/osawakousei/ros2_ws/src/cpp_topic_pubsub/install/cpp_topic_pubsub/share/cpp_topic_pubsub/environment/path.dsv
[1.514s] -- Up-to-date: /home/osawakousei/ros2_ws/src/cpp_topic_pubsub/install/cpp_topic_pubsub/share/cpp_topic_pubsub/local_setup.bash
[1.514s] -- Up-to-date: /home/osawakousei/ros2_ws/src/cpp_topic_pubsub/install/cpp_topic_pubsub/share/cpp_topic_pubsub/local_setup.sh
[1.514s] -- Up-to-date: /home/osawakousei/ros2_ws/src/cpp_topic_pubsub/install/cpp_topic_pubsub/share/cpp_topic_pubsub/local_setup.zsh
[1.515s] -- Up-to-date: /home/osawakousei/ros2_ws/src/cpp_topic_pubsub/install/cpp_topic_pubsub/share/cpp_topic_pubsub/local_setup.dsv
[1.515s] -- Installing: /home/osawakousei/ros2_ws/src/cpp_topic_pubsub/install/cpp_topic_pubsub/share/cpp_topic_pubsub/package.dsv
[1.515s] -- Up-to-date: /home/osawakousei/ros2_ws/src/cpp_topic_pubsub/install/cpp_topic_pubsub/share/ament_index/resource_index/packages/cpp_topic_pubsub
[1.515s] -- Up-to-date: /home/osawakousei/ros2_ws/src/cpp_topic_pubsub/install/cpp_topic_pubsub/share/cpp_topic_pubsub/cmake/export_cpp_topic_pubsub__rosidl_generator_cExport.cmake
[1.516s] -- Up-to-date: /home/osawakousei/ros2_ws/src/cpp_topic_pubsub/install/cpp_topic_pubsub/share/cpp_topic_pubsub/cmake/export_cpp_topic_pubsub__rosidl_generator_cExport-noconfig.cmake
[1.516s] -- Up-to-date: /home/osawakousei/ros2_ws/src/cpp_topic_pubsub/install/cpp_topic_pubsub/share/cpp_topic_pubsub/cmake/export_cpp_topic_pubsub__rosidl_typesupport_fastrtps_cExport.cmake
[1.516s] -- Up-to-date: /home/osawakousei/ros2_ws/src/cpp_topic_pubsub/install/cpp_topic_pubsub/share/cpp_topic_pubsub/cmake/export_cpp_topic_pubsub__rosidl_typesupport_fastrtps_cExport-noconfig.cmake
[1.517s] -- Up-to-date: /home/osawakousei/ros2_ws/src/cpp_topic_pubsub/install/cpp_topic_pubsub/share/cpp_topic_pubsub/cmake/export_cpp_topic_pubsub__rosidl_generator_cppExport.cmake
[1.517s] -- Up-to-date: /home/osawakousei/ros2_ws/src/cpp_topic_pubsub/install/cpp_topic_pubsub/share/cpp_topic_pubsub/cmake/export_cpp_topic_pubsub__rosidl_typesupport_fastrtps_cppExport.cmake
[1.517s] -- Up-to-date: /home/osawakousei/ros2_ws/src/cpp_topic_pubsub/install/cpp_topic_pubsub/share/cpp_topic_pubsub/cmake/export_cpp_topic_pubsub__rosidl_typesupport_fastrtps_cppExport-noconfig.cmake
[1.518s] -- Up-to-date: /home/osawakousei/ros2_ws/src/cpp_topic_pubsub/install/cpp_topic_pubsub/share/cpp_topic_pubsub/cmake/cpp_topic_pubsub__rosidl_typesupport_introspection_cExport.cmake
[1.518s] -- Up-to-date: /home/osawakousei/ros2_ws/src/cpp_topic_pubsub/install/cpp_topic_pubsub/share/cpp_topic_pubsub/cmake/cpp_topic_pubsub__rosidl_typesupport_introspection_cExport-noconfig.cmake
[1.518s] -- Up-to-date: /home/osawakousei/ros2_ws/src/cpp_topic_pubsub/install/cpp_topic_pubsub/share/cpp_topic_pubsub/cmake/cpp_topic_pubsub__rosidl_typesupport_cExport.cmake
[1.519s] -- Up-to-date: /home/osawakousei/ros2_ws/src/cpp_topic_pubsub/install/cpp_topic_pubsub/share/cpp_topic_pubsub/cmake/cpp_topic_pubsub__rosidl_typesupport_cExport-noconfig.cmake
[1.519s] -- Up-to-date: /home/osawakousei/ros2_ws/src/cpp_topic_pubsub/install/cpp_topic_pubsub/share/cpp_topic_pubsub/cmake/cpp_topic_pubsub__rosidl_typesupport_introspection_cppExport.cmake
[1.519s] -- Up-to-date: /home/osawakousei/ros2_ws/src/cpp_topic_pubsub/install/cpp_topic_pubsub/share/cpp_topic_pubsub/cmake/cpp_topic_pubsub__rosidl_typesupport_introspection_cppExport-noconfig.cmake
[1.519s] -- Up-to-date: /home/osawakousei/ros2_ws/src/cpp_topic_pubsub/install/cpp_topic_pubsub/share/cpp_topic_pubsub/cmake/cpp_topic_pubsub__rosidl_typesupport_cppExport.cmake
[1.519s] -- Up-to-date: /home/osawakousei/ros2_ws/src/cpp_topic_pubsub/install/cpp_topic_pubsub/share/cpp_topic_pubsub/cmake/cpp_topic_pubsub__rosidl_typesupport_cppExport-noconfig.cmake
[1.520s] -- Up-to-date: /home/osawakousei/ros2_ws/src/cpp_topic_pubsub/install/cpp_topic_pubsub/share/cpp_topic_pubsub/cmake/export_cpp_topic_pubsub__rosidl_generator_pyExport.cmake
[1.520s] -- Up-to-date: /home/osawakousei/ros2_ws/src/cpp_topic_pubsub/install/cpp_topic_pubsub/share/cpp_topic_pubsub/cmake/export_cpp_topic_pubsub__rosidl_generator_pyExport-noconfig.cmake
[1.520s] -- Up-to-date: /home/osawakousei/ros2_ws/src/cpp_topic_pubsub/install/cpp_topic_pubsub/share/cpp_topic_pubsub/cmake/rosidl_cmake-extras.cmake
[1.520s] -- Up-to-date: /home/osawakousei/ros2_ws/src/cpp_topic_pubsub/install/cpp_topic_pubsub/share/cpp_topic_pubsub/cmake/ament_cmake_export_include_directories-extras.cmake
[1.520s] -- Up-to-date: /home/osawakousei/ros2_ws/src/cpp_topic_pubsub/install/cpp_topic_pubsub/share/cpp_topic_pubsub/cmake/ament_cmake_export_libraries-extras.cmake
[1.521s] -- Up-to-date: /home/osawakousei/ros2_ws/src/cpp_topic_pubsub/install/cpp_topic_pubsub/share/cpp_topic_pubsub/cmake/ament_cmake_export_targets-extras.cmake
[1.521s] -- Up-to-date: /home/osawakousei/ros2_ws/src/cpp_topic_pubsub/install/cpp_topic_pubsub/share/cpp_topic_pubsub/cmake/rosidl_cmake_export_typesupport_targets-extras.cmake
[1.521s] -- Up-to-date: /home/osawakousei/ros2_ws/src/cpp_topic_pubsub/install/cpp_topic_pubsub/share/cpp_topic_pubsub/cmake/ament_cmake_export_dependencies-extras.cmake
[1.521s] -- Up-to-date: /home/osawakousei/ros2_ws/src/cpp_topic_pubsub/install/cpp_topic_pubsub/share/cpp_topic_pubsub/cmake/rosidl_cmake_export_typesupport_libraries-extras.cmake
[1.521s] -- Up-to-date: /home/osawakousei/ros2_ws/src/cpp_topic_pubsub/install/cpp_topic_pubsub/share/cpp_topic_pubsub/cmake/cpp_topic_pubsubConfig.cmake
[1.522s] -- Up-to-date: /home/osawakousei/ros2_ws/src/cpp_topic_pubsub/install/cpp_topic_pubsub/share/cpp_topic_pubsub/cmake/cpp_topic_pubsubConfig-version.cmake
[1.522s] -- Up-to-date: /home/osawakousei/ros2_ws/src/cpp_topic_pubsub/install/cpp_topic_pubsub/share/cpp_topic_pubsub/package.xml
[1.527s] Invoked command in '/home/osawakousei/ros2_ws/src/cpp_topic_pubsub/build/cpp_topic_pubsub' returned '0': CMAKE_PREFIX_PATH=${CMAKE_PREFIX_PATH}:/opt/ros/humble /usr/bin/cmake --install /home/osawakousei/ros2_ws/src/cpp_topic_pubsub/build/cpp_topic_pubsub
