-- Found ament_cmake: 1.3.5 (/opt/ros/humble/share/ament_cmake/cmake)
-- Found ament_cmake_export_assemblies: 0.0.0 (/home/osawakousei/ros2_ws/install/ament_cmake_export_assemblies/share/ament_cmake_export_assemblies/cmake)
-- Found dotnet_cmake_module: 0.0.0 (/home/osawakousei/ros2_ws/install/dotnet_cmake_module/share/dotnet_cmake_module/cmake)
-- Found DotNetCore: /usr/bin/dotnet  
-- Found .NET Core: 6.0.122
-- Using Framework: netstandard2.0
-- Using Framework: netstandard2.0
-- Using Runtime: linux-x64
-- Found ament_lint_auto: 0.12.8 (/opt/ros/humble/share/ament_lint_auto/cmake)
-- Found rosidl_adapter: 3.1.5 (/opt/ros/humble/share/rosidl_adapter/cmake)
-- Configuring done
-- Generating done
-- Build files have been written to: /home/osawakousei/ros2_ws/build/ros2cs_common
[100%] [34m[1m/usr/bin/cmake;-version;/usr/bin/dotnet restore ros2cs_common_dotnetcore.csproj;          /usr/bin/dotnet build ros2cs_common_dotnetcore.csproj -> /home/osawakousei/ros2_ws/build/ros2cs_common/ros2cs_common[0m
cmake version 3.22.1

CMake suite maintained and supported by Kitware (kitware.com/cmake).
[?1h=  Determining projects to restore...
  Restored /home/osawakousei/ros2_ws/build/ros2cs_common/ros2cs_common/ros2cs_common_dotnetcore.csproj (in 766 ms).
[?1h=.NET 向け Microsoft (R) Build Engine バージョン 17.0.1+b177f8fa7
Copyright (C) Microsoft Corporation.All rights reserved.

  Determining projects to restore...
  All projects are up-to-date for restore.
  ros2cs_common_dotnetcore -> /home/osawakousei/ros2_ws/build/ros2cs_common/netstandard2.0/ros2cs_common.dll
[39;49m[92m
ビルドに成功しました。
[39;49m    0 個の警告
[39;49m    0 エラー
[39;49m
経過時間 00:00:09.37
[100%] Built target ros2cs_common
-- Install configuration: ""
-- Installing: /home/osawakousei/ros2_ws/install/ros2cs_common/lib/dotnet
-- Installing: /home/osawakousei/ros2_ws/install/ros2cs_common/lib/dotnet/ros2cs_common.deps.json
-- Installing: /home/osawakousei/ros2_ws/install/ros2cs_common/lib/dotnet/ros2cs_common.dll
-- Installing: /home/osawakousei/ros2_ws/install/ros2cs_common/share/ament_index/resource_index/package_run_dependencies/ros2cs_common
-- Installing: /home/osawakousei/ros2_ws/install/ros2cs_common/share/ament_index/resource_index/parent_prefix_path/ros2cs_common
-- Installing: /home/osawakousei/ros2_ws/install/ros2cs_common/share/ros2cs_common/environment/ament_prefix_path.sh
-- Installing: /home/osawakousei/ros2_ws/install/ros2cs_common/share/ros2cs_common/environment/ament_prefix_path.dsv
-- Installing: /home/osawakousei/ros2_ws/install/ros2cs_common/share/ros2cs_common/environment/path.sh
-- Installing: /home/osawakousei/ros2_ws/install/ros2cs_common/share/ros2cs_common/environment/path.dsv
-- Installing: /home/osawakousei/ros2_ws/install/ros2cs_common/share/ros2cs_common/local_setup.bash
-- Installing: /home/osawakousei/ros2_ws/install/ros2cs_common/share/ros2cs_common/local_setup.sh
-- Installing: /home/osawakousei/ros2_ws/install/ros2cs_common/share/ros2cs_common/local_setup.zsh
-- Installing: /home/osawakousei/ros2_ws/install/ros2cs_common/share/ros2cs_common/local_setup.dsv
-- Installing: /home/osawakousei/ros2_ws/install/ros2cs_common/share/ros2cs_common/package.dsv
-- Installing: /home/osawakousei/ros2_ws/install/ros2cs_common/share/ament_index/resource_index/packages/ros2cs_common
-- Installing: /home/osawakousei/ros2_ws/install/ros2cs_common/share/ros2cs_common/cmake/ament_cmake_export_assemblies-extras.cmake
-- Installing: /home/osawakousei/ros2_ws/install/ros2cs_common/share/ros2cs_common/cmake/ament_cmake_export_dependencies-extras.cmake
-- Installing: /home/osawakousei/ros2_ws/install/ros2cs_common/share/ros2cs_common/cmake/ros2cs_commonConfig.cmake
-- Installing: /home/osawakousei/ros2_ws/install/ros2cs_common/share/ros2cs_common/cmake/ros2cs_commonConfig-version.cmake
-- Installing: /home/osawakousei/ros2_ws/install/ros2cs_common/share/ros2cs_common/package.xml
