[0.085s] Invoking command in '/home/osawakousei/ros2_ws/build/ros2cs_common': AMENT_PREFIX_PATH=/home/osawakousei/ros2_ws/install/dotnet_cmake_module:/home/osawakousei/ros2_ws/install/ament_cmake_export_assemblies:${AMENT_PREFIX_PATH} CMAKE_PREFIX_PATH=/home/osawakousei/ros2_ws/install/dotnet_cmake_module:/home/osawakousei/ros2_ws/install/ament_cmake_export_assemblies:/home/osawakousei/ros2_ws/src/custom_message_unity/install/custom_message_unity:/home/osawakousei/ros2_ws/install/test_package:/home/osawakousei/ros2_ws/install/micro_ros_setup:/home/osawakousei/ros2_ws/install/micro_ros_agent:/home/osawakousei/ros2_ws/install/micro_ros_msgs:/home/osawakousei/ros2_ws/install/android_controll_test:/home/osawakousei/ros2_ws/install/custom_test_msgs:/home/osawakousei/ros2_ws/install/cpp_topic_pubsub:/home/osawakousei/ros2_ws/install/cpp_server_client:/home/osawakousei/ros2_ws/src/android_controll_test/install/custom_test_msgs:/home/osawakousei/ros2_ws/src/android_controll_test/install/android_controll_test:/home/osawakousei/ros2_ws/src/cpp_server_client/install/cpp_server_client:/home/osawakousei/ros2_ws/src/cpp_topic_pubsub/install/cpp_topic_pubsub:/home/osawakousei/ros2_ws/src/test_package/install/test_package:/home/osawakousei/ros2_ws/uros_ws/install/micro_ros_setup:/home/osawakousei/ros2_ws/uros_ws/install/micro_ros_agent:/home/osawakousei/ros2_ws/uros_ws/install/micro_ros_msgs:/home/osawakousei/ros2_ws/src/custom_test_msgs/install/custom_test_msgs:/opt/ros/humble /usr/bin/cmake /home/osawakousei/ros2_ws/ros2cs/src/ros2cs/ros2cs_common -DCMAKE_INSTALL_PREFIX=/home/osawakousei/ros2_ws/install/ros2cs_common
[0.153s] -- Found ament_cmake: 1.3.5 (/opt/ros/humble/share/ament_cmake/cmake)
[0.679s] -- Found ament_cmake_export_assemblies: 0.0.0 (/home/osawakousei/ros2_ws/install/ament_cmake_export_assemblies/share/ament_cmake_export_assemblies/cmake)
[0.681s] -- Found dotnet_cmake_module: 0.0.0 (/home/osawakousei/ros2_ws/install/dotnet_cmake_module/share/dotnet_cmake_module/cmake)
[2.402s] -- Found DotNetCore: /usr/bin/dotnet  
[2.402s] -- Found .NET Core: 6.0.122
[2.402s] -- Using Framework: netstandard2.0
[2.402s] -- Using Framework: netstandard2.0
[2.403s] -- Using Runtime: linux-x64
[2.424s] -- Found ament_lint_auto: 0.12.8 (/opt/ros/humble/share/ament_lint_auto/cmake)
[2.602s] -- Found rosidl_adapter: 3.1.5 (/opt/ros/humble/share/rosidl_adapter/cmake)
[2.639s] -- Configuring done
[2.653s] -- Generating done
[2.656s] -- Build files have been written to: /home/osawakousei/ros2_ws/build/ros2cs_common
[2.663s] Invoked command in '/home/osawakousei/ros2_ws/build/ros2cs_common' returned '0': AMENT_PREFIX_PATH=/home/osawakousei/ros2_ws/install/dotnet_cmake_module:/home/osawakousei/ros2_ws/install/ament_cmake_export_assemblies:${AMENT_PREFIX_PATH} CMAKE_PREFIX_PATH=/home/osawakousei/ros2_ws/install/dotnet_cmake_module:/home/osawakousei/ros2_ws/install/ament_cmake_export_assemblies:/home/osawakousei/ros2_ws/src/custom_message_unity/install/custom_message_unity:/home/osawakousei/ros2_ws/install/test_package:/home/osawakousei/ros2_ws/install/micro_ros_setup:/home/osawakousei/ros2_ws/install/micro_ros_agent:/home/osawakousei/ros2_ws/install/micro_ros_msgs:/home/osawakousei/ros2_ws/install/android_controll_test:/home/osawakousei/ros2_ws/install/custom_test_msgs:/home/osawakousei/ros2_ws/install/cpp_topic_pubsub:/home/osawakousei/ros2_ws/install/cpp_server_client:/home/osawakousei/ros2_ws/src/android_controll_test/install/custom_test_msgs:/home/osawakousei/ros2_ws/src/android_controll_test/install/android_controll_test:/home/osawakousei/ros2_ws/src/cpp_server_client/install/cpp_server_client:/home/osawakousei/ros2_ws/src/cpp_topic_pubsub/install/cpp_topic_pubsub:/home/osawakousei/ros2_ws/src/test_package/install/test_package:/home/osawakousei/ros2_ws/uros_ws/install/micro_ros_setup:/home/osawakousei/ros2_ws/uros_ws/install/micro_ros_agent:/home/osawakousei/ros2_ws/uros_ws/install/micro_ros_msgs:/home/osawakousei/ros2_ws/src/custom_test_msgs/install/custom_test_msgs:/opt/ros/humble /usr/bin/cmake /home/osawakousei/ros2_ws/ros2cs/src/ros2cs/ros2cs_common -DCMAKE_INSTALL_PREFIX=/home/osawakousei/ros2_ws/install/ros2cs_common
[2.666s] Invoking command in '/home/osawakousei/ros2_ws/build/ros2cs_common': AMENT_PREFIX_PATH=/home/osawakousei/ros2_ws/install/dotnet_cmake_module:/home/osawakousei/ros2_ws/install/ament_cmake_export_assemblies:${AMENT_PREFIX_PATH} CMAKE_PREFIX_PATH=/home/osawakousei/ros2_ws/install/dotnet_cmake_module:/home/osawakousei/ros2_ws/install/ament_cmake_export_assemblies:/home/osawakousei/ros2_ws/src/custom_message_unity/install/custom_message_unity:/home/osawakousei/ros2_ws/install/test_package:/home/osawakousei/ros2_ws/install/micro_ros_setup:/home/osawakousei/ros2_ws/install/micro_ros_agent:/home/osawakousei/ros2_ws/install/micro_ros_msgs:/home/osawakousei/ros2_ws/install/android_controll_test:/home/osawakousei/ros2_ws/install/custom_test_msgs:/home/osawakousei/ros2_ws/install/cpp_topic_pubsub:/home/osawakousei/ros2_ws/install/cpp_server_client:/home/osawakousei/ros2_ws/src/android_controll_test/install/custom_test_msgs:/home/osawakousei/ros2_ws/src/android_controll_test/install/android_controll_test:/home/osawakousei/ros2_ws/src/cpp_server_client/install/cpp_server_client:/home/osawakousei/ros2_ws/src/cpp_topic_pubsub/install/cpp_topic_pubsub:/home/osawakousei/ros2_ws/src/test_package/install/test_package:/home/osawakousei/ros2_ws/uros_ws/install/micro_ros_setup:/home/osawakousei/ros2_ws/uros_ws/install/micro_ros_agent:/home/osawakousei/ros2_ws/uros_ws/install/micro_ros_msgs:/home/osawakousei/ros2_ws/src/custom_test_msgs/install/custom_test_msgs:/opt/ros/humble /usr/bin/cmake --build /home/osawakousei/ros2_ws/build/ros2cs_common -- -j8 -l8
[2.900s] [100%] [34m[1m/usr/bin/cmake;-version;/usr/bin/dotnet restore ros2cs_common_dotnetcore.csproj;          /usr/bin/dotnet build ros2cs_common_dotnetcore.csproj -> /home/osawakousei/ros2_ws/build/ros2cs_common/ros2cs_common[0m
[3.076s] cmake version 3.22.1
[3.076s] 
[3.077s] CMake suite maintained and supported by Kitware (kitware.com/cmake).
[7.762s] [?1h=  Determining projects to restore...
[9.351s]   Restored /home/osawakousei/ros2_ws/build/ros2cs_common/ros2cs_common/ros2cs_common_dotnetcore.csproj (in 766 ms).
[10.337s] [?1h=.NET 向け Microsoft (R) Build Engine バージョン 17.0.1+b177f8fa7
[10.339s] Copyright (C) Microsoft Corporation.All rights reserved.
[10.339s] 
[12.312s]   Determining projects to restore...
[13.274s]   All projects are up-to-date for restore.
[20.313s]   ros2cs_common_dotnetcore -> /home/osawakousei/ros2_ws/build/ros2cs_common/netstandard2.0/ros2cs_common.dll
[20.334s] [39;49m[92m
[20.334s] ビルドに成功しました。
[20.334s] [39;49m    0 個の警告
[20.335s] [39;49m    0 エラー
[20.335s] [39;49m
[20.335s] 経過時間 00:00:09.37
[20.406s] [100%] Built target ros2cs_common
[20.449s] Invoked command in '/home/osawakousei/ros2_ws/build/ros2cs_common' returned '0': AMENT_PREFIX_PATH=/home/osawakousei/ros2_ws/install/dotnet_cmake_module:/home/osawakousei/ros2_ws/install/ament_cmake_export_assemblies:${AMENT_PREFIX_PATH} CMAKE_PREFIX_PATH=/home/osawakousei/ros2_ws/install/dotnet_cmake_module:/home/osawakousei/ros2_ws/install/ament_cmake_export_assemblies:/home/osawakousei/ros2_ws/src/custom_message_unity/install/custom_message_unity:/home/osawakousei/ros2_ws/install/test_package:/home/osawakousei/ros2_ws/install/micro_ros_setup:/home/osawakousei/ros2_ws/install/micro_ros_agent:/home/osawakousei/ros2_ws/install/micro_ros_msgs:/home/osawakousei/ros2_ws/install/android_controll_test:/home/osawakousei/ros2_ws/install/custom_test_msgs:/home/osawakousei/ros2_ws/install/cpp_topic_pubsub:/home/osawakousei/ros2_ws/install/cpp_server_client:/home/osawakousei/ros2_ws/src/android_controll_test/install/custom_test_msgs:/home/osawakousei/ros2_ws/src/android_controll_test/install/android_controll_test:/home/osawakousei/ros2_ws/src/cpp_server_client/install/cpp_server_client:/home/osawakousei/ros2_ws/src/cpp_topic_pubsub/install/cpp_topic_pubsub:/home/osawakousei/ros2_ws/src/test_package/install/test_package:/home/osawakousei/ros2_ws/uros_ws/install/micro_ros_setup:/home/osawakousei/ros2_ws/uros_ws/install/micro_ros_agent:/home/osawakousei/ros2_ws/uros_ws/install/micro_ros_msgs:/home/osawakousei/ros2_ws/src/custom_test_msgs/install/custom_test_msgs:/opt/ros/humble /usr/bin/cmake --build /home/osawakousei/ros2_ws/build/ros2cs_common -- -j8 -l8
[20.613s] Invoking command in '/home/osawakousei/ros2_ws/build/ros2cs_common': AMENT_PREFIX_PATH=/home/osawakousei/ros2_ws/install/dotnet_cmake_module:/home/osawakousei/ros2_ws/install/ament_cmake_export_assemblies:${AMENT_PREFIX_PATH} CMAKE_PREFIX_PATH=/home/osawakousei/ros2_ws/install/dotnet_cmake_module:/home/osawakousei/ros2_ws/install/ament_cmake_export_assemblies:/home/osawakousei/ros2_ws/src/custom_message_unity/install/custom_message_unity:/home/osawakousei/ros2_ws/install/test_package:/home/osawakousei/ros2_ws/install/micro_ros_setup:/home/osawakousei/ros2_ws/install/micro_ros_agent:/home/osawakousei/ros2_ws/install/micro_ros_msgs:/home/osawakousei/ros2_ws/install/android_controll_test:/home/osawakousei/ros2_ws/install/custom_test_msgs:/home/osawakousei/ros2_ws/install/cpp_topic_pubsub:/home/osawakousei/ros2_ws/install/cpp_server_client:/home/osawakousei/ros2_ws/src/android_controll_test/install/custom_test_msgs:/home/osawakousei/ros2_ws/src/android_controll_test/install/android_controll_test:/home/osawakousei/ros2_ws/src/cpp_server_client/install/cpp_server_client:/home/osawakousei/ros2_ws/src/cpp_topic_pubsub/install/cpp_topic_pubsub:/home/osawakousei/ros2_ws/src/test_package/install/test_package:/home/osawakousei/ros2_ws/uros_ws/install/micro_ros_setup:/home/osawakousei/ros2_ws/uros_ws/install/micro_ros_agent:/home/osawakousei/ros2_ws/uros_ws/install/micro_ros_msgs:/home/osawakousei/ros2_ws/src/custom_test_msgs/install/custom_test_msgs:/opt/ros/humble /usr/bin/cmake --install /home/osawakousei/ros2_ws/build/ros2cs_common
[20.644s] -- Install configuration: ""
[20.644s] -- Installing: /home/osawakousei/ros2_ws/install/ros2cs_common/lib/dotnet
[20.645s] -- Installing: /home/osawakousei/ros2_ws/install/ros2cs_common/lib/dotnet/ros2cs_common.deps.json
[20.645s] -- Installing: /home/osawakousei/ros2_ws/install/ros2cs_common/lib/dotnet/ros2cs_common.dll
[20.647s] -- Installing: /home/osawakousei/ros2_ws/install/ros2cs_common/share/ament_index/resource_index/package_run_dependencies/ros2cs_common
[20.648s] -- Installing: /home/osawakousei/ros2_ws/install/ros2cs_common/share/ament_index/resource_index/parent_prefix_path/ros2cs_common
[20.649s] -- Installing: /home/osawakousei/ros2_ws/install/ros2cs_common/share/ros2cs_common/environment/ament_prefix_path.sh
[20.650s] -- Installing: /home/osawakousei/ros2_ws/install/ros2cs_common/share/ros2cs_common/environment/ament_prefix_path.dsv
[20.650s] -- Installing: /home/osawakousei/ros2_ws/install/ros2cs_common/share/ros2cs_common/environment/path.sh
[20.651s] -- Installing: /home/osawakousei/ros2_ws/install/ros2cs_common/share/ros2cs_common/environment/path.dsv
[20.651s] -- Installing: /home/osawakousei/ros2_ws/install/ros2cs_common/share/ros2cs_common/local_setup.bash
[20.652s] -- Installing: /home/osawakousei/ros2_ws/install/ros2cs_common/share/ros2cs_common/local_setup.sh
[20.652s] -- Installing: /home/osawakousei/ros2_ws/install/ros2cs_common/share/ros2cs_common/local_setup.zsh
[20.653s] -- Installing: /home/osawakousei/ros2_ws/install/ros2cs_common/share/ros2cs_common/local_setup.dsv
[20.653s] -- Installing: /home/osawakousei/ros2_ws/install/ros2cs_common/share/ros2cs_common/package.dsv
[20.655s] -- Installing: /home/osawakousei/ros2_ws/install/ros2cs_common/share/ament_index/resource_index/packages/ros2cs_common
[20.659s] -- Installing: /home/osawakousei/ros2_ws/install/ros2cs_common/share/ros2cs_common/cmake/ament_cmake_export_assemblies-extras.cmake
[20.659s] -- Installing: /home/osawakousei/ros2_ws/install/ros2cs_common/share/ros2cs_common/cmake/ament_cmake_export_dependencies-extras.cmake
[20.660s] -- Installing: /home/osawakousei/ros2_ws/install/ros2cs_common/share/ros2cs_common/cmake/ros2cs_commonConfig.cmake
[20.661s] -- Installing: /home/osawakousei/ros2_ws/install/ros2cs_common/share/ros2cs_common/cmake/ros2cs_commonConfig-version.cmake
[20.661s] -- Installing: /home/osawakousei/ros2_ws/install/ros2cs_common/share/ros2cs_common/package.xml
[20.672s] Invoked command in '/home/osawakousei/ros2_ws/build/ros2cs_common' returned '0': AMENT_PREFIX_PATH=/home/osawakousei/ros2_ws/install/dotnet_cmake_module:/home/osawakousei/ros2_ws/install/ament_cmake_export_assemblies:${AMENT_PREFIX_PATH} CMAKE_PREFIX_PATH=/home/osawakousei/ros2_ws/install/dotnet_cmake_module:/home/osawakousei/ros2_ws/install/ament_cmake_export_assemblies:/home/osawakousei/ros2_ws/src/custom_message_unity/install/custom_message_unity:/home/osawakousei/ros2_ws/install/test_package:/home/osawakousei/ros2_ws/install/micro_ros_setup:/home/osawakousei/ros2_ws/install/micro_ros_agent:/home/osawakousei/ros2_ws/install/micro_ros_msgs:/home/osawakousei/ros2_ws/install/android_controll_test:/home/osawakousei/ros2_ws/install/custom_test_msgs:/home/osawakousei/ros2_ws/install/cpp_topic_pubsub:/home/osawakousei/ros2_ws/install/cpp_server_client:/home/osawakousei/ros2_ws/src/android_controll_test/install/custom_test_msgs:/home/osawakousei/ros2_ws/src/android_controll_test/install/android_controll_test:/home/osawakousei/ros2_ws/src/cpp_server_client/install/cpp_server_client:/home/osawakousei/ros2_ws/src/cpp_topic_pubsub/install/cpp_topic_pubsub:/home/osawakousei/ros2_ws/src/test_package/install/test_package:/home/osawakousei/ros2_ws/uros_ws/install/micro_ros_setup:/home/osawakousei/ros2_ws/uros_ws/install/micro_ros_agent:/home/osawakousei/ros2_ws/uros_ws/install/micro_ros_msgs:/home/osawakousei/ros2_ws/src/custom_test_msgs/install/custom_test_msgs:/opt/ros/humble /usr/bin/cmake --install /home/osawakousei/ros2_ws/build/ros2cs_common
