[0.053s] Invoking command in '/home/osawakousei/ros2_ws/src/cpp_topic_pubsub/build/cpp_topic_pubsub': CMAKE_PREFIX_PATH=${CMAKE_PREFIX_PATH}:/opt/ros/humble /usr/bin/cmake /home/osawakousei/ros2_ws/src/cpp_topic_pubsub -DCMAKE_INSTALL_PREFIX=/home/osawakousei/ros2_ws/src/cpp_topic_pubsub/install/cpp_topic_pubsub
[0.095s] -- Found ament_cmake: 1.3.5 (/opt/ros/humble/share/ament_cmake/cmake)
[0.503s] -- Found rclcpp: 16.0.5 (/opt/ros/humble/share/rclcpp/cmake)
[0.587s] -- Found rosidl_generator_c: 3.1.5 (/opt/ros/humble/share/rosidl_generator_c/cmake)
[0.593s] -- Found rosidl_adapter: 3.1.5 (/opt/ros/humble/share/rosidl_adapter/cmake)
[0.609s] -- Found rosidl_generator_cpp: 3.1.5 (/opt/ros/humble/share/rosidl_generator_cpp/cmake)
[0.642s] -- Using all available rosidl_typesupport_c: rosidl_typesupport_fastrtps_c;rosidl_typesupport_introspection_c
[0.688s] -- Using all available rosidl_typesupport_cpp: rosidl_typesupport_fastrtps_cpp;rosidl_typesupport_introspection_cpp
[0.850s] -- Found rmw_implementation_cmake: 6.1.1 (/opt/ros/humble/share/rmw_implementation_cmake/cmake)
[0.856s] -- Found rmw_fastrtps_cpp: 6.2.3 (/opt/ros/humble/share/rmw_fastrtps_cpp/cmake)
[1.185s] -- Using RMW implementation 'rmw_fastrtps_cpp' as default
[1.579s] -- Found rosidl_default_generators: 1.2.0 (/opt/ros/humble/share/rosidl_default_generators/cmake)
[1.600s] -- Found ament_lint_auto: 0.12.7 (/opt/ros/humble/share/ament_lint_auto/cmake)
[2.303s] [31mCMake Error at /opt/ros/humble/share/rosidl_adapter/cmake/rosidl_adapt_interfaces.cmake:59 (message):
[2.303s]   execute_process(/usr/bin/python3.10 -m rosidl_adapter --package-name
[2.303s]   cpp_topic_pubsub --arguments-file
[2.303s]   /home/osawakousei/ros2_ws/src/cpp_topic_pubsub/build/cpp_topic_pubsub/rosidl_adapter__arguments__cpp_topic_pubsub.json
[2.304s]   --output-dir
[2.304s]   /home/osawakousei/ros2_ws/src/cpp_topic_pubsub/build/cpp_topic_pubsub/rosidl_adapter/cpp_topic_pubsub
[2.304s]   --output-file
[2.304s]   /home/osawakousei/ros2_ws/src/cpp_topic_pubsub/build/cpp_topic_pubsub/rosidl_adapter/cpp_topic_pubsub.idls)
[2.304s]   returned error code 1:
[2.305s] 
[2.305s]   Error processing ' uint8 product_type' of 'cpp_topic_pubsub/PracticeMsg':
[2.305s]   'string index out of range'
[2.305s] 
[2.305s]   Traceback (most recent call last):
[2.306s] 
[2.306s]     File "/usr/lib/python3.10/runpy.py", line 196, in _run_module_as_main
[2.306s]       return _run_code(code, main_globals, None,
[2.306s]     File "/usr/lib/python3.10/runpy.py", line 86, in _run_code
[2.306s]       exec(code, run_globals)
[2.307s]     File "/opt/ros/humble/local/lib/python3.10/dist-packages/rosidl_adapter/__main__.py", line 19, in <module>
[2.307s]       sys.exit(main())
[2.307s]     File "/opt/ros/humble/local/lib/python3.10/dist-packages/rosidl_adapter/main.py", line 53, in main
[2.307s]       abs_idl_file = convert_to_idl(
[2.307s]     File "/opt/ros/humble/local/lib/python3.10/dist-packages/rosidl_adapter/__init__.py", line 19, in convert_to_idl
[2.308s]       return convert_msg_to_idl(
[2.308s]     File "/opt/ros/humble/local/lib/python3.10/dist-packages/rosidl_adapter/msg/__init__.py", line 28, in convert_msg_to_idl
[2.308s]       msg = parse_message_string(package_name, input_file.stem, content)
[2.308s]     File "/opt/ros/humble/local/lib/python3.10/dist-packages/rosidl_adapter/parser.py", line 520, in parse_message_string
[2.309s]       Type(type_string, context_package_name=pkg_name),
[2.309s]     File "/opt/ros/humble/local/lib/python3.10/dist-packages/rosidl_adapter/parser.py", line 241, in __init__
[2.309s]       self.is_array = type_string[-1] == ']'
[2.309s] 
[2.309s]   IndexError: string index out of range
[2.310s] 
[2.310s] Call Stack (most recent call first):
[2.310s]   /opt/ros/humble/share/rosidl_cmake/cmake/rosidl_generate_interfaces.cmake:130 (rosidl_adapt_interfaces)
[2.310s]   CMakeLists.txt:31 (rosidl_generate_interfaces)
[2.310s] 
[2.311s] [0m
[2.313s] -- Configuring incomplete, errors occurred!
[2.313s] See also "/home/osawakousei/ros2_ws/src/cpp_topic_pubsub/build/cpp_topic_pubsub/CMakeFiles/CMakeOutput.log".
[2.327s] Invoked command in '/home/osawakousei/ros2_ws/src/cpp_topic_pubsub/build/cpp_topic_pubsub' returned '1': CMAKE_PREFIX_PATH=${CMAKE_PREFIX_PATH}:/opt/ros/humble /usr/bin/cmake /home/osawakousei/ros2_ws/src/cpp_topic_pubsub -DCMAKE_INSTALL_PREFIX=/home/osawakousei/ros2_ws/src/cpp_topic_pubsub/install/cpp_topic_pubsub
