-- The C compiler identification is GNU 11.4.0
-- The CXX compiler identification is GNU 11.4.0
-- Detecting C compiler ABI info
-- Detecting C compiler ABI info - done
-- Check for working C compiler: /usr/bin/cc - skipped
-- Detecting C compile features
-- Detecting C compile features - done
-- Detecting CXX compiler ABI info
-- Detecting CXX compiler ABI info - done
-- Check for working CXX compiler: /usr/bin/c++ - skipped
-- Detecting CXX compile features
-- Detecting CXX compile features - done
-- Found ament_cmake: 1.3.5 (/opt/ros/humble/share/ament_cmake/cmake)
-- Found Python3: /usr/bin/python3.10 (found version "3.10.12") found components: Interpreter 
-- Found rosidl_cmake: 3.1.5 (/opt/ros/humble/share/rosidl_cmake/cmake)
-- Found rosidl_adapter: 3.1.5 (/opt/ros/humble/share/rosidl_adapter/cmake)
-- Found rmw_implementation_cmake: 6.1.1 (/opt/ros/humble/share/rmw_implementation_cmake/cmake)
-- Configuring done
-- Generating done
-- Build files have been written to: /home/osawakousei/ros2_ws/build/rosidl_generator_cs
Built target ament_cmake_python_copy_rosidl_generator_cs
running egg_info
creating rosidl_generator_cs.egg-info
writing rosidl_generator_cs.egg-info/PKG-INFO
writing dependency_links to rosidl_generator_cs.egg-info/dependency_links.txt
writing top-level names to rosidl_generator_cs.egg-info/top_level.txt
writing manifest file 'rosidl_generator_cs.egg-info/SOURCES.txt'
reading manifest file 'rosidl_generator_cs.egg-info/SOURCES.txt'
writing manifest file 'rosidl_generator_cs.egg-info/SOURCES.txt'
Built target ament_cmake_python_build_rosidl_generator_cs_egg
-- Install configuration: ""
-- Installing: /home/osawakousei/ros2_ws/install/rosidl_generator_cs/share/ament_index/resource_index/rosidl_generator_packages/rosidl_generator_cs
-- Installing: /home/osawakousei/ros2_ws/install/rosidl_generator_cs/share/rosidl_generator_cs/environment/pythonpath.sh
-- Installing: /home/osawakousei/ros2_ws/install/rosidl_generator_cs/share/rosidl_generator_cs/environment/pythonpath.dsv
-- Installing: /home/osawakousei/ros2_ws/install/rosidl_generator_cs/local/lib/python3.10/dist-packages/rosidl_generator_cs-2.0.0-py3.10.egg-info
-- Installing: /home/osawakousei/ros2_ws/install/rosidl_generator_cs/local/lib/python3.10/dist-packages/rosidl_generator_cs-2.0.0-py3.10.egg-info/top_level.txt
-- Installing: /home/osawakousei/ros2_ws/install/rosidl_generator_cs/local/lib/python3.10/dist-packages/rosidl_generator_cs-2.0.0-py3.10.egg-info/SOURCES.txt
-- Installing: /home/osawakousei/ros2_ws/install/rosidl_generator_cs/local/lib/python3.10/dist-packages/rosidl_generator_cs-2.0.0-py3.10.egg-info/dependency_links.txt
-- Installing: /home/osawakousei/ros2_ws/install/rosidl_generator_cs/local/lib/python3.10/dist-packages/rosidl_generator_cs-2.0.0-py3.10.egg-info/PKG-INFO
-- Installing: /home/osawakousei/ros2_ws/install/rosidl_generator_cs/local/lib/python3.10/dist-packages/rosidl_generator_cs
-- Installing: /home/osawakousei/ros2_ws/install/rosidl_generator_cs/local/lib/python3.10/dist-packages/rosidl_generator_cs/generate_cs_impl.py
-- Installing: /home/osawakousei/ros2_ws/install/rosidl_generator_cs/local/lib/python3.10/dist-packages/rosidl_generator_cs/__init__.py
Listing '/home/osawakousei/ros2_ws/install/rosidl_generator_cs/local/lib/python3.10/dist-packages/rosidl_generator_cs'...
Compiling '/home/osawakousei/ros2_ws/install/rosidl_generator_cs/local/lib/python3.10/dist-packages/rosidl_generator_cs/__init__.py'...
Compiling '/home/osawakousei/ros2_ws/install/rosidl_generator_cs/local/lib/python3.10/dist-packages/rosidl_generator_cs/generate_cs_impl.py'...
-- Installing: /home/osawakousei/ros2_ws/install/rosidl_generator_cs/share/ament_index/resource_index/package_run_dependencies/rosidl_generator_cs
-- Installing: /home/osawakousei/ros2_ws/install/rosidl_generator_cs/share/ament_index/resource_index/parent_prefix_path/rosidl_generator_cs
-- Installing: /home/osawakousei/ros2_ws/install/rosidl_generator_cs/share/rosidl_generator_cs/environment/ament_prefix_path.sh
-- Installing: /home/osawakousei/ros2_ws/install/rosidl_generator_cs/share/rosidl_generator_cs/environment/ament_prefix_path.dsv
-- Installing: /home/osawakousei/ros2_ws/install/rosidl_generator_cs/share/rosidl_generator_cs/environment/path.sh
-- Installing: /home/osawakousei/ros2_ws/install/rosidl_generator_cs/share/rosidl_generator_cs/environment/path.dsv
-- Installing: /home/osawakousei/ros2_ws/install/rosidl_generator_cs/share/rosidl_generator_cs/local_setup.bash
-- Installing: /home/osawakousei/ros2_ws/install/rosidl_generator_cs/share/rosidl_generator_cs/local_setup.sh
-- Installing: /home/osawakousei/ros2_ws/install/rosidl_generator_cs/share/rosidl_generator_cs/local_setup.zsh
-- Installing: /home/osawakousei/ros2_ws/install/rosidl_generator_cs/share/rosidl_generator_cs/local_setup.dsv
-- Installing: /home/osawakousei/ros2_ws/install/rosidl_generator_cs/share/rosidl_generator_cs/package.dsv
-- Installing: /home/osawakousei/ros2_ws/install/rosidl_generator_cs/share/ament_index/resource_index/packages/rosidl_generator_cs
-- Installing: /home/osawakousei/ros2_ws/install/rosidl_generator_cs/share/rosidl_generator_cs/cmake/rosidl_generator_cs_get_typesupports.cmake
-- Installing: /home/osawakousei/ros2_ws/install/rosidl_generator_cs/share/rosidl_generator_cs/cmake/register_cs.cmake
-- Installing: /home/osawakousei/ros2_ws/install/rosidl_generator_cs/share/rosidl_generator_cs/cmake/rosidl_generator_cs-extras.cmake
-- Installing: /home/osawakousei/ros2_ws/install/rosidl_generator_cs/share/rosidl_generator_cs/cmake/ament_cmake_export_dependencies-extras.cmake
-- Installing: /home/osawakousei/ros2_ws/install/rosidl_generator_cs/share/rosidl_generator_cs/cmake/rosidl_generator_csConfig.cmake
-- Installing: /home/osawakousei/ros2_ws/install/rosidl_generator_cs/share/rosidl_generator_cs/cmake/rosidl_generator_csConfig-version.cmake
-- Installing: /home/osawakousei/ros2_ws/install/rosidl_generator_cs/share/rosidl_generator_cs/package.xml
-- Installing: /home/osawakousei/ros2_ws/install/rosidl_generator_cs/lib/rosidl_generator_cs/rosidl_generator_cs
-- Up-to-date: /home/osawakousei/ros2_ws/install/rosidl_generator_cs/share/rosidl_generator_cs/cmake
-- Up-to-date: /home/osawakousei/ros2_ws/install/rosidl_generator_cs/share/rosidl_generator_cs/cmake/rosidl_generator_cs_get_typesupports.cmake
-- Installing: /home/osawakousei/ros2_ws/install/rosidl_generator_cs/share/rosidl_generator_cs/cmake/rosidl_generator_cs_generate_interfaces.cmake
-- Up-to-date: /home/osawakousei/ros2_ws/install/rosidl_generator_cs/share/rosidl_generator_cs/cmake/register_cs.cmake
-- Installing: /home/osawakousei/ros2_ws/install/rosidl_generator_cs/share/rosidl_generator_cs/resource
-- Installing: /home/osawakousei/ros2_ws/install/rosidl_generator_cs/share/rosidl_generator_cs/resource/msg.cs.em
-- Installing: /home/osawakousei/ros2_ws/install/rosidl_generator_cs/share/rosidl_generator_cs/resource/idl_typesupport.c.em
-- Installing: /home/osawakousei/ros2_ws/install/rosidl_generator_cs/share/rosidl_generator_cs/resource/msg.c.em
-- Installing: /home/osawakousei/ros2_ws/install/rosidl_generator_cs/share/rosidl_generator_cs/resource/idl.c.em
-- Installing: /home/osawakousei/ros2_ws/install/rosidl_generator_cs/share/rosidl_generator_cs/resource/srv_typesupport.c.em
-- Installing: /home/osawakousei/ros2_ws/install/rosidl_generator_cs/share/rosidl_generator_cs/resource/srv.c.em
-- Installing: /home/osawakousei/ros2_ws/install/rosidl_generator_cs/share/rosidl_generator_cs/resource/msg_typesupport.c.em
-- Installing: /home/osawakousei/ros2_ws/install/rosidl_generator_cs/share/rosidl_generator_cs/resource/idl.cs.em
-- Installing: /home/osawakousei/ros2_ws/install/rosidl_generator_cs/share/rosidl_generator_cs/resource/srv.cs.em
