[0.069s] Invoking command in '/home/osawakousei/ros2_ws/build/rosidl_generator_cs': AMENT_PREFIX_PATH=/home/osawakousei/ros2_ws/install/ros2cs_common:/home/osawakousei/ros2_ws/install/dotnet_cmake_module:/home/osawakousei/ros2_ws/install/ament_cmake_export_assemblies:${AMENT_PREFIX_PATH} CMAKE_PREFIX_PATH=/home/osawakousei/ros2_ws/install/ros2cs_common:/home/osawakousei/ros2_ws/install/dotnet_cmake_module:/home/osawakousei/ros2_ws/install/ament_cmake_export_assemblies:/home/osawakousei/ros2_ws/src/custom_message_unity/install/custom_message_unity:/home/osawakousei/ros2_ws/install/test_package:/home/osawakousei/ros2_ws/install/micro_ros_setup:/home/osawakousei/ros2_ws/install/micro_ros_agent:/home/osawakousei/ros2_ws/install/micro_ros_msgs:/home/osawakousei/ros2_ws/install/android_controll_test:/home/osawakousei/ros2_ws/install/custom_test_msgs:/home/osawakousei/ros2_ws/install/cpp_topic_pubsub:/home/osawakousei/ros2_ws/install/cpp_server_client:/home/osawakousei/ros2_ws/src/android_controll_test/install/custom_test_msgs:/home/osawakousei/ros2_ws/src/android_controll_test/install/android_controll_test:/home/osawakousei/ros2_ws/src/cpp_server_client/install/cpp_server_client:/home/osawakousei/ros2_ws/src/cpp_topic_pubsub/install/cpp_topic_pubsub:/home/osawakousei/ros2_ws/src/test_package/install/test_package:/home/osawakousei/ros2_ws/uros_ws/install/micro_ros_setup:/home/osawakousei/ros2_ws/uros_ws/install/micro_ros_agent:/home/osawakousei/ros2_ws/uros_ws/install/micro_ros_msgs:/home/osawakousei/ros2_ws/src/custom_test_msgs/install/custom_test_msgs:/opt/ros/humble /usr/bin/cmake /home/osawakousei/ros2_ws/ros2cs/src/ros2cs/rosidl_generator_cs -DCMAKE_INSTALL_PREFIX=/home/osawakousei/ros2_ws/install/rosidl_generator_cs
[0.586s] -- The C compiler identification is GNU 11.4.0
[1.041s] -- The CXX compiler identification is GNU 11.4.0
[1.079s] -- Detecting C compiler ABI info
[1.382s] -- Detecting C compiler ABI info - done
[1.399s] -- Check for working C compiler: /usr/bin/cc - skipped
[1.402s] -- Detecting C compile features
[1.408s] -- Detecting C compile features - done
[1.419s] -- Detecting CXX compiler ABI info
[1.763s] -- Detecting CXX compiler ABI info - done
[1.783s] -- Check for working CXX compiler: /usr/bin/c++ - skipped
[1.783s] -- Detecting CXX compile features
[1.785s] -- Detecting CXX compile features - done
[1.805s] -- Found ament_cmake: 1.3.5 (/opt/ros/humble/share/ament_cmake/cmake)
[2.426s] -- Found Python3: /usr/bin/python3.10 (found version "3.10.12") found components: Interpreter 
[2.861s] -- Found rosidl_cmake: 3.1.5 (/opt/ros/humble/share/rosidl_cmake/cmake)
[2.877s] -- Found rosidl_adapter: 3.1.5 (/opt/ros/humble/share/rosidl_adapter/cmake)
[2.902s] -- Found rmw_implementation_cmake: 6.1.1 (/opt/ros/humble/share/rmw_implementation_cmake/cmake)
[3.423s] -- Configuring done
[3.442s] -- Generating done
[3.446s] -- Build files have been written to: /home/osawakousei/ros2_ws/build/rosidl_generator_cs
[3.460s] Invoked command in '/home/osawakousei/ros2_ws/build/rosidl_generator_cs' returned '0': AMENT_PREFIX_PATH=/home/osawakousei/ros2_ws/install/ros2cs_common:/home/osawakousei/ros2_ws/install/dotnet_cmake_module:/home/osawakousei/ros2_ws/install/ament_cmake_export_assemblies:${AMENT_PREFIX_PATH} CMAKE_PREFIX_PATH=/home/osawakousei/ros2_ws/install/ros2cs_common:/home/osawakousei/ros2_ws/install/dotnet_cmake_module:/home/osawakousei/ros2_ws/install/ament_cmake_export_assemblies:/home/osawakousei/ros2_ws/src/custom_message_unity/install/custom_message_unity:/home/osawakousei/ros2_ws/install/test_package:/home/osawakousei/ros2_ws/install/micro_ros_setup:/home/osawakousei/ros2_ws/install/micro_ros_agent:/home/osawakousei/ros2_ws/install/micro_ros_msgs:/home/osawakousei/ros2_ws/install/android_controll_test:/home/osawakousei/ros2_ws/install/custom_test_msgs:/home/osawakousei/ros2_ws/install/cpp_topic_pubsub:/home/osawakousei/ros2_ws/install/cpp_server_client:/home/osawakousei/ros2_ws/src/android_controll_test/install/custom_test_msgs:/home/osawakousei/ros2_ws/src/android_controll_test/install/android_controll_test:/home/osawakousei/ros2_ws/src/cpp_server_client/install/cpp_server_client:/home/osawakousei/ros2_ws/src/cpp_topic_pubsub/install/cpp_topic_pubsub:/home/osawakousei/ros2_ws/src/test_package/install/test_package:/home/osawakousei/ros2_ws/uros_ws/install/micro_ros_setup:/home/osawakousei/ros2_ws/uros_ws/install/micro_ros_agent:/home/osawakousei/ros2_ws/uros_ws/install/micro_ros_msgs:/home/osawakousei/ros2_ws/src/custom_test_msgs/install/custom_test_msgs:/opt/ros/humble /usr/bin/cmake /home/osawakousei/ros2_ws/ros2cs/src/ros2cs/rosidl_generator_cs -DCMAKE_INSTALL_PREFIX=/home/osawakousei/ros2_ws/install/rosidl_generator_cs
[3.463s] Invoking command in '/home/osawakousei/ros2_ws/build/rosidl_generator_cs': AMENT_PREFIX_PATH=/home/osawakousei/ros2_ws/install/ros2cs_common:/home/osawakousei/ros2_ws/install/dotnet_cmake_module:/home/osawakousei/ros2_ws/install/ament_cmake_export_assemblies:${AMENT_PREFIX_PATH} CMAKE_PREFIX_PATH=/home/osawakousei/ros2_ws/install/ros2cs_common:/home/osawakousei/ros2_ws/install/dotnet_cmake_module:/home/osawakousei/ros2_ws/install/ament_cmake_export_assemblies:/home/osawakousei/ros2_ws/src/custom_message_unity/install/custom_message_unity:/home/osawakousei/ros2_ws/install/test_package:/home/osawakousei/ros2_ws/install/micro_ros_setup:/home/osawakousei/ros2_ws/install/micro_ros_agent:/home/osawakousei/ros2_ws/install/micro_ros_msgs:/home/osawakousei/ros2_ws/install/android_controll_test:/home/osawakousei/ros2_ws/install/custom_test_msgs:/home/osawakousei/ros2_ws/install/cpp_topic_pubsub:/home/osawakousei/ros2_ws/install/cpp_server_client:/home/osawakousei/ros2_ws/src/android_controll_test/install/custom_test_msgs:/home/osawakousei/ros2_ws/src/android_controll_test/install/android_controll_test:/home/osawakousei/ros2_ws/src/cpp_server_client/install/cpp_server_client:/home/osawakousei/ros2_ws/src/cpp_topic_pubsub/install/cpp_topic_pubsub:/home/osawakousei/ros2_ws/src/test_package/install/test_package:/home/osawakousei/ros2_ws/uros_ws/install/micro_ros_setup:/home/osawakousei/ros2_ws/uros_ws/install/micro_ros_agent:/home/osawakousei/ros2_ws/uros_ws/install/micro_ros_msgs:/home/osawakousei/ros2_ws/src/custom_test_msgs/install/custom_test_msgs:/opt/ros/humble /usr/bin/cmake --build /home/osawakousei/ros2_ws/build/rosidl_generator_cs -- -j8 -l8
[3.732s] Built target ament_cmake_python_copy_rosidl_generator_cs
[4.597s] running egg_info
[4.599s] creating rosidl_generator_cs.egg-info
[4.599s] writing rosidl_generator_cs.egg-info/PKG-INFO
[4.600s] writing dependency_links to rosidl_generator_cs.egg-info/dependency_links.txt
[4.600s] writing top-level names to rosidl_generator_cs.egg-info/top_level.txt
[4.601s] writing manifest file 'rosidl_generator_cs.egg-info/SOURCES.txt'
[4.606s] reading manifest file 'rosidl_generator_cs.egg-info/SOURCES.txt'
[4.608s] writing manifest file 'rosidl_generator_cs.egg-info/SOURCES.txt'
[4.685s] Built target ament_cmake_python_build_rosidl_generator_cs_egg
[4.725s] Invoked command in '/home/osawakousei/ros2_ws/build/rosidl_generator_cs' returned '0': AMENT_PREFIX_PATH=/home/osawakousei/ros2_ws/install/ros2cs_common:/home/osawakousei/ros2_ws/install/dotnet_cmake_module:/home/osawakousei/ros2_ws/install/ament_cmake_export_assemblies:${AMENT_PREFIX_PATH} CMAKE_PREFIX_PATH=/home/osawakousei/ros2_ws/install/ros2cs_common:/home/osawakousei/ros2_ws/install/dotnet_cmake_module:/home/osawakousei/ros2_ws/install/ament_cmake_export_assemblies:/home/osawakousei/ros2_ws/src/custom_message_unity/install/custom_message_unity:/home/osawakousei/ros2_ws/install/test_package:/home/osawakousei/ros2_ws/install/micro_ros_setup:/home/osawakousei/ros2_ws/install/micro_ros_agent:/home/osawakousei/ros2_ws/install/micro_ros_msgs:/home/osawakousei/ros2_ws/install/android_controll_test:/home/osawakousei/ros2_ws/install/custom_test_msgs:/home/osawakousei/ros2_ws/install/cpp_topic_pubsub:/home/osawakousei/ros2_ws/install/cpp_server_client:/home/osawakousei/ros2_ws/src/android_controll_test/install/custom_test_msgs:/home/osawakousei/ros2_ws/src/android_controll_test/install/android_controll_test:/home/osawakousei/ros2_ws/src/cpp_server_client/install/cpp_server_client:/home/osawakousei/ros2_ws/src/cpp_topic_pubsub/install/cpp_topic_pubsub:/home/osawakousei/ros2_ws/src/test_package/install/test_package:/home/osawakousei/ros2_ws/uros_ws/install/micro_ros_setup:/home/osawakousei/ros2_ws/uros_ws/install/micro_ros_agent:/home/osawakousei/ros2_ws/uros_ws/install/micro_ros_msgs:/home/osawakousei/ros2_ws/src/custom_test_msgs/install/custom_test_msgs:/opt/ros/humble /usr/bin/cmake --build /home/osawakousei/ros2_ws/build/rosidl_generator_cs -- -j8 -l8
[4.891s] Invoking command in '/home/osawakousei/ros2_ws/build/rosidl_generator_cs': AMENT_PREFIX_PATH=/home/osawakousei/ros2_ws/install/ros2cs_common:/home/osawakousei/ros2_ws/install/dotnet_cmake_module:/home/osawakousei/ros2_ws/install/ament_cmake_export_assemblies:${AMENT_PREFIX_PATH} CMAKE_PREFIX_PATH=/home/osawakousei/ros2_ws/install/ros2cs_common:/home/osawakousei/ros2_ws/install/dotnet_cmake_module:/home/osawakousei/ros2_ws/install/ament_cmake_export_assemblies:/home/osawakousei/ros2_ws/src/custom_message_unity/install/custom_message_unity:/home/osawakousei/ros2_ws/install/test_package:/home/osawakousei/ros2_ws/install/micro_ros_setup:/home/osawakousei/ros2_ws/install/micro_ros_agent:/home/osawakousei/ros2_ws/install/micro_ros_msgs:/home/osawakousei/ros2_ws/install/android_controll_test:/home/osawakousei/ros2_ws/install/custom_test_msgs:/home/osawakousei/ros2_ws/install/cpp_topic_pubsub:/home/osawakousei/ros2_ws/install/cpp_server_client:/home/osawakousei/ros2_ws/src/android_controll_test/install/custom_test_msgs:/home/osawakousei/ros2_ws/src/android_controll_test/install/android_controll_test:/home/osawakousei/ros2_ws/src/cpp_server_client/install/cpp_server_client:/home/osawakousei/ros2_ws/src/cpp_topic_pubsub/install/cpp_topic_pubsub:/home/osawakousei/ros2_ws/src/test_package/install/test_package:/home/osawakousei/ros2_ws/uros_ws/install/micro_ros_setup:/home/osawakousei/ros2_ws/uros_ws/install/micro_ros_agent:/home/osawakousei/ros2_ws/uros_ws/install/micro_ros_msgs:/home/osawakousei/ros2_ws/src/custom_test_msgs/install/custom_test_msgs:/opt/ros/humble /usr/bin/cmake --install /home/osawakousei/ros2_ws/build/rosidl_generator_cs
[4.922s] -- Install configuration: ""
[4.923s] -- Installing: /home/osawakousei/ros2_ws/install/rosidl_generator_cs/share/ament_index/resource_index/rosidl_generator_packages/rosidl_generator_cs
[4.924s] -- Installing: /home/osawakousei/ros2_ws/install/rosidl_generator_cs/share/rosidl_generator_cs/environment/pythonpath.sh
[4.925s] -- Installing: /home/osawakousei/ros2_ws/install/rosidl_generator_cs/share/rosidl_generator_cs/environment/pythonpath.dsv
[4.925s] -- Installing: /home/osawakousei/ros2_ws/install/rosidl_generator_cs/local/lib/python3.10/dist-packages/rosidl_generator_cs-2.0.0-py3.10.egg-info
[4.926s] -- Installing: /home/osawakousei/ros2_ws/install/rosidl_generator_cs/local/lib/python3.10/dist-packages/rosidl_generator_cs-2.0.0-py3.10.egg-info/top_level.txt
[4.926s] -- Installing: /home/osawakousei/ros2_ws/install/rosidl_generator_cs/local/lib/python3.10/dist-packages/rosidl_generator_cs-2.0.0-py3.10.egg-info/SOURCES.txt
[4.927s] -- Installing: /home/osawakousei/ros2_ws/install/rosidl_generator_cs/local/lib/python3.10/dist-packages/rosidl_generator_cs-2.0.0-py3.10.egg-info/dependency_links.txt
[4.928s] -- Installing: /home/osawakousei/ros2_ws/install/rosidl_generator_cs/local/lib/python3.10/dist-packages/rosidl_generator_cs-2.0.0-py3.10.egg-info/PKG-INFO
[4.929s] -- Installing: /home/osawakousei/ros2_ws/install/rosidl_generator_cs/local/lib/python3.10/dist-packages/rosidl_generator_cs
[4.930s] -- Installing: /home/osawakousei/ros2_ws/install/rosidl_generator_cs/local/lib/python3.10/dist-packages/rosidl_generator_cs/generate_cs_impl.py
[4.930s] -- Installing: /home/osawakousei/ros2_ws/install/rosidl_generator_cs/local/lib/python3.10/dist-packages/rosidl_generator_cs/__init__.py
[5.058s] Listing '/home/osawakousei/ros2_ws/install/rosidl_generator_cs/local/lib/python3.10/dist-packages/rosidl_generator_cs'...
[5.058s] Compiling '/home/osawakousei/ros2_ws/install/rosidl_generator_cs/local/lib/python3.10/dist-packages/rosidl_generator_cs/__init__.py'...
[5.058s] Compiling '/home/osawakousei/ros2_ws/install/rosidl_generator_cs/local/lib/python3.10/dist-packages/rosidl_generator_cs/generate_cs_impl.py'...
[5.069s] -- Installing: /home/osawakousei/ros2_ws/install/rosidl_generator_cs/share/ament_index/resource_index/package_run_dependencies/rosidl_generator_cs
[5.070s] -- Installing: /home/osawakousei/ros2_ws/install/rosidl_generator_cs/share/ament_index/resource_index/parent_prefix_path/rosidl_generator_cs
[5.071s] -- Installing: /home/osawakousei/ros2_ws/install/rosidl_generator_cs/share/rosidl_generator_cs/environment/ament_prefix_path.sh
[5.072s] -- Installing: /home/osawakousei/ros2_ws/install/rosidl_generator_cs/share/rosidl_generator_cs/environment/ament_prefix_path.dsv
[5.072s] -- Installing: /home/osawakousei/ros2_ws/install/rosidl_generator_cs/share/rosidl_generator_cs/environment/path.sh
[5.073s] -- Installing: /home/osawakousei/ros2_ws/install/rosidl_generator_cs/share/rosidl_generator_cs/environment/path.dsv
[5.074s] -- Installing: /home/osawakousei/ros2_ws/install/rosidl_generator_cs/share/rosidl_generator_cs/local_setup.bash
[5.075s] -- Installing: /home/osawakousei/ros2_ws/install/rosidl_generator_cs/share/rosidl_generator_cs/local_setup.sh
[5.075s] -- Installing: /home/osawakousei/ros2_ws/install/rosidl_generator_cs/share/rosidl_generator_cs/local_setup.zsh
[5.075s] -- Installing: /home/osawakousei/ros2_ws/install/rosidl_generator_cs/share/rosidl_generator_cs/local_setup.dsv
[5.075s] -- Installing: /home/osawakousei/ros2_ws/install/rosidl_generator_cs/share/rosidl_generator_cs/package.dsv
[5.076s] -- Installing: /home/osawakousei/ros2_ws/install/rosidl_generator_cs/share/ament_index/resource_index/packages/rosidl_generator_cs
[5.076s] -- Installing: /home/osawakousei/ros2_ws/install/rosidl_generator_cs/share/rosidl_generator_cs/cmake/rosidl_generator_cs_get_typesupports.cmake
[5.077s] -- Installing: /home/osawakousei/ros2_ws/install/rosidl_generator_cs/share/rosidl_generator_cs/cmake/register_cs.cmake
[5.078s] -- Installing: /home/osawakousei/ros2_ws/install/rosidl_generator_cs/share/rosidl_generator_cs/cmake/rosidl_generator_cs-extras.cmake
[5.078s] -- Installing: /home/osawakousei/ros2_ws/install/rosidl_generator_cs/share/rosidl_generator_cs/cmake/ament_cmake_export_dependencies-extras.cmake
[5.079s] -- Installing: /home/osawakousei/ros2_ws/install/rosidl_generator_cs/share/rosidl_generator_cs/cmake/rosidl_generator_csConfig.cmake
[5.079s] -- Installing: /home/osawakousei/ros2_ws/install/rosidl_generator_cs/share/rosidl_generator_cs/cmake/rosidl_generator_csConfig-version.cmake
[5.080s] -- Installing: /home/osawakousei/ros2_ws/install/rosidl_generator_cs/share/rosidl_generator_cs/package.xml
[5.080s] -- Installing: /home/osawakousei/ros2_ws/install/rosidl_generator_cs/lib/rosidl_generator_cs/rosidl_generator_cs
[5.083s] -- Up-to-date: /home/osawakousei/ros2_ws/install/rosidl_generator_cs/share/rosidl_generator_cs/cmake
[5.083s] -- Up-to-date: /home/osawakousei/ros2_ws/install/rosidl_generator_cs/share/rosidl_generator_cs/cmake/rosidl_generator_cs_get_typesupports.cmake
[5.083s] -- Installing: /home/osawakousei/ros2_ws/install/rosidl_generator_cs/share/rosidl_generator_cs/cmake/rosidl_generator_cs_generate_interfaces.cmake
[5.085s] -- Up-to-date: /home/osawakousei/ros2_ws/install/rosidl_generator_cs/share/rosidl_generator_cs/cmake/register_cs.cmake
[5.086s] -- Installing: /home/osawakousei/ros2_ws/install/rosidl_generator_cs/share/rosidl_generator_cs/resource
[5.087s] -- Installing: /home/osawakousei/ros2_ws/install/rosidl_generator_cs/share/rosidl_generator_cs/resource/msg.cs.em
[5.092s] -- Installing: /home/osawakousei/ros2_ws/install/rosidl_generator_cs/share/rosidl_generator_cs/resource/idl_typesupport.c.em
[5.096s] -- Installing: /home/osawakousei/ros2_ws/install/rosidl_generator_cs/share/rosidl_generator_cs/resource/msg.c.em
[5.098s] -- Installing: /home/osawakousei/ros2_ws/install/rosidl_generator_cs/share/rosidl_generator_cs/resource/idl.c.em
[5.100s] -- Installing: /home/osawakousei/ros2_ws/install/rosidl_generator_cs/share/rosidl_generator_cs/resource/srv_typesupport.c.em
[5.102s] -- Installing: /home/osawakousei/ros2_ws/install/rosidl_generator_cs/share/rosidl_generator_cs/resource/srv.c.em
[5.104s] -- Installing: /home/osawakousei/ros2_ws/install/rosidl_generator_cs/share/rosidl_generator_cs/resource/msg_typesupport.c.em
[5.107s] -- Installing: /home/osawakousei/ros2_ws/install/rosidl_generator_cs/share/rosidl_generator_cs/resource/idl.cs.em
[5.109s] -- Installing: /home/osawakousei/ros2_ws/install/rosidl_generator_cs/share/rosidl_generator_cs/resource/srv.cs.em
[5.123s] Invoked command in '/home/osawakousei/ros2_ws/build/rosidl_generator_cs' returned '0': AMENT_PREFIX_PATH=/home/osawakousei/ros2_ws/install/ros2cs_common:/home/osawakousei/ros2_ws/install/dotnet_cmake_module:/home/osawakousei/ros2_ws/install/ament_cmake_export_assemblies:${AMENT_PREFIX_PATH} CMAKE_PREFIX_PATH=/home/osawakousei/ros2_ws/install/ros2cs_common:/home/osawakousei/ros2_ws/install/dotnet_cmake_module:/home/osawakousei/ros2_ws/install/ament_cmake_export_assemblies:/home/osawakousei/ros2_ws/src/custom_message_unity/install/custom_message_unity:/home/osawakousei/ros2_ws/install/test_package:/home/osawakousei/ros2_ws/install/micro_ros_setup:/home/osawakousei/ros2_ws/install/micro_ros_agent:/home/osawakousei/ros2_ws/install/micro_ros_msgs:/home/osawakousei/ros2_ws/install/android_controll_test:/home/osawakousei/ros2_ws/install/custom_test_msgs:/home/osawakousei/ros2_ws/install/cpp_topic_pubsub:/home/osawakousei/ros2_ws/install/cpp_server_client:/home/osawakousei/ros2_ws/src/android_controll_test/install/custom_test_msgs:/home/osawakousei/ros2_ws/src/android_controll_test/install/android_controll_test:/home/osawakousei/ros2_ws/src/cpp_server_client/install/cpp_server_client:/home/osawakousei/ros2_ws/src/cpp_topic_pubsub/install/cpp_topic_pubsub:/home/osawakousei/ros2_ws/src/test_package/install/test_package:/home/osawakousei/ros2_ws/uros_ws/install/micro_ros_setup:/home/osawakousei/ros2_ws/uros_ws/install/micro_ros_agent:/home/osawakousei/ros2_ws/uros_ws/install/micro_ros_msgs:/home/osawakousei/ros2_ws/src/custom_test_msgs/install/custom_test_msgs:/opt/ros/humble /usr/bin/cmake --install /home/osawakousei/ros2_ws/build/rosidl_generator_cs
