[0.110s] Invoking command in '/home/kousei/ros2_ws/src/build/custom_message_unity': CMAKE_PREFIX_PATH=/opt/ros/humble /usr/bin/cmake /home/kousei/ros2_ws/src/custom_message_unity -DCMAKE_INSTALL_PREFIX=/home/kousei/ros2_ws/src/install/custom_message_unity
[0.152s] -- The C compiler identification is GNU 11.4.0
[0.190s] -- The CXX compiler identification is GNU 11.4.0
[0.196s] -- Detecting C compiler ABI info
[0.241s] -- Detecting C compiler ABI info - done
[0.248s] -- Check for working C compiler: /usr/bin/cc - skipped
[0.248s] -- Detecting C compile features
[0.248s] -- Detecting C compile features - done
[0.252s] -- Detecting CXX compiler ABI info
[0.316s] -- Detecting CXX compiler ABI info - done
[0.322s] -- Check for working CXX compiler: /usr/bin/c++ - skipped
[0.322s] -- Detecting CXX compile features
[0.322s] -- Detecting CXX compile features - done
[0.324s] -- Found ament_cmake: 1.3.6 (/opt/ros/humble/share/ament_cmake/cmake)
[0.440s] -- Found Python3: /usr/bin/python3.10 (found version "3.10.12") found components: Interpreter 
[0.501s] -- Found ament_cmake_auto: 1.3.6 (/opt/ros/humble/share/ament_cmake_auto/cmake)
[0.503s] -- Found rosidl_default_generators: 1.2.0 (/opt/ros/humble/share/rosidl_default_generators/cmake)
[0.505s] -- Using all available rosidl_typesupport_c: rosidl_typesupport_fastrtps_c;rosidl_typesupport_introspection_c
[0.512s] -- Found rosidl_adapter: 3.1.5 (/opt/ros/humble/share/rosidl_adapter/cmake)
[0.551s] -- Using all available rosidl_typesupport_cpp: rosidl_typesupport_fastrtps_cpp;rosidl_typesupport_introspection_cpp
[0.577s] -- Found ament_lint_auto: 0.12.9 (/opt/ros/humble/share/ament_lint_auto/cmake)
[0.771s] -- Found ament_cmake_ros: 0.10.0 (/opt/ros/humble/share/ament_cmake_ros/cmake)
[0.900s] -- Using all available rosidl_typesupport_c: rosidl_typesupport_fastrtps_c;rosidl_typesupport_introspection_c
[1.060s] -- Using all available rosidl_typesupport_cpp: rosidl_typesupport_fastrtps_cpp;rosidl_typesupport_introspection_cpp
[1.075s] -- Found PythonInterp: /usr/bin/python3 (found suitable version "3.10.12", minimum required is "3.6") 
[1.077s] -- Found python_cmake_module: 0.10.0 (/opt/ros/humble/share/python_cmake_module/cmake)
[1.096s] -- Found PythonLibs: /usr/lib/x86_64-linux-gnu/libpython3.10.so (found suitable version "3.10.12", minimum required is "3.5") 
[1.096s] -- Using PYTHON_EXECUTABLE: /usr/bin/python3
[1.096s] -- Using PYTHON_INCLUDE_DIRS: /usr/include/python3.10
[1.096s] -- Using PYTHON_LIBRARIES: /usr/lib/x86_64-linux-gnu/libpython3.10.so
[1.110s] -- Found PythonExtra: .so  
[1.170s] -- Added test 'cppcheck' to perform static code analysis on C / C++ code
[1.170s] -- Configured cppcheck include dirs: 
[1.170s] -- Configured cppcheck exclude dirs and/or files: 
[1.174s] -- Added test 'flake8' to check Python code syntax and style conventions
[1.183s] -- Added test 'lint_cmake' to check CMake code style
[1.186s] -- Added test 'pep257' to check Python code against some of the docstring style conventions in PEP 257
[1.216s] -- Added test 'uncrustify' to check C / C++ code style
[1.216s] -- Configured uncrustify additional arguments: 
[1.220s] -- Added test 'xmllint' to check XML markup files
[1.225s] -- Configuring done
[1.242s] -- Generating done
[1.243s] -- Build files have been written to: /home/kousei/ros2_ws/src/build/custom_message_unity
[1.247s] Invoked command in '/home/kousei/ros2_ws/src/build/custom_message_unity' returned '0': CMAKE_PREFIX_PATH=/opt/ros/humble /usr/bin/cmake /home/kousei/ros2_ws/src/custom_message_unity -DCMAKE_INSTALL_PREFIX=/home/kousei/ros2_ws/src/install/custom_message_unity
[1.249s] Invoking command in '/home/kousei/ros2_ws/src/build/custom_message_unity': CMAKE_PREFIX_PATH=/opt/ros/humble /usr/bin/cmake --build /home/kousei/ros2_ws/src/build/custom_message_unity -- -j16 -l16
[1.275s] [  3%] [34m[1mGenerating C code for ROS interfaces[0m
[1.279s] [  6%] [34m[1mGenerating C++ code for ROS interfaces[0m
[1.290s] [  6%] Built target ament_cmake_python_copy_custom_message_unity
[1.434s] [  6%] Built target custom_message_unity__cpp
[1.442s] [  9%] [34m[1mGenerating C++ type support for eProsima Fast-RTPS[0m
[1.444s] [ 12%] [34m[1mGenerating C++ type support dispatch for ROS interfaces[0m
[1.444s] [ 16%] [34m[1mGenerating C++ introspection for ROS interfaces[0m
[1.541s] [ 19%] [32mBuilding C object CMakeFiles/custom_message_unity__rosidl_generator_c.dir/rosidl_generator_c/custom_message_unity/msg/detail/custom_unity__functions.c.o[0m
[1.548s] running egg_info
[1.549s] creating custom_message_unity.egg-info
[1.549s] writing custom_message_unity.egg-info/PKG-INFO
[1.549s] writing dependency_links to custom_message_unity.egg-info/dependency_links.txt
[1.549s] writing top-level names to custom_message_unity.egg-info/top_level.txt
[1.549s] writing manifest file 'custom_message_unity.egg-info/SOURCES.txt'
[1.552s] reading manifest file 'custom_message_unity.egg-info/SOURCES.txt'
[1.552s] writing manifest file 'custom_message_unity.egg-info/SOURCES.txt'
[1.582s] [ 19%] Built target ament_cmake_python_build_custom_message_unity_egg
[1.587s] [ 22%] [32m[1mLinking C shared library libcustom_message_unity__rosidl_generator_c.so[0m
[1.604s] [ 25%] [32mBuilding CXX object CMakeFiles/custom_message_unity__rosidl_typesupport_cpp.dir/rosidl_typesupport_cpp/custom_message_unity/msg/custom_unity__type_support.cpp.o[0m
[1.612s] [ 25%] Built target custom_message_unity__rosidl_generator_c
[1.615s] [ 29%] [32mBuilding CXX object CMakeFiles/custom_message_unity__rosidl_typesupport_fastrtps_cpp.dir/rosidl_typesupport_fastrtps_cpp/custom_message_unity/msg/detail/dds_fastrtps/custom_unity__type_support.cpp.o[0m
[1.620s] [ 32%] [34m[1mGenerating C introspection for ROS interfaces[0m
[1.621s] [ 38%] [34m[1mGenerating C type support for eProsima Fast-RTPS[0m
[1.621s] [ 38%] [34m[1mGenerating C type support dispatch for ROS interfaces[0m
[1.638s] [ 41%] [32mBuilding CXX object CMakeFiles/custom_message_unity__rosidl_typesupport_introspection_cpp.dir/rosidl_typesupport_introspection_cpp/custom_message_unity/msg/detail/custom_unity__type_support.cpp.o[0m
[1.873s] [ 45%] [32mBuilding CXX object CMakeFiles/custom_message_unity__rosidl_typesupport_c.dir/rosidl_typesupport_c/custom_message_unity/msg/custom_unity__type_support.cpp.o[0m
[1.882s] [ 48%] [32mBuilding CXX object CMakeFiles/custom_message_unity__rosidl_typesupport_fastrtps_c.dir/rosidl_typesupport_fastrtps_c/custom_message_unity/msg/detail/custom_unity__type_support_c.cpp.o[0m
[1.901s] [ 51%] [32mBuilding C object CMakeFiles/custom_message_unity__rosidl_typesupport_introspection_c.dir/rosidl_typesupport_introspection_c/custom_message_unity/msg/detail/custom_unity__type_support.c.o[0m
[1.903s] [ 54%] [32m[1mLinking CXX shared library libcustom_message_unity__rosidl_typesupport_cpp.so[0m
[1.905s] [ 58%] [32m[1mLinking CXX shared library libcustom_message_unity__rosidl_typesupport_c.so[0m
[1.937s] [ 61%] [32m[1mLinking C shared library libcustom_message_unity__rosidl_typesupport_introspection_c.so[0m
[1.954s] [ 61%] Built target custom_message_unity__rosidl_typesupport_c
[1.965s] [ 61%] Built target custom_message_unity__rosidl_typesupport_cpp
[1.983s] [ 61%] Built target custom_message_unity__rosidl_typesupport_introspection_c
[2.025s] [ 64%] [32m[1mLinking CXX shared library libcustom_message_unity__rosidl_typesupport_introspection_cpp.so[0m
[2.032s] [ 67%] [32m[1mLinking CXX shared library libcustom_message_unity__rosidl_typesupport_fastrtps_cpp.so[0m
[2.066s] [ 67%] Built target custom_message_unity__rosidl_typesupport_introspection_cpp
[2.085s] [ 67%] Built target custom_message_unity__rosidl_typesupport_fastrtps_cpp
[2.285s] [ 70%] [32m[1mLinking CXX shared library libcustom_message_unity__rosidl_typesupport_fastrtps_c.so[0m
[2.379s] [ 70%] Built target custom_message_unity__rosidl_typesupport_fastrtps_c
[2.401s] [ 70%] Built target custom_message_unity
[2.431s] [ 74%] [34m[1mGenerating Python code for ROS interfaces[0m
[2.822s] [ 74%] Built target custom_message_unity__py
[2.848s] [ 77%] [32mBuilding C object CMakeFiles/custom_message_unity__rosidl_generator_py.dir/rosidl_generator_py/custom_message_unity/msg/_custom_unity_s.c.o[0m
[2.987s] [ 80%] [32m[1mLinking C shared library rosidl_generator_py/custom_message_unity/libcustom_message_unity__rosidl_generator_py.so[0m
[3.021s] [ 80%] Built target custom_message_unity__rosidl_generator_py
[3.043s] [ 87%] [32mBuilding C object CMakeFiles/custom_message_unity__rosidl_typesupport_fastrtps_c__pyext.dir/rosidl_generator_py/custom_message_unity/_custom_message_unity_s.ep.rosidl_typesupport_fastrtps_c.c.o[0m
[3.043s] [ 87%] [32mBuilding C object CMakeFiles/custom_message_unity__rosidl_typesupport_c__pyext.dir/rosidl_generator_py/custom_message_unity/_custom_message_unity_s.ep.rosidl_typesupport_c.c.o[0m
[3.044s] [ 90%] [32mBuilding C object CMakeFiles/custom_message_unity__rosidl_typesupport_introspection_c__pyext.dir/rosidl_generator_py/custom_message_unity/_custom_message_unity_s.ep.rosidl_typesupport_introspection_c.c.o[0m
[3.122s] [ 93%] [32m[1mLinking C shared library rosidl_generator_py/custom_message_unity/custom_message_unity_s__rosidl_typesupport_introspection_c.cpython-310-x86_64-linux-gnu.so[0m
[3.142s] [ 96%] [32m[1mLinking C shared library rosidl_generator_py/custom_message_unity/custom_message_unity_s__rosidl_typesupport_c.cpython-310-x86_64-linux-gnu.so[0m
[3.148s] [100%] [32m[1mLinking C shared library rosidl_generator_py/custom_message_unity/custom_message_unity_s__rosidl_typesupport_fastrtps_c.cpython-310-x86_64-linux-gnu.so[0m
[3.158s] [100%] Built target custom_message_unity__rosidl_typesupport_introspection_c__pyext
[3.174s] [100%] Built target custom_message_unity__rosidl_typesupport_c__pyext
[3.184s] [100%] Built target custom_message_unity__rosidl_typesupport_fastrtps_c__pyext
[3.194s] Invoked command in '/home/kousei/ros2_ws/src/build/custom_message_unity' returned '0': CMAKE_PREFIX_PATH=/opt/ros/humble /usr/bin/cmake --build /home/kousei/ros2_ws/src/build/custom_message_unity -- -j16 -l16
[3.234s] Invoking command in '/home/kousei/ros2_ws/src/build/custom_message_unity': CMAKE_PREFIX_PATH=/opt/ros/humble /usr/bin/cmake --install /home/kousei/ros2_ws/src/build/custom_message_unity
[3.240s] -- Install configuration: ""
[3.240s] -- Installing: /home/kousei/ros2_ws/src/install/custom_message_unity/share/ament_index/resource_index/rosidl_interfaces/custom_message_unity
[3.240s] -- Installing: /home/kousei/ros2_ws/src/install/custom_message_unity/include/custom_message_unity/custom_message_unity
[3.240s] -- Installing: /home/kousei/ros2_ws/src/install/custom_message_unity/include/custom_message_unity/custom_message_unity/msg
[3.240s] -- Installing: /home/kousei/ros2_ws/src/install/custom_message_unity/include/custom_message_unity/custom_message_unity/msg/custom_unity.h
[3.240s] -- Installing: /home/kousei/ros2_ws/src/install/custom_message_unity/include/custom_message_unity/custom_message_unity/msg/rosidl_generator_c__visibility_control.h
[3.241s] -- Installing: /home/kousei/ros2_ws/src/install/custom_message_unity/include/custom_message_unity/custom_message_unity/msg/detail
[3.241s] -- Installing: /home/kousei/ros2_ws/src/install/custom_message_unity/include/custom_message_unity/custom_message_unity/msg/detail/custom_unity__struct.h
[3.241s] -- Installing: /home/kousei/ros2_ws/src/install/custom_message_unity/include/custom_message_unity/custom_message_unity/msg/detail/custom_unity__functions.h
[3.241s] -- Installing: /home/kousei/ros2_ws/src/install/custom_message_unity/include/custom_message_unity/custom_message_unity/msg/detail/custom_unity__functions.c
[3.241s] -- Installing: /home/kousei/ros2_ws/src/install/custom_message_unity/include/custom_message_unity/custom_message_unity/msg/detail/custom_unity__type_support.h
[3.241s] -- Installing: /home/kousei/ros2_ws/src/install/custom_message_unity/share/custom_message_unity/environment/library_path.sh
[3.241s] -- Installing: /home/kousei/ros2_ws/src/install/custom_message_unity/share/custom_message_unity/environment/library_path.dsv
[3.241s] -- Installing: /home/kousei/ros2_ws/src/install/custom_message_unity/lib/libcustom_message_unity__rosidl_generator_c.so
[3.241s] -- Set runtime path of "/home/kousei/ros2_ws/src/install/custom_message_unity/lib/libcustom_message_unity__rosidl_generator_c.so" to ""
[3.241s] -- Up-to-date: /home/kousei/ros2_ws/src/install/custom_message_unity/include/custom_message_unity/custom_message_unity
[3.242s] -- Up-to-date: /home/kousei/ros2_ws/src/install/custom_message_unity/include/custom_message_unity/custom_message_unity/msg
[3.242s] -- Up-to-date: /home/kousei/ros2_ws/src/install/custom_message_unity/include/custom_message_unity/custom_message_unity/msg/detail
[3.242s] -- Installing: /home/kousei/ros2_ws/src/install/custom_message_unity/include/custom_message_unity/custom_message_unity/msg/detail/custom_unity__rosidl_typesupport_fastrtps_c.h
[3.242s] -- Installing: /home/kousei/ros2_ws/src/install/custom_message_unity/include/custom_message_unity/custom_message_unity/msg/rosidl_typesupport_fastrtps_c__visibility_control.h
[3.242s] -- Installing: /home/kousei/ros2_ws/src/install/custom_message_unity/lib/libcustom_message_unity__rosidl_typesupport_fastrtps_c.so
[3.242s] -- Set runtime path of "/home/kousei/ros2_ws/src/install/custom_message_unity/lib/libcustom_message_unity__rosidl_typesupport_fastrtps_c.so" to ""
[3.242s] -- Up-to-date: /home/kousei/ros2_ws/src/install/custom_message_unity/include/custom_message_unity/custom_message_unity
[3.242s] -- Up-to-date: /home/kousei/ros2_ws/src/install/custom_message_unity/include/custom_message_unity/custom_message_unity/msg
[3.242s] -- Up-to-date: /home/kousei/ros2_ws/src/install/custom_message_unity/include/custom_message_unity/custom_message_unity/msg/detail
[3.242s] -- Installing: /home/kousei/ros2_ws/src/install/custom_message_unity/include/custom_message_unity/custom_message_unity/msg/detail/custom_unity__type_support.c
[3.243s] -- Installing: /home/kousei/ros2_ws/src/install/custom_message_unity/include/custom_message_unity/custom_message_unity/msg/detail/custom_unity__rosidl_typesupport_introspection_c.h
[3.243s] -- Installing: /home/kousei/ros2_ws/src/install/custom_message_unity/include/custom_message_unity/custom_message_unity/msg/rosidl_typesupport_introspection_c__visibility_control.h
[3.243s] -- Installing: /home/kousei/ros2_ws/src/install/custom_message_unity/lib/libcustom_message_unity__rosidl_typesupport_introspection_c.so
[3.243s] -- Set runtime path of "/home/kousei/ros2_ws/src/install/custom_message_unity/lib/libcustom_message_unity__rosidl_typesupport_introspection_c.so" to ""
[3.243s] -- Installing: /home/kousei/ros2_ws/src/install/custom_message_unity/lib/libcustom_message_unity__rosidl_typesupport_c.so
[3.243s] -- Set runtime path of "/home/kousei/ros2_ws/src/install/custom_message_unity/lib/libcustom_message_unity__rosidl_typesupport_c.so" to ""
[3.243s] -- Up-to-date: /home/kousei/ros2_ws/src/install/custom_message_unity/include/custom_message_unity/custom_message_unity
[3.243s] -- Up-to-date: /home/kousei/ros2_ws/src/install/custom_message_unity/include/custom_message_unity/custom_message_unity/msg
[3.243s] -- Installing: /home/kousei/ros2_ws/src/install/custom_message_unity/include/custom_message_unity/custom_message_unity/msg/custom_unity.hpp
[3.243s] -- Up-to-date: /home/kousei/ros2_ws/src/install/custom_message_unity/include/custom_message_unity/custom_message_unity/msg/detail
[3.244s] -- Installing: /home/kousei/ros2_ws/src/install/custom_message_unity/include/custom_message_unity/custom_message_unity/msg/detail/custom_unity__traits.hpp
[3.244s] -- Installing: /home/kousei/ros2_ws/src/install/custom_message_unity/include/custom_message_unity/custom_message_unity/msg/detail/custom_unity__builder.hpp
[3.244s] -- Installing: /home/kousei/ros2_ws/src/install/custom_message_unity/include/custom_message_unity/custom_message_unity/msg/detail/custom_unity__struct.hpp
[3.244s] -- Up-to-date: /home/kousei/ros2_ws/src/install/custom_message_unity/include/custom_message_unity/custom_message_unity
[3.244s] -- Up-to-date: /home/kousei/ros2_ws/src/install/custom_message_unity/include/custom_message_unity/custom_message_unity/msg
[3.244s] -- Up-to-date: /home/kousei/ros2_ws/src/install/custom_message_unity/include/custom_message_unity/custom_message_unity/msg/detail
[3.244s] -- Installing: /home/kousei/ros2_ws/src/install/custom_message_unity/include/custom_message_unity/custom_message_unity/msg/detail/dds_fastrtps
[3.244s] -- Installing: /home/kousei/ros2_ws/src/install/custom_message_unity/include/custom_message_unity/custom_message_unity/msg/detail/custom_unity__rosidl_typesupport_fastrtps_cpp.hpp
[3.244s] -- Installing: /home/kousei/ros2_ws/src/install/custom_message_unity/include/custom_message_unity/custom_message_unity/msg/rosidl_typesupport_fastrtps_cpp__visibility_control.h
[3.244s] -- Installing: /home/kousei/ros2_ws/src/install/custom_message_unity/lib/libcustom_message_unity__rosidl_typesupport_fastrtps_cpp.so
[3.245s] -- Set runtime path of "/home/kousei/ros2_ws/src/install/custom_message_unity/lib/libcustom_message_unity__rosidl_typesupport_fastrtps_cpp.so" to ""
[3.245s] -- Up-to-date: /home/kousei/ros2_ws/src/install/custom_message_unity/include/custom_message_unity/custom_message_unity
[3.245s] -- Up-to-date: /home/kousei/ros2_ws/src/install/custom_message_unity/include/custom_message_unity/custom_message_unity/msg
[3.245s] -- Up-to-date: /home/kousei/ros2_ws/src/install/custom_message_unity/include/custom_message_unity/custom_message_unity/msg/detail
[3.245s] -- Installing: /home/kousei/ros2_ws/src/install/custom_message_unity/include/custom_message_unity/custom_message_unity/msg/detail/custom_unity__type_support.cpp
[3.245s] -- Installing: /home/kousei/ros2_ws/src/install/custom_message_unity/include/custom_message_unity/custom_message_unity/msg/detail/custom_unity__rosidl_typesupport_introspection_cpp.hpp
[3.245s] -- Installing: /home/kousei/ros2_ws/src/install/custom_message_unity/lib/libcustom_message_unity__rosidl_typesupport_introspection_cpp.so
[3.245s] -- Set runtime path of "/home/kousei/ros2_ws/src/install/custom_message_unity/lib/libcustom_message_unity__rosidl_typesupport_introspection_cpp.so" to ""
[3.245s] -- Installing: /home/kousei/ros2_ws/src/install/custom_message_unity/lib/libcustom_message_unity__rosidl_typesupport_cpp.so
[3.246s] -- Set runtime path of "/home/kousei/ros2_ws/src/install/custom_message_unity/lib/libcustom_message_unity__rosidl_typesupport_cpp.so" to ""
[3.246s] -- Installing: /home/kousei/ros2_ws/src/install/custom_message_unity/share/custom_message_unity/environment/pythonpath.sh
[3.246s] -- Installing: /home/kousei/ros2_ws/src/install/custom_message_unity/share/custom_message_unity/environment/pythonpath.dsv
[3.246s] -- Installing: /home/kousei/ros2_ws/src/install/custom_message_unity/local/lib/python3.10/dist-packages/custom_message_unity-0.0.0-py3.10.egg-info
[3.246s] -- Installing: /home/kousei/ros2_ws/src/install/custom_message_unity/local/lib/python3.10/dist-packages/custom_message_unity-0.0.0-py3.10.egg-info/dependency_links.txt
[3.246s] -- Installing: /home/kousei/ros2_ws/src/install/custom_message_unity/local/lib/python3.10/dist-packages/custom_message_unity-0.0.0-py3.10.egg-info/SOURCES.txt
[3.246s] -- Installing: /home/kousei/ros2_ws/src/install/custom_message_unity/local/lib/python3.10/dist-packages/custom_message_unity-0.0.0-py3.10.egg-info/top_level.txt
[3.246s] -- Installing: /home/kousei/ros2_ws/src/install/custom_message_unity/local/lib/python3.10/dist-packages/custom_message_unity-0.0.0-py3.10.egg-info/PKG-INFO
[3.246s] -- Installing: /home/kousei/ros2_ws/src/install/custom_message_unity/local/lib/python3.10/dist-packages/custom_message_unity
[3.246s] -- Installing: /home/kousei/ros2_ws/src/install/custom_message_unity/local/lib/python3.10/dist-packages/custom_message_unity/__init__.py
[3.246s] -- Installing: /home/kousei/ros2_ws/src/install/custom_message_unity/local/lib/python3.10/dist-packages/custom_message_unity/libcustom_message_unity__rosidl_generator_py.so
[3.246s] -- Installing: /home/kousei/ros2_ws/src/install/custom_message_unity/local/lib/python3.10/dist-packages/custom_message_unity/custom_message_unity_s__rosidl_typesupport_fastrtps_c.cpython-310-x86_64-linux-gnu.so
[3.246s] -- Installing: /home/kousei/ros2_ws/src/install/custom_message_unity/local/lib/python3.10/dist-packages/custom_message_unity/custom_message_unity_s__rosidl_typesupport_c.cpython-310-x86_64-linux-gnu.so
[3.246s] -- Installing: /home/kousei/ros2_ws/src/install/custom_message_unity/local/lib/python3.10/dist-packages/custom_message_unity/_custom_message_unity_s.ep.rosidl_typesupport_c.c
[3.246s] -- Installing: /home/kousei/ros2_ws/src/install/custom_message_unity/local/lib/python3.10/dist-packages/custom_message_unity/msg
[3.246s] -- Installing: /home/kousei/ros2_ws/src/install/custom_message_unity/local/lib/python3.10/dist-packages/custom_message_unity/msg/__init__.py
[3.246s] -- Installing: /home/kousei/ros2_ws/src/install/custom_message_unity/local/lib/python3.10/dist-packages/custom_message_unity/msg/_custom_unity.py
[3.246s] -- Installing: /home/kousei/ros2_ws/src/install/custom_message_unity/local/lib/python3.10/dist-packages/custom_message_unity/msg/_custom_unity_s.c
[3.246s] -- Installing: /home/kousei/ros2_ws/src/install/custom_message_unity/local/lib/python3.10/dist-packages/custom_message_unity/_custom_message_unity_s.ep.rosidl_typesupport_fastrtps_c.c
[3.246s] -- Installing: /home/kousei/ros2_ws/src/install/custom_message_unity/local/lib/python3.10/dist-packages/custom_message_unity/custom_message_unity_s__rosidl_typesupport_introspection_c.cpython-310-x86_64-linux-gnu.so
[3.246s] -- Installing: /home/kousei/ros2_ws/src/install/custom_message_unity/local/lib/python3.10/dist-packages/custom_message_unity/_custom_message_unity_s.ep.rosidl_typesupport_introspection_c.c
[3.279s] Listing '/home/kousei/ros2_ws/src/install/custom_message_unity/local/lib/python3.10/dist-packages/custom_message_unity'...
[3.279s] Compiling '/home/kousei/ros2_ws/src/install/custom_message_unity/local/lib/python3.10/dist-packages/custom_message_unity/__init__.py'...
[3.279s] Listing '/home/kousei/ros2_ws/src/install/custom_message_unity/local/lib/python3.10/dist-packages/custom_message_unity/msg'...
[3.279s] Compiling '/home/kousei/ros2_ws/src/install/custom_message_unity/local/lib/python3.10/dist-packages/custom_message_unity/msg/__init__.py'...
[3.279s] Compiling '/home/kousei/ros2_ws/src/install/custom_message_unity/local/lib/python3.10/dist-packages/custom_message_unity/msg/_custom_unity.py'...
[3.282s] -- Installing: /home/kousei/ros2_ws/src/install/custom_message_unity/local/lib/python3.10/dist-packages/custom_message_unity/custom_message_unity_s__rosidl_typesupport_fastrtps_c.cpython-310-x86_64-linux-gnu.so
[3.283s] -- Set runtime path of "/home/kousei/ros2_ws/src/install/custom_message_unity/local/lib/python3.10/dist-packages/custom_message_unity/custom_message_unity_s__rosidl_typesupport_fastrtps_c.cpython-310-x86_64-linux-gnu.so" to ""
[3.283s] -- Installing: /home/kousei/ros2_ws/src/install/custom_message_unity/local/lib/python3.10/dist-packages/custom_message_unity/custom_message_unity_s__rosidl_typesupport_introspection_c.cpython-310-x86_64-linux-gnu.so
[3.283s] -- Set runtime path of "/home/kousei/ros2_ws/src/install/custom_message_unity/local/lib/python3.10/dist-packages/custom_message_unity/custom_message_unity_s__rosidl_typesupport_introspection_c.cpython-310-x86_64-linux-gnu.so" to ""
[3.283s] -- Installing: /home/kousei/ros2_ws/src/install/custom_message_unity/local/lib/python3.10/dist-packages/custom_message_unity/custom_message_unity_s__rosidl_typesupport_c.cpython-310-x86_64-linux-gnu.so
[3.283s] -- Set runtime path of "/home/kousei/ros2_ws/src/install/custom_message_unity/local/lib/python3.10/dist-packages/custom_message_unity/custom_message_unity_s__rosidl_typesupport_c.cpython-310-x86_64-linux-gnu.so" to ""
[3.283s] -- Installing: /home/kousei/ros2_ws/src/install/custom_message_unity/lib/libcustom_message_unity__rosidl_generator_py.so
[3.283s] -- Set runtime path of "/home/kousei/ros2_ws/src/install/custom_message_unity/lib/libcustom_message_unity__rosidl_generator_py.so" to ""
[3.283s] -- Installing: /home/kousei/ros2_ws/src/install/custom_message_unity/share/custom_message_unity/msg/CustomUnity.idl
[3.284s] -- Installing: /home/kousei/ros2_ws/src/install/custom_message_unity/share/custom_message_unity/msg/CustomUnity.msg
[3.284s] -- Installing: /home/kousei/ros2_ws/src/install/custom_message_unity/share/ament_index/resource_index/package_run_dependencies/custom_message_unity
[3.284s] -- Installing: /home/kousei/ros2_ws/src/install/custom_message_unity/share/ament_index/resource_index/parent_prefix_path/custom_message_unity
[3.284s] -- Installing: /home/kousei/ros2_ws/src/install/custom_message_unity/share/custom_message_unity/environment/ament_prefix_path.sh
[3.284s] -- Installing: /home/kousei/ros2_ws/src/install/custom_message_unity/share/custom_message_unity/environment/ament_prefix_path.dsv
[3.284s] -- Installing: /home/kousei/ros2_ws/src/install/custom_message_unity/share/custom_message_unity/environment/path.sh
[3.284s] -- Installing: /home/kousei/ros2_ws/src/install/custom_message_unity/share/custom_message_unity/environment/path.dsv
[3.284s] -- Installing: /home/kousei/ros2_ws/src/install/custom_message_unity/share/custom_message_unity/local_setup.bash
[3.284s] -- Installing: /home/kousei/ros2_ws/src/install/custom_message_unity/share/custom_message_unity/local_setup.sh
[3.284s] -- Installing: /home/kousei/ros2_ws/src/install/custom_message_unity/share/custom_message_unity/local_setup.zsh
[3.284s] -- Installing: /home/kousei/ros2_ws/src/install/custom_message_unity/share/custom_message_unity/local_setup.dsv
[3.285s] -- Installing: /home/kousei/ros2_ws/src/install/custom_message_unity/share/custom_message_unity/package.dsv
[3.285s] -- Installing: /home/kousei/ros2_ws/src/install/custom_message_unity/share/ament_index/resource_index/packages/custom_message_unity
[3.285s] -- Installing: /home/kousei/ros2_ws/src/install/custom_message_unity/share/custom_message_unity/cmake/export_custom_message_unity__rosidl_generator_cExport.cmake
[3.285s] -- Installing: /home/kousei/ros2_ws/src/install/custom_message_unity/share/custom_message_unity/cmake/export_custom_message_unity__rosidl_generator_cExport-noconfig.cmake
[3.285s] -- Installing: /home/kousei/ros2_ws/src/install/custom_message_unity/share/custom_message_unity/cmake/export_custom_message_unity__rosidl_typesupport_fastrtps_cExport.cmake
[3.285s] -- Installing: /home/kousei/ros2_ws/src/install/custom_message_unity/share/custom_message_unity/cmake/export_custom_message_unity__rosidl_typesupport_fastrtps_cExport-noconfig.cmake
[3.285s] -- Installing: /home/kousei/ros2_ws/src/install/custom_message_unity/share/custom_message_unity/cmake/custom_message_unity__rosidl_typesupport_introspection_cExport.cmake
[3.285s] -- Installing: /home/kousei/ros2_ws/src/install/custom_message_unity/share/custom_message_unity/cmake/custom_message_unity__rosidl_typesupport_introspection_cExport-noconfig.cmake
[3.285s] -- Installing: /home/kousei/ros2_ws/src/install/custom_message_unity/share/custom_message_unity/cmake/custom_message_unity__rosidl_typesupport_cExport.cmake
[3.285s] -- Installing: /home/kousei/ros2_ws/src/install/custom_message_unity/share/custom_message_unity/cmake/custom_message_unity__rosidl_typesupport_cExport-noconfig.cmake
[3.285s] -- Installing: /home/kousei/ros2_ws/src/install/custom_message_unity/share/custom_message_unity/cmake/export_custom_message_unity__rosidl_generator_cppExport.cmake
[3.285s] -- Installing: /home/kousei/ros2_ws/src/install/custom_message_unity/share/custom_message_unity/cmake/export_custom_message_unity__rosidl_typesupport_fastrtps_cppExport.cmake
[3.286s] -- Installing: /home/kousei/ros2_ws/src/install/custom_message_unity/share/custom_message_unity/cmake/export_custom_message_unity__rosidl_typesupport_fastrtps_cppExport-noconfig.cmake
[3.286s] -- Installing: /home/kousei/ros2_ws/src/install/custom_message_unity/share/custom_message_unity/cmake/custom_message_unity__rosidl_typesupport_introspection_cppExport.cmake
[3.286s] -- Installing: /home/kousei/ros2_ws/src/install/custom_message_unity/share/custom_message_unity/cmake/custom_message_unity__rosidl_typesupport_introspection_cppExport-noconfig.cmake
[3.286s] -- Installing: /home/kousei/ros2_ws/src/install/custom_message_unity/share/custom_message_unity/cmake/custom_message_unity__rosidl_typesupport_cppExport.cmake
[3.286s] -- Installing: /home/kousei/ros2_ws/src/install/custom_message_unity/share/custom_message_unity/cmake/custom_message_unity__rosidl_typesupport_cppExport-noconfig.cmake
[3.286s] -- Installing: /home/kousei/ros2_ws/src/install/custom_message_unity/share/custom_message_unity/cmake/export_custom_message_unity__rosidl_generator_pyExport.cmake
[3.286s] -- Installing: /home/kousei/ros2_ws/src/install/custom_message_unity/share/custom_message_unity/cmake/export_custom_message_unity__rosidl_generator_pyExport-noconfig.cmake
[3.286s] -- Installing: /home/kousei/ros2_ws/src/install/custom_message_unity/share/custom_message_unity/cmake/rosidl_cmake-extras.cmake
[3.286s] -- Installing: /home/kousei/ros2_ws/src/install/custom_message_unity/share/custom_message_unity/cmake/ament_cmake_export_include_directories-extras.cmake
[3.286s] -- Installing: /home/kousei/ros2_ws/src/install/custom_message_unity/share/custom_message_unity/cmake/ament_cmake_export_libraries-extras.cmake
[3.287s] -- Installing: /home/kousei/ros2_ws/src/install/custom_message_unity/share/custom_message_unity/cmake/ament_cmake_export_targets-extras.cmake
[3.287s] -- Installing: /home/kousei/ros2_ws/src/install/custom_message_unity/share/custom_message_unity/cmake/rosidl_cmake_export_typesupport_targets-extras.cmake
[3.287s] -- Installing: /home/kousei/ros2_ws/src/install/custom_message_unity/share/custom_message_unity/cmake/ament_cmake_export_dependencies-extras.cmake
[3.287s] -- Installing: /home/kousei/ros2_ws/src/install/custom_message_unity/share/custom_message_unity/cmake/rosidl_cmake_export_typesupport_libraries-extras.cmake
[3.287s] -- Installing: /home/kousei/ros2_ws/src/install/custom_message_unity/share/custom_message_unity/cmake/custom_message_unityConfig.cmake
[3.287s] -- Installing: /home/kousei/ros2_ws/src/install/custom_message_unity/share/custom_message_unity/cmake/custom_message_unityConfig-version.cmake
[3.287s] -- Installing: /home/kousei/ros2_ws/src/install/custom_message_unity/share/custom_message_unity/package.xml
[3.289s] Invoked command in '/home/kousei/ros2_ws/src/build/custom_message_unity' returned '0': CMAKE_PREFIX_PATH=/opt/ros/humble /usr/bin/cmake --install /home/kousei/ros2_ws/src/build/custom_message_unity
