[3.364s] Invoking command in '/home/osawakousei/ros2_ws/build/micro_ros_msgs': CMAKE_PREFIX_PATH=${CMAKE_PREFIX_PATH}:/opt/ros/humble /usr/bin/cmake --build /home/osawakousei/ros2_ws/build/micro_ros_msgs -- -j12 -l12
[3.750s] [ 10%] Built target micro_ros_msgs__rosidl_generator_c
[3.751s] [ 12%] Built target micro_ros_msgs__cpp
[3.843s] [ 12%] Built target ament_cmake_python_copy_micro_ros_msgs
[4.127s] [ 23%] Built target micro_ros_msgs__rosidl_typesupport_introspection_cpp
[4.213s] [ 34%] Built target micro_ros_msgs__rosidl_typesupport_fastrtps_c
[4.275s] [ 44%] Built target micro_ros_msgs__rosidl_typesupport_fastrtps_cpp
[4.275s] [ 55%] Built target micro_ros_msgs__rosidl_typesupport_introspection_c
[4.276s] [ 65%] Built target micro_ros_msgs__rosidl_typesupport_c
[4.341s] [ 76%] Built target micro_ros_msgs__rosidl_typesupport_cpp
[4.797s] [ 76%] Built target micro_ros_msgs
[5.070s] [ 78%] Built target micro_ros_msgs__py
[5.288s] [ 87%] Built target micro_ros_msgs__rosidl_generator_py
[5.576s] [ 91%] Built target micro_ros_msgs__rosidl_typesupport_fastrtps_c__pyext
[5.576s] [ 95%] Built target micro_ros_msgs__rosidl_typesupport_c__pyext
[5.597s] [100%] Built target micro_ros_msgs__rosidl_typesupport_introspection_c__pyext
[5.871s] running egg_info
[5.872s] writing micro_ros_msgs.egg-info/PKG-INFO
[5.873s] writing dependency_links to micro_ros_msgs.egg-info/dependency_links.txt
[5.875s] writing top-level names to micro_ros_msgs.egg-info/top_level.txt
[5.917s] reading manifest file 'micro_ros_msgs.egg-info/SOURCES.txt'
[5.939s] writing manifest file 'micro_ros_msgs.egg-info/SOURCES.txt'
[6.082s] [100%] Built target ament_cmake_python_build_micro_ros_msgs_egg
[6.467s] Invoked command in '/home/osawakousei/ros2_ws/build/micro_ros_msgs' returned '0': CMAKE_PREFIX_PATH=${CMAKE_PREFIX_PATH}:/opt/ros/humble /usr/bin/cmake --build /home/osawakousei/ros2_ws/build/micro_ros_msgs -- -j12 -l12
[7.440s] Invoking command in '/home/osawakousei/ros2_ws/build/micro_ros_msgs': CMAKE_PREFIX_PATH=${CMAKE_PREFIX_PATH}:/opt/ros/humble /usr/bin/cmake --install /home/osawakousei/ros2_ws/build/micro_ros_msgs
[7.461s] -- Install configuration: ""
[7.462s] -- Up-to-date: /home/osawakousei/ros2_ws/install/micro_ros_msgs/share/ament_index/resource_index/rosidl_interfaces/micro_ros_msgs
[7.463s] -- Up-to-date: /home/osawakousei/ros2_ws/install/micro_ros_msgs/include/micro_ros_msgs/micro_ros_msgs
[7.464s] -- Up-to-date: /home/osawakousei/ros2_ws/install/micro_ros_msgs/include/micro_ros_msgs/micro_ros_msgs/msg
[7.464s] -- Up-to-date: /home/osawakousei/ros2_ws/install/micro_ros_msgs/include/micro_ros_msgs/micro_ros_msgs/msg/entity.h
[7.465s] -- Up-to-date: /home/osawakousei/ros2_ws/install/micro_ros_msgs/include/micro_ros_msgs/micro_ros_msgs/msg/rosidl_generator_c__visibility_control.h
[7.466s] -- Up-to-date: /home/osawakousei/ros2_ws/install/micro_ros_msgs/include/micro_ros_msgs/micro_ros_msgs/msg/graph.h
[7.467s] -- Up-to-date: /home/osawakousei/ros2_ws/install/micro_ros_msgs/include/micro_ros_msgs/micro_ros_msgs/msg/detail
[7.468s] -- Up-to-date: /home/osawakousei/ros2_ws/install/micro_ros_msgs/include/micro_ros_msgs/micro_ros_msgs/msg/detail/node__functions.h
[7.468s] -- Up-to-date: /home/osawakousei/ros2_ws/install/micro_ros_msgs/include/micro_ros_msgs/micro_ros_msgs/msg/detail/graph__functions.h
[7.469s] -- Up-to-date: /home/osawakousei/ros2_ws/install/micro_ros_msgs/include/micro_ros_msgs/micro_ros_msgs/msg/detail/entity__functions.c
[7.469s] -- Up-to-date: /home/osawakousei/ros2_ws/install/micro_ros_msgs/include/micro_ros_msgs/micro_ros_msgs/msg/detail/graph__functions.c
[7.469s] -- Up-to-date: /home/osawakousei/ros2_ws/install/micro_ros_msgs/include/micro_ros_msgs/micro_ros_msgs/msg/detail/node__functions.c
[7.470s] -- Up-to-date: /home/osawakousei/ros2_ws/install/micro_ros_msgs/include/micro_ros_msgs/micro_ros_msgs/msg/detail/entity__type_support.h
[7.470s] -- Up-to-date: /home/osawakousei/ros2_ws/install/micro_ros_msgs/include/micro_ros_msgs/micro_ros_msgs/msg/detail/node__type_support.h
[7.471s] -- Up-to-date: /home/osawakousei/ros2_ws/install/micro_ros_msgs/include/micro_ros_msgs/micro_ros_msgs/msg/detail/graph__struct.h
[7.472s] -- Up-to-date: /home/osawakousei/ros2_ws/install/micro_ros_msgs/include/micro_ros_msgs/micro_ros_msgs/msg/detail/graph__type_support.h
[7.472s] -- Up-to-date: /home/osawakousei/ros2_ws/install/micro_ros_msgs/include/micro_ros_msgs/micro_ros_msgs/msg/detail/node__struct.h
[7.473s] -- Up-to-date: /home/osawakousei/ros2_ws/install/micro_ros_msgs/include/micro_ros_msgs/micro_ros_msgs/msg/detail/entity__struct.h
[7.473s] -- Up-to-date: /home/osawakousei/ros2_ws/install/micro_ros_msgs/include/micro_ros_msgs/micro_ros_msgs/msg/detail/entity__functions.h
[7.473s] -- Up-to-date: /home/osawakousei/ros2_ws/install/micro_ros_msgs/include/micro_ros_msgs/micro_ros_msgs/msg/node.h
[7.474s] -- Up-to-date: /home/osawakousei/ros2_ws/install/micro_ros_msgs/share/micro_ros_msgs/environment/library_path.sh
[7.475s] -- Up-to-date: /home/osawakousei/ros2_ws/install/micro_ros_msgs/share/micro_ros_msgs/environment/library_path.dsv
[7.476s] -- Up-to-date: /home/osawakousei/ros2_ws/install/micro_ros_msgs/lib/libmicro_ros_msgs__rosidl_generator_c.so
[7.477s] -- Up-to-date: /home/osawakousei/ros2_ws/install/micro_ros_msgs/include/micro_ros_msgs/micro_ros_msgs
[7.478s] -- Up-to-date: /home/osawakousei/ros2_ws/install/micro_ros_msgs/include/micro_ros_msgs/micro_ros_msgs/msg
[7.479s] -- Up-to-date: /home/osawakousei/ros2_ws/install/micro_ros_msgs/include/micro_ros_msgs/micro_ros_msgs/msg/detail
[7.479s] -- Up-to-date: /home/osawakousei/ros2_ws/install/micro_ros_msgs/include/micro_ros_msgs/micro_ros_msgs/msg/detail/node__rosidl_typesupport_fastrtps_c.h
[7.480s] -- Up-to-date: /home/osawakousei/ros2_ws/install/micro_ros_msgs/include/micro_ros_msgs/micro_ros_msgs/msg/detail/graph__rosidl_typesupport_fastrtps_c.h
[7.481s] -- Up-to-date: /home/osawakousei/ros2_ws/install/micro_ros_msgs/include/micro_ros_msgs/micro_ros_msgs/msg/detail/entity__rosidl_typesupport_fastrtps_c.h
[7.482s] -- Up-to-date: /home/osawakousei/ros2_ws/install/micro_ros_msgs/include/micro_ros_msgs/micro_ros_msgs/msg/rosidl_typesupport_fastrtps_c__visibility_control.h
[7.483s] -- Up-to-date: /home/osawakousei/ros2_ws/install/micro_ros_msgs/lib/libmicro_ros_msgs__rosidl_typesupport_fastrtps_c.so
[7.485s] -- Up-to-date: /home/osawakousei/ros2_ws/install/micro_ros_msgs/include/micro_ros_msgs/micro_ros_msgs
[7.485s] -- Up-to-date: /home/osawakousei/ros2_ws/install/micro_ros_msgs/include/micro_ros_msgs/micro_ros_msgs/msg
[7.485s] -- Up-to-date: /home/osawakousei/ros2_ws/install/micro_ros_msgs/include/micro_ros_msgs/micro_ros_msgs/msg/rosidl_typesupport_introspection_c__visibility_control.h
[7.486s] -- Up-to-date: /home/osawakousei/ros2_ws/install/micro_ros_msgs/include/micro_ros_msgs/micro_ros_msgs/msg/detail
[7.486s] -- Up-to-date: /home/osawakousei/ros2_ws/install/micro_ros_msgs/include/micro_ros_msgs/micro_ros_msgs/msg/detail/entity__rosidl_typesupport_introspection_c.h
[7.487s] -- Up-to-date: /home/osawakousei/ros2_ws/install/micro_ros_msgs/include/micro_ros_msgs/micro_ros_msgs/msg/detail/node__type_support.c
[7.488s] -- Up-to-date: /home/osawakousei/ros2_ws/install/micro_ros_msgs/include/micro_ros_msgs/micro_ros_msgs/msg/detail/entity__type_support.c
[7.488s] -- Up-to-date: /home/osawakousei/ros2_ws/install/micro_ros_msgs/include/micro_ros_msgs/micro_ros_msgs/msg/detail/graph__rosidl_typesupport_introspection_c.h
[7.489s] -- Up-to-date: /home/osawakousei/ros2_ws/install/micro_ros_msgs/include/micro_ros_msgs/micro_ros_msgs/msg/detail/node__rosidl_typesupport_introspection_c.h
[7.489s] -- Up-to-date: /home/osawakousei/ros2_ws/install/micro_ros_msgs/include/micro_ros_msgs/micro_ros_msgs/msg/detail/graph__type_support.c
[7.489s] -- Up-to-date: /home/osawakousei/ros2_ws/install/micro_ros_msgs/lib/libmicro_ros_msgs__rosidl_typesupport_introspection_c.so
[7.490s] -- Up-to-date: /home/osawakousei/ros2_ws/install/micro_ros_msgs/lib/libmicro_ros_msgs__rosidl_typesupport_c.so
[7.491s] -- Up-to-date: /home/osawakousei/ros2_ws/install/micro_ros_msgs/include/micro_ros_msgs/micro_ros_msgs
[7.492s] -- Up-to-date: /home/osawakousei/ros2_ws/install/micro_ros_msgs/include/micro_ros_msgs/micro_ros_msgs/msg
[7.493s] -- Up-to-date: /home/osawakousei/ros2_ws/install/micro_ros_msgs/include/micro_ros_msgs/micro_ros_msgs/msg/graph.hpp
[7.494s] -- Up-to-date: /home/osawakousei/ros2_ws/install/micro_ros_msgs/include/micro_ros_msgs/micro_ros_msgs/msg/entity.hpp
[7.495s] -- Up-to-date: /home/osawakousei/ros2_ws/install/micro_ros_msgs/include/micro_ros_msgs/micro_ros_msgs/msg/detail
[7.495s] -- Up-to-date: /home/osawakousei/ros2_ws/install/micro_ros_msgs/include/micro_ros_msgs/micro_ros_msgs/msg/detail/entity__struct.hpp
[7.496s] -- Up-to-date: /home/osawakousei/ros2_ws/install/micro_ros_msgs/include/micro_ros_msgs/micro_ros_msgs/msg/detail/node__struct.hpp
[7.496s] -- Up-to-date: /home/osawakousei/ros2_ws/install/micro_ros_msgs/include/micro_ros_msgs/micro_ros_msgs/msg/detail/node__builder.hpp
[7.496s] -- Up-to-date: /home/osawakousei/ros2_ws/install/micro_ros_msgs/include/micro_ros_msgs/micro_ros_msgs/msg/detail/entity__traits.hpp
[7.497s] -- Up-to-date: /home/osawakousei/ros2_ws/install/micro_ros_msgs/include/micro_ros_msgs/micro_ros_msgs/msg/detail/graph__builder.hpp
[7.497s] -- Up-to-date: /home/osawakousei/ros2_ws/install/micro_ros_msgs/include/micro_ros_msgs/micro_ros_msgs/msg/detail/node__traits.hpp
[7.497s] -- Up-to-date: /home/osawakousei/ros2_ws/install/micro_ros_msgs/include/micro_ros_msgs/micro_ros_msgs/msg/detail/graph__struct.hpp
[7.497s] -- Up-to-date: /home/osawakousei/ros2_ws/install/micro_ros_msgs/include/micro_ros_msgs/micro_ros_msgs/msg/detail/graph__traits.hpp
[7.498s] -- Up-to-date: /home/osawakousei/ros2_ws/install/micro_ros_msgs/include/micro_ros_msgs/micro_ros_msgs/msg/detail/entity__builder.hpp
[7.498s] -- Up-to-date: /home/osawakousei/ros2_ws/install/micro_ros_msgs/include/micro_ros_msgs/micro_ros_msgs/msg/node.hpp
[7.498s] -- Up-to-date: /home/osawakousei/ros2_ws/install/micro_ros_msgs/include/micro_ros_msgs/micro_ros_msgs
[7.498s] -- Up-to-date: /home/osawakousei/ros2_ws/install/micro_ros_msgs/include/micro_ros_msgs/micro_ros_msgs/msg
[7.499s] -- Up-to-date: /home/osawakousei/ros2_ws/install/micro_ros_msgs/include/micro_ros_msgs/micro_ros_msgs/msg/rosidl_typesupport_fastrtps_cpp__visibility_control.h
[7.499s] -- Up-to-date: /home/osawakousei/ros2_ws/install/micro_ros_msgs/include/micro_ros_msgs/micro_ros_msgs/msg/detail
[7.499s] -- Up-to-date: /home/osawakousei/ros2_ws/install/micro_ros_msgs/include/micro_ros_msgs/micro_ros_msgs/msg/detail/node__rosidl_typesupport_fastrtps_cpp.hpp
[7.499s] -- Up-to-date: /home/osawakousei/ros2_ws/install/micro_ros_msgs/include/micro_ros_msgs/micro_ros_msgs/msg/detail/graph__rosidl_typesupport_fastrtps_cpp.hpp
[7.500s] -- Up-to-date: /home/osawakousei/ros2_ws/install/micro_ros_msgs/include/micro_ros_msgs/micro_ros_msgs/msg/detail/entity__rosidl_typesupport_fastrtps_cpp.hpp
[7.500s] -- Up-to-date: /home/osawakousei/ros2_ws/install/micro_ros_msgs/include/micro_ros_msgs/micro_ros_msgs/msg/detail/dds_fastrtps
[7.500s] -- Up-to-date: /home/osawakousei/ros2_ws/install/micro_ros_msgs/lib/libmicro_ros_msgs__rosidl_typesupport_fastrtps_cpp.so
[7.501s] -- Up-to-date: /home/osawakousei/ros2_ws/install/micro_ros_msgs/include/micro_ros_msgs/micro_ros_msgs
[7.501s] -- Up-to-date: /home/osawakousei/ros2_ws/install/micro_ros_msgs/include/micro_ros_msgs/micro_ros_msgs/msg
[7.502s] -- Up-to-date: /home/osawakousei/ros2_ws/install/micro_ros_msgs/include/micro_ros_msgs/micro_ros_msgs/msg/detail
[7.502s] -- Up-to-date: /home/osawakousei/ros2_ws/install/micro_ros_msgs/include/micro_ros_msgs/micro_ros_msgs/msg/detail/graph__type_support.cpp
[7.502s] -- Up-to-date: /home/osawakousei/ros2_ws/install/micro_ros_msgs/include/micro_ros_msgs/micro_ros_msgs/msg/detail/entity__rosidl_typesupport_introspection_cpp.hpp
[7.502s] -- Up-to-date: /home/osawakousei/ros2_ws/install/micro_ros_msgs/include/micro_ros_msgs/micro_ros_msgs/msg/detail/node__type_support.cpp
[7.503s] -- Up-to-date: /home/osawakousei/ros2_ws/install/micro_ros_msgs/include/micro_ros_msgs/micro_ros_msgs/msg/detail/graph__rosidl_typesupport_introspection_cpp.hpp
[7.503s] -- Up-to-date: /home/osawakousei/ros2_ws/install/micro_ros_msgs/include/micro_ros_msgs/micro_ros_msgs/msg/detail/node__rosidl_typesupport_introspection_cpp.hpp
[7.503s] -- Up-to-date: /home/osawakousei/ros2_ws/install/micro_ros_msgs/include/micro_ros_msgs/micro_ros_msgs/msg/detail/entity__type_support.cpp
[7.504s] -- Up-to-date: /home/osawakousei/ros2_ws/install/micro_ros_msgs/lib/libmicro_ros_msgs__rosidl_typesupport_introspection_cpp.so
[7.504s] -- Up-to-date: /home/osawakousei/ros2_ws/install/micro_ros_msgs/lib/libmicro_ros_msgs__rosidl_typesupport_cpp.so
[7.504s] -- Up-to-date: /home/osawakousei/ros2_ws/install/micro_ros_msgs/share/micro_ros_msgs/environment/pythonpath.sh
[7.504s] -- Up-to-date: /home/osawakousei/ros2_ws/install/micro_ros_msgs/share/micro_ros_msgs/environment/pythonpath.dsv
[7.505s] -- Up-to-date: /home/osawakousei/ros2_ws/install/micro_ros_msgs/local/lib/python3.10/dist-packages/micro_ros_msgs-3.0.0-py3.10.egg-info
[7.505s] -- Installing: /home/osawakousei/ros2_ws/install/micro_ros_msgs/local/lib/python3.10/dist-packages/micro_ros_msgs-3.0.0-py3.10.egg-info/top_level.txt
[7.505s] -- Installing: /home/osawakousei/ros2_ws/install/micro_ros_msgs/local/lib/python3.10/dist-packages/micro_ros_msgs-3.0.0-py3.10.egg-info/SOURCES.txt
[7.505s] -- Installing: /home/osawakousei/ros2_ws/install/micro_ros_msgs/local/lib/python3.10/dist-packages/micro_ros_msgs-3.0.0-py3.10.egg-info/dependency_links.txt
[7.506s] -- Installing: /home/osawakousei/ros2_ws/install/micro_ros_msgs/local/lib/python3.10/dist-packages/micro_ros_msgs-3.0.0-py3.10.egg-info/PKG-INFO
[7.506s] -- Up-to-date: /home/osawakousei/ros2_ws/install/micro_ros_msgs/local/lib/python3.10/dist-packages/micro_ros_msgs
[7.506s] -- Up-to-date: /home/osawakousei/ros2_ws/install/micro_ros_msgs/local/lib/python3.10/dist-packages/micro_ros_msgs/libmicro_ros_msgs__rosidl_generator_py.so
[7.506s] -- Up-to-date: /home/osawakousei/ros2_ws/install/micro_ros_msgs/local/lib/python3.10/dist-packages/micro_ros_msgs/_micro_ros_msgs_s.ep.rosidl_typesupport_introspection_c.c
[7.507s] -- Up-to-date: /home/osawakousei/ros2_ws/install/micro_ros_msgs/local/lib/python3.10/dist-packages/micro_ros_msgs/micro_ros_msgs_s__rosidl_typesupport_introspection_c.cpython-310-x86_64-linux-gnu.so
[7.507s] -- Up-to-date: /home/osawakousei/ros2_ws/install/micro_ros_msgs/local/lib/python3.10/dist-packages/micro_ros_msgs/micro_ros_msgs_s__rosidl_typesupport_fastrtps_c.cpython-310-x86_64-linux-gnu.so
[7.507s] -- Up-to-date: /home/osawakousei/ros2_ws/install/micro_ros_msgs/local/lib/python3.10/dist-packages/micro_ros_msgs/__init__.py
[7.507s] -- Up-to-date: /home/osawakousei/ros2_ws/install/micro_ros_msgs/local/lib/python3.10/dist-packages/micro_ros_msgs/_micro_ros_msgs_s.ep.rosidl_typesupport_c.c
[7.508s] -- Up-to-date: /home/osawakousei/ros2_ws/install/micro_ros_msgs/local/lib/python3.10/dist-packages/micro_ros_msgs/msg
[7.508s] -- Up-to-date: /home/osawakousei/ros2_ws/install/micro_ros_msgs/local/lib/python3.10/dist-packages/micro_ros_msgs/msg/_node.py
[7.509s] -- Up-to-date: /home/osawakousei/ros2_ws/install/micro_ros_msgs/local/lib/python3.10/dist-packages/micro_ros_msgs/msg/_node_s.c
[7.509s] -- Up-to-date: /home/osawakousei/ros2_ws/install/micro_ros_msgs/local/lib/python3.10/dist-packages/micro_ros_msgs/msg/_entity_s.c
[7.510s] -- Up-to-date: /home/osawakousei/ros2_ws/install/micro_ros_msgs/local/lib/python3.10/dist-packages/micro_ros_msgs/msg/_graph.py
[7.511s] -- Up-to-date: /home/osawakousei/ros2_ws/install/micro_ros_msgs/local/lib/python3.10/dist-packages/micro_ros_msgs/msg/_entity.py
[7.511s] -- Up-to-date: /home/osawakousei/ros2_ws/install/micro_ros_msgs/local/lib/python3.10/dist-packages/micro_ros_msgs/msg/__init__.py
[7.513s] -- Up-to-date: /home/osawakousei/ros2_ws/install/micro_ros_msgs/local/lib/python3.10/dist-packages/micro_ros_msgs/msg/_graph_s.c
[7.513s] -- Up-to-date: /home/osawakousei/ros2_ws/install/micro_ros_msgs/local/lib/python3.10/dist-packages/micro_ros_msgs/_micro_ros_msgs_s.ep.rosidl_typesupport_fastrtps_c.c
[7.513s] -- Up-to-date: /home/osawakousei/ros2_ws/install/micro_ros_msgs/local/lib/python3.10/dist-packages/micro_ros_msgs/micro_ros_msgs_s__rosidl_typesupport_c.cpython-310-x86_64-linux-gnu.so
[7.624s] Listing '/home/osawakousei/ros2_ws/install/micro_ros_msgs/local/lib/python3.10/dist-packages/micro_ros_msgs'...
[7.627s] Listing '/home/osawakousei/ros2_ws/install/micro_ros_msgs/local/lib/python3.10/dist-packages/micro_ros_msgs/msg'...
[7.637s] -- Up-to-date: /home/osawakousei/ros2_ws/install/micro_ros_msgs/local/lib/python3.10/dist-packages/micro_ros_msgs/micro_ros_msgs_s__rosidl_typesupport_fastrtps_c.cpython-310-x86_64-linux-gnu.so
[7.639s] -- Up-to-date: /home/osawakousei/ros2_ws/install/micro_ros_msgs/local/lib/python3.10/dist-packages/micro_ros_msgs/micro_ros_msgs_s__rosidl_typesupport_introspection_c.cpython-310-x86_64-linux-gnu.so
[7.640s] -- Up-to-date: /home/osawakousei/ros2_ws/install/micro_ros_msgs/local/lib/python3.10/dist-packages/micro_ros_msgs/micro_ros_msgs_s__rosidl_typesupport_c.cpython-310-x86_64-linux-gnu.so
[7.642s] -- Up-to-date: /home/osawakousei/ros2_ws/install/micro_ros_msgs/lib/libmicro_ros_msgs__rosidl_generator_py.so
[7.644s] -- Up-to-date: /home/osawakousei/ros2_ws/install/micro_ros_msgs/share/micro_ros_msgs/msg/Graph.idl
[7.645s] -- Up-to-date: /home/osawakousei/ros2_ws/install/micro_ros_msgs/share/micro_ros_msgs/msg/Node.idl
[7.646s] -- Up-to-date: /home/osawakousei/ros2_ws/install/micro_ros_msgs/share/micro_ros_msgs/msg/Entity.idl
[7.646s] -- Up-to-date: /home/osawakousei/ros2_ws/install/micro_ros_msgs/share/micro_ros_msgs/msg/Graph.msg
[7.647s] -- Up-to-date: /home/osawakousei/ros2_ws/install/micro_ros_msgs/share/micro_ros_msgs/msg/Node.msg
[7.648s] -- Up-to-date: /home/osawakousei/ros2_ws/install/micro_ros_msgs/share/micro_ros_msgs/msg/Entity.msg
[7.649s] -- Up-to-date: /home/osawakousei/ros2_ws/install/micro_ros_msgs/share/ament_index/resource_index/package_run_dependencies/micro_ros_msgs
[7.652s] -- Up-to-date: /home/osawakousei/ros2_ws/install/micro_ros_msgs/share/ament_index/resource_index/parent_prefix_path/micro_ros_msgs
[7.657s] -- Up-to-date: /home/osawakousei/ros2_ws/install/micro_ros_msgs/share/micro_ros_msgs/environment/ament_prefix_path.sh
[7.657s] -- Up-to-date: /home/osawakousei/ros2_ws/install/micro_ros_msgs/share/micro_ros_msgs/environment/ament_prefix_path.dsv
[7.658s] -- Up-to-date: /home/osawakousei/ros2_ws/install/micro_ros_msgs/share/micro_ros_msgs/environment/path.sh
[7.659s] -- Up-to-date: /home/osawakousei/ros2_ws/install/micro_ros_msgs/share/micro_ros_msgs/environment/path.dsv
[7.660s] -- Up-to-date: /home/osawakousei/ros2_ws/install/micro_ros_msgs/share/micro_ros_msgs/local_setup.bash
[7.662s] -- Up-to-date: /home/osawakousei/ros2_ws/install/micro_ros_msgs/share/micro_ros_msgs/local_setup.sh
[7.663s] -- Up-to-date: /home/osawakousei/ros2_ws/install/micro_ros_msgs/share/micro_ros_msgs/local_setup.zsh
[7.664s] -- Up-to-date: /home/osawakousei/ros2_ws/install/micro_ros_msgs/share/micro_ros_msgs/local_setup.dsv
[7.664s] -- Installing: /home/osawakousei/ros2_ws/install/micro_ros_msgs/share/micro_ros_msgs/package.dsv
[7.665s] -- Up-to-date: /home/osawakousei/ros2_ws/install/micro_ros_msgs/share/ament_index/resource_index/packages/micro_ros_msgs
[7.665s] -- Up-to-date: /home/osawakousei/ros2_ws/install/micro_ros_msgs/share/micro_ros_msgs/cmake/export_micro_ros_msgs__rosidl_generator_cExport.cmake
[7.666s] -- Up-to-date: /home/osawakousei/ros2_ws/install/micro_ros_msgs/share/micro_ros_msgs/cmake/export_micro_ros_msgs__rosidl_generator_cExport-noconfig.cmake
[7.667s] -- Up-to-date: /home/osawakousei/ros2_ws/install/micro_ros_msgs/share/micro_ros_msgs/cmake/export_micro_ros_msgs__rosidl_typesupport_fastrtps_cExport.cmake
[7.667s] -- Up-to-date: /home/osawakousei/ros2_ws/install/micro_ros_msgs/share/micro_ros_msgs/cmake/export_micro_ros_msgs__rosidl_typesupport_fastrtps_cExport-noconfig.cmake
[7.668s] -- Up-to-date: /home/osawakousei/ros2_ws/install/micro_ros_msgs/share/micro_ros_msgs/cmake/micro_ros_msgs__rosidl_typesupport_introspection_cExport.cmake
[7.668s] -- Up-to-date: /home/osawakousei/ros2_ws/install/micro_ros_msgs/share/micro_ros_msgs/cmake/micro_ros_msgs__rosidl_typesupport_introspection_cExport-noconfig.cmake
[7.669s] -- Up-to-date: /home/osawakousei/ros2_ws/install/micro_ros_msgs/share/micro_ros_msgs/cmake/micro_ros_msgs__rosidl_typesupport_cExport.cmake
[7.671s] -- Up-to-date: /home/osawakousei/ros2_ws/install/micro_ros_msgs/share/micro_ros_msgs/cmake/micro_ros_msgs__rosidl_typesupport_cExport-noconfig.cmake
[7.672s] -- Up-to-date: /home/osawakousei/ros2_ws/install/micro_ros_msgs/share/micro_ros_msgs/cmake/export_micro_ros_msgs__rosidl_generator_cppExport.cmake
[7.672s] -- Up-to-date: /home/osawakousei/ros2_ws/install/micro_ros_msgs/share/micro_ros_msgs/cmake/export_micro_ros_msgs__rosidl_typesupport_fastrtps_cppExport.cmake
[7.673s] -- Up-to-date: /home/osawakousei/ros2_ws/install/micro_ros_msgs/share/micro_ros_msgs/cmake/export_micro_ros_msgs__rosidl_typesupport_fastrtps_cppExport-noconfig.cmake
[7.674s] -- Up-to-date: /home/osawakousei/ros2_ws/install/micro_ros_msgs/share/micro_ros_msgs/cmake/micro_ros_msgs__rosidl_typesupport_introspection_cppExport.cmake
[7.674s] -- Up-to-date: /home/osawakousei/ros2_ws/install/micro_ros_msgs/share/micro_ros_msgs/cmake/micro_ros_msgs__rosidl_typesupport_introspection_cppExport-noconfig.cmake
[7.675s] -- Up-to-date: /home/osawakousei/ros2_ws/install/micro_ros_msgs/share/micro_ros_msgs/cmake/micro_ros_msgs__rosidl_typesupport_cppExport.cmake
[7.675s] -- Up-to-date: /home/osawakousei/ros2_ws/install/micro_ros_msgs/share/micro_ros_msgs/cmake/micro_ros_msgs__rosidl_typesupport_cppExport-noconfig.cmake
[7.676s] -- Up-to-date: /home/osawakousei/ros2_ws/install/micro_ros_msgs/share/micro_ros_msgs/cmake/export_micro_ros_msgs__rosidl_generator_pyExport.cmake
[7.677s] -- Up-to-date: /home/osawakousei/ros2_ws/install/micro_ros_msgs/share/micro_ros_msgs/cmake/export_micro_ros_msgs__rosidl_generator_pyExport-noconfig.cmake
[7.677s] -- Up-to-date: /home/osawakousei/ros2_ws/install/micro_ros_msgs/share/micro_ros_msgs/cmake/rosidl_cmake-extras.cmake
[7.678s] -- Up-to-date: /home/osawakousei/ros2_ws/install/micro_ros_msgs/share/micro_ros_msgs/cmake/ament_cmake_export_include_directories-extras.cmake
[7.679s] -- Up-to-date: /home/osawakousei/ros2_ws/install/micro_ros_msgs/share/micro_ros_msgs/cmake/ament_cmake_export_libraries-extras.cmake
[7.679s] -- Up-to-date: /home/osawakousei/ros2_ws/install/micro_ros_msgs/share/micro_ros_msgs/cmake/ament_cmake_export_targets-extras.cmake
[7.680s] -- Up-to-date: /home/osawakousei/ros2_ws/install/micro_ros_msgs/share/micro_ros_msgs/cmake/rosidl_cmake_export_typesupport_targets-extras.cmake
[7.680s] -- Up-to-date: /home/osawakousei/ros2_ws/install/micro_ros_msgs/share/micro_ros_msgs/cmake/ament_cmake_export_dependencies-extras.cmake
[7.680s] -- Up-to-date: /home/osawakousei/ros2_ws/install/micro_ros_msgs/share/micro_ros_msgs/cmake/rosidl_cmake_export_typesupport_libraries-extras.cmake
[7.681s] -- Up-to-date: /home/osawakousei/ros2_ws/install/micro_ros_msgs/share/micro_ros_msgs/cmake/micro_ros_msgsConfig.cmake
[7.681s] -- Up-to-date: /home/osawakousei/ros2_ws/install/micro_ros_msgs/share/micro_ros_msgs/cmake/micro_ros_msgsConfig-version.cmake
[7.682s] -- Up-to-date: /home/osawakousei/ros2_ws/install/micro_ros_msgs/share/micro_ros_msgs/package.xml
[7.923s] Invoked command in '/home/osawakousei/ros2_ws/build/micro_ros_msgs' returned '0': CMAKE_PREFIX_PATH=${CMAKE_PREFIX_PATH}:/opt/ros/humble /usr/bin/cmake --install /home/osawakousei/ros2_ws/build/micro_ros_msgs
