[0.827s] DEBUG:colcon:Command line arguments: ['/usr/bin/colcon', 'build']
[0.828s] DEBUG:colcon:Parsed command line arguments: Namespace(log_base=None, log_level=None, verb_name='build', build_base='build', install_base='install', merge_install=False, symlink_install=False, test_result_base=None, continue_on_error=False, executor='parallel', parallel_workers=8, event_handlers=None, ignore_user_meta=False, metas=['./colcon.meta'], base_paths=['.'], packages_ignore=None, packages_ignore_regex=None, paths=None, packages_up_to=None, packages_up_to_regex=None, packages_above=None, packages_above_and_dependencies=None, packages_above_depth=None, packages_select_by_dep=None, packages_skip_by_dep=None, packages_skip_up_to=None, packages_select_build_failed=False, packages_skip_build_finished=False, packages_select_test_failures=False, packages_skip_test_passed=False, packages_select=None, packages_skip=None, packages_select_regex=None, packages_skip_regex=None, packages_start=None, packages_end=None, allow_overriding=[], cmake_args=None, cmake_target=None, cmake_target_skip_unavailable=False, cmake_clean_cache=False, cmake_clean_first=False, cmake_force_configure=False, ament_cmake_args=None, catkin_cmake_args=None, catkin_skip_building_tests=False, verb_parser=<colcon_defaults.argument_parser.defaults.DefaultArgumentsDecorator object at 0x7f962f0dd1b0>, verb_extension=<colcon_core.verb.build.BuildVerb object at 0x7f962f0dcc40>, main=<bound method BuildVerb.main of <colcon_core.verb.build.BuildVerb object at 0x7f962f0dcc40>>)
[0.892s] Level 1:colcon.colcon_core.package_discovery:discover_packages(colcon_meta) check parameters
[0.892s] Level 1:colcon.colcon_core.package_discovery:discover_packages(recursive) check parameters
[0.892s] Level 1:colcon.colcon_core.package_discovery:discover_packages(ignore) check parameters
[0.892s] Level 1:colcon.colcon_core.package_discovery:discover_packages(path) check parameters
[0.892s] Level 1:colcon.colcon_core.package_discovery:discover_packages(colcon_meta) discover
[0.892s] Level 1:colcon.colcon_core.package_discovery:discover_packages(recursive) discover
[0.893s] INFO:colcon.colcon_core.package_discovery:Crawling recursively for packages in '/home/osawakousei/ros2_ws'
[0.893s] Level 1:colcon.colcon_core.package_identification:_identify(.) by extensions ['ignore', 'ignore_ament_install']
[0.893s] Level 1:colcon.colcon_core.package_identification:_identify(.) by extension 'ignore'
[0.893s] Level 1:colcon.colcon_core.package_identification:_identify(.) by extension 'ignore_ament_install'
[0.894s] Level 1:colcon.colcon_core.package_identification:_identify(.) by extensions ['colcon_pkg']
[0.894s] Level 1:colcon.colcon_core.package_identification:_identify(.) by extension 'colcon_pkg'
[0.894s] Level 1:colcon.colcon_core.package_identification:_identify(.) by extensions ['colcon_meta']
[0.894s] Level 1:colcon.colcon_core.package_identification:_identify(.) by extension 'colcon_meta'
[0.894s] Level 1:colcon.colcon_core.package_identification:_identify(.) by extensions ['ros']
[0.894s] Level 1:colcon.colcon_core.package_identification:_identify(.) by extension 'ros'
[0.919s] Level 1:colcon.colcon_core.package_identification:_identify(.) by extensions ['cmake', 'python']
[0.920s] Level 1:colcon.colcon_core.package_identification:_identify(.) by extension 'cmake'
[0.920s] Level 1:colcon.colcon_core.package_identification:_identify(.) by extension 'python'
[0.920s] Level 1:colcon.colcon_core.package_identification:_identify(.) by extensions ['python_setup_py']
[0.920s] Level 1:colcon.colcon_core.package_identification:_identify(.) by extension 'python_setup_py'
[0.920s] Level 1:colcon.colcon_core.package_identification:_identify(build) by extensions ['ignore', 'ignore_ament_install']
[0.921s] Level 1:colcon.colcon_core.package_identification:_identify(build) by extension 'ignore'
[0.921s] Level 1:colcon.colcon_core.package_identification:_identify(build) ignored
[0.921s] Level 1:colcon.colcon_core.package_identification:_identify(install) by extensions ['ignore', 'ignore_ament_install']
[0.922s] Level 1:colcon.colcon_core.package_identification:_identify(install) by extension 'ignore'
[0.922s] Level 1:colcon.colcon_core.package_identification:_identify(install) ignored
[0.922s] Level 1:colcon.colcon_core.package_identification:_identify(log) by extensions ['ignore', 'ignore_ament_install']
[0.922s] Level 1:colcon.colcon_core.package_identification:_identify(log) by extension 'ignore'
[0.923s] Level 1:colcon.colcon_core.package_identification:_identify(log) ignored
[0.923s] Level 1:colcon.colcon_core.package_identification:_identify(src) by extensions ['ignore', 'ignore_ament_install']
[0.923s] Level 1:colcon.colcon_core.package_identification:_identify(src) by extension 'ignore'
[0.923s] Level 1:colcon.colcon_core.package_identification:_identify(src) by extension 'ignore_ament_install'
[0.923s] Level 1:colcon.colcon_core.package_identification:_identify(src) by extensions ['colcon_pkg']
[0.923s] Level 1:colcon.colcon_core.package_identification:_identify(src) by extension 'colcon_pkg'
[0.924s] Level 1:colcon.colcon_core.package_identification:_identify(src) by extensions ['colcon_meta']
[0.924s] Level 1:colcon.colcon_core.package_identification:_identify(src) by extension 'colcon_meta'
[0.924s] Level 1:colcon.colcon_core.package_identification:_identify(src) by extensions ['ros']
[0.924s] Level 1:colcon.colcon_core.package_identification:_identify(src) by extension 'ros'
[0.924s] Level 1:colcon.colcon_core.package_identification:_identify(src) by extensions ['cmake', 'python']
[0.924s] Level 1:colcon.colcon_core.package_identification:_identify(src) by extension 'cmake'
[0.924s] Level 1:colcon.colcon_core.package_identification:_identify(src) by extension 'python'
[0.924s] Level 1:colcon.colcon_core.package_identification:_identify(src) by extensions ['python_setup_py']
[0.924s] Level 1:colcon.colcon_core.package_identification:_identify(src) by extension 'python_setup_py'
[0.925s] Level 1:colcon.colcon_core.package_identification:_identify(src/android_controll_test) by extensions ['ignore', 'ignore_ament_install']
[0.925s] Level 1:colcon.colcon_core.package_identification:_identify(src/android_controll_test) by extension 'ignore'
[0.925s] Level 1:colcon.colcon_core.package_identification:_identify(src/android_controll_test) by extension 'ignore_ament_install'
[0.925s] Level 1:colcon.colcon_core.package_identification:_identify(src/android_controll_test) by extensions ['colcon_pkg']
[0.925s] Level 1:colcon.colcon_core.package_identification:_identify(src/android_controll_test) by extension 'colcon_pkg'
[0.925s] Level 1:colcon.colcon_core.package_identification:_identify(src/android_controll_test) by extensions ['colcon_meta']
[0.926s] Level 1:colcon.colcon_core.package_identification:_identify(src/android_controll_test) by extension 'colcon_meta'
[0.926s] Level 1:colcon.colcon_core.package_identification:_identify(src/android_controll_test) by extensions ['ros']
[0.926s] Level 1:colcon.colcon_core.package_identification:_identify(src/android_controll_test) by extension 'ros'
[0.932s] DEBUG:colcon.colcon_core.package_identification:Package 'src/android_controll_test' with type 'ros.ament_cmake' and name 'android_controll_test'
[0.932s] Level 1:colcon.colcon_core.package_identification:_identify(src/build) by extensions ['ignore', 'ignore_ament_install']
[0.932s] Level 1:colcon.colcon_core.package_identification:_identify(src/build) by extension 'ignore'
[0.932s] Level 1:colcon.colcon_core.package_identification:_identify(src/build) ignored
[0.933s] Level 1:colcon.colcon_core.package_identification:_identify(src/cpp_server_client) by extensions ['ignore', 'ignore_ament_install']
[0.933s] Level 1:colcon.colcon_core.package_identification:_identify(src/cpp_server_client) by extension 'ignore'
[0.933s] Level 1:colcon.colcon_core.package_identification:_identify(src/cpp_server_client) by extension 'ignore_ament_install'
[0.933s] Level 1:colcon.colcon_core.package_identification:_identify(src/cpp_server_client) by extensions ['colcon_pkg']
[0.933s] Level 1:colcon.colcon_core.package_identification:_identify(src/cpp_server_client) by extension 'colcon_pkg'
[0.933s] Level 1:colcon.colcon_core.package_identification:_identify(src/cpp_server_client) by extensions ['colcon_meta']
[0.934s] Level 1:colcon.colcon_core.package_identification:_identify(src/cpp_server_client) by extension 'colcon_meta'
[0.934s] Level 1:colcon.colcon_core.package_identification:_identify(src/cpp_server_client) by extensions ['ros']
[0.934s] Level 1:colcon.colcon_core.package_identification:_identify(src/cpp_server_client) by extension 'ros'
[0.935s] DEBUG:colcon.colcon_core.package_identification:Package 'src/cpp_server_client' with type 'ros.ament_cmake' and name 'cpp_server_client'
[0.936s] Level 1:colcon.colcon_core.package_identification:_identify(src/cpp_topic_pubsub) by extensions ['ignore', 'ignore_ament_install']
[0.936s] Level 1:colcon.colcon_core.package_identification:_identify(src/cpp_topic_pubsub) by extension 'ignore'
[0.936s] Level 1:colcon.colcon_core.package_identification:_identify(src/cpp_topic_pubsub) by extension 'ignore_ament_install'
[0.936s] Level 1:colcon.colcon_core.package_identification:_identify(src/cpp_topic_pubsub) by extensions ['colcon_pkg']
[0.937s] Level 1:colcon.colcon_core.package_identification:_identify(src/cpp_topic_pubsub) by extension 'colcon_pkg'
[0.937s] Level 1:colcon.colcon_core.package_identification:_identify(src/cpp_topic_pubsub) by extensions ['colcon_meta']
[0.937s] Level 1:colcon.colcon_core.package_identification:_identify(src/cpp_topic_pubsub) by extension 'colcon_meta'
[0.937s] Level 1:colcon.colcon_core.package_identification:_identify(src/cpp_topic_pubsub) by extensions ['ros']
[0.937s] Level 1:colcon.colcon_core.package_identification:_identify(src/cpp_topic_pubsub) by extension 'ros'
[0.938s] DEBUG:colcon.colcon_core.package_identification:Package 'src/cpp_topic_pubsub' with type 'ros.ament_cmake' and name 'cpp_topic_pubsub'
[0.939s] Level 1:colcon.colcon_core.package_identification:_identify(src/custom_test_msgs) by extensions ['ignore', 'ignore_ament_install']
[0.939s] Level 1:colcon.colcon_core.package_identification:_identify(src/custom_test_msgs) by extension 'ignore'
[0.939s] Level 1:colcon.colcon_core.package_identification:_identify(src/custom_test_msgs) by extension 'ignore_ament_install'
[0.939s] Level 1:colcon.colcon_core.package_identification:_identify(src/custom_test_msgs) by extensions ['colcon_pkg']
[0.939s] Level 1:colcon.colcon_core.package_identification:_identify(src/custom_test_msgs) by extension 'colcon_pkg'
[0.940s] Level 1:colcon.colcon_core.package_identification:_identify(src/custom_test_msgs) by extensions ['colcon_meta']
[0.940s] Level 1:colcon.colcon_core.package_identification:_identify(src/custom_test_msgs) by extension 'colcon_meta'
[0.940s] Level 1:colcon.colcon_core.package_identification:_identify(src/custom_test_msgs) by extensions ['ros']
[0.940s] Level 1:colcon.colcon_core.package_identification:_identify(src/custom_test_msgs) by extension 'ros'
[0.941s] DEBUG:colcon.colcon_core.package_identification:Package 'src/custom_test_msgs' with type 'ros.ament_cmake' and name 'custom_test_msgs'
[0.942s] Level 1:colcon.colcon_core.package_identification:_identify(src/install) by extensions ['ignore', 'ignore_ament_install']
[0.942s] Level 1:colcon.colcon_core.package_identification:_identify(src/install) by extension 'ignore'
[0.942s] Level 1:colcon.colcon_core.package_identification:_identify(src/install) ignored
[0.942s] Level 1:colcon.colcon_core.package_identification:_identify(src/log) by extensions ['ignore', 'ignore_ament_install']
[0.943s] Level 1:colcon.colcon_core.package_identification:_identify(src/log) by extension 'ignore'
[0.943s] Level 1:colcon.colcon_core.package_identification:_identify(src/log) ignored
[0.943s] Level 1:colcon.colcon_core.package_identification:_identify(src/test_package) by extensions ['ignore', 'ignore_ament_install']
[0.943s] Level 1:colcon.colcon_core.package_identification:_identify(src/test_package) by extension 'ignore'
[0.943s] Level 1:colcon.colcon_core.package_identification:_identify(src/test_package) by extension 'ignore_ament_install'
[0.943s] Level 1:colcon.colcon_core.package_identification:_identify(src/test_package) by extensions ['colcon_pkg']
[0.944s] Level 1:colcon.colcon_core.package_identification:_identify(src/test_package) by extension 'colcon_pkg'
[0.944s] Level 1:colcon.colcon_core.package_identification:_identify(src/test_package) by extensions ['colcon_meta']
[0.944s] Level 1:colcon.colcon_core.package_identification:_identify(src/test_package) by extension 'colcon_meta'
[0.944s] Level 1:colcon.colcon_core.package_identification:_identify(src/test_package) by extensions ['ros']
[0.944s] Level 1:colcon.colcon_core.package_identification:_identify(src/test_package) by extension 'ros'
[0.945s] DEBUG:colcon.colcon_core.package_identification:Package 'src/test_package' with type 'ros.ament_cmake' and name 'test_package'
[0.946s] Level 1:colcon.colcon_core.package_identification:_identify(uros_ws) by extensions ['ignore', 'ignore_ament_install']
[0.946s] Level 1:colcon.colcon_core.package_identification:_identify(uros_ws) by extension 'ignore'
[0.947s] Level 1:colcon.colcon_core.package_identification:_identify(uros_ws) by extension 'ignore_ament_install'
[0.947s] Level 1:colcon.colcon_core.package_identification:_identify(uros_ws) by extensions ['colcon_pkg']
[0.947s] Level 1:colcon.colcon_core.package_identification:_identify(uros_ws) by extension 'colcon_pkg'
[0.947s] Level 1:colcon.colcon_core.package_identification:_identify(uros_ws) by extensions ['colcon_meta']
[0.947s] Level 1:colcon.colcon_core.package_identification:_identify(uros_ws) by extension 'colcon_meta'
[0.947s] Level 1:colcon.colcon_core.package_identification:_identify(uros_ws) by extensions ['ros']
[0.948s] Level 1:colcon.colcon_core.package_identification:_identify(uros_ws) by extension 'ros'
[0.948s] Level 1:colcon.colcon_core.package_identification:_identify(uros_ws) by extensions ['cmake', 'python']
[0.948s] Level 1:colcon.colcon_core.package_identification:_identify(uros_ws) by extension 'cmake'
[0.948s] Level 1:colcon.colcon_core.package_identification:_identify(uros_ws) by extension 'python'
[0.948s] Level 1:colcon.colcon_core.package_identification:_identify(uros_ws) by extensions ['python_setup_py']
[0.948s] Level 1:colcon.colcon_core.package_identification:_identify(uros_ws) by extension 'python_setup_py'
[0.949s] Level 1:colcon.colcon_core.package_identification:_identify(uros_ws/build) by extensions ['ignore', 'ignore_ament_install']
[0.949s] Level 1:colcon.colcon_core.package_identification:_identify(uros_ws/build) by extension 'ignore'
[0.949s] Level 1:colcon.colcon_core.package_identification:_identify(uros_ws/build) ignored
[0.949s] Level 1:colcon.colcon_core.package_identification:_identify(uros_ws/install) by extensions ['ignore', 'ignore_ament_install']
[0.949s] Level 1:colcon.colcon_core.package_identification:_identify(uros_ws/install) by extension 'ignore'
[0.949s] Level 1:colcon.colcon_core.package_identification:_identify(uros_ws/install) ignored
[0.950s] Level 1:colcon.colcon_core.package_identification:_identify(uros_ws/log) by extensions ['ignore', 'ignore_ament_install']
[0.950s] Level 1:colcon.colcon_core.package_identification:_identify(uros_ws/log) by extension 'ignore'
[0.950s] Level 1:colcon.colcon_core.package_identification:_identify(uros_ws/log) ignored
[0.950s] Level 1:colcon.colcon_core.package_identification:_identify(uros_ws/src) by extensions ['ignore', 'ignore_ament_install']
[0.950s] Level 1:colcon.colcon_core.package_identification:_identify(uros_ws/src) by extension 'ignore'
[0.951s] Level 1:colcon.colcon_core.package_identification:_identify(uros_ws/src) by extension 'ignore_ament_install'
[0.951s] Level 1:colcon.colcon_core.package_identification:_identify(uros_ws/src) by extensions ['colcon_pkg']
[0.951s] Level 1:colcon.colcon_core.package_identification:_identify(uros_ws/src) by extension 'colcon_pkg'
[0.951s] Level 1:colcon.colcon_core.package_identification:_identify(uros_ws/src) by extensions ['colcon_meta']
[0.951s] Level 1:colcon.colcon_core.package_identification:_identify(uros_ws/src) by extension 'colcon_meta'
[0.951s] Level 1:colcon.colcon_core.package_identification:_identify(uros_ws/src) by extensions ['ros']
[0.951s] Level 1:colcon.colcon_core.package_identification:_identify(uros_ws/src) by extension 'ros'
[0.951s] Level 1:colcon.colcon_core.package_identification:_identify(uros_ws/src) by extensions ['cmake', 'python']
[0.952s] Level 1:colcon.colcon_core.package_identification:_identify(uros_ws/src) by extension 'cmake'
[0.952s] Level 1:colcon.colcon_core.package_identification:_identify(uros_ws/src) by extension 'python'
[0.952s] Level 1:colcon.colcon_core.package_identification:_identify(uros_ws/src) by extensions ['python_setup_py']
[0.952s] Level 1:colcon.colcon_core.package_identification:_identify(uros_ws/src) by extension 'python_setup_py'
[0.952s] Level 1:colcon.colcon_core.package_identification:_identify(uros_ws/src/micro_ros_setup) by extensions ['ignore', 'ignore_ament_install']
[0.953s] Level 1:colcon.colcon_core.package_identification:_identify(uros_ws/src/micro_ros_setup) by extension 'ignore'
[0.953s] Level 1:colcon.colcon_core.package_identification:_identify(uros_ws/src/micro_ros_setup) by extension 'ignore_ament_install'
[0.953s] Level 1:colcon.colcon_core.package_identification:_identify(uros_ws/src/micro_ros_setup) by extensions ['colcon_pkg']
[0.953s] Level 1:colcon.colcon_core.package_identification:_identify(uros_ws/src/micro_ros_setup) by extension 'colcon_pkg'
[0.954s] Level 1:colcon.colcon_core.package_identification:_identify(uros_ws/src/micro_ros_setup) by extensions ['colcon_meta']
[0.954s] Level 1:colcon.colcon_core.package_identification:_identify(uros_ws/src/micro_ros_setup) by extension 'colcon_meta'
[0.954s] Level 1:colcon.colcon_core.package_identification:_identify(uros_ws/src/micro_ros_setup) by extensions ['ros']
[0.954s] Level 1:colcon.colcon_core.package_identification:_identify(uros_ws/src/micro_ros_setup) by extension 'ros'
[0.956s] DEBUG:colcon.colcon_core.package_identification:Package 'uros_ws/src/micro_ros_setup' with type 'ros.ament_cmake' and name 'micro_ros_setup'
[0.956s] Level 1:colcon.colcon_core.package_identification:_identify(uros_ws/src/uros) by extensions ['ignore', 'ignore_ament_install']
[0.957s] Level 1:colcon.colcon_core.package_identification:_identify(uros_ws/src/uros) by extension 'ignore'
[0.957s] Level 1:colcon.colcon_core.package_identification:_identify(uros_ws/src/uros) by extension 'ignore_ament_install'
[0.957s] Level 1:colcon.colcon_core.package_identification:_identify(uros_ws/src/uros) by extensions ['colcon_pkg']
[0.957s] Level 1:colcon.colcon_core.package_identification:_identify(uros_ws/src/uros) by extension 'colcon_pkg'
[0.957s] Level 1:colcon.colcon_core.package_identification:_identify(uros_ws/src/uros) by extensions ['colcon_meta']
[0.957s] Level 1:colcon.colcon_core.package_identification:_identify(uros_ws/src/uros) by extension 'colcon_meta'
[0.958s] Level 1:colcon.colcon_core.package_identification:_identify(uros_ws/src/uros) by extensions ['ros']
[0.958s] Level 1:colcon.colcon_core.package_identification:_identify(uros_ws/src/uros) by extension 'ros'
[0.958s] Level 1:colcon.colcon_core.package_identification:_identify(uros_ws/src/uros) by extensions ['cmake', 'python']
[0.958s] Level 1:colcon.colcon_core.package_identification:_identify(uros_ws/src/uros) by extension 'cmake'
[0.959s] Level 1:colcon.colcon_core.package_identification:_identify(uros_ws/src/uros) by extension 'python'
[0.959s] Level 1:colcon.colcon_core.package_identification:_identify(uros_ws/src/uros) by extensions ['python_setup_py']
[0.959s] Level 1:colcon.colcon_core.package_identification:_identify(uros_ws/src/uros) by extension 'python_setup_py'
[0.959s] Level 1:colcon.colcon_core.package_identification:_identify(uros_ws/src/uros/micro-ROS-Agent) by extensions ['ignore', 'ignore_ament_install']
[0.960s] Level 1:colcon.colcon_core.package_identification:_identify(uros_ws/src/uros/micro-ROS-Agent) by extension 'ignore'
[0.960s] Level 1:colcon.colcon_core.package_identification:_identify(uros_ws/src/uros/micro-ROS-Agent) by extension 'ignore_ament_install'
[0.960s] Level 1:colcon.colcon_core.package_identification:_identify(uros_ws/src/uros/micro-ROS-Agent) by extensions ['colcon_pkg']
[0.960s] Level 1:colcon.colcon_core.package_identification:_identify(uros_ws/src/uros/micro-ROS-Agent) by extension 'colcon_pkg'
[0.961s] Level 1:colcon.colcon_core.package_identification:_identify(uros_ws/src/uros/micro-ROS-Agent) by extensions ['colcon_meta']
[0.961s] Level 1:colcon.colcon_core.package_identification:_identify(uros_ws/src/uros/micro-ROS-Agent) by extension 'colcon_meta'
[0.961s] Level 1:colcon.colcon_core.package_identification:_identify(uros_ws/src/uros/micro-ROS-Agent) by extensions ['ros']
[0.961s] Level 1:colcon.colcon_core.package_identification:_identify(uros_ws/src/uros/micro-ROS-Agent) by extension 'ros'
[0.962s] Level 1:colcon.colcon_core.package_identification:_identify(uros_ws/src/uros/micro-ROS-Agent) by extensions ['cmake', 'python']
[0.962s] Level 1:colcon.colcon_core.package_identification:_identify(uros_ws/src/uros/micro-ROS-Agent) by extension 'cmake'
[0.962s] Level 1:colcon.colcon_core.package_identification:_identify(uros_ws/src/uros/micro-ROS-Agent) by extension 'python'
[0.962s] Level 1:colcon.colcon_core.package_identification:_identify(uros_ws/src/uros/micro-ROS-Agent) by extensions ['python_setup_py']
[0.962s] Level 1:colcon.colcon_core.package_identification:_identify(uros_ws/src/uros/micro-ROS-Agent) by extension 'python_setup_py'
[0.963s] Level 1:colcon.colcon_core.package_identification:_identify(uros_ws/src/uros/micro-ROS-Agent/micro_ros_agent) by extensions ['ignore', 'ignore_ament_install']
[0.963s] Level 1:colcon.colcon_core.package_identification:_identify(uros_ws/src/uros/micro-ROS-Agent/micro_ros_agent) by extension 'ignore'
[0.963s] Level 1:colcon.colcon_core.package_identification:_identify(uros_ws/src/uros/micro-ROS-Agent/micro_ros_agent) by extension 'ignore_ament_install'
[0.963s] Level 1:colcon.colcon_core.package_identification:_identify(uros_ws/src/uros/micro-ROS-Agent/micro_ros_agent) by extensions ['colcon_pkg']
[0.964s] Level 1:colcon.colcon_core.package_identification:_identify(uros_ws/src/uros/micro-ROS-Agent/micro_ros_agent) by extension 'colcon_pkg'
[0.964s] Level 1:colcon.colcon_core.package_identification:_identify(uros_ws/src/uros/micro-ROS-Agent/micro_ros_agent) by extensions ['colcon_meta']
[0.964s] Level 1:colcon.colcon_core.package_identification:_identify(uros_ws/src/uros/micro-ROS-Agent/micro_ros_agent) by extension 'colcon_meta'
[0.964s] Level 1:colcon.colcon_core.package_identification:_identify(uros_ws/src/uros/micro-ROS-Agent/micro_ros_agent) by extensions ['ros']
[0.964s] Level 1:colcon.colcon_core.package_identification:_identify(uros_ws/src/uros/micro-ROS-Agent/micro_ros_agent) by extension 'ros'
[0.966s] DEBUG:colcon.colcon_core.package_identification:Package 'uros_ws/src/uros/micro-ROS-Agent/micro_ros_agent' with type 'ros.ament_cmake' and name 'micro_ros_agent'
[0.967s] Level 1:colcon.colcon_core.package_identification:_identify(uros_ws/src/uros/micro-ROS-Agent/snap) by extensions ['ignore', 'ignore_ament_install']
[0.967s] Level 1:colcon.colcon_core.package_identification:_identify(uros_ws/src/uros/micro-ROS-Agent/snap) by extension 'ignore'
[0.967s] Level 1:colcon.colcon_core.package_identification:_identify(uros_ws/src/uros/micro-ROS-Agent/snap) by extension 'ignore_ament_install'
[0.968s] Level 1:colcon.colcon_core.package_identification:_identify(uros_ws/src/uros/micro-ROS-Agent/snap) by extensions ['colcon_pkg']
[0.968s] Level 1:colcon.colcon_core.package_identification:_identify(uros_ws/src/uros/micro-ROS-Agent/snap) by extension 'colcon_pkg'
[0.968s] Level 1:colcon.colcon_core.package_identification:_identify(uros_ws/src/uros/micro-ROS-Agent/snap) by extensions ['colcon_meta']
[0.968s] Level 1:colcon.colcon_core.package_identification:_identify(uros_ws/src/uros/micro-ROS-Agent/snap) by extension 'colcon_meta'
[0.968s] Level 1:colcon.colcon_core.package_identification:_identify(uros_ws/src/uros/micro-ROS-Agent/snap) by extensions ['ros']
[0.969s] Level 1:colcon.colcon_core.package_identification:_identify(uros_ws/src/uros/micro-ROS-Agent/snap) by extension 'ros'
[0.969s] Level 1:colcon.colcon_core.package_identification:_identify(uros_ws/src/uros/micro-ROS-Agent/snap) by extensions ['cmake', 'python']
[0.969s] Level 1:colcon.colcon_core.package_identification:_identify(uros_ws/src/uros/micro-ROS-Agent/snap) by extension 'cmake'
[0.969s] Level 1:colcon.colcon_core.package_identification:_identify(uros_ws/src/uros/micro-ROS-Agent/snap) by extension 'python'
[0.969s] Level 1:colcon.colcon_core.package_identification:_identify(uros_ws/src/uros/micro-ROS-Agent/snap) by extensions ['python_setup_py']
[0.970s] Level 1:colcon.colcon_core.package_identification:_identify(uros_ws/src/uros/micro-ROS-Agent/snap) by extension 'python_setup_py'
[0.971s] Level 1:colcon.colcon_core.package_identification:_identify(uros_ws/src/uros/micro-ROS-Agent/snap/hooks) by extensions ['ignore', 'ignore_ament_install']
[0.971s] Level 1:colcon.colcon_core.package_identification:_identify(uros_ws/src/uros/micro-ROS-Agent/snap/hooks) by extension 'ignore'
[0.971s] Level 1:colcon.colcon_core.package_identification:_identify(uros_ws/src/uros/micro-ROS-Agent/snap/hooks) by extension 'ignore_ament_install'
[0.971s] Level 1:colcon.colcon_core.package_identification:_identify(uros_ws/src/uros/micro-ROS-Agent/snap/hooks) by extensions ['colcon_pkg']
[0.972s] Level 1:colcon.colcon_core.package_identification:_identify(uros_ws/src/uros/micro-ROS-Agent/snap/hooks) by extension 'colcon_pkg'
[0.972s] Level 1:colcon.colcon_core.package_identification:_identify(uros_ws/src/uros/micro-ROS-Agent/snap/hooks) by extensions ['colcon_meta']
[0.972s] Level 1:colcon.colcon_core.package_identification:_identify(uros_ws/src/uros/micro-ROS-Agent/snap/hooks) by extension 'colcon_meta'
[0.972s] Level 1:colcon.colcon_core.package_identification:_identify(uros_ws/src/uros/micro-ROS-Agent/snap/hooks) by extensions ['ros']
[0.972s] Level 1:colcon.colcon_core.package_identification:_identify(uros_ws/src/uros/micro-ROS-Agent/snap/hooks) by extension 'ros'
[0.972s] Level 1:colcon.colcon_core.package_identification:_identify(uros_ws/src/uros/micro-ROS-Agent/snap/hooks) by extensions ['cmake', 'python']
[0.973s] Level 1:colcon.colcon_core.package_identification:_identify(uros_ws/src/uros/micro-ROS-Agent/snap/hooks) by extension 'cmake'
[0.973s] Level 1:colcon.colcon_core.package_identification:_identify(uros_ws/src/uros/micro-ROS-Agent/snap/hooks) by extension 'python'
[0.973s] Level 1:colcon.colcon_core.package_identification:_identify(uros_ws/src/uros/micro-ROS-Agent/snap/hooks) by extensions ['python_setup_py']
[0.973s] Level 1:colcon.colcon_core.package_identification:_identify(uros_ws/src/uros/micro-ROS-Agent/snap/hooks) by extension 'python_setup_py'
[0.973s] Level 1:colcon.colcon_core.package_identification:_identify(uros_ws/src/uros/micro-ROS-Agent/snap/local) by extensions ['ignore', 'ignore_ament_install']
[0.974s] Level 1:colcon.colcon_core.package_identification:_identify(uros_ws/src/uros/micro-ROS-Agent/snap/local) by extension 'ignore'
[0.974s] Level 1:colcon.colcon_core.package_identification:_identify(uros_ws/src/uros/micro-ROS-Agent/snap/local) by extension 'ignore_ament_install'
[0.974s] Level 1:colcon.colcon_core.package_identification:_identify(uros_ws/src/uros/micro-ROS-Agent/snap/local) by extensions ['colcon_pkg']
[0.974s] Level 1:colcon.colcon_core.package_identification:_identify(uros_ws/src/uros/micro-ROS-Agent/snap/local) by extension 'colcon_pkg'
[0.974s] Level 1:colcon.colcon_core.package_identification:_identify(uros_ws/src/uros/micro-ROS-Agent/snap/local) by extensions ['colcon_meta']
[0.974s] Level 1:colcon.colcon_core.package_identification:_identify(uros_ws/src/uros/micro-ROS-Agent/snap/local) by extension 'colcon_meta'
[0.975s] Level 1:colcon.colcon_core.package_identification:_identify(uros_ws/src/uros/micro-ROS-Agent/snap/local) by extensions ['ros']
[0.975s] Level 1:colcon.colcon_core.package_identification:_identify(uros_ws/src/uros/micro-ROS-Agent/snap/local) by extension 'ros'
[0.975s] Level 1:colcon.colcon_core.package_identification:_identify(uros_ws/src/uros/micro-ROS-Agent/snap/local) by extensions ['cmake', 'python']
[0.975s] Level 1:colcon.colcon_core.package_identification:_identify(uros_ws/src/uros/micro-ROS-Agent/snap/local) by extension 'cmake'
[0.975s] Level 1:colcon.colcon_core.package_identification:_identify(uros_ws/src/uros/micro-ROS-Agent/snap/local) by extension 'python'
[0.975s] Level 1:colcon.colcon_core.package_identification:_identify(uros_ws/src/uros/micro-ROS-Agent/snap/local) by extensions ['python_setup_py']
[0.975s] Level 1:colcon.colcon_core.package_identification:_identify(uros_ws/src/uros/micro-ROS-Agent/snap/local) by extension 'python_setup_py'
[0.976s] Level 1:colcon.colcon_core.package_identification:_identify(uros_ws/src/uros/micro_ros_msgs) by extensions ['ignore', 'ignore_ament_install']
[0.976s] Level 1:colcon.colcon_core.package_identification:_identify(uros_ws/src/uros/micro_ros_msgs) by extension 'ignore'
[0.976s] Level 1:colcon.colcon_core.package_identification:_identify(uros_ws/src/uros/micro_ros_msgs) by extension 'ignore_ament_install'
[0.976s] Level 1:colcon.colcon_core.package_identification:_identify(uros_ws/src/uros/micro_ros_msgs) by extensions ['colcon_pkg']
[0.976s] Level 1:colcon.colcon_core.package_identification:_identify(uros_ws/src/uros/micro_ros_msgs) by extension 'colcon_pkg'
[0.976s] Level 1:colcon.colcon_core.package_identification:_identify(uros_ws/src/uros/micro_ros_msgs) by extensions ['colcon_meta']
[0.976s] Level 1:colcon.colcon_core.package_identification:_identify(uros_ws/src/uros/micro_ros_msgs) by extension 'colcon_meta'
[0.977s] Level 1:colcon.colcon_core.package_identification:_identify(uros_ws/src/uros/micro_ros_msgs) by extensions ['ros']
[0.977s] Level 1:colcon.colcon_core.package_identification:_identify(uros_ws/src/uros/micro_ros_msgs) by extension 'ros'
[0.978s] DEBUG:colcon.colcon_core.package_identification:Package 'uros_ws/src/uros/micro_ros_msgs' with type 'ros.ament_cmake' and name 'micro_ros_msgs'
[0.978s] Level 1:colcon.colcon_core.package_discovery:discover_packages(recursive) using defaults
[0.979s] Level 1:colcon.colcon_core.package_discovery:discover_packages(ignore) discover
[0.979s] Level 1:colcon.colcon_core.package_discovery:discover_packages(ignore) using defaults
[0.979s] Level 1:colcon.colcon_core.package_discovery:discover_packages(path) discover
[0.979s] Level 1:colcon.colcon_core.package_discovery:discover_packages(path) using defaults
[1.050s] Level 1:colcon.colcon_core.package_discovery:discover_packages(prefix_path) check parameters
[1.050s] Level 1:colcon.colcon_core.package_discovery:discover_packages(prefix_path) discover
[1.060s] DEBUG:colcon.colcon_installed_package_information.package_discovery:Found 8 installed packages in /home/osawakousei/ros2_ws/install
[1.063s] DEBUG:colcon.colcon_installed_package_information.package_discovery:Found 2 installed packages in /home/osawakousei/ros2_ws/src/android_controll_test/install
[1.065s] DEBUG:colcon.colcon_installed_package_information.package_discovery:Found 1 installed packages in /home/osawakousei/ros2_ws/src/cpp_server_client/install
[1.067s] DEBUG:colcon.colcon_installed_package_information.package_discovery:Found 1 installed packages in /home/osawakousei/ros2_ws/src/cpp_topic_pubsub/install
[1.070s] DEBUG:colcon.colcon_installed_package_information.package_discovery:Found 1 installed packages in /home/osawakousei/ros2_ws/src/test_package/install
[1.072s] DEBUG:colcon.colcon_installed_package_information.package_discovery:Found 3 installed packages in /home/osawakousei/ros2_ws/uros_ws/install
[1.077s] DEBUG:colcon.colcon_installed_package_information.package_discovery:Found 1 installed packages in /home/osawakousei/ros2_ws/src/custom_test_msgs/install
[1.084s] DEBUG:colcon.colcon_installed_package_information.package_discovery:Found 329 installed packages in /opt/ros/humble
[1.087s] Level 1:colcon.colcon_core.package_discovery:discover_packages(prefix_path) using defaults
[1.248s] Level 5:colcon.colcon_core.verb:set package 'android_controll_test' build argument 'cmake_args' from command line to 'None'
[1.249s] Level 5:colcon.colcon_core.verb:set package 'android_controll_test' build argument 'cmake_target' from command line to 'None'
[1.249s] Level 5:colcon.colcon_core.verb:set package 'android_controll_test' build argument 'cmake_target_skip_unavailable' from command line to 'False'
[1.249s] Level 5:colcon.colcon_core.verb:set package 'android_controll_test' build argument 'cmake_clean_cache' from command line to 'False'
[1.249s] Level 5:colcon.colcon_core.verb:set package 'android_controll_test' build argument 'cmake_clean_first' from command line to 'False'
[1.249s] Level 5:colcon.colcon_core.verb:set package 'android_controll_test' build argument 'cmake_force_configure' from command line to 'False'
[1.249s] Level 5:colcon.colcon_core.verb:set package 'android_controll_test' build argument 'ament_cmake_args' from command line to 'None'
[1.250s] Level 5:colcon.colcon_core.verb:set package 'android_controll_test' build argument 'catkin_cmake_args' from command line to 'None'
[1.250s] Level 5:colcon.colcon_core.verb:set package 'android_controll_test' build argument 'catkin_skip_building_tests' from command line to 'False'
[1.250s] DEBUG:colcon.colcon_core.verb:Building package 'android_controll_test' with the following arguments: {'ament_cmake_args': None, 'build_base': '/home/osawakousei/ros2_ws/build/android_controll_test', 'catkin_cmake_args': None, 'catkin_skip_building_tests': False, 'cmake_args': None, 'cmake_clean_cache': False, 'cmake_clean_first': False, 'cmake_force_configure': False, 'cmake_target': None, 'cmake_target_skip_unavailable': False, 'install_base': '/home/osawakousei/ros2_ws/install/android_controll_test', 'merge_install': False, 'path': '/home/osawakousei/ros2_ws/src/android_controll_test', 'symlink_install': False, 'test_result_base': None}
[1.252s] Level 5:colcon.colcon_core.verb:set package 'cpp_server_client' build argument 'cmake_args' from command line to 'None'
[1.252s] Level 5:colcon.colcon_core.verb:set package 'cpp_server_client' build argument 'cmake_target' from command line to 'None'
[1.252s] Level 5:colcon.colcon_core.verb:set package 'cpp_server_client' build argument 'cmake_target_skip_unavailable' from command line to 'False'
[1.252s] Level 5:colcon.colcon_core.verb:set package 'cpp_server_client' build argument 'cmake_clean_cache' from command line to 'False'
[1.252s] Level 5:colcon.colcon_core.verb:set package 'cpp_server_client' build argument 'cmake_clean_first' from command line to 'False'
[1.253s] Level 5:colcon.colcon_core.verb:set package 'cpp_server_client' build argument 'cmake_force_configure' from command line to 'False'
[1.253s] Level 5:colcon.colcon_core.verb:set package 'cpp_server_client' build argument 'ament_cmake_args' from command line to 'None'
[1.253s] Level 5:colcon.colcon_core.verb:set package 'cpp_server_client' build argument 'catkin_cmake_args' from command line to 'None'
[1.253s] Level 5:colcon.colcon_core.verb:set package 'cpp_server_client' build argument 'catkin_skip_building_tests' from command line to 'False'
[1.253s] DEBUG:colcon.colcon_core.verb:Building package 'cpp_server_client' with the following arguments: {'ament_cmake_args': None, 'build_base': '/home/osawakousei/ros2_ws/build/cpp_server_client', 'catkin_cmake_args': None, 'catkin_skip_building_tests': False, 'cmake_args': None, 'cmake_clean_cache': False, 'cmake_clean_first': False, 'cmake_force_configure': False, 'cmake_target': None, 'cmake_target_skip_unavailable': False, 'install_base': '/home/osawakousei/ros2_ws/install/cpp_server_client', 'merge_install': False, 'path': '/home/osawakousei/ros2_ws/src/cpp_server_client', 'symlink_install': False, 'test_result_base': None}
[1.255s] Level 5:colcon.colcon_core.verb:set package 'cpp_topic_pubsub' build argument 'cmake_args' from command line to 'None'
[1.255s] Level 5:colcon.colcon_core.verb:set package 'cpp_topic_pubsub' build argument 'cmake_target' from command line to 'None'
[1.255s] Level 5:colcon.colcon_core.verb:set package 'cpp_topic_pubsub' build argument 'cmake_target_skip_unavailable' from command line to 'False'
[1.256s] Level 5:colcon.colcon_core.verb:set package 'cpp_topic_pubsub' build argument 'cmake_clean_cache' from command line to 'False'
[1.256s] Level 5:colcon.colcon_core.verb:set package 'cpp_topic_pubsub' build argument 'cmake_clean_first' from command line to 'False'
[1.256s] Level 5:colcon.colcon_core.verb:set package 'cpp_topic_pubsub' build argument 'cmake_force_configure' from command line to 'False'
[1.256s] Level 5:colcon.colcon_core.verb:set package 'cpp_topic_pubsub' build argument 'ament_cmake_args' from command line to 'None'
[1.256s] Level 5:colcon.colcon_core.verb:set package 'cpp_topic_pubsub' build argument 'catkin_cmake_args' from command line to 'None'
[1.256s] Level 5:colcon.colcon_core.verb:set package 'cpp_topic_pubsub' build argument 'catkin_skip_building_tests' from command line to 'False'
[1.256s] DEBUG:colcon.colcon_core.verb:Building package 'cpp_topic_pubsub' with the following arguments: {'ament_cmake_args': None, 'build_base': '/home/osawakousei/ros2_ws/build/cpp_topic_pubsub', 'catkin_cmake_args': None, 'catkin_skip_building_tests': False, 'cmake_args': None, 'cmake_clean_cache': False, 'cmake_clean_first': False, 'cmake_force_configure': False, 'cmake_target': None, 'cmake_target_skip_unavailable': False, 'install_base': '/home/osawakousei/ros2_ws/install/cpp_topic_pubsub', 'merge_install': False, 'path': '/home/osawakousei/ros2_ws/src/cpp_topic_pubsub', 'symlink_install': False, 'test_result_base': None}
[1.259s] Level 5:colcon.colcon_core.verb:set package 'custom_test_msgs' build argument 'cmake_args' from command line to 'None'
[1.259s] Level 5:colcon.colcon_core.verb:set package 'custom_test_msgs' build argument 'cmake_target' from command line to 'None'
[1.259s] Level 5:colcon.colcon_core.verb:set package 'custom_test_msgs' build argument 'cmake_target_skip_unavailable' from command line to 'False'
[1.259s] Level 5:colcon.colcon_core.verb:set package 'custom_test_msgs' build argument 'cmake_clean_cache' from command line to 'False'
[1.259s] Level 5:colcon.colcon_core.verb:set package 'custom_test_msgs' build argument 'cmake_clean_first' from command line to 'False'
[1.259s] Level 5:colcon.colcon_core.verb:set package 'custom_test_msgs' build argument 'cmake_force_configure' from command line to 'False'
[1.259s] Level 5:colcon.colcon_core.verb:set package 'custom_test_msgs' build argument 'ament_cmake_args' from command line to 'None'
[1.259s] Level 5:colcon.colcon_core.verb:set package 'custom_test_msgs' build argument 'catkin_cmake_args' from command line to 'None'
[1.259s] Level 5:colcon.colcon_core.verb:set package 'custom_test_msgs' build argument 'catkin_skip_building_tests' from command line to 'False'
[1.259s] DEBUG:colcon.colcon_core.verb:Building package 'custom_test_msgs' with the following arguments: {'ament_cmake_args': None, 'build_base': '/home/osawakousei/ros2_ws/build/custom_test_msgs', 'catkin_cmake_args': None, 'catkin_skip_building_tests': False, 'cmake_args': None, 'cmake_clean_cache': False, 'cmake_clean_first': False, 'cmake_force_configure': False, 'cmake_target': None, 'cmake_target_skip_unavailable': False, 'install_base': '/home/osawakousei/ros2_ws/install/custom_test_msgs', 'merge_install': False, 'path': '/home/osawakousei/ros2_ws/src/custom_test_msgs', 'symlink_install': False, 'test_result_base': None}
[1.261s] Level 5:colcon.colcon_core.verb:set package 'micro_ros_msgs' build argument 'cmake_args' from command line to 'None'
[1.261s] Level 5:colcon.colcon_core.verb:set package 'micro_ros_msgs' build argument 'cmake_target' from command line to 'None'
[1.261s] Level 5:colcon.colcon_core.verb:set package 'micro_ros_msgs' build argument 'cmake_target_skip_unavailable' from command line to 'False'
[1.261s] Level 5:colcon.colcon_core.verb:set package 'micro_ros_msgs' build argument 'cmake_clean_cache' from command line to 'False'
[1.261s] Level 5:colcon.colcon_core.verb:set package 'micro_ros_msgs' build argument 'cmake_clean_first' from command line to 'False'
[1.261s] Level 5:colcon.colcon_core.verb:set package 'micro_ros_msgs' build argument 'cmake_force_configure' from command line to 'False'
[1.262s] Level 5:colcon.colcon_core.verb:set package 'micro_ros_msgs' build argument 'ament_cmake_args' from command line to 'None'
[1.262s] Level 5:colcon.colcon_core.verb:set package 'micro_ros_msgs' build argument 'catkin_cmake_args' from command line to 'None'
[1.262s] Level 5:colcon.colcon_core.verb:set package 'micro_ros_msgs' build argument 'catkin_skip_building_tests' from command line to 'False'
[1.262s] DEBUG:colcon.colcon_core.verb:Building package 'micro_ros_msgs' with the following arguments: {'ament_cmake_args': None, 'build_base': '/home/osawakousei/ros2_ws/build/micro_ros_msgs', 'catkin_cmake_args': None, 'catkin_skip_building_tests': False, 'cmake_args': None, 'cmake_clean_cache': False, 'cmake_clean_first': False, 'cmake_force_configure': False, 'cmake_target': None, 'cmake_target_skip_unavailable': False, 'install_base': '/home/osawakousei/ros2_ws/install/micro_ros_msgs', 'merge_install': False, 'path': '/home/osawakousei/ros2_ws/uros_ws/src/uros/micro_ros_msgs', 'symlink_install': False, 'test_result_base': None}
[1.263s] Level 5:colcon.colcon_core.verb:set package 'micro_ros_setup' build argument 'cmake_args' from command line to 'None'
[1.264s] Level 5:colcon.colcon_core.verb:set package 'micro_ros_setup' build argument 'cmake_target' from command line to 'None'
[1.264s] Level 5:colcon.colcon_core.verb:set package 'micro_ros_setup' build argument 'cmake_target_skip_unavailable' from command line to 'False'
[1.264s] Level 5:colcon.colcon_core.verb:set package 'micro_ros_setup' build argument 'cmake_clean_cache' from command line to 'False'
[1.264s] Level 5:colcon.colcon_core.verb:set package 'micro_ros_setup' build argument 'cmake_clean_first' from command line to 'False'
[1.264s] Level 5:colcon.colcon_core.verb:set package 'micro_ros_setup' build argument 'cmake_force_configure' from command line to 'False'
[1.264s] Level 5:colcon.colcon_core.verb:set package 'micro_ros_setup' build argument 'ament_cmake_args' from command line to 'None'
[1.264s] Level 5:colcon.colcon_core.verb:set package 'micro_ros_setup' build argument 'catkin_cmake_args' from command line to 'None'
[1.264s] Level 5:colcon.colcon_core.verb:set package 'micro_ros_setup' build argument 'catkin_skip_building_tests' from command line to 'False'
[1.265s] DEBUG:colcon.colcon_core.verb:Building package 'micro_ros_setup' with the following arguments: {'ament_cmake_args': None, 'build_base': '/home/osawakousei/ros2_ws/build/micro_ros_setup', 'catkin_cmake_args': None, 'catkin_skip_building_tests': False, 'cmake_args': None, 'cmake_clean_cache': False, 'cmake_clean_first': False, 'cmake_force_configure': False, 'cmake_target': None, 'cmake_target_skip_unavailable': False, 'install_base': '/home/osawakousei/ros2_ws/install/micro_ros_setup', 'merge_install': False, 'path': '/home/osawakousei/ros2_ws/uros_ws/src/micro_ros_setup', 'symlink_install': False, 'test_result_base': None}
[1.267s] Level 5:colcon.colcon_core.verb:set package 'test_package' build argument 'cmake_args' from command line to 'None'
[1.267s] Level 5:colcon.colcon_core.verb:set package 'test_package' build argument 'cmake_target' from command line to 'None'
[1.267s] Level 5:colcon.colcon_core.verb:set package 'test_package' build argument 'cmake_target_skip_unavailable' from command line to 'False'
[1.267s] Level 5:colcon.colcon_core.verb:set package 'test_package' build argument 'cmake_clean_cache' from command line to 'False'
[1.267s] Level 5:colcon.colcon_core.verb:set package 'test_package' build argument 'cmake_clean_first' from command line to 'False'
[1.268s] Level 5:colcon.colcon_core.verb:set package 'test_package' build argument 'cmake_force_configure' from command line to 'False'
[1.268s] Level 5:colcon.colcon_core.verb:set package 'test_package' build argument 'ament_cmake_args' from command line to 'None'
[1.268s] Level 5:colcon.colcon_core.verb:set package 'test_package' build argument 'catkin_cmake_args' from command line to 'None'
[1.268s] Level 5:colcon.colcon_core.verb:set package 'test_package' build argument 'catkin_skip_building_tests' from command line to 'False'
[1.268s] DEBUG:colcon.colcon_core.verb:Building package 'test_package' with the following arguments: {'ament_cmake_args': None, 'build_base': '/home/osawakousei/ros2_ws/build/test_package', 'catkin_cmake_args': None, 'catkin_skip_building_tests': False, 'cmake_args': None, 'cmake_clean_cache': False, 'cmake_clean_first': False, 'cmake_force_configure': False, 'cmake_target': None, 'cmake_target_skip_unavailable': False, 'install_base': '/home/osawakousei/ros2_ws/install/test_package', 'merge_install': False, 'path': '/home/osawakousei/ros2_ws/src/test_package', 'symlink_install': False, 'test_result_base': None}
[1.270s] Level 5:colcon.colcon_core.verb:set package 'micro_ros_agent' build argument 'cmake_args' from command line to 'None'
[1.271s] Level 5:colcon.colcon_core.verb:set package 'micro_ros_agent' build argument 'cmake_target' from command line to 'None'
[1.271s] Level 5:colcon.colcon_core.verb:set package 'micro_ros_agent' build argument 'cmake_target_skip_unavailable' from command line to 'False'
[1.271s] Level 5:colcon.colcon_core.verb:set package 'micro_ros_agent' build argument 'cmake_clean_cache' from command line to 'False'
[1.271s] Level 5:colcon.colcon_core.verb:set package 'micro_ros_agent' build argument 'cmake_clean_first' from command line to 'False'
[1.271s] Level 5:colcon.colcon_core.verb:set package 'micro_ros_agent' build argument 'cmake_force_configure' from command line to 'False'
[1.271s] Level 5:colcon.colcon_core.verb:set package 'micro_ros_agent' build argument 'ament_cmake_args' from command line to 'None'
[1.271s] Level 5:colcon.colcon_core.verb:set package 'micro_ros_agent' build argument 'catkin_cmake_args' from command line to 'None'
[1.271s] Level 5:colcon.colcon_core.verb:set package 'micro_ros_agent' build argument 'catkin_skip_building_tests' from command line to 'False'
[1.271s] DEBUG:colcon.colcon_core.verb:Building package 'micro_ros_agent' with the following arguments: {'ament_cmake_args': None, 'build_base': '/home/osawakousei/ros2_ws/build/micro_ros_agent', 'catkin_cmake_args': None, 'catkin_skip_building_tests': False, 'cmake_args': None, 'cmake_clean_cache': False, 'cmake_clean_first': False, 'cmake_force_configure': False, 'cmake_target': None, 'cmake_target_skip_unavailable': False, 'install_base': '/home/osawakousei/ros2_ws/install/micro_ros_agent', 'merge_install': False, 'path': '/home/osawakousei/ros2_ws/uros_ws/src/uros/micro-ROS-Agent/micro_ros_agent', 'symlink_install': False, 'test_result_base': None}
[1.273s] INFO:colcon.colcon_core.executor:Executing jobs using 'parallel' executor
[1.280s] DEBUG:colcon.colcon_parallel_executor.executor.parallel:run_until_complete
[1.281s] INFO:colcon.colcon_ros.task.ament_cmake.build:Building ROS package in '/home/osawakousei/ros2_ws/uros_ws/src/uros/micro_ros_msgs' with build type 'ament_cmake'
[1.282s] INFO:colcon.colcon_cmake.task.cmake.build:Building CMake package in '/home/osawakousei/ros2_ws/uros_ws/src/uros/micro_ros_msgs'
[1.295s] INFO:colcon.colcon_core.plugin_system:Skipping extension 'colcon_core.shell.bat': Not used on non-Windows systems
[1.296s] INFO:colcon.colcon_core.shell:Skip shell extension 'powershell' for command environment: Not usable outside of PowerShell
[1.296s] DEBUG:colcon.colcon_core.shell:Skip shell extension 'dsv' for command environment
[1.325s] INFO:colcon.colcon_ros.task.ament_cmake.build:Building ROS package in '/home/osawakousei/ros2_ws/src/android_controll_test' with build type 'ament_cmake'
[1.326s] INFO:colcon.colcon_cmake.task.cmake.build:Building CMake package in '/home/osawakousei/ros2_ws/src/android_controll_test'
[1.330s] INFO:colcon.colcon_core.shell:Skip shell extension 'powershell' for command environment: Not usable outside of PowerShell
[1.330s] DEBUG:colcon.colcon_core.shell:Skip shell extension 'dsv' for command environment
[1.362s] INFO:colcon.colcon_ros.task.ament_cmake.build:Building ROS package in '/home/osawakousei/ros2_ws/src/cpp_server_client' with build type 'ament_cmake'
[1.362s] INFO:colcon.colcon_cmake.task.cmake.build:Building CMake package in '/home/osawakousei/ros2_ws/src/cpp_server_client'
[1.365s] INFO:colcon.colcon_core.shell:Skip shell extension 'powershell' for command environment: Not usable outside of PowerShell
[1.365s] DEBUG:colcon.colcon_core.shell:Skip shell extension 'dsv' for command environment
[1.395s] INFO:colcon.colcon_ros.task.ament_cmake.build:Building ROS package in '/home/osawakousei/ros2_ws/src/cpp_topic_pubsub' with build type 'ament_cmake'
[1.396s] INFO:colcon.colcon_cmake.task.cmake.build:Building CMake package in '/home/osawakousei/ros2_ws/src/cpp_topic_pubsub'
[1.400s] INFO:colcon.colcon_core.shell:Skip shell extension 'powershell' for command environment: Not usable outside of PowerShell
[1.400s] DEBUG:colcon.colcon_core.shell:Skip shell extension 'dsv' for command environment
[1.430s] INFO:colcon.colcon_ros.task.ament_cmake.build:Building ROS package in '/home/osawakousei/ros2_ws/src/custom_test_msgs' with build type 'ament_cmake'
[1.431s] INFO:colcon.colcon_cmake.task.cmake.build:Building CMake package in '/home/osawakousei/ros2_ws/src/custom_test_msgs'
[1.434s] INFO:colcon.colcon_core.shell:Skip shell extension 'powershell' for command environment: Not usable outside of PowerShell
[1.434s] DEBUG:colcon.colcon_core.shell:Skip shell extension 'dsv' for command environment
[1.465s] INFO:colcon.colcon_ros.task.ament_cmake.build:Building ROS package in '/home/osawakousei/ros2_ws/uros_ws/src/micro_ros_setup' with build type 'ament_cmake'
[1.465s] INFO:colcon.colcon_cmake.task.cmake.build:Building CMake package in '/home/osawakousei/ros2_ws/uros_ws/src/micro_ros_setup'
[1.468s] INFO:colcon.colcon_core.shell:Skip shell extension 'powershell' for command environment: Not usable outside of PowerShell
[1.469s] DEBUG:colcon.colcon_core.shell:Skip shell extension 'dsv' for command environment
[1.517s] INFO:colcon.colcon_ros.task.ament_cmake.build:Building ROS package in '/home/osawakousei/ros2_ws/src/test_package' with build type 'ament_cmake'
[1.518s] INFO:colcon.colcon_cmake.task.cmake.build:Building CMake package in '/home/osawakousei/ros2_ws/src/test_package'
[1.521s] INFO:colcon.colcon_core.shell:Skip shell extension 'powershell' for command environment: Not usable outside of PowerShell
[1.522s] DEBUG:colcon.colcon_core.shell:Skip shell extension 'dsv' for command environment
[1.581s] DEBUG:colcon.colcon_core.event_handler.log_command:Invoking command in '/home/osawakousei/ros2_ws/build/micro_ros_msgs': CMAKE_PREFIX_PATH=${CMAKE_PREFIX_PATH}:/opt/ros/humble /usr/bin/cmake --build /home/osawakousei/ros2_ws/build/micro_ros_msgs -- -j8 -l8
[1.603s] DEBUG:colcon.colcon_core.event_handler.log_command:Invoking command in '/home/osawakousei/ros2_ws/build/android_controll_test': CMAKE_PREFIX_PATH=${CMAKE_PREFIX_PATH}:/opt/ros/humble /usr/bin/cmake --build /home/osawakousei/ros2_ws/build/android_controll_test -- -j8 -l8
[1.618s] DEBUG:colcon.colcon_core.event_handler.log_command:Invoking command in '/home/osawakousei/ros2_ws/build/cpp_server_client': CMAKE_PREFIX_PATH=${CMAKE_PREFIX_PATH}:/opt/ros/humble /usr/bin/cmake --build /home/osawakousei/ros2_ws/build/cpp_server_client -- -j8 -l8
[1.629s] DEBUG:colcon.colcon_core.event_handler.log_command:Invoking command in '/home/osawakousei/ros2_ws/build/cpp_topic_pubsub': CMAKE_PREFIX_PATH=${CMAKE_PREFIX_PATH}:/opt/ros/humble /usr/bin/cmake --build /home/osawakousei/ros2_ws/build/cpp_topic_pubsub -- -j8 -l8
[1.640s] DEBUG:colcon.colcon_core.event_handler.log_command:Invoking command in '/home/osawakousei/ros2_ws/build/custom_test_msgs': CMAKE_PREFIX_PATH=${CMAKE_PREFIX_PATH}:/opt/ros/humble /usr/bin/cmake --build /home/osawakousei/ros2_ws/build/custom_test_msgs -- -j8 -l8
[1.654s] DEBUG:colcon.colcon_core.event_handler.log_command:Invoking command in '/home/osawakousei/ros2_ws/build/micro_ros_setup': CMAKE_PREFIX_PATH=${CMAKE_PREFIX_PATH}:/opt/ros/humble /usr/bin/cmake --build /home/osawakousei/ros2_ws/build/micro_ros_setup -- -j8 -l8
[1.677s] DEBUG:colcon.colcon_core.event_handler.log_command:Invoking command in '/home/osawakousei/ros2_ws/build/test_package': CMAKE_PREFIX_PATH=${CMAKE_PREFIX_PATH}:/opt/ros/humble /usr/bin/cmake --build /home/osawakousei/ros2_ws/build/test_package -- -j8 -l8
[1.879s] DEBUG:colcon.colcon_core.event_handler.log_command:Invoked command in '/home/osawakousei/ros2_ws/build/micro_ros_setup' returned '0': CMAKE_PREFIX_PATH=${CMAKE_PREFIX_PATH}:/opt/ros/humble /usr/bin/cmake --build /home/osawakousei/ros2_ws/build/micro_ros_setup -- -j8 -l8
[2.001s] DEBUG:colcon.colcon_core.event_handler.log_command:Invoked command in '/home/osawakousei/ros2_ws/build/test_package' returned '0': CMAKE_PREFIX_PATH=${CMAKE_PREFIX_PATH}:/opt/ros/humble /usr/bin/cmake --build /home/osawakousei/ros2_ws/build/test_package -- -j8 -l8
[2.677s] DEBUG:colcon.colcon_core.event_handler.log_command:Invoking command in '/home/osawakousei/ros2_ws/build/micro_ros_setup': CMAKE_PREFIX_PATH=${CMAKE_PREFIX_PATH}:/opt/ros/humble /usr/bin/cmake --install /home/osawakousei/ros2_ws/build/micro_ros_setup
[2.733s] DEBUG:colcon.colcon_core.event_handler.log_command:Invoking command in '/home/osawakousei/ros2_ws/build/test_package': CMAKE_PREFIX_PATH=${CMAKE_PREFIX_PATH}:/opt/ros/humble /usr/bin/cmake --install /home/osawakousei/ros2_ws/build/test_package
[2.906s] Level 1:colcon.colcon_core.environment:create_environment_scripts_only(micro_ros_setup)
[2.950s] Level 1:colcon.colcon_core.environment:checking '/home/osawakousei/ros2_ws/install/micro_ros_setup' for CMake module files
[2.958s] Level 1:colcon.colcon_core.environment:checking '/home/osawakousei/ros2_ws/install/micro_ros_setup' for CMake config files
[2.955s] DEBUG:colcon.colcon_core.event_handler.log_command:Invoked command in '/home/osawakousei/ros2_ws/build/micro_ros_setup' returned '0': CMAKE_PREFIX_PATH=${CMAKE_PREFIX_PATH}:/opt/ros/humble /usr/bin/cmake --install /home/osawakousei/ros2_ws/build/micro_ros_setup
[2.972s] Level 1:colcon.colcon_core.shell:create_environment_hook('micro_ros_setup', 'cmake_prefix_path')
[2.977s] INFO:colcon.colcon_core.shell:Creating environment hook '/home/osawakousei/ros2_ws/install/micro_ros_setup/share/micro_ros_setup/hook/cmake_prefix_path.ps1'
[2.981s] INFO:colcon.colcon_core.shell:Creating environment descriptor '/home/osawakousei/ros2_ws/install/micro_ros_setup/share/micro_ros_setup/hook/cmake_prefix_path.dsv'
[2.983s] INFO:colcon.colcon_core.shell:Creating environment hook '/home/osawakousei/ros2_ws/install/micro_ros_setup/share/micro_ros_setup/hook/cmake_prefix_path.sh'
[2.986s] Level 1:colcon.colcon_core.environment:checking '/home/osawakousei/ros2_ws/install/micro_ros_setup/lib'
[2.987s] Level 1:colcon.colcon_core.environment:checking '/home/osawakousei/ros2_ws/install/micro_ros_setup/bin'
[2.987s] Level 1:colcon.colcon_core.environment:checking '/home/osawakousei/ros2_ws/install/micro_ros_setup/lib/pkgconfig/micro_ros_setup.pc'
[2.988s] Level 1:colcon.colcon_core.environment:checking '/home/osawakousei/ros2_ws/install/micro_ros_setup/lib/python3.10/site-packages'
[2.988s] Level 1:colcon.colcon_core.environment:checking '/home/osawakousei/ros2_ws/install/micro_ros_setup/bin'
[2.992s] INFO:colcon.colcon_core.shell:Creating package script '/home/osawakousei/ros2_ws/install/micro_ros_setup/share/micro_ros_setup/package.ps1'
[3.000s] INFO:colcon.colcon_core.shell:Creating package descriptor '/home/osawakousei/ros2_ws/install/micro_ros_setup/share/micro_ros_setup/package.dsv'
[3.008s] INFO:colcon.colcon_core.shell:Creating package script '/home/osawakousei/ros2_ws/install/micro_ros_setup/share/micro_ros_setup/package.sh'
[3.011s] INFO:colcon.colcon_core.shell:Creating package script '/home/osawakousei/ros2_ws/install/micro_ros_setup/share/micro_ros_setup/package.bash'
[3.015s] INFO:colcon.colcon_core.shell:Creating package script '/home/osawakousei/ros2_ws/install/micro_ros_setup/share/micro_ros_setup/package.zsh'
[3.018s] Level 1:colcon.colcon_core.environment:create_file_with_runtime_dependencies(/home/osawakousei/ros2_ws/install/micro_ros_setup/share/colcon-core/packages/micro_ros_setup)
[3.032s] Level 1:colcon.colcon_core.environment:create_environment_scripts_only(test_package)
[3.040s] DEBUG:colcon.colcon_core.event_handler.log_command:Invoked command in '/home/osawakousei/ros2_ws/build/test_package' returned '0': CMAKE_PREFIX_PATH=${CMAKE_PREFIX_PATH}:/opt/ros/humble /usr/bin/cmake --install /home/osawakousei/ros2_ws/build/test_package
[3.041s] Level 1:colcon.colcon_core.environment:checking '/home/osawakousei/ros2_ws/install/test_package' for CMake module files
[3.043s] Level 1:colcon.colcon_core.environment:checking '/home/osawakousei/ros2_ws/install/test_package' for CMake config files
[3.044s] Level 1:colcon.colcon_core.shell:create_environment_hook('test_package', 'cmake_prefix_path')
[3.048s] INFO:colcon.colcon_core.shell:Creating environment hook '/home/osawakousei/ros2_ws/install/test_package/share/test_package/hook/cmake_prefix_path.ps1'
[3.080s] INFO:colcon.colcon_core.shell:Creating environment descriptor '/home/osawakousei/ros2_ws/install/test_package/share/test_package/hook/cmake_prefix_path.dsv'
[3.088s] INFO:colcon.colcon_core.shell:Creating environment hook '/home/osawakousei/ros2_ws/install/test_package/share/test_package/hook/cmake_prefix_path.sh'
[3.091s] Level 1:colcon.colcon_core.environment:checking '/home/osawakousei/ros2_ws/install/test_package/bin'
[3.091s] Level 1:colcon.colcon_core.environment:checking '/home/osawakousei/ros2_ws/install/test_package/lib/pkgconfig/test_package.pc'
[3.092s] Level 1:colcon.colcon_core.environment:checking '/home/osawakousei/ros2_ws/install/test_package/lib/python3.10/site-packages'
[3.093s] Level 1:colcon.colcon_core.environment:checking '/home/osawakousei/ros2_ws/install/test_package/bin'
[3.097s] INFO:colcon.colcon_core.shell:Creating package script '/home/osawakousei/ros2_ws/install/test_package/share/test_package/package.ps1'
[3.123s] INFO:colcon.colcon_core.shell:Creating package descriptor '/home/osawakousei/ros2_ws/install/test_package/share/test_package/package.dsv'
[3.125s] INFO:colcon.colcon_core.shell:Creating package script '/home/osawakousei/ros2_ws/install/test_package/share/test_package/package.sh'
[3.127s] INFO:colcon.colcon_core.shell:Creating package script '/home/osawakousei/ros2_ws/install/test_package/share/test_package/package.bash'
[3.140s] INFO:colcon.colcon_core.shell:Creating package script '/home/osawakousei/ros2_ws/install/test_package/share/test_package/package.zsh'
[3.143s] Level 1:colcon.colcon_core.environment:create_file_with_runtime_dependencies(/home/osawakousei/ros2_ws/install/test_package/share/colcon-core/packages/test_package)
[3.378s] Level 1:colcon.colcon_core.environment:create_environment_scripts_only(micro_ros_setup)
[3.384s] Level 1:colcon.colcon_core.environment:checking '/home/osawakousei/ros2_ws/install/micro_ros_setup' for CMake module files
[3.386s] Level 1:colcon.colcon_core.environment:checking '/home/osawakousei/ros2_ws/install/micro_ros_setup' for CMake config files
[3.406s] Level 1:colcon.colcon_core.shell:create_environment_hook('micro_ros_setup', 'cmake_prefix_path')
[3.409s] INFO:colcon.colcon_core.shell:Creating environment hook '/home/osawakousei/ros2_ws/install/micro_ros_setup/share/micro_ros_setup/hook/cmake_prefix_path.ps1'
[3.421s] INFO:colcon.colcon_core.shell:Creating environment descriptor '/home/osawakousei/ros2_ws/install/micro_ros_setup/share/micro_ros_setup/hook/cmake_prefix_path.dsv'
[3.422s] INFO:colcon.colcon_core.shell:Creating environment hook '/home/osawakousei/ros2_ws/install/micro_ros_setup/share/micro_ros_setup/hook/cmake_prefix_path.sh'
[3.424s] Level 1:colcon.colcon_core.environment:checking '/home/osawakousei/ros2_ws/install/micro_ros_setup/lib'
[3.425s] Level 1:colcon.colcon_core.environment:checking '/home/osawakousei/ros2_ws/install/micro_ros_setup/bin'
[3.425s] Level 1:colcon.colcon_core.environment:checking '/home/osawakousei/ros2_ws/install/micro_ros_setup/lib/pkgconfig/micro_ros_setup.pc'
[3.426s] Level 1:colcon.colcon_core.environment:checking '/home/osawakousei/ros2_ws/install/micro_ros_setup/lib/python3.10/site-packages'
[3.427s] Level 1:colcon.colcon_core.environment:checking '/home/osawakousei/ros2_ws/install/micro_ros_setup/bin'
[3.430s] INFO:colcon.colcon_core.shell:Creating package script '/home/osawakousei/ros2_ws/install/micro_ros_setup/share/micro_ros_setup/package.ps1'
[3.432s] INFO:colcon.colcon_core.shell:Creating package descriptor '/home/osawakousei/ros2_ws/install/micro_ros_setup/share/micro_ros_setup/package.dsv'
[3.443s] INFO:colcon.colcon_core.shell:Creating package script '/home/osawakousei/ros2_ws/install/micro_ros_setup/share/micro_ros_setup/package.sh'
[3.445s] INFO:colcon.colcon_core.shell:Creating package script '/home/osawakousei/ros2_ws/install/micro_ros_setup/share/micro_ros_setup/package.bash'
[3.448s] INFO:colcon.colcon_core.shell:Creating package script '/home/osawakousei/ros2_ws/install/micro_ros_setup/share/micro_ros_setup/package.zsh'
[3.462s] Level 1:colcon.colcon_core.environment:create_file_with_runtime_dependencies(/home/osawakousei/ros2_ws/install/micro_ros_setup/share/colcon-core/packages/micro_ros_setup)
[3.544s] Level 1:colcon.colcon_core.environment:create_environment_scripts_only(test_package)
[3.549s] Level 1:colcon.colcon_core.environment:checking '/home/osawakousei/ros2_ws/install/test_package' for CMake module files
[3.551s] Level 1:colcon.colcon_core.environment:checking '/home/osawakousei/ros2_ws/install/test_package' for CMake config files
[3.553s] Level 1:colcon.colcon_core.shell:create_environment_hook('test_package', 'cmake_prefix_path')
[3.557s] INFO:colcon.colcon_core.shell:Creating environment hook '/home/osawakousei/ros2_ws/install/test_package/share/test_package/hook/cmake_prefix_path.ps1'
[3.576s] INFO:colcon.colcon_core.shell:Creating environment descriptor '/home/osawakousei/ros2_ws/install/test_package/share/test_package/hook/cmake_prefix_path.dsv'
[3.577s] INFO:colcon.colcon_core.shell:Creating environment hook '/home/osawakousei/ros2_ws/install/test_package/share/test_package/hook/cmake_prefix_path.sh'
[3.579s] Level 1:colcon.colcon_core.environment:checking '/home/osawakousei/ros2_ws/install/test_package/bin'
[3.580s] Level 1:colcon.colcon_core.environment:checking '/home/osawakousei/ros2_ws/install/test_package/lib/pkgconfig/test_package.pc'
[3.580s] Level 1:colcon.colcon_core.environment:checking '/home/osawakousei/ros2_ws/install/test_package/lib/python3.10/site-packages'
[3.581s] Level 1:colcon.colcon_core.environment:checking '/home/osawakousei/ros2_ws/install/test_package/bin'
[3.585s] INFO:colcon.colcon_core.shell:Creating package script '/home/osawakousei/ros2_ws/install/test_package/share/test_package/package.ps1'
[3.587s] INFO:colcon.colcon_core.shell:Creating package descriptor '/home/osawakousei/ros2_ws/install/test_package/share/test_package/package.dsv'
[3.589s] INFO:colcon.colcon_core.shell:Creating package script '/home/osawakousei/ros2_ws/install/test_package/share/test_package/package.sh'
[3.603s] INFO:colcon.colcon_core.shell:Creating package script '/home/osawakousei/ros2_ws/install/test_package/share/test_package/package.bash'
[3.606s] INFO:colcon.colcon_core.shell:Creating package script '/home/osawakousei/ros2_ws/install/test_package/share/test_package/package.zsh'
[3.608s] Level 1:colcon.colcon_core.environment:create_file_with_runtime_dependencies(/home/osawakousei/ros2_ws/install/test_package/share/colcon-core/packages/test_package)
[4.499s] DEBUG:colcon.colcon_core.event_handler.log_command:Invoked command in '/home/osawakousei/ros2_ws/build/cpp_server_client' returned '0': CMAKE_PREFIX_PATH=${CMAKE_PREFIX_PATH}:/opt/ros/humble /usr/bin/cmake --build /home/osawakousei/ros2_ws/build/cpp_server_client -- -j8 -l8
[4.524s] DEBUG:colcon.colcon_core.event_handler.log_command:Invoked command in '/home/osawakousei/ros2_ws/build/custom_test_msgs' returned '0': CMAKE_PREFIX_PATH=${CMAKE_PREFIX_PATH}:/opt/ros/humble /usr/bin/cmake --build /home/osawakousei/ros2_ws/build/custom_test_msgs -- -j8 -l8
[4.544s] DEBUG:colcon.colcon_core.event_handler.log_command:Invoked command in '/home/osawakousei/ros2_ws/build/android_controll_test' returned '2': CMAKE_PREFIX_PATH=${CMAKE_PREFIX_PATH}:/opt/ros/humble /usr/bin/cmake --build /home/osawakousei/ros2_ws/build/android_controll_test -- -j8 -l8
[4.557s] DEBUG:colcon.colcon_core.event_handler.log_command:Invoked command in '/home/osawakousei/ros2_ws/build/micro_ros_msgs' returned '0': CMAKE_PREFIX_PATH=${CMAKE_PREFIX_PATH}:/opt/ros/humble /usr/bin/cmake --build /home/osawakousei/ros2_ws/build/micro_ros_msgs -- -j8 -l8
[4.647s] DEBUG:colcon.colcon_core.event_handler.log_command:Invoked command in '/home/osawakousei/ros2_ws/build/cpp_topic_pubsub' returned '0': CMAKE_PREFIX_PATH=${CMAKE_PREFIX_PATH}:/opt/ros/humble /usr/bin/cmake --build /home/osawakousei/ros2_ws/build/cpp_topic_pubsub -- -j8 -l8
[5.121s] DEBUG:colcon.colcon_core.event_handler.log_command:Invoking command in '/home/osawakousei/ros2_ws/build/custom_test_msgs': CMAKE_PREFIX_PATH=${CMAKE_PREFIX_PATH}:/opt/ros/humble /usr/bin/cmake --install /home/osawakousei/ros2_ws/build/custom_test_msgs
[5.152s] DEBUG:colcon.colcon_core.event_handler.log_command:Invoking command in '/home/osawakousei/ros2_ws/build/cpp_server_client': CMAKE_PREFIX_PATH=${CMAKE_PREFIX_PATH}:/opt/ros/humble /usr/bin/cmake --install /home/osawakousei/ros2_ws/build/cpp_server_client
[5.163s] Level 1:colcon.colcon_core.environment:create_environment_scripts_only(android_controll_test)
[5.168s] Level 1:colcon.colcon_core.environment:checking '/home/osawakousei/ros2_ws/install/android_controll_test' for CMake module files
[5.171s] Level 1:colcon.colcon_core.environment:checking '/home/osawakousei/ros2_ws/install/android_controll_test' for CMake config files
[5.188s] Level 1:colcon.colcon_core.shell:create_environment_hook('android_controll_test', 'cmake_prefix_path')
[5.192s] INFO:colcon.colcon_core.shell:Creating environment hook '/home/osawakousei/ros2_ws/install/android_controll_test/share/android_controll_test/hook/cmake_prefix_path.ps1'
[5.194s] INFO:colcon.colcon_core.shell:Creating environment descriptor '/home/osawakousei/ros2_ws/install/android_controll_test/share/android_controll_test/hook/cmake_prefix_path.dsv'
[5.202s] INFO:colcon.colcon_core.shell:Creating environment hook '/home/osawakousei/ros2_ws/install/android_controll_test/share/android_controll_test/hook/cmake_prefix_path.sh'
[5.209s] Level 1:colcon.colcon_core.environment:checking '/home/osawakousei/ros2_ws/install/android_controll_test/lib'
[5.212s] Level 1:colcon.colcon_core.shell:create_environment_hook('android_controll_test', 'ld_library_path_lib')
[5.217s] INFO:colcon.colcon_core.shell:Creating environment hook '/home/osawakousei/ros2_ws/install/android_controll_test/share/android_controll_test/hook/ld_library_path_lib.ps1'
[5.225s] INFO:colcon.colcon_core.shell:Creating environment descriptor '/home/osawakousei/ros2_ws/install/android_controll_test/share/android_controll_test/hook/ld_library_path_lib.dsv'
[5.230s] INFO:colcon.colcon_core.shell:Creating environment hook '/home/osawakousei/ros2_ws/install/android_controll_test/share/android_controll_test/hook/ld_library_path_lib.sh'
[5.234s] Level 1:colcon.colcon_core.environment:checking '/home/osawakousei/ros2_ws/install/android_controll_test/bin'
[5.234s] Level 1:colcon.colcon_core.environment:checking '/home/osawakousei/ros2_ws/install/android_controll_test/lib/pkgconfig/android_controll_test.pc'
[5.235s] Level 1:colcon.colcon_core.environment:checking '/home/osawakousei/ros2_ws/install/android_controll_test/lib/python3.10/site-packages'
[5.236s] Level 1:colcon.colcon_core.environment:checking '/home/osawakousei/ros2_ws/install/android_controll_test/bin'
[5.240s] INFO:colcon.colcon_core.shell:Creating package script '/home/osawakousei/ros2_ws/install/android_controll_test/share/android_controll_test/package.ps1'
[5.256s] INFO:colcon.colcon_core.shell:Creating package descriptor '/home/osawakousei/ros2_ws/install/android_controll_test/share/android_controll_test/package.dsv'
[5.260s] INFO:colcon.colcon_core.shell:Creating package script '/home/osawakousei/ros2_ws/install/android_controll_test/share/android_controll_test/package.sh'
[5.262s] INFO:colcon.colcon_core.shell:Creating package script '/home/osawakousei/ros2_ws/install/android_controll_test/share/android_controll_test/package.bash'
[5.263s] INFO:colcon.colcon_core.shell:Creating package script '/home/osawakousei/ros2_ws/install/android_controll_test/share/android_controll_test/package.zsh'
[5.265s] Level 1:colcon.colcon_core.environment:create_file_with_runtime_dependencies(/home/osawakousei/ros2_ws/install/android_controll_test/share/colcon-core/packages/android_controll_test)
[5.607s] DEBUG:colcon.colcon_parallel_executor.executor.parallel:closing loop
[5.608s] DEBUG:colcon.colcon_parallel_executor.executor.parallel:loop closed
[5.608s] DEBUG:colcon.colcon_parallel_executor.executor.parallel:run_until_complete finished with '2'
[5.608s] DEBUG:colcon.colcon_core.event_reactor:joining thread
[5.634s] INFO:colcon.colcon_core.plugin_system:Skipping extension 'colcon_notification.desktop_notification.terminal_notifier': Not used on non-Darwin systems
[5.635s] INFO:colcon.colcon_core.plugin_system:Skipping extension 'colcon_notification.desktop_notification.win32': Not used on non-Windows systems
[5.635s] INFO:colcon.colcon_notification.desktop_notification:Sending desktop notification using 'notify2'
[5.688s] DEBUG:colcon.colcon_core.event_reactor:joined thread
[5.691s] INFO:colcon.colcon_core.shell:Creating prefix script '/home/osawakousei/ros2_ws/install/local_setup.ps1'
[5.694s] INFO:colcon.colcon_core.shell:Creating prefix util module '/home/osawakousei/ros2_ws/install/_local_setup_util_ps1.py'
[5.698s] INFO:colcon.colcon_core.shell:Creating prefix chain script '/home/osawakousei/ros2_ws/install/setup.ps1'
[5.709s] INFO:colcon.colcon_core.shell:Creating prefix script '/home/osawakousei/ros2_ws/install/local_setup.sh'
[5.711s] INFO:colcon.colcon_core.shell:Creating prefix util module '/home/osawakousei/ros2_ws/install/_local_setup_util_sh.py'
[5.713s] INFO:colcon.colcon_core.shell:Creating prefix chain script '/home/osawakousei/ros2_ws/install/setup.sh'
[5.722s] INFO:colcon.colcon_core.shell:Creating prefix script '/home/osawakousei/ros2_ws/install/local_setup.bash'
[5.724s] INFO:colcon.colcon_core.shell:Creating prefix chain script '/home/osawakousei/ros2_ws/install/setup.bash'
[5.733s] INFO:colcon.colcon_core.shell:Creating prefix script '/home/osawakousei/ros2_ws/install/local_setup.zsh'
[5.735s] INFO:colcon.colcon_core.shell:Creating prefix chain script '/home/osawakousei/ros2_ws/install/setup.zsh'
