[0.243s] Invoking command in '/root/ros2_ws/build/custom_message_unity': CMAKE_PREFIX_PATH=/opt/ros/humble /usr/bin/cmake /root/ros2_ws/src/custom_message_unity -DCMAKE_INSTALL_PREFIX=/root/ros2_ws/install/custom_message_unity
[0.294s] -- The C compiler identification is GNU 11.4.0
[0.346s] -- The CXX compiler identification is GNU 11.4.0
[0.354s] -- Detecting C compiler ABI info
[0.417s] -- Detecting C compiler ABI info - done
[0.425s] -- Check for working C compiler: /usr/bin/cc - skipped
[0.426s] -- Detecting C compile features
[0.426s] -- Detecting C compile features - done
[0.429s] -- Detecting CXX compiler ABI info
[0.503s] -- Detecting CXX compiler ABI info - done
[0.511s] -- Check for working CXX compiler: /usr/bin/c++ - skipped
[0.511s] -- Detecting CXX compile features
[0.512s] -- Detecting CXX compile features - done
[0.514s] -- Found ament_cmake: 1.3.5 (/opt/ros/humble/share/ament_cmake/cmake)
[0.682s] -- Found Python3: /usr/bin/python3.10 (found version "3.10.12") found components: Interpreter 
[0.775s] -- Found ament_cmake_auto: 1.3.5 (/opt/ros/humble/share/ament_cmake_auto/cmake)
[0.776s] -- Found rosidl_default_generators: 1.2.0 (/opt/ros/humble/share/rosidl_default_generators/cmake)
[0.779s] -- Using all available rosidl_typesupport_c: rosidl_typesupport_fastrtps_c;rosidl_typesupport_introspection_c
[0.784s] -- Found rosidl_adapter: 3.1.5 (/opt/ros/humble/share/rosidl_adapter/cmake)
[0.819s] -- Using all available rosidl_typesupport_cpp: rosidl_typesupport_fastrtps_cpp;rosidl_typesupport_introspection_cpp
[0.849s] -- Found ament_lint_auto: 0.12.8 (/opt/ros/humble/share/ament_lint_auto/cmake)
[1.113s] -- Found ament_cmake_ros: 0.10.0 (/opt/ros/humble/share/ament_cmake_ros/cmake)
[1.290s] -- Using all available rosidl_typesupport_c: rosidl_typesupport_fastrtps_c;rosidl_typesupport_introspection_c
[1.526s] -- Using all available rosidl_typesupport_cpp: rosidl_typesupport_fastrtps_cpp;rosidl_typesupport_introspection_cpp
[1.550s] -- Found PythonInterp: /usr/bin/python3 (found suitable version "3.10.12", minimum required is "3.6") 
[1.551s] -- Found python_cmake_module: 0.10.0 (/opt/ros/humble/share/python_cmake_module/cmake)
[1.575s] -- Found PythonLibs: /usr/lib/x86_64-linux-gnu/libpython3.10.so (found suitable version "3.10.12", minimum required is "3.5") 
[1.576s] -- Using PYTHON_EXECUTABLE: /usr/bin/python3
[1.576s] -- Using PYTHON_INCLUDE_DIRS: /usr/include/python3.10
[1.576s] -- Using PYTHON_LIBRARIES: /usr/lib/x86_64-linux-gnu/libpython3.10.so
[1.595s] -- Found PythonExtra: .so  
[1.669s] -- Added test 'cppcheck' to perform static code analysis on C / C++ code
[1.669s] -- Configured cppcheck include dirs: 
[1.669s] -- Configured cppcheck exclude dirs and/or files: 
[1.675s] -- Added test 'flake8' to check Python code syntax and style conventions
[1.687s] -- Added test 'lint_cmake' to check CMake code style
[1.693s] -- Added test 'pep257' to check Python code against some of the docstring style conventions in PEP 257
[1.736s] -- Added test 'uncrustify' to check C / C++ code style
[1.736s] -- Configured uncrustify additional arguments: 
[1.742s] -- Added test 'xmllint' to check XML markup files
[1.747s] -- Configuring done
[1.775s] -- Generating done
[1.777s] -- Build files have been written to: /root/ros2_ws/build/custom_message_unity
[1.783s] Invoked command in '/root/ros2_ws/build/custom_message_unity' returned '0': CMAKE_PREFIX_PATH=/opt/ros/humble /usr/bin/cmake /root/ros2_ws/src/custom_message_unity -DCMAKE_INSTALL_PREFIX=/root/ros2_ws/install/custom_message_unity
[1.787s] Invoking command in '/root/ros2_ws/build/custom_message_unity': CMAKE_PREFIX_PATH=/opt/ros/humble /usr/bin/cmake --build /root/ros2_ws/build/custom_message_unity -- -j16 -l16
[1.816s] [  3%] [34m[1mGenerating C code for ROS interfaces[0m
[1.828s] [  6%] [34m[1mGenerating C++ code for ROS interfaces[0m
[1.838s] [  6%] Built target ament_cmake_python_copy_custom_message_unity
[2.101s] running egg_info
[2.102s] creating custom_message_unity.egg-info
[2.102s] writing custom_message_unity.egg-info/PKG-INFO
[2.103s] writing dependency_links to custom_message_unity.egg-info/dependency_links.txt
[2.103s] writing top-level names to custom_message_unity.egg-info/top_level.txt
[2.103s] writing manifest file 'custom_message_unity.egg-info/SOURCES.txt'
[2.105s] reading manifest file 'custom_message_unity.egg-info/SOURCES.txt'
[2.105s] writing manifest file 'custom_message_unity.egg-info/SOURCES.txt'
[2.136s] [  6%] Built target ament_cmake_python_build_custom_message_unity_egg
[2.145s] [  6%] Built target custom_message_unity__cpp
[2.154s] [ 12%] [34m[1mGenerating C++ introspection for ROS interfaces[0m
[2.154s] [ 12%] [34m[1mGenerating C++ type support dispatch for ROS interfaces[0m
[2.155s] [ 16%] [34m[1mGenerating C++ type support for eProsima Fast-RTPS[0m
[2.161s] [ 19%] [32mBuilding C object CMakeFiles/custom_message_unity__rosidl_generator_c.dir/rosidl_generator_c/custom_message_unity/msg/detail/custom_unity__functions.c.o[0m
[2.208s] [ 22%] [32m[1mLinking C shared library libcustom_message_unity__rosidl_generator_c.so[0m
[2.254s] [ 22%] Built target custom_message_unity__rosidl_generator_c
[2.266s] [ 32%] [34m[1mGenerating C type support dispatch for ROS interfaces[0m
[2.267s] [ 32%] [34m[1mGenerating C introspection for ROS interfaces[0m
[2.267s] [ 32%] [34m[1mGenerating C type support for eProsima Fast-RTPS[0m
[2.480s] [ 35%] [32mBuilding CXX object CMakeFiles/custom_message_unity__rosidl_typesupport_cpp.dir/rosidl_typesupport_cpp/custom_message_unity/msg/custom_unity__type_support.cpp.o[0m
[2.506s] [ 38%] [32mBuilding CXX object CMakeFiles/custom_message_unity__rosidl_typesupport_fastrtps_cpp.dir/rosidl_typesupport_fastrtps_cpp/custom_message_unity/msg/detail/dds_fastrtps/custom_unity__type_support.cpp.o[0m
[2.523s] [ 41%] [32mBuilding CXX object CMakeFiles/custom_message_unity__rosidl_typesupport_introspection_cpp.dir/rosidl_typesupport_introspection_cpp/custom_message_unity/msg/detail/custom_unity__type_support.cpp.o[0m
[2.654s] [ 45%] [32mBuilding CXX object CMakeFiles/custom_message_unity__rosidl_typesupport_c.dir/rosidl_typesupport_c/custom_message_unity/msg/custom_unity__type_support.cpp.o[0m
[2.663s] [ 48%] [32mBuilding C object CMakeFiles/custom_message_unity__rosidl_typesupport_introspection_c.dir/rosidl_typesupport_introspection_c/custom_message_unity/msg/detail/custom_unity__type_support.c.o[0m
[2.710s] [ 51%] [32m[1mLinking CXX shared library libcustom_message_unity__rosidl_typesupport_c.so[0m
[2.714s] [ 54%] [32mBuilding CXX object CMakeFiles/custom_message_unity__rosidl_typesupport_fastrtps_c.dir/rosidl_typesupport_fastrtps_c/custom_message_unity/msg/detail/custom_unity__type_support_c.cpp.o[0m
[2.715s] [ 58%] [32m[1mLinking C shared library libcustom_message_unity__rosidl_typesupport_introspection_c.so[0m
[2.784s] [ 58%] Built target custom_message_unity__rosidl_typesupport_introspection_c
[2.814s] [ 58%] Built target custom_message_unity__rosidl_typesupport_c
[3.017s] [ 61%] [32m[1mLinking CXX shared library libcustom_message_unity__rosidl_typesupport_cpp.so[0m
[3.078s] [ 61%] Built target custom_message_unity__rosidl_typesupport_cpp
[3.166s] [ 64%] [32m[1mLinking CXX shared library libcustom_message_unity__rosidl_typesupport_introspection_cpp.so[0m
[3.179s] [ 67%] [32m[1mLinking CXX shared library libcustom_message_unity__rosidl_typesupport_fastrtps_cpp.so[0m
[3.224s] [ 67%] Built target custom_message_unity__rosidl_typesupport_introspection_cpp
[3.294s] [ 70%] [32m[1mLinking CXX shared library libcustom_message_unity__rosidl_typesupport_fastrtps_c.so[0m
[3.310s] [ 70%] Built target custom_message_unity__rosidl_typesupport_fastrtps_cpp
[3.411s] [ 70%] Built target custom_message_unity__rosidl_typesupport_fastrtps_c
[3.439s] [ 70%] Built target custom_message_unity
[3.536s] [ 74%] [34m[1mGenerating Python code for ROS interfaces[0m
[4.039s] [ 74%] Built target custom_message_unity__py
[4.064s] [ 77%] [32mBuilding C object CMakeFiles/custom_message_unity__rosidl_generator_py.dir/rosidl_generator_py/custom_message_unity/msg/_custom_unity_s.c.o[0m
[4.218s] [ 80%] [32m[1mLinking C shared library rosidl_generator_py/custom_message_unity/libcustom_message_unity__rosidl_generator_py.so[0m
[4.273s] [ 80%] Built target custom_message_unity__rosidl_generator_py
[4.298s] [ 83%] [32mBuilding C object CMakeFiles/custom_message_unity__rosidl_typesupport_introspection_c__pyext.dir/rosidl_generator_py/custom_message_unity/_custom_message_unity_s.ep.rosidl_typesupport_introspection_c.c.o[0m
[4.300s] [ 87%] [32mBuilding C object CMakeFiles/custom_message_unity__rosidl_typesupport_fastrtps_c__pyext.dir/rosidl_generator_py/custom_message_unity/_custom_message_unity_s.ep.rosidl_typesupport_fastrtps_c.c.o[0m
[4.305s] [ 90%] [32mBuilding C object CMakeFiles/custom_message_unity__rosidl_typesupport_c__pyext.dir/rosidl_generator_py/custom_message_unity/_custom_message_unity_s.ep.rosidl_typesupport_c.c.o[0m
[4.453s] [ 93%] [32m[1mLinking C shared library rosidl_generator_py/custom_message_unity/custom_message_unity_s__rosidl_typesupport_introspection_c.cpython-310-x86_64-linux-gnu.so[0m
[4.460s] [ 96%] [32m[1mLinking C shared library rosidl_generator_py/custom_message_unity/custom_message_unity_s__rosidl_typesupport_fastrtps_c.cpython-310-x86_64-linux-gnu.so[0m
[4.464s] [100%] [32m[1mLinking C shared library rosidl_generator_py/custom_message_unity/custom_message_unity_s__rosidl_typesupport_c.cpython-310-x86_64-linux-gnu.so[0m
[4.493s] [100%] Built target custom_message_unity__rosidl_typesupport_introspection_c__pyext
[4.506s] [100%] Built target custom_message_unity__rosidl_typesupport_c__pyext
[4.509s] [100%] Built target custom_message_unity__rosidl_typesupport_fastrtps_c__pyext
[4.526s] Invoked command in '/root/ros2_ws/build/custom_message_unity' returned '0': CMAKE_PREFIX_PATH=/opt/ros/humble /usr/bin/cmake --build /root/ros2_ws/build/custom_message_unity -- -j16 -l16
[4.638s] Invoking command in '/root/ros2_ws/build/custom_message_unity': CMAKE_PREFIX_PATH=/opt/ros/humble /usr/bin/cmake --install /root/ros2_ws/build/custom_message_unity
[4.645s] -- Install configuration: ""
[4.646s] -- Installing: /root/ros2_ws/install/custom_message_unity/share/ament_index/resource_index/rosidl_interfaces/custom_message_unity
[4.647s] -- Installing: /root/ros2_ws/install/custom_message_unity/include/custom_message_unity/custom_message_unity
[4.648s] -- Installing: /root/ros2_ws/install/custom_message_unity/include/custom_message_unity/custom_message_unity/msg
[4.649s] -- Installing: /root/ros2_ws/install/custom_message_unity/include/custom_message_unity/custom_message_unity/msg/rosidl_generator_c__visibility_control.h
[4.649s] -- Installing: /root/ros2_ws/install/custom_message_unity/include/custom_message_unity/custom_message_unity/msg/custom_unity.h
[4.650s] -- Installing: /root/ros2_ws/install/custom_message_unity/include/custom_message_unity/custom_message_unity/msg/detail
[4.650s] -- Installing: /root/ros2_ws/install/custom_message_unity/include/custom_message_unity/custom_message_unity/msg/detail/custom_unity__type_support.h
[4.651s] -- Installing: /root/ros2_ws/install/custom_message_unity/include/custom_message_unity/custom_message_unity/msg/detail/custom_unity__functions.h
[4.651s] -- Installing: /root/ros2_ws/install/custom_message_unity/include/custom_message_unity/custom_message_unity/msg/detail/custom_unity__struct.h
[4.652s] -- Installing: /root/ros2_ws/install/custom_message_unity/include/custom_message_unity/custom_message_unity/msg/detail/custom_unity__functions.c
[4.652s] -- Installing: /root/ros2_ws/install/custom_message_unity/share/custom_message_unity/environment/library_path.sh
[4.653s] -- Installing: /root/ros2_ws/install/custom_message_unity/share/custom_message_unity/environment/library_path.dsv
[4.653s] -- Installing: /root/ros2_ws/install/custom_message_unity/lib/libcustom_message_unity__rosidl_generator_c.so
[4.654s] -- Set runtime path of "/root/ros2_ws/install/custom_message_unity/lib/libcustom_message_unity__rosidl_generator_c.so" to ""
[4.654s] -- Up-to-date: /root/ros2_ws/install/custom_message_unity/include/custom_message_unity/custom_message_unity
[4.655s] -- Up-to-date: /root/ros2_ws/install/custom_message_unity/include/custom_message_unity/custom_message_unity/msg
[4.656s] -- Up-to-date: /root/ros2_ws/install/custom_message_unity/include/custom_message_unity/custom_message_unity/msg/detail
[4.656s] -- Installing: /root/ros2_ws/install/custom_message_unity/include/custom_message_unity/custom_message_unity/msg/detail/custom_unity__rosidl_typesupport_fastrtps_c.h
[4.657s] -- Installing: /root/ros2_ws/install/custom_message_unity/include/custom_message_unity/custom_message_unity/msg/rosidl_typesupport_fastrtps_c__visibility_control.h
[4.657s] -- Installing: /root/ros2_ws/install/custom_message_unity/lib/libcustom_message_unity__rosidl_typesupport_fastrtps_c.so
[4.658s] -- Set runtime path of "/root/ros2_ws/install/custom_message_unity/lib/libcustom_message_unity__rosidl_typesupport_fastrtps_c.so" to ""
[4.658s] -- Up-to-date: /root/ros2_ws/install/custom_message_unity/include/custom_message_unity/custom_message_unity
[4.659s] -- Up-to-date: /root/ros2_ws/install/custom_message_unity/include/custom_message_unity/custom_message_unity/msg
[4.659s] -- Installing: /root/ros2_ws/install/custom_message_unity/include/custom_message_unity/custom_message_unity/msg/rosidl_typesupport_introspection_c__visibility_control.h
[4.660s] -- Up-to-date: /root/ros2_ws/install/custom_message_unity/include/custom_message_unity/custom_message_unity/msg/detail
[4.661s] -- Installing: /root/ros2_ws/install/custom_message_unity/include/custom_message_unity/custom_message_unity/msg/detail/custom_unity__rosidl_typesupport_introspection_c.h
[4.661s] -- Installing: /root/ros2_ws/install/custom_message_unity/include/custom_message_unity/custom_message_unity/msg/detail/custom_unity__type_support.c
[4.662s] -- Installing: /root/ros2_ws/install/custom_message_unity/lib/libcustom_message_unity__rosidl_typesupport_introspection_c.so
[4.662s] -- Set runtime path of "/root/ros2_ws/install/custom_message_unity/lib/libcustom_message_unity__rosidl_typesupport_introspection_c.so" to ""
[4.662s] -- Installing: /root/ros2_ws/install/custom_message_unity/lib/libcustom_message_unity__rosidl_typesupport_c.so
[4.663s] -- Set runtime path of "/root/ros2_ws/install/custom_message_unity/lib/libcustom_message_unity__rosidl_typesupport_c.so" to ""
[4.664s] -- Up-to-date: /root/ros2_ws/install/custom_message_unity/include/custom_message_unity/custom_message_unity
[4.664s] -- Up-to-date: /root/ros2_ws/install/custom_message_unity/include/custom_message_unity/custom_message_unity/msg
[4.664s] -- Installing: /root/ros2_ws/install/custom_message_unity/include/custom_message_unity/custom_message_unity/msg/custom_unity.hpp
[4.664s] -- Up-to-date: /root/ros2_ws/install/custom_message_unity/include/custom_message_unity/custom_message_unity/msg/detail
[4.664s] -- Installing: /root/ros2_ws/install/custom_message_unity/include/custom_message_unity/custom_message_unity/msg/detail/custom_unity__struct.hpp
[4.664s] -- Installing: /root/ros2_ws/install/custom_message_unity/include/custom_message_unity/custom_message_unity/msg/detail/custom_unity__traits.hpp
[4.665s] -- Installing: /root/ros2_ws/install/custom_message_unity/include/custom_message_unity/custom_message_unity/msg/detail/custom_unity__builder.hpp
[4.665s] -- Up-to-date: /root/ros2_ws/install/custom_message_unity/include/custom_message_unity/custom_message_unity
[4.665s] -- Up-to-date: /root/ros2_ws/install/custom_message_unity/include/custom_message_unity/custom_message_unity/msg
[4.665s] -- Up-to-date: /root/ros2_ws/install/custom_message_unity/include/custom_message_unity/custom_message_unity/msg/detail
[4.665s] -- Installing: /root/ros2_ws/install/custom_message_unity/include/custom_message_unity/custom_message_unity/msg/detail/custom_unity__rosidl_typesupport_fastrtps_cpp.hpp
[4.666s] -- Installing: /root/ros2_ws/install/custom_message_unity/include/custom_message_unity/custom_message_unity/msg/detail/dds_fastrtps
[4.666s] -- Installing: /root/ros2_ws/install/custom_message_unity/include/custom_message_unity/custom_message_unity/msg/rosidl_typesupport_fastrtps_cpp__visibility_control.h
[4.666s] -- Installing: /root/ros2_ws/install/custom_message_unity/lib/libcustom_message_unity__rosidl_typesupport_fastrtps_cpp.so
[4.666s] -- Set runtime path of "/root/ros2_ws/install/custom_message_unity/lib/libcustom_message_unity__rosidl_typesupport_fastrtps_cpp.so" to ""
[4.666s] -- Up-to-date: /root/ros2_ws/install/custom_message_unity/include/custom_message_unity/custom_message_unity
[4.666s] -- Up-to-date: /root/ros2_ws/install/custom_message_unity/include/custom_message_unity/custom_message_unity/msg
[4.666s] -- Up-to-date: /root/ros2_ws/install/custom_message_unity/include/custom_message_unity/custom_message_unity/msg/detail
[4.667s] -- Installing: /root/ros2_ws/install/custom_message_unity/include/custom_message_unity/custom_message_unity/msg/detail/custom_unity__rosidl_typesupport_introspection_cpp.hpp
[4.667s] -- Installing: /root/ros2_ws/install/custom_message_unity/include/custom_message_unity/custom_message_unity/msg/detail/custom_unity__type_support.cpp
[4.667s] -- Installing: /root/ros2_ws/install/custom_message_unity/lib/libcustom_message_unity__rosidl_typesupport_introspection_cpp.so
[4.667s] -- Set runtime path of "/root/ros2_ws/install/custom_message_unity/lib/libcustom_message_unity__rosidl_typesupport_introspection_cpp.so" to ""
[4.667s] -- Installing: /root/ros2_ws/install/custom_message_unity/lib/libcustom_message_unity__rosidl_typesupport_cpp.so
[4.668s] -- Set runtime path of "/root/ros2_ws/install/custom_message_unity/lib/libcustom_message_unity__rosidl_typesupport_cpp.so" to ""
[4.668s] -- Installing: /root/ros2_ws/install/custom_message_unity/share/custom_message_unity/environment/pythonpath.sh
[4.668s] -- Installing: /root/ros2_ws/install/custom_message_unity/share/custom_message_unity/environment/pythonpath.dsv
[4.668s] -- Installing: /root/ros2_ws/install/custom_message_unity/local/lib/python3.10/dist-packages/custom_message_unity-0.0.0-py3.10.egg-info
[4.669s] -- Installing: /root/ros2_ws/install/custom_message_unity/local/lib/python3.10/dist-packages/custom_message_unity-0.0.0-py3.10.egg-info/SOURCES.txt
[4.669s] -- Installing: /root/ros2_ws/install/custom_message_unity/local/lib/python3.10/dist-packages/custom_message_unity-0.0.0-py3.10.egg-info/dependency_links.txt
[4.669s] -- Installing: /root/ros2_ws/install/custom_message_unity/local/lib/python3.10/dist-packages/custom_message_unity-0.0.0-py3.10.egg-info/top_level.txt
[4.669s] -- Installing: /root/ros2_ws/install/custom_message_unity/local/lib/python3.10/dist-packages/custom_message_unity-0.0.0-py3.10.egg-info/PKG-INFO
[4.669s] -- Installing: /root/ros2_ws/install/custom_message_unity/local/lib/python3.10/dist-packages/custom_message_unity
[4.670s] -- Installing: /root/ros2_ws/install/custom_message_unity/local/lib/python3.10/dist-packages/custom_message_unity/_custom_message_unity_s.ep.rosidl_typesupport_fastrtps_c.c
[4.670s] -- Installing: /root/ros2_ws/install/custom_message_unity/local/lib/python3.10/dist-packages/custom_message_unity/msg
[4.670s] -- Installing: /root/ros2_ws/install/custom_message_unity/local/lib/python3.10/dist-packages/custom_message_unity/msg/_custom_unity.py
[4.670s] -- Installing: /root/ros2_ws/install/custom_message_unity/local/lib/python3.10/dist-packages/custom_message_unity/msg/_custom_unity_s.c
[4.670s] -- Installing: /root/ros2_ws/install/custom_message_unity/local/lib/python3.10/dist-packages/custom_message_unity/msg/__init__.py
[4.670s] -- Installing: /root/ros2_ws/install/custom_message_unity/local/lib/python3.10/dist-packages/custom_message_unity/_custom_message_unity_s.ep.rosidl_typesupport_c.c
[4.670s] -- Installing: /root/ros2_ws/install/custom_message_unity/local/lib/python3.10/dist-packages/custom_message_unity/custom_message_unity_s__rosidl_typesupport_c.cpython-310-x86_64-linux-gnu.so
[4.671s] -- Installing: /root/ros2_ws/install/custom_message_unity/local/lib/python3.10/dist-packages/custom_message_unity/libcustom_message_unity__rosidl_generator_py.so
[4.671s] -- Installing: /root/ros2_ws/install/custom_message_unity/local/lib/python3.10/dist-packages/custom_message_unity/_custom_message_unity_s.ep.rosidl_typesupport_introspection_c.c
[4.671s] -- Installing: /root/ros2_ws/install/custom_message_unity/local/lib/python3.10/dist-packages/custom_message_unity/custom_message_unity_s__rosidl_typesupport_fastrtps_c.cpython-310-x86_64-linux-gnu.so
[4.671s] -- Installing: /root/ros2_ws/install/custom_message_unity/local/lib/python3.10/dist-packages/custom_message_unity/__init__.py
[4.671s] -- Installing: /root/ros2_ws/install/custom_message_unity/local/lib/python3.10/dist-packages/custom_message_unity/custom_message_unity_s__rosidl_typesupport_introspection_c.cpython-310-x86_64-linux-gnu.so
[4.704s] Listing '/root/ros2_ws/install/custom_message_unity/local/lib/python3.10/dist-packages/custom_message_unity'...
[4.704s] Compiling '/root/ros2_ws/install/custom_message_unity/local/lib/python3.10/dist-packages/custom_message_unity/__init__.py'...
[4.704s] Listing '/root/ros2_ws/install/custom_message_unity/local/lib/python3.10/dist-packages/custom_message_unity/msg'...
[4.705s] Compiling '/root/ros2_ws/install/custom_message_unity/local/lib/python3.10/dist-packages/custom_message_unity/msg/__init__.py'...
[4.705s] Compiling '/root/ros2_ws/install/custom_message_unity/local/lib/python3.10/dist-packages/custom_message_unity/msg/_custom_unity.py'...
[4.712s] -- Installing: /root/ros2_ws/install/custom_message_unity/local/lib/python3.10/dist-packages/custom_message_unity/custom_message_unity_s__rosidl_typesupport_fastrtps_c.cpython-310-x86_64-linux-gnu.so
[4.713s] -- Set runtime path of "/root/ros2_ws/install/custom_message_unity/local/lib/python3.10/dist-packages/custom_message_unity/custom_message_unity_s__rosidl_typesupport_fastrtps_c.cpython-310-x86_64-linux-gnu.so" to ""
[4.713s] -- Installing: /root/ros2_ws/install/custom_message_unity/local/lib/python3.10/dist-packages/custom_message_unity/custom_message_unity_s__rosidl_typesupport_introspection_c.cpython-310-x86_64-linux-gnu.so
[4.714s] -- Set runtime path of "/root/ros2_ws/install/custom_message_unity/local/lib/python3.10/dist-packages/custom_message_unity/custom_message_unity_s__rosidl_typesupport_introspection_c.cpython-310-x86_64-linux-gnu.so" to ""
[4.714s] -- Installing: /root/ros2_ws/install/custom_message_unity/local/lib/python3.10/dist-packages/custom_message_unity/custom_message_unity_s__rosidl_typesupport_c.cpython-310-x86_64-linux-gnu.so
[4.716s] -- Set runtime path of "/root/ros2_ws/install/custom_message_unity/local/lib/python3.10/dist-packages/custom_message_unity/custom_message_unity_s__rosidl_typesupport_c.cpython-310-x86_64-linux-gnu.so" to ""
[4.716s] -- Installing: /root/ros2_ws/install/custom_message_unity/lib/libcustom_message_unity__rosidl_generator_py.so
[4.717s] -- Set runtime path of "/root/ros2_ws/install/custom_message_unity/lib/libcustom_message_unity__rosidl_generator_py.so" to ""
[4.717s] -- Installing: /root/ros2_ws/install/custom_message_unity/share/custom_message_unity/msg/CustomUnity.idl
[4.718s] -- Installing: /root/ros2_ws/install/custom_message_unity/share/custom_message_unity/msg/CustomUnity.msg
[4.719s] -- Installing: /root/ros2_ws/install/custom_message_unity/share/ament_index/resource_index/package_run_dependencies/custom_message_unity
[4.719s] -- Installing: /root/ros2_ws/install/custom_message_unity/share/ament_index/resource_index/parent_prefix_path/custom_message_unity
[4.719s] -- Installing: /root/ros2_ws/install/custom_message_unity/share/custom_message_unity/environment/ament_prefix_path.sh
[4.719s] -- Installing: /root/ros2_ws/install/custom_message_unity/share/custom_message_unity/environment/ament_prefix_path.dsv
[4.719s] -- Installing: /root/ros2_ws/install/custom_message_unity/share/custom_message_unity/environment/path.sh
[4.720s] -- Installing: /root/ros2_ws/install/custom_message_unity/share/custom_message_unity/environment/path.dsv
[4.721s] -- Installing: /root/ros2_ws/install/custom_message_unity/share/custom_message_unity/local_setup.bash
[4.721s] -- Installing: /root/ros2_ws/install/custom_message_unity/share/custom_message_unity/local_setup.sh
[4.721s] -- Installing: /root/ros2_ws/install/custom_message_unity/share/custom_message_unity/local_setup.zsh
[4.722s] -- Installing: /root/ros2_ws/install/custom_message_unity/share/custom_message_unity/local_setup.dsv
[4.722s] -- Installing: /root/ros2_ws/install/custom_message_unity/share/custom_message_unity/package.dsv
[4.723s] -- Installing: /root/ros2_ws/install/custom_message_unity/share/ament_index/resource_index/packages/custom_message_unity
[4.723s] -- Installing: /root/ros2_ws/install/custom_message_unity/share/custom_message_unity/cmake/export_custom_message_unity__rosidl_generator_cExport.cmake
[4.724s] -- Installing: /root/ros2_ws/install/custom_message_unity/share/custom_message_unity/cmake/export_custom_message_unity__rosidl_generator_cExport-noconfig.cmake
[4.724s] -- Installing: /root/ros2_ws/install/custom_message_unity/share/custom_message_unity/cmake/export_custom_message_unity__rosidl_typesupport_fastrtps_cExport.cmake
[4.724s] -- Installing: /root/ros2_ws/install/custom_message_unity/share/custom_message_unity/cmake/export_custom_message_unity__rosidl_typesupport_fastrtps_cExport-noconfig.cmake
[4.724s] -- Installing: /root/ros2_ws/install/custom_message_unity/share/custom_message_unity/cmake/custom_message_unity__rosidl_typesupport_introspection_cExport.cmake
[4.725s] -- Installing: /root/ros2_ws/install/custom_message_unity/share/custom_message_unity/cmake/custom_message_unity__rosidl_typesupport_introspection_cExport-noconfig.cmake
[4.725s] -- Installing: /root/ros2_ws/install/custom_message_unity/share/custom_message_unity/cmake/custom_message_unity__rosidl_typesupport_cExport.cmake
[4.725s] -- Installing: /root/ros2_ws/install/custom_message_unity/share/custom_message_unity/cmake/custom_message_unity__rosidl_typesupport_cExport-noconfig.cmake
[4.725s] -- Installing: /root/ros2_ws/install/custom_message_unity/share/custom_message_unity/cmake/export_custom_message_unity__rosidl_generator_cppExport.cmake
[4.726s] -- Installing: /root/ros2_ws/install/custom_message_unity/share/custom_message_unity/cmake/export_custom_message_unity__rosidl_typesupport_fastrtps_cppExport.cmake
[4.726s] -- Installing: /root/ros2_ws/install/custom_message_unity/share/custom_message_unity/cmake/export_custom_message_unity__rosidl_typesupport_fastrtps_cppExport-noconfig.cmake
[4.727s] -- Installing: /root/ros2_ws/install/custom_message_unity/share/custom_message_unity/cmake/custom_message_unity__rosidl_typesupport_introspection_cppExport.cmake
[4.729s] -- Installing: /root/ros2_ws/install/custom_message_unity/share/custom_message_unity/cmake/custom_message_unity__rosidl_typesupport_introspection_cppExport-noconfig.cmake
[4.729s] -- Installing: /root/ros2_ws/install/custom_message_unity/share/custom_message_unity/cmake/custom_message_unity__rosidl_typesupport_cppExport.cmake
[4.730s] -- Installing: /root/ros2_ws/install/custom_message_unity/share/custom_message_unity/cmake/custom_message_unity__rosidl_typesupport_cppExport-noconfig.cmake
[4.733s] -- Installing: /root/ros2_ws/install/custom_message_unity/share/custom_message_unity/cmake/export_custom_message_unity__rosidl_generator_pyExport.cmake
[4.733s] -- Installing: /root/ros2_ws/install/custom_message_unity/share/custom_message_unity/cmake/export_custom_message_unity__rosidl_generator_pyExport-noconfig.cmake
[4.734s] -- Installing: /root/ros2_ws/install/custom_message_unity/share/custom_message_unity/cmake/rosidl_cmake-extras.cmake
[4.734s] -- Installing: /root/ros2_ws/install/custom_message_unity/share/custom_message_unity/cmake/ament_cmake_export_include_directories-extras.cmake
[4.734s] -- Installing: /root/ros2_ws/install/custom_message_unity/share/custom_message_unity/cmake/ament_cmake_export_libraries-extras.cmake
[4.734s] -- Installing: /root/ros2_ws/install/custom_message_unity/share/custom_message_unity/cmake/ament_cmake_export_targets-extras.cmake
[4.734s] -- Installing: /root/ros2_ws/install/custom_message_unity/share/custom_message_unity/cmake/rosidl_cmake_export_typesupport_targets-extras.cmake
[4.736s] -- Installing: /root/ros2_ws/install/custom_message_unity/share/custom_message_unity/cmake/ament_cmake_export_dependencies-extras.cmake
[4.736s] -- Installing: /root/ros2_ws/install/custom_message_unity/share/custom_message_unity/cmake/rosidl_cmake_export_typesupport_libraries-extras.cmake
[4.736s] -- Installing: /root/ros2_ws/install/custom_message_unity/share/custom_message_unity/cmake/custom_message_unityConfig.cmake
[4.737s] -- Installing: /root/ros2_ws/install/custom_message_unity/share/custom_message_unity/cmake/custom_message_unityConfig-version.cmake
[4.737s] -- Installing: /root/ros2_ws/install/custom_message_unity/share/custom_message_unity/package.xml
[4.738s] Invoked command in '/root/ros2_ws/build/custom_message_unity' returned '0': CMAKE_PREFIX_PATH=/opt/ros/humble /usr/bin/cmake --install /root/ros2_ws/build/custom_message_unity
