[0.219s] Invoking command in '/home/osawakousei/ros2_ws/build/cpp_server_client': CMAKE_PREFIX_PATH=${CMAKE_PREFIX_PATH}:/opt/ros/humble /usr/bin/cmake --build /home/osawakousei/ros2_ws/build/cpp_server_client -- -j8 -l8
[0.495s] [  2%] Built target cpp_server_client__cpp
[0.550s] [  2%] Built target ament_cmake_python_copy_cpp_server_client
[0.599s] [ 11%] Built target cpp_server_client__rosidl_generator_c
[0.840s] [ 20%] Built target cpp_server_client__rosidl_typesupport_introspection_cpp
[0.846s] [ 28%] Built target cpp_server_client__rosidl_typesupport_cpp
[0.892s] [ 37%] Built target cpp_server_client__rosidl_typesupport_fastrtps_cpp
[0.897s] [ 45%] Built target cpp_server_client__rosidl_typesupport_introspection_c
[1.010s] [ 54%] Built target cpp_server_client__rosidl_typesupport_fastrtps_c
[1.052s] [ 62%] Built target cpp_server_client__rosidl_typesupport_c
[1.150s] [ 68%] Built target practice_client_node
[1.335s] [ 68%] Built target cpp_server_client
[1.337s] [ 74%] Built target practice_server_node
[1.494s] [ 77%] Built target cpp_server_client__py
[1.676s] [ 82%] Built target cpp_server_client__rosidl_generator_py
[1.914s] [ 88%] Built target cpp_server_client__rosidl_typesupport_fastrtps_c__pyext
[1.996s] [ 94%] Built target cpp_server_client__rosidl_typesupport_introspection_c__pyext
[2.035s] [100%] Built target cpp_server_client__rosidl_typesupport_c__pyext
[2.290s] running egg_info
[2.292s] writing cpp_server_client.egg-info/PKG-INFO
[2.293s] writing dependency_links to cpp_server_client.egg-info/dependency_links.txt
[2.294s] writing top-level names to cpp_server_client.egg-info/top_level.txt
[2.300s] reading manifest file 'cpp_server_client.egg-info/SOURCES.txt'
[2.301s] writing manifest file 'cpp_server_client.egg-info/SOURCES.txt'
[2.411s] [100%] Built target ament_cmake_python_build_cpp_server_client_egg
[2.458s] Invoked command in '/home/osawakousei/ros2_ws/build/cpp_server_client' returned '0': CMAKE_PREFIX_PATH=${CMAKE_PREFIX_PATH}:/opt/ros/humble /usr/bin/cmake --build /home/osawakousei/ros2_ws/build/cpp_server_client -- -j8 -l8
[3.100s] Invoking command in '/home/osawakousei/ros2_ws/build/cpp_server_client': CMAKE_PREFIX_PATH=${CMAKE_PREFIX_PATH}:/opt/ros/humble /usr/bin/cmake --install /home/osawakousei/ros2_ws/build/cpp_server_client
[3.121s] -- Install configuration: ""
[3.122s] -- Up-to-date: /home/osawakousei/ros2_ws/install/cpp_server_client/share/ament_index/resource_index/rosidl_interfaces/cpp_server_client
[3.123s] -- Up-to-date: /home/osawakousei/ros2_ws/install/cpp_server_client/include/cpp_server_client/cpp_server_client
[3.124s] -- Up-to-date: /home/osawakousei/ros2_ws/install/cpp_server_client/include/cpp_server_client/cpp_server_client/srv
[3.124s] -- Up-to-date: /home/osawakousei/ros2_ws/install/cpp_server_client/include/cpp_server_client/cpp_server_client/srv/practice_srv.h
[3.125s] -- Up-to-date: /home/osawakousei/ros2_ws/install/cpp_server_client/include/cpp_server_client/cpp_server_client/srv/detail
[3.125s] -- Up-to-date: /home/osawakousei/ros2_ws/install/cpp_server_client/include/cpp_server_client/cpp_server_client/srv/detail/practice_srv__struct.h
[3.125s] -- Up-to-date: /home/osawakousei/ros2_ws/install/cpp_server_client/include/cpp_server_client/cpp_server_client/srv/detail/practice_srv__functions.c
[3.125s] -- Up-to-date: /home/osawakousei/ros2_ws/install/cpp_server_client/include/cpp_server_client/cpp_server_client/srv/detail/practice_srv__functions.h
[3.126s] -- Up-to-date: /home/osawakousei/ros2_ws/install/cpp_server_client/include/cpp_server_client/cpp_server_client/srv/detail/practice_srv__type_support.h
[3.126s] -- Up-to-date: /home/osawakousei/ros2_ws/install/cpp_server_client/include/cpp_server_client/cpp_server_client/msg
[3.126s] -- Up-to-date: /home/osawakousei/ros2_ws/install/cpp_server_client/include/cpp_server_client/cpp_server_client/msg/rosidl_generator_c__visibility_control.h
[3.129s] -- Up-to-date: /home/osawakousei/ros2_ws/install/cpp_server_client/share/cpp_server_client/environment/library_path.sh
[3.129s] -- Up-to-date: /home/osawakousei/ros2_ws/install/cpp_server_client/share/cpp_server_client/environment/library_path.dsv
[3.130s] -- Up-to-date: /home/osawakousei/ros2_ws/install/cpp_server_client/lib/libcpp_server_client__rosidl_generator_c.so
[3.132s] -- Up-to-date: /home/osawakousei/ros2_ws/install/cpp_server_client/include/cpp_server_client/cpp_server_client
[3.132s] -- Up-to-date: /home/osawakousei/ros2_ws/install/cpp_server_client/include/cpp_server_client/cpp_server_client/srv
[3.133s] -- Up-to-date: /home/osawakousei/ros2_ws/install/cpp_server_client/include/cpp_server_client/cpp_server_client/srv/detail
[3.133s] -- Up-to-date: /home/osawakousei/ros2_ws/install/cpp_server_client/include/cpp_server_client/cpp_server_client/srv/detail/practice_srv__rosidl_typesupport_fastrtps_c.h
[3.133s] -- Up-to-date: /home/osawakousei/ros2_ws/install/cpp_server_client/include/cpp_server_client/cpp_server_client/msg
[3.134s] -- Up-to-date: /home/osawakousei/ros2_ws/install/cpp_server_client/include/cpp_server_client/cpp_server_client/msg/rosidl_typesupport_fastrtps_c__visibility_control.h
[3.134s] -- Up-to-date: /home/osawakousei/ros2_ws/install/cpp_server_client/lib/libcpp_server_client__rosidl_typesupport_fastrtps_c.so
[3.134s] -- Up-to-date: /home/osawakousei/ros2_ws/install/cpp_server_client/include/cpp_server_client/cpp_server_client
[3.134s] -- Up-to-date: /home/osawakousei/ros2_ws/install/cpp_server_client/include/cpp_server_client/cpp_server_client/srv
[3.135s] -- Up-to-date: /home/osawakousei/ros2_ws/install/cpp_server_client/include/cpp_server_client/cpp_server_client/srv/detail
[3.135s] -- Up-to-date: /home/osawakousei/ros2_ws/install/cpp_server_client/include/cpp_server_client/cpp_server_client/srv/detail/practice_srv__traits.hpp
[3.136s] -- Up-to-date: /home/osawakousei/ros2_ws/install/cpp_server_client/include/cpp_server_client/cpp_server_client/srv/detail/practice_srv__struct.hpp
[3.136s] -- Up-to-date: /home/osawakousei/ros2_ws/install/cpp_server_client/include/cpp_server_client/cpp_server_client/srv/detail/practice_srv__builder.hpp
[3.136s] -- Up-to-date: /home/osawakousei/ros2_ws/install/cpp_server_client/include/cpp_server_client/cpp_server_client/srv/practice_srv.hpp
[3.137s] -- Up-to-date: /home/osawakousei/ros2_ws/install/cpp_server_client/include/cpp_server_client/cpp_server_client
[3.137s] -- Up-to-date: /home/osawakousei/ros2_ws/install/cpp_server_client/include/cpp_server_client/cpp_server_client/srv
[3.137s] -- Up-to-date: /home/osawakousei/ros2_ws/install/cpp_server_client/include/cpp_server_client/cpp_server_client/srv/detail
[3.138s] -- Up-to-date: /home/osawakousei/ros2_ws/install/cpp_server_client/include/cpp_server_client/cpp_server_client/srv/detail/practice_srv__rosidl_typesupport_fastrtps_cpp.hpp
[3.138s] -- Up-to-date: /home/osawakousei/ros2_ws/install/cpp_server_client/include/cpp_server_client/cpp_server_client/srv/detail/dds_fastrtps
[3.142s] -- Up-to-date: /home/osawakousei/ros2_ws/install/cpp_server_client/include/cpp_server_client/cpp_server_client/msg
[3.144s] -- Up-to-date: /home/osawakousei/ros2_ws/install/cpp_server_client/include/cpp_server_client/cpp_server_client/msg/rosidl_typesupport_fastrtps_cpp__visibility_control.h
[3.144s] -- Up-to-date: /home/osawakousei/ros2_ws/install/cpp_server_client/lib/libcpp_server_client__rosidl_typesupport_fastrtps_cpp.so
[3.144s] -- Up-to-date: /home/osawakousei/ros2_ws/install/cpp_server_client/include/cpp_server_client/cpp_server_client
[3.145s] -- Up-to-date: /home/osawakousei/ros2_ws/install/cpp_server_client/include/cpp_server_client/cpp_server_client/srv
[3.145s] -- Up-to-date: /home/osawakousei/ros2_ws/install/cpp_server_client/include/cpp_server_client/cpp_server_client/srv/detail
[3.145s] -- Up-to-date: /home/osawakousei/ros2_ws/install/cpp_server_client/include/cpp_server_client/cpp_server_client/srv/detail/practice_srv__type_support.c
[3.145s] -- Up-to-date: /home/osawakousei/ros2_ws/install/cpp_server_client/include/cpp_server_client/cpp_server_client/srv/detail/practice_srv__rosidl_typesupport_introspection_c.h
[3.146s] -- Up-to-date: /home/osawakousei/ros2_ws/install/cpp_server_client/include/cpp_server_client/cpp_server_client/msg
[3.146s] -- Up-to-date: /home/osawakousei/ros2_ws/install/cpp_server_client/include/cpp_server_client/cpp_server_client/msg/rosidl_typesupport_introspection_c__visibility_control.h
[3.146s] -- Up-to-date: /home/osawakousei/ros2_ws/install/cpp_server_client/lib/libcpp_server_client__rosidl_typesupport_introspection_c.so
[3.147s] -- Up-to-date: /home/osawakousei/ros2_ws/install/cpp_server_client/lib/libcpp_server_client__rosidl_typesupport_c.so
[3.147s] -- Up-to-date: /home/osawakousei/ros2_ws/install/cpp_server_client/include/cpp_server_client/cpp_server_client
[3.147s] -- Up-to-date: /home/osawakousei/ros2_ws/install/cpp_server_client/include/cpp_server_client/cpp_server_client/srv
[3.147s] -- Up-to-date: /home/osawakousei/ros2_ws/install/cpp_server_client/include/cpp_server_client/cpp_server_client/srv/detail
[3.148s] -- Up-to-date: /home/osawakousei/ros2_ws/install/cpp_server_client/include/cpp_server_client/cpp_server_client/srv/detail/practice_srv__rosidl_typesupport_introspection_cpp.hpp
[3.148s] -- Up-to-date: /home/osawakousei/ros2_ws/install/cpp_server_client/include/cpp_server_client/cpp_server_client/srv/detail/practice_srv__type_support.cpp
[3.148s] -- Up-to-date: /home/osawakousei/ros2_ws/install/cpp_server_client/lib/libcpp_server_client__rosidl_typesupport_introspection_cpp.so
[3.148s] -- Up-to-date: /home/osawakousei/ros2_ws/install/cpp_server_client/lib/libcpp_server_client__rosidl_typesupport_cpp.so
[3.149s] -- Up-to-date: /home/osawakousei/ros2_ws/install/cpp_server_client/share/cpp_server_client/environment/pythonpath.sh
[3.149s] -- Up-to-date: /home/osawakousei/ros2_ws/install/cpp_server_client/share/cpp_server_client/environment/pythonpath.dsv
[3.149s] -- Up-to-date: /home/osawakousei/ros2_ws/install/cpp_server_client/local/lib/python3.10/dist-packages/cpp_server_client-0.0.0-py3.10.egg-info
[3.150s] -- Installing: /home/osawakousei/ros2_ws/install/cpp_server_client/local/lib/python3.10/dist-packages/cpp_server_client-0.0.0-py3.10.egg-info/top_level.txt
[3.150s] -- Installing: /home/osawakousei/ros2_ws/install/cpp_server_client/local/lib/python3.10/dist-packages/cpp_server_client-0.0.0-py3.10.egg-info/SOURCES.txt
[3.150s] -- Installing: /home/osawakousei/ros2_ws/install/cpp_server_client/local/lib/python3.10/dist-packages/cpp_server_client-0.0.0-py3.10.egg-info/dependency_links.txt
[3.151s] -- Installing: /home/osawakousei/ros2_ws/install/cpp_server_client/local/lib/python3.10/dist-packages/cpp_server_client-0.0.0-py3.10.egg-info/PKG-INFO
[3.152s] -- Up-to-date: /home/osawakousei/ros2_ws/install/cpp_server_client/local/lib/python3.10/dist-packages/cpp_server_client
[3.152s] -- Up-to-date: /home/osawakousei/ros2_ws/install/cpp_server_client/local/lib/python3.10/dist-packages/cpp_server_client/cpp_server_client_s__rosidl_typesupport_c.cpython-310-x86_64-linux-gnu.so
[3.153s] -- Up-to-date: /home/osawakousei/ros2_ws/install/cpp_server_client/local/lib/python3.10/dist-packages/cpp_server_client/_cpp_server_client_s.ep.rosidl_typesupport_c.c
[3.158s] -- Up-to-date: /home/osawakousei/ros2_ws/install/cpp_server_client/local/lib/python3.10/dist-packages/cpp_server_client/srv
[3.162s] -- Up-to-date: /home/osawakousei/ros2_ws/install/cpp_server_client/local/lib/python3.10/dist-packages/cpp_server_client/srv/_practice_srv.py
[3.162s] -- Up-to-date: /home/osawakousei/ros2_ws/install/cpp_server_client/local/lib/python3.10/dist-packages/cpp_server_client/srv/__init__.py
[3.162s] -- Up-to-date: /home/osawakousei/ros2_ws/install/cpp_server_client/local/lib/python3.10/dist-packages/cpp_server_client/srv/_practice_srv_s.c
[3.163s] -- Up-to-date: /home/osawakousei/ros2_ws/install/cpp_server_client/local/lib/python3.10/dist-packages/cpp_server_client/libcpp_server_client__rosidl_generator_py.so
[3.163s] -- Up-to-date: /home/osawakousei/ros2_ws/install/cpp_server_client/local/lib/python3.10/dist-packages/cpp_server_client/cpp_server_client_s__rosidl_typesupport_fastrtps_c.cpython-310-x86_64-linux-gnu.so
[3.163s] -- Up-to-date: /home/osawakousei/ros2_ws/install/cpp_server_client/local/lib/python3.10/dist-packages/cpp_server_client/cpp_server_client_s__rosidl_typesupport_introspection_c.cpython-310-x86_64-linux-gnu.so
[3.163s] -- Up-to-date: /home/osawakousei/ros2_ws/install/cpp_server_client/local/lib/python3.10/dist-packages/cpp_server_client/__init__.py
[3.163s] -- Up-to-date: /home/osawakousei/ros2_ws/install/cpp_server_client/local/lib/python3.10/dist-packages/cpp_server_client/_cpp_server_client_s.ep.rosidl_typesupport_introspection_c.c
[3.164s] -- Up-to-date: /home/osawakousei/ros2_ws/install/cpp_server_client/local/lib/python3.10/dist-packages/cpp_server_client/_cpp_server_client_s.ep.rosidl_typesupport_fastrtps_c.c
[3.271s] Listing '/home/osawakousei/ros2_ws/install/cpp_server_client/local/lib/python3.10/dist-packages/cpp_server_client'...
[3.272s] Listing '/home/osawakousei/ros2_ws/install/cpp_server_client/local/lib/python3.10/dist-packages/cpp_server_client/srv'...
[3.283s] -- Up-to-date: /home/osawakousei/ros2_ws/install/cpp_server_client/local/lib/python3.10/dist-packages/cpp_server_client/cpp_server_client_s__rosidl_typesupport_fastrtps_c.cpython-310-x86_64-linux-gnu.so
[3.283s] -- Up-to-date: /home/osawakousei/ros2_ws/install/cpp_server_client/local/lib/python3.10/dist-packages/cpp_server_client/cpp_server_client_s__rosidl_typesupport_introspection_c.cpython-310-x86_64-linux-gnu.so
[3.289s] -- Up-to-date: /home/osawakousei/ros2_ws/install/cpp_server_client/local/lib/python3.10/dist-packages/cpp_server_client/cpp_server_client_s__rosidl_typesupport_c.cpython-310-x86_64-linux-gnu.so
[3.290s] -- Up-to-date: /home/osawakousei/ros2_ws/install/cpp_server_client/lib/libcpp_server_client__rosidl_generator_py.so
[3.291s] -- Up-to-date: /home/osawakousei/ros2_ws/install/cpp_server_client/share/cpp_server_client/srv/PracticeSrv.idl
[3.292s] -- Up-to-date: /home/osawakousei/ros2_ws/install/cpp_server_client/share/cpp_server_client/srv/PracticeSrv.srv
[3.292s] -- Up-to-date: /home/osawakousei/ros2_ws/install/cpp_server_client/share/cpp_server_client/srv/PracticeSrv_Request.msg
[3.293s] -- Up-to-date: /home/osawakousei/ros2_ws/install/cpp_server_client/share/cpp_server_client/srv/PracticeSrv_Response.msg
[3.294s] -- Up-to-date: /home/osawakousei/ros2_ws/install/cpp_server_client/lib/cpp_server_client/practice_server_node
[3.299s] -- Up-to-date: /home/osawakousei/ros2_ws/install/cpp_server_client/lib/cpp_server_client/practice_client_node
[3.300s] -- Up-to-date: /home/osawakousei/ros2_ws/install/cpp_server_client/share/ament_index/resource_index/package_run_dependencies/cpp_server_client
[3.300s] -- Up-to-date: /home/osawakousei/ros2_ws/install/cpp_server_client/share/ament_index/resource_index/parent_prefix_path/cpp_server_client
[3.302s] -- Up-to-date: /home/osawakousei/ros2_ws/install/cpp_server_client/share/cpp_server_client/environment/ament_prefix_path.sh
[3.302s] -- Up-to-date: /home/osawakousei/ros2_ws/install/cpp_server_client/share/cpp_server_client/environment/ament_prefix_path.dsv
[3.303s] -- Up-to-date: /home/osawakousei/ros2_ws/install/cpp_server_client/share/cpp_server_client/environment/path.sh
[3.305s] -- Up-to-date: /home/osawakousei/ros2_ws/install/cpp_server_client/share/cpp_server_client/environment/path.dsv
[3.307s] -- Up-to-date: /home/osawakousei/ros2_ws/install/cpp_server_client/share/cpp_server_client/local_setup.bash
[3.307s] -- Up-to-date: /home/osawakousei/ros2_ws/install/cpp_server_client/share/cpp_server_client/local_setup.sh
[3.308s] -- Up-to-date: /home/osawakousei/ros2_ws/install/cpp_server_client/share/cpp_server_client/local_setup.zsh
[3.309s] -- Up-to-date: /home/osawakousei/ros2_ws/install/cpp_server_client/share/cpp_server_client/local_setup.dsv
[3.310s] -- Up-to-date: /home/osawakousei/ros2_ws/install/cpp_server_client/share/cpp_server_client/package.dsv
[3.310s] -- Up-to-date: /home/osawakousei/ros2_ws/install/cpp_server_client/share/ament_index/resource_index/packages/cpp_server_client
[3.310s] -- Up-to-date: /home/osawakousei/ros2_ws/install/cpp_server_client/share/cpp_server_client/cmake/export_cpp_server_client__rosidl_generator_cExport.cmake
[3.317s] -- Up-to-date: /home/osawakousei/ros2_ws/install/cpp_server_client/share/cpp_server_client/cmake/export_cpp_server_client__rosidl_generator_cExport-noconfig.cmake
[3.318s] -- Up-to-date: /home/osawakousei/ros2_ws/install/cpp_server_client/share/cpp_server_client/cmake/export_cpp_server_client__rosidl_typesupport_fastrtps_cExport.cmake
[3.318s] -- Up-to-date: /home/osawakousei/ros2_ws/install/cpp_server_client/share/cpp_server_client/cmake/export_cpp_server_client__rosidl_typesupport_fastrtps_cExport-noconfig.cmake
[3.319s] -- Up-to-date: /home/osawakousei/ros2_ws/install/cpp_server_client/share/cpp_server_client/cmake/export_cpp_server_client__rosidl_generator_cppExport.cmake
[3.319s] -- Up-to-date: /home/osawakousei/ros2_ws/install/cpp_server_client/share/cpp_server_client/cmake/export_cpp_server_client__rosidl_typesupport_fastrtps_cppExport.cmake
[3.319s] -- Up-to-date: /home/osawakousei/ros2_ws/install/cpp_server_client/share/cpp_server_client/cmake/export_cpp_server_client__rosidl_typesupport_fastrtps_cppExport-noconfig.cmake
[3.320s] -- Up-to-date: /home/osawakousei/ros2_ws/install/cpp_server_client/share/cpp_server_client/cmake/cpp_server_client__rosidl_typesupport_introspection_cExport.cmake
[3.320s] -- Up-to-date: /home/osawakousei/ros2_ws/install/cpp_server_client/share/cpp_server_client/cmake/cpp_server_client__rosidl_typesupport_introspection_cExport-noconfig.cmake
[3.320s] -- Up-to-date: /home/osawakousei/ros2_ws/install/cpp_server_client/share/cpp_server_client/cmake/cpp_server_client__rosidl_typesupport_cExport.cmake
[3.320s] -- Up-to-date: /home/osawakousei/ros2_ws/install/cpp_server_client/share/cpp_server_client/cmake/cpp_server_client__rosidl_typesupport_cExport-noconfig.cmake
[3.321s] -- Up-to-date: /home/osawakousei/ros2_ws/install/cpp_server_client/share/cpp_server_client/cmake/cpp_server_client__rosidl_typesupport_introspection_cppExport.cmake
[3.321s] -- Up-to-date: /home/osawakousei/ros2_ws/install/cpp_server_client/share/cpp_server_client/cmake/cpp_server_client__rosidl_typesupport_introspection_cppExport-noconfig.cmake
[3.322s] -- Up-to-date: /home/osawakousei/ros2_ws/install/cpp_server_client/share/cpp_server_client/cmake/cpp_server_client__rosidl_typesupport_cppExport.cmake
[3.322s] -- Up-to-date: /home/osawakousei/ros2_ws/install/cpp_server_client/share/cpp_server_client/cmake/cpp_server_client__rosidl_typesupport_cppExport-noconfig.cmake
[3.322s] -- Up-to-date: /home/osawakousei/ros2_ws/install/cpp_server_client/share/cpp_server_client/cmake/export_cpp_server_client__rosidl_generator_pyExport.cmake
[3.322s] -- Up-to-date: /home/osawakousei/ros2_ws/install/cpp_server_client/share/cpp_server_client/cmake/export_cpp_server_client__rosidl_generator_pyExport-noconfig.cmake
[3.323s] -- Up-to-date: /home/osawakousei/ros2_ws/install/cpp_server_client/share/cpp_server_client/cmake/rosidl_cmake-extras.cmake
[3.323s] -- Up-to-date: /home/osawakousei/ros2_ws/install/cpp_server_client/share/cpp_server_client/cmake/ament_cmake_export_include_directories-extras.cmake
[3.323s] -- Up-to-date: /home/osawakousei/ros2_ws/install/cpp_server_client/share/cpp_server_client/cmake/ament_cmake_export_libraries-extras.cmake
[3.323s] -- Up-to-date: /home/osawakousei/ros2_ws/install/cpp_server_client/share/cpp_server_client/cmake/ament_cmake_export_targets-extras.cmake
[3.324s] -- Up-to-date: /home/osawakousei/ros2_ws/install/cpp_server_client/share/cpp_server_client/cmake/rosidl_cmake_export_typesupport_targets-extras.cmake
[3.324s] -- Up-to-date: /home/osawakousei/ros2_ws/install/cpp_server_client/share/cpp_server_client/cmake/ament_cmake_export_dependencies-extras.cmake
[3.324s] -- Up-to-date: /home/osawakousei/ros2_ws/install/cpp_server_client/share/cpp_server_client/cmake/rosidl_cmake_export_typesupport_libraries-extras.cmake
[3.324s] -- Up-to-date: /home/osawakousei/ros2_ws/install/cpp_server_client/share/cpp_server_client/cmake/cpp_server_clientConfig.cmake
[3.325s] -- Up-to-date: /home/osawakousei/ros2_ws/install/cpp_server_client/share/cpp_server_client/cmake/cpp_server_clientConfig-version.cmake
[3.327s] -- Up-to-date: /home/osawakousei/ros2_ws/install/cpp_server_client/share/cpp_server_client/package.xml
[3.354s] Invoked command in '/home/osawakousei/ros2_ws/build/cpp_server_client' returned '0': CMAKE_PREFIX_PATH=${CMAKE_PREFIX_PATH}:/opt/ros/humble /usr/bin/cmake --install /home/osawakousei/ros2_ws/build/cpp_server_client
