[0.221s] Invoking command in '/home/osawakousei/ros2_ws/build/custom_message_unity': CMAKE_PREFIX_PATH=${CMAKE_PREFIX_PATH}:/opt/ros/humble /usr/bin/cmake /home/osawakousei/ros2_ws/src/custom_message_unity -DCMAKE_INSTALL_PREFIX=/home/osawakousei/ros2_ws/install/custom_message_unity
[0.603s] -- The C compiler identification is GNU 11.4.0
[1.334s] -- The CXX compiler identification is GNU 11.4.0
[1.368s] -- Detecting C compiler ABI info
[2.175s] -- Detecting C compiler ABI info - done
[2.224s] -- Check for working C compiler: /usr/bin/cc - skipped
[2.227s] -- Detecting C compile features
[2.229s] -- Detecting C compile features - done
[2.241s] -- Detecting CXX compiler ABI info
[2.606s] -- Detecting CXX compiler ABI info - done
[2.633s] -- Check for working CXX compiler: /usr/bin/c++ - skipped
[2.635s] -- Detecting CXX compile features
[2.638s] -- Detecting CXX compile features - done
[2.662s] -- Found ament_cmake: 1.3.5 (/opt/ros/humble/share/ament_cmake/cmake)
[3.400s] -- Found Python3: /usr/bin/python3.10 (found version "3.10.12") found components: Interpreter 
[3.900s] -- Found rclcpp: 16.0.6 (/opt/ros/humble/share/rclcpp/cmake)
[4.221s] -- Found rosidl_generator_c: 3.1.5 (/opt/ros/humble/share/rosidl_generator_c/cmake)
[4.263s] -- Found rosidl_adapter: 3.1.5 (/opt/ros/humble/share/rosidl_adapter/cmake)
[4.321s] -- Found rosidl_generator_cpp: 3.1.5 (/opt/ros/humble/share/rosidl_generator_cpp/cmake)
[4.389s] -- Using all available rosidl_typesupport_c: rosidl_typesupport_fastrtps_c;rosidl_typesupport_introspection_c
[4.497s] -- Using all available rosidl_typesupport_cpp: rosidl_typesupport_fastrtps_cpp;rosidl_typesupport_introspection_cpp
[4.915s] -- Found rmw_implementation_cmake: 6.1.1 (/opt/ros/humble/share/rmw_implementation_cmake/cmake)
[4.945s] -- Found rmw_fastrtps_cpp: 6.2.4 (/opt/ros/humble/share/rmw_fastrtps_cpp/cmake)
[5.580s] -- Found OpenSSL: /usr/lib/x86_64-linux-gnu/libcrypto.so (found version "3.0.2")  
[5.688s] -- Found FastRTPS: /opt/ros/humble/include  
[5.853s] -- Using RMW implementation 'rmw_fastrtps_cpp' as default
[5.951s] -- Looking for pthread.h
[6.334s] -- Looking for pthread.h - found
[6.336s] -- Performing Test CMAKE_HAVE_LIBC_PTHREAD
[6.662s] -- Performing Test CMAKE_HAVE_LIBC_PTHREAD - Success
[6.665s] -- Found Threads: TRUE  
[7.354s] -- Found rosidl_default_generators: 1.2.0 (/home/osawakousei/ros2_ws/install/rosidl_default_generators/share/rosidl_default_generators/cmake)
[7.423s] -- Found ament_lint_auto: 0.12.8 (/opt/ros/humble/share/ament_lint_auto/cmake)
[8.398s] -- Found ament_cmake_ros: 0.10.0 (/opt/ros/humble/share/ament_cmake_ros/cmake)
[9.452s] -- Using all available rosidl_typesupport_c: rosidl_typesupport_fastrtps_c;rosidl_typesupport_introspection_c
[9.864s] -- Using all available rosidl_typesupport_cpp: rosidl_typesupport_fastrtps_cpp;rosidl_typesupport_introspection_cpp
[9.873s] -- Found ament_cmake_export_assemblies: 0.0.0 (/home/osawakousei/ros2_ws/install/ament_cmake_export_assemblies/share/ament_cmake_export_assemblies/cmake)
[9.880s] -- Found dotnet_cmake_module: 0.0.0 (/home/osawakousei/ros2_ws/install/dotnet_cmake_module/share/dotnet_cmake_module/cmake)
[10.687s] -- Found DotNetCore: /usr/bin/dotnet  
[10.688s] -- Found .NET Core: 6.0.122
[10.688s] -- Using Framework: netstandard2.0
[10.688s] -- Using Framework: netstandard2.0
[10.688s] -- Using Runtime: linux-x64
[10.692s] -- Found ros2cs_common: 2.0.0 (/home/osawakousei/ros2_ws/install/ros2cs_common/share/ros2cs_common/cmake)
[10.881s] -- Generating C# code for ROS interfaces /home/osawakousei/ros2_ws/build/custom_message_unity/rosidl_generator_cs/custom_message_unity/msg/custom_unity.cs and 
[10.881s] -- Adding custom target
[10.883s] [0mLink libraries: custom_message_unity__rosidl_typesupport_c[0m
[10.892s] [0mLink libraries: custom_message_unity__rosidl_typesupport_introspection_c[0m
[10.899s] [0mLink libraries: custom_message_unity__rosidl_typesupport_fastrtps_c[0m
[10.906s] [0mInstall targets[0m
[11.001s] -- Found PythonInterp: /usr/bin/python3 (found suitable version "3.10.12", minimum required is "3.6") 
[11.027s] -- Found python_cmake_module: 0.10.0 (/opt/ros/humble/share/python_cmake_module/cmake)
[11.153s] -- Found PythonLibs: /usr/lib/x86_64-linux-gnu/libpython3.10.so (found suitable version "3.10.12", minimum required is "3.5") 
[11.153s] -- Using PYTHON_EXECUTABLE: /usr/bin/python3
[11.154s] -- Using PYTHON_INCLUDE_DIRS: /usr/include/python3.10
[11.154s] -- Using PYTHON_LIBRARIES: /usr/lib/x86_64-linux-gnu/libpython3.10.so
[11.258s] -- Found PythonExtra: .so  
[11.807s] -- Added test 'cppcheck' to perform static code analysis on C / C++ code
[11.808s] -- Configured cppcheck include dirs: 
[11.809s] -- Configured cppcheck exclude dirs and/or files: 
[11.831s] -- Added test 'flake8' to check Python code syntax and style conventions
[11.871s] -- Added test 'lint_cmake' to check CMake code style
[11.893s] -- Added test 'pep257' to check Python code against some of the docstring style conventions in PEP 257
[12.040s] -- Added test 'uncrustify' to check C / C++ code style
[12.041s] -- Configured uncrustify additional arguments: 
[12.062s] -- Added test 'xmllint' to check XML markup files
[12.105s] -- Configuring done
[12.259s] -- Generating done
[12.273s] -- Build files have been written to: /home/osawakousei/ros2_ws/build/custom_message_unity
[12.302s] Invoked command in '/home/osawakousei/ros2_ws/build/custom_message_unity' returned '0': CMAKE_PREFIX_PATH=${CMAKE_PREFIX_PATH}:/opt/ros/humble /usr/bin/cmake /home/osawakousei/ros2_ws/src/custom_message_unity -DCMAKE_INSTALL_PREFIX=/home/osawakousei/ros2_ws/install/custom_message_unity
[12.308s] Invoking command in '/home/osawakousei/ros2_ws/build/custom_message_unity': CMAKE_PREFIX_PATH=${CMAKE_PREFIX_PATH}:/opt/ros/humble /usr/bin/cmake --build /home/osawakousei/ros2_ws/build/custom_message_unity -- -j8 -l8
[12.490s] [  2%] [34m[1mGenerating C code for ROS interfaces[0m
[12.544s] [  4%] [34m[1mGenerating C# code for ROS interfaces[0m
[12.545s] [  6%] [34m[1mGenerating C++ code for ROS interfaces[0m
[12.586s] [  6%] Built target ament_cmake_python_copy_custom_message_unity
[13.269s] [  6%] Built target custom_message_unity__cpp
[13.289s] [  8%] [32mBuilding C object CMakeFiles/custom_message_unity__rosidl_generator_c.dir/rosidl_generator_c/custom_message_unity/msg/detail/custom_unity__functions.c.o[0m
[13.316s] [ 11%] [34m[1mGenerating C++ type support dispatch for ROS interfaces[0m
[13.320s] [ 13%] [34m[1mGenerating C++ type support for eProsima Fast-RTPS[0m
[13.320s] [ 13%] Built target custom_message_unity__cs
[13.331s] [ 15%] [34m[1mGenerating C++ introspection for ROS interfaces[0m
[13.425s] [ 17%] [34m[1m/usr/bin/cmake;-version;/usr/bin/dotnet restore custom_message_unity_assembly_dotnetcore.csproj;          /usr/bin/dotnet build custom_message_unity_assembly_dotnetcore.csproj -> /home/osawakousei/ros2_ws/build/custom_message_unity/custom_message_unity_assembly[0m
[13.506s] running egg_info
[13.508s] creating custom_message_unity.egg-info
[13.510s] writing custom_message_unity.egg-info/PKG-INFO
[13.511s] writing dependency_links to custom_message_unity.egg-info/dependency_links.txt
[13.512s] writing top-level names to custom_message_unity.egg-info/top_level.txt
[13.513s] writing manifest file 'custom_message_unity.egg-info/SOURCES.txt'
[13.519s] reading manifest file 'custom_message_unity.egg-info/SOURCES.txt'
[13.521s] writing manifest file 'custom_message_unity.egg-info/SOURCES.txt'
[13.539s] [ 20%] [32m[1mLinking C shared library libcustom_message_unity__rosidl_generator_c.so[0m
[13.605s] cmake version 3.22.1
[13.605s] 
[13.606s] CMake suite maintained and supported by Kitware (kitware.com/cmake).
[13.609s] [ 20%] Built target ament_cmake_python_build_custom_message_unity_egg
[13.688s] [ 20%] Built target custom_message_unity__rosidl_generator_c
[13.742s] [ 22%] [34m[1mGenerating C type support for eProsima Fast-RTPS[0m
[13.747s] [ 24%] [34m[1mGenerating C introspection for ROS interfaces[0m
[13.771s] [ 26%] [34m[1mGenerating C type support dispatch for ROS interfaces[0m
[13.970s] [ 28%] [32mBuilding CXX object CMakeFiles/custom_message_unity__rosidl_typesupport_cpp.dir/rosidl_typesupport_cpp/custom_message_unity/msg/custom_unity__type_support.cpp.o[0m
[14.035s] [ 31%] [32mBuilding CXX object CMakeFiles/custom_message_unity__rosidl_typesupport_introspection_cpp.dir/rosidl_typesupport_introspection_cpp/custom_message_unity/msg/detail/custom_unity__type_support.cpp.o[0m
[14.049s] [ 33%] [32mBuilding CXX object CMakeFiles/custom_message_unity__rosidl_typesupport_fastrtps_cpp.dir/rosidl_typesupport_fastrtps_cpp/custom_message_unity/msg/detail/dds_fastrtps/custom_unity__type_support.cpp.o[0m
[14.468s] [ 35%] [32mBuilding CXX object CMakeFiles/custom_message_unity__rosidl_typesupport_c.dir/rosidl_typesupport_c/custom_message_unity/msg/custom_unity__type_support.cpp.o[0m
[14.495s] [ 37%] [32mBuilding C object CMakeFiles/custom_message_unity__rosidl_typesupport_introspection_c.dir/rosidl_typesupport_introspection_c/custom_message_unity/msg/detail/custom_unity__type_support.c.o[0m
[14.502s] [ 40%] [32mBuilding CXX object CMakeFiles/custom_message_unity__rosidl_typesupport_fastrtps_c.dir/rosidl_typesupport_fastrtps_c/custom_message_unity/msg/detail/custom_unity__type_support_c.cpp.o[0m
[14.655s] [?1h=[ 42%] [32m[1mLinking CXX shared library libcustom_message_unity__rosidl_typesupport_c.so[0m
[14.700s] [ 44%] [32m[1mLinking C shared library libcustom_message_unity__rosidl_typesupport_introspection_c.so[0m
[14.887s] [ 44%] Built target custom_message_unity__rosidl_typesupport_introspection_c
[14.950s] [ 44%] Built target custom_message_unity__rosidl_typesupport_c
[15.095s] [ 46%] [32mBuilding C object CMakeFiles/custom_message_unity_custom_unity__rosidl_typesupport_c.dir/rosidl_generator_cs/custom_message_unity/msg/custom_unity_s.c.o[0m
[15.098s] [ 48%] [32mBuilding C object CMakeFiles/custom_message_unity_custom_unity__rosidl_typesupport_c.dir/rosidl_generator_cs/custom_message_unity/msg/custom_unity.ep.rosidl_typesupport_c.c.o[0m
[15.178s] [ 51%] [32mBuilding C object CMakeFiles/custom_message_unity_custom_unity__rosidl_typesupport_introspection_c.dir/rosidl_generator_cs/custom_message_unity/msg/custom_unity.ep.rosidl_typesupport_introspection_c.c.o[0m
[15.325s] [ 53%] [32mBuilding C object CMakeFiles/custom_message_unity_custom_unity__rosidl_typesupport_introspection_c.dir/rosidl_generator_cs/custom_message_unity/msg/custom_unity_s.c.o[0m
[15.371s] [ 55%] [32m[1mLinking C shared library rosidl_generator_cs/custom_message_unity/msg/libcustom_message_unity_custom_unity__rosidl_typesupport_c_native.so[0m
[15.517s] [ 57%] [32m[1mLinking C shared library rosidl_generator_cs/custom_message_unity/msg/libcustom_message_unity_custom_unity__rosidl_typesupport_introspection_c_native.so[0m
[15.537s] [ 60%] Built target custom_message_unity_custom_unity__rosidl_typesupport_c
[15.680s] [ 62%] Built target custom_message_unity_custom_unity__rosidl_typesupport_introspection_c
[15.713s] [ 64%] [32m[1mLinking CXX shared library libcustom_message_unity__rosidl_typesupport_cpp.so[0m
[15.877s] [ 64%] Built target custom_message_unity__rosidl_typesupport_cpp
[16.343s] [ 66%] [32m[1mLinking CXX shared library libcustom_message_unity__rosidl_typesupport_fastrtps_cpp.so[0m
[16.376s] [ 68%] [32m[1mLinking CXX shared library libcustom_message_unity__rosidl_typesupport_introspection_cpp.so[0m
[16.483s] [ 71%] [32m[1mLinking CXX shared library libcustom_message_unity__rosidl_typesupport_fastrtps_c.so[0m
[16.549s] [ 71%] Built target custom_message_unity__rosidl_typesupport_introspection_cpp
[16.630s] [ 71%] Built target custom_message_unity__rosidl_typesupport_fastrtps_cpp
[16.762s] [ 71%] Built target custom_message_unity__rosidl_typesupport_fastrtps_c
[16.856s] [ 71%] Built target custom_message_unity
[16.867s] [ 73%] [32mBuilding C object CMakeFiles/custom_message_unity_custom_unity__rosidl_typesupport_fastrtps_c.dir/rosidl_generator_cs/custom_message_unity/msg/custom_unity_s.c.o[0m
[16.876s] [ 75%] [32mBuilding C object CMakeFiles/custom_message_unity_custom_unity__rosidl_typesupport_fastrtps_c.dir/rosidl_generator_cs/custom_message_unity/msg/custom_unity.ep.rosidl_typesupport_fastrtps_c.c.o[0m
[16.939s] [ 77%] [34m[1mGenerating Python code for ROS interfaces[0m
[17.009s] [ 80%] [32m[1mLinking C shared library rosidl_generator_cs/custom_message_unity/msg/libcustom_message_unity_custom_unity__rosidl_typesupport_fastrtps_c_native.so[0m
[17.034s]   Determining projects to restore...
[17.155s] [ 82%] Built target custom_message_unity_custom_unity__rosidl_typesupport_fastrtps_c
[17.752s] [ 82%] Built target custom_message_unity__py
[17.798s]   Restored /home/osawakousei/ros2_ws/build/custom_message_unity/custom_message_unity_assembly/custom_message_unity_assembly_dotnetcore.csproj (in 381 ms).
[17.859s] [ 84%] [32mBuilding C object CMakeFiles/custom_message_unity__rosidl_generator_py.dir/rosidl_generator_py/custom_message_unity/msg/_custom_unity_s.c.o[0m
[18.331s] [ 86%] [32m[1mLinking C shared library rosidl_generator_py/custom_message_unity/libcustom_message_unity__rosidl_generator_py.so[0m
[18.490s] [ 86%] Built target custom_message_unity__rosidl_generator_py
[18.594s] [ 91%] [32mBuilding C object CMakeFiles/custom_message_unity__rosidl_typesupport_fastrtps_c__pyext.dir/rosidl_generator_py/custom_message_unity/_custom_message_unity_s.ep.rosidl_typesupport_fastrtps_c.c.o[0m
[18.595s] [ 91%] [32mBuilding C object CMakeFiles/custom_message_unity__rosidl_typesupport_introspection_c__pyext.dir/rosidl_generator_py/custom_message_unity/_custom_message_unity_s.ep.rosidl_typesupport_introspection_c.c.o[0m
[18.596s] [ 93%] [32mBuilding C object CMakeFiles/custom_message_unity__rosidl_typesupport_c__pyext.dir/rosidl_generator_py/custom_message_unity/_custom_message_unity_s.ep.rosidl_typesupport_c.c.o[0m
[18.700s] [?1h=.NET 向け Microsoft (R) Build Engine バージョン 17.0.1+b177f8fa7
[18.700s] Copyright (C) Microsoft Corporation.All rights reserved.
[18.701s] 
[18.904s] [ 95%] [32m[1mLinking C shared library rosidl_generator_py/custom_message_unity/custom_message_unity_s__rosidl_typesupport_introspection_c.cpython-310-x86_64-linux-gnu.so[0m
[18.907s] [ 97%] [32m[1mLinking C shared library rosidl_generator_py/custom_message_unity/custom_message_unity_s__rosidl_typesupport_c.cpython-310-x86_64-linux-gnu.so[0m
[18.945s] [100%] [32m[1mLinking C shared library rosidl_generator_py/custom_message_unity/custom_message_unity_s__rosidl_typesupport_fastrtps_c.cpython-310-x86_64-linux-gnu.so[0m
[19.049s] [100%] Built target custom_message_unity__rosidl_typesupport_c__pyext
[19.059s] [100%] Built target custom_message_unity__rosidl_typesupport_introspection_c__pyext
[19.093s] [100%] Built target custom_message_unity__rosidl_typesupport_fastrtps_c__pyext
[20.507s]   Determining projects to restore...
[21.018s]   All projects are up-to-date for restore.
[22.513s]   custom_message_unity_assembly_dotnetcore -> /home/osawakousei/ros2_ws/build/custom_message_unity/netstandard2.0/custom_message_unity_assembly.dll
[22.579s] [39;49m[92m
[22.580s] ビルドに成功しました。
[22.580s] [39;49m    0 個の警告
[22.581s] [39;49m    0 エラー
[22.581s] [39;49m
[22.581s] 経過時間 00:00:03.28
[22.674s] [100%] Built target custom_message_unity_assembly
[22.719s] Invoked command in '/home/osawakousei/ros2_ws/build/custom_message_unity' returned '0': CMAKE_PREFIX_PATH=${CMAKE_PREFIX_PATH}:/opt/ros/humble /usr/bin/cmake --build /home/osawakousei/ros2_ws/build/custom_message_unity -- -j8 -l8
[23.347s] Invoking command in '/home/osawakousei/ros2_ws/build/custom_message_unity': CMAKE_PREFIX_PATH=${CMAKE_PREFIX_PATH}:/opt/ros/humble /usr/bin/cmake --install /home/osawakousei/ros2_ws/build/custom_message_unity
[23.384s] -- Install configuration: ""
[23.385s] -- Installing: /home/osawakousei/ros2_ws/install/custom_message_unity/share/ament_index/resource_index/rosidl_interfaces/custom_message_unity
[23.386s] -- Installing: /home/osawakousei/ros2_ws/install/custom_message_unity/include/custom_message_unity/custom_message_unity
[23.387s] -- Installing: /home/osawakousei/ros2_ws/install/custom_message_unity/include/custom_message_unity/custom_message_unity/msg
[23.387s] -- Installing: /home/osawakousei/ros2_ws/install/custom_message_unity/include/custom_message_unity/custom_message_unity/msg/rosidl_generator_c__visibility_control.h
[23.388s] -- Installing: /home/osawakousei/ros2_ws/install/custom_message_unity/include/custom_message_unity/custom_message_unity/msg/detail
[23.391s] -- Installing: /home/osawakousei/ros2_ws/install/custom_message_unity/include/custom_message_unity/custom_message_unity/msg/detail/custom_unity__struct.h
[23.391s] -- Installing: /home/osawakousei/ros2_ws/install/custom_message_unity/include/custom_message_unity/custom_message_unity/msg/detail/custom_unity__type_support.h
[23.392s] -- Installing: /home/osawakousei/ros2_ws/install/custom_message_unity/include/custom_message_unity/custom_message_unity/msg/detail/custom_unity__functions.c
[23.392s] -- Installing: /home/osawakousei/ros2_ws/install/custom_message_unity/include/custom_message_unity/custom_message_unity/msg/detail/custom_unity__functions.h
[23.393s] -- Installing: /home/osawakousei/ros2_ws/install/custom_message_unity/include/custom_message_unity/custom_message_unity/msg/custom_unity.h
[23.394s] -- Installing: /home/osawakousei/ros2_ws/install/custom_message_unity/share/custom_message_unity/environment/library_path.sh
[23.394s] -- Installing: /home/osawakousei/ros2_ws/install/custom_message_unity/share/custom_message_unity/environment/library_path.dsv
[23.397s] -- Installing: /home/osawakousei/ros2_ws/install/custom_message_unity/lib/libcustom_message_unity__rosidl_generator_c.so
[23.399s] -- Set runtime path of "/home/osawakousei/ros2_ws/install/custom_message_unity/lib/libcustom_message_unity__rosidl_generator_c.so" to ""
[23.400s] -- Up-to-date: /home/osawakousei/ros2_ws/install/custom_message_unity/include/custom_message_unity/custom_message_unity
[23.400s] -- Up-to-date: /home/osawakousei/ros2_ws/install/custom_message_unity/include/custom_message_unity/custom_message_unity/msg
[23.401s] -- Up-to-date: /home/osawakousei/ros2_ws/install/custom_message_unity/include/custom_message_unity/custom_message_unity/msg/detail
[23.401s] -- Installing: /home/osawakousei/ros2_ws/install/custom_message_unity/include/custom_message_unity/custom_message_unity/msg/detail/custom_unity__rosidl_typesupport_fastrtps_c.h
[23.402s] -- Installing: /home/osawakousei/ros2_ws/install/custom_message_unity/include/custom_message_unity/custom_message_unity/msg/rosidl_typesupport_fastrtps_c__visibility_control.h
[23.402s] -- Installing: /home/osawakousei/ros2_ws/install/custom_message_unity/lib/libcustom_message_unity__rosidl_typesupport_fastrtps_c.so
[23.404s] -- Set runtime path of "/home/osawakousei/ros2_ws/install/custom_message_unity/lib/libcustom_message_unity__rosidl_typesupport_fastrtps_c.so" to ""
[23.404s] -- Up-to-date: /home/osawakousei/ros2_ws/install/custom_message_unity/include/custom_message_unity/custom_message_unity
[23.405s] -- Up-to-date: /home/osawakousei/ros2_ws/install/custom_message_unity/include/custom_message_unity/custom_message_unity/msg
[23.405s] -- Installing: /home/osawakousei/ros2_ws/install/custom_message_unity/include/custom_message_unity/custom_message_unity/msg/custom_unity.hpp
[23.406s] -- Up-to-date: /home/osawakousei/ros2_ws/install/custom_message_unity/include/custom_message_unity/custom_message_unity/msg/detail
[23.406s] -- Installing: /home/osawakousei/ros2_ws/install/custom_message_unity/include/custom_message_unity/custom_message_unity/msg/detail/custom_unity__builder.hpp
[23.407s] -- Installing: /home/osawakousei/ros2_ws/install/custom_message_unity/include/custom_message_unity/custom_message_unity/msg/detail/custom_unity__struct.hpp
[23.408s] -- Installing: /home/osawakousei/ros2_ws/install/custom_message_unity/include/custom_message_unity/custom_message_unity/msg/detail/custom_unity__traits.hpp
[23.408s] -- Up-to-date: /home/osawakousei/ros2_ws/install/custom_message_unity/include/custom_message_unity/custom_message_unity
[23.408s] -- Up-to-date: /home/osawakousei/ros2_ws/install/custom_message_unity/include/custom_message_unity/custom_message_unity/msg
[23.409s] -- Installing: /home/osawakousei/ros2_ws/install/custom_message_unity/include/custom_message_unity/custom_message_unity/msg/rosidl_typesupport_fastrtps_cpp__visibility_control.h
[23.409s] -- Up-to-date: /home/osawakousei/ros2_ws/install/custom_message_unity/include/custom_message_unity/custom_message_unity/msg/detail
[23.410s] -- Installing: /home/osawakousei/ros2_ws/install/custom_message_unity/include/custom_message_unity/custom_message_unity/msg/detail/custom_unity__rosidl_typesupport_fastrtps_cpp.hpp
[23.410s] -- Installing: /home/osawakousei/ros2_ws/install/custom_message_unity/include/custom_message_unity/custom_message_unity/msg/detail/dds_fastrtps
[23.411s] -- Installing: /home/osawakousei/ros2_ws/install/custom_message_unity/lib/libcustom_message_unity__rosidl_typesupport_fastrtps_cpp.so
[23.413s] -- Set runtime path of "/home/osawakousei/ros2_ws/install/custom_message_unity/lib/libcustom_message_unity__rosidl_typesupport_fastrtps_cpp.so" to ""
[23.413s] -- Up-to-date: /home/osawakousei/ros2_ws/install/custom_message_unity/include/custom_message_unity/custom_message_unity
[23.414s] -- Up-to-date: /home/osawakousei/ros2_ws/install/custom_message_unity/include/custom_message_unity/custom_message_unity/msg
[23.415s] -- Installing: /home/osawakousei/ros2_ws/install/custom_message_unity/include/custom_message_unity/custom_message_unity/msg/rosidl_typesupport_introspection_c__visibility_control.h
[23.415s] -- Up-to-date: /home/osawakousei/ros2_ws/install/custom_message_unity/include/custom_message_unity/custom_message_unity/msg/detail
[23.416s] -- Installing: /home/osawakousei/ros2_ws/install/custom_message_unity/include/custom_message_unity/custom_message_unity/msg/detail/custom_unity__rosidl_typesupport_introspection_c.h
[23.416s] -- Installing: /home/osawakousei/ros2_ws/install/custom_message_unity/include/custom_message_unity/custom_message_unity/msg/detail/custom_unity__type_support.c
[23.416s] -- Installing: /home/osawakousei/ros2_ws/install/custom_message_unity/lib/libcustom_message_unity__rosidl_typesupport_introspection_c.so
[23.418s] -- Set runtime path of "/home/osawakousei/ros2_ws/install/custom_message_unity/lib/libcustom_message_unity__rosidl_typesupport_introspection_c.so" to ""
[23.418s] -- Installing: /home/osawakousei/ros2_ws/install/custom_message_unity/lib/libcustom_message_unity__rosidl_typesupport_c.so
[23.420s] -- Set runtime path of "/home/osawakousei/ros2_ws/install/custom_message_unity/lib/libcustom_message_unity__rosidl_typesupport_c.so" to ""
[23.421s] -- Up-to-date: /home/osawakousei/ros2_ws/install/custom_message_unity/include/custom_message_unity/custom_message_unity
[23.422s] -- Up-to-date: /home/osawakousei/ros2_ws/install/custom_message_unity/include/custom_message_unity/custom_message_unity/msg
[23.422s] -- Up-to-date: /home/osawakousei/ros2_ws/install/custom_message_unity/include/custom_message_unity/custom_message_unity/msg/detail
[23.423s] -- Installing: /home/osawakousei/ros2_ws/install/custom_message_unity/include/custom_message_unity/custom_message_unity/msg/detail/custom_unity__rosidl_typesupport_introspection_cpp.hpp
[23.423s] -- Installing: /home/osawakousei/ros2_ws/install/custom_message_unity/include/custom_message_unity/custom_message_unity/msg/detail/custom_unity__type_support.cpp
[23.423s] -- Installing: /home/osawakousei/ros2_ws/install/custom_message_unity/lib/libcustom_message_unity__rosidl_typesupport_introspection_cpp.so
[23.425s] -- Set runtime path of "/home/osawakousei/ros2_ws/install/custom_message_unity/lib/libcustom_message_unity__rosidl_typesupport_introspection_cpp.so" to ""
[23.425s] -- Installing: /home/osawakousei/ros2_ws/install/custom_message_unity/lib/libcustom_message_unity__rosidl_typesupport_cpp.so
[23.428s] -- Set runtime path of "/home/osawakousei/ros2_ws/install/custom_message_unity/lib/libcustom_message_unity__rosidl_typesupport_cpp.so" to ""
[23.429s] -- Installing: /home/osawakousei/ros2_ws/install/custom_message_unity/lib/libcustom_message_unity_custom_unity__rosidl_typesupport_c_native.so
[23.431s] -- Set runtime path of "/home/osawakousei/ros2_ws/install/custom_message_unity/lib/libcustom_message_unity_custom_unity__rosidl_typesupport_c_native.so" to ""
[23.432s] -- Installing: /home/osawakousei/ros2_ws/install/custom_message_unity/lib/libcustom_message_unity_custom_unity__rosidl_typesupport_introspection_c_native.so
[23.434s] -- Set runtime path of "/home/osawakousei/ros2_ws/install/custom_message_unity/lib/libcustom_message_unity_custom_unity__rosidl_typesupport_introspection_c_native.so" to ""
[23.434s] -- Installing: /home/osawakousei/ros2_ws/install/custom_message_unity/lib/libcustom_message_unity_custom_unity__rosidl_typesupport_fastrtps_c_native.so
[23.436s] -- Set runtime path of "/home/osawakousei/ros2_ws/install/custom_message_unity/lib/libcustom_message_unity_custom_unity__rosidl_typesupport_fastrtps_c_native.so" to ""
[23.437s] -- Installing: /home/osawakousei/ros2_ws/install/custom_message_unity/lib/dotnet
[23.437s] -- Installing: /home/osawakousei/ros2_ws/install/custom_message_unity/lib/dotnet/custom_message_unity_assembly.dll
[23.438s] -- Installing: /home/osawakousei/ros2_ws/install/custom_message_unity/lib/dotnet/ros2cs_common.dll
[23.440s] -- Installing: /home/osawakousei/ros2_ws/install/custom_message_unity/lib/dotnet/custom_message_unity_assembly.deps.json
[23.441s] -- Installing: /home/osawakousei/ros2_ws/install/custom_message_unity/share/custom_message_unity/environment/pythonpath.sh
[23.441s] -- Installing: /home/osawakousei/ros2_ws/install/custom_message_unity/share/custom_message_unity/environment/pythonpath.dsv
[23.442s] -- Installing: /home/osawakousei/ros2_ws/install/custom_message_unity/local/lib/python3.10/dist-packages/custom_message_unity-0.0.0-py3.10.egg-info
[23.447s] -- Installing: /home/osawakousei/ros2_ws/install/custom_message_unity/local/lib/python3.10/dist-packages/custom_message_unity-0.0.0-py3.10.egg-info/top_level.txt
[23.447s] -- Installing: /home/osawakousei/ros2_ws/install/custom_message_unity/local/lib/python3.10/dist-packages/custom_message_unity-0.0.0-py3.10.egg-info/SOURCES.txt
[23.448s] -- Installing: /home/osawakousei/ros2_ws/install/custom_message_unity/local/lib/python3.10/dist-packages/custom_message_unity-0.0.0-py3.10.egg-info/dependency_links.txt
[23.448s] -- Installing: /home/osawakousei/ros2_ws/install/custom_message_unity/local/lib/python3.10/dist-packages/custom_message_unity-0.0.0-py3.10.egg-info/PKG-INFO
[23.449s] -- Installing: /home/osawakousei/ros2_ws/install/custom_message_unity/local/lib/python3.10/dist-packages/custom_message_unity
[23.449s] -- Installing: /home/osawakousei/ros2_ws/install/custom_message_unity/local/lib/python3.10/dist-packages/custom_message_unity/_custom_message_unity_s.ep.rosidl_typesupport_fastrtps_c.c
[23.449s] -- Installing: /home/osawakousei/ros2_ws/install/custom_message_unity/local/lib/python3.10/dist-packages/custom_message_unity/custom_message_unity_s__rosidl_typesupport_fastrtps_c.cpython-310-x86_64-linux-gnu.so
[23.450s] -- Installing: /home/osawakousei/ros2_ws/install/custom_message_unity/local/lib/python3.10/dist-packages/custom_message_unity/custom_message_unity_s__rosidl_typesupport_introspection_c.cpython-310-x86_64-linux-gnu.so
[23.451s] -- Installing: /home/osawakousei/ros2_ws/install/custom_message_unity/local/lib/python3.10/dist-packages/custom_message_unity/_custom_message_unity_s.ep.rosidl_typesupport_c.c
[23.451s] -- Installing: /home/osawakousei/ros2_ws/install/custom_message_unity/local/lib/python3.10/dist-packages/custom_message_unity/_custom_message_unity_s.ep.rosidl_typesupport_introspection_c.c
[23.451s] -- Installing: /home/osawakousei/ros2_ws/install/custom_message_unity/local/lib/python3.10/dist-packages/custom_message_unity/__init__.py
[23.451s] -- Installing: /home/osawakousei/ros2_ws/install/custom_message_unity/local/lib/python3.10/dist-packages/custom_message_unity/libcustom_message_unity__rosidl_generator_py.so
[23.453s] -- Installing: /home/osawakousei/ros2_ws/install/custom_message_unity/local/lib/python3.10/dist-packages/custom_message_unity/msg
[23.453s] -- Installing: /home/osawakousei/ros2_ws/install/custom_message_unity/local/lib/python3.10/dist-packages/custom_message_unity/msg/_custom_unity_s.c
[23.454s] -- Installing: /home/osawakousei/ros2_ws/install/custom_message_unity/local/lib/python3.10/dist-packages/custom_message_unity/msg/_custom_unity.py
[23.456s] -- Installing: /home/osawakousei/ros2_ws/install/custom_message_unity/local/lib/python3.10/dist-packages/custom_message_unity/msg/__init__.py
[23.458s] -- Installing: /home/osawakousei/ros2_ws/install/custom_message_unity/local/lib/python3.10/dist-packages/custom_message_unity/custom_message_unity_s__rosidl_typesupport_c.cpython-310-x86_64-linux-gnu.so
[23.592s] Listing '/home/osawakousei/ros2_ws/install/custom_message_unity/local/lib/python3.10/dist-packages/custom_message_unity'...
[23.593s] Compiling '/home/osawakousei/ros2_ws/install/custom_message_unity/local/lib/python3.10/dist-packages/custom_message_unity/__init__.py'...
[23.593s] Listing '/home/osawakousei/ros2_ws/install/custom_message_unity/local/lib/python3.10/dist-packages/custom_message_unity/msg'...
[23.593s] Compiling '/home/osawakousei/ros2_ws/install/custom_message_unity/local/lib/python3.10/dist-packages/custom_message_unity/msg/__init__.py'...
[23.593s] Compiling '/home/osawakousei/ros2_ws/install/custom_message_unity/local/lib/python3.10/dist-packages/custom_message_unity/msg/_custom_unity.py'...
[23.603s] -- Installing: /home/osawakousei/ros2_ws/install/custom_message_unity/local/lib/python3.10/dist-packages/custom_message_unity/custom_message_unity_s__rosidl_typesupport_fastrtps_c.cpython-310-x86_64-linux-gnu.so
[23.605s] -- Set runtime path of "/home/osawakousei/ros2_ws/install/custom_message_unity/local/lib/python3.10/dist-packages/custom_message_unity/custom_message_unity_s__rosidl_typesupport_fastrtps_c.cpython-310-x86_64-linux-gnu.so" to ""
[23.607s] -- Installing: /home/osawakousei/ros2_ws/install/custom_message_unity/local/lib/python3.10/dist-packages/custom_message_unity/custom_message_unity_s__rosidl_typesupport_introspection_c.cpython-310-x86_64-linux-gnu.so
[23.609s] -- Set runtime path of "/home/osawakousei/ros2_ws/install/custom_message_unity/local/lib/python3.10/dist-packages/custom_message_unity/custom_message_unity_s__rosidl_typesupport_introspection_c.cpython-310-x86_64-linux-gnu.so" to ""
[23.611s] -- Installing: /home/osawakousei/ros2_ws/install/custom_message_unity/local/lib/python3.10/dist-packages/custom_message_unity/custom_message_unity_s__rosidl_typesupport_c.cpython-310-x86_64-linux-gnu.so
[23.613s] -- Set runtime path of "/home/osawakousei/ros2_ws/install/custom_message_unity/local/lib/python3.10/dist-packages/custom_message_unity/custom_message_unity_s__rosidl_typesupport_c.cpython-310-x86_64-linux-gnu.so" to ""
[23.613s] -- Installing: /home/osawakousei/ros2_ws/install/custom_message_unity/lib/libcustom_message_unity__rosidl_generator_py.so
[23.616s] -- Set runtime path of "/home/osawakousei/ros2_ws/install/custom_message_unity/lib/libcustom_message_unity__rosidl_generator_py.so" to ""
[23.616s] -- Installing: /home/osawakousei/ros2_ws/install/custom_message_unity/share/custom_message_unity/msg/CustomUnity.idl
[23.617s] -- Installing: /home/osawakousei/ros2_ws/install/custom_message_unity/share/custom_message_unity/msg/CustomUnity.msg
[23.618s] -- Installing: /home/osawakousei/ros2_ws/install/custom_message_unity/share/ament_index/resource_index/package_run_dependencies/custom_message_unity
[23.619s] -- Installing: /home/osawakousei/ros2_ws/install/custom_message_unity/share/ament_index/resource_index/parent_prefix_path/custom_message_unity
[23.620s] -- Installing: /home/osawakousei/ros2_ws/install/custom_message_unity/share/custom_message_unity/environment/ament_prefix_path.sh
[23.621s] -- Installing: /home/osawakousei/ros2_ws/install/custom_message_unity/share/custom_message_unity/environment/ament_prefix_path.dsv
[23.622s] -- Installing: /home/osawakousei/ros2_ws/install/custom_message_unity/share/custom_message_unity/environment/path.sh
[23.623s] -- Installing: /home/osawakousei/ros2_ws/install/custom_message_unity/share/custom_message_unity/environment/path.dsv
[23.623s] -- Installing: /home/osawakousei/ros2_ws/install/custom_message_unity/share/custom_message_unity/local_setup.bash
[23.624s] -- Installing: /home/osawakousei/ros2_ws/install/custom_message_unity/share/custom_message_unity/local_setup.sh
[23.625s] -- Installing: /home/osawakousei/ros2_ws/install/custom_message_unity/share/custom_message_unity/local_setup.zsh
[23.626s] -- Installing: /home/osawakousei/ros2_ws/install/custom_message_unity/share/custom_message_unity/local_setup.dsv
[23.627s] -- Installing: /home/osawakousei/ros2_ws/install/custom_message_unity/share/custom_message_unity/package.dsv
[23.629s] -- Installing: /home/osawakousei/ros2_ws/install/custom_message_unity/share/ament_index/resource_index/packages/custom_message_unity
[23.629s] -- Installing: /home/osawakousei/ros2_ws/install/custom_message_unity/share/custom_message_unity/cmake/export_custom_message_unity__rosidl_generator_cExport.cmake
[23.630s] -- Installing: /home/osawakousei/ros2_ws/install/custom_message_unity/share/custom_message_unity/cmake/export_custom_message_unity__rosidl_generator_cExport-noconfig.cmake
[23.632s] -- Installing: /home/osawakousei/ros2_ws/install/custom_message_unity/share/custom_message_unity/cmake/export_custom_message_unity__rosidl_typesupport_fastrtps_cExport.cmake
[23.633s] -- Installing: /home/osawakousei/ros2_ws/install/custom_message_unity/share/custom_message_unity/cmake/export_custom_message_unity__rosidl_typesupport_fastrtps_cExport-noconfig.cmake
[23.634s] -- Installing: /home/osawakousei/ros2_ws/install/custom_message_unity/share/custom_message_unity/cmake/export_custom_message_unity__rosidl_generator_cppExport.cmake
[23.634s] -- Installing: /home/osawakousei/ros2_ws/install/custom_message_unity/share/custom_message_unity/cmake/export_custom_message_unity__rosidl_typesupport_fastrtps_cppExport.cmake
[23.635s] -- Installing: /home/osawakousei/ros2_ws/install/custom_message_unity/share/custom_message_unity/cmake/export_custom_message_unity__rosidl_typesupport_fastrtps_cppExport-noconfig.cmake
[23.636s] -- Installing: /home/osawakousei/ros2_ws/install/custom_message_unity/share/custom_message_unity/cmake/custom_message_unity__rosidl_typesupport_introspection_cExport.cmake
[23.637s] -- Installing: /home/osawakousei/ros2_ws/install/custom_message_unity/share/custom_message_unity/cmake/custom_message_unity__rosidl_typesupport_introspection_cExport-noconfig.cmake
[23.638s] -- Installing: /home/osawakousei/ros2_ws/install/custom_message_unity/share/custom_message_unity/cmake/custom_message_unity__rosidl_typesupport_cExport.cmake
[23.638s] -- Installing: /home/osawakousei/ros2_ws/install/custom_message_unity/share/custom_message_unity/cmake/custom_message_unity__rosidl_typesupport_cExport-noconfig.cmake
[23.639s] -- Installing: /home/osawakousei/ros2_ws/install/custom_message_unity/share/custom_message_unity/cmake/custom_message_unity__rosidl_typesupport_introspection_cppExport.cmake
[23.640s] -- Installing: /home/osawakousei/ros2_ws/install/custom_message_unity/share/custom_message_unity/cmake/custom_message_unity__rosidl_typesupport_introspection_cppExport-noconfig.cmake
[23.640s] -- Installing: /home/osawakousei/ros2_ws/install/custom_message_unity/share/custom_message_unity/cmake/custom_message_unity__rosidl_typesupport_cppExport.cmake
[23.641s] -- Installing: /home/osawakousei/ros2_ws/install/custom_message_unity/share/custom_message_unity/cmake/custom_message_unity__rosidl_typesupport_cppExport-noconfig.cmake
[23.642s] -- Installing: /home/osawakousei/ros2_ws/install/custom_message_unity/share/custom_message_unity/cmake/export_custom_message_unity__rosidl_generator_pyExport.cmake
[23.642s] -- Installing: /home/osawakousei/ros2_ws/install/custom_message_unity/share/custom_message_unity/cmake/export_custom_message_unity__rosidl_generator_pyExport-noconfig.cmake
[23.643s] -- Installing: /home/osawakousei/ros2_ws/install/custom_message_unity/share/custom_message_unity/cmake/rosidl_cmake-extras.cmake
[23.648s] -- Installing: /home/osawakousei/ros2_ws/install/custom_message_unity/share/custom_message_unity/cmake/ament_cmake_export_include_directories-extras.cmake
[23.649s] -- Installing: /home/osawakousei/ros2_ws/install/custom_message_unity/share/custom_message_unity/cmake/ament_cmake_export_libraries-extras.cmake
[23.649s] -- Installing: /home/osawakousei/ros2_ws/install/custom_message_unity/share/custom_message_unity/cmake/ament_cmake_export_targets-extras.cmake
[23.650s] -- Installing: /home/osawakousei/ros2_ws/install/custom_message_unity/share/custom_message_unity/cmake/rosidl_cmake_export_typesupport_targets-extras.cmake
[23.651s] -- Installing: /home/osawakousei/ros2_ws/install/custom_message_unity/share/custom_message_unity/cmake/ament_cmake_export_dependencies-extras.cmake
[23.653s] -- Installing: /home/osawakousei/ros2_ws/install/custom_message_unity/share/custom_message_unity/cmake/rosidl_cmake_export_typesupport_libraries-extras.cmake
[23.653s] -- Installing: /home/osawakousei/ros2_ws/install/custom_message_unity/share/custom_message_unity/cmake/ament_cmake_export_assemblies-extras.cmake
[23.653s] -- Installing: /home/osawakousei/ros2_ws/install/custom_message_unity/share/custom_message_unity/cmake/custom_message_unityConfig.cmake
[23.654s] -- Installing: /home/osawakousei/ros2_ws/install/custom_message_unity/share/custom_message_unity/cmake/custom_message_unityConfig-version.cmake
[23.654s] -- Installing: /home/osawakousei/ros2_ws/install/custom_message_unity/share/custom_message_unity/package.xml
[23.666s] Invoked command in '/home/osawakousei/ros2_ws/build/custom_message_unity' returned '0': CMAKE_PREFIX_PATH=${CMAKE_PREFIX_PATH}:/opt/ros/humble /usr/bin/cmake --install /home/osawakousei/ros2_ws/build/custom_message_unity
