[0.161s] Invoking command in '/home/osawakousei/ros2_ws/build/cpp_topic_pubsub': CMAKE_PREFIX_PATH=${CMAKE_PREFIX_PATH}:/opt/ros/humble /usr/bin/cmake --build /home/osawakousei/ros2_ws/build/cpp_topic_pubsub -- -j8 -l8
[0.599s] [  8%] Built target cpp_topic_pubsub__rosidl_generator_c
[0.600s] [ 11%] Built target cpp_topic_pubsub__cpp
[0.760s] [ 11%] Built target ament_cmake_python_copy_cpp_topic_pubsub
[1.001s] [ 20%] Built target cpp_topic_pubsub__rosidl_typesupport_fastrtps_c
[1.015s] [ 28%] Built target cpp_topic_pubsub__rosidl_typesupport_cpp
[1.024s] [ 37%] Built target cpp_topic_pubsub__rosidl_typesupport_fastrtps_cpp
[1.046s] [ 45%] Built target cpp_topic_pubsub__rosidl_typesupport_introspection_cpp
[1.081s] [ 54%] Built target cpp_topic_pubsub__rosidl_typesupport_introspection_c
[1.087s] [ 62%] Built target cpp_topic_pubsub__rosidl_typesupport_c
[1.276s] [ 68%] Built target practice_subscriber_node
[1.325s] [ 68%] Built target cpp_topic_pubsub
[1.342s] [ 74%] Built target practice_publisher_node
[1.452s] [ 77%] Built target cpp_topic_pubsub__py
[1.689s] [ 82%] Built target cpp_topic_pubsub__rosidl_generator_py
[1.918s] [ 88%] Built target cpp_topic_pubsub__rosidl_typesupport_fastrtps_c__pyext
[1.942s] [ 94%] Built target cpp_topic_pubsub__rosidl_typesupport_introspection_c__pyext
[1.944s] [100%] Built target cpp_topic_pubsub__rosidl_typesupport_c__pyext
[2.124s] running egg_info
[2.127s] writing cpp_topic_pubsub.egg-info/PKG-INFO
[2.128s] writing dependency_links to cpp_topic_pubsub.egg-info/dependency_links.txt
[2.129s] writing top-level names to cpp_topic_pubsub.egg-info/top_level.txt
[2.136s] reading manifest file 'cpp_topic_pubsub.egg-info/SOURCES.txt'
[2.139s] writing manifest file 'cpp_topic_pubsub.egg-info/SOURCES.txt'
[2.238s] [100%] Built target ament_cmake_python_build_cpp_topic_pubsub_egg
