[01m[K/home/osawakousei/ros2_ws/src/cpp_topic_pubsub/src/publisher_node.cpp:[m[K In lambda function:
[01m[K/home/osawakousei/ros2_ws/src/cpp_topic_pubsub/src/publisher_node.cpp:20:21:[m[K [01;31m[Kerror: [m[K‘[01m[Kstruct cpp_topic_pubsub::msg::PracticeMsg_<std::allocator<void> >[m[K’ has no member named ‘[01m[Kname[m[K’
   20 |             message.[01;31m[Kname[m[K = "PortCharlot";  // 6500円のウイスキー (実在)
      |                     [01;31m[K^~~~[m[K
[01m[K/home/osawakousei/ros2_ws/src/cpp_topic_pubsub/src/publisher_node.cpp:21:21:[m[K [01;31m[Kerror: [m[K‘[01m[Kstruct cpp_topic_pubsub::msg::PracticeMsg_<std::allocator<void> >[m[K’ has no member named ‘[01m[Kprice[m[K’
   21 |             message.[01;31m[Kprice[m[K = 6500;
      |                     [01;31m[K^~~~~[m[K
[01m[K/home/osawakousei/ros2_ws/src/cpp_topic_pubsub/src/publisher_node.cpp:22:21:[m[K [01;31m[Kerror: [m[K‘[01m[Kstruct cpp_topic_pubsub::msg::PracticeMsg_<std::allocator<void> >[m[K’ has no member named ‘[01m[Kproduct_type[m[K’
   22 |             message.[01;31m[Kproduct_type[m[K = cpp_topic_pubsub::msg::PracticeMsg::PRODUCT_TYPE_WHISKEY;
      |                     [01;31m[K^~~~~~~~~~~~[m[K
[01m[K/home/osawakousei/ros2_ws/src/cpp_topic_pubsub/src/publisher_node.cpp:22:72:[m[K [01;31m[Kerror: [m[K‘[01m[KPRODUCT_TYPE_WHISKEY[m[K’ is not a member of ‘[01m[Kcpp_topic_pubsub::msg::PracticeMsg[m[K’ {aka ‘[01m[Kcpp_topic_pubsub::msg::PracticeMsg_<std::allocator<void> >[m[K’}
   22 |             message.product_type = cpp_topic_pubsub::msg::PracticeMsg::[01;31m[KPRODUCT_TYPE_WHISKEY[m[K;
      |                                                                        [01;31m[K^~~~~~~~~~~~~~~~~~~~[m[K
In file included from [01m[K/opt/ros/humble/include/rclcpp/rclcpp/logging.hpp:24[m[K,
                 from [01m[K/opt/ros/humble/include/rclcpp/rclcpp/client.hpp:40[m[K,
                 from [01m[K/opt/ros/humble/include/rclcpp/rclcpp/callback_group.hpp:24[m[K,
                 from [01m[K/opt/ros/humble/include/rclcpp/rclcpp/any_executable.hpp:20[m[K,
                 from [01m[K/opt/ros/humble/include/rclcpp/rclcpp/memory_strategy.hpp:25[m[K,
                 from [01m[K/opt/ros/humble/include/rclcpp/rclcpp/memory_strategies.hpp:18[m[K,
                 from [01m[K/opt/ros/humble/include/rclcpp/rclcpp/executor_options.hpp:20[m[K,
                 from [01m[K/opt/ros/humble/include/rclcpp/rclcpp/executor.hpp:37[m[K,
                 from [01m[K/opt/ros/humble/include/rclcpp/rclcpp/executors/multi_threaded_executor.hpp:25[m[K,
                 from [01m[K/opt/ros/humble/include/rclcpp/rclcpp/executors.hpp:21[m[K,
                 from [01m[K/opt/ros/humble/include/rclcpp/rclcpp/rclcpp.hpp:155[m[K,
                 from [01m[K/home/osawakousei/ros2_ws/src/cpp_topic_pubsub/src/subscriber_node.cpp:7[m[K:
[01m[K/home/osawakousei/ros2_ws/src/cpp_topic_pubsub/src/subscriber_node.cpp:[m[K In lambda function:
[01m[K/home/osawakousei/ros2_ws/src/cpp_topic_pubsub/src/subscriber_node.cpp:15:80:[m[K [01;31m[Kerror: [m[K‘[01m[Kconst PracticeMsg[m[K’ {aka ‘[01m[Kconst struct cpp_topic_pubsub::msg::PracticeMsg_<std::allocator<void> >[m[K’} has no member named ‘[01m[Kname[m[K’
   15 |             RCLCPP_INFO(this->get_logger(), "product name: %s, price: %d", msg.[01;31m[Kname[m[K.c_str(), msg.price);
      |                                                                                [01;31m[K^~~~[m[K
[01m[K/home/osawakousei/ros2_ws/src/cpp_topic_pubsub/src/subscriber_node.cpp:15:98:[m[K [01;31m[Kerror: [m[K‘[01m[Kconst PracticeMsg[m[K’ {aka ‘[01m[Kconst struct cpp_topic_pubsub::msg::PracticeMsg_<std::allocator<void> >[m[K’} has no member named ‘[01m[Kprice[m[K’
   15 |             RCLCPP_INFO(this->get_logger(), "product name: %s, price: %d", msg.name.c_str(), msg.[01;31m[Kprice[m[K);
      |                                                                                                  [01;31m[K^~~~~[m[K
gmake[2]: *** [CMakeFiles/practice_publisher_node.dir/build.make:76: CMakeFiles/practice_publisher_node.dir/src/publisher_node.cpp.o] エラー 1
gmake[1]: *** [CMakeFiles/Makefile2:595: CMakeFiles/practice_publisher_node.dir/all] エラー 2
gmake[1]: *** 未完了のジョブを待っています....
gmake[2]: *** [CMakeFiles/practice_subscriber_node.dir/build.make:76: CMakeFiles/practice_subscriber_node.dir/src/subscriber_node.cpp.o] エラー 1
gmake[1]: *** [CMakeFiles/Makefile2:622: CMakeFiles/practice_subscriber_node.dir/all] エラー 2
gmake: *** [Makefile:146: all] エラー 2
