[0.059s] Invoking command in '/home/osawakousei/ros2_ws/src/cpp_topic_pubsub/build/cpp_topic_pubsub': CMAKE_PREFIX_PATH=${CMAKE_PREFIX_PATH}:/opt/ros/humble /usr/bin/cmake /home/osawakousei/ros2_ws/src/cpp_topic_pubsub -DCMAKE_INSTALL_PREFIX=/home/osawakousei/ros2_ws/src/cpp_topic_pubsub/install/cpp_topic_pubsub
[0.101s] -- Found ament_cmake: 1.3.5 (/opt/ros/humble/share/ament_cmake/cmake)
[0.549s] -- Found rclcpp: 16.0.5 (/opt/ros/humble/share/rclcpp/cmake)
[0.626s] -- Found rosidl_generator_c: 3.1.5 (/opt/ros/humble/share/rosidl_generator_c/cmake)
[0.632s] -- Found rosidl_adapter: 3.1.5 (/opt/ros/humble/share/rosidl_adapter/cmake)
[0.650s] -- Found rosidl_generator_cpp: 3.1.5 (/opt/ros/humble/share/rosidl_generator_cpp/cmake)
[0.681s] -- Using all available rosidl_typesupport_c: rosidl_typesupport_fastrtps_c;rosidl_typesupport_introspection_c
[0.724s] -- Using all available rosidl_typesupport_cpp: rosidl_typesupport_fastrtps_cpp;rosidl_typesupport_introspection_cpp
[0.886s] -- Found rmw_implementation_cmake: 6.1.1 (/opt/ros/humble/share/rmw_implementation_cmake/cmake)
[0.891s] -- Found rmw_fastrtps_cpp: 6.2.3 (/opt/ros/humble/share/rmw_fastrtps_cpp/cmake)
[1.221s] -- Using RMW implementation 'rmw_fastrtps_cpp' as default
[1.650s] -- Found rosidl_default_generators: 1.2.0 (/opt/ros/humble/share/rosidl_default_generators/cmake)
[1.673s] -- Found ament_lint_auto: 0.12.7 (/opt/ros/humble/share/ament_lint_auto/cmake)
[2.549s] -- Found ament_cmake_ros: 0.10.0 (/opt/ros/humble/share/ament_cmake_ros/cmake)
[3.598s] -- Using all available rosidl_typesupport_c: rosidl_typesupport_fastrtps_c;rosidl_typesupport_introspection_c
[3.978s] -- Using all available rosidl_typesupport_cpp: rosidl_typesupport_fastrtps_cpp;rosidl_typesupport_introspection_cpp
[4.114s] -- Found PythonInterp: /usr/bin/python3 (found suitable version "3.10.12", minimum required is "3.6") 
[4.132s] -- Found python_cmake_module: 0.10.0 (/opt/ros/humble/share/python_cmake_module/cmake)
[4.223s] -- Found PythonLibs: /usr/lib/x86_64-linux-gnu/libpython3.10.so (found suitable version "3.10.12", minimum required is "3.5") 
[4.223s] -- Using PYTHON_EXECUTABLE: /usr/bin/python3
[4.223s] -- Using PYTHON_INCLUDE_DIRS: /usr/include/python3.10
[4.223s] -- Using PYTHON_LIBRARIES: /usr/lib/x86_64-linux-gnu/libpython3.10.so
[4.281s] -- Found PythonExtra: .so  
[4.516s] -- Added test 'cppcheck' to perform static code analysis on C / C++ code
[4.517s] -- Configured cppcheck include dirs: $<BUILD_INTERFACE:/home/osawakousei/ros2_ws/src/cpp_topic_pubsub/build/cpp_topic_pubsub/rosidl_generator_c>;$<BUILD_INTERFACE:/home/osawakousei/ros2_ws/src/cpp_topic_pubsub/build/cpp_topic_pubsub/rosidl_typesupport_fastrtps_c>;$<BUILD_INTERFACE:/home/osawakousei/ros2_ws/src/cpp_topic_pubsub/build/cpp_topic_pubsub/rosidl_generator_cpp>;$<BUILD_INTERFACE:/home/osawakousei/ros2_ws/src/cpp_topic_pubsub/build/cpp_topic_pubsub/rosidl_typesupport_fastrtps_cpp>;$<BUILD_INTERFACE:/home/osawakousei/ros2_ws/src/cpp_topic_pubsub/build/cpp_topic_pubsub/rosidl_typesupport_introspection_c>;$<BUILD_INTERFACE:/home/osawakousei/ros2_ws/src/cpp_topic_pubsub/build/cpp_topic_pubsub/rosidl_typesupport_introspection_cpp>;/home/osawakousei/ros2_ws/src/cpp_topic_pubsub/build/cpp_topic_pubsub/rosidl_generator_c;/home/osawakousei/ros2_ws/src/cpp_topic_pubsub/build/cpp_topic_pubsub/rosidl_generator_py
[4.517s] -- Configured cppcheck exclude dirs and/or files: 
[4.527s] -- Added test 'flake8' to check Python code syntax and style conventions
[4.544s] -- Added test 'lint_cmake' to check CMake code style
[4.550s] -- Added test 'pep257' to check Python code against some of the docstring style conventions in PEP 257
[4.600s] -- Added test 'uncrustify' to check C / C++ code style
[4.600s] -- Configured uncrustify additional arguments: 
[4.606s] -- Added test 'xmllint' to check XML markup files
[4.669s] -- Configuring done
[4.789s] -- Generating done
[4.797s] -- Build files have been written to: /home/osawakousei/ros2_ws/src/cpp_topic_pubsub/build/cpp_topic_pubsub
[4.822s] Invoked command in '/home/osawakousei/ros2_ws/src/cpp_topic_pubsub/build/cpp_topic_pubsub' returned '0': CMAKE_PREFIX_PATH=${CMAKE_PREFIX_PATH}:/opt/ros/humble /usr/bin/cmake /home/osawakousei/ros2_ws/src/cpp_topic_pubsub -DCMAKE_INSTALL_PREFIX=/home/osawakousei/ros2_ws/src/cpp_topic_pubsub/install/cpp_topic_pubsub
[4.829s] Invoking command in '/home/osawakousei/ros2_ws/src/cpp_topic_pubsub/build/cpp_topic_pubsub': CMAKE_PREFIX_PATH=${CMAKE_PREFIX_PATH}:/opt/ros/humble /usr/bin/cmake --build /home/osawakousei/ros2_ws/src/cpp_topic_pubsub/build/cpp_topic_pubsub -- -j8 -l8
[4.975s] [  2%] [34m[1mGenerating C code for ROS interfaces[0m
[5.017s] [  5%] [34m[1mGenerating C++ code for ROS interfaces[0m
[5.042s] [  5%] Built target ament_cmake_python_copy_cpp_topic_pubsub
[5.685s] [  5%] Built target cpp_topic_pubsub__cpp
[5.735s] [  8%] [34m[1mGenerating C++ type support dispatch for ROS interfaces[0m
[5.735s] [ 11%] [34m[1mGenerating C++ type support for eProsima Fast-RTPS[0m
[5.736s] [ 14%] [34m[1mGenerating C++ introspection for ROS interfaces[0m
[5.787s] [ 17%] [32mBuilding C object CMakeFiles/cpp_topic_pubsub__rosidl_generator_c.dir/rosidl_generator_c/cpp_topic_pubsub/msg/detail/practice_msg__functions.c.o[0m
[5.863s] running egg_info
[5.865s] creating cpp_topic_pubsub.egg-info
[5.866s] writing cpp_topic_pubsub.egg-info/PKG-INFO
[5.867s] writing dependency_links to cpp_topic_pubsub.egg-info/dependency_links.txt
[5.867s] writing top-level names to cpp_topic_pubsub.egg-info/top_level.txt
[5.868s] writing manifest file 'cpp_topic_pubsub.egg-info/SOURCES.txt'
[5.873s] reading manifest file 'cpp_topic_pubsub.egg-info/SOURCES.txt'
[5.875s] writing manifest file 'cpp_topic_pubsub.egg-info/SOURCES.txt'
[5.965s] [ 17%] Built target ament_cmake_python_build_cpp_topic_pubsub_egg
[6.000s] [ 20%] [32m[1mLinking C shared library libcpp_topic_pubsub__rosidl_generator_c.so[0m
[6.162s] [ 20%] Built target cpp_topic_pubsub__rosidl_generator_c
[6.207s] [ 22%] [34m[1mGenerating C type support for eProsima Fast-RTPS[0m
[6.207s] [ 25%] [34m[1mGenerating C introspection for ROS interfaces[0m
[6.214s] [ 28%] [34m[1mGenerating C type support dispatch for ROS interfaces[0m
[6.465s] [ 31%] [32mBuilding CXX object CMakeFiles/cpp_topic_pubsub__rosidl_typesupport_cpp.dir/rosidl_typesupport_cpp/cpp_topic_pubsub/msg/practice_msg__type_support.cpp.o[0m
[6.526s] [ 34%] [32mBuilding CXX object CMakeFiles/cpp_topic_pubsub__rosidl_typesupport_introspection_cpp.dir/rosidl_typesupport_introspection_cpp/cpp_topic_pubsub/msg/detail/practice_msg__type_support.cpp.o[0m
[6.531s] [ 37%] [32mBuilding CXX object CMakeFiles/cpp_topic_pubsub__rosidl_typesupport_fastrtps_cpp.dir/rosidl_typesupport_fastrtps_cpp/cpp_topic_pubsub/msg/detail/dds_fastrtps/practice_msg__type_support.cpp.o[0m
[6.953s] [ 40%] [32mBuilding CXX object CMakeFiles/cpp_topic_pubsub__rosidl_typesupport_c.dir/rosidl_typesupport_c/cpp_topic_pubsub/msg/practice_msg__type_support.cpp.o[0m
[7.000s] [ 42%] [32mBuilding C object CMakeFiles/cpp_topic_pubsub__rosidl_typesupport_introspection_c.dir/rosidl_typesupport_introspection_c/cpp_topic_pubsub/msg/detail/practice_msg__type_support.c.o[0m
[7.017s] [ 45%] [32mBuilding CXX object CMakeFiles/cpp_topic_pubsub__rosidl_typesupport_fastrtps_c.dir/rosidl_typesupport_fastrtps_c/cpp_topic_pubsub/msg/detail/practice_msg__type_support_c.cpp.o[0m
[7.083s] [ 48%] [32m[1mLinking CXX shared library libcpp_topic_pubsub__rosidl_typesupport_c.so[0m
[7.149s] [ 51%] [32m[1mLinking C shared library libcpp_topic_pubsub__rosidl_typesupport_introspection_c.so[0m
[7.268s] [ 51%] Built target cpp_topic_pubsub__rosidl_typesupport_c
[7.289s] [ 51%] Built target cpp_topic_pubsub__rosidl_typesupport_introspection_c
[7.396s] [ 54%] [32m[1mLinking CXX shared library libcpp_topic_pubsub__rosidl_typesupport_cpp.so[0m
[7.622s] [ 54%] Built target cpp_topic_pubsub__rosidl_typesupport_cpp
[7.723s] [ 60%] [32mBuilding CXX object CMakeFiles/practice_subscriber_node.dir/src/subscriber_node.cpp.o[0m
[7.724s] [ 60%] [32mBuilding CXX object CMakeFiles/practice_publisher_node.dir/src/publisher_node.cpp.o[0m
[7.789s] [ 62%] [32m[1mLinking CXX shared library libcpp_topic_pubsub__rosidl_typesupport_introspection_cpp.so[0m
[7.841s] [ 65%] [32m[1mLinking CXX shared library libcpp_topic_pubsub__rosidl_typesupport_fastrtps_cpp.so[0m
[7.962s] [ 65%] Built target cpp_topic_pubsub__rosidl_typesupport_introspection_cpp
[8.088s] [ 68%] [32m[1mLinking CXX shared library libcpp_topic_pubsub__rosidl_typesupport_fastrtps_c.so[0m
[8.113s] [ 68%] Built target cpp_topic_pubsub__rosidl_typesupport_fastrtps_cpp
[8.380s] [ 68%] Built target cpp_topic_pubsub__rosidl_typesupport_fastrtps_c
[8.485s] [ 68%] Built target cpp_topic_pubsub
[8.581s] [ 71%] [34m[1mGenerating Python code for ROS interfaces[0m
[9.382s] [ 71%] Built target cpp_topic_pubsub__py
[9.499s] [ 74%] [32mBuilding C object CMakeFiles/cpp_topic_pubsub__rosidl_generator_py.dir/rosidl_generator_py/cpp_topic_pubsub/msg/_practice_msg_s.c.o[0m
[10.021s] [ 77%] [32m[1mLinking C shared library rosidl_generator_py/cpp_topic_pubsub/libcpp_topic_pubsub__rosidl_generator_py.so[0m
[10.264s] [ 77%] Built target cpp_topic_pubsub__rosidl_generator_py
[10.376s] [ 80%] [32mBuilding C object CMakeFiles/cpp_topic_pubsub__rosidl_typesupport_fastrtps_c__pyext.dir/rosidl_generator_py/cpp_topic_pubsub/_cpp_topic_pubsub_s.ep.rosidl_typesupport_fastrtps_c.c.o[0m
[10.376s] [ 82%] [32mBuilding C object CMakeFiles/cpp_topic_pubsub__rosidl_typesupport_c__pyext.dir/rosidl_generator_py/cpp_topic_pubsub/_cpp_topic_pubsub_s.ep.rosidl_typesupport_c.c.o[0m
[10.394s] [ 85%] [32mBuilding C object CMakeFiles/cpp_topic_pubsub__rosidl_typesupport_introspection_c__pyext.dir/rosidl_generator_py/cpp_topic_pubsub/_cpp_topic_pubsub_s.ep.rosidl_typesupport_introspection_c.c.o[0m
[10.801s] [ 88%] [32m[1mLinking C shared library rosidl_generator_py/cpp_topic_pubsub/cpp_topic_pubsub_s__rosidl_typesupport_c.cpython-310-x86_64-linux-gnu.so[0m
[10.812s] [ 91%] [32m[1mLinking C shared library rosidl_generator_py/cpp_topic_pubsub/cpp_topic_pubsub_s__rosidl_typesupport_fastrtps_c.cpython-310-x86_64-linux-gnu.so[0m
[10.813s] [ 94%] [32m[1mLinking C shared library rosidl_generator_py/cpp_topic_pubsub/cpp_topic_pubsub_s__rosidl_typesupport_introspection_c.cpython-310-x86_64-linux-gnu.so[0m
[10.960s] [ 94%] Built target cpp_topic_pubsub__rosidl_typesupport_c__pyext
[10.968s] [ 94%] Built target cpp_topic_pubsub__rosidl_typesupport_fastrtps_c__pyext
[10.974s] [ 94%] Built target cpp_topic_pubsub__rosidl_typesupport_introspection_c__pyext
[15.639s] [01m[K/home/osawakousei/ros2_ws/src/cpp_topic_pubsub/src/publisher_node.cpp:[m[K In lambda function:
[15.639s] [01m[K/home/osawakousei/ros2_ws/src/cpp_topic_pubsub/src/publisher_node.cpp:20:21:[m[K [01;31m[Kerror: [m[K‘[01m[Kstruct cpp_topic_pubsub::msg::PracticeMsg_<std::allocator<void> >[m[K’ has no member named ‘[01m[Kname[m[K’
[15.640s]    20 |             message.[01;31m[Kname[m[K = "PortCharlot";  // 6500円のウイスキー (実在)
[15.640s]       |                     [01;31m[K^~~~[m[K
[15.640s] [01m[K/home/osawakousei/ros2_ws/src/cpp_topic_pubsub/src/publisher_node.cpp:21:21:[m[K [01;31m[Kerror: [m[K‘[01m[Kstruct cpp_topic_pubsub::msg::PracticeMsg_<std::allocator<void> >[m[K’ has no member named ‘[01m[Kprice[m[K’
[15.640s]    21 |             message.[01;31m[Kprice[m[K = 6500;
[15.640s]       |                     [01;31m[K^~~~~[m[K
[15.641s] [01m[K/home/osawakousei/ros2_ws/src/cpp_topic_pubsub/src/publisher_node.cpp:22:21:[m[K [01;31m[Kerror: [m[K‘[01m[Kstruct cpp_topic_pubsub::msg::PracticeMsg_<std::allocator<void> >[m[K’ has no member named ‘[01m[Kproduct_type[m[K’
[15.641s]    22 |             message.[01;31m[Kproduct_type[m[K = cpp_topic_pubsub::msg::PracticeMsg::PRODUCT_TYPE_WHISKEY;
[15.641s]       |                     [01;31m[K^~~~~~~~~~~~[m[K
[15.642s] [01m[K/home/osawakousei/ros2_ws/src/cpp_topic_pubsub/src/publisher_node.cpp:22:72:[m[K [01;31m[Kerror: [m[K‘[01m[KPRODUCT_TYPE_WHISKEY[m[K’ is not a member of ‘[01m[Kcpp_topic_pubsub::msg::PracticeMsg[m[K’ {aka ‘[01m[Kcpp_topic_pubsub::msg::PracticeMsg_<std::allocator<void> >[m[K’}
[15.642s]    22 |             message.product_type = cpp_topic_pubsub::msg::PracticeMsg::[01;31m[KPRODUCT_TYPE_WHISKEY[m[K;
[15.642s]       |                                                                        [01;31m[K^~~~~~~~~~~~~~~~~~~~[m[K
[15.642s] In file included from [01m[K/opt/ros/humble/include/rclcpp/rclcpp/logging.hpp:24[m[K,
[15.643s]                  from [01m[K/opt/ros/humble/include/rclcpp/rclcpp/client.hpp:40[m[K,
[15.643s]                  from [01m[K/opt/ros/humble/include/rclcpp/rclcpp/callback_group.hpp:24[m[K,
[15.643s]                  from [01m[K/opt/ros/humble/include/rclcpp/rclcpp/any_executable.hpp:20[m[K,
[15.643s]                  from [01m[K/opt/ros/humble/include/rclcpp/rclcpp/memory_strategy.hpp:25[m[K,
[15.643s]                  from [01m[K/opt/ros/humble/include/rclcpp/rclcpp/memory_strategies.hpp:18[m[K,
[15.644s]                  from [01m[K/opt/ros/humble/include/rclcpp/rclcpp/executor_options.hpp:20[m[K,
[15.644s]                  from [01m[K/opt/ros/humble/include/rclcpp/rclcpp/executor.hpp:37[m[K,
[15.644s]                  from [01m[K/opt/ros/humble/include/rclcpp/rclcpp/executors/multi_threaded_executor.hpp:25[m[K,
[15.644s]                  from [01m[K/opt/ros/humble/include/rclcpp/rclcpp/executors.hpp:21[m[K,
[15.644s]                  from [01m[K/opt/ros/humble/include/rclcpp/rclcpp/rclcpp.hpp:155[m[K,
[15.645s]                  from [01m[K/home/osawakousei/ros2_ws/src/cpp_topic_pubsub/src/subscriber_node.cpp:7[m[K:
[15.645s] [01m[K/home/osawakousei/ros2_ws/src/cpp_topic_pubsub/src/subscriber_node.cpp:[m[K In lambda function:
[15.645s] [01m[K/home/osawakousei/ros2_ws/src/cpp_topic_pubsub/src/subscriber_node.cpp:15:80:[m[K [01;31m[Kerror: [m[K‘[01m[Kconst PracticeMsg[m[K’ {aka ‘[01m[Kconst struct cpp_topic_pubsub::msg::PracticeMsg_<std::allocator<void> >[m[K’} has no member named ‘[01m[Kname[m[K’
[15.645s]    15 |             RCLCPP_INFO(this->get_logger(), "product name: %s, price: %d", msg.[01;31m[Kname[m[K.c_str(), msg.price);
[15.646s]       |                                                                                [01;31m[K^~~~[m[K
[15.646s] [01m[K/home/osawakousei/ros2_ws/src/cpp_topic_pubsub/src/subscriber_node.cpp:15:98:[m[K [01;31m[Kerror: [m[K‘[01m[Kconst PracticeMsg[m[K’ {aka ‘[01m[Kconst struct cpp_topic_pubsub::msg::PracticeMsg_<std::allocator<void> >[m[K’} has no member named ‘[01m[Kprice[m[K’
[15.646s]    15 |             RCLCPP_INFO(this->get_logger(), "product name: %s, price: %d", msg.name.c_str(), msg.[01;31m[Kprice[m[K);
[15.646s]       |                                                                                                  [01;31m[K^~~~~[m[K
[17.989s] gmake[2]: *** [CMakeFiles/practice_publisher_node.dir/build.make:76: CMakeFiles/practice_publisher_node.dir/src/publisher_node.cpp.o] エラー 1
[17.990s] gmake[1]: *** [CMakeFiles/Makefile2:595: CMakeFiles/practice_publisher_node.dir/all] エラー 2
[17.990s] gmake[1]: *** 未完了のジョブを待っています....
[22.049s] gmake[2]: *** [CMakeFiles/practice_subscriber_node.dir/build.make:76: CMakeFiles/practice_subscriber_node.dir/src/subscriber_node.cpp.o] エラー 1
[22.050s] gmake[1]: *** [CMakeFiles/Makefile2:622: CMakeFiles/practice_subscriber_node.dir/all] エラー 2
[22.050s] gmake: *** [Makefile:146: all] エラー 2
[22.059s] Invoked command in '/home/osawakousei/ros2_ws/src/cpp_topic_pubsub/build/cpp_topic_pubsub' returned '2': CMAKE_PREFIX_PATH=${CMAKE_PREFIX_PATH}:/opt/ros/humble /usr/bin/cmake --build /home/osawakousei/ros2_ws/src/cpp_topic_pubsub/build/cpp_topic_pubsub -- -j8 -l8
