[0.059s] Invoking command in '/home/kousei/ros2_ws/src/build/cpp_topic_pubsub': CMAKE_PREFIX_PATH=/opt/ros/humble /usr/bin/cmake /home/kousei/ros2_ws/src/cpp_topic_pubsub -DCMAKE_INSTALL_PREFIX=/home/kousei/ros2_ws/src/install/cpp_topic_pubsub
[0.092s] -- The C compiler identification is GNU 11.4.0
[0.135s] -- The CXX compiler identification is GNU 11.4.0
[0.141s] -- Detecting C compiler ABI info
[0.188s] -- Detecting C compiler ABI info - done
[0.193s] -- Check for working C compiler: /usr/bin/cc - skipped
[0.193s] -- Detecting C compile features
[0.194s] -- Detecting C compile features - done
[0.196s] -- Detecting CXX compiler ABI info
[0.243s] -- Detecting CXX compiler ABI info - done
[0.250s] -- Check for working CXX compiler: /usr/bin/c++ - skipped
[0.251s] -- Detecting CXX compile features
[0.251s] -- Detecting CXX compile features - done
[0.252s] -- Found ament_cmake: 1.3.6 (/opt/ros/humble/share/ament_cmake/cmake)
[0.384s] -- Found Python3: /usr/bin/python3.10 (found version "3.10.12") found components: Interpreter 
[0.450s] -- Found rclcpp: 16.0.7 (/opt/ros/humble/share/rclcpp/cmake)
[0.476s] -- Found rosidl_generator_c: 3.1.5 (/opt/ros/humble/share/rosidl_generator_c/cmake)
[0.479s] -- Found rosidl_adapter: 3.1.5 (/opt/ros/humble/share/rosidl_adapter/cmake)
[0.484s] -- Found rosidl_generator_cpp: 3.1.5 (/opt/ros/humble/share/rosidl_generator_cpp/cmake)
[0.496s] -- Using all available rosidl_typesupport_c: rosidl_typesupport_fastrtps_c;rosidl_typesupport_introspection_c
[0.508s] -- Using all available rosidl_typesupport_cpp: rosidl_typesupport_fastrtps_cpp;rosidl_typesupport_introspection_cpp
[0.575s] -- Found rmw_implementation_cmake: 6.1.1 (/opt/ros/humble/share/rmw_implementation_cmake/cmake)
[0.577s] -- Found rmw_fastrtps_cpp: 6.2.5 (/opt/ros/humble/share/rmw_fastrtps_cpp/cmake)
[0.675s] -- Found OpenSSL: /usr/lib/x86_64-linux-gnu/libcrypto.so (found version "3.0.2")  
[0.697s] -- Found FastRTPS: /opt/ros/humble/include  
[0.728s] -- Using RMW implementation 'rmw_fastrtps_cpp' as default
[0.737s] -- Looking for pthread.h
[0.789s] -- Looking for pthread.h - found
[0.789s] -- Performing Test CMAKE_HAVE_LIBC_PTHREAD
[0.837s] -- Performing Test CMAKE_HAVE_LIBC_PTHREAD - Success
[0.838s] -- Found Threads: TRUE  
[0.959s] -- Found rosidl_default_generators: 1.2.0 (/opt/ros/humble/share/rosidl_default_generators/cmake)
[0.964s] -- Found ament_lint_auto: 0.12.9 (/opt/ros/humble/share/ament_lint_auto/cmake)
[1.132s] -- Found ament_cmake_ros: 0.10.0 (/opt/ros/humble/share/ament_cmake_ros/cmake)
[1.411s] -- Using all available rosidl_typesupport_c: rosidl_typesupport_fastrtps_c;rosidl_typesupport_introspection_c
[1.542s] -- Using all available rosidl_typesupport_cpp: rosidl_typesupport_fastrtps_cpp;rosidl_typesupport_introspection_cpp
[1.561s] -- Found PythonInterp: /usr/bin/python3 (found suitable version "3.10.12", minimum required is "3.6") 
[1.563s] -- Found python_cmake_module: 0.10.0 (/opt/ros/humble/share/python_cmake_module/cmake)
[1.589s] -- Found PythonLibs: /usr/lib/x86_64-linux-gnu/libpython3.10.so (found suitable version "3.10.12", minimum required is "3.5") 
[1.589s] -- Using PYTHON_EXECUTABLE: /usr/bin/python3
[1.589s] -- Using PYTHON_INCLUDE_DIRS: /usr/include/python3.10
[1.589s] -- Using PYTHON_LIBRARIES: /usr/lib/x86_64-linux-gnu/libpython3.10.so
[1.606s] -- Found PythonExtra: .so  
[1.663s] -- Added test 'cppcheck' to perform static code analysis on C / C++ code
[1.663s] -- Configured cppcheck include dirs: 
[1.663s] -- Configured cppcheck exclude dirs and/or files: 
[1.667s] -- Added test 'flake8' to check Python code syntax and style conventions
[1.675s] -- Added test 'lint_cmake' to check CMake code style
[1.679s] -- Added test 'pep257' to check Python code against some of the docstring style conventions in PEP 257
[1.721s] -- Added test 'uncrustify' to check C / C++ code style
[1.721s] -- Configured uncrustify additional arguments: 
[1.734s] -- Added test 'xmllint' to check XML markup files
[1.734s] -- Configuring done
[1.763s] -- Generating done
[1.767s] -- Build files have been written to: /home/kousei/ros2_ws/src/build/cpp_topic_pubsub
[1.783s] Invoked command in '/home/kousei/ros2_ws/src/build/cpp_topic_pubsub' returned '0': CMAKE_PREFIX_PATH=/opt/ros/humble /usr/bin/cmake /home/kousei/ros2_ws/src/cpp_topic_pubsub -DCMAKE_INSTALL_PREFIX=/home/kousei/ros2_ws/src/install/cpp_topic_pubsub
[1.784s] Invoking command in '/home/kousei/ros2_ws/src/build/cpp_topic_pubsub': CMAKE_PREFIX_PATH=/opt/ros/humble /usr/bin/cmake --build /home/kousei/ros2_ws/src/build/cpp_topic_pubsub -- -j16 -l16
[1.838s] [  2%] [34m[1mGenerating C code for ROS interfaces[0m
[1.851s] [  5%] [34m[1mGenerating C++ code for ROS interfaces[0m
[1.858s] [  5%] Built target ament_cmake_python_copy_cpp_topic_pubsub
[2.060s] [  5%] Built target cpp_topic_pubsub__cpp
[2.067s] [  8%] [34m[1mGenerating C++ type support dispatch for ROS interfaces[0m
[2.067s] [ 11%] [34m[1mGenerating C++ type support for eProsima Fast-RTPS[0m
[2.069s] [ 14%] [34m[1mGenerating C++ introspection for ROS interfaces[0m
[2.098s] running egg_info
[2.099s] creating cpp_topic_pubsub.egg-info
[2.099s] writing cpp_topic_pubsub.egg-info/PKG-INFO
[2.099s] writing dependency_links to cpp_topic_pubsub.egg-info/dependency_links.txt
[2.099s] writing top-level names to cpp_topic_pubsub.egg-info/top_level.txt
[2.099s] writing manifest file 'cpp_topic_pubsub.egg-info/SOURCES.txt'
[2.101s] reading manifest file 'cpp_topic_pubsub.egg-info/SOURCES.txt'
[2.101s] writing manifest file 'cpp_topic_pubsub.egg-info/SOURCES.txt'
[2.122s] [ 14%] Built target ament_cmake_python_build_cpp_topic_pubsub_egg
[2.189s] [ 17%] [32mBuilding C object CMakeFiles/cpp_topic_pubsub__rosidl_generator_c.dir/rosidl_generator_c/cpp_topic_pubsub/msg/detail/practice_msg__functions.c.o[0m
[2.246s] [ 20%] [32m[1mLinking C shared library libcpp_topic_pubsub__rosidl_generator_c.so[0m
[2.255s] [ 22%] [32mBuilding CXX object CMakeFiles/cpp_topic_pubsub__rosidl_typesupport_cpp.dir/rosidl_typesupport_cpp/cpp_topic_pubsub/msg/practice_msg__type_support.cpp.o[0m
[2.286s] [ 25%] [32mBuilding CXX object CMakeFiles/cpp_topic_pubsub__rosidl_typesupport_fastrtps_cpp.dir/rosidl_typesupport_fastrtps_cpp/cpp_topic_pubsub/msg/detail/dds_fastrtps/practice_msg__type_support.cpp.o[0m
[2.292s] [ 25%] Built target cpp_topic_pubsub__rosidl_generator_c
[2.305s] [ 28%] [34m[1mGenerating C introspection for ROS interfaces[0m
[2.313s] [ 31%] [34m[1mGenerating C type support for eProsima Fast-RTPS[0m
[2.313s] [ 34%] [34m[1mGenerating C type support dispatch for ROS interfaces[0m
[2.362s] [ 37%] [32mBuilding CXX object CMakeFiles/cpp_topic_pubsub__rosidl_typesupport_introspection_cpp.dir/rosidl_typesupport_introspection_cpp/cpp_topic_pubsub/msg/detail/practice_msg__type_support.cpp.o[0m
[2.578s] [ 40%] [32m[1mLinking CXX shared library libcpp_topic_pubsub__rosidl_typesupport_cpp.so[0m
[2.603s] [ 42%] [32mBuilding C object CMakeFiles/cpp_topic_pubsub__rosidl_typesupport_introspection_c.dir/rosidl_typesupport_introspection_c/cpp_topic_pubsub/msg/detail/practice_msg__type_support.c.o[0m
[2.629s] [ 45%] [32mBuilding CXX object CMakeFiles/cpp_topic_pubsub__rosidl_typesupport_fastrtps_c.dir/rosidl_typesupport_fastrtps_c/cpp_topic_pubsub/msg/detail/practice_msg__type_support_c.cpp.o[0m
[2.644s] [ 45%] Built target cpp_topic_pubsub__rosidl_typesupport_cpp
[2.647s] [ 48%] [32m[1mLinking C shared library libcpp_topic_pubsub__rosidl_typesupport_introspection_c.so[0m
[2.649s] [ 51%] [32mBuilding CXX object CMakeFiles/cpp_topic_pubsub__rosidl_typesupport_c.dir/rosidl_typesupport_c/cpp_topic_pubsub/msg/practice_msg__type_support.cpp.o[0m
[2.669s] [ 54%] [32mBuilding CXX object CMakeFiles/practice_publisher_node.dir/src/publisher_node.cpp.o[0m
[2.682s] [ 57%] [32m[1mLinking CXX shared library libcpp_topic_pubsub__rosidl_typesupport_c.so[0m
[2.682s] [ 60%] [32mBuilding CXX object CMakeFiles/practice_subscriber_node.dir/src/subscriber_node.cpp.o[0m
[2.684s] [ 60%] Built target cpp_topic_pubsub__rosidl_typesupport_introspection_c
[2.742s] [ 60%] Built target cpp_topic_pubsub__rosidl_typesupport_c
[2.754s] [ 62%] [32m[1mLinking CXX shared library libcpp_topic_pubsub__rosidl_typesupport_introspection_cpp.so[0m
[2.758s] [ 65%] [32m[1mLinking CXX shared library libcpp_topic_pubsub__rosidl_typesupport_fastrtps_cpp.so[0m
[2.835s] [ 65%] Built target cpp_topic_pubsub__rosidl_typesupport_introspection_cpp
[2.849s] [ 65%] Built target cpp_topic_pubsub__rosidl_typesupport_fastrtps_cpp
[3.029s] [ 68%] [32m[1mLinking CXX shared library libcpp_topic_pubsub__rosidl_typesupport_fastrtps_c.so[0m
[3.093s] [ 68%] Built target cpp_topic_pubsub__rosidl_typesupport_fastrtps_c
[3.114s] [ 68%] Built target cpp_topic_pubsub
[3.133s] [ 71%] [34m[1mGenerating Python code for ROS interfaces[0m
[3.406s] [ 71%] Built target cpp_topic_pubsub__py
[3.422s] [ 74%] [32mBuilding C object CMakeFiles/cpp_topic_pubsub__rosidl_generator_py.dir/rosidl_generator_py/cpp_topic_pubsub/msg/_practice_msg_s.c.o[0m
[3.490s] [ 77%] [32m[1mLinking C shared library rosidl_generator_py/cpp_topic_pubsub/libcpp_topic_pubsub__rosidl_generator_py.so[0m
[3.528s] [ 77%] Built target cpp_topic_pubsub__rosidl_generator_py
[3.545s] [ 80%] [32mBuilding C object CMakeFiles/cpp_topic_pubsub__rosidl_typesupport_introspection_c__pyext.dir/rosidl_generator_py/cpp_topic_pubsub/_cpp_topic_pubsub_s.ep.rosidl_typesupport_introspection_c.c.o[0m
[3.547s] [ 85%] [32mBuilding C object CMakeFiles/cpp_topic_pubsub__rosidl_typesupport_c__pyext.dir/rosidl_generator_py/cpp_topic_pubsub/_cpp_topic_pubsub_s.ep.rosidl_typesupport_c.c.o[0m
[3.547s] [ 85%] [32mBuilding C object CMakeFiles/cpp_topic_pubsub__rosidl_typesupport_fastrtps_c__pyext.dir/rosidl_generator_py/cpp_topic_pubsub/_cpp_topic_pubsub_s.ep.rosidl_typesupport_fastrtps_c.c.o[0m
[3.615s] [ 88%] [32m[1mLinking C shared library rosidl_generator_py/cpp_topic_pubsub/cpp_topic_pubsub_s__rosidl_typesupport_fastrtps_c.cpython-310-x86_64-linux-gnu.so[0m
[3.619s] [ 91%] [32m[1mLinking C shared library rosidl_generator_py/cpp_topic_pubsub/cpp_topic_pubsub_s__rosidl_typesupport_introspection_c.cpython-310-x86_64-linux-gnu.so[0m
[3.639s] [ 91%] Built target cpp_topic_pubsub__rosidl_typesupport_fastrtps_c__pyext
[3.640s] [ 91%] Built target cpp_topic_pubsub__rosidl_typesupport_introspection_c__pyext
[3.641s] [ 94%] [32m[1mLinking C shared library rosidl_generator_py/cpp_topic_pubsub/cpp_topic_pubsub_s__rosidl_typesupport_c.cpython-310-x86_64-linux-gnu.so[0m
[3.663s] [ 94%] Built target cpp_topic_pubsub__rosidl_typesupport_c__pyext
[5.906s] [ 97%] [32m[1mLinking CXX executable practice_publisher_node[0m
[6.127s] [ 97%] Built target practice_publisher_node
[8.227s] [100%] [32m[1mLinking CXX executable practice_subscriber_node[0m
[8.443s] [100%] Built target practice_subscriber_node
[8.450s] Invoked command in '/home/kousei/ros2_ws/src/build/cpp_topic_pubsub' returned '0': CMAKE_PREFIX_PATH=/opt/ros/humble /usr/bin/cmake --build /home/kousei/ros2_ws/src/build/cpp_topic_pubsub -- -j16 -l16
[8.486s] Invoking command in '/home/kousei/ros2_ws/src/build/cpp_topic_pubsub': CMAKE_PREFIX_PATH=/opt/ros/humble /usr/bin/cmake --install /home/kousei/ros2_ws/src/build/cpp_topic_pubsub
[8.490s] -- Install configuration: ""
[8.491s] -- Installing: /home/kousei/ros2_ws/src/install/cpp_topic_pubsub/share/ament_index/resource_index/rosidl_interfaces/cpp_topic_pubsub
[8.491s] -- Installing: /home/kousei/ros2_ws/src/install/cpp_topic_pubsub/include/cpp_topic_pubsub/cpp_topic_pubsub
[8.491s] -- Installing: /home/kousei/ros2_ws/src/install/cpp_topic_pubsub/include/cpp_topic_pubsub/cpp_topic_pubsub/msg
[8.491s] -- Installing: /home/kousei/ros2_ws/src/install/cpp_topic_pubsub/include/cpp_topic_pubsub/cpp_topic_pubsub/msg/practice_msg.h
[8.491s] -- Installing: /home/kousei/ros2_ws/src/install/cpp_topic_pubsub/include/cpp_topic_pubsub/cpp_topic_pubsub/msg/rosidl_generator_c__visibility_control.h
[8.491s] -- Installing: /home/kousei/ros2_ws/src/install/cpp_topic_pubsub/include/cpp_topic_pubsub/cpp_topic_pubsub/msg/detail
[8.491s] -- Installing: /home/kousei/ros2_ws/src/install/cpp_topic_pubsub/include/cpp_topic_pubsub/cpp_topic_pubsub/msg/detail/practice_msg__functions.h
[8.491s] -- Installing: /home/kousei/ros2_ws/src/install/cpp_topic_pubsub/include/cpp_topic_pubsub/cpp_topic_pubsub/msg/detail/practice_msg__struct.h
[8.491s] -- Installing: /home/kousei/ros2_ws/src/install/cpp_topic_pubsub/include/cpp_topic_pubsub/cpp_topic_pubsub/msg/detail/practice_msg__functions.c
[8.491s] -- Installing: /home/kousei/ros2_ws/src/install/cpp_topic_pubsub/include/cpp_topic_pubsub/cpp_topic_pubsub/msg/detail/practice_msg__type_support.h
[8.491s] -- Installing: /home/kousei/ros2_ws/src/install/cpp_topic_pubsub/share/cpp_topic_pubsub/environment/library_path.sh
[8.492s] -- Installing: /home/kousei/ros2_ws/src/install/cpp_topic_pubsub/share/cpp_topic_pubsub/environment/library_path.dsv
[8.492s] -- Installing: /home/kousei/ros2_ws/src/install/cpp_topic_pubsub/lib/libcpp_topic_pubsub__rosidl_generator_c.so
[8.492s] -- Set runtime path of "/home/kousei/ros2_ws/src/install/cpp_topic_pubsub/lib/libcpp_topic_pubsub__rosidl_generator_c.so" to ""
[8.492s] -- Up-to-date: /home/kousei/ros2_ws/src/install/cpp_topic_pubsub/include/cpp_topic_pubsub/cpp_topic_pubsub
[8.492s] -- Up-to-date: /home/kousei/ros2_ws/src/install/cpp_topic_pubsub/include/cpp_topic_pubsub/cpp_topic_pubsub/msg
[8.492s] -- Up-to-date: /home/kousei/ros2_ws/src/install/cpp_topic_pubsub/include/cpp_topic_pubsub/cpp_topic_pubsub/msg/detail
[8.492s] -- Installing: /home/kousei/ros2_ws/src/install/cpp_topic_pubsub/include/cpp_topic_pubsub/cpp_topic_pubsub/msg/detail/practice_msg__rosidl_typesupport_fastrtps_c.h
[8.492s] -- Installing: /home/kousei/ros2_ws/src/install/cpp_topic_pubsub/include/cpp_topic_pubsub/cpp_topic_pubsub/msg/rosidl_typesupport_fastrtps_c__visibility_control.h
[8.492s] -- Installing: /home/kousei/ros2_ws/src/install/cpp_topic_pubsub/lib/libcpp_topic_pubsub__rosidl_typesupport_fastrtps_c.so
[8.492s] -- Set runtime path of "/home/kousei/ros2_ws/src/install/cpp_topic_pubsub/lib/libcpp_topic_pubsub__rosidl_typesupport_fastrtps_c.so" to ""
[8.492s] -- Up-to-date: /home/kousei/ros2_ws/src/install/cpp_topic_pubsub/include/cpp_topic_pubsub/cpp_topic_pubsub
[8.492s] -- Up-to-date: /home/kousei/ros2_ws/src/install/cpp_topic_pubsub/include/cpp_topic_pubsub/cpp_topic_pubsub/msg
[8.492s] -- Installing: /home/kousei/ros2_ws/src/install/cpp_topic_pubsub/include/cpp_topic_pubsub/cpp_topic_pubsub/msg/practice_msg.hpp
[8.493s] -- Up-to-date: /home/kousei/ros2_ws/src/install/cpp_topic_pubsub/include/cpp_topic_pubsub/cpp_topic_pubsub/msg/detail
[8.493s] -- Installing: /home/kousei/ros2_ws/src/install/cpp_topic_pubsub/include/cpp_topic_pubsub/cpp_topic_pubsub/msg/detail/practice_msg__traits.hpp
[8.493s] -- Installing: /home/kousei/ros2_ws/src/install/cpp_topic_pubsub/include/cpp_topic_pubsub/cpp_topic_pubsub/msg/detail/practice_msg__struct.hpp
[8.493s] -- Installing: /home/kousei/ros2_ws/src/install/cpp_topic_pubsub/include/cpp_topic_pubsub/cpp_topic_pubsub/msg/detail/practice_msg__builder.hpp
[8.493s] -- Up-to-date: /home/kousei/ros2_ws/src/install/cpp_topic_pubsub/include/cpp_topic_pubsub/cpp_topic_pubsub
[8.493s] -- Up-to-date: /home/kousei/ros2_ws/src/install/cpp_topic_pubsub/include/cpp_topic_pubsub/cpp_topic_pubsub/msg
[8.493s] -- Up-to-date: /home/kousei/ros2_ws/src/install/cpp_topic_pubsub/include/cpp_topic_pubsub/cpp_topic_pubsub/msg/detail
[8.493s] -- Installing: /home/kousei/ros2_ws/src/install/cpp_topic_pubsub/include/cpp_topic_pubsub/cpp_topic_pubsub/msg/detail/practice_msg__rosidl_typesupport_fastrtps_cpp.hpp
[8.493s] -- Installing: /home/kousei/ros2_ws/src/install/cpp_topic_pubsub/include/cpp_topic_pubsub/cpp_topic_pubsub/msg/detail/dds_fastrtps
[8.493s] -- Installing: /home/kousei/ros2_ws/src/install/cpp_topic_pubsub/include/cpp_topic_pubsub/cpp_topic_pubsub/msg/rosidl_typesupport_fastrtps_cpp__visibility_control.h
[8.493s] -- Installing: /home/kousei/ros2_ws/src/install/cpp_topic_pubsub/lib/libcpp_topic_pubsub__rosidl_typesupport_fastrtps_cpp.so
[8.493s] -- Set runtime path of "/home/kousei/ros2_ws/src/install/cpp_topic_pubsub/lib/libcpp_topic_pubsub__rosidl_typesupport_fastrtps_cpp.so" to ""
[8.493s] -- Up-to-date: /home/kousei/ros2_ws/src/install/cpp_topic_pubsub/include/cpp_topic_pubsub/cpp_topic_pubsub
[8.493s] -- Up-to-date: /home/kousei/ros2_ws/src/install/cpp_topic_pubsub/include/cpp_topic_pubsub/cpp_topic_pubsub/msg
[8.493s] -- Up-to-date: /home/kousei/ros2_ws/src/install/cpp_topic_pubsub/include/cpp_topic_pubsub/cpp_topic_pubsub/msg/detail
[8.494s] -- Installing: /home/kousei/ros2_ws/src/install/cpp_topic_pubsub/include/cpp_topic_pubsub/cpp_topic_pubsub/msg/detail/practice_msg__type_support.c
[8.494s] -- Installing: /home/kousei/ros2_ws/src/install/cpp_topic_pubsub/include/cpp_topic_pubsub/cpp_topic_pubsub/msg/detail/practice_msg__rosidl_typesupport_introspection_c.h
[8.494s] -- Installing: /home/kousei/ros2_ws/src/install/cpp_topic_pubsub/include/cpp_topic_pubsub/cpp_topic_pubsub/msg/rosidl_typesupport_introspection_c__visibility_control.h
[8.494s] -- Installing: /home/kousei/ros2_ws/src/install/cpp_topic_pubsub/lib/libcpp_topic_pubsub__rosidl_typesupport_introspection_c.so
[8.494s] -- Set runtime path of "/home/kousei/ros2_ws/src/install/cpp_topic_pubsub/lib/libcpp_topic_pubsub__rosidl_typesupport_introspection_c.so" to ""
[8.494s] -- Installing: /home/kousei/ros2_ws/src/install/cpp_topic_pubsub/lib/libcpp_topic_pubsub__rosidl_typesupport_c.so
[8.494s] -- Set runtime path of "/home/kousei/ros2_ws/src/install/cpp_topic_pubsub/lib/libcpp_topic_pubsub__rosidl_typesupport_c.so" to ""
[8.494s] -- Up-to-date: /home/kousei/ros2_ws/src/install/cpp_topic_pubsub/include/cpp_topic_pubsub/cpp_topic_pubsub
[8.494s] -- Up-to-date: /home/kousei/ros2_ws/src/install/cpp_topic_pubsub/include/cpp_topic_pubsub/cpp_topic_pubsub/msg
[8.494s] -- Up-to-date: /home/kousei/ros2_ws/src/install/cpp_topic_pubsub/include/cpp_topic_pubsub/cpp_topic_pubsub/msg/detail
[8.494s] -- Installing: /home/kousei/ros2_ws/src/install/cpp_topic_pubsub/include/cpp_topic_pubsub/cpp_topic_pubsub/msg/detail/practice_msg__rosidl_typesupport_introspection_cpp.hpp
[8.494s] -- Installing: /home/kousei/ros2_ws/src/install/cpp_topic_pubsub/include/cpp_topic_pubsub/cpp_topic_pubsub/msg/detail/practice_msg__type_support.cpp
[8.494s] -- Installing: /home/kousei/ros2_ws/src/install/cpp_topic_pubsub/lib/libcpp_topic_pubsub__rosidl_typesupport_introspection_cpp.so
[8.494s] -- Set runtime path of "/home/kousei/ros2_ws/src/install/cpp_topic_pubsub/lib/libcpp_topic_pubsub__rosidl_typesupport_introspection_cpp.so" to ""
[8.494s] -- Installing: /home/kousei/ros2_ws/src/install/cpp_topic_pubsub/lib/libcpp_topic_pubsub__rosidl_typesupport_cpp.so
[8.494s] -- Set runtime path of "/home/kousei/ros2_ws/src/install/cpp_topic_pubsub/lib/libcpp_topic_pubsub__rosidl_typesupport_cpp.so" to ""
[8.494s] -- Installing: /home/kousei/ros2_ws/src/install/cpp_topic_pubsub/share/cpp_topic_pubsub/environment/pythonpath.sh
[8.494s] -- Installing: /home/kousei/ros2_ws/src/install/cpp_topic_pubsub/share/cpp_topic_pubsub/environment/pythonpath.dsv
[8.494s] -- Installing: /home/kousei/ros2_ws/src/install/cpp_topic_pubsub/local/lib/python3.10/dist-packages/cpp_topic_pubsub-0.0.0-py3.10.egg-info
[8.494s] -- Installing: /home/kousei/ros2_ws/src/install/cpp_topic_pubsub/local/lib/python3.10/dist-packages/cpp_topic_pubsub-0.0.0-py3.10.egg-info/dependency_links.txt
[8.494s] -- Installing: /home/kousei/ros2_ws/src/install/cpp_topic_pubsub/local/lib/python3.10/dist-packages/cpp_topic_pubsub-0.0.0-py3.10.egg-info/SOURCES.txt
[8.494s] -- Installing: /home/kousei/ros2_ws/src/install/cpp_topic_pubsub/local/lib/python3.10/dist-packages/cpp_topic_pubsub-0.0.0-py3.10.egg-info/top_level.txt
[8.494s] -- Installing: /home/kousei/ros2_ws/src/install/cpp_topic_pubsub/local/lib/python3.10/dist-packages/cpp_topic_pubsub-0.0.0-py3.10.egg-info/PKG-INFO
[8.494s] -- Installing: /home/kousei/ros2_ws/src/install/cpp_topic_pubsub/local/lib/python3.10/dist-packages/cpp_topic_pubsub
[8.494s] -- Installing: /home/kousei/ros2_ws/src/install/cpp_topic_pubsub/local/lib/python3.10/dist-packages/cpp_topic_pubsub/__init__.py
[8.494s] -- Installing: /home/kousei/ros2_ws/src/install/cpp_topic_pubsub/local/lib/python3.10/dist-packages/cpp_topic_pubsub/_cpp_topic_pubsub_s.ep.rosidl_typesupport_c.c
[8.495s] -- Installing: /home/kousei/ros2_ws/src/install/cpp_topic_pubsub/local/lib/python3.10/dist-packages/cpp_topic_pubsub/_cpp_topic_pubsub_s.ep.rosidl_typesupport_fastrtps_c.c
[8.495s] -- Installing: /home/kousei/ros2_ws/src/install/cpp_topic_pubsub/local/lib/python3.10/dist-packages/cpp_topic_pubsub/cpp_topic_pubsub_s__rosidl_typesupport_c.cpython-310-x86_64-linux-gnu.so
[8.495s] -- Installing: /home/kousei/ros2_ws/src/install/cpp_topic_pubsub/local/lib/python3.10/dist-packages/cpp_topic_pubsub/libcpp_topic_pubsub__rosidl_generator_py.so
[8.495s] -- Installing: /home/kousei/ros2_ws/src/install/cpp_topic_pubsub/local/lib/python3.10/dist-packages/cpp_topic_pubsub/_cpp_topic_pubsub_s.ep.rosidl_typesupport_introspection_c.c
[8.495s] -- Installing: /home/kousei/ros2_ws/src/install/cpp_topic_pubsub/local/lib/python3.10/dist-packages/cpp_topic_pubsub/msg
[8.495s] -- Installing: /home/kousei/ros2_ws/src/install/cpp_topic_pubsub/local/lib/python3.10/dist-packages/cpp_topic_pubsub/msg/__init__.py
[8.495s] -- Installing: /home/kousei/ros2_ws/src/install/cpp_topic_pubsub/local/lib/python3.10/dist-packages/cpp_topic_pubsub/msg/_practice_msg.py
[8.495s] -- Installing: /home/kousei/ros2_ws/src/install/cpp_topic_pubsub/local/lib/python3.10/dist-packages/cpp_topic_pubsub/msg/_practice_msg_s.c
[8.495s] -- Installing: /home/kousei/ros2_ws/src/install/cpp_topic_pubsub/local/lib/python3.10/dist-packages/cpp_topic_pubsub/cpp_topic_pubsub_s__rosidl_typesupport_fastrtps_c.cpython-310-x86_64-linux-gnu.so
[8.495s] -- Installing: /home/kousei/ros2_ws/src/install/cpp_topic_pubsub/local/lib/python3.10/dist-packages/cpp_topic_pubsub/cpp_topic_pubsub_s__rosidl_typesupport_introspection_c.cpython-310-x86_64-linux-gnu.so
[8.515s] Listing '/home/kousei/ros2_ws/src/install/cpp_topic_pubsub/local/lib/python3.10/dist-packages/cpp_topic_pubsub'...
[8.515s] Compiling '/home/kousei/ros2_ws/src/install/cpp_topic_pubsub/local/lib/python3.10/dist-packages/cpp_topic_pubsub/__init__.py'...
[8.515s] Listing '/home/kousei/ros2_ws/src/install/cpp_topic_pubsub/local/lib/python3.10/dist-packages/cpp_topic_pubsub/msg'...
[8.515s] Compiling '/home/kousei/ros2_ws/src/install/cpp_topic_pubsub/local/lib/python3.10/dist-packages/cpp_topic_pubsub/msg/__init__.py'...
[8.515s] Compiling '/home/kousei/ros2_ws/src/install/cpp_topic_pubsub/local/lib/python3.10/dist-packages/cpp_topic_pubsub/msg/_practice_msg.py'...
[8.517s] -- Installing: /home/kousei/ros2_ws/src/install/cpp_topic_pubsub/local/lib/python3.10/dist-packages/cpp_topic_pubsub/cpp_topic_pubsub_s__rosidl_typesupport_fastrtps_c.cpython-310-x86_64-linux-gnu.so
[8.517s] -- Set runtime path of "/home/kousei/ros2_ws/src/install/cpp_topic_pubsub/local/lib/python3.10/dist-packages/cpp_topic_pubsub/cpp_topic_pubsub_s__rosidl_typesupport_fastrtps_c.cpython-310-x86_64-linux-gnu.so" to ""
[8.517s] -- Installing: /home/kousei/ros2_ws/src/install/cpp_topic_pubsub/local/lib/python3.10/dist-packages/cpp_topic_pubsub/cpp_topic_pubsub_s__rosidl_typesupport_introspection_c.cpython-310-x86_64-linux-gnu.so
[8.518s] -- Set runtime path of "/home/kousei/ros2_ws/src/install/cpp_topic_pubsub/local/lib/python3.10/dist-packages/cpp_topic_pubsub/cpp_topic_pubsub_s__rosidl_typesupport_introspection_c.cpython-310-x86_64-linux-gnu.so" to ""
[8.518s] -- Installing: /home/kousei/ros2_ws/src/install/cpp_topic_pubsub/local/lib/python3.10/dist-packages/cpp_topic_pubsub/cpp_topic_pubsub_s__rosidl_typesupport_c.cpython-310-x86_64-linux-gnu.so
[8.518s] -- Set runtime path of "/home/kousei/ros2_ws/src/install/cpp_topic_pubsub/local/lib/python3.10/dist-packages/cpp_topic_pubsub/cpp_topic_pubsub_s__rosidl_typesupport_c.cpython-310-x86_64-linux-gnu.so" to ""
[8.518s] -- Installing: /home/kousei/ros2_ws/src/install/cpp_topic_pubsub/lib/libcpp_topic_pubsub__rosidl_generator_py.so
[8.518s] -- Set runtime path of "/home/kousei/ros2_ws/src/install/cpp_topic_pubsub/lib/libcpp_topic_pubsub__rosidl_generator_py.so" to ""
[8.518s] -- Installing: /home/kousei/ros2_ws/src/install/cpp_topic_pubsub/share/cpp_topic_pubsub/msg/PracticeMsg.idl
[8.518s] -- Installing: /home/kousei/ros2_ws/src/install/cpp_topic_pubsub/share/cpp_topic_pubsub/msg/PracticeMsg.msg
[8.518s] -- Installing: /home/kousei/ros2_ws/src/install/cpp_topic_pubsub/lib/cpp_topic_pubsub/practice_publisher_node
[8.519s] -- Set runtime path of "/home/kousei/ros2_ws/src/install/cpp_topic_pubsub/lib/cpp_topic_pubsub/practice_publisher_node" to ""
[8.519s] -- Installing: /home/kousei/ros2_ws/src/install/cpp_topic_pubsub/lib/cpp_topic_pubsub/practice_subscriber_node
[8.521s] -- Set runtime path of "/home/kousei/ros2_ws/src/install/cpp_topic_pubsub/lib/cpp_topic_pubsub/practice_subscriber_node" to ""
[8.521s] -- Installing: /home/kousei/ros2_ws/src/install/cpp_topic_pubsub/share/ament_index/resource_index/package_run_dependencies/cpp_topic_pubsub
[8.521s] -- Installing: /home/kousei/ros2_ws/src/install/cpp_topic_pubsub/share/ament_index/resource_index/parent_prefix_path/cpp_topic_pubsub
[8.521s] -- Installing: /home/kousei/ros2_ws/src/install/cpp_topic_pubsub/share/cpp_topic_pubsub/environment/ament_prefix_path.sh
[8.521s] -- Installing: /home/kousei/ros2_ws/src/install/cpp_topic_pubsub/share/cpp_topic_pubsub/environment/ament_prefix_path.dsv
[8.521s] -- Installing: /home/kousei/ros2_ws/src/install/cpp_topic_pubsub/share/cpp_topic_pubsub/environment/path.sh
[8.521s] -- Installing: /home/kousei/ros2_ws/src/install/cpp_topic_pubsub/share/cpp_topic_pubsub/environment/path.dsv
[8.521s] -- Installing: /home/kousei/ros2_ws/src/install/cpp_topic_pubsub/share/cpp_topic_pubsub/local_setup.bash
[8.521s] -- Installing: /home/kousei/ros2_ws/src/install/cpp_topic_pubsub/share/cpp_topic_pubsub/local_setup.sh
[8.521s] -- Installing: /home/kousei/ros2_ws/src/install/cpp_topic_pubsub/share/cpp_topic_pubsub/local_setup.zsh
[8.521s] -- Installing: /home/kousei/ros2_ws/src/install/cpp_topic_pubsub/share/cpp_topic_pubsub/local_setup.dsv
[8.521s] -- Installing: /home/kousei/ros2_ws/src/install/cpp_topic_pubsub/share/cpp_topic_pubsub/package.dsv
[8.522s] -- Installing: /home/kousei/ros2_ws/src/install/cpp_topic_pubsub/share/ament_index/resource_index/packages/cpp_topic_pubsub
[8.522s] -- Installing: /home/kousei/ros2_ws/src/install/cpp_topic_pubsub/share/cpp_topic_pubsub/cmake/export_cpp_topic_pubsub__rosidl_generator_cExport.cmake
[8.522s] -- Installing: /home/kousei/ros2_ws/src/install/cpp_topic_pubsub/share/cpp_topic_pubsub/cmake/export_cpp_topic_pubsub__rosidl_generator_cExport-noconfig.cmake
[8.522s] -- Installing: /home/kousei/ros2_ws/src/install/cpp_topic_pubsub/share/cpp_topic_pubsub/cmake/export_cpp_topic_pubsub__rosidl_typesupport_fastrtps_cExport.cmake
[8.522s] -- Installing: /home/kousei/ros2_ws/src/install/cpp_topic_pubsub/share/cpp_topic_pubsub/cmake/export_cpp_topic_pubsub__rosidl_typesupport_fastrtps_cExport-noconfig.cmake
[8.522s] -- Installing: /home/kousei/ros2_ws/src/install/cpp_topic_pubsub/share/cpp_topic_pubsub/cmake/export_cpp_topic_pubsub__rosidl_generator_cppExport.cmake
[8.522s] -- Installing: /home/kousei/ros2_ws/src/install/cpp_topic_pubsub/share/cpp_topic_pubsub/cmake/export_cpp_topic_pubsub__rosidl_typesupport_fastrtps_cppExport.cmake
[8.522s] -- Installing: /home/kousei/ros2_ws/src/install/cpp_topic_pubsub/share/cpp_topic_pubsub/cmake/export_cpp_topic_pubsub__rosidl_typesupport_fastrtps_cppExport-noconfig.cmake
[8.522s] -- Installing: /home/kousei/ros2_ws/src/install/cpp_topic_pubsub/share/cpp_topic_pubsub/cmake/cpp_topic_pubsub__rosidl_typesupport_introspection_cExport.cmake
[8.522s] -- Installing: /home/kousei/ros2_ws/src/install/cpp_topic_pubsub/share/cpp_topic_pubsub/cmake/cpp_topic_pubsub__rosidl_typesupport_introspection_cExport-noconfig.cmake
[8.522s] -- Installing: /home/kousei/ros2_ws/src/install/cpp_topic_pubsub/share/cpp_topic_pubsub/cmake/cpp_topic_pubsub__rosidl_typesupport_cExport.cmake
[8.522s] -- Installing: /home/kousei/ros2_ws/src/install/cpp_topic_pubsub/share/cpp_topic_pubsub/cmake/cpp_topic_pubsub__rosidl_typesupport_cExport-noconfig.cmake
[8.522s] -- Installing: /home/kousei/ros2_ws/src/install/cpp_topic_pubsub/share/cpp_topic_pubsub/cmake/cpp_topic_pubsub__rosidl_typesupport_introspection_cppExport.cmake
[8.522s] -- Installing: /home/kousei/ros2_ws/src/install/cpp_topic_pubsub/share/cpp_topic_pubsub/cmake/cpp_topic_pubsub__rosidl_typesupport_introspection_cppExport-noconfig.cmake
[8.522s] -- Installing: /home/kousei/ros2_ws/src/install/cpp_topic_pubsub/share/cpp_topic_pubsub/cmake/cpp_topic_pubsub__rosidl_typesupport_cppExport.cmake
[8.523s] -- Installing: /home/kousei/ros2_ws/src/install/cpp_topic_pubsub/share/cpp_topic_pubsub/cmake/cpp_topic_pubsub__rosidl_typesupport_cppExport-noconfig.cmake
[8.523s] -- Installing: /home/kousei/ros2_ws/src/install/cpp_topic_pubsub/share/cpp_topic_pubsub/cmake/export_cpp_topic_pubsub__rosidl_generator_pyExport.cmake
[8.523s] -- Installing: /home/kousei/ros2_ws/src/install/cpp_topic_pubsub/share/cpp_topic_pubsub/cmake/export_cpp_topic_pubsub__rosidl_generator_pyExport-noconfig.cmake
[8.523s] -- Installing: /home/kousei/ros2_ws/src/install/cpp_topic_pubsub/share/cpp_topic_pubsub/cmake/rosidl_cmake-extras.cmake
[8.523s] -- Installing: /home/kousei/ros2_ws/src/install/cpp_topic_pubsub/share/cpp_topic_pubsub/cmake/ament_cmake_export_include_directories-extras.cmake
[8.523s] -- Installing: /home/kousei/ros2_ws/src/install/cpp_topic_pubsub/share/cpp_topic_pubsub/cmake/ament_cmake_export_libraries-extras.cmake
[8.523s] -- Installing: /home/kousei/ros2_ws/src/install/cpp_topic_pubsub/share/cpp_topic_pubsub/cmake/ament_cmake_export_targets-extras.cmake
[8.523s] -- Installing: /home/kousei/ros2_ws/src/install/cpp_topic_pubsub/share/cpp_topic_pubsub/cmake/rosidl_cmake_export_typesupport_targets-extras.cmake
[8.523s] -- Installing: /home/kousei/ros2_ws/src/install/cpp_topic_pubsub/share/cpp_topic_pubsub/cmake/ament_cmake_export_dependencies-extras.cmake
[8.523s] -- Installing: /home/kousei/ros2_ws/src/install/cpp_topic_pubsub/share/cpp_topic_pubsub/cmake/rosidl_cmake_export_typesupport_libraries-extras.cmake
[8.523s] -- Installing: /home/kousei/ros2_ws/src/install/cpp_topic_pubsub/share/cpp_topic_pubsub/cmake/cpp_topic_pubsubConfig.cmake
[8.523s] -- Installing: /home/kousei/ros2_ws/src/install/cpp_topic_pubsub/share/cpp_topic_pubsub/cmake/cpp_topic_pubsubConfig-version.cmake
[8.523s] -- Installing: /home/kousei/ros2_ws/src/install/cpp_topic_pubsub/share/cpp_topic_pubsub/package.xml
[8.525s] Invoked command in '/home/kousei/ros2_ws/src/build/cpp_topic_pubsub' returned '0': CMAKE_PREFIX_PATH=/opt/ros/humble /usr/bin/cmake --install /home/kousei/ros2_ws/src/build/cpp_topic_pubsub
