[0.754s] DEBUG:colcon:Command line arguments: ['/usr/bin/colcon', 'build']
[0.754s] DEBUG:colcon:Parsed command line arguments: Namespace(log_base=None, log_level=None, verb_name='build', build_base='build', install_base='install', merge_install=False, symlink_install=False, test_result_base=None, continue_on_error=False, executor='parallel', parallel_workers=8, event_handlers=None, ignore_user_meta=False, metas=['./colcon.meta'], base_paths=['.'], packages_ignore=None, packages_ignore_regex=None, paths=None, packages_up_to=None, packages_up_to_regex=None, packages_above=None, packages_above_and_dependencies=None, packages_above_depth=None, packages_select_by_dep=None, packages_skip_by_dep=None, packages_skip_up_to=None, packages_select_build_failed=False, packages_skip_build_finished=False, packages_select_test_failures=False, packages_skip_test_passed=False, packages_select=None, packages_skip=None, packages_select_regex=None, packages_skip_regex=None, packages_start=None, packages_end=None, allow_overriding=[], cmake_args=None, cmake_target=None, cmake_target_skip_unavailable=False, cmake_clean_cache=False, cmake_clean_first=False, cmake_force_configure=False, ament_cmake_args=None, catkin_cmake_args=None, catkin_skip_building_tests=False, verb_parser=<colcon_defaults.argument_parser.defaults.DefaultArgumentsDecorator object at 0x7f18a93a8a30>, verb_extension=<colcon_core.verb.build.BuildVerb object at 0x7f18a9b51960>, main=<bound method BuildVerb.main of <colcon_core.verb.build.BuildVerb object at 0x7f18a9b51960>>)
[0.820s] Level 1:colcon.colcon_core.package_discovery:discover_packages(colcon_meta) check parameters
[0.820s] Level 1:colcon.colcon_core.package_discovery:discover_packages(recursive) check parameters
[0.820s] Level 1:colcon.colcon_core.package_discovery:discover_packages(ignore) check parameters
[0.820s] Level 1:colcon.colcon_core.package_discovery:discover_packages(path) check parameters
[0.820s] Level 1:colcon.colcon_core.package_discovery:discover_packages(colcon_meta) discover
[0.820s] Level 1:colcon.colcon_core.package_discovery:discover_packages(recursive) discover
[0.820s] INFO:colcon.colcon_core.package_discovery:Crawling recursively for packages in '/home/osawakousei/ros2_ws/src/cpp_topic_pubsub'
[0.820s] Level 1:colcon.colcon_core.package_identification:_identify(.) by extensions ['ignore', 'ignore_ament_install']
[0.821s] Level 1:colcon.colcon_core.package_identification:_identify(.) by extension 'ignore'
[0.821s] Level 1:colcon.colcon_core.package_identification:_identify(.) by extension 'ignore_ament_install'
[0.821s] Level 1:colcon.colcon_core.package_identification:_identify(.) by extensions ['colcon_pkg']
[0.821s] Level 1:colcon.colcon_core.package_identification:_identify(.) by extension 'colcon_pkg'
[0.821s] Level 1:colcon.colcon_core.package_identification:_identify(.) by extensions ['colcon_meta']
[0.821s] Level 1:colcon.colcon_core.package_identification:_identify(.) by extension 'colcon_meta'
[0.821s] Level 1:colcon.colcon_core.package_identification:_identify(.) by extensions ['ros']
[0.821s] Level 1:colcon.colcon_core.package_identification:_identify(.) by extension 'ros'
[0.853s] DEBUG:colcon.colcon_core.package_identification:Package '.' with type 'ros.ament_cmake' and name 'cpp_topic_pubsub'
[0.853s] Level 1:colcon.colcon_core.package_discovery:discover_packages(recursive) using defaults
[0.853s] Level 1:colcon.colcon_core.package_discovery:discover_packages(ignore) discover
[0.853s] Level 1:colcon.colcon_core.package_discovery:discover_packages(ignore) using defaults
[0.853s] Level 1:colcon.colcon_core.package_discovery:discover_packages(path) discover
[0.853s] Level 1:colcon.colcon_core.package_discovery:discover_packages(path) using defaults
[0.909s] Level 1:colcon.colcon_core.package_discovery:discover_packages(prefix_path) check parameters
[0.910s] Level 1:colcon.colcon_core.package_discovery:discover_packages(prefix_path) discover
[0.913s] WARNING:colcon.colcon_core.prefix_path.colcon:The path '/home/osawakousei/ros2_ws/install' in the environment variable COLCON_PREFIX_PATH doesn't exist
[0.914s] WARNING:colcon.colcon_ros.prefix_path.ament:The path '/home/osawakousei/ros2_ws/install/test_package' in the environment variable AMENT_PREFIX_PATH doesn't exist
[0.914s] WARNING:colcon.colcon_ros.prefix_path.ament:The path '/home/osawakousei/ros2_ws/install/micro_ros_setup' in the environment variable AMENT_PREFIX_PATH doesn't exist
[0.914s] WARNING:colcon.colcon_ros.prefix_path.ament:The path '/home/osawakousei/ros2_ws/install/micro_ros_agent' in the environment variable AMENT_PREFIX_PATH doesn't exist
[0.914s] WARNING:colcon.colcon_ros.prefix_path.ament:The path '/home/osawakousei/ros2_ws/install/micro_ros_msgs' in the environment variable AMENT_PREFIX_PATH doesn't exist
[0.914s] WARNING:colcon.colcon_ros.prefix_path.ament:The path '/home/osawakousei/ros2_ws/install/cpp_topic_pubsub' in the environment variable AMENT_PREFIX_PATH doesn't exist
[0.915s] WARNING:colcon.colcon_ros.prefix_path.ament:The path '/home/osawakousei/ros2_ws/install/cpp_server_client' in the environment variable AMENT_PREFIX_PATH doesn't exist
[0.916s] WARNING:colcon.colcon_ros.prefix_path.catkin:The path '/home/osawakousei/ros2_ws/install/test_package' in the environment variable CMAKE_PREFIX_PATH doesn't exist
[0.916s] WARNING:colcon.colcon_ros.prefix_path.catkin:The path '/home/osawakousei/ros2_ws/install/micro_ros_setup' in the environment variable CMAKE_PREFIX_PATH doesn't exist
[0.916s] WARNING:colcon.colcon_ros.prefix_path.catkin:The path '/home/osawakousei/ros2_ws/install/micro_ros_agent' in the environment variable CMAKE_PREFIX_PATH doesn't exist
[0.916s] WARNING:colcon.colcon_ros.prefix_path.catkin:The path '/home/osawakousei/ros2_ws/install/micro_ros_msgs' in the environment variable CMAKE_PREFIX_PATH doesn't exist
[0.917s] WARNING:colcon.colcon_ros.prefix_path.catkin:The path '/home/osawakousei/ros2_ws/install/cpp_topic_pubsub' in the environment variable CMAKE_PREFIX_PATH doesn't exist
[0.917s] WARNING:colcon.colcon_ros.prefix_path.catkin:The path '/home/osawakousei/ros2_ws/install/cpp_server_client' in the environment variable CMAKE_PREFIX_PATH doesn't exist
[0.920s] DEBUG:colcon.colcon_installed_package_information.package_discovery:Found 1 installed packages in /home/osawakousei/ros2_ws/src/cpp_server_client/install
[0.922s] DEBUG:colcon.colcon_installed_package_information.package_discovery:Found 1 installed packages in /home/osawakousei/ros2_ws/src/cpp_topic_pubsub/install
[0.924s] DEBUG:colcon.colcon_installed_package_information.package_discovery:Found 1 installed packages in /home/osawakousei/ros2_ws/src/test_package/install
[0.926s] DEBUG:colcon.colcon_installed_package_information.package_discovery:Found 3 installed packages in /home/osawakousei/ros2_ws/uros_ws/install
[0.928s] DEBUG:colcon.colcon_installed_package_information.package_discovery:Found 1 installed packages in /home/osawakousei/ros2_ws/src/custom_test_msgs/install
[0.935s] DEBUG:colcon.colcon_installed_package_information.package_discovery:Found 329 installed packages in /opt/ros/humble
[0.939s] Level 1:colcon.colcon_core.package_discovery:discover_packages(prefix_path) using defaults
[1.097s] Level 5:colcon.colcon_core.verb:set package 'cpp_topic_pubsub' build argument 'cmake_args' from command line to 'None'
[1.097s] Level 5:colcon.colcon_core.verb:set package 'cpp_topic_pubsub' build argument 'cmake_target' from command line to 'None'
[1.097s] Level 5:colcon.colcon_core.verb:set package 'cpp_topic_pubsub' build argument 'cmake_target_skip_unavailable' from command line to 'False'
[1.097s] Level 5:colcon.colcon_core.verb:set package 'cpp_topic_pubsub' build argument 'cmake_clean_cache' from command line to 'False'
[1.097s] Level 5:colcon.colcon_core.verb:set package 'cpp_topic_pubsub' build argument 'cmake_clean_first' from command line to 'False'
[1.097s] Level 5:colcon.colcon_core.verb:set package 'cpp_topic_pubsub' build argument 'cmake_force_configure' from command line to 'False'
[1.097s] Level 5:colcon.colcon_core.verb:set package 'cpp_topic_pubsub' build argument 'ament_cmake_args' from command line to 'None'
[1.097s] Level 5:colcon.colcon_core.verb:set package 'cpp_topic_pubsub' build argument 'catkin_cmake_args' from command line to 'None'
[1.097s] Level 5:colcon.colcon_core.verb:set package 'cpp_topic_pubsub' build argument 'catkin_skip_building_tests' from command line to 'False'
[1.098s] DEBUG:colcon.colcon_core.verb:Building package 'cpp_topic_pubsub' with the following arguments: {'ament_cmake_args': None, 'build_base': '/home/osawakousei/ros2_ws/src/cpp_topic_pubsub/build/cpp_topic_pubsub', 'catkin_cmake_args': None, 'catkin_skip_building_tests': False, 'cmake_args': None, 'cmake_clean_cache': False, 'cmake_clean_first': False, 'cmake_force_configure': False, 'cmake_target': None, 'cmake_target_skip_unavailable': False, 'install_base': '/home/osawakousei/ros2_ws/src/cpp_topic_pubsub/install/cpp_topic_pubsub', 'merge_install': False, 'path': '/home/osawakousei/ros2_ws/src/cpp_topic_pubsub', 'symlink_install': False, 'test_result_base': None}
[1.099s] INFO:colcon.colcon_core.executor:Executing jobs using 'parallel' executor
[1.107s] DEBUG:colcon.colcon_parallel_executor.executor.parallel:run_until_complete
[1.108s] INFO:colcon.colcon_ros.task.ament_cmake.build:Building ROS package in '/home/osawakousei/ros2_ws/src/cpp_topic_pubsub' with build type 'ament_cmake'
[1.108s] INFO:colcon.colcon_cmake.task.cmake.build:Building CMake package in '/home/osawakousei/ros2_ws/src/cpp_topic_pubsub'
[1.119s] INFO:colcon.colcon_core.plugin_system:Skipping extension 'colcon_core.shell.bat': Not used on non-Windows systems
[1.120s] INFO:colcon.colcon_core.shell:Skip shell extension 'powershell' for command environment: Not usable outside of PowerShell
[1.120s] DEBUG:colcon.colcon_core.shell:Skip shell extension 'dsv' for command environment
[1.164s] DEBUG:colcon.colcon_core.event_handler.log_command:Invoking command in '/home/osawakousei/ros2_ws/src/cpp_topic_pubsub/build/cpp_topic_pubsub': CMAKE_PREFIX_PATH=${CMAKE_PREFIX_PATH}:/opt/ros/humble /usr/bin/cmake --build /home/osawakousei/ros2_ws/src/cpp_topic_pubsub/build/cpp_topic_pubsub -- -j8 -l8
[2.115s] DEBUG:colcon.colcon_core.event_handler.log_command:Invoked command in '/home/osawakousei/ros2_ws/src/cpp_topic_pubsub/build/cpp_topic_pubsub' returned '0': CMAKE_PREFIX_PATH=${CMAKE_PREFIX_PATH}:/opt/ros/humble /usr/bin/cmake --build /home/osawakousei/ros2_ws/src/cpp_topic_pubsub/build/cpp_topic_pubsub -- -j8 -l8
[2.483s] DEBUG:colcon.colcon_core.event_handler.log_command:Invoking command in '/home/osawakousei/ros2_ws/src/cpp_topic_pubsub/build/cpp_topic_pubsub': CMAKE_PREFIX_PATH=${CMAKE_PREFIX_PATH}:/opt/ros/humble /usr/bin/cmake --install /home/osawakousei/ros2_ws/src/cpp_topic_pubsub/build/cpp_topic_pubsub
[2.637s] Level 1:colcon.colcon_core.environment:create_environment_scripts_only(cpp_topic_pubsub)
[2.639s] DEBUG:colcon.colcon_core.event_handler.log_command:Invoked command in '/home/osawakousei/ros2_ws/src/cpp_topic_pubsub/build/cpp_topic_pubsub' returned '0': CMAKE_PREFIX_PATH=${CMAKE_PREFIX_PATH}:/opt/ros/humble /usr/bin/cmake --install /home/osawakousei/ros2_ws/src/cpp_topic_pubsub/build/cpp_topic_pubsub
[2.650s] Level 1:colcon.colcon_core.environment:checking '/home/osawakousei/ros2_ws/src/cpp_topic_pubsub/install/cpp_topic_pubsub' for CMake module files
[2.653s] Level 1:colcon.colcon_core.environment:checking '/home/osawakousei/ros2_ws/src/cpp_topic_pubsub/install/cpp_topic_pubsub' for CMake config files
[2.655s] Level 1:colcon.colcon_core.shell:create_environment_hook('cpp_topic_pubsub', 'cmake_prefix_path')
[2.657s] INFO:colcon.colcon_core.shell:Creating environment hook '/home/osawakousei/ros2_ws/src/cpp_topic_pubsub/install/cpp_topic_pubsub/share/cpp_topic_pubsub/hook/cmake_prefix_path.ps1'
[2.660s] INFO:colcon.colcon_core.shell:Creating environment descriptor '/home/osawakousei/ros2_ws/src/cpp_topic_pubsub/install/cpp_topic_pubsub/share/cpp_topic_pubsub/hook/cmake_prefix_path.dsv'
[2.661s] INFO:colcon.colcon_core.shell:Creating environment hook '/home/osawakousei/ros2_ws/src/cpp_topic_pubsub/install/cpp_topic_pubsub/share/cpp_topic_pubsub/hook/cmake_prefix_path.sh'
[2.664s] Level 1:colcon.colcon_core.environment:checking '/home/osawakousei/ros2_ws/src/cpp_topic_pubsub/install/cpp_topic_pubsub/lib'
[2.665s] Level 1:colcon.colcon_core.shell:create_environment_hook('cpp_topic_pubsub', 'ld_library_path_lib')
[2.667s] INFO:colcon.colcon_core.shell:Creating environment hook '/home/osawakousei/ros2_ws/src/cpp_topic_pubsub/install/cpp_topic_pubsub/share/cpp_topic_pubsub/hook/ld_library_path_lib.ps1'
[2.668s] INFO:colcon.colcon_core.shell:Creating environment descriptor '/home/osawakousei/ros2_ws/src/cpp_topic_pubsub/install/cpp_topic_pubsub/share/cpp_topic_pubsub/hook/ld_library_path_lib.dsv'
[2.669s] INFO:colcon.colcon_core.shell:Creating environment hook '/home/osawakousei/ros2_ws/src/cpp_topic_pubsub/install/cpp_topic_pubsub/share/cpp_topic_pubsub/hook/ld_library_path_lib.sh'
[2.670s] Level 1:colcon.colcon_core.environment:checking '/home/osawakousei/ros2_ws/src/cpp_topic_pubsub/install/cpp_topic_pubsub/bin'
[2.670s] Level 1:colcon.colcon_core.environment:checking '/home/osawakousei/ros2_ws/src/cpp_topic_pubsub/install/cpp_topic_pubsub/lib/pkgconfig/cpp_topic_pubsub.pc'
[2.671s] Level 1:colcon.colcon_core.environment:checking '/home/osawakousei/ros2_ws/src/cpp_topic_pubsub/install/cpp_topic_pubsub/lib/python3.10/site-packages'
[2.671s] Level 1:colcon.colcon_core.environment:checking '/home/osawakousei/ros2_ws/src/cpp_topic_pubsub/install/cpp_topic_pubsub/bin'
[2.674s] INFO:colcon.colcon_core.shell:Creating package script '/home/osawakousei/ros2_ws/src/cpp_topic_pubsub/install/cpp_topic_pubsub/share/cpp_topic_pubsub/package.ps1'
[2.675s] INFO:colcon.colcon_core.shell:Creating package descriptor '/home/osawakousei/ros2_ws/src/cpp_topic_pubsub/install/cpp_topic_pubsub/share/cpp_topic_pubsub/package.dsv'
[2.677s] INFO:colcon.colcon_core.shell:Creating package script '/home/osawakousei/ros2_ws/src/cpp_topic_pubsub/install/cpp_topic_pubsub/share/cpp_topic_pubsub/package.sh'
[2.678s] INFO:colcon.colcon_core.shell:Creating package script '/home/osawakousei/ros2_ws/src/cpp_topic_pubsub/install/cpp_topic_pubsub/share/cpp_topic_pubsub/package.bash'
[2.680s] INFO:colcon.colcon_core.shell:Creating package script '/home/osawakousei/ros2_ws/src/cpp_topic_pubsub/install/cpp_topic_pubsub/share/cpp_topic_pubsub/package.zsh'
[2.682s] Level 1:colcon.colcon_core.environment:create_file_with_runtime_dependencies(/home/osawakousei/ros2_ws/src/cpp_topic_pubsub/install/cpp_topic_pubsub/share/colcon-core/packages/cpp_topic_pubsub)
[3.037s] Level 1:colcon.colcon_core.environment:create_environment_scripts_only(cpp_topic_pubsub)
[3.040s] Level 1:colcon.colcon_core.environment:checking '/home/osawakousei/ros2_ws/src/cpp_topic_pubsub/install/cpp_topic_pubsub' for CMake module files
[3.042s] Level 1:colcon.colcon_core.environment:checking '/home/osawakousei/ros2_ws/src/cpp_topic_pubsub/install/cpp_topic_pubsub' for CMake config files
[3.044s] Level 1:colcon.colcon_core.shell:create_environment_hook('cpp_topic_pubsub', 'cmake_prefix_path')
[3.046s] INFO:colcon.colcon_core.shell:Creating environment hook '/home/osawakousei/ros2_ws/src/cpp_topic_pubsub/install/cpp_topic_pubsub/share/cpp_topic_pubsub/hook/cmake_prefix_path.ps1'
[3.047s] INFO:colcon.colcon_core.shell:Creating environment descriptor '/home/osawakousei/ros2_ws/src/cpp_topic_pubsub/install/cpp_topic_pubsub/share/cpp_topic_pubsub/hook/cmake_prefix_path.dsv'
[3.049s] INFO:colcon.colcon_core.shell:Creating environment hook '/home/osawakousei/ros2_ws/src/cpp_topic_pubsub/install/cpp_topic_pubsub/share/cpp_topic_pubsub/hook/cmake_prefix_path.sh'
[3.050s] Level 1:colcon.colcon_core.environment:checking '/home/osawakousei/ros2_ws/src/cpp_topic_pubsub/install/cpp_topic_pubsub/lib'
[3.050s] Level 1:colcon.colcon_core.shell:create_environment_hook('cpp_topic_pubsub', 'ld_library_path_lib')
[3.053s] INFO:colcon.colcon_core.shell:Creating environment hook '/home/osawakousei/ros2_ws/src/cpp_topic_pubsub/install/cpp_topic_pubsub/share/cpp_topic_pubsub/hook/ld_library_path_lib.ps1'
[3.054s] INFO:colcon.colcon_core.shell:Creating environment descriptor '/home/osawakousei/ros2_ws/src/cpp_topic_pubsub/install/cpp_topic_pubsub/share/cpp_topic_pubsub/hook/ld_library_path_lib.dsv'
[3.055s] INFO:colcon.colcon_core.shell:Creating environment hook '/home/osawakousei/ros2_ws/src/cpp_topic_pubsub/install/cpp_topic_pubsub/share/cpp_topic_pubsub/hook/ld_library_path_lib.sh'
[3.056s] Level 1:colcon.colcon_core.environment:checking '/home/osawakousei/ros2_ws/src/cpp_topic_pubsub/install/cpp_topic_pubsub/bin'
[3.056s] Level 1:colcon.colcon_core.environment:checking '/home/osawakousei/ros2_ws/src/cpp_topic_pubsub/install/cpp_topic_pubsub/lib/pkgconfig/cpp_topic_pubsub.pc'
[3.057s] Level 1:colcon.colcon_core.environment:checking '/home/osawakousei/ros2_ws/src/cpp_topic_pubsub/install/cpp_topic_pubsub/lib/python3.10/site-packages'
[3.057s] Level 1:colcon.colcon_core.environment:checking '/home/osawakousei/ros2_ws/src/cpp_topic_pubsub/install/cpp_topic_pubsub/bin'
[3.060s] INFO:colcon.colcon_core.shell:Creating package script '/home/osawakousei/ros2_ws/src/cpp_topic_pubsub/install/cpp_topic_pubsub/share/cpp_topic_pubsub/package.ps1'
[3.062s] INFO:colcon.colcon_core.shell:Creating package descriptor '/home/osawakousei/ros2_ws/src/cpp_topic_pubsub/install/cpp_topic_pubsub/share/cpp_topic_pubsub/package.dsv'
[3.063s] INFO:colcon.colcon_core.shell:Creating package script '/home/osawakousei/ros2_ws/src/cpp_topic_pubsub/install/cpp_topic_pubsub/share/cpp_topic_pubsub/package.sh'
[3.064s] INFO:colcon.colcon_core.shell:Creating package script '/home/osawakousei/ros2_ws/src/cpp_topic_pubsub/install/cpp_topic_pubsub/share/cpp_topic_pubsub/package.bash'
[3.065s] INFO:colcon.colcon_core.shell:Creating package script '/home/osawakousei/ros2_ws/src/cpp_topic_pubsub/install/cpp_topic_pubsub/share/cpp_topic_pubsub/package.zsh'
[3.066s] Level 1:colcon.colcon_core.environment:create_file_with_runtime_dependencies(/home/osawakousei/ros2_ws/src/cpp_topic_pubsub/install/cpp_topic_pubsub/share/colcon-core/packages/cpp_topic_pubsub)
[3.068s] DEBUG:colcon.colcon_parallel_executor.executor.parallel:closing loop
[3.069s] DEBUG:colcon.colcon_parallel_executor.executor.parallel:loop closed
[3.069s] DEBUG:colcon.colcon_parallel_executor.executor.parallel:run_until_complete finished with '0'
[3.069s] DEBUG:colcon.colcon_core.event_reactor:joining thread
[3.085s] INFO:colcon.colcon_core.plugin_system:Skipping extension 'colcon_notification.desktop_notification.terminal_notifier': Not used on non-Darwin systems
[3.086s] INFO:colcon.colcon_core.plugin_system:Skipping extension 'colcon_notification.desktop_notification.win32': Not used on non-Windows systems
[3.086s] INFO:colcon.colcon_notification.desktop_notification:Sending desktop notification using 'notify2'
[3.115s] DEBUG:colcon.colcon_core.event_reactor:joined thread
[3.118s] INFO:colcon.colcon_core.shell:Creating prefix script '/home/osawakousei/ros2_ws/src/cpp_topic_pubsub/install/local_setup.ps1'
[3.121s] INFO:colcon.colcon_core.shell:Creating prefix util module '/home/osawakousei/ros2_ws/src/cpp_topic_pubsub/install/_local_setup_util_ps1.py'
[3.124s] INFO:colcon.colcon_core.shell:Creating prefix chain script '/home/osawakousei/ros2_ws/src/cpp_topic_pubsub/install/setup.ps1'
[3.130s] INFO:colcon.colcon_core.shell:Creating prefix script '/home/osawakousei/ros2_ws/src/cpp_topic_pubsub/install/local_setup.sh'
[3.132s] INFO:colcon.colcon_core.shell:Creating prefix util module '/home/osawakousei/ros2_ws/src/cpp_topic_pubsub/install/_local_setup_util_sh.py'
[3.134s] INFO:colcon.colcon_core.shell:Creating prefix chain script '/home/osawakousei/ros2_ws/src/cpp_topic_pubsub/install/setup.sh'
[3.140s] INFO:colcon.colcon_core.shell:Creating prefix script '/home/osawakousei/ros2_ws/src/cpp_topic_pubsub/install/local_setup.bash'
[3.141s] INFO:colcon.colcon_core.shell:Creating prefix chain script '/home/osawakousei/ros2_ws/src/cpp_topic_pubsub/install/setup.bash'
[3.146s] INFO:colcon.colcon_core.shell:Creating prefix script '/home/osawakousei/ros2_ws/src/cpp_topic_pubsub/install/local_setup.zsh'
[3.147s] INFO:colcon.colcon_core.shell:Creating prefix chain script '/home/osawakousei/ros2_ws/src/cpp_topic_pubsub/install/setup.zsh'
