[0.146s] Invoking command in '/home/osawakousei/ros2_ws/src/build/cpp_topic_pubsub': CMAKE_PREFIX_PATH=${CMAKE_PREFIX_PATH}:/opt/ros/humble /usr/bin/cmake /home/osawakousei/ros2_ws/src/cpp_topic_pubsub -DCMAKE_INSTALL_PREFIX=/home/osawakousei/ros2_ws/src/install/cpp_topic_pubsub
[0.190s] -- Found ament_cmake: 1.3.5 (/opt/ros/humble/share/ament_cmake/cmake)
[0.785s] -- Found rclcpp: 16.0.6 (/opt/ros/humble/share/rclcpp/cmake)
[0.881s] -- Found rosidl_generator_c: 3.1.5 (/opt/ros/humble/share/rosidl_generator_c/cmake)
[0.888s] -- Found rosidl_adapter: 3.1.5 (/opt/ros/humble/share/rosidl_adapter/cmake)
[0.908s] -- Found rosidl_generator_cpp: 3.1.5 (/opt/ros/humble/share/rosidl_generator_cpp/cmake)
[0.964s] -- Using all available rosidl_typesupport_c: rosidl_typesupport_fastrtps_c;rosidl_typesupport_introspection_c
[1.019s] -- Using all available rosidl_typesupport_cpp: rosidl_typesupport_fastrtps_cpp;rosidl_typesupport_introspection_cpp
[1.198s] -- Found rmw_implementation_cmake: 6.1.1 (/opt/ros/humble/share/rmw_implementation_cmake/cmake)
[1.204s] -- Found rmw_fastrtps_cpp: 6.2.4 (/opt/ros/humble/share/rmw_fastrtps_cpp/cmake)
[1.631s] -- Using RMW implementation 'rmw_fastrtps_cpp' as default
[2.133s] -- Found rosidl_default_generators: 1.2.0 (/opt/ros/humble/share/rosidl_default_generators/cmake)
[2.172s] -- Found ament_lint_auto: 0.12.8 (/opt/ros/humble/share/ament_lint_auto/cmake)
[3.109s] -- Found ament_cmake_ros: 0.10.0 (/opt/ros/humble/share/ament_cmake_ros/cmake)
[4.203s] -- Using all available rosidl_typesupport_c: rosidl_typesupport_fastrtps_c;rosidl_typesupport_introspection_c
[4.618s] -- Using all available rosidl_typesupport_cpp: rosidl_typesupport_fastrtps_cpp;rosidl_typesupport_introspection_cpp
[4.700s] -- Found PythonInterp: /usr/bin/python3 (found suitable version "3.10.12", minimum required is "3.6") 
[4.717s] -- Found python_cmake_module: 0.10.0 (/opt/ros/humble/share/python_cmake_module/cmake)
[4.808s] -- Found PythonLibs: /usr/lib/x86_64-linux-gnu/libpython3.10.so (found suitable version "3.10.12", minimum required is "3.5") 
[4.808s] -- Using PYTHON_EXECUTABLE: /usr/bin/python3
[4.809s] -- Using PYTHON_INCLUDE_DIRS: /usr/include/python3.10
[4.809s] -- Using PYTHON_LIBRARIES: /usr/lib/x86_64-linux-gnu/libpython3.10.so
[4.890s] -- Found PythonExtra: .so  
[5.559s] -- Added test 'cppcheck' to perform static code analysis on C / C++ code
[5.560s] -- Configured cppcheck include dirs: 
[5.560s] -- Configured cppcheck exclude dirs and/or files: 
[5.584s] -- Added test 'flake8' to check Python code syntax and style conventions
[5.628s] -- Added test 'lint_cmake' to check CMake code style
[5.651s] -- Added test 'pep257' to check Python code against some of the docstring style conventions in PEP 257
[5.812s] -- Added test 'uncrustify' to check C / C++ code style
[5.812s] -- Configured uncrustify additional arguments: 
[5.834s] -- Added test 'xmllint' to check XML markup files
[5.855s] -- Configuring done
[5.980s] -- Generating done
[5.990s] -- Build files have been written to: /home/osawakousei/ros2_ws/src/build/cpp_topic_pubsub
[6.017s] Invoked command in '/home/osawakousei/ros2_ws/src/build/cpp_topic_pubsub' returned '0': CMAKE_PREFIX_PATH=${CMAKE_PREFIX_PATH}:/opt/ros/humble /usr/bin/cmake /home/osawakousei/ros2_ws/src/cpp_topic_pubsub -DCMAKE_INSTALL_PREFIX=/home/osawakousei/ros2_ws/src/install/cpp_topic_pubsub
[6.018s] Invoking command in '/home/osawakousei/ros2_ws/src/build/cpp_topic_pubsub': CMAKE_PREFIX_PATH=${CMAKE_PREFIX_PATH}:/opt/ros/humble /usr/bin/cmake --build /home/osawakousei/ros2_ws/src/build/cpp_topic_pubsub -- -j8 -l8
[6.231s] [  2%] [34m[1mGenerating C code for ROS interfaces[0m
[6.305s] [  5%] [34m[1mGenerating C++ code for ROS interfaces[0m
[6.349s] [  5%] Built target ament_cmake_python_copy_cpp_topic_pubsub
[7.055s] [  5%] Built target cpp_topic_pubsub__cpp
[7.106s] [ 11%] [32mBuilding C object CMakeFiles/cpp_topic_pubsub__rosidl_generator_c.dir/rosidl_generator_c/cpp_topic_pubsub/msg/detail/practice_msg__functions.c.o[0m
[7.107s] [ 11%] [34m[1mGenerating C++ type support for eProsima Fast-RTPS[0m
[7.108s] [ 14%] [34m[1mGenerating C++ introspection for ROS interfaces[0m
[7.114s] [ 17%] [34m[1mGenerating C++ type support dispatch for ROS interfaces[0m
[7.279s] running egg_info
[7.280s] creating cpp_topic_pubsub.egg-info
[7.281s] writing cpp_topic_pubsub.egg-info/PKG-INFO
[7.282s] writing dependency_links to cpp_topic_pubsub.egg-info/dependency_links.txt
[7.283s] writing top-level names to cpp_topic_pubsub.egg-info/top_level.txt
[7.283s] writing manifest file 'cpp_topic_pubsub.egg-info/SOURCES.txt'
[7.289s] reading manifest file 'cpp_topic_pubsub.egg-info/SOURCES.txt'
[7.290s] writing manifest file 'cpp_topic_pubsub.egg-info/SOURCES.txt'
[7.364s] [ 20%] [32m[1mLinking C shared library libcpp_topic_pubsub__rosidl_generator_c.so[0m
[7.382s] [ 20%] Built target ament_cmake_python_build_cpp_topic_pubsub_egg
[7.607s] [ 20%] Built target cpp_topic_pubsub__rosidl_generator_c
[7.659s] [ 22%] [34m[1mGenerating C type support for eProsima Fast-RTPS[0m
[7.723s] [ 25%] [34m[1mGenerating C introspection for ROS interfaces[0m
[7.778s] [ 28%] [34m[1mGenerating C type support dispatch for ROS interfaces[0m
[8.009s] [ 31%] [32mBuilding CXX object CMakeFiles/cpp_topic_pubsub__rosidl_typesupport_cpp.dir/rosidl_typesupport_cpp/cpp_topic_pubsub/msg/practice_msg__type_support.cpp.o[0m
[8.048s] [ 34%] [32mBuilding CXX object CMakeFiles/cpp_topic_pubsub__rosidl_typesupport_fastrtps_cpp.dir/rosidl_typesupport_fastrtps_cpp/cpp_topic_pubsub/msg/detail/dds_fastrtps/practice_msg__type_support.cpp.o[0m
[8.085s] [ 37%] [32mBuilding CXX object CMakeFiles/cpp_topic_pubsub__rosidl_typesupport_introspection_cpp.dir/rosidl_typesupport_introspection_cpp/cpp_topic_pubsub/msg/detail/practice_msg__type_support.cpp.o[0m
[8.658s] [ 40%] [32mBuilding C object CMakeFiles/cpp_topic_pubsub__rosidl_typesupport_introspection_c.dir/rosidl_typesupport_introspection_c/cpp_topic_pubsub/msg/detail/practice_msg__type_support.c.o[0m
[8.741s] [ 42%] [32mBuilding CXX object CMakeFiles/cpp_topic_pubsub__rosidl_typesupport_c.dir/rosidl_typesupport_c/cpp_topic_pubsub/msg/practice_msg__type_support.cpp.o[0m
[8.842s] [ 45%] [32mBuilding CXX object CMakeFiles/cpp_topic_pubsub__rosidl_typesupport_fastrtps_c.dir/rosidl_typesupport_fastrtps_c/cpp_topic_pubsub/msg/detail/practice_msg__type_support_c.cpp.o[0m
[8.911s] [ 48%] [32m[1mLinking C shared library libcpp_topic_pubsub__rosidl_typesupport_introspection_c.so[0m
[8.960s] [ 51%] [32m[1mLinking CXX shared library libcpp_topic_pubsub__rosidl_typesupport_c.so[0m
[9.590s] [ 51%] Built target cpp_topic_pubsub__rosidl_typesupport_c
[9.765s] [ 51%] Built target cpp_topic_pubsub__rosidl_typesupport_introspection_c
[10.258s] [ 54%] [32m[1mLinking CXX shared library libcpp_topic_pubsub__rosidl_typesupport_cpp.so[0m
[10.761s] [ 54%] Built target cpp_topic_pubsub__rosidl_typesupport_cpp
[10.959s] [ 57%] [32mBuilding CXX object CMakeFiles/practice_publisher_node.dir/src/publisher_node.cpp.o[0m
[11.020s] [ 60%] [32mBuilding CXX object CMakeFiles/practice_subscriber_node.dir/src/subscriber_node.cpp.o[0m
[11.176s] [ 62%] [32m[1mLinking CXX shared library libcpp_topic_pubsub__rosidl_typesupport_introspection_cpp.so[0m
[11.193s] [ 65%] [32m[1mLinking CXX shared library libcpp_topic_pubsub__rosidl_typesupport_fastrtps_cpp.so[0m
[11.687s] [ 68%] [32m[1mLinking CXX shared library libcpp_topic_pubsub__rosidl_typesupport_fastrtps_c.so[0m
[11.728s] [ 68%] Built target cpp_topic_pubsub__rosidl_typesupport_introspection_cpp
[11.803s] [ 68%] Built target cpp_topic_pubsub__rosidl_typesupport_fastrtps_cpp
[12.258s] [ 68%] Built target cpp_topic_pubsub__rosidl_typesupport_fastrtps_c
[12.587s] [ 68%] Built target cpp_topic_pubsub
[13.207s] [ 71%] [34m[1mGenerating Python code for ROS interfaces[0m
[15.264s] [ 71%] Built target cpp_topic_pubsub__py
[15.512s] [ 74%] [32mBuilding C object CMakeFiles/cpp_topic_pubsub__rosidl_generator_py.dir/rosidl_generator_py/cpp_topic_pubsub/msg/_practice_msg_s.c.o[0m
[16.803s] [ 77%] [32m[1mLinking C shared library rosidl_generator_py/cpp_topic_pubsub/libcpp_topic_pubsub__rosidl_generator_py.so[0m
[17.709s] [ 77%] Built target cpp_topic_pubsub__rosidl_generator_py
[17.942s] [ 80%] [32mBuilding C object CMakeFiles/cpp_topic_pubsub__rosidl_typesupport_fastrtps_c__pyext.dir/rosidl_generator_py/cpp_topic_pubsub/_cpp_topic_pubsub_s.ep.rosidl_typesupport_fastrtps_c.c.o[0m
[18.000s] [ 82%] [32mBuilding C object CMakeFiles/cpp_topic_pubsub__rosidl_typesupport_introspection_c__pyext.dir/rosidl_generator_py/cpp_topic_pubsub/_cpp_topic_pubsub_s.ep.rosidl_typesupport_introspection_c.c.o[0m
[18.039s] [ 85%] [32mBuilding C object CMakeFiles/cpp_topic_pubsub__rosidl_typesupport_c__pyext.dir/rosidl_generator_py/cpp_topic_pubsub/_cpp_topic_pubsub_s.ep.rosidl_typesupport_c.c.o[0m
[18.650s] [ 88%] [32m[1mLinking C shared library rosidl_generator_py/cpp_topic_pubsub/cpp_topic_pubsub_s__rosidl_typesupport_fastrtps_c.cpython-310-x86_64-linux-gnu.so[0m
[18.684s] [ 91%] [32m[1mLinking C shared library rosidl_generator_py/cpp_topic_pubsub/cpp_topic_pubsub_s__rosidl_typesupport_c.cpython-310-x86_64-linux-gnu.so[0m
[18.795s] [ 94%] [32m[1mLinking C shared library rosidl_generator_py/cpp_topic_pubsub/cpp_topic_pubsub_s__rosidl_typesupport_introspection_c.cpython-310-x86_64-linux-gnu.so[0m
[18.940s] [ 94%] Built target cpp_topic_pubsub__rosidl_typesupport_fastrtps_c__pyext
[18.946s] [ 94%] Built target cpp_topic_pubsub__rosidl_typesupport_c__pyext
[18.992s] [ 94%] Built target cpp_topic_pubsub__rosidl_typesupport_introspection_c__pyext
[40.435s] [ 97%] [32m[1mLinking CXX executable practice_publisher_node[0m
[41.203s] [ 97%] Built target practice_publisher_node
[52.713s] [100%] [32m[1mLinking CXX executable practice_subscriber_node[0m
[53.802s] [100%] Built target practice_subscriber_node
[53.849s] Invoked command in '/home/osawakousei/ros2_ws/src/build/cpp_topic_pubsub' returned '0': CMAKE_PREFIX_PATH=${CMAKE_PREFIX_PATH}:/opt/ros/humble /usr/bin/cmake --build /home/osawakousei/ros2_ws/src/build/cpp_topic_pubsub -- -j8 -l8
[54.483s] Invoking command in '/home/osawakousei/ros2_ws/src/build/cpp_topic_pubsub': CMAKE_PREFIX_PATH=${CMAKE_PREFIX_PATH}:/opt/ros/humble /usr/bin/cmake --install /home/osawakousei/ros2_ws/src/build/cpp_topic_pubsub
[54.528s] -- Install configuration: ""
[54.528s] -- Installing: /home/osawakousei/ros2_ws/src/install/cpp_topic_pubsub/share/ament_index/resource_index/rosidl_interfaces/cpp_topic_pubsub
[54.529s] -- Installing: /home/osawakousei/ros2_ws/src/install/cpp_topic_pubsub/include/cpp_topic_pubsub/cpp_topic_pubsub
[54.529s] -- Installing: /home/osawakousei/ros2_ws/src/install/cpp_topic_pubsub/include/cpp_topic_pubsub/cpp_topic_pubsub/msg
[54.529s] -- Installing: /home/osawakousei/ros2_ws/src/install/cpp_topic_pubsub/include/cpp_topic_pubsub/cpp_topic_pubsub/msg/practice_msg.h
[54.529s] -- Installing: /home/osawakousei/ros2_ws/src/install/cpp_topic_pubsub/include/cpp_topic_pubsub/cpp_topic_pubsub/msg/rosidl_generator_c__visibility_control.h
[54.530s] -- Installing: /home/osawakousei/ros2_ws/src/install/cpp_topic_pubsub/include/cpp_topic_pubsub/cpp_topic_pubsub/msg/detail
[54.530s] -- Installing: /home/osawakousei/ros2_ws/src/install/cpp_topic_pubsub/include/cpp_topic_pubsub/cpp_topic_pubsub/msg/detail/practice_msg__struct.h
[54.530s] -- Installing: /home/osawakousei/ros2_ws/src/install/cpp_topic_pubsub/include/cpp_topic_pubsub/cpp_topic_pubsub/msg/detail/practice_msg__functions.c
[54.531s] -- Installing: /home/osawakousei/ros2_ws/src/install/cpp_topic_pubsub/include/cpp_topic_pubsub/cpp_topic_pubsub/msg/detail/practice_msg__type_support.h
[54.531s] -- Installing: /home/osawakousei/ros2_ws/src/install/cpp_topic_pubsub/include/cpp_topic_pubsub/cpp_topic_pubsub/msg/detail/practice_msg__functions.h
[54.531s] -- Installing: /home/osawakousei/ros2_ws/src/install/cpp_topic_pubsub/share/cpp_topic_pubsub/environment/library_path.sh
[54.531s] -- Installing: /home/osawakousei/ros2_ws/src/install/cpp_topic_pubsub/share/cpp_topic_pubsub/environment/library_path.dsv
[54.531s] -- Installing: /home/osawakousei/ros2_ws/src/install/cpp_topic_pubsub/lib/libcpp_topic_pubsub__rosidl_generator_c.so
[54.532s] -- Set runtime path of "/home/osawakousei/ros2_ws/src/install/cpp_topic_pubsub/lib/libcpp_topic_pubsub__rosidl_generator_c.so" to ""
[54.533s] -- Up-to-date: /home/osawakousei/ros2_ws/src/install/cpp_topic_pubsub/include/cpp_topic_pubsub/cpp_topic_pubsub
[54.533s] -- Up-to-date: /home/osawakousei/ros2_ws/src/install/cpp_topic_pubsub/include/cpp_topic_pubsub/cpp_topic_pubsub/msg
[54.534s] -- Up-to-date: /home/osawakousei/ros2_ws/src/install/cpp_topic_pubsub/include/cpp_topic_pubsub/cpp_topic_pubsub/msg/detail
[54.534s] -- Installing: /home/osawakousei/ros2_ws/src/install/cpp_topic_pubsub/include/cpp_topic_pubsub/cpp_topic_pubsub/msg/detail/practice_msg__rosidl_typesupport_fastrtps_c.h
[54.535s] -- Installing: /home/osawakousei/ros2_ws/src/install/cpp_topic_pubsub/include/cpp_topic_pubsub/cpp_topic_pubsub/msg/rosidl_typesupport_fastrtps_c__visibility_control.h
[54.535s] -- Installing: /home/osawakousei/ros2_ws/src/install/cpp_topic_pubsub/lib/libcpp_topic_pubsub__rosidl_typesupport_fastrtps_c.so
[54.536s] -- Set runtime path of "/home/osawakousei/ros2_ws/src/install/cpp_topic_pubsub/lib/libcpp_topic_pubsub__rosidl_typesupport_fastrtps_c.so" to ""
[54.537s] -- Up-to-date: /home/osawakousei/ros2_ws/src/install/cpp_topic_pubsub/include/cpp_topic_pubsub/cpp_topic_pubsub
[54.538s] -- Up-to-date: /home/osawakousei/ros2_ws/src/install/cpp_topic_pubsub/include/cpp_topic_pubsub/cpp_topic_pubsub/msg
[54.538s] -- Installing: /home/osawakousei/ros2_ws/src/install/cpp_topic_pubsub/include/cpp_topic_pubsub/cpp_topic_pubsub/msg/practice_msg.hpp
[54.538s] -- Up-to-date: /home/osawakousei/ros2_ws/src/install/cpp_topic_pubsub/include/cpp_topic_pubsub/cpp_topic_pubsub/msg/detail
[54.539s] -- Installing: /home/osawakousei/ros2_ws/src/install/cpp_topic_pubsub/include/cpp_topic_pubsub/cpp_topic_pubsub/msg/detail/practice_msg__traits.hpp
[54.540s] -- Installing: /home/osawakousei/ros2_ws/src/install/cpp_topic_pubsub/include/cpp_topic_pubsub/cpp_topic_pubsub/msg/detail/practice_msg__struct.hpp
[54.540s] -- Installing: /home/osawakousei/ros2_ws/src/install/cpp_topic_pubsub/include/cpp_topic_pubsub/cpp_topic_pubsub/msg/detail/practice_msg__builder.hpp
[54.540s] -- Up-to-date: /home/osawakousei/ros2_ws/src/install/cpp_topic_pubsub/include/cpp_topic_pubsub/cpp_topic_pubsub
[54.541s] -- Up-to-date: /home/osawakousei/ros2_ws/src/install/cpp_topic_pubsub/include/cpp_topic_pubsub/cpp_topic_pubsub/msg
[54.541s] -- Installing: /home/osawakousei/ros2_ws/src/install/cpp_topic_pubsub/include/cpp_topic_pubsub/cpp_topic_pubsub/msg/rosidl_typesupport_fastrtps_cpp__visibility_control.h
[54.541s] -- Up-to-date: /home/osawakousei/ros2_ws/src/install/cpp_topic_pubsub/include/cpp_topic_pubsub/cpp_topic_pubsub/msg/detail
[54.542s] -- Installing: /home/osawakousei/ros2_ws/src/install/cpp_topic_pubsub/include/cpp_topic_pubsub/cpp_topic_pubsub/msg/detail/dds_fastrtps
[54.542s] -- Installing: /home/osawakousei/ros2_ws/src/install/cpp_topic_pubsub/include/cpp_topic_pubsub/cpp_topic_pubsub/msg/detail/practice_msg__rosidl_typesupport_fastrtps_cpp.hpp
[54.542s] -- Installing: /home/osawakousei/ros2_ws/src/install/cpp_topic_pubsub/lib/libcpp_topic_pubsub__rosidl_typesupport_fastrtps_cpp.so
[54.543s] -- Set runtime path of "/home/osawakousei/ros2_ws/src/install/cpp_topic_pubsub/lib/libcpp_topic_pubsub__rosidl_typesupport_fastrtps_cpp.so" to ""
[54.544s] -- Up-to-date: /home/osawakousei/ros2_ws/src/install/cpp_topic_pubsub/include/cpp_topic_pubsub/cpp_topic_pubsub
[54.545s] -- Up-to-date: /home/osawakousei/ros2_ws/src/install/cpp_topic_pubsub/include/cpp_topic_pubsub/cpp_topic_pubsub/msg
[54.545s] -- Installing: /home/osawakousei/ros2_ws/src/install/cpp_topic_pubsub/include/cpp_topic_pubsub/cpp_topic_pubsub/msg/rosidl_typesupport_introspection_c__visibility_control.h
[54.546s] -- Up-to-date: /home/osawakousei/ros2_ws/src/install/cpp_topic_pubsub/include/cpp_topic_pubsub/cpp_topic_pubsub/msg/detail
[54.546s] -- Installing: /home/osawakousei/ros2_ws/src/install/cpp_topic_pubsub/include/cpp_topic_pubsub/cpp_topic_pubsub/msg/detail/practice_msg__rosidl_typesupport_introspection_c.h
[54.546s] -- Installing: /home/osawakousei/ros2_ws/src/install/cpp_topic_pubsub/include/cpp_topic_pubsub/cpp_topic_pubsub/msg/detail/practice_msg__type_support.c
[54.546s] -- Installing: /home/osawakousei/ros2_ws/src/install/cpp_topic_pubsub/lib/libcpp_topic_pubsub__rosidl_typesupport_introspection_c.so
[54.547s] -- Set runtime path of "/home/osawakousei/ros2_ws/src/install/cpp_topic_pubsub/lib/libcpp_topic_pubsub__rosidl_typesupport_introspection_c.so" to ""
[54.548s] -- Installing: /home/osawakousei/ros2_ws/src/install/cpp_topic_pubsub/lib/libcpp_topic_pubsub__rosidl_typesupport_c.so
[54.550s] -- Set runtime path of "/home/osawakousei/ros2_ws/src/install/cpp_topic_pubsub/lib/libcpp_topic_pubsub__rosidl_typesupport_c.so" to ""
[54.550s] -- Up-to-date: /home/osawakousei/ros2_ws/src/install/cpp_topic_pubsub/include/cpp_topic_pubsub/cpp_topic_pubsub
[54.550s] -- Up-to-date: /home/osawakousei/ros2_ws/src/install/cpp_topic_pubsub/include/cpp_topic_pubsub/cpp_topic_pubsub/msg
[54.551s] -- Up-to-date: /home/osawakousei/ros2_ws/src/install/cpp_topic_pubsub/include/cpp_topic_pubsub/cpp_topic_pubsub/msg/detail
[54.551s] -- Installing: /home/osawakousei/ros2_ws/src/install/cpp_topic_pubsub/include/cpp_topic_pubsub/cpp_topic_pubsub/msg/detail/practice_msg__rosidl_typesupport_introspection_cpp.hpp
[54.552s] -- Installing: /home/osawakousei/ros2_ws/src/install/cpp_topic_pubsub/include/cpp_topic_pubsub/cpp_topic_pubsub/msg/detail/practice_msg__type_support.cpp
[54.552s] -- Installing: /home/osawakousei/ros2_ws/src/install/cpp_topic_pubsub/lib/libcpp_topic_pubsub__rosidl_typesupport_introspection_cpp.so
[54.553s] -- Set runtime path of "/home/osawakousei/ros2_ws/src/install/cpp_topic_pubsub/lib/libcpp_topic_pubsub__rosidl_typesupport_introspection_cpp.so" to ""
[54.553s] -- Installing: /home/osawakousei/ros2_ws/src/install/cpp_topic_pubsub/lib/libcpp_topic_pubsub__rosidl_typesupport_cpp.so
[54.555s] -- Set runtime path of "/home/osawakousei/ros2_ws/src/install/cpp_topic_pubsub/lib/libcpp_topic_pubsub__rosidl_typesupport_cpp.so" to ""
[54.556s] -- Installing: /home/osawakousei/ros2_ws/src/install/cpp_topic_pubsub/share/cpp_topic_pubsub/environment/pythonpath.sh
[54.556s] -- Installing: /home/osawakousei/ros2_ws/src/install/cpp_topic_pubsub/share/cpp_topic_pubsub/environment/pythonpath.dsv
[54.557s] -- Installing: /home/osawakousei/ros2_ws/src/install/cpp_topic_pubsub/local/lib/python3.10/dist-packages/cpp_topic_pubsub-0.0.0-py3.10.egg-info
[54.557s] -- Installing: /home/osawakousei/ros2_ws/src/install/cpp_topic_pubsub/local/lib/python3.10/dist-packages/cpp_topic_pubsub-0.0.0-py3.10.egg-info/top_level.txt
[54.558s] -- Installing: /home/osawakousei/ros2_ws/src/install/cpp_topic_pubsub/local/lib/python3.10/dist-packages/cpp_topic_pubsub-0.0.0-py3.10.egg-info/SOURCES.txt
[54.558s] -- Installing: /home/osawakousei/ros2_ws/src/install/cpp_topic_pubsub/local/lib/python3.10/dist-packages/cpp_topic_pubsub-0.0.0-py3.10.egg-info/dependency_links.txt
[54.559s] -- Installing: /home/osawakousei/ros2_ws/src/install/cpp_topic_pubsub/local/lib/python3.10/dist-packages/cpp_topic_pubsub-0.0.0-py3.10.egg-info/PKG-INFO
[54.559s] -- Installing: /home/osawakousei/ros2_ws/src/install/cpp_topic_pubsub/local/lib/python3.10/dist-packages/cpp_topic_pubsub
[54.560s] -- Installing: /home/osawakousei/ros2_ws/src/install/cpp_topic_pubsub/local/lib/python3.10/dist-packages/cpp_topic_pubsub/_cpp_topic_pubsub_s.ep.rosidl_typesupport_fastrtps_c.c
[54.560s] -- Installing: /home/osawakousei/ros2_ws/src/install/cpp_topic_pubsub/local/lib/python3.10/dist-packages/cpp_topic_pubsub/cpp_topic_pubsub_s__rosidl_typesupport_c.cpython-310-x86_64-linux-gnu.so
[54.561s] -- Installing: /home/osawakousei/ros2_ws/src/install/cpp_topic_pubsub/local/lib/python3.10/dist-packages/cpp_topic_pubsub/cpp_topic_pubsub_s__rosidl_typesupport_fastrtps_c.cpython-310-x86_64-linux-gnu.so
[54.561s] -- Installing: /home/osawakousei/ros2_ws/src/install/cpp_topic_pubsub/local/lib/python3.10/dist-packages/cpp_topic_pubsub/_cpp_topic_pubsub_s.ep.rosidl_typesupport_introspection_c.c
[54.561s] -- Installing: /home/osawakousei/ros2_ws/src/install/cpp_topic_pubsub/local/lib/python3.10/dist-packages/cpp_topic_pubsub/cpp_topic_pubsub_s__rosidl_typesupport_introspection_c.cpython-310-x86_64-linux-gnu.so
[54.562s] -- Installing: /home/osawakousei/ros2_ws/src/install/cpp_topic_pubsub/local/lib/python3.10/dist-packages/cpp_topic_pubsub/libcpp_topic_pubsub__rosidl_generator_py.so
[54.562s] -- Installing: /home/osawakousei/ros2_ws/src/install/cpp_topic_pubsub/local/lib/python3.10/dist-packages/cpp_topic_pubsub/__init__.py
[54.563s] -- Installing: /home/osawakousei/ros2_ws/src/install/cpp_topic_pubsub/local/lib/python3.10/dist-packages/cpp_topic_pubsub/_cpp_topic_pubsub_s.ep.rosidl_typesupport_c.c
[54.563s] -- Installing: /home/osawakousei/ros2_ws/src/install/cpp_topic_pubsub/local/lib/python3.10/dist-packages/cpp_topic_pubsub/msg
[54.564s] -- Installing: /home/osawakousei/ros2_ws/src/install/cpp_topic_pubsub/local/lib/python3.10/dist-packages/cpp_topic_pubsub/msg/_practice_msg.py
[54.564s] -- Installing: /home/osawakousei/ros2_ws/src/install/cpp_topic_pubsub/local/lib/python3.10/dist-packages/cpp_topic_pubsub/msg/__init__.py
[54.564s] -- Installing: /home/osawakousei/ros2_ws/src/install/cpp_topic_pubsub/local/lib/python3.10/dist-packages/cpp_topic_pubsub/msg/_practice_msg_s.c
[54.707s] Listing '/home/osawakousei/ros2_ws/src/install/cpp_topic_pubsub/local/lib/python3.10/dist-packages/cpp_topic_pubsub'...
[54.707s] Compiling '/home/osawakousei/ros2_ws/src/install/cpp_topic_pubsub/local/lib/python3.10/dist-packages/cpp_topic_pubsub/__init__.py'...
[54.708s] Listing '/home/osawakousei/ros2_ws/src/install/cpp_topic_pubsub/local/lib/python3.10/dist-packages/cpp_topic_pubsub/msg'...
[54.708s] Compiling '/home/osawakousei/ros2_ws/src/install/cpp_topic_pubsub/local/lib/python3.10/dist-packages/cpp_topic_pubsub/msg/__init__.py'...
[54.708s] Compiling '/home/osawakousei/ros2_ws/src/install/cpp_topic_pubsub/local/lib/python3.10/dist-packages/cpp_topic_pubsub/msg/_practice_msg.py'...
[54.719s] -- Installing: /home/osawakousei/ros2_ws/src/install/cpp_topic_pubsub/local/lib/python3.10/dist-packages/cpp_topic_pubsub/cpp_topic_pubsub_s__rosidl_typesupport_fastrtps_c.cpython-310-x86_64-linux-gnu.so
[54.720s] -- Set runtime path of "/home/osawakousei/ros2_ws/src/install/cpp_topic_pubsub/local/lib/python3.10/dist-packages/cpp_topic_pubsub/cpp_topic_pubsub_s__rosidl_typesupport_fastrtps_c.cpython-310-x86_64-linux-gnu.so" to ""
[54.720s] -- Installing: /home/osawakousei/ros2_ws/src/install/cpp_topic_pubsub/local/lib/python3.10/dist-packages/cpp_topic_pubsub/cpp_topic_pubsub_s__rosidl_typesupport_introspection_c.cpython-310-x86_64-linux-gnu.so
[54.723s] -- Set runtime path of "/home/osawakousei/ros2_ws/src/install/cpp_topic_pubsub/local/lib/python3.10/dist-packages/cpp_topic_pubsub/cpp_topic_pubsub_s__rosidl_typesupport_introspection_c.cpython-310-x86_64-linux-gnu.so" to ""
[54.723s] -- Installing: /home/osawakousei/ros2_ws/src/install/cpp_topic_pubsub/local/lib/python3.10/dist-packages/cpp_topic_pubsub/cpp_topic_pubsub_s__rosidl_typesupport_c.cpython-310-x86_64-linux-gnu.so
[54.724s] -- Set runtime path of "/home/osawakousei/ros2_ws/src/install/cpp_topic_pubsub/local/lib/python3.10/dist-packages/cpp_topic_pubsub/cpp_topic_pubsub_s__rosidl_typesupport_c.cpython-310-x86_64-linux-gnu.so" to ""
[54.724s] -- Installing: /home/osawakousei/ros2_ws/src/install/cpp_topic_pubsub/lib/libcpp_topic_pubsub__rosidl_generator_py.so
[54.733s] -- Set runtime path of "/home/osawakousei/ros2_ws/src/install/cpp_topic_pubsub/lib/libcpp_topic_pubsub__rosidl_generator_py.so" to ""
[54.734s] -- Installing: /home/osawakousei/ros2_ws/src/install/cpp_topic_pubsub/share/cpp_topic_pubsub/msg/PracticeMsg.idl
[54.734s] -- Installing: /home/osawakousei/ros2_ws/src/install/cpp_topic_pubsub/share/cpp_topic_pubsub/msg/PracticeMsg.msg
[54.735s] -- Installing: /home/osawakousei/ros2_ws/src/install/cpp_topic_pubsub/lib/cpp_topic_pubsub/practice_publisher_node
[54.742s] -- Set runtime path of "/home/osawakousei/ros2_ws/src/install/cpp_topic_pubsub/lib/cpp_topic_pubsub/practice_publisher_node" to ""
[54.745s] -- Installing: /home/osawakousei/ros2_ws/src/install/cpp_topic_pubsub/lib/cpp_topic_pubsub/practice_subscriber_node
[54.777s] -- Set runtime path of "/home/osawakousei/ros2_ws/src/install/cpp_topic_pubsub/lib/cpp_topic_pubsub/practice_subscriber_node" to ""
[54.777s] -- Installing: /home/osawakousei/ros2_ws/src/install/cpp_topic_pubsub/share/ament_index/resource_index/package_run_dependencies/cpp_topic_pubsub
[54.777s] -- Installing: /home/osawakousei/ros2_ws/src/install/cpp_topic_pubsub/share/ament_index/resource_index/parent_prefix_path/cpp_topic_pubsub
[54.778s] -- Installing: /home/osawakousei/ros2_ws/src/install/cpp_topic_pubsub/share/cpp_topic_pubsub/environment/ament_prefix_path.sh
[54.778s] -- Installing: /home/osawakousei/ros2_ws/src/install/cpp_topic_pubsub/share/cpp_topic_pubsub/environment/ament_prefix_path.dsv
[54.778s] -- Installing: /home/osawakousei/ros2_ws/src/install/cpp_topic_pubsub/share/cpp_topic_pubsub/environment/path.sh
[54.778s] -- Installing: /home/osawakousei/ros2_ws/src/install/cpp_topic_pubsub/share/cpp_topic_pubsub/environment/path.dsv
[54.778s] -- Installing: /home/osawakousei/ros2_ws/src/install/cpp_topic_pubsub/share/cpp_topic_pubsub/local_setup.bash
[54.779s] -- Installing: /home/osawakousei/ros2_ws/src/install/cpp_topic_pubsub/share/cpp_topic_pubsub/local_setup.sh
[54.779s] -- Installing: /home/osawakousei/ros2_ws/src/install/cpp_topic_pubsub/share/cpp_topic_pubsub/local_setup.zsh
[54.779s] -- Installing: /home/osawakousei/ros2_ws/src/install/cpp_topic_pubsub/share/cpp_topic_pubsub/local_setup.dsv
[54.779s] -- Installing: /home/osawakousei/ros2_ws/src/install/cpp_topic_pubsub/share/cpp_topic_pubsub/package.dsv
[54.779s] -- Installing: /home/osawakousei/ros2_ws/src/install/cpp_topic_pubsub/share/ament_index/resource_index/packages/cpp_topic_pubsub
[54.780s] -- Installing: /home/osawakousei/ros2_ws/src/install/cpp_topic_pubsub/share/cpp_topic_pubsub/cmake/export_cpp_topic_pubsub__rosidl_generator_cExport.cmake
[54.780s] -- Installing: /home/osawakousei/ros2_ws/src/install/cpp_topic_pubsub/share/cpp_topic_pubsub/cmake/export_cpp_topic_pubsub__rosidl_generator_cExport-noconfig.cmake
[54.780s] -- Installing: /home/osawakousei/ros2_ws/src/install/cpp_topic_pubsub/share/cpp_topic_pubsub/cmake/export_cpp_topic_pubsub__rosidl_typesupport_fastrtps_cExport.cmake
[54.780s] -- Installing: /home/osawakousei/ros2_ws/src/install/cpp_topic_pubsub/share/cpp_topic_pubsub/cmake/export_cpp_topic_pubsub__rosidl_typesupport_fastrtps_cExport-noconfig.cmake
[54.780s] -- Installing: /home/osawakousei/ros2_ws/src/install/cpp_topic_pubsub/share/cpp_topic_pubsub/cmake/export_cpp_topic_pubsub__rosidl_generator_cppExport.cmake
[54.781s] -- Installing: /home/osawakousei/ros2_ws/src/install/cpp_topic_pubsub/share/cpp_topic_pubsub/cmake/export_cpp_topic_pubsub__rosidl_typesupport_fastrtps_cppExport.cmake
[54.781s] -- Installing: /home/osawakousei/ros2_ws/src/install/cpp_topic_pubsub/share/cpp_topic_pubsub/cmake/export_cpp_topic_pubsub__rosidl_typesupport_fastrtps_cppExport-noconfig.cmake
[54.781s] -- Installing: /home/osawakousei/ros2_ws/src/install/cpp_topic_pubsub/share/cpp_topic_pubsub/cmake/cpp_topic_pubsub__rosidl_typesupport_introspection_cExport.cmake
[54.781s] -- Installing: /home/osawakousei/ros2_ws/src/install/cpp_topic_pubsub/share/cpp_topic_pubsub/cmake/cpp_topic_pubsub__rosidl_typesupport_introspection_cExport-noconfig.cmake
[54.782s] -- Installing: /home/osawakousei/ros2_ws/src/install/cpp_topic_pubsub/share/cpp_topic_pubsub/cmake/cpp_topic_pubsub__rosidl_typesupport_cExport.cmake
[54.782s] -- Installing: /home/osawakousei/ros2_ws/src/install/cpp_topic_pubsub/share/cpp_topic_pubsub/cmake/cpp_topic_pubsub__rosidl_typesupport_cExport-noconfig.cmake
[54.782s] -- Installing: /home/osawakousei/ros2_ws/src/install/cpp_topic_pubsub/share/cpp_topic_pubsub/cmake/cpp_topic_pubsub__rosidl_typesupport_introspection_cppExport.cmake
[54.783s] -- Installing: /home/osawakousei/ros2_ws/src/install/cpp_topic_pubsub/share/cpp_topic_pubsub/cmake/cpp_topic_pubsub__rosidl_typesupport_introspection_cppExport-noconfig.cmake
[54.783s] -- Installing: /home/osawakousei/ros2_ws/src/install/cpp_topic_pubsub/share/cpp_topic_pubsub/cmake/cpp_topic_pubsub__rosidl_typesupport_cppExport.cmake
[54.783s] -- Installing: /home/osawakousei/ros2_ws/src/install/cpp_topic_pubsub/share/cpp_topic_pubsub/cmake/cpp_topic_pubsub__rosidl_typesupport_cppExport-noconfig.cmake
[54.794s] -- Installing: /home/osawakousei/ros2_ws/src/install/cpp_topic_pubsub/share/cpp_topic_pubsub/cmake/export_cpp_topic_pubsub__rosidl_generator_pyExport.cmake
[54.795s] -- Installing: /home/osawakousei/ros2_ws/src/install/cpp_topic_pubsub/share/cpp_topic_pubsub/cmake/export_cpp_topic_pubsub__rosidl_generator_pyExport-noconfig.cmake
[54.798s] -- Installing: /home/osawakousei/ros2_ws/src/install/cpp_topic_pubsub/share/cpp_topic_pubsub/cmake/rosidl_cmake-extras.cmake
[54.805s] -- Installing: /home/osawakousei/ros2_ws/src/install/cpp_topic_pubsub/share/cpp_topic_pubsub/cmake/ament_cmake_export_include_directories-extras.cmake
[54.805s] -- Installing: /home/osawakousei/ros2_ws/src/install/cpp_topic_pubsub/share/cpp_topic_pubsub/cmake/ament_cmake_export_libraries-extras.cmake
[54.805s] -- Installing: /home/osawakousei/ros2_ws/src/install/cpp_topic_pubsub/share/cpp_topic_pubsub/cmake/ament_cmake_export_targets-extras.cmake
[54.806s] -- Installing: /home/osawakousei/ros2_ws/src/install/cpp_topic_pubsub/share/cpp_topic_pubsub/cmake/rosidl_cmake_export_typesupport_targets-extras.cmake
[54.806s] -- Installing: /home/osawakousei/ros2_ws/src/install/cpp_topic_pubsub/share/cpp_topic_pubsub/cmake/ament_cmake_export_dependencies-extras.cmake
[54.807s] -- Installing: /home/osawakousei/ros2_ws/src/install/cpp_topic_pubsub/share/cpp_topic_pubsub/cmake/rosidl_cmake_export_typesupport_libraries-extras.cmake
[54.807s] -- Installing: /home/osawakousei/ros2_ws/src/install/cpp_topic_pubsub/share/cpp_topic_pubsub/cmake/cpp_topic_pubsubConfig.cmake
[54.807s] -- Installing: /home/osawakousei/ros2_ws/src/install/cpp_topic_pubsub/share/cpp_topic_pubsub/cmake/cpp_topic_pubsubConfig-version.cmake
[54.807s] -- Installing: /home/osawakousei/ros2_ws/src/install/cpp_topic_pubsub/share/cpp_topic_pubsub/package.xml
[54.808s] Invoked command in '/home/osawakousei/ros2_ws/src/build/cpp_topic_pubsub' returned '0': CMAKE_PREFIX_PATH=${CMAKE_PREFIX_PATH}:/opt/ros/humble /usr/bin/cmake --install /home/osawakousei/ros2_ws/src/build/cpp_topic_pubsub
