[0.053s] Invoking command in '/home/kousei/ros2_ws/src/build/cpp_topic_pubsub': CMAKE_PREFIX_PATH=/opt/ros/humble /usr/bin/cmake --build /home/kousei/ros2_ws/src/build/cpp_topic_pubsub -- -j16 -l16
[0.087s] [  2%] Built target cpp_topic_pubsub__cpp
[0.089s] [35m[1mConsolidate compiler generated dependencies of target cpp_topic_pubsub__rosidl_generator_c[0m
[0.099s] [35m[1mConsolidate compiler generated dependencies of target cpp_topic_pubsub__rosidl_typesupport_introspection_cpp[0m
[0.100s] [35m[1mConsolidate compiler generated dependencies of target cpp_topic_pubsub__rosidl_typesupport_cpp[0m
[0.102s] [ 11%] Built target cpp_topic_pubsub__rosidl_generator_c
[0.104s] [ 11%] Built target ament_cmake_python_copy_cpp_topic_pubsub
[0.105s] [35m[1mConsolidate compiler generated dependencies of target cpp_topic_pubsub__rosidl_typesupport_fastrtps_cpp[0m
[0.111s] [ 20%] Built target cpp_topic_pubsub__rosidl_typesupport_introspection_cpp
[0.112s] [35m[1mConsolidate compiler generated dependencies of target cpp_topic_pubsub__rosidl_typesupport_fastrtps_c[0m
[0.112s] [35m[1mConsolidate compiler generated dependencies of target cpp_topic_pubsub__rosidl_typesupport_c[0m
[0.115s] [35m[1mConsolidate compiler generated dependencies of target cpp_topic_pubsub__rosidl_typesupport_introspection_c[0m
[0.121s] [ 28%] Built target cpp_topic_pubsub__rosidl_typesupport_cpp
[0.130s] [ 37%] Built target cpp_topic_pubsub__rosidl_typesupport_c
[0.131s] [ 45%] Built target cpp_topic_pubsub__rosidl_typesupport_fastrtps_cpp
[0.132s] [ 54%] Built target cpp_topic_pubsub__rosidl_typesupport_introspection_c
[0.134s] [35m[1mConsolidate compiler generated dependencies of target practice_publisher_node[0m
[0.135s] [35m[1mConsolidate compiler generated dependencies of target practice_subscriber_node[0m
[0.138s] [ 62%] Built target cpp_topic_pubsub__rosidl_typesupport_fastrtps_c
[0.153s] [ 68%] Built target practice_subscriber_node
[0.154s] [ 74%] Built target practice_publisher_node
[0.156s] [ 74%] Built target cpp_topic_pubsub
[0.170s] [ 77%] Built target cpp_topic_pubsub__py
[0.177s] [35m[1mConsolidate compiler generated dependencies of target cpp_topic_pubsub__rosidl_generator_py[0m
[0.190s] [ 82%] Built target cpp_topic_pubsub__rosidl_generator_py
[0.199s] [35m[1mConsolidate compiler generated dependencies of target cpp_topic_pubsub__rosidl_typesupport_fastrtps_c__pyext[0m
[0.199s] [35m[1mConsolidate compiler generated dependencies of target cpp_topic_pubsub__rosidl_typesupport_c__pyext[0m
[0.205s] [35m[1mConsolidate compiler generated dependencies of target cpp_topic_pubsub__rosidl_typesupport_introspection_c__pyext[0m
[0.210s] [ 88%] Built target cpp_topic_pubsub__rosidl_typesupport_fastrtps_c__pyext
[0.211s] [ 94%] Built target cpp_topic_pubsub__rosidl_typesupport_c__pyext
[0.217s] [100%] Built target cpp_topic_pubsub__rosidl_typesupport_introspection_c__pyext
[0.281s] running egg_info
[0.281s] writing cpp_topic_pubsub.egg-info/PKG-INFO
[0.281s] writing dependency_links to cpp_topic_pubsub.egg-info/dependency_links.txt
[0.281s] writing top-level names to cpp_topic_pubsub.egg-info/top_level.txt
[0.283s] reading manifest file 'cpp_topic_pubsub.egg-info/SOURCES.txt'
[0.283s] writing manifest file 'cpp_topic_pubsub.egg-info/SOURCES.txt'
[0.305s] [100%] Built target ament_cmake_python_build_cpp_topic_pubsub_egg
[0.316s] Invoked command in '/home/kousei/ros2_ws/src/build/cpp_topic_pubsub' returned '0': CMAKE_PREFIX_PATH=/opt/ros/humble /usr/bin/cmake --build /home/kousei/ros2_ws/src/build/cpp_topic_pubsub -- -j16 -l16
[0.373s] Invoking command in '/home/kousei/ros2_ws/src/build/cpp_topic_pubsub': CMAKE_PREFIX_PATH=/opt/ros/humble /usr/bin/cmake --install /home/kousei/ros2_ws/src/build/cpp_topic_pubsub
[0.382s] -- Install configuration: ""
[0.382s] -- Up-to-date: /home/kousei/ros2_ws/src/install/cpp_topic_pubsub/share/ament_index/resource_index/rosidl_interfaces/cpp_topic_pubsub
[0.382s] -- Up-to-date: /home/kousei/ros2_ws/src/install/cpp_topic_pubsub/include/cpp_topic_pubsub/cpp_topic_pubsub
[0.384s] -- Up-to-date: /home/kousei/ros2_ws/src/install/cpp_topic_pubsub/include/cpp_topic_pubsub/cpp_topic_pubsub/msg
[0.384s] -- Up-to-date: /home/kousei/ros2_ws/src/install/cpp_topic_pubsub/include/cpp_topic_pubsub/cpp_topic_pubsub/msg/practice_msg.h
[0.384s] -- Up-to-date: /home/kousei/ros2_ws/src/install/cpp_topic_pubsub/include/cpp_topic_pubsub/cpp_topic_pubsub/msg/rosidl_generator_c__visibility_control.h
[0.384s] -- Up-to-date: /home/kousei/ros2_ws/src/install/cpp_topic_pubsub/include/cpp_topic_pubsub/cpp_topic_pubsub/msg/detail
[0.384s] -- Up-to-date: /home/kousei/ros2_ws/src/install/cpp_topic_pubsub/include/cpp_topic_pubsub/cpp_topic_pubsub/msg/detail/practice_msg__functions.h
[0.384s] -- Up-to-date: /home/kousei/ros2_ws/src/install/cpp_topic_pubsub/include/cpp_topic_pubsub/cpp_topic_pubsub/msg/detail/practice_msg__struct.h
[0.384s] -- Up-to-date: /home/kousei/ros2_ws/src/install/cpp_topic_pubsub/include/cpp_topic_pubsub/cpp_topic_pubsub/msg/detail/practice_msg__functions.c
[0.384s] -- Up-to-date: /home/kousei/ros2_ws/src/install/cpp_topic_pubsub/include/cpp_topic_pubsub/cpp_topic_pubsub/msg/detail/practice_msg__type_support.h
[0.384s] -- Up-to-date: /home/kousei/ros2_ws/src/install/cpp_topic_pubsub/share/cpp_topic_pubsub/environment/library_path.sh
[0.385s] -- Up-to-date: /home/kousei/ros2_ws/src/install/cpp_topic_pubsub/share/cpp_topic_pubsub/environment/library_path.dsv
[0.385s] -- Up-to-date: /home/kousei/ros2_ws/src/install/cpp_topic_pubsub/lib/libcpp_topic_pubsub__rosidl_generator_c.so
[0.385s] -- Up-to-date: /home/kousei/ros2_ws/src/install/cpp_topic_pubsub/include/cpp_topic_pubsub/cpp_topic_pubsub
[0.385s] -- Up-to-date: /home/kousei/ros2_ws/src/install/cpp_topic_pubsub/include/cpp_topic_pubsub/cpp_topic_pubsub/msg
[0.385s] -- Up-to-date: /home/kousei/ros2_ws/src/install/cpp_topic_pubsub/include/cpp_topic_pubsub/cpp_topic_pubsub/msg/detail
[0.385s] -- Up-to-date: /home/kousei/ros2_ws/src/install/cpp_topic_pubsub/include/cpp_topic_pubsub/cpp_topic_pubsub/msg/detail/practice_msg__rosidl_typesupport_fastrtps_c.h
[0.385s] -- Up-to-date: /home/kousei/ros2_ws/src/install/cpp_topic_pubsub/include/cpp_topic_pubsub/cpp_topic_pubsub/msg/rosidl_typesupport_fastrtps_c__visibility_control.h
[0.385s] -- Up-to-date: /home/kousei/ros2_ws/src/install/cpp_topic_pubsub/lib/libcpp_topic_pubsub__rosidl_typesupport_fastrtps_c.so
[0.386s] -- Up-to-date: /home/kousei/ros2_ws/src/install/cpp_topic_pubsub/include/cpp_topic_pubsub/cpp_topic_pubsub
[0.386s] -- Up-to-date: /home/kousei/ros2_ws/src/install/cpp_topic_pubsub/include/cpp_topic_pubsub/cpp_topic_pubsub/msg
[0.387s] -- Up-to-date: /home/kousei/ros2_ws/src/install/cpp_topic_pubsub/include/cpp_topic_pubsub/cpp_topic_pubsub/msg/practice_msg.hpp
[0.387s] -- Up-to-date: /home/kousei/ros2_ws/src/install/cpp_topic_pubsub/include/cpp_topic_pubsub/cpp_topic_pubsub/msg/detail
[0.387s] -- Up-to-date: /home/kousei/ros2_ws/src/install/cpp_topic_pubsub/include/cpp_topic_pubsub/cpp_topic_pubsub/msg/detail/practice_msg__traits.hpp
[0.387s] -- Up-to-date: /home/kousei/ros2_ws/src/install/cpp_topic_pubsub/include/cpp_topic_pubsub/cpp_topic_pubsub/msg/detail/practice_msg__struct.hpp
[0.387s] -- Up-to-date: /home/kousei/ros2_ws/src/install/cpp_topic_pubsub/include/cpp_topic_pubsub/cpp_topic_pubsub/msg/detail/practice_msg__builder.hpp
[0.388s] -- Up-to-date: /home/kousei/ros2_ws/src/install/cpp_topic_pubsub/include/cpp_topic_pubsub/cpp_topic_pubsub
[0.388s] -- Up-to-date: /home/kousei/ros2_ws/src/install/cpp_topic_pubsub/include/cpp_topic_pubsub/cpp_topic_pubsub/msg
[0.388s] -- Up-to-date: /home/kousei/ros2_ws/src/install/cpp_topic_pubsub/include/cpp_topic_pubsub/cpp_topic_pubsub/msg/detail
[0.388s] -- Up-to-date: /home/kousei/ros2_ws/src/install/cpp_topic_pubsub/include/cpp_topic_pubsub/cpp_topic_pubsub/msg/detail/practice_msg__rosidl_typesupport_fastrtps_cpp.hpp
[0.388s] -- Up-to-date: /home/kousei/ros2_ws/src/install/cpp_topic_pubsub/include/cpp_topic_pubsub/cpp_topic_pubsub/msg/detail/dds_fastrtps
[0.388s] -- Up-to-date: /home/kousei/ros2_ws/src/install/cpp_topic_pubsub/include/cpp_topic_pubsub/cpp_topic_pubsub/msg/rosidl_typesupport_fastrtps_cpp__visibility_control.h
[0.389s] -- Up-to-date: /home/kousei/ros2_ws/src/install/cpp_topic_pubsub/lib/libcpp_topic_pubsub__rosidl_typesupport_fastrtps_cpp.so
[0.389s] -- Up-to-date: /home/kousei/ros2_ws/src/install/cpp_topic_pubsub/include/cpp_topic_pubsub/cpp_topic_pubsub
[0.389s] -- Up-to-date: /home/kousei/ros2_ws/src/install/cpp_topic_pubsub/include/cpp_topic_pubsub/cpp_topic_pubsub/msg
[0.390s] -- Up-to-date: /home/kousei/ros2_ws/src/install/cpp_topic_pubsub/include/cpp_topic_pubsub/cpp_topic_pubsub/msg/detail
[0.390s] -- Up-to-date: /home/kousei/ros2_ws/src/install/cpp_topic_pubsub/include/cpp_topic_pubsub/cpp_topic_pubsub/msg/detail/practice_msg__type_support.c
[0.390s] -- Up-to-date: /home/kousei/ros2_ws/src/install/cpp_topic_pubsub/include/cpp_topic_pubsub/cpp_topic_pubsub/msg/detail/practice_msg__rosidl_typesupport_introspection_c.h
[0.390s] -- Up-to-date: /home/kousei/ros2_ws/src/install/cpp_topic_pubsub/include/cpp_topic_pubsub/cpp_topic_pubsub/msg/rosidl_typesupport_introspection_c__visibility_control.h
[0.391s] -- Up-to-date: /home/kousei/ros2_ws/src/install/cpp_topic_pubsub/lib/libcpp_topic_pubsub__rosidl_typesupport_introspection_c.so
[0.391s] -- Up-to-date: /home/kousei/ros2_ws/src/install/cpp_topic_pubsub/lib/libcpp_topic_pubsub__rosidl_typesupport_c.so
[0.391s] -- Up-to-date: /home/kousei/ros2_ws/src/install/cpp_topic_pubsub/include/cpp_topic_pubsub/cpp_topic_pubsub
[0.391s] -- Up-to-date: /home/kousei/ros2_ws/src/install/cpp_topic_pubsub/include/cpp_topic_pubsub/cpp_topic_pubsub/msg
[0.392s] -- Up-to-date: /home/kousei/ros2_ws/src/install/cpp_topic_pubsub/include/cpp_topic_pubsub/cpp_topic_pubsub/msg/detail
[0.392s] -- Up-to-date: /home/kousei/ros2_ws/src/install/cpp_topic_pubsub/include/cpp_topic_pubsub/cpp_topic_pubsub/msg/detail/practice_msg__rosidl_typesupport_introspection_cpp.hpp
[0.392s] -- Up-to-date: /home/kousei/ros2_ws/src/install/cpp_topic_pubsub/include/cpp_topic_pubsub/cpp_topic_pubsub/msg/detail/practice_msg__type_support.cpp
[0.392s] -- Up-to-date: /home/kousei/ros2_ws/src/install/cpp_topic_pubsub/lib/libcpp_topic_pubsub__rosidl_typesupport_introspection_cpp.so
[0.392s] -- Up-to-date: /home/kousei/ros2_ws/src/install/cpp_topic_pubsub/lib/libcpp_topic_pubsub__rosidl_typesupport_cpp.so
[0.392s] -- Up-to-date: /home/kousei/ros2_ws/src/install/cpp_topic_pubsub/share/cpp_topic_pubsub/environment/pythonpath.sh
[0.392s] -- Up-to-date: /home/kousei/ros2_ws/src/install/cpp_topic_pubsub/share/cpp_topic_pubsub/environment/pythonpath.dsv
[0.392s] -- Up-to-date: /home/kousei/ros2_ws/src/install/cpp_topic_pubsub/local/lib/python3.10/dist-packages/cpp_topic_pubsub-0.0.0-py3.10.egg-info
[0.392s] -- Installing: /home/kousei/ros2_ws/src/install/cpp_topic_pubsub/local/lib/python3.10/dist-packages/cpp_topic_pubsub-0.0.0-py3.10.egg-info/dependency_links.txt
[0.393s] -- Installing: /home/kousei/ros2_ws/src/install/cpp_topic_pubsub/local/lib/python3.10/dist-packages/cpp_topic_pubsub-0.0.0-py3.10.egg-info/SOURCES.txt
[0.393s] -- Installing: /home/kousei/ros2_ws/src/install/cpp_topic_pubsub/local/lib/python3.10/dist-packages/cpp_topic_pubsub-0.0.0-py3.10.egg-info/top_level.txt
[0.393s] -- Installing: /home/kousei/ros2_ws/src/install/cpp_topic_pubsub/local/lib/python3.10/dist-packages/cpp_topic_pubsub-0.0.0-py3.10.egg-info/PKG-INFO
[0.393s] -- Up-to-date: /home/kousei/ros2_ws/src/install/cpp_topic_pubsub/local/lib/python3.10/dist-packages/cpp_topic_pubsub
[0.393s] -- Up-to-date: /home/kousei/ros2_ws/src/install/cpp_topic_pubsub/local/lib/python3.10/dist-packages/cpp_topic_pubsub/__init__.py
[0.393s] -- Up-to-date: /home/kousei/ros2_ws/src/install/cpp_topic_pubsub/local/lib/python3.10/dist-packages/cpp_topic_pubsub/_cpp_topic_pubsub_s.ep.rosidl_typesupport_c.c
[0.393s] -- Up-to-date: /home/kousei/ros2_ws/src/install/cpp_topic_pubsub/local/lib/python3.10/dist-packages/cpp_topic_pubsub/_cpp_topic_pubsub_s.ep.rosidl_typesupport_fastrtps_c.c
[0.393s] -- Up-to-date: /home/kousei/ros2_ws/src/install/cpp_topic_pubsub/local/lib/python3.10/dist-packages/cpp_topic_pubsub/cpp_topic_pubsub_s__rosidl_typesupport_c.cpython-310-x86_64-linux-gnu.so
[0.394s] -- Up-to-date: /home/kousei/ros2_ws/src/install/cpp_topic_pubsub/local/lib/python3.10/dist-packages/cpp_topic_pubsub/libcpp_topic_pubsub__rosidl_generator_py.so
[0.394s] -- Up-to-date: /home/kousei/ros2_ws/src/install/cpp_topic_pubsub/local/lib/python3.10/dist-packages/cpp_topic_pubsub/_cpp_topic_pubsub_s.ep.rosidl_typesupport_introspection_c.c
[0.394s] -- Up-to-date: /home/kousei/ros2_ws/src/install/cpp_topic_pubsub/local/lib/python3.10/dist-packages/cpp_topic_pubsub/msg
[0.394s] -- Up-to-date: /home/kousei/ros2_ws/src/install/cpp_topic_pubsub/local/lib/python3.10/dist-packages/cpp_topic_pubsub/msg/__init__.py
[0.394s] -- Up-to-date: /home/kousei/ros2_ws/src/install/cpp_topic_pubsub/local/lib/python3.10/dist-packages/cpp_topic_pubsub/msg/_practice_msg.py
[0.394s] -- Up-to-date: /home/kousei/ros2_ws/src/install/cpp_topic_pubsub/local/lib/python3.10/dist-packages/cpp_topic_pubsub/msg/_practice_msg_s.c
[0.394s] -- Up-to-date: /home/kousei/ros2_ws/src/install/cpp_topic_pubsub/local/lib/python3.10/dist-packages/cpp_topic_pubsub/cpp_topic_pubsub_s__rosidl_typesupport_fastrtps_c.cpython-310-x86_64-linux-gnu.so
[0.394s] -- Up-to-date: /home/kousei/ros2_ws/src/install/cpp_topic_pubsub/local/lib/python3.10/dist-packages/cpp_topic_pubsub/cpp_topic_pubsub_s__rosidl_typesupport_introspection_c.cpython-310-x86_64-linux-gnu.so
[0.402s] Listing '/home/kousei/ros2_ws/src/install/cpp_topic_pubsub/local/lib/python3.10/dist-packages/cpp_topic_pubsub'...
[0.402s] Listing '/home/kousei/ros2_ws/src/install/cpp_topic_pubsub/local/lib/python3.10/dist-packages/cpp_topic_pubsub/msg'...
[0.407s] -- Up-to-date: /home/kousei/ros2_ws/src/install/cpp_topic_pubsub/local/lib/python3.10/dist-packages/cpp_topic_pubsub/cpp_topic_pubsub_s__rosidl_typesupport_fastrtps_c.cpython-310-x86_64-linux-gnu.so
[0.407s] -- Up-to-date: /home/kousei/ros2_ws/src/install/cpp_topic_pubsub/local/lib/python3.10/dist-packages/cpp_topic_pubsub/cpp_topic_pubsub_s__rosidl_typesupport_introspection_c.cpython-310-x86_64-linux-gnu.so
[0.408s] -- Up-to-date: /home/kousei/ros2_ws/src/install/cpp_topic_pubsub/local/lib/python3.10/dist-packages/cpp_topic_pubsub/cpp_topic_pubsub_s__rosidl_typesupport_c.cpython-310-x86_64-linux-gnu.so
[0.411s] -- Up-to-date: /home/kousei/ros2_ws/src/install/cpp_topic_pubsub/lib/libcpp_topic_pubsub__rosidl_generator_py.so
[0.412s] -- Up-to-date: /home/kousei/ros2_ws/src/install/cpp_topic_pubsub/share/cpp_topic_pubsub/msg/PracticeMsg.idl
[0.412s] -- Up-to-date: /home/kousei/ros2_ws/src/install/cpp_topic_pubsub/share/cpp_topic_pubsub/msg/PracticeMsg.msg
[0.412s] -- Up-to-date: /home/kousei/ros2_ws/src/install/cpp_topic_pubsub/lib/cpp_topic_pubsub/practice_publisher_node
[0.414s] -- Up-to-date: /home/kousei/ros2_ws/src/install/cpp_topic_pubsub/lib/cpp_topic_pubsub/practice_subscriber_node
[0.414s] -- Up-to-date: /home/kousei/ros2_ws/src/install/cpp_topic_pubsub/share/ament_index/resource_index/package_run_dependencies/cpp_topic_pubsub
[0.414s] -- Up-to-date: /home/kousei/ros2_ws/src/install/cpp_topic_pubsub/share/ament_index/resource_index/parent_prefix_path/cpp_topic_pubsub
[0.414s] -- Up-to-date: /home/kousei/ros2_ws/src/install/cpp_topic_pubsub/share/cpp_topic_pubsub/environment/ament_prefix_path.sh
[0.414s] -- Up-to-date: /home/kousei/ros2_ws/src/install/cpp_topic_pubsub/share/cpp_topic_pubsub/environment/ament_prefix_path.dsv
[0.414s] -- Up-to-date: /home/kousei/ros2_ws/src/install/cpp_topic_pubsub/share/cpp_topic_pubsub/environment/path.sh
[0.414s] -- Up-to-date: /home/kousei/ros2_ws/src/install/cpp_topic_pubsub/share/cpp_topic_pubsub/environment/path.dsv
[0.415s] -- Up-to-date: /home/kousei/ros2_ws/src/install/cpp_topic_pubsub/share/cpp_topic_pubsub/local_setup.bash
[0.415s] -- Up-to-date: /home/kousei/ros2_ws/src/install/cpp_topic_pubsub/share/cpp_topic_pubsub/local_setup.sh
[0.415s] -- Up-to-date: /home/kousei/ros2_ws/src/install/cpp_topic_pubsub/share/cpp_topic_pubsub/local_setup.zsh
[0.415s] -- Up-to-date: /home/kousei/ros2_ws/src/install/cpp_topic_pubsub/share/cpp_topic_pubsub/local_setup.dsv
[0.415s] -- Installing: /home/kousei/ros2_ws/src/install/cpp_topic_pubsub/share/cpp_topic_pubsub/package.dsv
[0.415s] -- Up-to-date: /home/kousei/ros2_ws/src/install/cpp_topic_pubsub/share/ament_index/resource_index/packages/cpp_topic_pubsub
[0.415s] -- Up-to-date: /home/kousei/ros2_ws/src/install/cpp_topic_pubsub/share/cpp_topic_pubsub/cmake/export_cpp_topic_pubsub__rosidl_generator_cExport.cmake
[0.415s] -- Up-to-date: /home/kousei/ros2_ws/src/install/cpp_topic_pubsub/share/cpp_topic_pubsub/cmake/export_cpp_topic_pubsub__rosidl_generator_cExport-noconfig.cmake
[0.416s] -- Up-to-date: /home/kousei/ros2_ws/src/install/cpp_topic_pubsub/share/cpp_topic_pubsub/cmake/export_cpp_topic_pubsub__rosidl_typesupport_fastrtps_cExport.cmake
[0.416s] -- Up-to-date: /home/kousei/ros2_ws/src/install/cpp_topic_pubsub/share/cpp_topic_pubsub/cmake/export_cpp_topic_pubsub__rosidl_typesupport_fastrtps_cExport-noconfig.cmake
[0.416s] -- Up-to-date: /home/kousei/ros2_ws/src/install/cpp_topic_pubsub/share/cpp_topic_pubsub/cmake/export_cpp_topic_pubsub__rosidl_generator_cppExport.cmake
[0.416s] -- Up-to-date: /home/kousei/ros2_ws/src/install/cpp_topic_pubsub/share/cpp_topic_pubsub/cmake/export_cpp_topic_pubsub__rosidl_typesupport_fastrtps_cppExport.cmake
[0.416s] -- Up-to-date: /home/kousei/ros2_ws/src/install/cpp_topic_pubsub/share/cpp_topic_pubsub/cmake/export_cpp_topic_pubsub__rosidl_typesupport_fastrtps_cppExport-noconfig.cmake
[0.416s] -- Up-to-date: /home/kousei/ros2_ws/src/install/cpp_topic_pubsub/share/cpp_topic_pubsub/cmake/cpp_topic_pubsub__rosidl_typesupport_introspection_cExport.cmake
[0.416s] -- Up-to-date: /home/kousei/ros2_ws/src/install/cpp_topic_pubsub/share/cpp_topic_pubsub/cmake/cpp_topic_pubsub__rosidl_typesupport_introspection_cExport-noconfig.cmake
[0.416s] -- Up-to-date: /home/kousei/ros2_ws/src/install/cpp_topic_pubsub/share/cpp_topic_pubsub/cmake/cpp_topic_pubsub__rosidl_typesupport_cExport.cmake
[0.416s] -- Up-to-date: /home/kousei/ros2_ws/src/install/cpp_topic_pubsub/share/cpp_topic_pubsub/cmake/cpp_topic_pubsub__rosidl_typesupport_cExport-noconfig.cmake
[0.416s] -- Up-to-date: /home/kousei/ros2_ws/src/install/cpp_topic_pubsub/share/cpp_topic_pubsub/cmake/cpp_topic_pubsub__rosidl_typesupport_introspection_cppExport.cmake
[0.417s] -- Up-to-date: /home/kousei/ros2_ws/src/install/cpp_topic_pubsub/share/cpp_topic_pubsub/cmake/cpp_topic_pubsub__rosidl_typesupport_introspection_cppExport-noconfig.cmake
[0.417s] -- Up-to-date: /home/kousei/ros2_ws/src/install/cpp_topic_pubsub/share/cpp_topic_pubsub/cmake/cpp_topic_pubsub__rosidl_typesupport_cppExport.cmake
[0.417s] -- Up-to-date: /home/kousei/ros2_ws/src/install/cpp_topic_pubsub/share/cpp_topic_pubsub/cmake/cpp_topic_pubsub__rosidl_typesupport_cppExport-noconfig.cmake
[0.417s] -- Up-to-date: /home/kousei/ros2_ws/src/install/cpp_topic_pubsub/share/cpp_topic_pubsub/cmake/export_cpp_topic_pubsub__rosidl_generator_pyExport.cmake
[0.417s] -- Up-to-date: /home/kousei/ros2_ws/src/install/cpp_topic_pubsub/share/cpp_topic_pubsub/cmake/export_cpp_topic_pubsub__rosidl_generator_pyExport-noconfig.cmake
[0.417s] -- Up-to-date: /home/kousei/ros2_ws/src/install/cpp_topic_pubsub/share/cpp_topic_pubsub/cmake/rosidl_cmake-extras.cmake
[0.417s] -- Up-to-date: /home/kousei/ros2_ws/src/install/cpp_topic_pubsub/share/cpp_topic_pubsub/cmake/ament_cmake_export_include_directories-extras.cmake
[0.417s] -- Up-to-date: /home/kousei/ros2_ws/src/install/cpp_topic_pubsub/share/cpp_topic_pubsub/cmake/ament_cmake_export_libraries-extras.cmake
[0.418s] -- Up-to-date: /home/kousei/ros2_ws/src/install/cpp_topic_pubsub/share/cpp_topic_pubsub/cmake/ament_cmake_export_targets-extras.cmake
[0.418s] -- Up-to-date: /home/kousei/ros2_ws/src/install/cpp_topic_pubsub/share/cpp_topic_pubsub/cmake/rosidl_cmake_export_typesupport_targets-extras.cmake
[0.418s] -- Up-to-date: /home/kousei/ros2_ws/src/install/cpp_topic_pubsub/share/cpp_topic_pubsub/cmake/ament_cmake_export_dependencies-extras.cmake
[0.418s] -- Up-to-date: /home/kousei/ros2_ws/src/install/cpp_topic_pubsub/share/cpp_topic_pubsub/cmake/rosidl_cmake_export_typesupport_libraries-extras.cmake
[0.418s] -- Up-to-date: /home/kousei/ros2_ws/src/install/cpp_topic_pubsub/share/cpp_topic_pubsub/cmake/cpp_topic_pubsubConfig.cmake
[0.418s] -- Up-to-date: /home/kousei/ros2_ws/src/install/cpp_topic_pubsub/share/cpp_topic_pubsub/cmake/cpp_topic_pubsubConfig-version.cmake
[0.418s] -- Up-to-date: /home/kousei/ros2_ws/src/install/cpp_topic_pubsub/share/cpp_topic_pubsub/package.xml
[0.506s] Invoked command in '/home/kousei/ros2_ws/src/build/cpp_topic_pubsub' returned '0': CMAKE_PREFIX_PATH=/opt/ros/humble /usr/bin/cmake --install /home/kousei/ros2_ws/src/build/cpp_topic_pubsub
