[0.799s] DEBUG:colcon:Command line arguments: ['/usr/bin/colcon', 'build', '--packages-select', 'custom_test_message']
[0.799s] DEBUG:colcon:Parsed command line arguments: Namespace(log_base=None, log_level=None, verb_name='build', build_base='build', install_base='install', merge_install=False, symlink_install=False, test_result_base=None, continue_on_error=False, executor='parallel', parallel_workers=8, event_handlers=None, ignore_user_meta=False, metas=['./colcon.meta'], base_paths=['.'], packages_ignore=None, packages_ignore_regex=None, paths=None, packages_up_to=None, packages_up_to_regex=None, packages_above=None, packages_above_and_dependencies=None, packages_above_depth=None, packages_select_by_dep=None, packages_skip_by_dep=None, packages_skip_up_to=None, packages_select_build_failed=False, packages_skip_build_finished=False, packages_select_test_failures=False, packages_skip_test_passed=False, packages_select=['custom_test_message'], packages_skip=None, packages_select_regex=None, packages_skip_regex=None, packages_start=None, packages_end=None, allow_overriding=[], cmake_args=None, cmake_target=None, cmake_target_skip_unavailable=False, cmake_clean_cache=False, cmake_clean_first=False, cmake_force_configure=False, ament_cmake_args=None, catkin_cmake_args=None, catkin_skip_building_tests=False, verb_parser=<colcon_defaults.argument_parser.defaults.DefaultArgumentsDecorator object at 0x7fef428c3f40>, verb_extension=<colcon_core.verb.build.BuildVerb object at 0x7fef427521d0>, main=<bound method BuildVerb.main of <colcon_core.verb.build.BuildVerb object at 0x7fef427521d0>>)
[0.910s] Level 1:colcon.colcon_core.package_discovery:discover_packages(colcon_meta) check parameters
[0.910s] Level 1:colcon.colcon_core.package_discovery:discover_packages(recursive) check parameters
[0.910s] Level 1:colcon.colcon_core.package_discovery:discover_packages(ignore) check parameters
[0.910s] Level 1:colcon.colcon_core.package_discovery:discover_packages(path) check parameters
[0.910s] Level 1:colcon.colcon_core.package_discovery:discover_packages(colcon_meta) discover
[0.910s] Level 1:colcon.colcon_core.package_discovery:discover_packages(recursive) discover
[0.911s] INFO:colcon.colcon_core.package_discovery:Crawling recursively for packages in '/home/osawakousei/ros2_ws'
[0.911s] Level 1:colcon.colcon_core.package_identification:_identify(.) by extensions ['ignore', 'ignore_ament_install']
[0.911s] Level 1:colcon.colcon_core.package_identification:_identify(.) by extension 'ignore'
[0.911s] Level 1:colcon.colcon_core.package_identification:_identify(.) by extension 'ignore_ament_install'
[0.911s] Level 1:colcon.colcon_core.package_identification:_identify(.) by extensions ['colcon_pkg']
[0.911s] Level 1:colcon.colcon_core.package_identification:_identify(.) by extension 'colcon_pkg'
[0.912s] Level 1:colcon.colcon_core.package_identification:_identify(.) by extensions ['colcon_meta']
[0.912s] Level 1:colcon.colcon_core.package_identification:_identify(.) by extension 'colcon_meta'
[0.912s] Level 1:colcon.colcon_core.package_identification:_identify(.) by extensions ['ros']
[0.912s] Level 1:colcon.colcon_core.package_identification:_identify(.) by extension 'ros'
[0.941s] Level 1:colcon.colcon_core.package_identification:_identify(.) by extensions ['cmake', 'python']
[0.941s] Level 1:colcon.colcon_core.package_identification:_identify(.) by extension 'cmake'
[0.941s] Level 1:colcon.colcon_core.package_identification:_identify(.) by extension 'python'
[0.941s] Level 1:colcon.colcon_core.package_identification:_identify(.) by extensions ['python_setup_py']
[0.941s] Level 1:colcon.colcon_core.package_identification:_identify(.) by extension 'python_setup_py'
[0.942s] Level 1:colcon.colcon_core.package_identification:_identify(build) by extensions ['ignore', 'ignore_ament_install']
[0.942s] Level 1:colcon.colcon_core.package_identification:_identify(build) by extension 'ignore'
[0.942s] Level 1:colcon.colcon_core.package_identification:_identify(build) ignored
[0.942s] Level 1:colcon.colcon_core.package_identification:_identify(install) by extensions ['ignore', 'ignore_ament_install']
[0.942s] Level 1:colcon.colcon_core.package_identification:_identify(install) by extension 'ignore'
[0.943s] Level 1:colcon.colcon_core.package_identification:_identify(install) ignored
[0.943s] Level 1:colcon.colcon_core.package_identification:_identify(log) by extensions ['ignore', 'ignore_ament_install']
[0.943s] Level 1:colcon.colcon_core.package_identification:_identify(log) by extension 'ignore'
[0.943s] Level 1:colcon.colcon_core.package_identification:_identify(log) ignored
[0.944s] Level 1:colcon.colcon_core.package_identification:_identify(src) by extensions ['ignore', 'ignore_ament_install']
[0.944s] Level 1:colcon.colcon_core.package_identification:_identify(src) by extension 'ignore'
[0.944s] Level 1:colcon.colcon_core.package_identification:_identify(src) by extension 'ignore_ament_install'
[0.944s] Level 1:colcon.colcon_core.package_identification:_identify(src) by extensions ['colcon_pkg']
[0.944s] Level 1:colcon.colcon_core.package_identification:_identify(src) by extension 'colcon_pkg'
[0.944s] Level 1:colcon.colcon_core.package_identification:_identify(src) by extensions ['colcon_meta']
[0.944s] Level 1:colcon.colcon_core.package_identification:_identify(src) by extension 'colcon_meta'
[0.944s] Level 1:colcon.colcon_core.package_identification:_identify(src) by extensions ['ros']
[0.944s] Level 1:colcon.colcon_core.package_identification:_identify(src) by extension 'ros'
[0.945s] Level 1:colcon.colcon_core.package_identification:_identify(src) by extensions ['cmake', 'python']
[0.945s] Level 1:colcon.colcon_core.package_identification:_identify(src) by extension 'cmake'
[0.945s] Level 1:colcon.colcon_core.package_identification:_identify(src) by extension 'python'
[0.945s] Level 1:colcon.colcon_core.package_identification:_identify(src) by extensions ['python_setup_py']
[0.945s] Level 1:colcon.colcon_core.package_identification:_identify(src) by extension 'python_setup_py'
[0.946s] Level 1:colcon.colcon_core.package_identification:_identify(src/android_controll_test) by extensions ['ignore', 'ignore_ament_install']
[0.947s] Level 1:colcon.colcon_core.package_identification:_identify(src/android_controll_test) by extension 'ignore'
[0.947s] Level 1:colcon.colcon_core.package_identification:_identify(src/android_controll_test) by extension 'ignore_ament_install'
[0.947s] Level 1:colcon.colcon_core.package_identification:_identify(src/android_controll_test) by extensions ['colcon_pkg']
[0.947s] Level 1:colcon.colcon_core.package_identification:_identify(src/android_controll_test) by extension 'colcon_pkg'
[0.947s] Level 1:colcon.colcon_core.package_identification:_identify(src/android_controll_test) by extensions ['colcon_meta']
[0.947s] Level 1:colcon.colcon_core.package_identification:_identify(src/android_controll_test) by extension 'colcon_meta'
[0.948s] Level 1:colcon.colcon_core.package_identification:_identify(src/android_controll_test) by extensions ['ros']
[0.948s] Level 1:colcon.colcon_core.package_identification:_identify(src/android_controll_test) by extension 'ros'
[0.956s] DEBUG:colcon.colcon_core.package_identification:Package 'src/android_controll_test' with type 'ros.ament_cmake' and name 'android_controll_test'
[0.957s] Level 1:colcon.colcon_core.package_identification:_identify(src/build) by extensions ['ignore', 'ignore_ament_install']
[0.957s] Level 1:colcon.colcon_core.package_identification:_identify(src/build) by extension 'ignore'
[0.958s] Level 1:colcon.colcon_core.package_identification:_identify(src/build) ignored
[0.958s] Level 1:colcon.colcon_core.package_identification:_identify(src/cpp_server_client) by extensions ['ignore', 'ignore_ament_install']
[0.959s] Level 1:colcon.colcon_core.package_identification:_identify(src/cpp_server_client) by extension 'ignore'
[0.959s] Level 1:colcon.colcon_core.package_identification:_identify(src/cpp_server_client) by extension 'ignore_ament_install'
[0.959s] Level 1:colcon.colcon_core.package_identification:_identify(src/cpp_server_client) by extensions ['colcon_pkg']
[0.959s] Level 1:colcon.colcon_core.package_identification:_identify(src/cpp_server_client) by extension 'colcon_pkg'
[0.959s] Level 1:colcon.colcon_core.package_identification:_identify(src/cpp_server_client) by extensions ['colcon_meta']
[0.959s] Level 1:colcon.colcon_core.package_identification:_identify(src/cpp_server_client) by extension 'colcon_meta'
[0.960s] Level 1:colcon.colcon_core.package_identification:_identify(src/cpp_server_client) by extensions ['ros']
[0.960s] Level 1:colcon.colcon_core.package_identification:_identify(src/cpp_server_client) by extension 'ros'
[0.963s] DEBUG:colcon.colcon_core.package_identification:Package 'src/cpp_server_client' with type 'ros.ament_cmake' and name 'cpp_server_client'
[0.963s] Level 1:colcon.colcon_core.package_identification:_identify(src/cpp_topic_pubsub) by extensions ['ignore', 'ignore_ament_install']
[0.964s] Level 1:colcon.colcon_core.package_identification:_identify(src/cpp_topic_pubsub) by extension 'ignore'
[0.964s] Level 1:colcon.colcon_core.package_identification:_identify(src/cpp_topic_pubsub) by extension 'ignore_ament_install'
[0.964s] Level 1:colcon.colcon_core.package_identification:_identify(src/cpp_topic_pubsub) by extensions ['colcon_pkg']
[0.964s] Level 1:colcon.colcon_core.package_identification:_identify(src/cpp_topic_pubsub) by extension 'colcon_pkg'
[0.964s] Level 1:colcon.colcon_core.package_identification:_identify(src/cpp_topic_pubsub) by extensions ['colcon_meta']
[0.964s] Level 1:colcon.colcon_core.package_identification:_identify(src/cpp_topic_pubsub) by extension 'colcon_meta'
[0.964s] Level 1:colcon.colcon_core.package_identification:_identify(src/cpp_topic_pubsub) by extensions ['ros']
[0.964s] Level 1:colcon.colcon_core.package_identification:_identify(src/cpp_topic_pubsub) by extension 'ros'
[0.969s] DEBUG:colcon.colcon_core.package_identification:Package 'src/cpp_topic_pubsub' with type 'ros.ament_cmake' and name 'cpp_topic_pubsub'
[0.969s] Level 1:colcon.colcon_core.package_identification:_identify(src/custom_test_msgs) by extensions ['ignore', 'ignore_ament_install']
[0.970s] Level 1:colcon.colcon_core.package_identification:_identify(src/custom_test_msgs) by extension 'ignore'
[0.970s] Level 1:colcon.colcon_core.package_identification:_identify(src/custom_test_msgs) by extension 'ignore_ament_install'
[0.970s] Level 1:colcon.colcon_core.package_identification:_identify(src/custom_test_msgs) by extensions ['colcon_pkg']
[0.970s] Level 1:colcon.colcon_core.package_identification:_identify(src/custom_test_msgs) by extension 'colcon_pkg'
[0.970s] Level 1:colcon.colcon_core.package_identification:_identify(src/custom_test_msgs) by extensions ['colcon_meta']
[0.970s] Level 1:colcon.colcon_core.package_identification:_identify(src/custom_test_msgs) by extension 'colcon_meta'
[0.971s] Level 1:colcon.colcon_core.package_identification:_identify(src/custom_test_msgs) by extensions ['ros']
[0.971s] Level 1:colcon.colcon_core.package_identification:_identify(src/custom_test_msgs) by extension 'ros'
[0.972s] DEBUG:colcon.colcon_core.package_identification:Package 'src/custom_test_msgs' with type 'ros.ament_cmake' and name 'custom_test_msgs'
[0.973s] Level 1:colcon.colcon_core.package_identification:_identify(src/install) by extensions ['ignore', 'ignore_ament_install']
[0.973s] Level 1:colcon.colcon_core.package_identification:_identify(src/install) by extension 'ignore'
[0.973s] Level 1:colcon.colcon_core.package_identification:_identify(src/install) ignored
[0.975s] Level 1:colcon.colcon_core.package_identification:_identify(src/log) by extensions ['ignore', 'ignore_ament_install']
[0.975s] Level 1:colcon.colcon_core.package_identification:_identify(src/log) by extension 'ignore'
[0.975s] Level 1:colcon.colcon_core.package_identification:_identify(src/log) ignored
[0.976s] Level 1:colcon.colcon_core.package_identification:_identify(src/test_package) by extensions ['ignore', 'ignore_ament_install']
[0.976s] Level 1:colcon.colcon_core.package_identification:_identify(src/test_package) by extension 'ignore'
[0.976s] Level 1:colcon.colcon_core.package_identification:_identify(src/test_package) by extension 'ignore_ament_install'
[0.976s] Level 1:colcon.colcon_core.package_identification:_identify(src/test_package) by extensions ['colcon_pkg']
[0.976s] Level 1:colcon.colcon_core.package_identification:_identify(src/test_package) by extension 'colcon_pkg'
[0.976s] Level 1:colcon.colcon_core.package_identification:_identify(src/test_package) by extensions ['colcon_meta']
[0.976s] Level 1:colcon.colcon_core.package_identification:_identify(src/test_package) by extension 'colcon_meta'
[0.977s] Level 1:colcon.colcon_core.package_identification:_identify(src/test_package) by extensions ['ros']
[0.977s] Level 1:colcon.colcon_core.package_identification:_identify(src/test_package) by extension 'ros'
[0.981s] DEBUG:colcon.colcon_core.package_identification:Package 'src/test_package' with type 'ros.ament_cmake' and name 'test_package'
[0.981s] Level 1:colcon.colcon_core.package_identification:_identify(uros_ws) by extensions ['ignore', 'ignore_ament_install']
[0.981s] Level 1:colcon.colcon_core.package_identification:_identify(uros_ws) by extension 'ignore'
[0.982s] Level 1:colcon.colcon_core.package_identification:_identify(uros_ws) by extension 'ignore_ament_install'
[0.982s] Level 1:colcon.colcon_core.package_identification:_identify(uros_ws) by extensions ['colcon_pkg']
[0.982s] Level 1:colcon.colcon_core.package_identification:_identify(uros_ws) by extension 'colcon_pkg'
[0.982s] Level 1:colcon.colcon_core.package_identification:_identify(uros_ws) by extensions ['colcon_meta']
[0.982s] Level 1:colcon.colcon_core.package_identification:_identify(uros_ws) by extension 'colcon_meta'
[0.982s] Level 1:colcon.colcon_core.package_identification:_identify(uros_ws) by extensions ['ros']
[0.982s] Level 1:colcon.colcon_core.package_identification:_identify(uros_ws) by extension 'ros'
[0.983s] Level 1:colcon.colcon_core.package_identification:_identify(uros_ws) by extensions ['cmake', 'python']
[0.983s] Level 1:colcon.colcon_core.package_identification:_identify(uros_ws) by extension 'cmake'
[0.983s] Level 1:colcon.colcon_core.package_identification:_identify(uros_ws) by extension 'python'
[0.983s] Level 1:colcon.colcon_core.package_identification:_identify(uros_ws) by extensions ['python_setup_py']
[0.983s] Level 1:colcon.colcon_core.package_identification:_identify(uros_ws) by extension 'python_setup_py'
[0.983s] Level 1:colcon.colcon_core.package_identification:_identify(uros_ws/build) by extensions ['ignore', 'ignore_ament_install']
[0.984s] Level 1:colcon.colcon_core.package_identification:_identify(uros_ws/build) by extension 'ignore'
[0.984s] Level 1:colcon.colcon_core.package_identification:_identify(uros_ws/build) ignored
[0.984s] Level 1:colcon.colcon_core.package_identification:_identify(uros_ws/install) by extensions ['ignore', 'ignore_ament_install']
[0.985s] Level 1:colcon.colcon_core.package_identification:_identify(uros_ws/install) by extension 'ignore'
[0.985s] Level 1:colcon.colcon_core.package_identification:_identify(uros_ws/install) ignored
[0.985s] Level 1:colcon.colcon_core.package_identification:_identify(uros_ws/log) by extensions ['ignore', 'ignore_ament_install']
[0.985s] Level 1:colcon.colcon_core.package_identification:_identify(uros_ws/log) by extension 'ignore'
[0.985s] Level 1:colcon.colcon_core.package_identification:_identify(uros_ws/log) ignored
[0.986s] Level 1:colcon.colcon_core.package_identification:_identify(uros_ws/src) by extensions ['ignore', 'ignore_ament_install']
[0.986s] Level 1:colcon.colcon_core.package_identification:_identify(uros_ws/src) by extension 'ignore'
[0.986s] Level 1:colcon.colcon_core.package_identification:_identify(uros_ws/src) by extension 'ignore_ament_install'
[0.986s] Level 1:colcon.colcon_core.package_identification:_identify(uros_ws/src) by extensions ['colcon_pkg']
[0.986s] Level 1:colcon.colcon_core.package_identification:_identify(uros_ws/src) by extension 'colcon_pkg'
[0.986s] Level 1:colcon.colcon_core.package_identification:_identify(uros_ws/src) by extensions ['colcon_meta']
[0.987s] Level 1:colcon.colcon_core.package_identification:_identify(uros_ws/src) by extension 'colcon_meta'
[0.987s] Level 1:colcon.colcon_core.package_identification:_identify(uros_ws/src) by extensions ['ros']
[0.987s] Level 1:colcon.colcon_core.package_identification:_identify(uros_ws/src) by extension 'ros'
[0.987s] Level 1:colcon.colcon_core.package_identification:_identify(uros_ws/src) by extensions ['cmake', 'python']
[0.987s] Level 1:colcon.colcon_core.package_identification:_identify(uros_ws/src) by extension 'cmake'
[0.987s] Level 1:colcon.colcon_core.package_identification:_identify(uros_ws/src) by extension 'python'
[0.987s] Level 1:colcon.colcon_core.package_identification:_identify(uros_ws/src) by extensions ['python_setup_py']
[0.987s] Level 1:colcon.colcon_core.package_identification:_identify(uros_ws/src) by extension 'python_setup_py'
[0.988s] Level 1:colcon.colcon_core.package_identification:_identify(uros_ws/src/micro_ros_setup) by extensions ['ignore', 'ignore_ament_install']
[0.988s] Level 1:colcon.colcon_core.package_identification:_identify(uros_ws/src/micro_ros_setup) by extension 'ignore'
[0.988s] Level 1:colcon.colcon_core.package_identification:_identify(uros_ws/src/micro_ros_setup) by extension 'ignore_ament_install'
[0.988s] Level 1:colcon.colcon_core.package_identification:_identify(uros_ws/src/micro_ros_setup) by extensions ['colcon_pkg']
[0.988s] Level 1:colcon.colcon_core.package_identification:_identify(uros_ws/src/micro_ros_setup) by extension 'colcon_pkg'
[0.989s] Level 1:colcon.colcon_core.package_identification:_identify(uros_ws/src/micro_ros_setup) by extensions ['colcon_meta']
[0.989s] Level 1:colcon.colcon_core.package_identification:_identify(uros_ws/src/micro_ros_setup) by extension 'colcon_meta'
[0.989s] Level 1:colcon.colcon_core.package_identification:_identify(uros_ws/src/micro_ros_setup) by extensions ['ros']
[0.989s] Level 1:colcon.colcon_core.package_identification:_identify(uros_ws/src/micro_ros_setup) by extension 'ros'
[0.991s] DEBUG:colcon.colcon_core.package_identification:Package 'uros_ws/src/micro_ros_setup' with type 'ros.ament_cmake' and name 'micro_ros_setup'
[0.991s] Level 1:colcon.colcon_core.package_identification:_identify(uros_ws/src/uros) by extensions ['ignore', 'ignore_ament_install']
[0.992s] Level 1:colcon.colcon_core.package_identification:_identify(uros_ws/src/uros) by extension 'ignore'
[0.992s] Level 1:colcon.colcon_core.package_identification:_identify(uros_ws/src/uros) by extension 'ignore_ament_install'
[0.992s] Level 1:colcon.colcon_core.package_identification:_identify(uros_ws/src/uros) by extensions ['colcon_pkg']
[0.992s] Level 1:colcon.colcon_core.package_identification:_identify(uros_ws/src/uros) by extension 'colcon_pkg'
[0.992s] Level 1:colcon.colcon_core.package_identification:_identify(uros_ws/src/uros) by extensions ['colcon_meta']
[0.992s] Level 1:colcon.colcon_core.package_identification:_identify(uros_ws/src/uros) by extension 'colcon_meta'
[0.992s] Level 1:colcon.colcon_core.package_identification:_identify(uros_ws/src/uros) by extensions ['ros']
[0.992s] Level 1:colcon.colcon_core.package_identification:_identify(uros_ws/src/uros) by extension 'ros'
[0.993s] Level 1:colcon.colcon_core.package_identification:_identify(uros_ws/src/uros) by extensions ['cmake', 'python']
[0.993s] Level 1:colcon.colcon_core.package_identification:_identify(uros_ws/src/uros) by extension 'cmake'
[0.993s] Level 1:colcon.colcon_core.package_identification:_identify(uros_ws/src/uros) by extension 'python'
[0.993s] Level 1:colcon.colcon_core.package_identification:_identify(uros_ws/src/uros) by extensions ['python_setup_py']
[0.993s] Level 1:colcon.colcon_core.package_identification:_identify(uros_ws/src/uros) by extension 'python_setup_py'
[0.993s] Level 1:colcon.colcon_core.package_identification:_identify(uros_ws/src/uros/micro-ROS-Agent) by extensions ['ignore', 'ignore_ament_install']
[0.994s] Level 1:colcon.colcon_core.package_identification:_identify(uros_ws/src/uros/micro-ROS-Agent) by extension 'ignore'
[0.994s] Level 1:colcon.colcon_core.package_identification:_identify(uros_ws/src/uros/micro-ROS-Agent) by extension 'ignore_ament_install'
[0.994s] Level 1:colcon.colcon_core.package_identification:_identify(uros_ws/src/uros/micro-ROS-Agent) by extensions ['colcon_pkg']
[0.994s] Level 1:colcon.colcon_core.package_identification:_identify(uros_ws/src/uros/micro-ROS-Agent) by extension 'colcon_pkg'
[0.994s] Level 1:colcon.colcon_core.package_identification:_identify(uros_ws/src/uros/micro-ROS-Agent) by extensions ['colcon_meta']
[0.994s] Level 1:colcon.colcon_core.package_identification:_identify(uros_ws/src/uros/micro-ROS-Agent) by extension 'colcon_meta'
[0.994s] Level 1:colcon.colcon_core.package_identification:_identify(uros_ws/src/uros/micro-ROS-Agent) by extensions ['ros']
[0.994s] Level 1:colcon.colcon_core.package_identification:_identify(uros_ws/src/uros/micro-ROS-Agent) by extension 'ros'
[0.995s] Level 1:colcon.colcon_core.package_identification:_identify(uros_ws/src/uros/micro-ROS-Agent) by extensions ['cmake', 'python']
[0.995s] Level 1:colcon.colcon_core.package_identification:_identify(uros_ws/src/uros/micro-ROS-Agent) by extension 'cmake'
[0.995s] Level 1:colcon.colcon_core.package_identification:_identify(uros_ws/src/uros/micro-ROS-Agent) by extension 'python'
[0.995s] Level 1:colcon.colcon_core.package_identification:_identify(uros_ws/src/uros/micro-ROS-Agent) by extensions ['python_setup_py']
[0.995s] Level 1:colcon.colcon_core.package_identification:_identify(uros_ws/src/uros/micro-ROS-Agent) by extension 'python_setup_py'
[0.996s] Level 1:colcon.colcon_core.package_identification:_identify(uros_ws/src/uros/micro-ROS-Agent/micro_ros_agent) by extensions ['ignore', 'ignore_ament_install']
[0.996s] Level 1:colcon.colcon_core.package_identification:_identify(uros_ws/src/uros/micro-ROS-Agent/micro_ros_agent) by extension 'ignore'
[0.996s] Level 1:colcon.colcon_core.package_identification:_identify(uros_ws/src/uros/micro-ROS-Agent/micro_ros_agent) by extension 'ignore_ament_install'
[0.996s] Level 1:colcon.colcon_core.package_identification:_identify(uros_ws/src/uros/micro-ROS-Agent/micro_ros_agent) by extensions ['colcon_pkg']
[0.996s] Level 1:colcon.colcon_core.package_identification:_identify(uros_ws/src/uros/micro-ROS-Agent/micro_ros_agent) by extension 'colcon_pkg'
[0.997s] Level 1:colcon.colcon_core.package_identification:_identify(uros_ws/src/uros/micro-ROS-Agent/micro_ros_agent) by extensions ['colcon_meta']
[0.997s] Level 1:colcon.colcon_core.package_identification:_identify(uros_ws/src/uros/micro-ROS-Agent/micro_ros_agent) by extension 'colcon_meta'
[0.997s] Level 1:colcon.colcon_core.package_identification:_identify(uros_ws/src/uros/micro-ROS-Agent/micro_ros_agent) by extensions ['ros']
[0.997s] Level 1:colcon.colcon_core.package_identification:_identify(uros_ws/src/uros/micro-ROS-Agent/micro_ros_agent) by extension 'ros'
[0.999s] DEBUG:colcon.colcon_core.package_identification:Package 'uros_ws/src/uros/micro-ROS-Agent/micro_ros_agent' with type 'ros.ament_cmake' and name 'micro_ros_agent'
[0.999s] Level 1:colcon.colcon_core.package_identification:_identify(uros_ws/src/uros/micro-ROS-Agent/snap) by extensions ['ignore', 'ignore_ament_install']
[0.999s] Level 1:colcon.colcon_core.package_identification:_identify(uros_ws/src/uros/micro-ROS-Agent/snap) by extension 'ignore'
[0.999s] Level 1:colcon.colcon_core.package_identification:_identify(uros_ws/src/uros/micro-ROS-Agent/snap) by extension 'ignore_ament_install'
[0.999s] Level 1:colcon.colcon_core.package_identification:_identify(uros_ws/src/uros/micro-ROS-Agent/snap) by extensions ['colcon_pkg']
[0.999s] Level 1:colcon.colcon_core.package_identification:_identify(uros_ws/src/uros/micro-ROS-Agent/snap) by extension 'colcon_pkg'
[1.000s] Level 1:colcon.colcon_core.package_identification:_identify(uros_ws/src/uros/micro-ROS-Agent/snap) by extensions ['colcon_meta']
[1.000s] Level 1:colcon.colcon_core.package_identification:_identify(uros_ws/src/uros/micro-ROS-Agent/snap) by extension 'colcon_meta'
[1.000s] Level 1:colcon.colcon_core.package_identification:_identify(uros_ws/src/uros/micro-ROS-Agent/snap) by extensions ['ros']
[1.000s] Level 1:colcon.colcon_core.package_identification:_identify(uros_ws/src/uros/micro-ROS-Agent/snap) by extension 'ros'
[1.000s] Level 1:colcon.colcon_core.package_identification:_identify(uros_ws/src/uros/micro-ROS-Agent/snap) by extensions ['cmake', 'python']
[1.000s] Level 1:colcon.colcon_core.package_identification:_identify(uros_ws/src/uros/micro-ROS-Agent/snap) by extension 'cmake'
[1.000s] Level 1:colcon.colcon_core.package_identification:_identify(uros_ws/src/uros/micro-ROS-Agent/snap) by extension 'python'
[1.000s] Level 1:colcon.colcon_core.package_identification:_identify(uros_ws/src/uros/micro-ROS-Agent/snap) by extensions ['python_setup_py']
[1.001s] Level 1:colcon.colcon_core.package_identification:_identify(uros_ws/src/uros/micro-ROS-Agent/snap) by extension 'python_setup_py'
[1.001s] Level 1:colcon.colcon_core.package_identification:_identify(uros_ws/src/uros/micro-ROS-Agent/snap/hooks) by extensions ['ignore', 'ignore_ament_install']
[1.001s] Level 1:colcon.colcon_core.package_identification:_identify(uros_ws/src/uros/micro-ROS-Agent/snap/hooks) by extension 'ignore'
[1.001s] Level 1:colcon.colcon_core.package_identification:_identify(uros_ws/src/uros/micro-ROS-Agent/snap/hooks) by extension 'ignore_ament_install'
[1.001s] Level 1:colcon.colcon_core.package_identification:_identify(uros_ws/src/uros/micro-ROS-Agent/snap/hooks) by extensions ['colcon_pkg']
[1.001s] Level 1:colcon.colcon_core.package_identification:_identify(uros_ws/src/uros/micro-ROS-Agent/snap/hooks) by extension 'colcon_pkg'
[1.001s] Level 1:colcon.colcon_core.package_identification:_identify(uros_ws/src/uros/micro-ROS-Agent/snap/hooks) by extensions ['colcon_meta']
[1.002s] Level 1:colcon.colcon_core.package_identification:_identify(uros_ws/src/uros/micro-ROS-Agent/snap/hooks) by extension 'colcon_meta'
[1.002s] Level 1:colcon.colcon_core.package_identification:_identify(uros_ws/src/uros/micro-ROS-Agent/snap/hooks) by extensions ['ros']
[1.002s] Level 1:colcon.colcon_core.package_identification:_identify(uros_ws/src/uros/micro-ROS-Agent/snap/hooks) by extension 'ros'
[1.002s] Level 1:colcon.colcon_core.package_identification:_identify(uros_ws/src/uros/micro-ROS-Agent/snap/hooks) by extensions ['cmake', 'python']
[1.002s] Level 1:colcon.colcon_core.package_identification:_identify(uros_ws/src/uros/micro-ROS-Agent/snap/hooks) by extension 'cmake'
[1.003s] Level 1:colcon.colcon_core.package_identification:_identify(uros_ws/src/uros/micro-ROS-Agent/snap/hooks) by extension 'python'
[1.003s] Level 1:colcon.colcon_core.package_identification:_identify(uros_ws/src/uros/micro-ROS-Agent/snap/hooks) by extensions ['python_setup_py']
[1.003s] Level 1:colcon.colcon_core.package_identification:_identify(uros_ws/src/uros/micro-ROS-Agent/snap/hooks) by extension 'python_setup_py'
[1.003s] Level 1:colcon.colcon_core.package_identification:_identify(uros_ws/src/uros/micro-ROS-Agent/snap/local) by extensions ['ignore', 'ignore_ament_install']
[1.003s] Level 1:colcon.colcon_core.package_identification:_identify(uros_ws/src/uros/micro-ROS-Agent/snap/local) by extension 'ignore'
[1.004s] Level 1:colcon.colcon_core.package_identification:_identify(uros_ws/src/uros/micro-ROS-Agent/snap/local) by extension 'ignore_ament_install'
[1.004s] Level 1:colcon.colcon_core.package_identification:_identify(uros_ws/src/uros/micro-ROS-Agent/snap/local) by extensions ['colcon_pkg']
[1.004s] Level 1:colcon.colcon_core.package_identification:_identify(uros_ws/src/uros/micro-ROS-Agent/snap/local) by extension 'colcon_pkg'
[1.004s] Level 1:colcon.colcon_core.package_identification:_identify(uros_ws/src/uros/micro-ROS-Agent/snap/local) by extensions ['colcon_meta']
[1.004s] Level 1:colcon.colcon_core.package_identification:_identify(uros_ws/src/uros/micro-ROS-Agent/snap/local) by extension 'colcon_meta'
[1.004s] Level 1:colcon.colcon_core.package_identification:_identify(uros_ws/src/uros/micro-ROS-Agent/snap/local) by extensions ['ros']
[1.004s] Level 1:colcon.colcon_core.package_identification:_identify(uros_ws/src/uros/micro-ROS-Agent/snap/local) by extension 'ros'
[1.005s] Level 1:colcon.colcon_core.package_identification:_identify(uros_ws/src/uros/micro-ROS-Agent/snap/local) by extensions ['cmake', 'python']
[1.005s] Level 1:colcon.colcon_core.package_identification:_identify(uros_ws/src/uros/micro-ROS-Agent/snap/local) by extension 'cmake'
[1.005s] Level 1:colcon.colcon_core.package_identification:_identify(uros_ws/src/uros/micro-ROS-Agent/snap/local) by extension 'python'
[1.005s] Level 1:colcon.colcon_core.package_identification:_identify(uros_ws/src/uros/micro-ROS-Agent/snap/local) by extensions ['python_setup_py']
[1.005s] Level 1:colcon.colcon_core.package_identification:_identify(uros_ws/src/uros/micro-ROS-Agent/snap/local) by extension 'python_setup_py'
[1.005s] Level 1:colcon.colcon_core.package_identification:_identify(uros_ws/src/uros/micro_ros_msgs) by extensions ['ignore', 'ignore_ament_install']
[1.006s] Level 1:colcon.colcon_core.package_identification:_identify(uros_ws/src/uros/micro_ros_msgs) by extension 'ignore'
[1.006s] Level 1:colcon.colcon_core.package_identification:_identify(uros_ws/src/uros/micro_ros_msgs) by extension 'ignore_ament_install'
[1.006s] Level 1:colcon.colcon_core.package_identification:_identify(uros_ws/src/uros/micro_ros_msgs) by extensions ['colcon_pkg']
[1.006s] Level 1:colcon.colcon_core.package_identification:_identify(uros_ws/src/uros/micro_ros_msgs) by extension 'colcon_pkg'
[1.006s] Level 1:colcon.colcon_core.package_identification:_identify(uros_ws/src/uros/micro_ros_msgs) by extensions ['colcon_meta']
[1.006s] Level 1:colcon.colcon_core.package_identification:_identify(uros_ws/src/uros/micro_ros_msgs) by extension 'colcon_meta'
[1.006s] Level 1:colcon.colcon_core.package_identification:_identify(uros_ws/src/uros/micro_ros_msgs) by extensions ['ros']
[1.006s] Level 1:colcon.colcon_core.package_identification:_identify(uros_ws/src/uros/micro_ros_msgs) by extension 'ros'
[1.008s] DEBUG:colcon.colcon_core.package_identification:Package 'uros_ws/src/uros/micro_ros_msgs' with type 'ros.ament_cmake' and name 'micro_ros_msgs'
[1.008s] Level 1:colcon.colcon_core.package_discovery:discover_packages(recursive) using defaults
[1.008s] Level 1:colcon.colcon_core.package_discovery:discover_packages(ignore) discover
[1.008s] Level 1:colcon.colcon_core.package_discovery:discover_packages(ignore) using defaults
[1.008s] Level 1:colcon.colcon_core.package_discovery:discover_packages(path) discover
[1.008s] Level 1:colcon.colcon_core.package_discovery:discover_packages(path) using defaults
[1.012s] WARNING:colcon.colcon_core.package_selection:ignoring unknown package 'custom_test_message' in --packages-select
[1.067s] INFO:colcon.colcon_core.package_selection:Skipping not selected package 'android_controll_test' in 'src/android_controll_test'
[1.067s] INFO:colcon.colcon_core.package_selection:Skipping not selected package 'cpp_server_client' in 'src/cpp_server_client'
[1.067s] INFO:colcon.colcon_core.package_selection:Skipping not selected package 'cpp_topic_pubsub' in 'src/cpp_topic_pubsub'
[1.068s] INFO:colcon.colcon_core.package_selection:Skipping not selected package 'custom_test_msgs' in 'src/custom_test_msgs'
[1.068s] INFO:colcon.colcon_core.package_selection:Skipping not selected package 'micro_ros_msgs' in 'uros_ws/src/uros/micro_ros_msgs'
[1.068s] INFO:colcon.colcon_core.package_selection:Skipping not selected package 'micro_ros_setup' in 'uros_ws/src/micro_ros_setup'
[1.068s] INFO:colcon.colcon_core.package_selection:Skipping not selected package 'test_package' in 'src/test_package'
[1.068s] INFO:colcon.colcon_core.package_selection:Skipping not selected package 'micro_ros_agent' in 'uros_ws/src/uros/micro-ROS-Agent/micro_ros_agent'
[1.069s] Level 1:colcon.colcon_core.package_discovery:discover_packages(prefix_path) check parameters
[1.070s] Level 1:colcon.colcon_core.package_discovery:discover_packages(prefix_path) discover
[1.078s] DEBUG:colcon.colcon_installed_package_information.package_discovery:Found 7 installed packages in /home/osawakousei/ros2_ws/install
[1.080s] DEBUG:colcon.colcon_installed_package_information.package_discovery:Found 1 installed packages in /home/osawakousei/ros2_ws/src/cpp_server_client/install
[1.083s] DEBUG:colcon.colcon_installed_package_information.package_discovery:Found 1 installed packages in /home/osawakousei/ros2_ws/src/cpp_topic_pubsub/install
[1.087s] DEBUG:colcon.colcon_installed_package_information.package_discovery:Found 1 installed packages in /home/osawakousei/ros2_ws/src/test_package/install
[1.090s] DEBUG:colcon.colcon_installed_package_information.package_discovery:Found 3 installed packages in /home/osawakousei/ros2_ws/uros_ws/install
[1.093s] DEBUG:colcon.colcon_installed_package_information.package_discovery:Found 1 installed packages in /home/osawakousei/ros2_ws/src/custom_test_msgs/install
[1.099s] DEBUG:colcon.colcon_installed_package_information.package_discovery:Found 329 installed packages in /opt/ros/humble
[1.105s] Level 1:colcon.colcon_core.package_discovery:discover_packages(prefix_path) using defaults
[1.265s] INFO:colcon.colcon_core.executor:Executing jobs using 'parallel' executor
[1.272s] DEBUG:colcon.colcon_parallel_executor.executor.parallel:run_until_complete
[1.272s] DEBUG:colcon.colcon_parallel_executor.executor.parallel:closing loop
[1.273s] DEBUG:colcon.colcon_parallel_executor.executor.parallel:loop closed
[1.273s] DEBUG:colcon.colcon_parallel_executor.executor.parallel:run_until_complete finished with '0'
[1.273s] DEBUG:colcon.colcon_core.event_reactor:joining thread
[1.286s] INFO:colcon.colcon_core.plugin_system:Skipping extension 'colcon_notification.desktop_notification.terminal_notifier': Not used on non-Darwin systems
[1.287s] INFO:colcon.colcon_core.plugin_system:Skipping extension 'colcon_notification.desktop_notification.win32': Not used on non-Windows systems
[1.287s] INFO:colcon.colcon_notification.desktop_notification:Sending desktop notification using 'notify2'
[1.370s] DEBUG:colcon.colcon_core.event_reactor:joined thread
[1.383s] INFO:colcon.colcon_core.plugin_system:Skipping extension 'colcon_core.shell.bat': Not used on non-Windows systems
[1.383s] INFO:colcon.colcon_core.shell:Creating prefix script '/home/osawakousei/ros2_ws/install/local_setup.ps1'
[1.386s] INFO:colcon.colcon_core.shell:Creating prefix util module '/home/osawakousei/ros2_ws/install/_local_setup_util_ps1.py'
[1.389s] INFO:colcon.colcon_core.shell:Creating prefix chain script '/home/osawakousei/ros2_ws/install/setup.ps1'
[1.395s] INFO:colcon.colcon_core.shell:Creating prefix script '/home/osawakousei/ros2_ws/install/local_setup.sh'
[1.396s] INFO:colcon.colcon_core.shell:Creating prefix util module '/home/osawakousei/ros2_ws/install/_local_setup_util_sh.py'
[1.398s] INFO:colcon.colcon_core.shell:Creating prefix chain script '/home/osawakousei/ros2_ws/install/setup.sh'
[1.405s] INFO:colcon.colcon_core.shell:Creating prefix script '/home/osawakousei/ros2_ws/install/local_setup.bash'
[1.407s] INFO:colcon.colcon_core.shell:Creating prefix chain script '/home/osawakousei/ros2_ws/install/setup.bash'
[1.414s] INFO:colcon.colcon_core.shell:Creating prefix script '/home/osawakousei/ros2_ws/install/local_setup.zsh'
[1.415s] INFO:colcon.colcon_core.shell:Creating prefix chain script '/home/osawakousei/ros2_ws/install/setup.zsh'
