[0.153s] Invoking command in '/home/osawakousei/ros2_ws/uros_ws/build/micro_ros_msgs': CMAKE_PREFIX_PATH=${CMAKE_PREFIX_PATH}:/home/osawakousei/ros2_ws/src/custom_test_msgs/install/custom_test_msgs:/opt/ros/humble /usr/bin/cmake --build /home/osawakousei/ros2_ws/uros_ws/build/micro_ros_msgs -- -j8 -l8
[0.656s] [  2%] Built target micro_ros_msgs__cpp
[0.704s] [ 12%] Built target micro_ros_msgs__rosidl_generator_c
[0.728s] [ 12%] Built target ament_cmake_python_copy_micro_ros_msgs
[0.829s] [ 23%] Built target micro_ros_msgs__rosidl_typesupport_cpp
[0.831s] [ 34%] Built target micro_ros_msgs__rosidl_typesupport_fastrtps_cpp
[0.845s] [ 55%] Built target micro_ros_msgs__rosidl_typesupport_introspection_c
[0.845s] [ 55%] Built target micro_ros_msgs__rosidl_typesupport_fastrtps_c
[0.855s] [ 65%] Built target micro_ros_msgs__rosidl_typesupport_c
[0.864s] [ 76%] Built target micro_ros_msgs__rosidl_typesupport_introspection_cpp
[0.968s] [ 76%] Built target micro_ros_msgs
[1.079s] [ 78%] Built target micro_ros_msgs__py
[1.244s] [ 87%] Built target micro_ros_msgs__rosidl_generator_py
[1.367s] [ 91%] Built target micro_ros_msgs__rosidl_typesupport_introspection_c__pyext
[1.367s] [ 95%] Built target micro_ros_msgs__rosidl_typesupport_c__pyext
[1.368s] [100%] Built target micro_ros_msgs__rosidl_typesupport_fastrtps_c__pyext
[1.680s] running egg_info
[1.682s] writing micro_ros_msgs.egg-info/PKG-INFO
[1.682s] writing dependency_links to micro_ros_msgs.egg-info/dependency_links.txt
[1.684s] writing top-level names to micro_ros_msgs.egg-info/top_level.txt
[1.693s] reading manifest file 'micro_ros_msgs.egg-info/SOURCES.txt'
[1.696s] writing manifest file 'micro_ros_msgs.egg-info/SOURCES.txt'
[1.754s] [100%] Built target ament_cmake_python_build_micro_ros_msgs_egg
[1.819s] Invoked command in '/home/osawakousei/ros2_ws/uros_ws/build/micro_ros_msgs' returned '0': CMAKE_PREFIX_PATH=${CMAKE_PREFIX_PATH}:/home/osawakousei/ros2_ws/src/custom_test_msgs/install/custom_test_msgs:/opt/ros/humble /usr/bin/cmake --build /home/osawakousei/ros2_ws/uros_ws/build/micro_ros_msgs -- -j8 -l8
[2.661s] Invoking command in '/home/osawakousei/ros2_ws/uros_ws/build/micro_ros_msgs': CMAKE_PREFIX_PATH=${CMAKE_PREFIX_PATH}:/home/osawakousei/ros2_ws/src/custom_test_msgs/install/custom_test_msgs:/opt/ros/humble /usr/bin/cmake --install /home/osawakousei/ros2_ws/uros_ws/build/micro_ros_msgs
[2.741s] -- Install configuration: ""
[2.743s] -- Up-to-date: /home/osawakousei/ros2_ws/uros_ws/install/micro_ros_msgs/share/ament_index/resource_index/rosidl_interfaces/micro_ros_msgs
[2.746s] -- Up-to-date: /home/osawakousei/ros2_ws/uros_ws/install/micro_ros_msgs/include/micro_ros_msgs/micro_ros_msgs
[2.747s] -- Up-to-date: /home/osawakousei/ros2_ws/uros_ws/install/micro_ros_msgs/include/micro_ros_msgs/micro_ros_msgs/msg
[2.748s] -- Up-to-date: /home/osawakousei/ros2_ws/uros_ws/install/micro_ros_msgs/include/micro_ros_msgs/micro_ros_msgs/msg/entity.h
[2.749s] -- Up-to-date: /home/osawakousei/ros2_ws/uros_ws/install/micro_ros_msgs/include/micro_ros_msgs/micro_ros_msgs/msg/rosidl_generator_c__visibility_control.h
[2.749s] -- Up-to-date: /home/osawakousei/ros2_ws/uros_ws/install/micro_ros_msgs/include/micro_ros_msgs/micro_ros_msgs/msg/graph.h
[2.749s] -- Up-to-date: /home/osawakousei/ros2_ws/uros_ws/install/micro_ros_msgs/include/micro_ros_msgs/micro_ros_msgs/msg/detail
[2.750s] -- Up-to-date: /home/osawakousei/ros2_ws/uros_ws/install/micro_ros_msgs/include/micro_ros_msgs/micro_ros_msgs/msg/detail/node__functions.h
[2.751s] -- Up-to-date: /home/osawakousei/ros2_ws/uros_ws/install/micro_ros_msgs/include/micro_ros_msgs/micro_ros_msgs/msg/detail/graph__functions.h
[2.751s] -- Up-to-date: /home/osawakousei/ros2_ws/uros_ws/install/micro_ros_msgs/include/micro_ros_msgs/micro_ros_msgs/msg/detail/entity__functions.c
[2.752s] -- Up-to-date: /home/osawakousei/ros2_ws/uros_ws/install/micro_ros_msgs/include/micro_ros_msgs/micro_ros_msgs/msg/detail/graph__functions.c
[2.752s] -- Up-to-date: /home/osawakousei/ros2_ws/uros_ws/install/micro_ros_msgs/include/micro_ros_msgs/micro_ros_msgs/msg/detail/node__functions.c
[2.752s] -- Up-to-date: /home/osawakousei/ros2_ws/uros_ws/install/micro_ros_msgs/include/micro_ros_msgs/micro_ros_msgs/msg/detail/entity__type_support.h
[2.752s] -- Up-to-date: /home/osawakousei/ros2_ws/uros_ws/install/micro_ros_msgs/include/micro_ros_msgs/micro_ros_msgs/msg/detail/node__type_support.h
[2.752s] -- Up-to-date: /home/osawakousei/ros2_ws/uros_ws/install/micro_ros_msgs/include/micro_ros_msgs/micro_ros_msgs/msg/detail/graph__struct.h
[2.753s] -- Up-to-date: /home/osawakousei/ros2_ws/uros_ws/install/micro_ros_msgs/include/micro_ros_msgs/micro_ros_msgs/msg/detail/graph__type_support.h
[2.753s] -- Up-to-date: /home/osawakousei/ros2_ws/uros_ws/install/micro_ros_msgs/include/micro_ros_msgs/micro_ros_msgs/msg/detail/node__struct.h
[2.753s] -- Up-to-date: /home/osawakousei/ros2_ws/uros_ws/install/micro_ros_msgs/include/micro_ros_msgs/micro_ros_msgs/msg/detail/entity__struct.h
[2.753s] -- Up-to-date: /home/osawakousei/ros2_ws/uros_ws/install/micro_ros_msgs/include/micro_ros_msgs/micro_ros_msgs/msg/detail/entity__functions.h
[2.754s] -- Up-to-date: /home/osawakousei/ros2_ws/uros_ws/install/micro_ros_msgs/include/micro_ros_msgs/micro_ros_msgs/msg/node.h
[2.754s] -- Up-to-date: /home/osawakousei/ros2_ws/uros_ws/install/micro_ros_msgs/share/micro_ros_msgs/environment/library_path.sh
[2.754s] -- Up-to-date: /home/osawakousei/ros2_ws/uros_ws/install/micro_ros_msgs/share/micro_ros_msgs/environment/library_path.dsv
[2.758s] -- Up-to-date: /home/osawakousei/ros2_ws/uros_ws/install/micro_ros_msgs/lib/libmicro_ros_msgs__rosidl_generator_c.so
[2.759s] -- Up-to-date: /home/osawakousei/ros2_ws/uros_ws/install/micro_ros_msgs/include/micro_ros_msgs/micro_ros_msgs
[2.760s] -- Up-to-date: /home/osawakousei/ros2_ws/uros_ws/install/micro_ros_msgs/include/micro_ros_msgs/micro_ros_msgs/msg
[2.760s] -- Up-to-date: /home/osawakousei/ros2_ws/uros_ws/install/micro_ros_msgs/include/micro_ros_msgs/micro_ros_msgs/msg/detail
[2.760s] -- Up-to-date: /home/osawakousei/ros2_ws/uros_ws/install/micro_ros_msgs/include/micro_ros_msgs/micro_ros_msgs/msg/detail/node__rosidl_typesupport_fastrtps_c.h
[2.761s] -- Up-to-date: /home/osawakousei/ros2_ws/uros_ws/install/micro_ros_msgs/include/micro_ros_msgs/micro_ros_msgs/msg/detail/graph__rosidl_typesupport_fastrtps_c.h
[2.761s] -- Up-to-date: /home/osawakousei/ros2_ws/uros_ws/install/micro_ros_msgs/include/micro_ros_msgs/micro_ros_msgs/msg/detail/entity__rosidl_typesupport_fastrtps_c.h
[2.761s] -- Up-to-date: /home/osawakousei/ros2_ws/uros_ws/install/micro_ros_msgs/include/micro_ros_msgs/micro_ros_msgs/msg/rosidl_typesupport_fastrtps_c__visibility_control.h
[2.764s] -- Up-to-date: /home/osawakousei/ros2_ws/uros_ws/install/micro_ros_msgs/lib/libmicro_ros_msgs__rosidl_typesupport_fastrtps_c.so
[2.765s] -- Up-to-date: /home/osawakousei/ros2_ws/uros_ws/install/micro_ros_msgs/include/micro_ros_msgs/micro_ros_msgs
[2.766s] -- Up-to-date: /home/osawakousei/ros2_ws/uros_ws/install/micro_ros_msgs/include/micro_ros_msgs/micro_ros_msgs/msg
[2.767s] -- Up-to-date: /home/osawakousei/ros2_ws/uros_ws/install/micro_ros_msgs/include/micro_ros_msgs/micro_ros_msgs/msg/rosidl_typesupport_introspection_c__visibility_control.h
[2.767s] -- Up-to-date: /home/osawakousei/ros2_ws/uros_ws/install/micro_ros_msgs/include/micro_ros_msgs/micro_ros_msgs/msg/detail
[2.768s] -- Up-to-date: /home/osawakousei/ros2_ws/uros_ws/install/micro_ros_msgs/include/micro_ros_msgs/micro_ros_msgs/msg/detail/entity__rosidl_typesupport_introspection_c.h
[2.768s] -- Up-to-date: /home/osawakousei/ros2_ws/uros_ws/install/micro_ros_msgs/include/micro_ros_msgs/micro_ros_msgs/msg/detail/node__type_support.c
[2.768s] -- Up-to-date: /home/osawakousei/ros2_ws/uros_ws/install/micro_ros_msgs/include/micro_ros_msgs/micro_ros_msgs/msg/detail/entity__type_support.c
[2.768s] -- Up-to-date: /home/osawakousei/ros2_ws/uros_ws/install/micro_ros_msgs/include/micro_ros_msgs/micro_ros_msgs/msg/detail/graph__rosidl_typesupport_introspection_c.h
[2.768s] -- Up-to-date: /home/osawakousei/ros2_ws/uros_ws/install/micro_ros_msgs/include/micro_ros_msgs/micro_ros_msgs/msg/detail/node__rosidl_typesupport_introspection_c.h
[2.769s] -- Up-to-date: /home/osawakousei/ros2_ws/uros_ws/install/micro_ros_msgs/include/micro_ros_msgs/micro_ros_msgs/msg/detail/graph__type_support.c
[2.774s] -- Up-to-date: /home/osawakousei/ros2_ws/uros_ws/install/micro_ros_msgs/lib/libmicro_ros_msgs__rosidl_typesupport_introspection_c.so
[2.777s] -- Up-to-date: /home/osawakousei/ros2_ws/uros_ws/install/micro_ros_msgs/lib/libmicro_ros_msgs__rosidl_typesupport_c.so
[2.778s] -- Up-to-date: /home/osawakousei/ros2_ws/uros_ws/install/micro_ros_msgs/include/micro_ros_msgs/micro_ros_msgs
[2.779s] -- Up-to-date: /home/osawakousei/ros2_ws/uros_ws/install/micro_ros_msgs/include/micro_ros_msgs/micro_ros_msgs/msg
[2.779s] -- Up-to-date: /home/osawakousei/ros2_ws/uros_ws/install/micro_ros_msgs/include/micro_ros_msgs/micro_ros_msgs/msg/graph.hpp
[2.780s] -- Up-to-date: /home/osawakousei/ros2_ws/uros_ws/install/micro_ros_msgs/include/micro_ros_msgs/micro_ros_msgs/msg/entity.hpp
[2.780s] -- Up-to-date: /home/osawakousei/ros2_ws/uros_ws/install/micro_ros_msgs/include/micro_ros_msgs/micro_ros_msgs/msg/detail
[2.780s] -- Up-to-date: /home/osawakousei/ros2_ws/uros_ws/install/micro_ros_msgs/include/micro_ros_msgs/micro_ros_msgs/msg/detail/entity__struct.hpp
[2.780s] -- Up-to-date: /home/osawakousei/ros2_ws/uros_ws/install/micro_ros_msgs/include/micro_ros_msgs/micro_ros_msgs/msg/detail/node__struct.hpp
[2.780s] -- Up-to-date: /home/osawakousei/ros2_ws/uros_ws/install/micro_ros_msgs/include/micro_ros_msgs/micro_ros_msgs/msg/detail/node__builder.hpp
[2.781s] -- Up-to-date: /home/osawakousei/ros2_ws/uros_ws/install/micro_ros_msgs/include/micro_ros_msgs/micro_ros_msgs/msg/detail/entity__traits.hpp
[2.781s] -- Up-to-date: /home/osawakousei/ros2_ws/uros_ws/install/micro_ros_msgs/include/micro_ros_msgs/micro_ros_msgs/msg/detail/graph__builder.hpp
[2.781s] -- Up-to-date: /home/osawakousei/ros2_ws/uros_ws/install/micro_ros_msgs/include/micro_ros_msgs/micro_ros_msgs/msg/detail/node__traits.hpp
[2.781s] -- Up-to-date: /home/osawakousei/ros2_ws/uros_ws/install/micro_ros_msgs/include/micro_ros_msgs/micro_ros_msgs/msg/detail/graph__struct.hpp
[2.781s] -- Up-to-date: /home/osawakousei/ros2_ws/uros_ws/install/micro_ros_msgs/include/micro_ros_msgs/micro_ros_msgs/msg/detail/graph__traits.hpp
[2.781s] -- Up-to-date: /home/osawakousei/ros2_ws/uros_ws/install/micro_ros_msgs/include/micro_ros_msgs/micro_ros_msgs/msg/detail/entity__builder.hpp
[2.782s] -- Up-to-date: /home/osawakousei/ros2_ws/uros_ws/install/micro_ros_msgs/include/micro_ros_msgs/micro_ros_msgs/msg/node.hpp
[2.782s] -- Up-to-date: /home/osawakousei/ros2_ws/uros_ws/install/micro_ros_msgs/include/micro_ros_msgs/micro_ros_msgs
[2.782s] -- Up-to-date: /home/osawakousei/ros2_ws/uros_ws/install/micro_ros_msgs/include/micro_ros_msgs/micro_ros_msgs/msg
[2.782s] -- Up-to-date: /home/osawakousei/ros2_ws/uros_ws/install/micro_ros_msgs/include/micro_ros_msgs/micro_ros_msgs/msg/rosidl_typesupport_fastrtps_cpp__visibility_control.h
[2.782s] -- Up-to-date: /home/osawakousei/ros2_ws/uros_ws/install/micro_ros_msgs/include/micro_ros_msgs/micro_ros_msgs/msg/detail
[2.783s] -- Up-to-date: /home/osawakousei/ros2_ws/uros_ws/install/micro_ros_msgs/include/micro_ros_msgs/micro_ros_msgs/msg/detail/node__rosidl_typesupport_fastrtps_cpp.hpp
[2.783s] -- Up-to-date: /home/osawakousei/ros2_ws/uros_ws/install/micro_ros_msgs/include/micro_ros_msgs/micro_ros_msgs/msg/detail/graph__rosidl_typesupport_fastrtps_cpp.hpp
[2.783s] -- Up-to-date: /home/osawakousei/ros2_ws/uros_ws/install/micro_ros_msgs/include/micro_ros_msgs/micro_ros_msgs/msg/detail/entity__rosidl_typesupport_fastrtps_cpp.hpp
[2.784s] -- Up-to-date: /home/osawakousei/ros2_ws/uros_ws/install/micro_ros_msgs/include/micro_ros_msgs/micro_ros_msgs/msg/detail/dds_fastrtps
[2.786s] -- Up-to-date: /home/osawakousei/ros2_ws/uros_ws/install/micro_ros_msgs/lib/libmicro_ros_msgs__rosidl_typesupport_fastrtps_cpp.so
[2.788s] -- Up-to-date: /home/osawakousei/ros2_ws/uros_ws/install/micro_ros_msgs/include/micro_ros_msgs/micro_ros_msgs
[2.788s] -- Up-to-date: /home/osawakousei/ros2_ws/uros_ws/install/micro_ros_msgs/include/micro_ros_msgs/micro_ros_msgs/msg
[2.789s] -- Up-to-date: /home/osawakousei/ros2_ws/uros_ws/install/micro_ros_msgs/include/micro_ros_msgs/micro_ros_msgs/msg/detail
[2.789s] -- Up-to-date: /home/osawakousei/ros2_ws/uros_ws/install/micro_ros_msgs/include/micro_ros_msgs/micro_ros_msgs/msg/detail/graph__type_support.cpp
[2.790s] -- Up-to-date: /home/osawakousei/ros2_ws/uros_ws/install/micro_ros_msgs/include/micro_ros_msgs/micro_ros_msgs/msg/detail/entity__rosidl_typesupport_introspection_cpp.hpp
[2.790s] -- Up-to-date: /home/osawakousei/ros2_ws/uros_ws/install/micro_ros_msgs/include/micro_ros_msgs/micro_ros_msgs/msg/detail/node__type_support.cpp
[2.791s] -- Up-to-date: /home/osawakousei/ros2_ws/uros_ws/install/micro_ros_msgs/include/micro_ros_msgs/micro_ros_msgs/msg/detail/graph__rosidl_typesupport_introspection_cpp.hpp
[2.791s] -- Up-to-date: /home/osawakousei/ros2_ws/uros_ws/install/micro_ros_msgs/include/micro_ros_msgs/micro_ros_msgs/msg/detail/node__rosidl_typesupport_introspection_cpp.hpp
[2.791s] -- Up-to-date: /home/osawakousei/ros2_ws/uros_ws/install/micro_ros_msgs/include/micro_ros_msgs/micro_ros_msgs/msg/detail/entity__type_support.cpp
[2.798s] -- Up-to-date: /home/osawakousei/ros2_ws/uros_ws/install/micro_ros_msgs/lib/libmicro_ros_msgs__rosidl_typesupport_introspection_cpp.so
[2.802s] -- Up-to-date: /home/osawakousei/ros2_ws/uros_ws/install/micro_ros_msgs/lib/libmicro_ros_msgs__rosidl_typesupport_cpp.so
[2.803s] -- Up-to-date: /home/osawakousei/ros2_ws/uros_ws/install/micro_ros_msgs/share/micro_ros_msgs/environment/pythonpath.sh
[2.803s] -- Up-to-date: /home/osawakousei/ros2_ws/uros_ws/install/micro_ros_msgs/share/micro_ros_msgs/environment/pythonpath.dsv
[2.803s] -- Up-to-date: /home/osawakousei/ros2_ws/uros_ws/install/micro_ros_msgs/local/lib/python3.10/dist-packages/micro_ros_msgs-3.0.0-py3.10.egg-info
[2.804s] -- Installing: /home/osawakousei/ros2_ws/uros_ws/install/micro_ros_msgs/local/lib/python3.10/dist-packages/micro_ros_msgs-3.0.0-py3.10.egg-info/top_level.txt
[2.804s] -- Installing: /home/osawakousei/ros2_ws/uros_ws/install/micro_ros_msgs/local/lib/python3.10/dist-packages/micro_ros_msgs-3.0.0-py3.10.egg-info/SOURCES.txt
[2.804s] -- Installing: /home/osawakousei/ros2_ws/uros_ws/install/micro_ros_msgs/local/lib/python3.10/dist-packages/micro_ros_msgs-3.0.0-py3.10.egg-info/dependency_links.txt
[2.805s] -- Installing: /home/osawakousei/ros2_ws/uros_ws/install/micro_ros_msgs/local/lib/python3.10/dist-packages/micro_ros_msgs-3.0.0-py3.10.egg-info/PKG-INFO
[2.805s] -- Up-to-date: /home/osawakousei/ros2_ws/uros_ws/install/micro_ros_msgs/local/lib/python3.10/dist-packages/micro_ros_msgs
[2.806s] -- Up-to-date: /home/osawakousei/ros2_ws/uros_ws/install/micro_ros_msgs/local/lib/python3.10/dist-packages/micro_ros_msgs/libmicro_ros_msgs__rosidl_generator_py.so
[2.806s] -- Up-to-date: /home/osawakousei/ros2_ws/uros_ws/install/micro_ros_msgs/local/lib/python3.10/dist-packages/micro_ros_msgs/_micro_ros_msgs_s.ep.rosidl_typesupport_introspection_c.c
[2.807s] -- Up-to-date: /home/osawakousei/ros2_ws/uros_ws/install/micro_ros_msgs/local/lib/python3.10/dist-packages/micro_ros_msgs/micro_ros_msgs_s__rosidl_typesupport_introspection_c.cpython-310-x86_64-linux-gnu.so
[2.807s] -- Up-to-date: /home/osawakousei/ros2_ws/uros_ws/install/micro_ros_msgs/local/lib/python3.10/dist-packages/micro_ros_msgs/micro_ros_msgs_s__rosidl_typesupport_fastrtps_c.cpython-310-x86_64-linux-gnu.so
[2.807s] -- Up-to-date: /home/osawakousei/ros2_ws/uros_ws/install/micro_ros_msgs/local/lib/python3.10/dist-packages/micro_ros_msgs/__init__.py
[2.807s] -- Up-to-date: /home/osawakousei/ros2_ws/uros_ws/install/micro_ros_msgs/local/lib/python3.10/dist-packages/micro_ros_msgs/_micro_ros_msgs_s.ep.rosidl_typesupport_c.c
[2.808s] -- Up-to-date: /home/osawakousei/ros2_ws/uros_ws/install/micro_ros_msgs/local/lib/python3.10/dist-packages/micro_ros_msgs/msg
[2.809s] -- Up-to-date: /home/osawakousei/ros2_ws/uros_ws/install/micro_ros_msgs/local/lib/python3.10/dist-packages/micro_ros_msgs/msg/_node.py
[2.809s] -- Up-to-date: /home/osawakousei/ros2_ws/uros_ws/install/micro_ros_msgs/local/lib/python3.10/dist-packages/micro_ros_msgs/msg/_node_s.c
[2.809s] -- Up-to-date: /home/osawakousei/ros2_ws/uros_ws/install/micro_ros_msgs/local/lib/python3.10/dist-packages/micro_ros_msgs/msg/_entity_s.c
[2.810s] -- Up-to-date: /home/osawakousei/ros2_ws/uros_ws/install/micro_ros_msgs/local/lib/python3.10/dist-packages/micro_ros_msgs/msg/_graph.py
[2.810s] -- Up-to-date: /home/osawakousei/ros2_ws/uros_ws/install/micro_ros_msgs/local/lib/python3.10/dist-packages/micro_ros_msgs/msg/_entity.py
[2.810s] -- Up-to-date: /home/osawakousei/ros2_ws/uros_ws/install/micro_ros_msgs/local/lib/python3.10/dist-packages/micro_ros_msgs/msg/__init__.py
[2.810s] -- Up-to-date: /home/osawakousei/ros2_ws/uros_ws/install/micro_ros_msgs/local/lib/python3.10/dist-packages/micro_ros_msgs/msg/_graph_s.c
[2.810s] -- Up-to-date: /home/osawakousei/ros2_ws/uros_ws/install/micro_ros_msgs/local/lib/python3.10/dist-packages/micro_ros_msgs/_micro_ros_msgs_s.ep.rosidl_typesupport_fastrtps_c.c
[2.811s] -- Up-to-date: /home/osawakousei/ros2_ws/uros_ws/install/micro_ros_msgs/local/lib/python3.10/dist-packages/micro_ros_msgs/micro_ros_msgs_s__rosidl_typesupport_c.cpython-310-x86_64-linux-gnu.so
[2.920s] Listing '/home/osawakousei/ros2_ws/uros_ws/install/micro_ros_msgs/local/lib/python3.10/dist-packages/micro_ros_msgs'...
[2.920s] Listing '/home/osawakousei/ros2_ws/uros_ws/install/micro_ros_msgs/local/lib/python3.10/dist-packages/micro_ros_msgs/msg'...
[2.931s] -- Up-to-date: /home/osawakousei/ros2_ws/uros_ws/install/micro_ros_msgs/local/lib/python3.10/dist-packages/micro_ros_msgs/micro_ros_msgs_s__rosidl_typesupport_fastrtps_c.cpython-310-x86_64-linux-gnu.so
[2.935s] -- Up-to-date: /home/osawakousei/ros2_ws/uros_ws/install/micro_ros_msgs/local/lib/python3.10/dist-packages/micro_ros_msgs/micro_ros_msgs_s__rosidl_typesupport_introspection_c.cpython-310-x86_64-linux-gnu.so
[2.939s] -- Up-to-date: /home/osawakousei/ros2_ws/uros_ws/install/micro_ros_msgs/local/lib/python3.10/dist-packages/micro_ros_msgs/micro_ros_msgs_s__rosidl_typesupport_c.cpython-310-x86_64-linux-gnu.so
[2.953s] -- Up-to-date: /home/osawakousei/ros2_ws/uros_ws/install/micro_ros_msgs/lib/libmicro_ros_msgs__rosidl_generator_py.so
[2.957s] -- Up-to-date: /home/osawakousei/ros2_ws/uros_ws/install/micro_ros_msgs/share/micro_ros_msgs/msg/Graph.idl
[2.959s] -- Up-to-date: /home/osawakousei/ros2_ws/uros_ws/install/micro_ros_msgs/share/micro_ros_msgs/msg/Node.idl
[2.959s] -- Up-to-date: /home/osawakousei/ros2_ws/uros_ws/install/micro_ros_msgs/share/micro_ros_msgs/msg/Entity.idl
[2.959s] -- Up-to-date: /home/osawakousei/ros2_ws/uros_ws/install/micro_ros_msgs/share/micro_ros_msgs/msg/Graph.msg
[2.959s] -- Up-to-date: /home/osawakousei/ros2_ws/uros_ws/install/micro_ros_msgs/share/micro_ros_msgs/msg/Node.msg
[2.960s] -- Up-to-date: /home/osawakousei/ros2_ws/uros_ws/install/micro_ros_msgs/share/micro_ros_msgs/msg/Entity.msg
[2.960s] -- Up-to-date: /home/osawakousei/ros2_ws/uros_ws/install/micro_ros_msgs/share/ament_index/resource_index/package_run_dependencies/micro_ros_msgs
[2.963s] -- Up-to-date: /home/osawakousei/ros2_ws/uros_ws/install/micro_ros_msgs/share/ament_index/resource_index/parent_prefix_path/micro_ros_msgs
[2.963s] -- Up-to-date: /home/osawakousei/ros2_ws/uros_ws/install/micro_ros_msgs/share/micro_ros_msgs/environment/ament_prefix_path.sh
[2.964s] -- Up-to-date: /home/osawakousei/ros2_ws/uros_ws/install/micro_ros_msgs/share/micro_ros_msgs/environment/ament_prefix_path.dsv
[2.964s] -- Up-to-date: /home/osawakousei/ros2_ws/uros_ws/install/micro_ros_msgs/share/micro_ros_msgs/environment/path.sh
[2.964s] -- Up-to-date: /home/osawakousei/ros2_ws/uros_ws/install/micro_ros_msgs/share/micro_ros_msgs/environment/path.dsv
[2.964s] -- Up-to-date: /home/osawakousei/ros2_ws/uros_ws/install/micro_ros_msgs/share/micro_ros_msgs/local_setup.bash
[2.965s] -- Up-to-date: /home/osawakousei/ros2_ws/uros_ws/install/micro_ros_msgs/share/micro_ros_msgs/local_setup.sh
[2.965s] -- Up-to-date: /home/osawakousei/ros2_ws/uros_ws/install/micro_ros_msgs/share/micro_ros_msgs/local_setup.zsh
[2.965s] -- Up-to-date: /home/osawakousei/ros2_ws/uros_ws/install/micro_ros_msgs/share/micro_ros_msgs/local_setup.dsv
[2.965s] -- Installing: /home/osawakousei/ros2_ws/uros_ws/install/micro_ros_msgs/share/micro_ros_msgs/package.dsv
[2.969s] -- Up-to-date: /home/osawakousei/ros2_ws/uros_ws/install/micro_ros_msgs/share/ament_index/resource_index/packages/micro_ros_msgs
[2.978s] -- Up-to-date: /home/osawakousei/ros2_ws/uros_ws/install/micro_ros_msgs/share/micro_ros_msgs/cmake/export_micro_ros_msgs__rosidl_generator_cExport.cmake
[2.978s] -- Up-to-date: /home/osawakousei/ros2_ws/uros_ws/install/micro_ros_msgs/share/micro_ros_msgs/cmake/export_micro_ros_msgs__rosidl_generator_cExport-noconfig.cmake
[2.981s] -- Up-to-date: /home/osawakousei/ros2_ws/uros_ws/install/micro_ros_msgs/share/micro_ros_msgs/cmake/export_micro_ros_msgs__rosidl_typesupport_fastrtps_cExport.cmake
[2.981s] -- Up-to-date: /home/osawakousei/ros2_ws/uros_ws/install/micro_ros_msgs/share/micro_ros_msgs/cmake/export_micro_ros_msgs__rosidl_typesupport_fastrtps_cExport-noconfig.cmake
[2.984s] -- Up-to-date: /home/osawakousei/ros2_ws/uros_ws/install/micro_ros_msgs/share/micro_ros_msgs/cmake/micro_ros_msgs__rosidl_typesupport_introspection_cExport.cmake
[2.984s] -- Up-to-date: /home/osawakousei/ros2_ws/uros_ws/install/micro_ros_msgs/share/micro_ros_msgs/cmake/micro_ros_msgs__rosidl_typesupport_introspection_cExport-noconfig.cmake
[2.989s] -- Up-to-date: /home/osawakousei/ros2_ws/uros_ws/install/micro_ros_msgs/share/micro_ros_msgs/cmake/micro_ros_msgs__rosidl_typesupport_cExport.cmake
[2.989s] -- Up-to-date: /home/osawakousei/ros2_ws/uros_ws/install/micro_ros_msgs/share/micro_ros_msgs/cmake/micro_ros_msgs__rosidl_typesupport_cExport-noconfig.cmake
[2.992s] -- Up-to-date: /home/osawakousei/ros2_ws/uros_ws/install/micro_ros_msgs/share/micro_ros_msgs/cmake/export_micro_ros_msgs__rosidl_generator_cppExport.cmake
[2.996s] -- Up-to-date: /home/osawakousei/ros2_ws/uros_ws/install/micro_ros_msgs/share/micro_ros_msgs/cmake/export_micro_ros_msgs__rosidl_typesupport_fastrtps_cppExport.cmake
[2.996s] -- Up-to-date: /home/osawakousei/ros2_ws/uros_ws/install/micro_ros_msgs/share/micro_ros_msgs/cmake/export_micro_ros_msgs__rosidl_typesupport_fastrtps_cppExport-noconfig.cmake
[2.999s] -- Up-to-date: /home/osawakousei/ros2_ws/uros_ws/install/micro_ros_msgs/share/micro_ros_msgs/cmake/micro_ros_msgs__rosidl_typesupport_introspection_cppExport.cmake
[2.999s] -- Up-to-date: /home/osawakousei/ros2_ws/uros_ws/install/micro_ros_msgs/share/micro_ros_msgs/cmake/micro_ros_msgs__rosidl_typesupport_introspection_cppExport-noconfig.cmake
[3.003s] -- Up-to-date: /home/osawakousei/ros2_ws/uros_ws/install/micro_ros_msgs/share/micro_ros_msgs/cmake/micro_ros_msgs__rosidl_typesupport_cppExport.cmake
[3.003s] -- Up-to-date: /home/osawakousei/ros2_ws/uros_ws/install/micro_ros_msgs/share/micro_ros_msgs/cmake/micro_ros_msgs__rosidl_typesupport_cppExport-noconfig.cmake
[3.007s] -- Up-to-date: /home/osawakousei/ros2_ws/uros_ws/install/micro_ros_msgs/share/micro_ros_msgs/cmake/export_micro_ros_msgs__rosidl_generator_pyExport.cmake
[3.007s] -- Up-to-date: /home/osawakousei/ros2_ws/uros_ws/install/micro_ros_msgs/share/micro_ros_msgs/cmake/export_micro_ros_msgs__rosidl_generator_pyExport-noconfig.cmake
[3.011s] -- Up-to-date: /home/osawakousei/ros2_ws/uros_ws/install/micro_ros_msgs/share/micro_ros_msgs/cmake/rosidl_cmake-extras.cmake
[3.011s] -- Up-to-date: /home/osawakousei/ros2_ws/uros_ws/install/micro_ros_msgs/share/micro_ros_msgs/cmake/ament_cmake_export_include_directories-extras.cmake
[3.012s] -- Up-to-date: /home/osawakousei/ros2_ws/uros_ws/install/micro_ros_msgs/share/micro_ros_msgs/cmake/ament_cmake_export_libraries-extras.cmake
[3.012s] -- Up-to-date: /home/osawakousei/ros2_ws/uros_ws/install/micro_ros_msgs/share/micro_ros_msgs/cmake/ament_cmake_export_targets-extras.cmake
[3.012s] -- Up-to-date: /home/osawakousei/ros2_ws/uros_ws/install/micro_ros_msgs/share/micro_ros_msgs/cmake/rosidl_cmake_export_typesupport_targets-extras.cmake
[3.012s] -- Up-to-date: /home/osawakousei/ros2_ws/uros_ws/install/micro_ros_msgs/share/micro_ros_msgs/cmake/ament_cmake_export_dependencies-extras.cmake
[3.012s] -- Up-to-date: /home/osawakousei/ros2_ws/uros_ws/install/micro_ros_msgs/share/micro_ros_msgs/cmake/rosidl_cmake_export_typesupport_libraries-extras.cmake
[3.013s] -- Up-to-date: /home/osawakousei/ros2_ws/uros_ws/install/micro_ros_msgs/share/micro_ros_msgs/cmake/micro_ros_msgsConfig.cmake
[3.013s] -- Up-to-date: /home/osawakousei/ros2_ws/uros_ws/install/micro_ros_msgs/share/micro_ros_msgs/cmake/micro_ros_msgsConfig-version.cmake
[3.013s] -- Up-to-date: /home/osawakousei/ros2_ws/uros_ws/install/micro_ros_msgs/share/micro_ros_msgs/package.xml
[3.033s] Invoked command in '/home/osawakousei/ros2_ws/uros_ws/build/micro_ros_msgs' returned '0': CMAKE_PREFIX_PATH=${CMAKE_PREFIX_PATH}:/home/osawakousei/ros2_ws/src/custom_test_msgs/install/custom_test_msgs:/opt/ros/humble /usr/bin/cmake --install /home/osawakousei/ros2_ws/uros_ws/build/micro_ros_msgs
