[1.233s] DEBUG:colcon:Command line arguments: ['/usr/bin/colcon', 'build']
[1.233s] DEBUG:colcon:Parsed command line arguments: Namespace(log_base=None, log_level=None, verb_name='build', build_base='build', install_base='install', merge_install=False, symlink_install=False, test_result_base=None, continue_on_error=False, executor='parallel', parallel_workers=8, event_handlers=None, ignore_user_meta=False, metas=['./colcon.meta'], base_paths=['.'], packages_ignore=None, packages_ignore_regex=None, paths=None, packages_up_to=None, packages_up_to_regex=None, packages_above=None, packages_above_and_dependencies=None, packages_above_depth=None, packages_select_by_dep=None, packages_skip_by_dep=None, packages_skip_up_to=None, packages_select_build_failed=False, packages_skip_build_finished=False, packages_select_test_failures=False, packages_skip_test_passed=False, packages_select=None, packages_skip=None, packages_select_regex=None, packages_skip_regex=None, packages_start=None, packages_end=None, allow_overriding=[], cmake_args=None, cmake_target=None, cmake_target_skip_unavailable=False, cmake_clean_cache=False, cmake_clean_first=False, cmake_force_configure=False, ament_cmake_args=None, catkin_cmake_args=None, catkin_skip_building_tests=False, verb_parser=<colcon_defaults.argument_parser.defaults.DefaultArgumentsDecorator object at 0x7fa2a4675030>, verb_extension=<colcon_core.verb.build.BuildVerb object at 0x7fa2a4674ac0>, main=<bound method BuildVerb.main of <colcon_core.verb.build.BuildVerb object at 0x7fa2a4674ac0>>)
[1.323s] Level 1:colcon.colcon_core.package_discovery:discover_packages(colcon_meta) check parameters
[1.324s] Level 1:colcon.colcon_core.package_discovery:discover_packages(recursive) check parameters
[1.324s] Level 1:colcon.colcon_core.package_discovery:discover_packages(ignore) check parameters
[1.324s] Level 1:colcon.colcon_core.package_discovery:discover_packages(path) check parameters
[1.324s] Level 1:colcon.colcon_core.package_discovery:discover_packages(colcon_meta) discover
[1.325s] Level 1:colcon.colcon_core.package_discovery:discover_packages(recursive) discover
[1.325s] INFO:colcon.colcon_core.package_discovery:Crawling recursively for packages in '/home/osawakousei/ros2_ws/src/cpp_server_client'
[1.325s] Level 1:colcon.colcon_core.package_identification:_identify(.) by extensions ['ignore', 'ignore_ament_install']
[1.326s] Level 1:colcon.colcon_core.package_identification:_identify(.) by extension 'ignore'
[1.326s] Level 1:colcon.colcon_core.package_identification:_identify(.) by extension 'ignore_ament_install'
[1.326s] Level 1:colcon.colcon_core.package_identification:_identify(.) by extensions ['colcon_pkg']
[1.326s] Level 1:colcon.colcon_core.package_identification:_identify(.) by extension 'colcon_pkg'
[1.326s] Level 1:colcon.colcon_core.package_identification:_identify(.) by extensions ['colcon_meta']
[1.326s] Level 1:colcon.colcon_core.package_identification:_identify(.) by extension 'colcon_meta'
[1.327s] Level 1:colcon.colcon_core.package_identification:_identify(.) by extensions ['ros']
[1.327s] Level 1:colcon.colcon_core.package_identification:_identify(.) by extension 'ros'
[1.372s] DEBUG:colcon.colcon_core.package_identification:Package '.' with type 'ros.ament_cmake' and name 'cpp_server_client'
[1.373s] Level 1:colcon.colcon_core.package_discovery:discover_packages(recursive) using defaults
[1.373s] Level 1:colcon.colcon_core.package_discovery:discover_packages(ignore) discover
[1.373s] Level 1:colcon.colcon_core.package_discovery:discover_packages(ignore) using defaults
[1.373s] Level 1:colcon.colcon_core.package_discovery:discover_packages(path) discover
[1.373s] Level 1:colcon.colcon_core.package_discovery:discover_packages(path) using defaults
[1.447s] Level 1:colcon.colcon_core.package_discovery:discover_packages(prefix_path) check parameters
[1.448s] Level 1:colcon.colcon_core.package_discovery:discover_packages(prefix_path) discover
[1.461s] DEBUG:colcon.colcon_installed_package_information.package_discovery:Found 2 installed packages in /home/osawakousei/ros2_ws/src/android_controll_test/install
[1.465s] DEBUG:colcon.colcon_installed_package_information.package_discovery:Found 7 installed packages in /home/osawakousei/ros2_ws/install
[1.468s] DEBUG:colcon.colcon_installed_package_information.package_discovery:Found 1 installed packages in /home/osawakousei/ros2_ws/src/cpp_server_client/install
[1.472s] DEBUG:colcon.colcon_installed_package_information.package_discovery:Found 1 installed packages in /home/osawakousei/ros2_ws/src/cpp_topic_pubsub/install
[1.477s] DEBUG:colcon.colcon_installed_package_information.package_discovery:Found 1 installed packages in /home/osawakousei/ros2_ws/src/test_package/install
[1.480s] DEBUG:colcon.colcon_installed_package_information.package_discovery:Found 3 installed packages in /home/osawakousei/ros2_ws/uros_ws/install
[1.484s] DEBUG:colcon.colcon_installed_package_information.package_discovery:Found 1 installed packages in /home/osawakousei/ros2_ws/src/custom_test_msgs/install
[1.494s] DEBUG:colcon.colcon_installed_package_information.package_discovery:Found 329 installed packages in /opt/ros/humble
[1.502s] Level 1:colcon.colcon_core.package_discovery:discover_packages(prefix_path) using defaults
[1.745s] Level 5:colcon.colcon_core.verb:set package 'cpp_server_client' build argument 'cmake_args' from command line to 'None'
[1.745s] Level 5:colcon.colcon_core.verb:set package 'cpp_server_client' build argument 'cmake_target' from command line to 'None'
[1.745s] Level 5:colcon.colcon_core.verb:set package 'cpp_server_client' build argument 'cmake_target_skip_unavailable' from command line to 'False'
[1.745s] Level 5:colcon.colcon_core.verb:set package 'cpp_server_client' build argument 'cmake_clean_cache' from command line to 'False'
[1.746s] Level 5:colcon.colcon_core.verb:set package 'cpp_server_client' build argument 'cmake_clean_first' from command line to 'False'
[1.746s] Level 5:colcon.colcon_core.verb:set package 'cpp_server_client' build argument 'cmake_force_configure' from command line to 'False'
[1.746s] Level 5:colcon.colcon_core.verb:set package 'cpp_server_client' build argument 'ament_cmake_args' from command line to 'None'
[1.746s] Level 5:colcon.colcon_core.verb:set package 'cpp_server_client' build argument 'catkin_cmake_args' from command line to 'None'
[1.746s] Level 5:colcon.colcon_core.verb:set package 'cpp_server_client' build argument 'catkin_skip_building_tests' from command line to 'False'
[1.746s] DEBUG:colcon.colcon_core.verb:Building package 'cpp_server_client' with the following arguments: {'ament_cmake_args': None, 'build_base': '/home/osawakousei/ros2_ws/src/cpp_server_client/build/cpp_server_client', 'catkin_cmake_args': None, 'catkin_skip_building_tests': False, 'cmake_args': None, 'cmake_clean_cache': False, 'cmake_clean_first': False, 'cmake_force_configure': False, 'cmake_target': None, 'cmake_target_skip_unavailable': False, 'install_base': '/home/osawakousei/ros2_ws/src/cpp_server_client/install/cpp_server_client', 'merge_install': False, 'path': '/home/osawakousei/ros2_ws/src/cpp_server_client', 'symlink_install': False, 'test_result_base': None}
[1.749s] INFO:colcon.colcon_core.executor:Executing jobs using 'parallel' executor
[1.759s] DEBUG:colcon.colcon_parallel_executor.executor.parallel:run_until_complete
[1.760s] INFO:colcon.colcon_ros.task.ament_cmake.build:Building ROS package in '/home/osawakousei/ros2_ws/src/cpp_server_client' with build type 'ament_cmake'
[1.760s] INFO:colcon.colcon_cmake.task.cmake.build:Building CMake package in '/home/osawakousei/ros2_ws/src/cpp_server_client'
[1.783s] INFO:colcon.colcon_core.plugin_system:Skipping extension 'colcon_core.shell.bat': Not used on non-Windows systems
[1.783s] INFO:colcon.colcon_core.shell:Skip shell extension 'powershell' for command environment: Not usable outside of PowerShell
[1.783s] DEBUG:colcon.colcon_core.shell:Skip shell extension 'dsv' for command environment
[1.871s] DEBUG:colcon.colcon_core.event_handler.log_command:Invoking command in '/home/osawakousei/ros2_ws/src/cpp_server_client/build/cpp_server_client': CMAKE_PREFIX_PATH=${CMAKE_PREFIX_PATH}:/opt/ros/humble /usr/bin/cmake --build /home/osawakousei/ros2_ws/src/cpp_server_client/build/cpp_server_client -- -j8 -l8
[16.649s] DEBUG:colcon.colcon_core.event_handler.log_command:Invoked command in '/home/osawakousei/ros2_ws/src/cpp_server_client/build/cpp_server_client' returned '0': CMAKE_PREFIX_PATH=${CMAKE_PREFIX_PATH}:/opt/ros/humble /usr/bin/cmake --build /home/osawakousei/ros2_ws/src/cpp_server_client/build/cpp_server_client -- -j8 -l8
[17.313s] DEBUG:colcon.colcon_core.event_handler.log_command:Invoking command in '/home/osawakousei/ros2_ws/src/cpp_server_client/build/cpp_server_client': CMAKE_PREFIX_PATH=${CMAKE_PREFIX_PATH}:/opt/ros/humble /usr/bin/cmake --install /home/osawakousei/ros2_ws/src/cpp_server_client/build/cpp_server_client
[17.757s] Level 1:colcon.colcon_core.environment:create_environment_scripts_only(cpp_server_client)
[17.760s] DEBUG:colcon.colcon_core.event_handler.log_command:Invoked command in '/home/osawakousei/ros2_ws/src/cpp_server_client/build/cpp_server_client' returned '0': CMAKE_PREFIX_PATH=${CMAKE_PREFIX_PATH}:/opt/ros/humble /usr/bin/cmake --install /home/osawakousei/ros2_ws/src/cpp_server_client/build/cpp_server_client
[17.778s] Level 1:colcon.colcon_core.environment:checking '/home/osawakousei/ros2_ws/src/cpp_server_client/install/cpp_server_client' for CMake module files
[17.781s] Level 1:colcon.colcon_core.environment:checking '/home/osawakousei/ros2_ws/src/cpp_server_client/install/cpp_server_client' for CMake config files
[17.784s] Level 1:colcon.colcon_core.shell:create_environment_hook('cpp_server_client', 'cmake_prefix_path')
[17.788s] INFO:colcon.colcon_core.shell:Creating environment hook '/home/osawakousei/ros2_ws/src/cpp_server_client/install/cpp_server_client/share/cpp_server_client/hook/cmake_prefix_path.ps1'
[17.790s] INFO:colcon.colcon_core.shell:Creating environment descriptor '/home/osawakousei/ros2_ws/src/cpp_server_client/install/cpp_server_client/share/cpp_server_client/hook/cmake_prefix_path.dsv'
[17.793s] INFO:colcon.colcon_core.shell:Creating environment hook '/home/osawakousei/ros2_ws/src/cpp_server_client/install/cpp_server_client/share/cpp_server_client/hook/cmake_prefix_path.sh'
[17.797s] Level 1:colcon.colcon_core.environment:checking '/home/osawakousei/ros2_ws/src/cpp_server_client/install/cpp_server_client/lib'
[17.798s] Level 1:colcon.colcon_core.shell:create_environment_hook('cpp_server_client', 'ld_library_path_lib')
[17.803s] INFO:colcon.colcon_core.shell:Creating environment hook '/home/osawakousei/ros2_ws/src/cpp_server_client/install/cpp_server_client/share/cpp_server_client/hook/ld_library_path_lib.ps1'
[17.805s] INFO:colcon.colcon_core.shell:Creating environment descriptor '/home/osawakousei/ros2_ws/src/cpp_server_client/install/cpp_server_client/share/cpp_server_client/hook/ld_library_path_lib.dsv'
[17.811s] INFO:colcon.colcon_core.shell:Creating environment hook '/home/osawakousei/ros2_ws/src/cpp_server_client/install/cpp_server_client/share/cpp_server_client/hook/ld_library_path_lib.sh'
[17.813s] Level 1:colcon.colcon_core.environment:checking '/home/osawakousei/ros2_ws/src/cpp_server_client/install/cpp_server_client/bin'
[17.813s] Level 1:colcon.colcon_core.environment:checking '/home/osawakousei/ros2_ws/src/cpp_server_client/install/cpp_server_client/lib/pkgconfig/cpp_server_client.pc'
[17.814s] Level 1:colcon.colcon_core.environment:checking '/home/osawakousei/ros2_ws/src/cpp_server_client/install/cpp_server_client/lib/python3.10/site-packages'
[17.815s] Level 1:colcon.colcon_core.environment:checking '/home/osawakousei/ros2_ws/src/cpp_server_client/install/cpp_server_client/bin'
[17.822s] INFO:colcon.colcon_core.shell:Creating package script '/home/osawakousei/ros2_ws/src/cpp_server_client/install/cpp_server_client/share/cpp_server_client/package.ps1'
[17.825s] INFO:colcon.colcon_core.shell:Creating package descriptor '/home/osawakousei/ros2_ws/src/cpp_server_client/install/cpp_server_client/share/cpp_server_client/package.dsv'
[17.827s] INFO:colcon.colcon_core.shell:Creating package script '/home/osawakousei/ros2_ws/src/cpp_server_client/install/cpp_server_client/share/cpp_server_client/package.sh'
[17.829s] INFO:colcon.colcon_core.shell:Creating package script '/home/osawakousei/ros2_ws/src/cpp_server_client/install/cpp_server_client/share/cpp_server_client/package.bash'
[17.832s] INFO:colcon.colcon_core.shell:Creating package script '/home/osawakousei/ros2_ws/src/cpp_server_client/install/cpp_server_client/share/cpp_server_client/package.zsh'
[17.835s] Level 1:colcon.colcon_core.environment:create_file_with_runtime_dependencies(/home/osawakousei/ros2_ws/src/cpp_server_client/install/cpp_server_client/share/colcon-core/packages/cpp_server_client)
[18.526s] Level 1:colcon.colcon_core.environment:create_environment_scripts_only(cpp_server_client)
[18.531s] Level 1:colcon.colcon_core.environment:checking '/home/osawakousei/ros2_ws/src/cpp_server_client/install/cpp_server_client' for CMake module files
[18.534s] Level 1:colcon.colcon_core.environment:checking '/home/osawakousei/ros2_ws/src/cpp_server_client/install/cpp_server_client' for CMake config files
[18.537s] Level 1:colcon.colcon_core.shell:create_environment_hook('cpp_server_client', 'cmake_prefix_path')
[18.542s] INFO:colcon.colcon_core.shell:Creating environment hook '/home/osawakousei/ros2_ws/src/cpp_server_client/install/cpp_server_client/share/cpp_server_client/hook/cmake_prefix_path.ps1'
[18.544s] INFO:colcon.colcon_core.shell:Creating environment descriptor '/home/osawakousei/ros2_ws/src/cpp_server_client/install/cpp_server_client/share/cpp_server_client/hook/cmake_prefix_path.dsv'
[18.546s] INFO:colcon.colcon_core.shell:Creating environment hook '/home/osawakousei/ros2_ws/src/cpp_server_client/install/cpp_server_client/share/cpp_server_client/hook/cmake_prefix_path.sh'
[18.550s] Level 1:colcon.colcon_core.environment:checking '/home/osawakousei/ros2_ws/src/cpp_server_client/install/cpp_server_client/lib'
[18.551s] Level 1:colcon.colcon_core.shell:create_environment_hook('cpp_server_client', 'ld_library_path_lib')
[18.555s] INFO:colcon.colcon_core.shell:Creating environment hook '/home/osawakousei/ros2_ws/src/cpp_server_client/install/cpp_server_client/share/cpp_server_client/hook/ld_library_path_lib.ps1'
[18.558s] INFO:colcon.colcon_core.shell:Creating environment descriptor '/home/osawakousei/ros2_ws/src/cpp_server_client/install/cpp_server_client/share/cpp_server_client/hook/ld_library_path_lib.dsv'
[18.560s] INFO:colcon.colcon_core.shell:Creating environment hook '/home/osawakousei/ros2_ws/src/cpp_server_client/install/cpp_server_client/share/cpp_server_client/hook/ld_library_path_lib.sh'
[18.561s] Level 1:colcon.colcon_core.environment:checking '/home/osawakousei/ros2_ws/src/cpp_server_client/install/cpp_server_client/bin'
[18.562s] Level 1:colcon.colcon_core.environment:checking '/home/osawakousei/ros2_ws/src/cpp_server_client/install/cpp_server_client/lib/pkgconfig/cpp_server_client.pc'
[18.562s] Level 1:colcon.colcon_core.environment:checking '/home/osawakousei/ros2_ws/src/cpp_server_client/install/cpp_server_client/lib/python3.10/site-packages'
[18.563s] Level 1:colcon.colcon_core.environment:checking '/home/osawakousei/ros2_ws/src/cpp_server_client/install/cpp_server_client/bin'
[18.567s] INFO:colcon.colcon_core.shell:Creating package script '/home/osawakousei/ros2_ws/src/cpp_server_client/install/cpp_server_client/share/cpp_server_client/package.ps1'
[18.569s] INFO:colcon.colcon_core.shell:Creating package descriptor '/home/osawakousei/ros2_ws/src/cpp_server_client/install/cpp_server_client/share/cpp_server_client/package.dsv'
[18.571s] INFO:colcon.colcon_core.shell:Creating package script '/home/osawakousei/ros2_ws/src/cpp_server_client/install/cpp_server_client/share/cpp_server_client/package.sh'
[18.574s] INFO:colcon.colcon_core.shell:Creating package script '/home/osawakousei/ros2_ws/src/cpp_server_client/install/cpp_server_client/share/cpp_server_client/package.bash'
[18.575s] INFO:colcon.colcon_core.shell:Creating package script '/home/osawakousei/ros2_ws/src/cpp_server_client/install/cpp_server_client/share/cpp_server_client/package.zsh'
[18.577s] Level 1:colcon.colcon_core.environment:create_file_with_runtime_dependencies(/home/osawakousei/ros2_ws/src/cpp_server_client/install/cpp_server_client/share/colcon-core/packages/cpp_server_client)
[18.579s] DEBUG:colcon.colcon_parallel_executor.executor.parallel:closing loop
[18.580s] DEBUG:colcon.colcon_parallel_executor.executor.parallel:loop closed
[18.580s] DEBUG:colcon.colcon_parallel_executor.executor.parallel:run_until_complete finished with '0'
[18.580s] DEBUG:colcon.colcon_core.event_reactor:joining thread
[18.608s] INFO:colcon.colcon_core.plugin_system:Skipping extension 'colcon_notification.desktop_notification.terminal_notifier': Not used on non-Darwin systems
[18.617s] INFO:colcon.colcon_core.plugin_system:Skipping extension 'colcon_notification.desktop_notification.win32': Not used on non-Windows systems
[18.618s] INFO:colcon.colcon_notification.desktop_notification:Sending desktop notification using 'notify2'
[18.659s] DEBUG:colcon.colcon_core.event_reactor:joined thread
[18.664s] INFO:colcon.colcon_core.shell:Creating prefix script '/home/osawakousei/ros2_ws/src/cpp_server_client/install/local_setup.ps1'
[18.667s] INFO:colcon.colcon_core.shell:Creating prefix util module '/home/osawakousei/ros2_ws/src/cpp_server_client/install/_local_setup_util_ps1.py'
[18.671s] INFO:colcon.colcon_core.shell:Creating prefix chain script '/home/osawakousei/ros2_ws/src/cpp_server_client/install/setup.ps1'
[18.680s] INFO:colcon.colcon_core.shell:Creating prefix script '/home/osawakousei/ros2_ws/src/cpp_server_client/install/local_setup.sh'
[18.683s] INFO:colcon.colcon_core.shell:Creating prefix util module '/home/osawakousei/ros2_ws/src/cpp_server_client/install/_local_setup_util_sh.py'
[18.685s] INFO:colcon.colcon_core.shell:Creating prefix chain script '/home/osawakousei/ros2_ws/src/cpp_server_client/install/setup.sh'
[18.693s] INFO:colcon.colcon_core.shell:Creating prefix script '/home/osawakousei/ros2_ws/src/cpp_server_client/install/local_setup.bash'
[18.695s] INFO:colcon.colcon_core.shell:Creating prefix chain script '/home/osawakousei/ros2_ws/src/cpp_server_client/install/setup.bash'
[18.703s] INFO:colcon.colcon_core.shell:Creating prefix script '/home/osawakousei/ros2_ws/src/cpp_server_client/install/local_setup.zsh'
[18.705s] INFO:colcon.colcon_core.shell:Creating prefix chain script '/home/osawakousei/ros2_ws/src/cpp_server_client/install/setup.zsh'
