[2.669s] DEBUG:colcon:Command line arguments: ['/usr/bin/colcon', 'build']
[2.669s] DEBUG:colcon:Parsed command line arguments: Namespace(log_base=None, log_level=None, verb_name='build', build_base='build', install_base='install', merge_install=False, symlink_install=False, test_result_base=None, continue_on_error=False, executor='parallel', parallel_workers=12, event_handlers=None, ignore_user_meta=False, metas=['./colcon.meta'], base_paths=['.'], packages_ignore=None, packages_ignore_regex=None, paths=None, packages_up_to=None, packages_up_to_regex=None, packages_above=None, packages_above_and_dependencies=None, packages_above_depth=None, packages_select_by_dep=None, packages_skip_by_dep=None, packages_skip_up_to=None, packages_select_build_failed=False, packages_skip_build_finished=False, packages_select_test_failures=False, packages_skip_test_passed=False, packages_select=None, packages_skip=None, packages_select_regex=None, packages_skip_regex=None, packages_start=None, packages_end=None, allow_overriding=[], cmake_args=None, cmake_target=None, cmake_target_skip_unavailable=False, cmake_clean_cache=False, cmake_clean_first=False, cmake_force_configure=False, ament_cmake_args=None, catkin_cmake_args=None, catkin_skip_building_tests=False, verb_parser=<colcon_defaults.argument_parser.defaults.DefaultArgumentsDecorator object at 0x7fd340cb0280>, verb_extension=<colcon_core.verb.build.BuildVerb object at 0x7fd340c07dc0>, main=<bound method BuildVerb.main of <colcon_core.verb.build.BuildVerb object at 0x7fd340c07dc0>>)
[2.821s] Level 1:colcon.colcon_core.package_discovery:discover_packages(colcon_meta) check parameters
[2.821s] Level 1:colcon.colcon_core.package_discovery:discover_packages(recursive) check parameters
[2.822s] Level 1:colcon.colcon_core.package_discovery:discover_packages(ignore) check parameters
[2.822s] Level 1:colcon.colcon_core.package_discovery:discover_packages(path) check parameters
[2.822s] Level 1:colcon.colcon_core.package_discovery:discover_packages(colcon_meta) discover
[2.822s] Level 1:colcon.colcon_core.package_discovery:discover_packages(recursive) discover
[2.822s] INFO:colcon.colcon_core.package_discovery:Crawling recursively for packages in '/home/osawakousei/ros2_ws/src/custom_message_unity'
[2.823s] Level 1:colcon.colcon_core.package_identification:_identify(.) by extensions ['ignore', 'ignore_ament_install']
[2.823s] Level 1:colcon.colcon_core.package_identification:_identify(.) by extension 'ignore'
[2.823s] Level 1:colcon.colcon_core.package_identification:_identify(.) by extension 'ignore_ament_install'
[2.823s] Level 1:colcon.colcon_core.package_identification:_identify(.) by extensions ['colcon_pkg']
[2.823s] Level 1:colcon.colcon_core.package_identification:_identify(.) by extension 'colcon_pkg'
[2.824s] Level 1:colcon.colcon_core.package_identification:_identify(.) by extensions ['colcon_meta']
[2.824s] Level 1:colcon.colcon_core.package_identification:_identify(.) by extension 'colcon_meta'
[2.824s] Level 1:colcon.colcon_core.package_identification:_identify(.) by extensions ['ros']
[2.824s] Level 1:colcon.colcon_core.package_identification:_identify(.) by extension 'ros'
[2.860s] DEBUG:colcon.colcon_core.package_identification:Package '.' with type 'ros.ament_cmake' and name 'custom_message_unity'
[2.861s] Level 1:colcon.colcon_core.package_discovery:discover_packages(recursive) using defaults
[2.861s] Level 1:colcon.colcon_core.package_discovery:discover_packages(ignore) discover
[2.861s] Level 1:colcon.colcon_core.package_discovery:discover_packages(ignore) using defaults
[2.861s] Level 1:colcon.colcon_core.package_discovery:discover_packages(path) discover
[2.861s] Level 1:colcon.colcon_core.package_discovery:discover_packages(path) using defaults
[3.161s] Level 1:colcon.colcon_core.package_discovery:discover_packages(prefix_path) check parameters
[3.162s] Level 1:colcon.colcon_core.package_discovery:discover_packages(prefix_path) discover
[3.246s] DEBUG:colcon.colcon_installed_package_information.package_discovery:Found 1 installed packages in /home/osawakousei/ros2_ws/src/custom_message_unity/install
[3.285s] DEBUG:colcon.colcon_installed_package_information.package_discovery:Found 17 installed packages in /home/osawakousei/ros2_ws/install
[3.320s] DEBUG:colcon.colcon_installed_package_information.package_discovery:Found 2 installed packages in /home/osawakousei/ros2_ws/src/android_controll_test/install
[3.367s] DEBUG:colcon.colcon_installed_package_information.package_discovery:Found 1 installed packages in /home/osawakousei/ros2_ws/src/cpp_server_client/install
[3.444s] DEBUG:colcon.colcon_installed_package_information.package_discovery:Found 1 installed packages in /home/osawakousei/ros2_ws/src/cpp_topic_pubsub/install
[3.483s] DEBUG:colcon.colcon_installed_package_information.package_discovery:Found 1 installed packages in /home/osawakousei/ros2_ws/src/test_package/install
[3.523s] DEBUG:colcon.colcon_installed_package_information.package_discovery:Found 3 installed packages in /home/osawakousei/ros2_ws/uros_ws/install
[3.570s] DEBUG:colcon.colcon_installed_package_information.package_discovery:Found 1 installed packages in /home/osawakousei/ros2_ws/src/custom_test_msgs/install
[3.623s] DEBUG:colcon.colcon_installed_package_information.package_discovery:Found 331 installed packages in /opt/ros/humble
[3.627s] Level 1:colcon.colcon_core.package_discovery:discover_packages(prefix_path) using defaults
[3.935s] Level 5:colcon.colcon_core.verb:set package 'custom_message_unity' build argument 'cmake_args' from command line to 'None'
[3.935s] Level 5:colcon.colcon_core.verb:set package 'custom_message_unity' build argument 'cmake_target' from command line to 'None'
[3.935s] Level 5:colcon.colcon_core.verb:set package 'custom_message_unity' build argument 'cmake_target_skip_unavailable' from command line to 'False'
[3.935s] Level 5:colcon.colcon_core.verb:set package 'custom_message_unity' build argument 'cmake_clean_cache' from command line to 'False'
[3.935s] Level 5:colcon.colcon_core.verb:set package 'custom_message_unity' build argument 'cmake_clean_first' from command line to 'False'
[3.935s] Level 5:colcon.colcon_core.verb:set package 'custom_message_unity' build argument 'cmake_force_configure' from command line to 'False'
[3.935s] Level 5:colcon.colcon_core.verb:set package 'custom_message_unity' build argument 'ament_cmake_args' from command line to 'None'
[3.936s] Level 5:colcon.colcon_core.verb:set package 'custom_message_unity' build argument 'catkin_cmake_args' from command line to 'None'
[3.936s] Level 5:colcon.colcon_core.verb:set package 'custom_message_unity' build argument 'catkin_skip_building_tests' from command line to 'False'
[3.936s] DEBUG:colcon.colcon_core.verb:Building package 'custom_message_unity' with the following arguments: {'ament_cmake_args': None, 'build_base': '/home/osawakousei/ros2_ws/src/custom_message_unity/build/custom_message_unity', 'catkin_cmake_args': None, 'catkin_skip_building_tests': False, 'cmake_args': None, 'cmake_clean_cache': False, 'cmake_clean_first': False, 'cmake_force_configure': False, 'cmake_target': None, 'cmake_target_skip_unavailable': False, 'install_base': '/home/osawakousei/ros2_ws/src/custom_message_unity/install/custom_message_unity', 'merge_install': False, 'path': '/home/osawakousei/ros2_ws/src/custom_message_unity', 'symlink_install': False, 'test_result_base': None}
[3.984s] INFO:colcon.colcon_core.executor:Executing jobs using 'parallel' executor
[4.033s] DEBUG:colcon.colcon_parallel_executor.executor.parallel:run_until_complete
[4.033s] INFO:colcon.colcon_ros.task.ament_cmake.build:Building ROS package in '/home/osawakousei/ros2_ws/src/custom_message_unity' with build type 'ament_cmake'
[4.034s] INFO:colcon.colcon_cmake.task.cmake.build:Building CMake package in '/home/osawakousei/ros2_ws/src/custom_message_unity'
[4.094s] INFO:colcon.colcon_core.plugin_system:Skipping extension 'colcon_core.shell.bat': Not used on non-Windows systems
[4.095s] INFO:colcon.colcon_core.shell:Skip shell extension 'powershell' for command environment: Not usable outside of PowerShell
[4.095s] DEBUG:colcon.colcon_core.shell:Skip shell extension 'dsv' for command environment
[4.637s] DEBUG:colcon.colcon_core.event_handler.log_command:Invoking command in '/home/osawakousei/ros2_ws/src/custom_message_unity/build/custom_message_unity': CMAKE_PREFIX_PATH=${CMAKE_PREFIX_PATH}:/opt/ros/humble /usr/bin/cmake --build /home/osawakousei/ros2_ws/src/custom_message_unity/build/custom_message_unity -- -j12 -l12
[12.696s] DEBUG:colcon.colcon_core.event_handler.log_command:Invoked command in '/home/osawakousei/ros2_ws/src/custom_message_unity/build/custom_message_unity' returned '0': CMAKE_PREFIX_PATH=${CMAKE_PREFIX_PATH}:/opt/ros/humble /usr/bin/cmake --build /home/osawakousei/ros2_ws/src/custom_message_unity/build/custom_message_unity -- -j12 -l12
[13.413s] DEBUG:colcon.colcon_core.event_handler.log_command:Invoking command in '/home/osawakousei/ros2_ws/src/custom_message_unity/build/custom_message_unity': CMAKE_PREFIX_PATH=${CMAKE_PREFIX_PATH}:/opt/ros/humble /usr/bin/cmake --install /home/osawakousei/ros2_ws/src/custom_message_unity/build/custom_message_unity
[13.648s] Level 1:colcon.colcon_core.environment:create_environment_scripts_only(custom_message_unity)
[13.652s] DEBUG:colcon.colcon_core.event_handler.log_command:Invoked command in '/home/osawakousei/ros2_ws/src/custom_message_unity/build/custom_message_unity' returned '0': CMAKE_PREFIX_PATH=${CMAKE_PREFIX_PATH}:/opt/ros/humble /usr/bin/cmake --install /home/osawakousei/ros2_ws/src/custom_message_unity/build/custom_message_unity
[13.724s] Level 1:colcon.colcon_core.environment:checking '/home/osawakousei/ros2_ws/src/custom_message_unity/install/custom_message_unity' for CMake module files
[13.727s] Level 1:colcon.colcon_core.environment:checking '/home/osawakousei/ros2_ws/src/custom_message_unity/install/custom_message_unity' for CMake config files
[13.730s] Level 1:colcon.colcon_core.shell:create_environment_hook('custom_message_unity', 'cmake_prefix_path')
[13.788s] INFO:colcon.colcon_core.shell:Creating environment hook '/home/osawakousei/ros2_ws/src/custom_message_unity/install/custom_message_unity/share/custom_message_unity/hook/cmake_prefix_path.ps1'
[13.791s] INFO:colcon.colcon_core.shell:Creating environment descriptor '/home/osawakousei/ros2_ws/src/custom_message_unity/install/custom_message_unity/share/custom_message_unity/hook/cmake_prefix_path.dsv'
[13.793s] INFO:colcon.colcon_core.shell:Creating environment hook '/home/osawakousei/ros2_ws/src/custom_message_unity/install/custom_message_unity/share/custom_message_unity/hook/cmake_prefix_path.sh'
[13.796s] Level 1:colcon.colcon_core.environment:checking '/home/osawakousei/ros2_ws/src/custom_message_unity/install/custom_message_unity/lib'
[13.796s] Level 1:colcon.colcon_core.shell:create_environment_hook('custom_message_unity', 'ld_library_path_lib')
[13.849s] INFO:colcon.colcon_core.shell:Creating environment hook '/home/osawakousei/ros2_ws/src/custom_message_unity/install/custom_message_unity/share/custom_message_unity/hook/ld_library_path_lib.ps1'
[13.852s] INFO:colcon.colcon_core.shell:Creating environment descriptor '/home/osawakousei/ros2_ws/src/custom_message_unity/install/custom_message_unity/share/custom_message_unity/hook/ld_library_path_lib.dsv'
[13.853s] INFO:colcon.colcon_core.shell:Creating environment hook '/home/osawakousei/ros2_ws/src/custom_message_unity/install/custom_message_unity/share/custom_message_unity/hook/ld_library_path_lib.sh'
[13.855s] Level 1:colcon.colcon_core.environment:checking '/home/osawakousei/ros2_ws/src/custom_message_unity/install/custom_message_unity/bin'
[13.856s] Level 1:colcon.colcon_core.environment:checking '/home/osawakousei/ros2_ws/src/custom_message_unity/install/custom_message_unity/lib/pkgconfig/custom_message_unity.pc'
[13.856s] Level 1:colcon.colcon_core.environment:checking '/home/osawakousei/ros2_ws/src/custom_message_unity/install/custom_message_unity/lib/python3.10/site-packages'
[13.857s] Level 1:colcon.colcon_core.environment:checking '/home/osawakousei/ros2_ws/src/custom_message_unity/install/custom_message_unity/bin'
[13.905s] INFO:colcon.colcon_core.shell:Creating package script '/home/osawakousei/ros2_ws/src/custom_message_unity/install/custom_message_unity/share/custom_message_unity/package.ps1'
[13.908s] INFO:colcon.colcon_core.shell:Creating package descriptor '/home/osawakousei/ros2_ws/src/custom_message_unity/install/custom_message_unity/share/custom_message_unity/package.dsv'
[13.910s] INFO:colcon.colcon_core.shell:Creating package script '/home/osawakousei/ros2_ws/src/custom_message_unity/install/custom_message_unity/share/custom_message_unity/package.sh'
[13.912s] INFO:colcon.colcon_core.shell:Creating package script '/home/osawakousei/ros2_ws/src/custom_message_unity/install/custom_message_unity/share/custom_message_unity/package.bash'
[13.914s] INFO:colcon.colcon_core.shell:Creating package script '/home/osawakousei/ros2_ws/src/custom_message_unity/install/custom_message_unity/share/custom_message_unity/package.zsh'
[13.916s] Level 1:colcon.colcon_core.environment:create_file_with_runtime_dependencies(/home/osawakousei/ros2_ws/src/custom_message_unity/install/custom_message_unity/share/colcon-core/packages/custom_message_unity)
[14.640s] Level 1:colcon.colcon_core.environment:create_environment_scripts_only(custom_message_unity)
[14.689s] Level 1:colcon.colcon_core.environment:checking '/home/osawakousei/ros2_ws/src/custom_message_unity/install/custom_message_unity' for CMake module files
[14.691s] Level 1:colcon.colcon_core.environment:checking '/home/osawakousei/ros2_ws/src/custom_message_unity/install/custom_message_unity' for CMake config files
[14.693s] Level 1:colcon.colcon_core.shell:create_environment_hook('custom_message_unity', 'cmake_prefix_path')
[14.742s] INFO:colcon.colcon_core.shell:Creating environment hook '/home/osawakousei/ros2_ws/src/custom_message_unity/install/custom_message_unity/share/custom_message_unity/hook/cmake_prefix_path.ps1'
[14.744s] INFO:colcon.colcon_core.shell:Creating environment descriptor '/home/osawakousei/ros2_ws/src/custom_message_unity/install/custom_message_unity/share/custom_message_unity/hook/cmake_prefix_path.dsv'
[14.745s] INFO:colcon.colcon_core.shell:Creating environment hook '/home/osawakousei/ros2_ws/src/custom_message_unity/install/custom_message_unity/share/custom_message_unity/hook/cmake_prefix_path.sh'
[14.747s] Level 1:colcon.colcon_core.environment:checking '/home/osawakousei/ros2_ws/src/custom_message_unity/install/custom_message_unity/lib'
[14.747s] Level 1:colcon.colcon_core.shell:create_environment_hook('custom_message_unity', 'ld_library_path_lib')
[14.794s] INFO:colcon.colcon_core.shell:Creating environment hook '/home/osawakousei/ros2_ws/src/custom_message_unity/install/custom_message_unity/share/custom_message_unity/hook/ld_library_path_lib.ps1'
[14.796s] INFO:colcon.colcon_core.shell:Creating environment descriptor '/home/osawakousei/ros2_ws/src/custom_message_unity/install/custom_message_unity/share/custom_message_unity/hook/ld_library_path_lib.dsv'
[14.797s] INFO:colcon.colcon_core.shell:Creating environment hook '/home/osawakousei/ros2_ws/src/custom_message_unity/install/custom_message_unity/share/custom_message_unity/hook/ld_library_path_lib.sh'
[14.798s] Level 1:colcon.colcon_core.environment:checking '/home/osawakousei/ros2_ws/src/custom_message_unity/install/custom_message_unity/bin'
[14.799s] Level 1:colcon.colcon_core.environment:checking '/home/osawakousei/ros2_ws/src/custom_message_unity/install/custom_message_unity/lib/pkgconfig/custom_message_unity.pc'
[14.799s] Level 1:colcon.colcon_core.environment:checking '/home/osawakousei/ros2_ws/src/custom_message_unity/install/custom_message_unity/lib/python3.10/site-packages'
[14.800s] Level 1:colcon.colcon_core.environment:checking '/home/osawakousei/ros2_ws/src/custom_message_unity/install/custom_message_unity/bin'
[14.849s] INFO:colcon.colcon_core.shell:Creating package script '/home/osawakousei/ros2_ws/src/custom_message_unity/install/custom_message_unity/share/custom_message_unity/package.ps1'
[14.851s] INFO:colcon.colcon_core.shell:Creating package descriptor '/home/osawakousei/ros2_ws/src/custom_message_unity/install/custom_message_unity/share/custom_message_unity/package.dsv'
[14.853s] INFO:colcon.colcon_core.shell:Creating package script '/home/osawakousei/ros2_ws/src/custom_message_unity/install/custom_message_unity/share/custom_message_unity/package.sh'
[14.855s] INFO:colcon.colcon_core.shell:Creating package script '/home/osawakousei/ros2_ws/src/custom_message_unity/install/custom_message_unity/share/custom_message_unity/package.bash'
[14.856s] INFO:colcon.colcon_core.shell:Creating package script '/home/osawakousei/ros2_ws/src/custom_message_unity/install/custom_message_unity/share/custom_message_unity/package.zsh'
[14.857s] Level 1:colcon.colcon_core.environment:create_file_with_runtime_dependencies(/home/osawakousei/ros2_ws/src/custom_message_unity/install/custom_message_unity/share/colcon-core/packages/custom_message_unity)
[14.858s] DEBUG:colcon.colcon_parallel_executor.executor.parallel:closing loop
[14.860s] DEBUG:colcon.colcon_parallel_executor.executor.parallel:loop closed
[14.860s] DEBUG:colcon.colcon_parallel_executor.executor.parallel:run_until_complete finished with '0'
[14.860s] DEBUG:colcon.colcon_core.event_reactor:joining thread
[14.932s] INFO:colcon.colcon_core.plugin_system:Skipping extension 'colcon_notification.desktop_notification.terminal_notifier': Not used on non-Darwin systems
[14.933s] INFO:colcon.colcon_core.plugin_system:Skipping extension 'colcon_notification.desktop_notification.win32': Not used on non-Windows systems
[14.933s] INFO:colcon.colcon_notification.desktop_notification:Sending desktop notification using 'notify2'
[14.966s] DEBUG:colcon.colcon_core.event_reactor:joined thread
[15.033s] INFO:colcon.colcon_core.shell:Creating prefix script '/home/osawakousei/ros2_ws/src/custom_message_unity/install/local_setup.ps1'
[15.036s] INFO:colcon.colcon_core.shell:Creating prefix util module '/home/osawakousei/ros2_ws/src/custom_message_unity/install/_local_setup_util_ps1.py'
[15.040s] INFO:colcon.colcon_core.shell:Creating prefix chain script '/home/osawakousei/ros2_ws/src/custom_message_unity/install/setup.ps1'
[15.110s] INFO:colcon.colcon_core.shell:Creating prefix script '/home/osawakousei/ros2_ws/src/custom_message_unity/install/local_setup.sh'
[15.112s] INFO:colcon.colcon_core.shell:Creating prefix util module '/home/osawakousei/ros2_ws/src/custom_message_unity/install/_local_setup_util_sh.py'
[15.114s] INFO:colcon.colcon_core.shell:Creating prefix chain script '/home/osawakousei/ros2_ws/src/custom_message_unity/install/setup.sh'
[15.181s] INFO:colcon.colcon_core.shell:Creating prefix script '/home/osawakousei/ros2_ws/src/custom_message_unity/install/local_setup.bash'
[15.182s] INFO:colcon.colcon_core.shell:Creating prefix chain script '/home/osawakousei/ros2_ws/src/custom_message_unity/install/setup.bash'
[15.247s] INFO:colcon.colcon_core.shell:Creating prefix script '/home/osawakousei/ros2_ws/src/custom_message_unity/install/local_setup.zsh'
[15.248s] INFO:colcon.colcon_core.shell:Creating prefix chain script '/home/osawakousei/ros2_ws/src/custom_message_unity/install/setup.zsh'
