[0.071s] Invoking command in '/home/osawakousei/ros2_ws/src/cpp_server_client/build/cpp_server_client': CMAKE_PREFIX_PATH=${CMAKE_PREFIX_PATH}:/opt/ros/humble /usr/bin/cmake --build /home/osawakousei/ros2_ws/src/cpp_server_client/build/cpp_server_client -- -j8 -l8
[0.271s] [  2%] Built target cpp_server_client__cpp
[0.282s] [ 11%] Built target cpp_server_client__rosidl_generator_c
[0.342s] [ 11%] Built target ament_cmake_python_copy_cpp_server_client
[0.388s] [ 28%] Built target cpp_server_client__rosidl_typesupport_c
[0.389s] [ 28%] Built target cpp_server_client__rosidl_typesupport_introspection_c
[0.389s] [ 37%] Built target cpp_server_client__rosidl_typesupport_fastrtps_c
[0.389s] [ 45%] Built target cpp_server_client__rosidl_typesupport_fastrtps_cpp
[0.390s] [ 54%] Built target cpp_server_client__rosidl_typesupport_cpp
[0.392s] [ 62%] Built target cpp_server_client__rosidl_typesupport_introspection_cpp
[0.467s] [ 62%] Built target cpp_server_client
[0.485s] [ 68%] Built target practice_client_node
[0.494s] [ 74%] Built target practice_server_node
[0.558s] [ 77%] Built target cpp_server_client__py
[0.647s] [ 82%] Built target cpp_server_client__rosidl_generator_py
[0.734s] [ 88%] Built target cpp_server_client__rosidl_typesupport_c__pyext
[0.748s] [ 94%] Built target cpp_server_client__rosidl_typesupport_fastrtps_c__pyext
[0.748s] [100%] Built target cpp_server_client__rosidl_typesupport_introspection_c__pyext
[1.217s] running egg_info
[1.219s] writing cpp_server_client.egg-info/PKG-INFO
[1.220s] writing dependency_links to cpp_server_client.egg-info/dependency_links.txt
[1.221s] writing top-level names to cpp_server_client.egg-info/top_level.txt
[1.231s] reading manifest file 'cpp_server_client.egg-info/SOURCES.txt'
[1.233s] writing manifest file 'cpp_server_client.egg-info/SOURCES.txt'
[1.334s] [100%] Built target ament_cmake_python_build_cpp_server_client_egg
[1.384s] Invoked command in '/home/osawakousei/ros2_ws/src/cpp_server_client/build/cpp_server_client' returned '0': CMAKE_PREFIX_PATH=${CMAKE_PREFIX_PATH}:/opt/ros/humble /usr/bin/cmake --build /home/osawakousei/ros2_ws/src/cpp_server_client/build/cpp_server_client -- -j8 -l8
[2.093s] Invoking command in '/home/osawakousei/ros2_ws/src/cpp_server_client/build/cpp_server_client': CMAKE_PREFIX_PATH=${CMAKE_PREFIX_PATH}:/opt/ros/humble /usr/bin/cmake --install /home/osawakousei/ros2_ws/src/cpp_server_client/build/cpp_server_client
[2.129s] -- Install configuration: ""
[2.130s] -- Up-to-date: /home/osawakousei/ros2_ws/src/cpp_server_client/install/cpp_server_client/share/ament_index/resource_index/rosidl_interfaces/cpp_server_client
[2.130s] -- Up-to-date: /home/osawakousei/ros2_ws/src/cpp_server_client/install/cpp_server_client/include/cpp_server_client/cpp_server_client
[2.130s] -- Up-to-date: /home/osawakousei/ros2_ws/src/cpp_server_client/install/cpp_server_client/include/cpp_server_client/cpp_server_client/srv
[2.131s] -- Up-to-date: /home/osawakousei/ros2_ws/src/cpp_server_client/install/cpp_server_client/include/cpp_server_client/cpp_server_client/srv/practice_srv.h
[2.131s] -- Up-to-date: /home/osawakousei/ros2_ws/src/cpp_server_client/install/cpp_server_client/include/cpp_server_client/cpp_server_client/srv/detail
[2.132s] -- Up-to-date: /home/osawakousei/ros2_ws/src/cpp_server_client/install/cpp_server_client/include/cpp_server_client/cpp_server_client/srv/detail/practice_srv__struct.h
[2.132s] -- Up-to-date: /home/osawakousei/ros2_ws/src/cpp_server_client/install/cpp_server_client/include/cpp_server_client/cpp_server_client/srv/detail/practice_srv__functions.c
[2.132s] -- Up-to-date: /home/osawakousei/ros2_ws/src/cpp_server_client/install/cpp_server_client/include/cpp_server_client/cpp_server_client/srv/detail/practice_srv__functions.h
[2.136s] -- Up-to-date: /home/osawakousei/ros2_ws/src/cpp_server_client/install/cpp_server_client/include/cpp_server_client/cpp_server_client/srv/detail/practice_srv__type_support.h
[2.136s] -- Up-to-date: /home/osawakousei/ros2_ws/src/cpp_server_client/install/cpp_server_client/include/cpp_server_client/cpp_server_client/msg
[2.137s] -- Up-to-date: /home/osawakousei/ros2_ws/src/cpp_server_client/install/cpp_server_client/include/cpp_server_client/cpp_server_client/msg/rosidl_generator_c__visibility_control.h
[2.137s] -- Up-to-date: /home/osawakousei/ros2_ws/src/cpp_server_client/install/cpp_server_client/share/cpp_server_client/environment/library_path.sh
[2.137s] -- Up-to-date: /home/osawakousei/ros2_ws/src/cpp_server_client/install/cpp_server_client/share/cpp_server_client/environment/library_path.dsv
[2.138s] -- Up-to-date: /home/osawakousei/ros2_ws/src/cpp_server_client/install/cpp_server_client/lib/libcpp_server_client__rosidl_generator_c.so
[2.140s] -- Up-to-date: /home/osawakousei/ros2_ws/src/cpp_server_client/install/cpp_server_client/include/cpp_server_client/cpp_server_client
[2.141s] -- Up-to-date: /home/osawakousei/ros2_ws/src/cpp_server_client/install/cpp_server_client/include/cpp_server_client/cpp_server_client/srv
[2.141s] -- Up-to-date: /home/osawakousei/ros2_ws/src/cpp_server_client/install/cpp_server_client/include/cpp_server_client/cpp_server_client/srv/detail
[2.142s] -- Up-to-date: /home/osawakousei/ros2_ws/src/cpp_server_client/install/cpp_server_client/include/cpp_server_client/cpp_server_client/srv/detail/practice_srv__rosidl_typesupport_fastrtps_c.h
[2.142s] -- Up-to-date: /home/osawakousei/ros2_ws/src/cpp_server_client/install/cpp_server_client/include/cpp_server_client/cpp_server_client/msg
[2.143s] -- Up-to-date: /home/osawakousei/ros2_ws/src/cpp_server_client/install/cpp_server_client/include/cpp_server_client/cpp_server_client/msg/rosidl_typesupport_fastrtps_c__visibility_control.h
[2.145s] -- Up-to-date: /home/osawakousei/ros2_ws/src/cpp_server_client/install/cpp_server_client/lib/libcpp_server_client__rosidl_typesupport_fastrtps_c.so
[2.145s] -- Up-to-date: /home/osawakousei/ros2_ws/src/cpp_server_client/install/cpp_server_client/include/cpp_server_client/cpp_server_client
[2.146s] -- Up-to-date: /home/osawakousei/ros2_ws/src/cpp_server_client/install/cpp_server_client/include/cpp_server_client/cpp_server_client/srv
[2.146s] -- Up-to-date: /home/osawakousei/ros2_ws/src/cpp_server_client/install/cpp_server_client/include/cpp_server_client/cpp_server_client/srv/detail
[2.147s] -- Up-to-date: /home/osawakousei/ros2_ws/src/cpp_server_client/install/cpp_server_client/include/cpp_server_client/cpp_server_client/srv/detail/practice_srv__traits.hpp
[2.149s] -- Up-to-date: /home/osawakousei/ros2_ws/src/cpp_server_client/install/cpp_server_client/include/cpp_server_client/cpp_server_client/srv/detail/practice_srv__struct.hpp
[2.150s] -- Up-to-date: /home/osawakousei/ros2_ws/src/cpp_server_client/install/cpp_server_client/include/cpp_server_client/cpp_server_client/srv/detail/practice_srv__builder.hpp
[2.150s] -- Up-to-date: /home/osawakousei/ros2_ws/src/cpp_server_client/install/cpp_server_client/include/cpp_server_client/cpp_server_client/srv/practice_srv.hpp
[2.151s] -- Up-to-date: /home/osawakousei/ros2_ws/src/cpp_server_client/install/cpp_server_client/include/cpp_server_client/cpp_server_client
[2.151s] -- Up-to-date: /home/osawakousei/ros2_ws/src/cpp_server_client/install/cpp_server_client/include/cpp_server_client/cpp_server_client/srv
[2.151s] -- Up-to-date: /home/osawakousei/ros2_ws/src/cpp_server_client/install/cpp_server_client/include/cpp_server_client/cpp_server_client/srv/detail
[2.151s] -- Up-to-date: /home/osawakousei/ros2_ws/src/cpp_server_client/install/cpp_server_client/include/cpp_server_client/cpp_server_client/srv/detail/practice_srv__rosidl_typesupport_fastrtps_cpp.hpp
[2.152s] -- Up-to-date: /home/osawakousei/ros2_ws/src/cpp_server_client/install/cpp_server_client/include/cpp_server_client/cpp_server_client/srv/detail/dds_fastrtps
[2.153s] -- Up-to-date: /home/osawakousei/ros2_ws/src/cpp_server_client/install/cpp_server_client/include/cpp_server_client/cpp_server_client/msg
[2.153s] -- Up-to-date: /home/osawakousei/ros2_ws/src/cpp_server_client/install/cpp_server_client/include/cpp_server_client/cpp_server_client/msg/rosidl_typesupport_fastrtps_cpp__visibility_control.h
[2.154s] -- Up-to-date: /home/osawakousei/ros2_ws/src/cpp_server_client/install/cpp_server_client/lib/libcpp_server_client__rosidl_typesupport_fastrtps_cpp.so
[2.154s] -- Up-to-date: /home/osawakousei/ros2_ws/src/cpp_server_client/install/cpp_server_client/include/cpp_server_client/cpp_server_client
[2.155s] -- Up-to-date: /home/osawakousei/ros2_ws/src/cpp_server_client/install/cpp_server_client/include/cpp_server_client/cpp_server_client/srv
[2.155s] -- Up-to-date: /home/osawakousei/ros2_ws/src/cpp_server_client/install/cpp_server_client/include/cpp_server_client/cpp_server_client/srv/detail
[2.155s] -- Up-to-date: /home/osawakousei/ros2_ws/src/cpp_server_client/install/cpp_server_client/include/cpp_server_client/cpp_server_client/srv/detail/practice_srv__type_support.c
[2.156s] -- Up-to-date: /home/osawakousei/ros2_ws/src/cpp_server_client/install/cpp_server_client/include/cpp_server_client/cpp_server_client/srv/detail/practice_srv__rosidl_typesupport_introspection_c.h
[2.157s] -- Up-to-date: /home/osawakousei/ros2_ws/src/cpp_server_client/install/cpp_server_client/include/cpp_server_client/cpp_server_client/msg
[2.157s] -- Up-to-date: /home/osawakousei/ros2_ws/src/cpp_server_client/install/cpp_server_client/include/cpp_server_client/cpp_server_client/msg/rosidl_typesupport_introspection_c__visibility_control.h
[2.157s] -- Up-to-date: /home/osawakousei/ros2_ws/src/cpp_server_client/install/cpp_server_client/lib/libcpp_server_client__rosidl_typesupport_introspection_c.so
[2.157s] -- Up-to-date: /home/osawakousei/ros2_ws/src/cpp_server_client/install/cpp_server_client/lib/libcpp_server_client__rosidl_typesupport_c.so
[2.158s] -- Up-to-date: /home/osawakousei/ros2_ws/src/cpp_server_client/install/cpp_server_client/include/cpp_server_client/cpp_server_client
[2.158s] -- Up-to-date: /home/osawakousei/ros2_ws/src/cpp_server_client/install/cpp_server_client/include/cpp_server_client/cpp_server_client/srv
[2.159s] -- Up-to-date: /home/osawakousei/ros2_ws/src/cpp_server_client/install/cpp_server_client/include/cpp_server_client/cpp_server_client/srv/detail
[2.159s] -- Up-to-date: /home/osawakousei/ros2_ws/src/cpp_server_client/install/cpp_server_client/include/cpp_server_client/cpp_server_client/srv/detail/practice_srv__rosidl_typesupport_introspection_cpp.hpp
[2.160s] -- Up-to-date: /home/osawakousei/ros2_ws/src/cpp_server_client/install/cpp_server_client/include/cpp_server_client/cpp_server_client/srv/detail/practice_srv__type_support.cpp
[2.161s] -- Up-to-date: /home/osawakousei/ros2_ws/src/cpp_server_client/install/cpp_server_client/lib/libcpp_server_client__rosidl_typesupport_introspection_cpp.so
[2.161s] -- Up-to-date: /home/osawakousei/ros2_ws/src/cpp_server_client/install/cpp_server_client/lib/libcpp_server_client__rosidl_typesupport_cpp.so
[2.162s] -- Up-to-date: /home/osawakousei/ros2_ws/src/cpp_server_client/install/cpp_server_client/share/cpp_server_client/environment/pythonpath.sh
[2.163s] -- Up-to-date: /home/osawakousei/ros2_ws/src/cpp_server_client/install/cpp_server_client/share/cpp_server_client/environment/pythonpath.dsv
[2.164s] -- Up-to-date: /home/osawakousei/ros2_ws/src/cpp_server_client/install/cpp_server_client/local/lib/python3.10/dist-packages/cpp_server_client-0.0.0-py3.10.egg-info
[2.165s] -- Installing: /home/osawakousei/ros2_ws/src/cpp_server_client/install/cpp_server_client/local/lib/python3.10/dist-packages/cpp_server_client-0.0.0-py3.10.egg-info/top_level.txt
[2.166s] -- Installing: /home/osawakousei/ros2_ws/src/cpp_server_client/install/cpp_server_client/local/lib/python3.10/dist-packages/cpp_server_client-0.0.0-py3.10.egg-info/SOURCES.txt
[2.166s] -- Installing: /home/osawakousei/ros2_ws/src/cpp_server_client/install/cpp_server_client/local/lib/python3.10/dist-packages/cpp_server_client-0.0.0-py3.10.egg-info/dependency_links.txt
[2.167s] -- Installing: /home/osawakousei/ros2_ws/src/cpp_server_client/install/cpp_server_client/local/lib/python3.10/dist-packages/cpp_server_client-0.0.0-py3.10.egg-info/PKG-INFO
[2.167s] -- Up-to-date: /home/osawakousei/ros2_ws/src/cpp_server_client/install/cpp_server_client/local/lib/python3.10/dist-packages/cpp_server_client
[2.167s] -- Up-to-date: /home/osawakousei/ros2_ws/src/cpp_server_client/install/cpp_server_client/local/lib/python3.10/dist-packages/cpp_server_client/cpp_server_client_s__rosidl_typesupport_c.cpython-310-x86_64-linux-gnu.so
[2.167s] -- Up-to-date: /home/osawakousei/ros2_ws/src/cpp_server_client/install/cpp_server_client/local/lib/python3.10/dist-packages/cpp_server_client/_cpp_server_client_s.ep.rosidl_typesupport_c.c
[2.168s] -- Up-to-date: /home/osawakousei/ros2_ws/src/cpp_server_client/install/cpp_server_client/local/lib/python3.10/dist-packages/cpp_server_client/srv
[2.168s] -- Up-to-date: /home/osawakousei/ros2_ws/src/cpp_server_client/install/cpp_server_client/local/lib/python3.10/dist-packages/cpp_server_client/srv/_practice_srv.py
[2.168s] -- Up-to-date: /home/osawakousei/ros2_ws/src/cpp_server_client/install/cpp_server_client/local/lib/python3.10/dist-packages/cpp_server_client/srv/__init__.py
[2.169s] -- Up-to-date: /home/osawakousei/ros2_ws/src/cpp_server_client/install/cpp_server_client/local/lib/python3.10/dist-packages/cpp_server_client/srv/_practice_srv_s.c
[2.169s] -- Up-to-date: /home/osawakousei/ros2_ws/src/cpp_server_client/install/cpp_server_client/local/lib/python3.10/dist-packages/cpp_server_client/libcpp_server_client__rosidl_generator_py.so
[2.169s] -- Up-to-date: /home/osawakousei/ros2_ws/src/cpp_server_client/install/cpp_server_client/local/lib/python3.10/dist-packages/cpp_server_client/cpp_server_client_s__rosidl_typesupport_fastrtps_c.cpython-310-x86_64-linux-gnu.so
[2.170s] -- Up-to-date: /home/osawakousei/ros2_ws/src/cpp_server_client/install/cpp_server_client/local/lib/python3.10/dist-packages/cpp_server_client/cpp_server_client_s__rosidl_typesupport_introspection_c.cpython-310-x86_64-linux-gnu.so
[2.170s] -- Up-to-date: /home/osawakousei/ros2_ws/src/cpp_server_client/install/cpp_server_client/local/lib/python3.10/dist-packages/cpp_server_client/__init__.py
[2.170s] -- Up-to-date: /home/osawakousei/ros2_ws/src/cpp_server_client/install/cpp_server_client/local/lib/python3.10/dist-packages/cpp_server_client/_cpp_server_client_s.ep.rosidl_typesupport_introspection_c.c
[2.171s] -- Up-to-date: /home/osawakousei/ros2_ws/src/cpp_server_client/install/cpp_server_client/local/lib/python3.10/dist-packages/cpp_server_client/_cpp_server_client_s.ep.rosidl_typesupport_fastrtps_c.c
[2.280s] Listing '/home/osawakousei/ros2_ws/src/cpp_server_client/install/cpp_server_client/local/lib/python3.10/dist-packages/cpp_server_client'...
[2.281s] Listing '/home/osawakousei/ros2_ws/src/cpp_server_client/install/cpp_server_client/local/lib/python3.10/dist-packages/cpp_server_client/srv'...
[2.291s] -- Up-to-date: /home/osawakousei/ros2_ws/src/cpp_server_client/install/cpp_server_client/local/lib/python3.10/dist-packages/cpp_server_client/cpp_server_client_s__rosidl_typesupport_fastrtps_c.cpython-310-x86_64-linux-gnu.so
[2.293s] -- Up-to-date: /home/osawakousei/ros2_ws/src/cpp_server_client/install/cpp_server_client/local/lib/python3.10/dist-packages/cpp_server_client/cpp_server_client_s__rosidl_typesupport_introspection_c.cpython-310-x86_64-linux-gnu.so
[2.295s] -- Up-to-date: /home/osawakousei/ros2_ws/src/cpp_server_client/install/cpp_server_client/local/lib/python3.10/dist-packages/cpp_server_client/cpp_server_client_s__rosidl_typesupport_c.cpython-310-x86_64-linux-gnu.so
[2.296s] -- Up-to-date: /home/osawakousei/ros2_ws/src/cpp_server_client/install/cpp_server_client/lib/libcpp_server_client__rosidl_generator_py.so
[2.298s] -- Up-to-date: /home/osawakousei/ros2_ws/src/cpp_server_client/install/cpp_server_client/share/cpp_server_client/srv/PracticeSrv.idl
[2.298s] -- Up-to-date: /home/osawakousei/ros2_ws/src/cpp_server_client/install/cpp_server_client/share/cpp_server_client/srv/PracticeSrv.srv
[2.300s] -- Up-to-date: /home/osawakousei/ros2_ws/src/cpp_server_client/install/cpp_server_client/share/cpp_server_client/srv/PracticeSrv_Request.msg
[2.300s] -- Up-to-date: /home/osawakousei/ros2_ws/src/cpp_server_client/install/cpp_server_client/share/cpp_server_client/srv/PracticeSrv_Response.msg
[2.300s] -- Up-to-date: /home/osawakousei/ros2_ws/src/cpp_server_client/install/cpp_server_client/lib/cpp_server_client/practice_server_node
[2.301s] -- Up-to-date: /home/osawakousei/ros2_ws/src/cpp_server_client/install/cpp_server_client/lib/cpp_server_client/practice_client_node
[2.303s] -- Up-to-date: /home/osawakousei/ros2_ws/src/cpp_server_client/install/cpp_server_client/share/ament_index/resource_index/package_run_dependencies/cpp_server_client
[2.303s] -- Up-to-date: /home/osawakousei/ros2_ws/src/cpp_server_client/install/cpp_server_client/share/ament_index/resource_index/parent_prefix_path/cpp_server_client
[2.304s] -- Up-to-date: /home/osawakousei/ros2_ws/src/cpp_server_client/install/cpp_server_client/share/cpp_server_client/environment/ament_prefix_path.sh
[2.305s] -- Up-to-date: /home/osawakousei/ros2_ws/src/cpp_server_client/install/cpp_server_client/share/cpp_server_client/environment/ament_prefix_path.dsv
[2.305s] -- Up-to-date: /home/osawakousei/ros2_ws/src/cpp_server_client/install/cpp_server_client/share/cpp_server_client/environment/path.sh
[2.306s] -- Up-to-date: /home/osawakousei/ros2_ws/src/cpp_server_client/install/cpp_server_client/share/cpp_server_client/environment/path.dsv
[2.308s] -- Up-to-date: /home/osawakousei/ros2_ws/src/cpp_server_client/install/cpp_server_client/share/cpp_server_client/local_setup.bash
[2.308s] -- Up-to-date: /home/osawakousei/ros2_ws/src/cpp_server_client/install/cpp_server_client/share/cpp_server_client/local_setup.sh
[2.309s] -- Up-to-date: /home/osawakousei/ros2_ws/src/cpp_server_client/install/cpp_server_client/share/cpp_server_client/local_setup.zsh
[2.309s] -- Up-to-date: /home/osawakousei/ros2_ws/src/cpp_server_client/install/cpp_server_client/share/cpp_server_client/local_setup.dsv
[2.310s] -- Installing: /home/osawakousei/ros2_ws/src/cpp_server_client/install/cpp_server_client/share/cpp_server_client/package.dsv
[2.311s] -- Up-to-date: /home/osawakousei/ros2_ws/src/cpp_server_client/install/cpp_server_client/share/ament_index/resource_index/packages/cpp_server_client
[2.312s] -- Up-to-date: /home/osawakousei/ros2_ws/src/cpp_server_client/install/cpp_server_client/share/cpp_server_client/cmake/export_cpp_server_client__rosidl_generator_cExport.cmake
[2.313s] -- Up-to-date: /home/osawakousei/ros2_ws/src/cpp_server_client/install/cpp_server_client/share/cpp_server_client/cmake/export_cpp_server_client__rosidl_generator_cExport-noconfig.cmake
[2.313s] -- Up-to-date: /home/osawakousei/ros2_ws/src/cpp_server_client/install/cpp_server_client/share/cpp_server_client/cmake/export_cpp_server_client__rosidl_typesupport_fastrtps_cExport.cmake
[2.314s] -- Up-to-date: /home/osawakousei/ros2_ws/src/cpp_server_client/install/cpp_server_client/share/cpp_server_client/cmake/export_cpp_server_client__rosidl_typesupport_fastrtps_cExport-noconfig.cmake
[2.315s] -- Up-to-date: /home/osawakousei/ros2_ws/src/cpp_server_client/install/cpp_server_client/share/cpp_server_client/cmake/export_cpp_server_client__rosidl_generator_cppExport.cmake
[2.316s] -- Up-to-date: /home/osawakousei/ros2_ws/src/cpp_server_client/install/cpp_server_client/share/cpp_server_client/cmake/export_cpp_server_client__rosidl_typesupport_fastrtps_cppExport.cmake
[2.316s] -- Up-to-date: /home/osawakousei/ros2_ws/src/cpp_server_client/install/cpp_server_client/share/cpp_server_client/cmake/export_cpp_server_client__rosidl_typesupport_fastrtps_cppExport-noconfig.cmake
[2.316s] -- Up-to-date: /home/osawakousei/ros2_ws/src/cpp_server_client/install/cpp_server_client/share/cpp_server_client/cmake/cpp_server_client__rosidl_typesupport_introspection_cExport.cmake
[2.317s] -- Up-to-date: /home/osawakousei/ros2_ws/src/cpp_server_client/install/cpp_server_client/share/cpp_server_client/cmake/cpp_server_client__rosidl_typesupport_introspection_cExport-noconfig.cmake
[2.317s] -- Up-to-date: /home/osawakousei/ros2_ws/src/cpp_server_client/install/cpp_server_client/share/cpp_server_client/cmake/cpp_server_client__rosidl_typesupport_cExport.cmake
[2.317s] -- Up-to-date: /home/osawakousei/ros2_ws/src/cpp_server_client/install/cpp_server_client/share/cpp_server_client/cmake/cpp_server_client__rosidl_typesupport_cExport-noconfig.cmake
[2.318s] -- Up-to-date: /home/osawakousei/ros2_ws/src/cpp_server_client/install/cpp_server_client/share/cpp_server_client/cmake/cpp_server_client__rosidl_typesupport_introspection_cppExport.cmake
[2.318s] -- Up-to-date: /home/osawakousei/ros2_ws/src/cpp_server_client/install/cpp_server_client/share/cpp_server_client/cmake/cpp_server_client__rosidl_typesupport_introspection_cppExport-noconfig.cmake
[2.319s] -- Up-to-date: /home/osawakousei/ros2_ws/src/cpp_server_client/install/cpp_server_client/share/cpp_server_client/cmake/cpp_server_client__rosidl_typesupport_cppExport.cmake
[2.319s] -- Up-to-date: /home/osawakousei/ros2_ws/src/cpp_server_client/install/cpp_server_client/share/cpp_server_client/cmake/cpp_server_client__rosidl_typesupport_cppExport-noconfig.cmake
[2.319s] -- Up-to-date: /home/osawakousei/ros2_ws/src/cpp_server_client/install/cpp_server_client/share/cpp_server_client/cmake/export_cpp_server_client__rosidl_generator_pyExport.cmake
[2.319s] -- Up-to-date: /home/osawakousei/ros2_ws/src/cpp_server_client/install/cpp_server_client/share/cpp_server_client/cmake/export_cpp_server_client__rosidl_generator_pyExport-noconfig.cmake
[2.320s] -- Up-to-date: /home/osawakousei/ros2_ws/src/cpp_server_client/install/cpp_server_client/share/cpp_server_client/cmake/rosidl_cmake-extras.cmake
[2.320s] -- Up-to-date: /home/osawakousei/ros2_ws/src/cpp_server_client/install/cpp_server_client/share/cpp_server_client/cmake/ament_cmake_export_include_directories-extras.cmake
[2.320s] -- Up-to-date: /home/osawakousei/ros2_ws/src/cpp_server_client/install/cpp_server_client/share/cpp_server_client/cmake/ament_cmake_export_libraries-extras.cmake
[2.321s] -- Up-to-date: /home/osawakousei/ros2_ws/src/cpp_server_client/install/cpp_server_client/share/cpp_server_client/cmake/ament_cmake_export_targets-extras.cmake
[2.321s] -- Up-to-date: /home/osawakousei/ros2_ws/src/cpp_server_client/install/cpp_server_client/share/cpp_server_client/cmake/rosidl_cmake_export_typesupport_targets-extras.cmake
[2.323s] -- Up-to-date: /home/osawakousei/ros2_ws/src/cpp_server_client/install/cpp_server_client/share/cpp_server_client/cmake/ament_cmake_export_dependencies-extras.cmake
[2.323s] -- Up-to-date: /home/osawakousei/ros2_ws/src/cpp_server_client/install/cpp_server_client/share/cpp_server_client/cmake/rosidl_cmake_export_typesupport_libraries-extras.cmake
[2.327s] -- Up-to-date: /home/osawakousei/ros2_ws/src/cpp_server_client/install/cpp_server_client/share/cpp_server_client/cmake/cpp_server_clientConfig.cmake
[2.327s] -- Up-to-date: /home/osawakousei/ros2_ws/src/cpp_server_client/install/cpp_server_client/share/cpp_server_client/cmake/cpp_server_clientConfig-version.cmake
[2.328s] -- Up-to-date: /home/osawakousei/ros2_ws/src/cpp_server_client/install/cpp_server_client/share/cpp_server_client/package.xml
[2.328s] Invoked command in '/home/osawakousei/ros2_ws/src/cpp_server_client/build/cpp_server_client' returned '0': CMAKE_PREFIX_PATH=${CMAKE_PREFIX_PATH}:/opt/ros/humble /usr/bin/cmake --install /home/osawakousei/ros2_ws/src/cpp_server_client/build/cpp_server_client
