[1.787s] Invoking command in '/home/osawakousei/ros2_ws/build/custom_message_unity': CMAKE_PREFIX_PATH=${CMAKE_PREFIX_PATH}:/opt/ros/humble /usr/bin/cmake --build /home/osawakousei/ros2_ws/build/custom_message_unity -- -j12 -l12
[2.019s] -- Found ament_cmake: 1.3.5 (/opt/ros/humble/share/ament_cmake/cmake)
[2.972s] -- Found ament_cmake_auto: 1.3.5 (/opt/ros/humble/share/ament_cmake_auto/cmake)
[3.000s] -- Found rosidl_default_generators: 1.2.0 (/home/osawakousei/ros2_ws/install/rosidl_default_generators/share/rosidl_default_generators/cmake)
[3.019s] -- Using all available rosidl_typesupport_c: rosidl_typesupport_fastrtps_c;rosidl_typesupport_introspection_c
[3.031s] -- Found rosidl_adapter: 3.1.5 (/opt/ros/humble/share/rosidl_adapter/cmake)
[3.169s] -- Using all available rosidl_typesupport_cpp: rosidl_typesupport_fastrtps_cpp;rosidl_typesupport_introspection_cpp
[3.310s] -- Found rmw_implementation_cmake: 6.1.1 (/opt/ros/humble/share/rmw_implementation_cmake/cmake)
[3.311s] -- Found ament_lint_auto: 0.12.8 (/opt/ros/humble/share/ament_lint_auto/cmake)
[4.255s] -- Found ament_cmake_ros: 0.10.0 (/opt/ros/humble/share/ament_cmake_ros/cmake)
[4.920s] -- Using all available rosidl_typesupport_c: rosidl_typesupport_fastrtps_c;rosidl_typesupport_introspection_c
[5.815s] -- Using all available rosidl_typesupport_cpp: rosidl_typesupport_fastrtps_cpp;rosidl_typesupport_introspection_cpp
[5.822s] -- Found ament_cmake_export_assemblies: 0.0.0 (/home/osawakousei/ros2_ws/install/ament_cmake_export_assemblies/share/ament_cmake_export_assemblies/cmake)
[5.823s] -- Found dotnet_cmake_module: 0.0.0 (/home/osawakousei/ros2_ws/install/dotnet_cmake_module/share/dotnet_cmake_module/cmake)
[6.654s] -- Found .NET Core: 6.0.122
[6.655s] -- Using Framework: netstandard2.0
[6.655s] -- Using Framework: netstandard2.0
[6.655s] -- Using Runtime: linux-x64
[6.656s] -- Found ros2cs_common: 2.0.0 (/home/osawakousei/ros2_ws/install/ros2cs_common/share/ros2cs_common/cmake)
[7.121s] -- Generating C# code for ROS interfaces /home/osawakousei/ros2_ws/build/custom_message_unity/rosidl_generator_cs/custom_message_unity/msg/custom_unity.cs and 
[7.123s] -- Adding custom target
[7.124s] [0mLink libraries: custom_message_unity__rosidl_typesupport_c[0m
[7.134s] [0mLink libraries: custom_message_unity__rosidl_typesupport_introspection_c[0m
[7.141s] [0mLink libraries: custom_message_unity__rosidl_typesupport_fastrtps_c[0m
[7.152s] [0mInstall targets[0m
[7.235s] -- Found python_cmake_module: 0.10.0 (/opt/ros/humble/share/python_cmake_module/cmake)
[7.320s] -- Using PYTHON_EXECUTABLE: /usr/bin/python3
[7.321s] -- Using PYTHON_INCLUDE_DIRS: /usr/include/python3.10
[7.322s] -- Using PYTHON_LIBRARIES: /usr/lib/x86_64-linux-gnu/libpython3.10.so
[7.612s] -- Added test 'cppcheck' to perform static code analysis on C / C++ code
[7.616s] -- Configured cppcheck include dirs: 
[7.617s] -- Configured cppcheck exclude dirs and/or files: 
[7.640s] -- Added test 'flake8' to check Python code syntax and style conventions
[7.691s] -- Added test 'lint_cmake' to check CMake code style
[7.718s] -- Added test 'pep257' to check Python code against some of the docstring style conventions in PEP 257
[7.907s] -- Added test 'uncrustify' to check C / C++ code style
[7.907s] -- Configured uncrustify additional arguments: 
[7.932s] -- Added test 'xmllint' to check XML markup files
[7.973s] -- Configuring done
[8.407s] -- Generating done
[8.467s] -- Build files have been written to: /home/osawakousei/ros2_ws/build/custom_message_unity
[8.604s] [35m[1mConsolidate compiler generated dependencies of target custom_message_unity__rosidl_generator_c[0m
[8.664s] [  2%] Built target custom_message_unity__cpp
[8.679s] [  8%] Built target custom_message_unity__rosidl_generator_c
[8.679s] [ 10%] Built target custom_message_unity__cs
[8.750s] [35m[1mConsolidate compiler generated dependencies of target custom_message_unity__rosidl_typesupport_fastrtps_cpp[0m
[8.750s] [35m[1mConsolidate compiler generated dependencies of target custom_message_unity__rosidl_typesupport_introspection_cpp[0m
[8.755s] [35m[1mConsolidate compiler generated dependencies of target custom_message_unity__rosidl_typesupport_cpp[0m
[8.771s] [35m[1mConsolidate compiler generated dependencies of target custom_message_unity__rosidl_typesupport_fastrtps_c[0m
[8.771s] [35m[1mConsolidate compiler generated dependencies of target custom_message_unity__rosidl_typesupport_introspection_c[0m
[8.772s] [35m[1mConsolidate compiler generated dependencies of target custom_message_unity__rosidl_typesupport_c[0m
[8.773s] [ 10%] Built target ament_cmake_python_copy_custom_message_unity
[8.834s] [ 17%] Built target custom_message_unity__rosidl_typesupport_fastrtps_cpp
[8.835s] [ 23%] Built target custom_message_unity__rosidl_typesupport_introspection_cpp
[8.840s] [ 30%] Built target custom_message_unity__rosidl_typesupport_cpp
[8.841s] [ 32%] [34m[1m/usr/bin/cmake;-version;/usr/bin/dotnet restore custom_message_unity_assembly_dotnetcore.csproj;          /usr/bin/dotnet build custom_message_unity_assembly_dotnetcore.csproj -> /home/osawakousei/ros2_ws/build/custom_message_unity/custom_message_unity_assembly[0m
[8.843s] [ 39%] Built target custom_message_unity__rosidl_typesupport_fastrtps_c
[8.858s] [ 45%] Built target custom_message_unity__rosidl_typesupport_introspection_c
[8.859s] [ 52%] Built target custom_message_unity__rosidl_typesupport_c
[8.918s] [35m[1mConsolidate compiler generated dependencies of target custom_message_unity_custom_unity__rosidl_typesupport_c[0m
[8.918s] [35m[1mConsolidate compiler generated dependencies of target custom_message_unity_custom_unity__rosidl_typesupport_introspection_c[0m
[8.921s] [35m[1mConsolidate compiler generated dependencies of target custom_message_unity_custom_unity__rosidl_typesupport_fastrtps_c[0m
[8.963s] [ 52%] Built target custom_message_unity
[8.966s] [ 60%] Built target custom_message_unity_custom_unity__rosidl_typesupport_c
[8.967s] [ 69%] Built target custom_message_unity_custom_unity__rosidl_typesupport_fastrtps_c
[8.979s] [ 78%] Built target custom_message_unity_custom_unity__rosidl_typesupport_introspection_c
[9.006s] cmake version 3.22.1
[9.007s] 
[9.007s] CMake suite maintained and supported by Kitware (kitware.com/cmake).
[9.062s] [ 80%] Built target custom_message_unity__py
[9.122s] [35m[1mConsolidate compiler generated dependencies of target custom_message_unity__rosidl_generator_py[0m
[9.190s] [ 84%] Built target custom_message_unity__rosidl_generator_py
[9.267s] [35m[1mConsolidate compiler generated dependencies of target custom_message_unity__rosidl_typesupport_fastrtps_c__pyext[0m
[9.281s] [35m[1mConsolidate compiler generated dependencies of target custom_message_unity__rosidl_typesupport_c__pyext[0m
[9.281s] [35m[1mConsolidate compiler generated dependencies of target custom_message_unity__rosidl_typesupport_introspection_c__pyext[0m
[9.353s] [ 89%] Built target custom_message_unity__rosidl_typesupport_introspection_c__pyext
[9.353s] [ 93%] Built target custom_message_unity__rosidl_typesupport_fastrtps_c__pyext
[9.378s] [ 97%] Built target custom_message_unity__rosidl_typesupport_c__pyext
[9.697s] running egg_info
[9.698s] writing custom_message_unity.egg-info/PKG-INFO
[9.708s] writing dependency_links to custom_message_unity.egg-info/dependency_links.txt
[9.708s] writing top-level names to custom_message_unity.egg-info/top_level.txt
[9.710s] reading manifest file 'custom_message_unity.egg-info/SOURCES.txt'
[9.714s] writing manifest file 'custom_message_unity.egg-info/SOURCES.txt'
[9.825s] [ 97%] Built target ament_cmake_python_build_custom_message_unity_egg
[11.620s] [?1h=  Determining projects to restore...
[12.071s]   All projects are up-to-date for restore.
[13.058s] [?1h=.NET 向け Microsoft (R) Build Engine バージョン 17.0.1+b177f8fa7
[13.058s] Copyright (C) Microsoft Corporation.All rights reserved.
[13.059s] 
[14.917s]   Determining projects to restore...
[15.446s]   All projects are up-to-date for restore.
[16.240s]   custom_message_unity_assembly_dotnetcore -> /home/osawakousei/ros2_ws/build/custom_message_unity/netstandard2.0/custom_message_unity_assembly.dll
[16.267s] [39;49m[92m
[16.268s] ビルドに成功しました。
[16.268s] [39;49m    0 個の警告
[16.269s] [39;49m    0 エラー
[16.269s] [39;49m
[16.269s] 経過時間 00:00:02.61
[16.368s] [100%] Built target custom_message_unity_assembly
[16.414s] Invoked command in '/home/osawakousei/ros2_ws/build/custom_message_unity' returned '0': CMAKE_PREFIX_PATH=${CMAKE_PREFIX_PATH}:/opt/ros/humble /usr/bin/cmake --build /home/osawakousei/ros2_ws/build/custom_message_unity -- -j12 -l12
[17.113s] Invoking command in '/home/osawakousei/ros2_ws/build/custom_message_unity': CMAKE_PREFIX_PATH=${CMAKE_PREFIX_PATH}:/opt/ros/humble /usr/bin/cmake --install /home/osawakousei/ros2_ws/build/custom_message_unity
[17.148s] -- Install configuration: ""
[17.152s] -- Up-to-date: /home/osawakousei/ros2_ws/install/custom_message_unity/share/ament_index/resource_index/rosidl_interfaces/custom_message_unity
[17.155s] -- Up-to-date: /home/osawakousei/ros2_ws/install/custom_message_unity/include/custom_message_unity/custom_message_unity
[17.158s] -- Up-to-date: /home/osawakousei/ros2_ws/install/custom_message_unity/include/custom_message_unity/custom_message_unity/msg
[17.159s] -- Up-to-date: /home/osawakousei/ros2_ws/install/custom_message_unity/include/custom_message_unity/custom_message_unity/msg/rosidl_generator_c__visibility_control.h
[17.159s] -- Up-to-date: /home/osawakousei/ros2_ws/install/custom_message_unity/include/custom_message_unity/custom_message_unity/msg/detail
[17.161s] -- Up-to-date: /home/osawakousei/ros2_ws/install/custom_message_unity/include/custom_message_unity/custom_message_unity/msg/detail/custom_unity__struct.h
[17.162s] -- Up-to-date: /home/osawakousei/ros2_ws/install/custom_message_unity/include/custom_message_unity/custom_message_unity/msg/detail/custom_unity__type_support.h
[17.162s] -- Up-to-date: /home/osawakousei/ros2_ws/install/custom_message_unity/include/custom_message_unity/custom_message_unity/msg/detail/custom_unity__functions.c
[17.163s] -- Up-to-date: /home/osawakousei/ros2_ws/install/custom_message_unity/include/custom_message_unity/custom_message_unity/msg/detail/custom_unity__functions.h
[17.164s] -- Up-to-date: /home/osawakousei/ros2_ws/install/custom_message_unity/include/custom_message_unity/custom_message_unity/msg/custom_unity.h
[17.164s] -- Up-to-date: /home/osawakousei/ros2_ws/install/custom_message_unity/share/custom_message_unity/environment/library_path.sh
[17.164s] -- Installing: /home/osawakousei/ros2_ws/install/custom_message_unity/share/custom_message_unity/environment/library_path.dsv
[17.167s] -- Up-to-date: /home/osawakousei/ros2_ws/install/custom_message_unity/lib/libcustom_message_unity__rosidl_generator_c.so
[17.169s] -- Up-to-date: /home/osawakousei/ros2_ws/install/custom_message_unity/include/custom_message_unity/custom_message_unity
[17.169s] -- Up-to-date: /home/osawakousei/ros2_ws/install/custom_message_unity/include/custom_message_unity/custom_message_unity/msg
[17.169s] -- Up-to-date: /home/osawakousei/ros2_ws/install/custom_message_unity/include/custom_message_unity/custom_message_unity/msg/detail
[17.169s] -- Up-to-date: /home/osawakousei/ros2_ws/install/custom_message_unity/include/custom_message_unity/custom_message_unity/msg/detail/custom_unity__rosidl_typesupport_fastrtps_c.h
[17.170s] -- Up-to-date: /home/osawakousei/ros2_ws/install/custom_message_unity/include/custom_message_unity/custom_message_unity/msg/rosidl_typesupport_fastrtps_c__visibility_control.h
[17.174s] -- Up-to-date: /home/osawakousei/ros2_ws/install/custom_message_unity/lib/libcustom_message_unity__rosidl_typesupport_fastrtps_c.so
[17.175s] -- Up-to-date: /home/osawakousei/ros2_ws/install/custom_message_unity/include/custom_message_unity/custom_message_unity
[17.176s] -- Up-to-date: /home/osawakousei/ros2_ws/install/custom_message_unity/include/custom_message_unity/custom_message_unity/msg
[17.177s] -- Up-to-date: /home/osawakousei/ros2_ws/install/custom_message_unity/include/custom_message_unity/custom_message_unity/msg/rosidl_typesupport_introspection_c__visibility_control.h
[17.177s] -- Up-to-date: /home/osawakousei/ros2_ws/install/custom_message_unity/include/custom_message_unity/custom_message_unity/msg/detail
[17.178s] -- Up-to-date: /home/osawakousei/ros2_ws/install/custom_message_unity/include/custom_message_unity/custom_message_unity/msg/detail/custom_unity__rosidl_typesupport_introspection_c.h
[17.178s] -- Up-to-date: /home/osawakousei/ros2_ws/install/custom_message_unity/include/custom_message_unity/custom_message_unity/msg/detail/custom_unity__type_support.c
[17.181s] -- Up-to-date: /home/osawakousei/ros2_ws/install/custom_message_unity/lib/libcustom_message_unity__rosidl_typesupport_introspection_c.so
[17.184s] -- Up-to-date: /home/osawakousei/ros2_ws/install/custom_message_unity/lib/libcustom_message_unity__rosidl_typesupport_c.so
[17.185s] -- Up-to-date: /home/osawakousei/ros2_ws/install/custom_message_unity/include/custom_message_unity/custom_message_unity
[17.186s] -- Up-to-date: /home/osawakousei/ros2_ws/install/custom_message_unity/include/custom_message_unity/custom_message_unity/msg
[17.187s] -- Up-to-date: /home/osawakousei/ros2_ws/install/custom_message_unity/include/custom_message_unity/custom_message_unity/msg/custom_unity.hpp
[17.187s] -- Up-to-date: /home/osawakousei/ros2_ws/install/custom_message_unity/include/custom_message_unity/custom_message_unity/msg/detail
[17.188s] -- Up-to-date: /home/osawakousei/ros2_ws/install/custom_message_unity/include/custom_message_unity/custom_message_unity/msg/detail/custom_unity__builder.hpp
[17.188s] -- Up-to-date: /home/osawakousei/ros2_ws/install/custom_message_unity/include/custom_message_unity/custom_message_unity/msg/detail/custom_unity__struct.hpp
[17.189s] -- Up-to-date: /home/osawakousei/ros2_ws/install/custom_message_unity/include/custom_message_unity/custom_message_unity/msg/detail/custom_unity__traits.hpp
[17.189s] -- Up-to-date: /home/osawakousei/ros2_ws/install/custom_message_unity/include/custom_message_unity/custom_message_unity
[17.190s] -- Up-to-date: /home/osawakousei/ros2_ws/install/custom_message_unity/include/custom_message_unity/custom_message_unity/msg
[17.190s] -- Up-to-date: /home/osawakousei/ros2_ws/install/custom_message_unity/include/custom_message_unity/custom_message_unity/msg/rosidl_typesupport_fastrtps_cpp__visibility_control.h
[17.190s] -- Up-to-date: /home/osawakousei/ros2_ws/install/custom_message_unity/include/custom_message_unity/custom_message_unity/msg/detail
[17.190s] -- Up-to-date: /home/osawakousei/ros2_ws/install/custom_message_unity/include/custom_message_unity/custom_message_unity/msg/detail/custom_unity__rosidl_typesupport_fastrtps_cpp.hpp
[17.190s] -- Up-to-date: /home/osawakousei/ros2_ws/install/custom_message_unity/include/custom_message_unity/custom_message_unity/msg/detail/dds_fastrtps
[17.192s] -- Up-to-date: /home/osawakousei/ros2_ws/install/custom_message_unity/lib/libcustom_message_unity__rosidl_typesupport_fastrtps_cpp.so
[17.194s] -- Up-to-date: /home/osawakousei/ros2_ws/install/custom_message_unity/include/custom_message_unity/custom_message_unity
[17.195s] -- Up-to-date: /home/osawakousei/ros2_ws/install/custom_message_unity/include/custom_message_unity/custom_message_unity/msg
[17.195s] -- Up-to-date: /home/osawakousei/ros2_ws/install/custom_message_unity/include/custom_message_unity/custom_message_unity/msg/detail
[17.195s] -- Up-to-date: /home/osawakousei/ros2_ws/install/custom_message_unity/include/custom_message_unity/custom_message_unity/msg/detail/custom_unity__rosidl_typesupport_introspection_cpp.hpp
[17.195s] -- Up-to-date: /home/osawakousei/ros2_ws/install/custom_message_unity/include/custom_message_unity/custom_message_unity/msg/detail/custom_unity__type_support.cpp
[17.199s] -- Up-to-date: /home/osawakousei/ros2_ws/install/custom_message_unity/lib/libcustom_message_unity__rosidl_typesupport_introspection_cpp.so
[17.204s] -- Up-to-date: /home/osawakousei/ros2_ws/install/custom_message_unity/lib/libcustom_message_unity__rosidl_typesupport_cpp.so
[17.207s] -- Up-to-date: /home/osawakousei/ros2_ws/install/custom_message_unity/lib/libcustom_message_unity_custom_unity__rosidl_typesupport_c_native.so
[17.212s] -- Up-to-date: /home/osawakousei/ros2_ws/install/custom_message_unity/lib/libcustom_message_unity_custom_unity__rosidl_typesupport_introspection_c_native.so
[17.217s] -- Up-to-date: /home/osawakousei/ros2_ws/install/custom_message_unity/lib/libcustom_message_unity_custom_unity__rosidl_typesupport_fastrtps_c_native.so
[17.218s] -- Up-to-date: /home/osawakousei/ros2_ws/install/custom_message_unity/lib/dotnet
[17.221s] -- Up-to-date: /home/osawakousei/ros2_ws/install/custom_message_unity/lib/dotnet/custom_message_unity_assembly.dll
[17.221s] -- Up-to-date: /home/osawakousei/ros2_ws/install/custom_message_unity/lib/dotnet/ros2cs_common.dll
[17.221s] -- Up-to-date: /home/osawakousei/ros2_ws/install/custom_message_unity/lib/dotnet/custom_message_unity_assembly.deps.json
[17.221s] -- Up-to-date: /home/osawakousei/ros2_ws/install/custom_message_unity/share/custom_message_unity/environment/pythonpath.sh
[17.222s] -- Installing: /home/osawakousei/ros2_ws/install/custom_message_unity/share/custom_message_unity/environment/pythonpath.dsv
[17.223s] -- Up-to-date: /home/osawakousei/ros2_ws/install/custom_message_unity/local/lib/python3.10/dist-packages/custom_message_unity-0.0.0-py3.10.egg-info
[17.223s] -- Installing: /home/osawakousei/ros2_ws/install/custom_message_unity/local/lib/python3.10/dist-packages/custom_message_unity-0.0.0-py3.10.egg-info/top_level.txt
[17.224s] -- Installing: /home/osawakousei/ros2_ws/install/custom_message_unity/local/lib/python3.10/dist-packages/custom_message_unity-0.0.0-py3.10.egg-info/SOURCES.txt
[17.224s] -- Installing: /home/osawakousei/ros2_ws/install/custom_message_unity/local/lib/python3.10/dist-packages/custom_message_unity-0.0.0-py3.10.egg-info/dependency_links.txt
[17.224s] -- Installing: /home/osawakousei/ros2_ws/install/custom_message_unity/local/lib/python3.10/dist-packages/custom_message_unity-0.0.0-py3.10.egg-info/PKG-INFO
[17.225s] -- Up-to-date: /home/osawakousei/ros2_ws/install/custom_message_unity/local/lib/python3.10/dist-packages/custom_message_unity
[17.227s] -- Up-to-date: /home/osawakousei/ros2_ws/install/custom_message_unity/local/lib/python3.10/dist-packages/custom_message_unity/_custom_message_unity_s.ep.rosidl_typesupport_fastrtps_c.c
[17.227s] -- Up-to-date: /home/osawakousei/ros2_ws/install/custom_message_unity/local/lib/python3.10/dist-packages/custom_message_unity/custom_message_unity_s__rosidl_typesupport_fastrtps_c.cpython-310-x86_64-linux-gnu.so
[17.228s] -- Up-to-date: /home/osawakousei/ros2_ws/install/custom_message_unity/local/lib/python3.10/dist-packages/custom_message_unity/custom_message_unity_s__rosidl_typesupport_introspection_c.cpython-310-x86_64-linux-gnu.so
[17.228s] -- Up-to-date: /home/osawakousei/ros2_ws/install/custom_message_unity/local/lib/python3.10/dist-packages/custom_message_unity/_custom_message_unity_s.ep.rosidl_typesupport_c.c
[17.228s] -- Up-to-date: /home/osawakousei/ros2_ws/install/custom_message_unity/local/lib/python3.10/dist-packages/custom_message_unity/_custom_message_unity_s.ep.rosidl_typesupport_introspection_c.c
[17.229s] -- Installing: /home/osawakousei/ros2_ws/install/custom_message_unity/local/lib/python3.10/dist-packages/custom_message_unity/__init__.py
[17.229s] -- Up-to-date: /home/osawakousei/ros2_ws/install/custom_message_unity/local/lib/python3.10/dist-packages/custom_message_unity/libcustom_message_unity__rosidl_generator_py.so
[17.229s] -- Up-to-date: /home/osawakousei/ros2_ws/install/custom_message_unity/local/lib/python3.10/dist-packages/custom_message_unity/msg
[17.230s] -- Up-to-date: /home/osawakousei/ros2_ws/install/custom_message_unity/local/lib/python3.10/dist-packages/custom_message_unity/msg/_custom_unity_s.c
[17.231s] -- Up-to-date: /home/osawakousei/ros2_ws/install/custom_message_unity/local/lib/python3.10/dist-packages/custom_message_unity/msg/_custom_unity.py
[17.231s] -- Up-to-date: /home/osawakousei/ros2_ws/install/custom_message_unity/local/lib/python3.10/dist-packages/custom_message_unity/msg/__init__.py
[17.231s] -- Up-to-date: /home/osawakousei/ros2_ws/install/custom_message_unity/local/lib/python3.10/dist-packages/custom_message_unity/custom_message_unity_s__rosidl_typesupport_c.cpython-310-x86_64-linux-gnu.so
[17.360s] Listing '/home/osawakousei/ros2_ws/install/custom_message_unity/local/lib/python3.10/dist-packages/custom_message_unity'...
[17.360s] Compiling '/home/osawakousei/ros2_ws/install/custom_message_unity/local/lib/python3.10/dist-packages/custom_message_unity/__init__.py'...
[17.361s] Listing '/home/osawakousei/ros2_ws/install/custom_message_unity/local/lib/python3.10/dist-packages/custom_message_unity/msg'...
[17.375s] -- Up-to-date: /home/osawakousei/ros2_ws/install/custom_message_unity/local/lib/python3.10/dist-packages/custom_message_unity/custom_message_unity_s__rosidl_typesupport_fastrtps_c.cpython-310-x86_64-linux-gnu.so
[17.379s] -- Up-to-date: /home/osawakousei/ros2_ws/install/custom_message_unity/local/lib/python3.10/dist-packages/custom_message_unity/custom_message_unity_s__rosidl_typesupport_introspection_c.cpython-310-x86_64-linux-gnu.so
[17.384s] -- Up-to-date: /home/osawakousei/ros2_ws/install/custom_message_unity/local/lib/python3.10/dist-packages/custom_message_unity/custom_message_unity_s__rosidl_typesupport_c.cpython-310-x86_64-linux-gnu.so
[17.389s] -- Up-to-date: /home/osawakousei/ros2_ws/install/custom_message_unity/lib/libcustom_message_unity__rosidl_generator_py.so
[17.392s] -- Up-to-date: /home/osawakousei/ros2_ws/install/custom_message_unity/share/custom_message_unity/msg/CustomUnity.idl
[17.393s] -- Up-to-date: /home/osawakousei/ros2_ws/install/custom_message_unity/share/custom_message_unity/msg/CustomUnity.msg
[17.394s] -- Installing: /home/osawakousei/ros2_ws/install/custom_message_unity/share/ament_index/resource_index/package_run_dependencies/custom_message_unity
[17.395s] -- Installing: /home/osawakousei/ros2_ws/install/custom_message_unity/share/ament_index/resource_index/parent_prefix_path/custom_message_unity
[17.396s] -- Up-to-date: /home/osawakousei/ros2_ws/install/custom_message_unity/share/custom_message_unity/environment/ament_prefix_path.sh
[17.396s] -- Installing: /home/osawakousei/ros2_ws/install/custom_message_unity/share/custom_message_unity/environment/ament_prefix_path.dsv
[17.397s] -- Up-to-date: /home/osawakousei/ros2_ws/install/custom_message_unity/share/custom_message_unity/environment/path.sh
[17.397s] -- Installing: /home/osawakousei/ros2_ws/install/custom_message_unity/share/custom_message_unity/environment/path.dsv
[17.398s] -- Up-to-date: /home/osawakousei/ros2_ws/install/custom_message_unity/share/custom_message_unity/local_setup.bash
[17.398s] -- Up-to-date: /home/osawakousei/ros2_ws/install/custom_message_unity/share/custom_message_unity/local_setup.sh
[17.399s] -- Up-to-date: /home/osawakousei/ros2_ws/install/custom_message_unity/share/custom_message_unity/local_setup.zsh
[17.399s] -- Installing: /home/osawakousei/ros2_ws/install/custom_message_unity/share/custom_message_unity/local_setup.dsv
[17.400s] -- Installing: /home/osawakousei/ros2_ws/install/custom_message_unity/share/custom_message_unity/package.dsv
[17.402s] -- Up-to-date: /home/osawakousei/ros2_ws/install/custom_message_unity/share/ament_index/resource_index/packages/custom_message_unity
[17.407s] -- Up-to-date: /home/osawakousei/ros2_ws/install/custom_message_unity/share/custom_message_unity/cmake/export_custom_message_unity__rosidl_generator_cExport.cmake
[17.408s] -- Up-to-date: /home/osawakousei/ros2_ws/install/custom_message_unity/share/custom_message_unity/cmake/export_custom_message_unity__rosidl_generator_cExport-noconfig.cmake
[17.410s] -- Up-to-date: /home/osawakousei/ros2_ws/install/custom_message_unity/share/custom_message_unity/cmake/export_custom_message_unity__rosidl_typesupport_fastrtps_cExport.cmake
[17.410s] -- Up-to-date: /home/osawakousei/ros2_ws/install/custom_message_unity/share/custom_message_unity/cmake/export_custom_message_unity__rosidl_typesupport_fastrtps_cExport-noconfig.cmake
[17.412s] -- Up-to-date: /home/osawakousei/ros2_ws/install/custom_message_unity/share/custom_message_unity/cmake/custom_message_unity__rosidl_typesupport_introspection_cExport.cmake
[17.412s] -- Up-to-date: /home/osawakousei/ros2_ws/install/custom_message_unity/share/custom_message_unity/cmake/custom_message_unity__rosidl_typesupport_introspection_cExport-noconfig.cmake
[17.415s] -- Up-to-date: /home/osawakousei/ros2_ws/install/custom_message_unity/share/custom_message_unity/cmake/custom_message_unity__rosidl_typesupport_cExport.cmake
[17.415s] -- Up-to-date: /home/osawakousei/ros2_ws/install/custom_message_unity/share/custom_message_unity/cmake/custom_message_unity__rosidl_typesupport_cExport-noconfig.cmake
[17.417s] -- Up-to-date: /home/osawakousei/ros2_ws/install/custom_message_unity/share/custom_message_unity/cmake/export_custom_message_unity__rosidl_generator_cppExport.cmake
[17.419s] -- Up-to-date: /home/osawakousei/ros2_ws/install/custom_message_unity/share/custom_message_unity/cmake/export_custom_message_unity__rosidl_typesupport_fastrtps_cppExport.cmake
[17.420s] -- Up-to-date: /home/osawakousei/ros2_ws/install/custom_message_unity/share/custom_message_unity/cmake/export_custom_message_unity__rosidl_typesupport_fastrtps_cppExport-noconfig.cmake
[17.421s] -- Up-to-date: /home/osawakousei/ros2_ws/install/custom_message_unity/share/custom_message_unity/cmake/custom_message_unity__rosidl_typesupport_introspection_cppExport.cmake
[17.422s] -- Up-to-date: /home/osawakousei/ros2_ws/install/custom_message_unity/share/custom_message_unity/cmake/custom_message_unity__rosidl_typesupport_introspection_cppExport-noconfig.cmake
[17.424s] -- Up-to-date: /home/osawakousei/ros2_ws/install/custom_message_unity/share/custom_message_unity/cmake/custom_message_unity__rosidl_typesupport_cppExport.cmake
[17.424s] -- Up-to-date: /home/osawakousei/ros2_ws/install/custom_message_unity/share/custom_message_unity/cmake/custom_message_unity__rosidl_typesupport_cppExport-noconfig.cmake
[17.426s] -- Up-to-date: /home/osawakousei/ros2_ws/install/custom_message_unity/share/custom_message_unity/cmake/export_custom_message_unity__rosidl_generator_pyExport.cmake
[17.427s] -- Up-to-date: /home/osawakousei/ros2_ws/install/custom_message_unity/share/custom_message_unity/cmake/export_custom_message_unity__rosidl_generator_pyExport-noconfig.cmake
[17.427s] -- Up-to-date: /home/osawakousei/ros2_ws/install/custom_message_unity/share/custom_message_unity/cmake/rosidl_cmake-extras.cmake
[17.428s] -- Up-to-date: /home/osawakousei/ros2_ws/install/custom_message_unity/share/custom_message_unity/cmake/ament_cmake_export_include_directories-extras.cmake
[17.428s] -- Up-to-date: /home/osawakousei/ros2_ws/install/custom_message_unity/share/custom_message_unity/cmake/ament_cmake_export_libraries-extras.cmake
[17.429s] -- Installing: /home/osawakousei/ros2_ws/install/custom_message_unity/share/custom_message_unity/cmake/ament_cmake_export_targets-extras.cmake
[17.429s] -- Installing: /home/osawakousei/ros2_ws/install/custom_message_unity/share/custom_message_unity/cmake/rosidl_cmake_export_typesupport_targets-extras.cmake
[17.430s] -- Installing: /home/osawakousei/ros2_ws/install/custom_message_unity/share/custom_message_unity/cmake/ament_cmake_export_dependencies-extras.cmake
[17.431s] -- Up-to-date: /home/osawakousei/ros2_ws/install/custom_message_unity/share/custom_message_unity/cmake/rosidl_cmake_export_typesupport_libraries-extras.cmake
[17.431s] -- Up-to-date: /home/osawakousei/ros2_ws/install/custom_message_unity/share/custom_message_unity/cmake/ament_cmake_export_assemblies-extras.cmake
[17.431s] -- Up-to-date: /home/osawakousei/ros2_ws/install/custom_message_unity/share/custom_message_unity/cmake/custom_message_unityConfig.cmake
[17.431s] -- Up-to-date: /home/osawakousei/ros2_ws/install/custom_message_unity/share/custom_message_unity/cmake/custom_message_unityConfig-version.cmake
[17.432s] -- Installing: /home/osawakousei/ros2_ws/install/custom_message_unity/share/custom_message_unity/package.xml
[17.439s] Invoked command in '/home/osawakousei/ros2_ws/build/custom_message_unity' returned '0': CMAKE_PREFIX_PATH=${CMAKE_PREFIX_PATH}:/opt/ros/humble /usr/bin/cmake --install /home/osawakousei/ros2_ws/build/custom_message_unity
